[2023-01-08 22:15:11.731] [nas] [debug] NAS timer[3511] expired [1]
[2023-01-08 22:15:11.731] [nas] [debug] Initial registration required due to [T3511-EXPIRY-IN-ATT-REG]
[2023-01-08 22:15:11.736] [nas] [debug] UAC access attempt is allowed for identity[0], category[MO_sig]
[2023-01-08 22:15:11.736] [nas] [debug] Sending Initial Registration
[2023-01-08 22:15:11.736] [rrc] [debug] Sending RRC Setup Request
[2023-01-08 22:15:11.736] [nas] [info] UE switches to state [MM-REGISTER-INITIATED]
[2023-01-08 22:15:11.737] [rrc] [info] RRC connection established
[2023-01-08 22:15:11.737] [rrc] [info] UE switches to state [RRC-CONNECTED]
[2023-01-08 22:15:11.737] [nas] [info] UE switches to state [CM-CONNECTED]
[2023-01-08 22:15:11.752] [nas] [debug] Authentication Request received
[2023-01-08 22:15:11.759] [nas] [debug] Security Mode Command received
[2023-01-08 22:15:11.759] [nas] [debug] Selected integrity[2] ciphering[0]
[2023-01-08 22:15:11.783] [nas] [debug] Registration accept received
[2023-01-08 22:15:11.783] [nas] [info] UE switches to state [MM-REGISTERED/NORMAL-SERVICE]
[2023-01-08 22:15:11.783] [nas] [info] UE switches to state [5U1-UPDATED]
[2023-01-08 22:15:11.783] [nas] [debug] Sending Registration Complete
[2023-01-08 22:15:11.783] [nas] [info] Initial Registration is successful
[2023-01-08 22:15:11.783] [nas] [debug] Sending PDU Session Establishment Request
[2023-01-08 22:15:11.783] [nas] [debug] UAC access attempt is allowed for identity[0], category[MO_sig]
[2023-01-08 22:15:12.020] [nas] [debug] PDU Session Establishment Accept received
[2023-01-08 22:15:12.020] [nas] [info] PDU Session establishment is successful PSI[1]
[2023-01-08 22:15:12.055] [app] [info] Connection setup for PDU session[1] is successful, TUN interface[uesimtun0, 10.60.0.8] is up.
