UERANSIM v3.2.6
[2023-01-10 00:47:09.636] [nas] [info] UE switches to state [MM-DEREGISTERED/PLMN-SEARCH]
[2023-01-10 00:47:09.636] [rrc] [debug] New signal detected for cell[1], total [1] cells in coverage
[2023-01-10 00:47:09.636] [nas] [info] Selected plmn[208/93]
[2023-01-10 00:47:09.637] [rrc] [info] Selected cell plmn[208/93] tac[1] category[SUITABLE]
[2023-01-10 00:47:09.637] [nas] [info] UE switches to state [MM-DEREGISTERED/PS]
[2023-01-10 00:47:09.637] [nas] [info] UE switches to state [MM-DEREGISTERED/NORMAL-SERVICE]
[2023-01-10 00:47:09.637] [nas] [debug] Initial registration required due to [MM-DEREG-NORMAL-SERVICE]
[2023-01-10 00:47:09.637] [nas] [debug] UAC access attempt is allowed for identity[0], category[MO_sig]
[2023-01-10 00:47:09.637] [nas] [debug] Sending Initial Registration
[2023-01-10 00:47:09.637] [nas] [info] UE switches to state [MM-REGISTER-INITIATED]
[2023-01-10 00:47:09.637] [rrc] [debug] Sending RRC Setup Request
[2023-01-10 00:47:09.637] [rrc] [info] RRC connection established
[2023-01-10 00:47:09.637] [rrc] [info] UE switches to state [RRC-CONNECTED]
[2023-01-10 00:47:09.637] [nas] [info] UE switches to state [CM-CONNECTED]
[2023-01-10 00:47:09.643] [nas] [debug] Authentication Request received
[2023-01-10 00:47:09.643] [nas] [debug] Sending Authentication Failure due to SQN out of range
[2023-01-10 00:47:09.648] [nas] [debug] Authentication Request received
[2023-01-10 00:47:09.651] [nas] [debug] Security Mode Command received
[2023-01-10 00:47:09.651] [nas] [debug] Selected integrity[2] ciphering[0]
[2023-01-10 00:47:09.661] [nas] [debug] Registration accept received
[2023-01-10 00:47:09.661] [nas] [info] UE switches to state [MM-REGISTERED/NORMAL-SERVICE]
[2023-01-10 00:47:09.661] [nas] [debug] Sending Registration Complete
[2023-01-10 00:47:09.661] [nas] [info] Initial Registration is successful
[2023-01-10 00:47:09.661] [nas] [debug] Sending PDU Session Establishment Request
[2023-01-10 00:47:09.661] [nas] [debug] UAC access attempt is allowed for identity[0], category[MO_sig]
[2023-01-10 00:47:09.863] [nas] [debug] Configuration Update Command received
[2023-01-10 00:47:09.872] [nas] [debug] PDU Session Establishment Accept received
[2023-01-10 00:47:09.872] [nas] [info] PDU Session establishment is successful PSI[1]
[2023-01-10 00:47:09.899] [app] [info] Connection setup for PDU session[1] is successful, TUN interface[uesimtun2, 192.168.100.10] is up.
[2023-01-10 00:47:10.677] [nas] [debug] De-registration required due to [NORMAL]
[2023-01-10 00:47:10.682] [nas] [debug] Starting de-registration procedure due to [NORMAL]
[2023-01-10 00:47:10.682] [nas] [debug] Performing local release of PDU session[1]
[2023-01-10 00:47:10.682] [nas] [info] UE switches to state [MM-DEREGISTER-INITIATED]
[2023-01-10 00:47:10.896] [rrc] [debug] RRC Release received
[2023-01-10 00:47:10.896] [nas] [debug] De-registration accept received
[2023-01-10 00:47:10.896] [nas] [info] UE switches to state [MM-DEREGISTERED/PS]
[2023-01-10 00:47:10.896] [nas] [info] De-registration is successful
[2023-01-10 00:47:10.896] [nas] [info] UE switches to state [CM-IDLE]
[2023-01-10 00:47:10.896] [nas] [info] UE switches to state [MM-DEREGISTERED/NORMAL-SERVICE]
[2023-01-10 00:47:10.896] [nas] [debug] Initial registration required due to [MM-DEREG-NORMAL-SERVICE]
[2023-01-10 00:47:10.896] [nas] [debug] UAC access attempt is allowed for identity[0], category[MO_sig]
[2023-01-10 00:47:10.896] [nas] [debug] Sending Initial Registration
[2023-01-10 00:47:10.896] [nas] [debug] Deleting NAS security context
[2023-01-10 00:47:10.896] [nas] [info] UE switches to state [MM-REGISTER-INITIATED]
[2023-01-10 00:47:10.896] [rrc] [debug] Sending RRC Setup Request
[2023-01-10 00:47:10.896] [rrc] [info] RRC connection established
[2023-01-10 00:47:10.896] [rrc] [info] UE switches to state [RRC-CONNECTED]
[2023-01-10 00:47:10.896] [nas] [info] UE switches to state [CM-CONNECTED]
[2023-01-10 00:47:10.906] [nas] [debug] Authentication Request received
[2023-01-10 00:47:10.913] [nas] [debug] Security Mode Command received
[2023-01-10 00:47:10.913] [nas] [debug] Selected integrity[2] ciphering[0]
[2023-01-10 00:47:10.953] [nas] [debug] Registration accept received
[2023-01-10 00:47:10.953] [nas] [info] UE switches to state [MM-REGISTERED/NORMAL-SERVICE]
[2023-01-10 00:47:10.953] [nas] [debug] Sending Registration Complete
[2023-01-10 00:47:10.953] [nas] [info] Initial Registration is successful
[2023-01-10 00:47:10.953] [nas] [debug] Sending PDU Session Establishment Request
[2023-01-10 00:47:10.953] [nas] [debug] UAC access attempt is allowed for identity[0], category[MO_sig]
[2023-01-10 00:47:11.145] [nas] [debug] Configuration Update Command received
[2023-01-10 00:47:11.155] [nas] [debug] PDU Session Establishment Accept received
[2023-01-10 00:47:11.155] [nas] [info] PDU Session establishment is successful PSI[1]
[2023-01-10 00:47:11.206] [app] [info] Connection setup for PDU session[1] is successful, TUN interface[uesimtun1, 192.168.100.13] is up.
