UERANSIM v3.2.6
[2023-01-10 00:47:08.634] [nas] [info] UE switches to state [MM-DEREGISTERED/PLMN-SEARCH]
[2023-01-10 00:47:08.634] [rrc] [debug] New signal detected for cell[1], total [1] cells in coverage
[2023-01-10 00:47:08.635] [nas] [info] Selected plmn[208/93]
[2023-01-10 00:47:08.635] [rrc] [info] Selected cell plmn[208/93] tac[1] category[SUITABLE]
[2023-01-10 00:47:08.635] [nas] [info] UE switches to state [MM-DEREGISTERED/PS]
[2023-01-10 00:47:08.635] [nas] [info] UE switches to state [MM-DEREGISTERED/NORMAL-SERVICE]
[2023-01-10 00:47:08.635] [nas] [debug] Initial registration required due to [MM-DEREG-NORMAL-SERVICE]
[2023-01-10 00:47:08.635] [nas] [debug] UAC access attempt is allowed for identity[0], category[MO_sig]
[2023-01-10 00:47:08.635] [nas] [debug] Sending Initial Registration
[2023-01-10 00:47:08.635] [nas] [info] UE switches to state [MM-REGISTER-INITIATED]
[2023-01-10 00:47:08.635] [rrc] [debug] Sending RRC Setup Request
[2023-01-10 00:47:08.636] [rrc] [info] RRC connection established
[2023-01-10 00:47:08.636] [rrc] [info] UE switches to state [RRC-CONNECTED]
[2023-01-10 00:47:08.636] [nas] [info] UE switches to state [CM-CONNECTED]
[2023-01-10 00:47:08.644] [nas] [debug] Authentication Request received
[2023-01-10 00:47:08.649] [nas] [debug] Security Mode Command received
[2023-01-10 00:47:08.649] [nas] [debug] Selected integrity[2] ciphering[0]
[2023-01-10 00:47:08.660] [nas] [debug] Registration accept received
[2023-01-10 00:47:08.660] [nas] [info] UE switches to state [MM-REGISTERED/NORMAL-SERVICE]
[2023-01-10 00:47:08.660] [nas] [debug] Sending Registration Complete
[2023-01-10 00:47:08.660] [nas] [info] Initial Registration is successful
[2023-01-10 00:47:08.660] [nas] [debug] Sending PDU Session Establishment Request
[2023-01-10 00:47:08.660] [nas] [debug] UAC access attempt is allowed for identity[0], category[MO_sig]
[2023-01-10 00:47:08.863] [nas] [debug] Configuration Update Command received
[2023-01-10 00:47:08.872] [nas] [debug] PDU Session Establishment Accept received
[2023-01-10 00:47:08.872] [nas] [info] PDU Session establishment is successful PSI[1]
[2023-01-10 00:47:08.900] [app] [info] Connection setup for PDU session[1] is successful, TUN interface[uesimtun1, 192.168.100.9] is up.
[2023-01-10 00:47:10.661] [nas] [debug] Sending PDU Session Release Request for PSI[1]
[2023-01-10 00:47:10.691] [nas] [debug] PDU Session Release Command received
[2023-01-10 00:47:10.692] [nas] [debug] Performing local release of PDU session[1]
[2023-01-10 00:47:10.836] [nas] [debug] Sending PDU Session Establishment Request
[2023-01-10 00:47:10.836] [nas] [debug] UAC access attempt is allowed for identity[0], category[MO_sig]
