UERANSIM v3.2.6
[2023-01-10 00:47:07.632] [nas] [info] UE switches to state [MM-DEREGISTERED/PLMN-SEARCH]
[2023-01-10 00:47:07.633] [rrc] [debug] New signal detected for cell[1], total [1] cells in coverage
[2023-01-10 00:47:07.633] [nas] [info] Selected plmn[208/93]
[2023-01-10 00:47:07.633] [rrc] [info] Selected cell plmn[208/93] tac[1] category[SUITABLE]
[2023-01-10 00:47:07.633] [nas] [info] UE switches to state [MM-DEREGISTERED/PS]
[2023-01-10 00:47:07.633] [nas] [info] UE switches to state [MM-DEREGISTERED/NORMAL-SERVICE]
[2023-01-10 00:47:07.633] [nas] [debug] Initial registration required due to [MM-DEREG-NORMAL-SERVICE]
[2023-01-10 00:47:07.633] [nas] [debug] UAC access attempt is allowed for identity[0], category[MO_sig]
[2023-01-10 00:47:07.633] [nas] [debug] Sending Initial Registration
[2023-01-10 00:47:07.633] [nas] [info] UE switches to state [MM-REGISTER-INITIATED]
[2023-01-10 00:47:07.633] [rrc] [debug] Sending RRC Setup Request
[2023-01-10 00:47:07.633] [rrc] [info] RRC connection established
[2023-01-10 00:47:07.634] [rrc] [info] UE switches to state [RRC-CONNECTED]
[2023-01-10 00:47:07.634] [nas] [info] UE switches to state [CM-CONNECTED]
[2023-01-10 00:47:07.642] [nas] [debug] Authentication Request received
[2023-01-10 00:47:07.646] [nas] [debug] Security Mode Command received
[2023-01-10 00:47:07.646] [nas] [debug] Selected integrity[2] ciphering[0]
[2023-01-10 00:47:07.658] [nas] [debug] Registration accept received
[2023-01-10 00:47:07.658] [nas] [info] UE switches to state [MM-REGISTERED/NORMAL-SERVICE]
[2023-01-10 00:47:07.658] [nas] [debug] Sending Registration Complete
[2023-01-10 00:47:07.658] [nas] [info] Initial Registration is successful
[2023-01-10 00:47:07.658] [nas] [debug] Sending PDU Session Establishment Request
[2023-01-10 00:47:07.658] [nas] [debug] UAC access attempt is allowed for identity[0], category[MO_sig]
[2023-01-10 00:47:07.860] [nas] [debug] Configuration Update Command received
[2023-01-10 00:47:07.869] [nas] [debug] PDU Session Establishment Accept received
[2023-01-10 00:47:07.869] [nas] [info] PDU Session establishment is successful PSI[1]
[2023-01-10 00:47:07.924] [app] [info] Connection setup for PDU session[1] is successful, TUN interface[uesimtun0, 192.168.100.8] is up.
[2023-01-10 00:47:10.661] [nas] [debug] De-registration required due to [NORMAL]
[2023-01-10 00:47:10.666] [nas] [debug] Starting de-registration procedure due to [NORMAL]
[2023-01-10 00:47:10.666] [nas] [debug] Performing local release of PDU session[1]
[2023-01-10 00:47:10.666] [nas] [info] UE switches to state [MM-DEREGISTER-INITIATED]
[2023-01-10 00:47:10.677] [rrc] [debug] RRC Release received
[2023-01-10 00:47:10.678] [nas] [debug] De-registration accept received
[2023-01-10 00:47:10.678] [nas] [info] UE switches to state [MM-DEREGISTERED/PS]
[2023-01-10 00:47:10.678] [nas] [info] De-registration is successful
[2023-01-10 00:47:10.678] [nas] [info] UE switches to state [CM-IDLE]
[2023-01-10 00:47:10.678] [nas] [info] UE switches to state [MM-DEREGISTERED/NORMAL-SERVICE]
[2023-01-10 00:47:10.678] [nas] [debug] Initial registration required due to [MM-DEREG-NORMAL-SERVICE]
[2023-01-10 00:47:10.678] [nas] [debug] UAC access attempt is allowed for identity[0], category[MO_sig]
[2023-01-10 00:47:10.678] [nas] [debug] Sending Initial Registration
[2023-01-10 00:47:10.678] [nas] [debug] Deleting NAS security context
[2023-01-10 00:47:10.678] [nas] [info] UE switches to state [MM-REGISTER-INITIATED]
[2023-01-10 00:47:10.678] [rrc] [debug] Sending RRC Setup Request
[2023-01-10 00:47:10.681] [rrc] [info] RRC connection established
[2023-01-10 00:47:10.682] [rrc] [info] UE switches to state [RRC-CONNECTED]
[2023-01-10 00:47:10.682] [nas] [info] UE switches to state [CM-CONNECTED]
[2023-01-10 00:47:10.886] [nas] [debug] Authentication Request received
[2023-01-10 00:47:10.893] [nas] [debug] Security Mode Command received
[2023-01-10 00:47:10.893] [nas] [debug] Selected integrity[2] ciphering[0]
[2023-01-10 00:47:10.903] [nas] [debug] Registration accept received
[2023-01-10 00:47:10.903] [nas] [info] UE switches to state [MM-REGISTERED/NORMAL-SERVICE]
[2023-01-10 00:47:10.903] [nas] [debug] Sending Registration Complete
[2023-01-10 00:47:10.903] [nas] [info] Initial Registration is successful
[2023-01-10 00:47:10.903] [nas] [debug] Sending PDU Session Establishment Request
[2023-01-10 00:47:10.903] [nas] [debug] UAC access attempt is allowed for identity[0], category[MO_sig]
[2023-01-10 00:47:10.906] [nas] [debug] Configuration Update Command received
[2023-01-10 00:47:10.920] [nas] [debug] PDU Session Establishment Accept received
[2023-01-10 00:47:10.920] [nas] [info] PDU Session establishment is successful PSI[1]
[2023-01-10 00:47:10.930] [app] [info] Connection setup for PDU session[1] is successful, TUN interface[uesimtun0, 192.168.100.12] is up.
