UERANSIM v3.2.6
[2023-01-09 12:03:36.039] [nas] [info] UE switches to state [MM-DEREGISTERED/PLMN-SEARCH]
[2023-01-09 12:03:36.045] [rrc] [debug] New signal detected for cell[1], total [1] cells in coverage
[2023-01-09 12:03:36.046] [nas] [info] Selected plmn[208/93]
[2023-01-09 12:03:36.046] [rrc] [info] Selected cell plmn[208/93] tac[1] category[SUITABLE]
[2023-01-09 12:03:36.046] [nas] [info] UE switches to state [MM-DEREGISTERED/PS]
[2023-01-09 12:03:36.046] [nas] [info] UE switches to state [MM-DEREGISTERED/NORMAL-SERVICE]
[2023-01-09 12:03:36.046] [nas] [debug] Initial registration required due to [MM-DEREG-NORMAL-SERVICE]
[2023-01-09 12:03:36.046] [nas] [debug] UAC access attempt is allowed for identity[0], category[MO_sig]
[2023-01-09 12:03:36.046] [nas] [debug] Sending Initial Registration
[2023-01-09 12:03:36.046] [nas] [info] UE switches to state [MM-REGISTER-INITIATED]
[2023-01-09 12:03:36.046] [rrc] [debug] Sending RRC Setup Request
[2023-01-09 12:03:36.046] [rrc] [info] RRC connection established
[2023-01-09 12:03:36.046] [rrc] [info] UE switches to state [RRC-CONNECTED]
[2023-01-09 12:03:36.046] [nas] [info] UE switches to state [CM-CONNECTED]
[2023-01-09 12:03:36.062] [nas] [debug] Authentication Request received
[2023-01-09 12:03:36.069] [nas] [debug] Security Mode Command received
[2023-01-09 12:03:36.069] [nas] [debug] Selected integrity[2] ciphering[0]
[2023-01-09 12:03:36.100] [nas] [debug] Registration accept received
[2023-01-09 12:03:36.100] [nas] [info] UE switches to state [MM-REGISTERED/NORMAL-SERVICE]
[2023-01-09 12:03:36.100] [nas] [debug] Sending Registration Complete
[2023-01-09 12:03:36.100] [nas] [info] Initial Registration is successful
[2023-01-09 12:03:36.100] [nas] [debug] Sending PDU Session Establishment Request
[2023-01-09 12:03:36.100] [nas] [debug] UAC access attempt is allowed for identity[0], category[MO_sig]
[2023-01-09 12:03:36.330] [nas] [debug] PDU Session Establishment Accept received
[2023-01-09 12:03:36.330] [nas] [info] PDU Session establishment is successful PSI[1]
[2023-01-09 12:03:36.371] [app] [info] Connection setup for PDU session[1] is successful, TUN interface[uesimtun84, 10.60.0.85] is up.
[2023-01-09 12:03:52.305] [nas] [debug] Sending PDU Session Release Request for PSI[1]
[2023-01-09 12:03:52.395] [nas] [debug] PDU Session Release Command received
[2023-01-09 12:03:52.395] [nas] [debug] Performing local release of PDU session[1]
[2023-01-09 12:03:52.555] [nas] [debug] Sending PDU Session Establishment Request
[2023-01-09 12:03:52.556] [nas] [debug] UAC access attempt is allowed for identity[0], category[MO_sig]
[2023-01-09 12:03:52.852] [nas] [debug] PDU Session Establishment Accept received
[2023-01-09 12:03:52.852] [nas] [info] PDU Session establishment is successful PSI[1]
[2023-01-09 12:03:53.074] [app] [info] Connection setup for PDU session[1] is successful, TUN interface[uesimtun18, 10.60.0.106] is up.
[2023-01-09 12:04:05.421] [nas] [debug] Sending PDU Session Release Request for PSI[1]
[2023-01-09 12:04:05.556] [nas] [debug] PDU Session Release Command received
[2023-01-09 12:04:05.556] [nas] [debug] Performing local release of PDU session[1]
[2023-01-09 12:04:05.772] [nas] [debug] Sending PDU Session Establishment Request
[2023-01-09 12:04:05.772] [nas] [debug] UAC access attempt is allowed for identity[0], category[MO_sig]
[2023-01-09 12:04:05.844] [nas] [debug] PDU Session Establishment Accept received
[2023-01-09 12:04:05.845] [nas] [info] PDU Session establishment is successful PSI[1]
[2023-01-09 12:04:05.978] [app] [info] Connection setup for PDU session[1] is successful, TUN interface[uesimtun18, 10.60.0.166] is up.
[2023-01-09 12:04:17.476] [nas] [debug] Sending PDU Session Release Request for PSI[1]
[2023-01-09 12:04:17.596] [nas] [error] PDU Session Release Reject received [REQUEST_REJECTED_UNSPECIFIED]
[2023-01-09 12:04:17.596] [nas] [error] PS release reject received without being requested
[2023-01-09 12:04:17.596] [nas] [warning] Sending SM Cause[MESSAGE_TYPE_NOT_COMPATIBLE_WITH_THE_PROTOCOL_STATE] for PSI[1]
[2023-01-09 12:04:28.530] [nas] [debug] Sending PDU Session Establishment Request
[2023-01-09 12:04:28.631] [nas] [error] No response from RRC from UAC checks, considering access attempt is barred
[2023-01-09 12:04:45.124] [nas] [warning] Retransmitting PDU Session Establishment Request due to T3580 expiry
[2023-01-09 12:04:45.126] [nas] [debug] UAC access attempt is allowed for identity[0], category[MO_sig]
[2023-01-09 12:04:45.258] [nas] [debug] PDU Session Establishment Accept received
[2023-01-09 12:04:45.258] [nas] [info] PDU Session establishment is successful PSI[2]
[2023-01-09 12:04:45.491] [app] [info] Connection setup for PDU session[2] is successful, TUN interface[uesimtun125, 10.60.1.77] is up.
[2023-01-09 12:05:03.736] [nas] [debug] Sending PDU Session Release Request for PSI[1]
[2023-01-09 12:05:03.736] [nas] [debug] Sending PDU Session Release Request for PSI[2]
[2023-01-09 12:05:03.881] [nas] [error] PDU Session Release Reject received [REQUEST_REJECTED_UNSPECIFIED]
[2023-01-09 12:05:03.881] [nas] [error] PS release reject received without being requested
[2023-01-09 12:05:03.881] [nas] [warning] Sending SM Cause[MESSAGE_TYPE_NOT_COMPATIBLE_WITH_THE_PROTOCOL_STATE] for PSI[1]
[2023-01-09 12:05:03.887] [nas] [debug] PDU Session Release Command received
[2023-01-09 12:05:03.887] [nas] [debug] Performing local release of PDU session[2]
[2023-01-09 12:05:18.768] [nas] [debug] Sending PDU Session Release Request for PSI[1]
[2023-01-09 12:05:18.865] [nas] [error] PDU Session Release Reject received [REQUEST_REJECTED_UNSPECIFIED]
[2023-01-09 12:05:18.865] [nas] [error] PS release reject received without being requested
[2023-01-09 12:05:18.865] [nas] [warning] Sending SM Cause[MESSAGE_TYPE_NOT_COMPATIBLE_WITH_THE_PROTOCOL_STATE] for PSI[1]
[2023-01-09 12:05:29.828] [nas] [debug] Sending PDU Session Establishment Request
[2023-01-09 12:05:29.931] [nas] [error] No response from RRC from UAC checks, considering access attempt is barred
[2023-01-09 12:05:46.206] [nas] [warning] Retransmitting PDU Session Establishment Request due to T3580 expiry
[2023-01-09 12:05:46.208] [nas] [debug] UAC access attempt is allowed for identity[0], category[MO_sig]
[2023-01-09 12:05:46.263] [nas] [debug] PDU Session Establishment Accept received
[2023-01-09 12:05:46.263] [nas] [info] PDU Session establishment is successful PSI[2]
[2023-01-09 12:05:46.338] [app] [info] Connection setup for PDU session[2] is successful, TUN interface[uesimtun8, 10.60.1.253] is up.
[2023-01-09 12:05:54.980] [nas] [debug] Sending PDU Session Release Request for PSI[1]
[2023-01-09 12:05:54.980] [nas] [debug] Sending PDU Session Release Request for PSI[2]
[2023-01-09 12:05:55.103] [nas] [error] PDU Session Release Reject received [REQUEST_REJECTED_UNSPECIFIED]
[2023-01-09 12:05:55.103] [nas] [error] PS release reject received without being requested
[2023-01-09 12:05:55.103] [nas] [warning] Sending SM Cause[MESSAGE_TYPE_NOT_COMPATIBLE_WITH_THE_PROTOCOL_STATE] for PSI[1]
[2023-01-09 12:05:55.107] [nas] [error] PDU Session Release Reject received [REQUEST_REJECTED_UNSPECIFIED]
[2023-01-09 12:05:55.107] [nas] [error] PS release reject received without being requested
[2023-01-09 12:05:55.107] [nas] [warning] Sending SM Cause[MESSAGE_TYPE_NOT_COMPATIBLE_WITH_THE_PROTOCOL_STATE] for PSI[2]
[2023-01-09 12:06:09.048] [nas] [debug] Sending PDU Session Establishment Request
[2023-01-09 12:06:09.149] [nas] [error] No response from RRC from UAC checks, considering access attempt is barred
[2023-01-09 12:06:25.254] [nas] [warning] Retransmitting PDU Session Establishment Request due to T3580 expiry
[2023-01-09 12:06:25.254] [nas] [debug] UAC access attempt is allowed for identity[0], category[MO_sig]
[2023-01-09 12:06:25.286] [nas] [debug] PDU Session Establishment Accept received
[2023-01-09 12:06:25.286] [nas] [info] PDU Session establishment is successful PSI[3]
[2023-01-09 12:06:25.425] [app] [info] Connection setup for PDU session[3] is successful, TUN interface[uesimtun39, 10.60.2.98] is up.
[2023-01-09 12:06:39.226] [nas] [debug] De-registration required due to [NORMAL]
[2023-01-09 12:06:39.236] [nas] [debug] Starting de-registration procedure due to [NORMAL]
[2023-01-09 12:06:39.236] [nas] [debug] Performing local release of PDU session[1]
[2023-01-09 12:06:39.236] [nas] [debug] Performing local release of PDU session[2]
[2023-01-09 12:06:39.236] [nas] [debug] Performing local release of PDU session[3]
[2023-01-09 12:06:39.236] [nas] [info] UE switches to state [MM-DEREGISTER-INITIATED]
[2023-01-09 12:06:39.359] [nas] [debug] De-registration accept received
[2023-01-09 12:06:39.359] [nas] [info] UE switches to state [MM-DEREGISTERED/PS]
[2023-01-09 12:06:39.359] [nas] [info] De-registration is successful
[2023-01-09 12:06:39.359] [nas] [info] UE switches to state [MM-DEREGISTERED/NORMAL-SERVICE]
[2023-01-09 12:06:39.359] [nas] [debug] Initial registration required due to [MM-DEREG-NORMAL-SERVICE]
[2023-01-09 12:06:39.359] [nas] [debug] Sending Initial Registration
[2023-01-09 12:06:39.359] [nas] [debug] Deleting NAS security context
[2023-01-09 12:06:39.359] [nas] [info] UE switches to state [MM-REGISTER-INITIATED]
[2023-01-09 12:06:39.363] [rrc] [debug] RRC Release received
[2023-01-09 12:06:39.363] [nas] [info] UE switches to state [CM-IDLE]
[2023-01-09 12:06:39.363] [nas] [info] UE switches to state [MM-DEREGISTERED/PS]
[2023-01-09 12:06:39.363] [nas] [info] UE switches to state [5U2-NOT-UPDATED]
[2023-01-09 12:06:39.363] [nas] [info] UE switches to state [MM-DEREGISTERED/ATTEMPTING-REGISTRATION]
[2023-01-09 12:06:50.285] [nas] [debug] NAS timer[3511] expired [1]
[2023-01-09 12:06:50.285] [nas] [debug] Initial registration required due to [T3511-EXPIRY-IN-ATT-REG]
[2023-01-09 12:06:50.285] [nas] [debug] UAC access attempt is allowed for identity[0], category[MO_sig]
[2023-01-09 12:06:50.285] [nas] [debug] Sending Initial Registration
[2023-01-09 12:06:50.285] [nas] [info] UE switches to state [MM-REGISTER-INITIATED]
[2023-01-09 12:06:50.285] [rrc] [debug] Sending RRC Setup Request
[2023-01-09 12:06:50.286] [rrc] [info] RRC connection established
[2023-01-09 12:06:50.286] [rrc] [info] UE switches to state [RRC-CONNECTED]
[2023-01-09 12:06:50.286] [nas] [info] UE switches to state [CM-CONNECTED]
[2023-01-09 12:06:50.490] [nas] [debug] Authentication Request received
[2023-01-09 12:06:50.531] [nas] [debug] Security Mode Command received
[2023-01-09 12:06:50.532] [nas] [debug] Selected integrity[2] ciphering[0]
[2023-01-09 12:06:50.605] [nas] [debug] Registration accept received
[2023-01-09 12:06:50.605] [nas] [info] UE switches to state [MM-REGISTERED/NORMAL-SERVICE]
[2023-01-09 12:06:50.605] [nas] [info] UE switches to state [5U1-UPDATED]
[2023-01-09 12:06:50.605] [nas] [debug] Sending Registration Complete
[2023-01-09 12:06:50.605] [nas] [info] Initial Registration is successful
[2023-01-09 12:06:50.605] [nas] [debug] Sending PDU Session Establishment Request
[2023-01-09 12:06:50.611] [nas] [debug] UAC access attempt is allowed for identity[0], category[MO_sig]
[2023-01-09 12:06:50.723] [nas] [debug] PDU Session Establishment Accept received
[2023-01-09 12:06:50.723] [nas] [info] PDU Session establishment is successful PSI[1]
[2023-01-09 12:06:50.853] [app] [info] Connection setup for PDU session[1] is successful, TUN interface[uesimtun98, 10.60.2.170] is up.
[2023-01-09 12:07:06.308] [nas] [debug] De-registration required due to [NORMAL]
[2023-01-09 12:07:06.318] [nas] [debug] Starting de-registration procedure due to [NORMAL]
[2023-01-09 12:07:06.318] [nas] [debug] Performing local release of PDU session[1]
[2023-01-09 12:07:06.318] [nas] [info] UE switches to state [MM-DEREGISTER-INITIATED]
[2023-01-09 12:07:06.447] [nas] [debug] De-registration accept received
[2023-01-09 12:07:06.447] [nas] [info] UE switches to state [MM-DEREGISTERED/PS]
[2023-01-09 12:07:06.447] [nas] [info] De-registration is successful
[2023-01-09 12:07:06.447] [nas] [info] UE switches to state [MM-DEREGISTERED/NORMAL-SERVICE]
[2023-01-09 12:07:06.448] [nas] [debug] Initial registration required due to [MM-DEREG-NORMAL-SERVICE]
[2023-01-09 12:07:06.448] [nas] [debug] Sending Initial Registration
[2023-01-09 12:07:06.448] [nas] [debug] Deleting NAS security context
[2023-01-09 12:07:06.448] [nas] [info] UE switches to state [MM-REGISTER-INITIATED]
[2023-01-09 12:07:06.462] [rrc] [debug] RRC Release received
[2023-01-09 12:07:06.462] [nas] [info] UE switches to state [CM-IDLE]
[2023-01-09 12:07:06.462] [nas] [info] UE switches to state [MM-DEREGISTERED/PS]
[2023-01-09 12:07:06.462] [nas] [info] UE switches to state [5U2-NOT-UPDATED]
[2023-01-09 12:07:06.462] [nas] [info] UE switches to state [MM-DEREGISTERED/ATTEMPTING-REGISTRATION]
[2023-01-09 12:07:17.335] [nas] [debug] NAS timer[3511] expired [1]
[2023-01-09 12:07:17.335] [nas] [debug] Initial registration required due to [T3511-EXPIRY-IN-ATT-REG]
[2023-01-09 12:07:17.335] [nas] [debug] UAC access attempt is allowed for identity[0], category[MO_sig]
[2023-01-09 12:07:17.335] [nas] [debug] Sending Initial Registration
[2023-01-09 12:07:17.335] [nas] [info] UE switches to state [MM-REGISTER-INITIATED]
[2023-01-09 12:07:17.335] [rrc] [debug] Sending RRC Setup Request
[2023-01-09 12:07:17.336] [rrc] [info] RRC connection established
[2023-01-09 12:07:17.336] [rrc] [info] UE switches to state [RRC-CONNECTED]
[2023-01-09 12:07:17.336] [nas] [info] UE switches to state [CM-CONNECTED]
[2023-01-09 12:07:17.453] [nas] [debug] Authentication Request received
[2023-01-09 12:07:17.465] [nas] [debug] Security Mode Command received
[2023-01-09 12:07:17.465] [nas] [debug] Selected integrity[2] ciphering[0]
[2023-01-09 12:07:17.511] [nas] [debug] Registration accept received
[2023-01-09 12:07:17.511] [nas] [info] UE switches to state [MM-REGISTERED/NORMAL-SERVICE]
[2023-01-09 12:07:17.511] [nas] [info] UE switches to state [5U1-UPDATED]
[2023-01-09 12:07:17.511] [nas] [debug] Sending Registration Complete
[2023-01-09 12:07:17.511] [nas] [info] Initial Registration is successful
[2023-01-09 12:07:17.511] [nas] [debug] Sending PDU Session Establishment Request
[2023-01-09 12:07:17.514] [nas] [debug] UAC access attempt is allowed for identity[0], category[MO_sig]
[2023-01-09 12:07:17.587] [nas] [debug] PDU Session Establishment Accept received
[2023-01-09 12:07:17.587] [nas] [info] PDU Session establishment is successful PSI[1]
[2023-01-09 12:07:17.710] [app] [info] Connection setup for PDU session[1] is successful, TUN interface[uesimtun22, 10.60.2.235] is up.
[2023-01-09 12:07:34.400] [nas] [debug] Sending PDU Session Release Request for PSI[1]
[2023-01-09 12:07:34.626] [nas] [error] PDU Session Release Reject received [REQUEST_REJECTED_UNSPECIFIED]
[2023-01-09 12:07:34.626] [nas] [error] PS release reject received without being requested
[2023-01-09 12:07:34.626] [nas] [warning] Sending SM Cause[MESSAGE_TYPE_NOT_COMPATIBLE_WITH_THE_PROTOCOL_STATE] for PSI[1]
[2023-01-09 12:07:42.460] [nas] [debug] Sending PDU Session Establishment Request
[2023-01-09 12:07:42.564] [nas] [error] No response from RRC from UAC checks, considering access attempt is barred
[2023-01-09 12:07:59.382] [nas] [warning] Retransmitting PDU Session Establishment Request due to T3580 expiry
[2023-01-09 12:07:59.382] [nas] [debug] UAC access attempt is allowed for identity[0], category[MO_sig]
[2023-01-09 12:07:59.586] [nas] [debug] PDU Session Establishment Accept received
[2023-01-09 12:07:59.586] [nas] [info] PDU Session establishment is successful PSI[2]
[2023-01-09 12:07:59.648] [app] [info] Connection setup for PDU session[2] is successful, TUN interface[uesimtun84, 10.60.3.87] is up.
[2023-01-09 12:08:11.636] [nas] [debug] Sending PDU Session Establishment Request
[2023-01-09 12:08:11.737] [nas] [error] No response from RRC from UAC checks, considering access attempt is barred
[2023-01-09 12:08:28.416] [nas] [warning] Retransmitting PDU Session Establishment Request due to T3580 expiry
[2023-01-09 12:08:28.416] [nas] [debug] UAC access attempt is allowed for identity[0], category[MO_sig]
[2023-01-09 12:08:28.498] [nas] [debug] PDU Session Establishment Accept received
[2023-01-09 12:08:28.498] [nas] [info] PDU Session establishment is successful PSI[3]
[2023-01-09 12:08:28.565] [app] [info] Connection setup for PDU session[3] is successful, TUN interface[uesimtun85, 10.60.3.158] is up.
[2023-01-09 12:08:44.838] [nas] [debug] Sending PDU Session Release Request for PSI[1]
[2023-01-09 12:08:44.912] [nas] [error] PDU Session Release Reject received [REQUEST_REJECTED_UNSPECIFIED]
[2023-01-09 12:08:44.912] [nas] [error] PS release reject received without being requested
[2023-01-09 12:08:44.912] [nas] [warning] Sending SM Cause[MESSAGE_TYPE_NOT_COMPATIBLE_WITH_THE_PROTOCOL_STATE] for PSI[1]
[2023-01-09 12:08:58.904] [nas] [debug] Sending PDU Session Release Request for PSI[1]
[2023-01-09 12:08:58.904] [nas] [debug] Sending PDU Session Release Request for PSI[2]
[2023-01-09 12:08:58.904] [nas] [debug] Sending PDU Session Release Request for PSI[3]
[2023-01-09 12:08:59.075] [nas] [error] PDU Session Release Reject received [REQUEST_REJECTED_UNSPECIFIED]
[2023-01-09 12:08:59.076] [nas] [error] PS release reject received without being requested
[2023-01-09 12:08:59.076] [nas] [warning] Sending SM Cause[MESSAGE_TYPE_NOT_COMPATIBLE_WITH_THE_PROTOCOL_STATE] for PSI[1]
[2023-01-09 12:08:59.079] [nas] [error] PDU Session Release Reject received [REQUEST_REJECTED_UNSPECIFIED]
[2023-01-09 12:08:59.079] [nas] [error] PS release reject received without being requested
[2023-01-09 12:08:59.079] [nas] [warning] Sending SM Cause[MESSAGE_TYPE_NOT_COMPATIBLE_WITH_THE_PROTOCOL_STATE] for PSI[2]
[2023-01-09 12:08:59.085] [nas] [error] PDU Session Release Reject received [REQUEST_REJECTED_UNSPECIFIED]
[2023-01-09 12:08:59.085] [nas] [error] PS release reject received without being requested
[2023-01-09 12:08:59.085] [nas] [warning] Sending SM Cause[MESSAGE_TYPE_NOT_COMPATIBLE_WITH_THE_PROTOCOL_STATE] for PSI[3]
[2023-01-09 12:09:03.949] [nas] [debug] Sending PDU Session Release Request for PSI[1]
[2023-01-09 12:09:03.949] [nas] [debug] Sending PDU Session Release Request for PSI[2]
[2023-01-09 12:09:03.949] [nas] [debug] Sending PDU Session Release Request for PSI[3]
[2023-01-09 12:09:04.041] [nas] [error] PDU Session Release Reject received [REQUEST_REJECTED_UNSPECIFIED]
[2023-01-09 12:09:04.041] [nas] [error] PS release reject received without being requested
[2023-01-09 12:09:04.041] [nas] [warning] Sending SM Cause[MESSAGE_TYPE_NOT_COMPATIBLE_WITH_THE_PROTOCOL_STATE] for PSI[1]
[2023-01-09 12:09:04.044] [nas] [error] PDU Session Release Reject received [REQUEST_REJECTED_UNSPECIFIED]
[2023-01-09 12:09:04.044] [nas] [error] PS release reject received without being requested
[2023-01-09 12:09:04.044] [nas] [warning] Sending SM Cause[MESSAGE_TYPE_NOT_COMPATIBLE_WITH_THE_PROTOCOL_STATE] for PSI[2]
[2023-01-09 12:09:04.052] [nas] [error] PDU Session Release Reject received [REQUEST_REJECTED_UNSPECIFIED]
[2023-01-09 12:09:04.052] [nas] [error] PS release reject received without being requested
[2023-01-09 12:09:04.052] [nas] [warning] Sending SM Cause[MESSAGE_TYPE_NOT_COMPATIBLE_WITH_THE_PROTOCOL_STATE] for PSI[3]
[2023-01-09 12:09:17.026] [nas] [warning] PDU session release procedure could not start: PS[4] is not active already
[2023-01-09 12:09:32.074] [nas] [debug] De-registration required due to [NORMAL]
[2023-01-09 12:09:32.084] [nas] [debug] Starting de-registration procedure due to [NORMAL]
[2023-01-09 12:09:32.084] [nas] [debug] Performing local release of PDU session[1]
[2023-01-09 12:09:32.084] [nas] [debug] Performing local release of PDU session[2]
[2023-01-09 12:09:32.084] [nas] [debug] Performing local release of PDU session[3]
[2023-01-09 12:09:32.084] [nas] [info] UE switches to state [MM-DEREGISTER-INITIATED]
[2023-01-09 12:09:47.509] [nas] [debug] NAS timer[3521] expired [1]
[2023-01-09 12:09:47.509] [nas] [debug] Retransmitting De-registration Request due to T3521 expiry
[2023-01-09 12:10:02.142] [nas] [debug] Sending PDU Session Establishment Request
[2023-01-09 12:10:02.243] [nas] [error] No response from RRC from UAC checks, considering access attempt is barred
[2023-01-09 12:10:02.526] [nas] [debug] NAS timer[3521] expired [2]
[2023-01-09 12:10:02.526] [nas] [debug] Retransmitting De-registration Request due to T3521 expiry
