UERANSIM v3.2.6
[2023-01-09 12:02:20.910] [nas] [info] UE switches to state [MM-DEREGISTERED/PLMN-SEARCH]
[2023-01-09 12:02:20.912] [rrc] [debug] New signal detected for cell[1], total [1] cells in coverage
[2023-01-09 12:02:20.912] [nas] [info] Selected plmn[208/93]
[2023-01-09 12:02:20.913] [rrc] [info] Selected cell plmn[208/93] tac[1] category[SUITABLE]
[2023-01-09 12:02:20.913] [nas] [info] UE switches to state [MM-DEREGISTERED/PS]
[2023-01-09 12:02:20.913] [nas] [info] UE switches to state [MM-DEREGISTERED/NORMAL-SERVICE]
[2023-01-09 12:02:20.913] [nas] [debug] Initial registration required due to [MM-DEREG-NORMAL-SERVICE]
[2023-01-09 12:02:20.913] [nas] [debug] UAC access attempt is allowed for identity[0], category[MO_sig]
[2023-01-09 12:02:20.913] [nas] [debug] Sending Initial Registration
[2023-01-09 12:02:20.913] [nas] [info] UE switches to state [MM-REGISTER-INITIATED]
[2023-01-09 12:02:20.913] [rrc] [debug] Sending RRC Setup Request
[2023-01-09 12:02:20.914] [rrc] [info] RRC connection established
[2023-01-09 12:02:20.914] [rrc] [info] UE switches to state [RRC-CONNECTED]
[2023-01-09 12:02:20.914] [nas] [info] UE switches to state [CM-CONNECTED]
[2023-01-09 12:02:20.929] [nas] [debug] Authentication Request received
[2023-01-09 12:02:20.937] [nas] [debug] Security Mode Command received
[2023-01-09 12:02:20.937] [nas] [debug] Selected integrity[2] ciphering[0]
[2023-01-09 12:02:20.963] [nas] [debug] Registration accept received
[2023-01-09 12:02:20.963] [nas] [info] UE switches to state [MM-REGISTERED/NORMAL-SERVICE]
[2023-01-09 12:02:20.963] [nas] [debug] Sending Registration Complete
[2023-01-09 12:02:20.963] [nas] [info] Initial Registration is successful
[2023-01-09 12:02:20.963] [nas] [debug] Sending PDU Session Establishment Request
[2023-01-09 12:02:20.963] [nas] [debug] UAC access attempt is allowed for identity[0], category[MO_sig]
[2023-01-09 12:02:21.200] [nas] [debug] PDU Session Establishment Accept received
[2023-01-09 12:02:21.200] [nas] [info] PDU Session establishment is successful PSI[1]
[2023-01-09 12:02:21.230] [app] [info] Connection setup for PDU session[1] is successful, TUN interface[uesimtun9, 10.60.0.10] is up.
[2023-01-09 12:03:52.663] [nas] [debug] De-registration required due to [NORMAL]
[2023-01-09 12:03:52.673] [nas] [debug] Starting de-registration procedure due to [NORMAL]
[2023-01-09 12:03:52.673] [nas] [debug] Performing local release of PDU session[1]
[2023-01-09 12:03:52.673] [nas] [info] UE switches to state [MM-DEREGISTER-INITIATED]
[2023-01-09 12:03:52.962] [rrc] [debug] RRC Release received
[2023-01-09 12:03:52.962] [nas] [debug] De-registration accept received
[2023-01-09 12:03:52.962] [nas] [info] UE switches to state [MM-DEREGISTERED/PS]
[2023-01-09 12:03:52.962] [nas] [info] De-registration is successful
[2023-01-09 12:03:52.962] [nas] [info] UE switches to state [CM-IDLE]
[2023-01-09 12:03:52.962] [nas] [info] UE switches to state [MM-DEREGISTERED/NORMAL-SERVICE]
[2023-01-09 12:03:52.962] [nas] [debug] Initial registration required due to [MM-DEREG-NORMAL-SERVICE]
[2023-01-09 12:03:52.967] [nas] [debug] UAC access attempt is allowed for identity[0], category[MO_sig]
[2023-01-09 12:03:52.967] [nas] [debug] Sending Initial Registration
[2023-01-09 12:03:52.967] [nas] [debug] Deleting NAS security context
[2023-01-09 12:03:52.968] [nas] [info] UE switches to state [MM-REGISTER-INITIATED]
[2023-01-09 12:03:52.967] [rrc] [debug] Sending RRC Setup Request
[2023-01-09 12:03:52.968] [rrc] [info] RRC connection established
[2023-01-09 12:03:52.968] [rrc] [info] UE switches to state [RRC-CONNECTED]
[2023-01-09 12:03:52.973] [nas] [info] UE switches to state [CM-CONNECTED]
[2023-01-09 12:03:53.406] [nas] [debug] Authentication Request received
[2023-01-09 12:03:53.720] [nas] [debug] Security Mode Command received
[2023-01-09 12:03:53.723] [nas] [debug] Selected integrity[2] ciphering[0]
[2023-01-09 12:03:54.042] [nas] [debug] Registration accept received
[2023-01-09 12:03:54.042] [nas] [info] UE switches to state [MM-REGISTERED/NORMAL-SERVICE]
[2023-01-09 12:03:54.042] [nas] [debug] Sending Registration Complete
[2023-01-09 12:03:54.042] [nas] [info] Initial Registration is successful
[2023-01-09 12:03:54.042] [nas] [debug] Sending PDU Session Establishment Request
[2023-01-09 12:03:54.042] [nas] [debug] UAC access attempt is allowed for identity[0], category[MO_sig]
[2023-01-09 12:03:54.467] [nas] [debug] PDU Session Establishment Accept received
[2023-01-09 12:03:54.467] [nas] [info] PDU Session establishment is successful PSI[1]
[2023-01-09 12:03:54.964] [app] [info] Connection setup for PDU session[1] is successful, TUN interface[uesimtun37, 10.60.0.126] is up.
[2023-01-09 12:04:17.739] [nas] [debug] Sending PDU Session Release Request for PSI[1]
[2023-01-09 12:04:17.821] [nas] [debug] PDU Session Release Command received
[2023-01-09 12:04:17.821] [nas] [debug] Performing local release of PDU session[1]
[2023-01-09 12:04:18.724] [nas] [debug] Sending PDU Session Establishment Request
[2023-01-09 12:04:18.729] [nas] [debug] UAC access attempt is allowed for identity[0], category[MO_sig]
[2023-01-09 12:04:18.809] [nas] [debug] PDU Session Establishment Accept received
[2023-01-09 12:04:18.809] [nas] [info] PDU Session establishment is successful PSI[1]
[2023-01-09 12:04:18.909] [app] [info] Connection setup for PDU session[1] is successful, TUN interface[uesimtun96, 10.60.0.225] is up.
[2023-01-09 12:04:23.777] [nas] [debug] De-registration required due to [NORMAL]
[2023-01-09 12:04:23.787] [nas] [debug] Starting de-registration procedure due to [NORMAL]
[2023-01-09 12:04:23.787] [nas] [debug] Performing local release of PDU session[1]
[2023-01-09 12:04:23.787] [nas] [info] UE switches to state [MM-DEREGISTER-INITIATED]
[2023-01-09 12:04:23.868] [nas] [debug] De-registration accept received
[2023-01-09 12:04:23.868] [nas] [info] UE switches to state [MM-DEREGISTERED/PS]
[2023-01-09 12:04:23.868] [nas] [info] De-registration is successful
[2023-01-09 12:04:23.868] [nas] [info] UE switches to state [MM-DEREGISTERED/NORMAL-SERVICE]
[2023-01-09 12:04:23.868] [nas] [debug] Initial registration required due to [MM-DEREG-NORMAL-SERVICE]
[2023-01-09 12:04:23.868] [nas] [debug] Sending Initial Registration
[2023-01-09 12:04:23.868] [nas] [debug] Deleting NAS security context
[2023-01-09 12:04:23.868] [nas] [info] UE switches to state [MM-REGISTER-INITIATED]
[2023-01-09 12:04:23.869] [rrc] [debug] RRC Release received
[2023-01-09 12:04:23.869] [nas] [info] UE switches to state [CM-IDLE]
[2023-01-09 12:04:23.869] [nas] [info] UE switches to state [MM-DEREGISTERED/PS]
[2023-01-09 12:04:23.869] [nas] [info] UE switches to state [5U2-NOT-UPDATED]
[2023-01-09 12:04:23.869] [nas] [info] UE switches to state [MM-DEREGISTERED/ATTEMPTING-REGISTRATION]
[2023-01-09 12:04:34.050] [nas] [debug] NAS timer[3511] expired [1]
[2023-01-09 12:04:34.050] [nas] [debug] Initial registration required due to [T3511-EXPIRY-IN-ATT-REG]
[2023-01-09 12:04:34.052] [nas] [debug] UAC access attempt is allowed for identity[0], category[MO_sig]
[2023-01-09 12:04:34.052] [nas] [debug] Sending Initial Registration
[2023-01-09 12:04:34.052] [nas] [info] UE switches to state [MM-REGISTER-INITIATED]
[2023-01-09 12:04:34.052] [rrc] [debug] Sending RRC Setup Request
[2023-01-09 12:04:34.052] [rrc] [info] RRC connection established
[2023-01-09 12:04:34.052] [rrc] [info] UE switches to state [RRC-CONNECTED]
[2023-01-09 12:04:34.052] [nas] [info] UE switches to state [CM-CONNECTED]
[2023-01-09 12:04:34.066] [nas] [debug] Authentication Request received
[2023-01-09 12:04:34.073] [nas] [debug] Security Mode Command received
[2023-01-09 12:04:34.073] [nas] [debug] Selected integrity[2] ciphering[0]
[2023-01-09 12:04:34.099] [nas] [debug] Registration accept received
[2023-01-09 12:04:34.099] [nas] [info] UE switches to state [MM-REGISTERED/NORMAL-SERVICE]
[2023-01-09 12:04:34.099] [nas] [info] UE switches to state [5U1-UPDATED]
[2023-01-09 12:04:34.099] [nas] [debug] Sending Registration Complete
[2023-01-09 12:04:34.099] [nas] [info] Initial Registration is successful
[2023-01-09 12:04:34.099] [nas] [debug] Sending PDU Session Establishment Request
[2023-01-09 12:04:34.101] [nas] [debug] UAC access attempt is allowed for identity[0], category[MO_sig]
[2023-01-09 12:04:34.169] [nas] [debug] PDU Session Establishment Accept received
[2023-01-09 12:04:34.169] [nas] [info] PDU Session establishment is successful PSI[1]
[2023-01-09 12:04:34.404] [app] [info] Connection setup for PDU session[1] is successful, TUN interface[uesimtun102, 10.60.1.29] is up.
[2023-01-09 12:04:57.882] [nas] [debug] De-registration required due to [NORMAL]
[2023-01-09 12:04:57.892] [nas] [debug] Starting de-registration procedure due to [NORMAL]
[2023-01-09 12:04:57.892] [nas] [debug] Performing local release of PDU session[1]
[2023-01-09 12:04:57.892] [nas] [info] UE switches to state [MM-DEREGISTER-INITIATED]
[2023-01-09 12:04:58.071] [nas] [debug] De-registration accept received
[2023-01-09 12:04:58.071] [nas] [info] UE switches to state [MM-DEREGISTERED/PS]
[2023-01-09 12:04:58.071] [nas] [info] De-registration is successful
[2023-01-09 12:04:58.071] [nas] [info] UE switches to state [MM-DEREGISTERED/NORMAL-SERVICE]
[2023-01-09 12:04:58.071] [nas] [debug] Initial registration required due to [MM-DEREG-NORMAL-SERVICE]
[2023-01-09 12:04:58.071] [nas] [debug] Sending Initial Registration
[2023-01-09 12:04:58.071] [nas] [debug] Deleting NAS security context
[2023-01-09 12:04:58.071] [nas] [info] UE switches to state [MM-REGISTER-INITIATED]
[2023-01-09 12:04:58.075] [rrc] [debug] RRC Release received
[2023-01-09 12:04:58.075] [nas] [info] UE switches to state [CM-IDLE]
[2023-01-09 12:04:58.075] [nas] [info] UE switches to state [MM-DEREGISTERED/PS]
[2023-01-09 12:04:58.075] [nas] [info] UE switches to state [5U2-NOT-UPDATED]
[2023-01-09 12:04:58.075] [nas] [info] UE switches to state [MM-DEREGISTERED/ATTEMPTING-REGISTRATION]
[2023-01-09 12:05:08.087] [nas] [debug] NAS timer[3511] expired [1]
[2023-01-09 12:05:08.087] [nas] [debug] Initial registration required due to [T3511-EXPIRY-IN-ATT-REG]
[2023-01-09 12:05:08.088] [nas] [debug] UAC access attempt is allowed for identity[0], category[MO_sig]
[2023-01-09 12:05:08.088] [nas] [debug] Sending Initial Registration
[2023-01-09 12:05:08.088] [nas] [info] UE switches to state [MM-REGISTER-INITIATED]
[2023-01-09 12:05:08.088] [rrc] [debug] Sending RRC Setup Request
[2023-01-09 12:05:08.089] [rrc] [info] RRC connection established
[2023-01-09 12:05:08.089] [rrc] [info] UE switches to state [RRC-CONNECTED]
[2023-01-09 12:05:08.089] [nas] [info] UE switches to state [CM-CONNECTED]
[2023-01-09 12:05:08.266] [nas] [debug] Authentication Request received
[2023-01-09 12:05:08.297] [nas] [debug] Security Mode Command received
[2023-01-09 12:05:08.297] [nas] [debug] Selected integrity[2] ciphering[0]
[2023-01-09 12:05:08.348] [nas] [debug] Registration accept received
[2023-01-09 12:05:08.348] [nas] [info] UE switches to state [MM-REGISTERED/NORMAL-SERVICE]
[2023-01-09 12:05:08.348] [nas] [info] UE switches to state [5U1-UPDATED]
[2023-01-09 12:05:08.348] [nas] [debug] Sending Registration Complete
[2023-01-09 12:05:08.348] [nas] [info] Initial Registration is successful
[2023-01-09 12:05:08.348] [nas] [debug] Sending PDU Session Establishment Request
[2023-01-09 12:05:08.360] [nas] [debug] UAC access attempt is allowed for identity[0], category[MO_sig]
[2023-01-09 12:05:08.440] [nas] [debug] PDU Session Establishment Accept received
[2023-01-09 12:05:08.440] [nas] [info] PDU Session establishment is successful PSI[1]
[2023-01-09 12:05:08.584] [app] [info] Connection setup for PDU session[1] is successful, TUN interface[uesimtun10, 10.60.1.141] is up.
[2023-01-09 12:05:32.943] [nas] [debug] Sending PDU Session Release Request for PSI[1]
[2023-01-09 12:05:32.964] [nas] [debug] PDU Session Release Command received
[2023-01-09 12:05:32.964] [nas] [debug] Performing local release of PDU session[1]
[2023-01-09 12:05:33.623] [nas] [debug] Sending PDU Session Establishment Request
[2023-01-09 12:05:33.623] [nas] [debug] UAC access attempt is allowed for identity[0], category[MO_sig]
[2023-01-09 12:05:33.766] [nas] [debug] PDU Session Establishment Accept received
[2023-01-09 12:05:33.766] [nas] [info] PDU Session establishment is successful PSI[1]
[2023-01-09 12:05:33.873] [app] [info] Connection setup for PDU session[1] is successful, TUN interface[uesimtun26, 10.60.1.218] is up.
[2023-01-09 12:05:39.005] [nas] [warning] PDU session release procedure could not start: PS[2] is not active already
[2023-01-09 12:05:47.041] [nas] [debug] Sending PDU Session Establishment Request
[2023-01-09 12:05:47.142] [nas] [error] No response from RRC from UAC checks, considering access attempt is barred
[2023-01-09 12:06:03.170] [nas] [warning] Retransmitting PDU Session Establishment Request due to T3580 expiry
[2023-01-09 12:06:03.172] [nas] [debug] UAC access attempt is allowed for identity[0], category[MO_sig]
[2023-01-09 12:06:03.325] [nas] [debug] PDU Session Establishment Accept received
[2023-01-09 12:06:03.325] [nas] [info] PDU Session establishment is successful PSI[2]
[2023-01-09 12:06:03.406] [app] [info] Connection setup for PDU session[2] is successful, TUN interface[uesimtun7, 10.60.2.38] is up.
[2023-01-09 12:06:17.188] [nas] [debug] Sending PDU Session Release Request for PSI[1]
[2023-01-09 12:06:17.188] [nas] [debug] Sending PDU Session Release Request for PSI[2]
[2023-01-09 12:06:17.205] [nas] [debug] PDU Session Release Command received
[2023-01-09 12:06:17.205] [nas] [debug] Performing local release of PDU session[1]
[2023-01-09 12:06:17.217] [nas] [error] PDU Session Release Reject received [REQUEST_REJECTED_UNSPECIFIED]
[2023-01-09 12:06:17.217] [nas] [error] PS release reject received without being requested
[2023-01-09 12:06:17.217] [nas] [warning] Sending SM Cause[MESSAGE_TYPE_NOT_COMPATIBLE_WITH_THE_PROTOCOL_STATE] for PSI[2]
[2023-01-09 12:06:28.272] [nas] [debug] De-registration required due to [NORMAL]
[2023-01-09 12:06:28.282] [nas] [debug] Starting de-registration procedure due to [NORMAL]
[2023-01-09 12:06:28.282] [nas] [debug] Performing local release of PDU session[2]
[2023-01-09 12:06:28.282] [nas] [info] UE switches to state [MM-DEREGISTER-INITIATED]
[2023-01-09 12:06:28.506] [rrc] [debug] RRC Release received
[2023-01-09 12:06:28.509] [nas] [debug] De-registration accept received
[2023-01-09 12:06:28.509] [nas] [info] UE switches to state [MM-DEREGISTERED/PS]
[2023-01-09 12:06:28.509] [nas] [info] De-registration is successful
[2023-01-09 12:06:28.509] [nas] [info] UE switches to state [CM-IDLE]
[2023-01-09 12:06:28.509] [nas] [info] UE switches to state [MM-DEREGISTERED/NORMAL-SERVICE]
[2023-01-09 12:06:28.509] [nas] [debug] Initial registration required due to [MM-DEREG-NORMAL-SERVICE]
[2023-01-09 12:06:28.510] [nas] [debug] UAC access attempt is allowed for identity[0], category[MO_sig]
[2023-01-09 12:06:28.510] [nas] [debug] Sending Initial Registration
[2023-01-09 12:06:28.510] [nas] [debug] Deleting NAS security context
[2023-01-09 12:06:28.510] [nas] [info] UE switches to state [MM-REGISTER-INITIATED]
[2023-01-09 12:06:28.510] [rrc] [debug] Sending RRC Setup Request
[2023-01-09 12:06:28.512] [rrc] [info] RRC connection established
[2023-01-09 12:06:28.512] [rrc] [info] UE switches to state [RRC-CONNECTED]
[2023-01-09 12:06:28.515] [nas] [info] UE switches to state [CM-CONNECTED]
[2023-01-09 12:06:28.611] [nas] [debug] Authentication Request received
[2023-01-09 12:06:28.653] [nas] [debug] Security Mode Command received
[2023-01-09 12:06:28.653] [nas] [debug] Selected integrity[2] ciphering[0]
[2023-01-09 12:06:28.736] [nas] [debug] Registration accept received
[2023-01-09 12:06:28.736] [nas] [info] UE switches to state [MM-REGISTERED/NORMAL-SERVICE]
[2023-01-09 12:06:28.736] [nas] [debug] Sending Registration Complete
[2023-01-09 12:06:28.736] [nas] [info] Initial Registration is successful
[2023-01-09 12:06:28.736] [nas] [debug] Sending PDU Session Establishment Request
[2023-01-09 12:06:28.736] [nas] [debug] UAC access attempt is allowed for identity[0], category[MO_sig]
[2023-01-09 12:06:28.822] [nas] [debug] PDU Session Establishment Accept received
[2023-01-09 12:06:28.822] [nas] [info] PDU Session establishment is successful PSI[1]
[2023-01-09 12:06:28.921] [app] [info] Connection setup for PDU session[1] is successful, TUN interface[uesimtun118, 10.60.2.112] is up.
[2023-01-09 12:06:55.353] [nas] [debug] Sending PDU Session Release Request for PSI[1]
[2023-01-09 12:06:55.457] [nas] [error] PDU Session Release Reject received [REQUEST_REJECTED_UNSPECIFIED]
[2023-01-09 12:06:55.457] [nas] [error] PS release reject received without being requested
[2023-01-09 12:06:55.457] [nas] [warning] Sending SM Cause[MESSAGE_TYPE_NOT_COMPATIBLE_WITH_THE_PROTOCOL_STATE] for PSI[1]
[2023-01-09 12:07:05.397] [nas] [debug] Sending PDU Session Establishment Request
[2023-01-09 12:07:05.499] [nas] [error] No response from RRC from UAC checks, considering access attempt is barred
[2023-01-09 12:07:22.268] [nas] [warning] Retransmitting PDU Session Establishment Request due to T3580 expiry
[2023-01-09 12:07:22.268] [nas] [debug] UAC access attempt is allowed for identity[0], category[MO_sig]
[2023-01-09 12:07:22.522] [nas] [debug] PDU Session Establishment Accept received
[2023-01-09 12:07:22.522] [nas] [info] PDU Session establishment is successful PSI[2]
[2023-01-09 12:07:22.645] [app] [info] Connection setup for PDU session[2] is successful, TUN interface[uesimtun34, 10.60.2.251] is up.
[2023-01-09 12:07:35.564] [nas] [debug] Sending PDU Session Establishment Request
[2023-01-09 12:07:35.665] [nas] [error] No response from RRC from UAC checks, considering access attempt is barred
[2023-01-09 12:07:52.300] [nas] [warning] Retransmitting PDU Session Establishment Request due to T3580 expiry
[2023-01-09 12:07:52.307] [nas] [debug] UAC access attempt is allowed for identity[0], category[MO_sig]
[2023-01-09 12:07:52.369] [nas] [debug] PDU Session Establishment Accept received
[2023-01-09 12:07:52.369] [nas] [info] PDU Session establishment is successful PSI[3]
[2023-01-09 12:07:52.534] [app] [info] Connection setup for PDU session[3] is successful, TUN interface[uesimtun3, 10.60.3.73] is up.
[2023-01-09 12:08:01.772] [nas] [debug] Sending PDU Session Establishment Request
[2023-01-09 12:08:01.873] [nas] [error] No response from RRC from UAC checks, considering access attempt is barred
[2023-01-09 12:08:18.327] [nas] [warning] Retransmitting PDU Session Establishment Request due to T3580 expiry
[2023-01-09 12:08:18.328] [nas] [debug] UAC access attempt is allowed for identity[0], category[MO_sig]
[2023-01-09 12:08:18.540] [nas] [debug] PDU Session Establishment Accept received
[2023-01-09 12:08:18.540] [nas] [info] PDU Session establishment is successful PSI[4]
[2023-01-09 12:08:18.776] [app] [info] Connection setup for PDU session[4] is successful, TUN interface[uesimtun169, 10.60.3.131] is up.
[2023-01-09 12:08:28.931] [nas] [debug] De-registration required due to [NORMAL]
[2023-01-09 12:08:28.941] [nas] [debug] Starting de-registration procedure due to [NORMAL]
[2023-01-09 12:08:28.941] [nas] [debug] Performing local release of PDU session[1]
[2023-01-09 12:08:28.941] [nas] [debug] Performing local release of PDU session[2]
[2023-01-09 12:08:28.941] [nas] [debug] Performing local release of PDU session[3]
[2023-01-09 12:08:28.941] [nas] [debug] Performing local release of PDU session[4]
[2023-01-09 12:08:28.941] [nas] [info] UE switches to state [MM-DEREGISTER-INITIATED]
[2023-01-09 12:08:28.960] [nas] [debug] De-registration accept received
[2023-01-09 12:08:28.961] [nas] [info] UE switches to state [MM-DEREGISTERED/PS]
[2023-01-09 12:08:28.961] [nas] [info] De-registration is successful
[2023-01-09 12:08:28.961] [nas] [info] UE switches to state [MM-DEREGISTERED/NORMAL-SERVICE]
[2023-01-09 12:08:28.961] [nas] [debug] Initial registration required due to [MM-DEREG-NORMAL-SERVICE]
[2023-01-09 12:08:28.961] [nas] [debug] Sending Initial Registration
[2023-01-09 12:08:28.961] [nas] [debug] Deleting NAS security context
[2023-01-09 12:08:28.961] [nas] [info] UE switches to state [MM-REGISTER-INITIATED]
[2023-01-09 12:08:28.964] [rrc] [debug] RRC Release received
[2023-01-09 12:08:28.964] [nas] [info] UE switches to state [CM-IDLE]
[2023-01-09 12:08:28.964] [nas] [info] UE switches to state [MM-DEREGISTERED/PS]
[2023-01-09 12:08:28.964] [nas] [info] UE switches to state [5U2-NOT-UPDATED]
[2023-01-09 12:08:28.964] [nas] [info] UE switches to state [MM-DEREGISTERED/ATTEMPTING-REGISTRATION]
[2023-01-09 12:08:39.348] [nas] [debug] NAS timer[3511] expired [1]
[2023-01-09 12:08:39.348] [nas] [debug] Initial registration required due to [T3511-EXPIRY-IN-ATT-REG]
[2023-01-09 12:08:39.348] [nas] [debug] UAC access attempt is allowed for identity[0], category[MO_sig]
[2023-01-09 12:08:39.348] [nas] [debug] Sending Initial Registration
[2023-01-09 12:08:39.348] [nas] [info] UE switches to state [MM-REGISTER-INITIATED]
[2023-01-09 12:08:39.348] [rrc] [debug] Sending RRC Setup Request
[2023-01-09 12:08:39.349] [rrc] [info] RRC connection established
[2023-01-09 12:08:39.349] [rrc] [info] UE switches to state [RRC-CONNECTED]
[2023-01-09 12:08:39.349] [nas] [info] UE switches to state [CM-CONNECTED]
[2023-01-09 12:08:39.366] [nas] [debug] Authentication Request received
[2023-01-09 12:08:39.373] [nas] [debug] Security Mode Command received
[2023-01-09 12:08:39.373] [nas] [debug] Selected integrity[2] ciphering[0]
[2023-01-09 12:08:39.395] [nas] [debug] Registration accept received
[2023-01-09 12:08:39.395] [nas] [info] UE switches to state [MM-REGISTERED/NORMAL-SERVICE]
[2023-01-09 12:08:39.395] [nas] [info] UE switches to state [5U1-UPDATED]
[2023-01-09 12:08:39.395] [nas] [debug] Sending Registration Complete
[2023-01-09 12:08:39.395] [nas] [info] Initial Registration is successful
[2023-01-09 12:08:39.395] [nas] [debug] Sending PDU Session Establishment Request
[2023-01-09 12:08:39.399] [nas] [debug] UAC access attempt is allowed for identity[0], category[MO_sig]
[2023-01-09 12:08:39.633] [nas] [debug] PDU Session Establishment Accept received
[2023-01-09 12:08:39.633] [nas] [info] PDU Session establishment is successful PSI[1]
[2023-01-09 12:08:39.717] [app] [info] Connection setup for PDU session[1] is successful, TUN interface[uesimtun55, 10.60.3.194] is up.
[2023-01-09 12:08:55.006] [nas] [debug] De-registration required due to [NORMAL]
[2023-01-09 12:08:55.016] [nas] [debug] Starting de-registration procedure due to [NORMAL]
[2023-01-09 12:08:55.016] [nas] [debug] Performing local release of PDU session[1]
[2023-01-09 12:08:55.016] [nas] [info] UE switches to state [MM-DEREGISTER-INITIATED]
[2023-01-09 12:08:55.027] [nas] [debug] De-registration accept received
[2023-01-09 12:08:55.027] [nas] [info] UE switches to state [MM-DEREGISTERED/PS]
[2023-01-09 12:08:55.027] [nas] [info] De-registration is successful
[2023-01-09 12:08:55.027] [nas] [info] UE switches to state [MM-DEREGISTERED/NORMAL-SERVICE]
[2023-01-09 12:08:55.027] [nas] [debug] Initial registration required due to [MM-DEREG-NORMAL-SERVICE]
[2023-01-09 12:08:55.027] [nas] [debug] Sending Initial Registration
[2023-01-09 12:08:55.027] [nas] [debug] Deleting NAS security context
[2023-01-09 12:08:55.027] [nas] [info] UE switches to state [MM-REGISTER-INITIATED]
[2023-01-09 12:08:55.028] [rrc] [debug] RRC Release received
[2023-01-09 12:08:55.028] [nas] [info] UE switches to state [CM-IDLE]
[2023-01-09 12:08:55.028] [nas] [info] UE switches to state [MM-DEREGISTERED/PS]
[2023-01-09 12:08:55.028] [nas] [info] UE switches to state [5U2-NOT-UPDATED]
[2023-01-09 12:08:55.028] [nas] [info] UE switches to state [MM-DEREGISTERED/ATTEMPTING-REGISTRATION]
[2023-01-09 12:09:05.374] [nas] [debug] NAS timer[3511] expired [1]
[2023-01-09 12:09:05.374] [nas] [debug] Initial registration required due to [T3511-EXPIRY-IN-ATT-REG]
[2023-01-09 12:09:05.374] [nas] [debug] UAC access attempt is allowed for identity[0], category[MO_sig]
[2023-01-09 12:09:05.374] [nas] [debug] Sending Initial Registration
[2023-01-09 12:09:05.374] [nas] [info] UE switches to state [MM-REGISTER-INITIATED]
[2023-01-09 12:09:05.374] [rrc] [debug] Sending RRC Setup Request
[2023-01-09 12:09:05.374] [rrc] [info] RRC connection established
[2023-01-09 12:09:05.374] [rrc] [info] UE switches to state [RRC-CONNECTED]
[2023-01-09 12:09:05.374] [nas] [info] UE switches to state [CM-CONNECTED]
[2023-01-09 12:09:20.390] [nas] [debug] NAS timer[3510] expired [1]
[2023-01-09 12:09:20.390] [nas] [info] UE switches to state [MM-DEREGISTERED/PS]
[2023-01-09 12:09:20.390] [nas] [info] Performing local release of NAS connection
[2023-01-09 12:09:20.390] [nas] [info] UE switches to state [MM-DEREGISTERED/ATTEMPTING-REGISTRATION]
[2023-01-09 12:09:20.390] [rrc] [info] UE switches to state [RRC-IDLE]
[2023-01-09 12:09:20.390] [nas] [info] UE switches to state [CM-IDLE]
[2023-01-09 12:09:25.061] [nas] [warning] PDU session release procedure could not start: PS[1] is not active already
[2023-01-09 12:09:30.402] [nas] [debug] NAS timer[3511] expired [1]
[2023-01-09 12:09:30.402] [nas] [debug] Initial registration required due to [T3511-EXPIRY-IN-ATT-REG]
[2023-01-09 12:09:30.404] [nas] [debug] UAC access attempt is allowed for identity[0], category[MO_sig]
[2023-01-09 12:09:30.404] [nas] [debug] Sending Initial Registration
[2023-01-09 12:09:30.404] [nas] [info] UE switches to state [MM-REGISTER-INITIATED]
[2023-01-09 12:09:30.404] [rrc] [debug] Sending RRC Setup Request
[2023-01-09 12:09:30.410] [rrc] [info] RRC connection established
[2023-01-09 12:09:30.410] [rrc] [info] UE switches to state [RRC-CONNECTED]
[2023-01-09 12:09:30.410] [nas] [info] UE switches to state [CM-CONNECTED]
[2023-01-09 12:09:36.095] [nas] [debug] De-registration required due to [NORMAL]
[2023-01-09 12:09:36.105] [nas] [warning] De-registration could not be triggered. UE is already de-registered
[2023-01-09 12:09:45.417] [nas] [debug] NAS timer[3510] expired [1]
[2023-01-09 12:09:45.417] [nas] [info] UE switches to state [MM-DEREGISTERED/PS]
[2023-01-09 12:09:45.417] [nas] [info] Performing local release of NAS connection
[2023-01-09 12:09:45.417] [nas] [info] UE switches to state [MM-DEREGISTERED/ATTEMPTING-REGISTRATION]
[2023-01-09 12:09:45.417] [rrc] [info] UE switches to state [RRC-IDLE]
[2023-01-09 12:09:45.417] [nas] [info] UE switches to state [CM-IDLE]
[2023-01-09 12:09:55.427] [nas] [debug] NAS timer[3511] expired [1]
[2023-01-09 12:09:55.427] [nas] [debug] Initial registration required due to [T3511-EXPIRY-IN-ATT-REG]
[2023-01-09 12:09:55.427] [nas] [debug] UAC access attempt is allowed for identity[0], category[MO_sig]
[2023-01-09 12:09:55.427] [nas] [debug] Sending Initial Registration
[2023-01-09 12:09:55.427] [nas] [info] UE switches to state [MM-REGISTER-INITIATED]
[2023-01-09 12:09:55.427] [rrc] [debug] Sending RRC Setup Request
[2023-01-09 12:09:55.428] [rrc] [info] RRC connection established
[2023-01-09 12:09:55.428] [rrc] [info] UE switches to state [RRC-CONNECTED]
[2023-01-09 12:09:55.428] [nas] [info] UE switches to state [CM-CONNECTED]
