UERANSIM v3.2.6
[2023-01-09 12:03:03.983] [nas] [info] UE switches to state [MM-DEREGISTERED/PLMN-SEARCH]
[2023-01-09 12:03:03.983] [rrc] [debug] New signal detected for cell[1], total [1] cells in coverage
[2023-01-09 12:03:03.987] [nas] [info] Selected plmn[208/93]
[2023-01-09 12:03:03.987] [rrc] [info] Selected cell plmn[208/93] tac[1] category[SUITABLE]
[2023-01-09 12:03:03.987] [nas] [info] UE switches to state [MM-DEREGISTERED/PS]
[2023-01-09 12:03:03.987] [nas] [info] UE switches to state [MM-DEREGISTERED/NORMAL-SERVICE]
[2023-01-09 12:03:03.987] [nas] [debug] Initial registration required due to [MM-DEREG-NORMAL-SERVICE]
[2023-01-09 12:03:03.987] [nas] [debug] UAC access attempt is allowed for identity[0], category[MO_sig]
[2023-01-09 12:03:03.987] [nas] [debug] Sending Initial Registration
[2023-01-09 12:03:03.987] [nas] [info] UE switches to state [MM-REGISTER-INITIATED]
[2023-01-09 12:03:03.987] [rrc] [debug] Sending RRC Setup Request
[2023-01-09 12:03:03.987] [rrc] [info] RRC connection established
[2023-01-09 12:03:03.987] [rrc] [info] UE switches to state [RRC-CONNECTED]
[2023-01-09 12:03:03.988] [nas] [info] UE switches to state [CM-CONNECTED]
[2023-01-09 12:03:04.004] [nas] [debug] Authentication Request received
[2023-01-09 12:03:04.012] [nas] [debug] Security Mode Command received
[2023-01-09 12:03:04.012] [nas] [debug] Selected integrity[2] ciphering[0]
[2023-01-09 12:03:04.037] [nas] [debug] Registration accept received
[2023-01-09 12:03:04.037] [nas] [info] UE switches to state [MM-REGISTERED/NORMAL-SERVICE]
[2023-01-09 12:03:04.037] [nas] [debug] Sending Registration Complete
[2023-01-09 12:03:04.037] [nas] [info] Initial Registration is successful
[2023-01-09 12:03:04.037] [nas] [debug] Sending PDU Session Establishment Request
[2023-01-09 12:03:04.037] [nas] [debug] UAC access attempt is allowed for identity[0], category[MO_sig]
[2023-01-09 12:03:04.272] [nas] [debug] PDU Session Establishment Accept received
[2023-01-09 12:03:04.272] [nas] [info] PDU Session establishment is successful PSI[1]
[2023-01-09 12:03:04.319] [app] [info] Connection setup for PDU session[1] is successful, TUN interface[uesimtun52, 10.60.0.53] is up.
[2023-01-09 12:03:53.609] [nas] [debug] De-registration required due to [NORMAL]
[2023-01-09 12:03:53.618] [nas] [debug] Starting de-registration procedure due to [NORMAL]
[2023-01-09 12:03:53.618] [nas] [debug] Performing local release of PDU session[1]
[2023-01-09 12:03:53.618] [nas] [info] UE switches to state [MM-DEREGISTER-INITIATED]
[2023-01-09 12:03:53.972] [nas] [debug] De-registration accept received
[2023-01-09 12:03:53.972] [nas] [info] UE switches to state [MM-DEREGISTERED/PS]
[2023-01-09 12:03:53.972] [nas] [info] De-registration is successful
[2023-01-09 12:03:53.972] [nas] [info] UE switches to state [MM-DEREGISTERED/NORMAL-SERVICE]
[2023-01-09 12:03:53.972] [nas] [debug] Initial registration required due to [MM-DEREG-NORMAL-SERVICE]
[2023-01-09 12:03:53.972] [nas] [debug] Sending Initial Registration
[2023-01-09 12:03:53.972] [nas] [debug] Deleting NAS security context
[2023-01-09 12:03:53.972] [nas] [info] UE switches to state [MM-REGISTER-INITIATED]
[2023-01-09 12:03:53.981] [rrc] [debug] RRC Release received
[2023-01-09 12:03:53.981] [nas] [info] UE switches to state [CM-IDLE]
[2023-01-09 12:03:53.981] [nas] [info] UE switches to state [MM-DEREGISTERED/PS]
[2023-01-09 12:03:53.981] [nas] [info] UE switches to state [5U2-NOT-UPDATED]
[2023-01-09 12:03:53.981] [nas] [info] UE switches to state [MM-DEREGISTERED/ATTEMPTING-REGISTRATION]
[2023-01-09 12:04:04.046] [nas] [debug] NAS timer[3511] expired [1]
[2023-01-09 12:04:04.046] [nas] [debug] Initial registration required due to [T3511-EXPIRY-IN-ATT-REG]
[2023-01-09 12:04:04.049] [nas] [debug] UAC access attempt is allowed for identity[0], category[MO_sig]
[2023-01-09 12:04:04.049] [nas] [debug] Sending Initial Registration
[2023-01-09 12:04:04.049] [nas] [info] UE switches to state [MM-REGISTER-INITIATED]
[2023-01-09 12:04:04.049] [rrc] [debug] Sending RRC Setup Request
[2023-01-09 12:04:04.050] [rrc] [info] RRC connection established
[2023-01-09 12:04:04.050] [rrc] [info] UE switches to state [RRC-CONNECTED]
[2023-01-09 12:04:04.051] [nas] [info] UE switches to state [CM-CONNECTED]
[2023-01-09 12:04:04.118] [nas] [debug] Authentication Request received
[2023-01-09 12:04:04.150] [nas] [debug] Security Mode Command received
[2023-01-09 12:04:04.150] [nas] [debug] Selected integrity[2] ciphering[0]
[2023-01-09 12:04:04.246] [nas] [debug] Registration accept received
[2023-01-09 12:04:04.246] [nas] [info] UE switches to state [MM-REGISTERED/NORMAL-SERVICE]
[2023-01-09 12:04:04.246] [nas] [info] UE switches to state [5U1-UPDATED]
[2023-01-09 12:04:04.246] [nas] [debug] Sending Registration Complete
[2023-01-09 12:04:04.246] [nas] [info] Initial Registration is successful
[2023-01-09 12:04:04.246] [nas] [debug] Sending PDU Session Establishment Request
[2023-01-09 12:04:04.252] [nas] [debug] UAC access attempt is allowed for identity[0], category[MO_sig]
[2023-01-09 12:04:04.412] [nas] [debug] PDU Session Establishment Accept received
[2023-01-09 12:04:04.412] [nas] [info] PDU Session establishment is successful PSI[1]
[2023-01-09 12:04:04.610] [app] [info] Connection setup for PDU session[1] is successful, TUN interface[uesimtun51, 10.60.0.161] is up.
[2023-01-09 12:04:26.696] [nas] [debug] Sending PDU Session Release Request for PSI[1]
[2023-01-09 12:04:26.858] [nas] [debug] PDU Session Release Command received
[2023-01-09 12:04:26.858] [nas] [debug] Performing local release of PDU session[1]
[2023-01-09 12:04:27.672] [nas] [debug] Sending PDU Session Establishment Request
[2023-01-09 12:04:27.672] [nas] [debug] UAC access attempt is allowed for identity[0], category[MO_sig]
[2023-01-09 12:04:27.787] [nas] [debug] PDU Session Establishment Accept received
[2023-01-09 12:04:27.787] [nas] [info] PDU Session establishment is successful PSI[1]
[2023-01-09 12:04:27.847] [app] [info] Connection setup for PDU session[1] is successful, TUN interface[uesimtun38, 10.60.1.7] is up.
[2023-01-09 12:04:36.788] [nas] [warning] PDU session release procedure could not start: PS[2] is not active already
[2023-01-09 12:04:43.820] [nas] [debug] De-registration required due to [NORMAL]
[2023-01-09 12:04:43.830] [nas] [debug] Starting de-registration procedure due to [NORMAL]
[2023-01-09 12:04:43.830] [nas] [debug] Performing local release of PDU session[1]
[2023-01-09 12:04:43.830] [nas] [info] UE switches to state [MM-DEREGISTER-INITIATED]
[2023-01-09 12:04:43.840] [nas] [debug] De-registration accept received
[2023-01-09 12:04:43.840] [nas] [info] UE switches to state [MM-DEREGISTERED/PS]
[2023-01-09 12:04:43.840] [nas] [info] De-registration is successful
[2023-01-09 12:04:43.840] [nas] [info] UE switches to state [MM-DEREGISTERED/NORMAL-SERVICE]
[2023-01-09 12:04:43.840] [nas] [debug] Initial registration required due to [MM-DEREG-NORMAL-SERVICE]
[2023-01-09 12:04:43.840] [nas] [debug] Sending Initial Registration
[2023-01-09 12:04:43.840] [nas] [debug] Deleting NAS security context
[2023-01-09 12:04:43.840] [nas] [info] UE switches to state [MM-REGISTER-INITIATED]
[2023-01-09 12:04:43.841] [rrc] [debug] RRC Release received
[2023-01-09 12:04:43.841] [nas] [info] UE switches to state [CM-IDLE]
[2023-01-09 12:04:43.841] [nas] [info] UE switches to state [MM-DEREGISTERED/PS]
[2023-01-09 12:04:43.841] [nas] [info] UE switches to state [5U2-NOT-UPDATED]
[2023-01-09 12:04:43.841] [nas] [info] UE switches to state [MM-DEREGISTERED/ATTEMPTING-REGISTRATION]
[2023-01-09 12:04:54.135] [nas] [debug] NAS timer[3511] expired [1]
[2023-01-09 12:04:54.135] [nas] [debug] Initial registration required due to [T3511-EXPIRY-IN-ATT-REG]
[2023-01-09 12:04:54.136] [nas] [debug] UAC access attempt is allowed for identity[0], category[MO_sig]
[2023-01-09 12:04:54.136] [nas] [debug] Sending Initial Registration
[2023-01-09 12:04:54.136] [nas] [info] UE switches to state [MM-REGISTER-INITIATED]
[2023-01-09 12:04:54.136] [rrc] [debug] Sending RRC Setup Request
[2023-01-09 12:04:54.136] [rrc] [info] RRC connection established
[2023-01-09 12:04:54.136] [rrc] [info] UE switches to state [RRC-CONNECTED]
[2023-01-09 12:04:54.136] [nas] [info] UE switches to state [CM-CONNECTED]
[2023-01-09 12:04:54.271] [nas] [debug] Authentication Request received
[2023-01-09 12:04:54.468] [nas] [debug] Security Mode Command received
[2023-01-09 12:04:54.468] [nas] [debug] Selected integrity[2] ciphering[0]
[2023-01-09 12:04:54.500] [nas] [debug] Registration accept received
[2023-01-09 12:04:54.500] [nas] [info] UE switches to state [MM-REGISTERED/NORMAL-SERVICE]
[2023-01-09 12:04:54.500] [nas] [info] UE switches to state [5U1-UPDATED]
[2023-01-09 12:04:54.500] [nas] [debug] Sending Registration Complete
[2023-01-09 12:04:54.500] [nas] [info] Initial Registration is successful
[2023-01-09 12:04:54.500] [nas] [debug] Sending PDU Session Establishment Request
[2023-01-09 12:04:54.503] [nas] [debug] UAC access attempt is allowed for identity[0], category[MO_sig]
[2023-01-09 12:04:54.742] [nas] [debug] PDU Session Establishment Accept received
[2023-01-09 12:04:54.743] [nas] [info] PDU Session establishment is successful PSI[1]
[2023-01-09 12:04:54.806] [app] [info] Connection setup for PDU session[1] is successful, TUN interface[uesimtun30, 10.60.1.103] is up.
[2023-01-09 12:05:10.876] [nas] [debug] Sending PDU Session Release Request for PSI[1]
[2023-01-09 12:05:10.924] [nas] [error] PDU Session Release Reject received [REQUEST_REJECTED_UNSPECIFIED]
[2023-01-09 12:05:10.924] [nas] [error] PS release reject received without being requested
[2023-01-09 12:05:10.924] [nas] [warning] Sending SM Cause[MESSAGE_TYPE_NOT_COMPATIBLE_WITH_THE_PROTOCOL_STATE] for PSI[1]
[2023-01-09 12:05:22.932] [nas] [debug] Sending PDU Session Establishment Request
[2023-01-09 12:05:23.034] [nas] [error] No response from RRC from UAC checks, considering access attempt is barred
[2023-01-09 12:05:39.195] [nas] [warning] Retransmitting PDU Session Establishment Request due to T3580 expiry
[2023-01-09 12:05:39.199] [nas] [debug] UAC access attempt is allowed for identity[0], category[MO_sig]
[2023-01-09 12:05:39.492] [nas] [debug] PDU Session Establishment Accept received
[2023-01-09 12:05:39.493] [nas] [info] PDU Session establishment is successful PSI[2]
[2023-01-09 12:05:39.685] [app] [info] Connection setup for PDU session[2] is successful, TUN interface[uesimtun95, 10.60.1.236] is up.
[2023-01-09 12:05:49.091] [nas] [debug] Sending PDU Session Release Request for PSI[1]
[2023-01-09 12:05:49.091] [nas] [debug] Sending PDU Session Release Request for PSI[2]
[2023-01-09 12:05:49.105] [nas] [error] PDU Session Release Reject received [REQUEST_REJECTED_UNSPECIFIED]
[2023-01-09 12:05:49.105] [nas] [error] PS release reject received without being requested
[2023-01-09 12:05:49.105] [nas] [warning] Sending SM Cause[MESSAGE_TYPE_NOT_COMPATIBLE_WITH_THE_PROTOCOL_STATE] for PSI[1]
[2023-01-09 12:05:49.112] [nas] [debug] PDU Session Release Command received
[2023-01-09 12:05:49.112] [nas] [debug] Performing local release of PDU session[2]
[2023-01-09 12:06:02.134] [nas] [debug] De-registration required due to [NORMAL]
[2023-01-09 12:06:02.144] [nas] [debug] Starting de-registration procedure due to [NORMAL]
[2023-01-09 12:06:02.144] [nas] [debug] Performing local release of PDU session[1]
[2023-01-09 12:06:02.144] [nas] [info] UE switches to state [MM-DEREGISTER-INITIATED]
[2023-01-09 12:06:02.168] [nas] [debug] De-registration accept received
[2023-01-09 12:06:02.168] [nas] [info] UE switches to state [MM-DEREGISTERED/PS]
[2023-01-09 12:06:02.168] [nas] [info] De-registration is successful
[2023-01-09 12:06:02.168] [nas] [info] UE switches to state [MM-DEREGISTERED/NORMAL-SERVICE]
[2023-01-09 12:06:02.168] [nas] [debug] Initial registration required due to [MM-DEREG-NORMAL-SERVICE]
[2023-01-09 12:06:02.168] [nas] [debug] Sending Initial Registration
[2023-01-09 12:06:02.168] [nas] [debug] Deleting NAS security context
[2023-01-09 12:06:02.168] [nas] [info] UE switches to state [MM-REGISTER-INITIATED]
[2023-01-09 12:06:02.169] [rrc] [debug] RRC Release received
[2023-01-09 12:06:02.169] [nas] [info] UE switches to state [CM-IDLE]
[2023-01-09 12:06:02.169] [nas] [info] UE switches to state [MM-DEREGISTERED/PS]
[2023-01-09 12:06:02.169] [nas] [info] UE switches to state [5U2-NOT-UPDATED]
[2023-01-09 12:06:02.169] [nas] [info] UE switches to state [MM-DEREGISTERED/ATTEMPTING-REGISTRATION]
[2023-01-09 12:06:12.233] [nas] [debug] NAS timer[3511] expired [1]
[2023-01-09 12:06:12.233] [nas] [debug] Initial registration required due to [T3511-EXPIRY-IN-ATT-REG]
[2023-01-09 12:06:12.237] [nas] [debug] UAC access attempt is allowed for identity[0], category[MO_sig]
[2023-01-09 12:06:12.237] [nas] [debug] Sending Initial Registration
[2023-01-09 12:06:12.237] [rrc] [debug] Sending RRC Setup Request
[2023-01-09 12:06:12.237] [nas] [info] UE switches to state [MM-REGISTER-INITIATED]
[2023-01-09 12:06:12.241] [rrc] [info] RRC connection established
[2023-01-09 12:06:12.241] [rrc] [info] UE switches to state [RRC-CONNECTED]
[2023-01-09 12:06:12.241] [nas] [info] UE switches to state [CM-CONNECTED]
[2023-01-09 12:06:12.482] [nas] [debug] Authentication Request received
[2023-01-09 12:06:12.497] [nas] [debug] Security Mode Command received
[2023-01-09 12:06:12.497] [nas] [debug] Selected integrity[2] ciphering[0]
[2023-01-09 12:06:12.527] [nas] [debug] Registration accept received
[2023-01-09 12:06:12.527] [nas] [info] UE switches to state [MM-REGISTERED/NORMAL-SERVICE]
[2023-01-09 12:06:12.527] [nas] [info] UE switches to state [5U1-UPDATED]
[2023-01-09 12:06:12.527] [nas] [debug] Sending Registration Complete
[2023-01-09 12:06:12.527] [nas] [info] Initial Registration is successful
[2023-01-09 12:06:12.527] [nas] [debug] Sending PDU Session Establishment Request
[2023-01-09 12:06:12.530] [nas] [debug] UAC access attempt is allowed for identity[0], category[MO_sig]
[2023-01-09 12:06:12.769] [nas] [debug] PDU Session Establishment Accept received
[2023-01-09 12:06:12.769] [nas] [info] PDU Session establishment is successful PSI[1]
[2023-01-09 12:06:12.852] [app] [info] Connection setup for PDU session[1] is successful, TUN interface[uesimtun60, 10.60.2.63] is up.
[2023-01-09 12:06:33.198] [nas] [debug] Sending PDU Session Release Request for PSI[1]
[2023-01-09 12:06:33.219] [nas] [error] PDU Session Release Reject received [REQUEST_REJECTED_UNSPECIFIED]
[2023-01-09 12:06:33.219] [nas] [error] PS release reject received without being requested
[2023-01-09 12:06:33.219] [nas] [warning] Sending SM Cause[MESSAGE_TYPE_NOT_COMPATIBLE_WITH_THE_PROTOCOL_STATE] for PSI[1]
[2023-01-09 12:06:39.229] [nas] [debug] Sending PDU Session Establishment Request
[2023-01-09 12:06:39.330] [nas] [error] No response from RRC from UAC checks, considering access attempt is barred
[2023-01-09 12:06:55.372] [nas] [warning] Retransmitting PDU Session Establishment Request due to T3580 expiry
[2023-01-09 12:06:55.378] [nas] [debug] UAC access attempt is allowed for identity[0], category[MO_sig]
[2023-01-09 12:06:55.511] [nas] [debug] PDU Session Establishment Accept received
[2023-01-09 12:06:55.511] [nas] [info] PDU Session establishment is successful PSI[2]
[2023-01-09 12:06:55.775] [app] [info] Connection setup for PDU session[2] is successful, TUN interface[uesimtun90, 10.60.2.181] is up.
[2023-01-09 12:07:08.393] [nas] [debug] De-registration required due to [NORMAL]
[2023-01-09 12:07:08.404] [nas] [debug] Starting de-registration procedure due to [NORMAL]
[2023-01-09 12:07:08.404] [nas] [debug] Performing local release of PDU session[1]
[2023-01-09 12:07:08.404] [nas] [debug] Performing local release of PDU session[2]
[2023-01-09 12:07:08.404] [nas] [info] UE switches to state [MM-DEREGISTER-INITIATED]
[2023-01-09 12:07:08.536] [nas] [debug] De-registration accept received
[2023-01-09 12:07:08.536] [nas] [info] UE switches to state [MM-DEREGISTERED/PS]
[2023-01-09 12:07:08.536] [nas] [info] De-registration is successful
[2023-01-09 12:07:08.536] [nas] [info] UE switches to state [MM-DEREGISTERED/NORMAL-SERVICE]
[2023-01-09 12:07:08.536] [nas] [debug] Initial registration required due to [MM-DEREG-NORMAL-SERVICE]
[2023-01-09 12:07:08.536] [nas] [debug] Sending Initial Registration
[2023-01-09 12:07:08.536] [nas] [debug] Deleting NAS security context
[2023-01-09 12:07:08.536] [nas] [info] UE switches to state [MM-REGISTER-INITIATED]
[2023-01-09 12:07:08.539] [rrc] [debug] RRC Release received
[2023-01-09 12:07:08.539] [nas] [info] UE switches to state [CM-IDLE]
[2023-01-09 12:07:08.539] [nas] [info] UE switches to state [MM-DEREGISTERED/PS]
[2023-01-09 12:07:08.539] [nas] [info] UE switches to state [5U2-NOT-UPDATED]
[2023-01-09 12:07:08.539] [nas] [info] UE switches to state [MM-DEREGISTERED/ATTEMPTING-REGISTRATION]
[2023-01-09 12:07:19.419] [nas] [debug] NAS timer[3511] expired [1]
[2023-01-09 12:07:19.419] [nas] [debug] Initial registration required due to [T3511-EXPIRY-IN-ATT-REG]
[2023-01-09 12:07:19.419] [nas] [debug] UAC access attempt is allowed for identity[0], category[MO_sig]
[2023-01-09 12:07:19.419] [nas] [debug] Sending Initial Registration
[2023-01-09 12:07:19.419] [nas] [info] UE switches to state [MM-REGISTER-INITIATED]
[2023-01-09 12:07:19.419] [rrc] [debug] Sending RRC Setup Request
[2023-01-09 12:07:19.419] [rrc] [info] RRC connection established
[2023-01-09 12:07:19.419] [rrc] [info] UE switches to state [RRC-CONNECTED]
[2023-01-09 12:07:19.419] [nas] [info] UE switches to state [CM-CONNECTED]
[2023-01-09 12:07:19.588] [nas] [debug] Authentication Request received
[2023-01-09 12:07:19.616] [nas] [debug] Security Mode Command received
[2023-01-09 12:07:19.616] [nas] [debug] Selected integrity[2] ciphering[0]
[2023-01-09 12:07:19.660] [nas] [debug] Registration accept received
[2023-01-09 12:07:19.660] [nas] [info] UE switches to state [MM-REGISTERED/NORMAL-SERVICE]
[2023-01-09 12:07:19.660] [nas] [info] UE switches to state [5U1-UPDATED]
[2023-01-09 12:07:19.660] [nas] [debug] Sending Registration Complete
[2023-01-09 12:07:19.660] [nas] [info] Initial Registration is successful
[2023-01-09 12:07:19.660] [nas] [debug] Sending PDU Session Establishment Request
[2023-01-09 12:07:19.660] [nas] [debug] UAC access attempt is allowed for identity[0], category[MO_sig]
[2023-01-09 12:07:19.899] [nas] [debug] PDU Session Establishment Accept received
[2023-01-09 12:07:19.900] [nas] [info] PDU Session establishment is successful PSI[1]
[2023-01-09 12:07:19.939] [app] [info] Connection setup for PDU session[1] is successful, TUN interface[uesimtun109, 10.60.2.243] is up.
[2023-01-09 12:07:41.529] [nas] [debug] De-registration required due to [NORMAL]
[2023-01-09 12:07:41.540] [nas] [debug] Starting de-registration procedure due to [NORMAL]
[2023-01-09 12:07:41.540] [nas] [debug] Performing local release of PDU session[1]
[2023-01-09 12:07:41.540] [nas] [info] UE switches to state [MM-DEREGISTER-INITIATED]
[2023-01-09 12:07:41.649] [nas] [debug] De-registration accept received
[2023-01-09 12:07:41.649] [nas] [info] UE switches to state [MM-DEREGISTERED/PS]
[2023-01-09 12:07:41.649] [nas] [info] De-registration is successful
[2023-01-09 12:07:41.649] [nas] [info] UE switches to state [MM-DEREGISTERED/NORMAL-SERVICE]
[2023-01-09 12:07:41.649] [nas] [debug] Initial registration required due to [MM-DEREG-NORMAL-SERVICE]
[2023-01-09 12:07:41.649] [nas] [debug] Sending Initial Registration
[2023-01-09 12:07:41.649] [nas] [debug] Deleting NAS security context
[2023-01-09 12:07:41.649] [nas] [info] UE switches to state [MM-REGISTER-INITIATED]
[2023-01-09 12:07:41.654] [rrc] [debug] RRC Release received
[2023-01-09 12:07:41.654] [nas] [info] UE switches to state [CM-IDLE]
[2023-01-09 12:07:41.654] [nas] [info] UE switches to state [MM-DEREGISTERED/PS]
[2023-01-09 12:07:41.654] [nas] [info] UE switches to state [5U2-NOT-UPDATED]
[2023-01-09 12:07:41.654] [nas] [info] UE switches to state [MM-DEREGISTERED/ATTEMPTING-REGISTRATION]
[2023-01-09 12:07:52.470] [nas] [debug] NAS timer[3511] expired [1]
[2023-01-09 12:07:52.470] [nas] [debug] Initial registration required due to [T3511-EXPIRY-IN-ATT-REG]
[2023-01-09 12:07:52.470] [nas] [debug] UAC access attempt is allowed for identity[0], category[MO_sig]
[2023-01-09 12:07:52.470] [nas] [debug] Sending Initial Registration
[2023-01-09 12:07:52.470] [nas] [info] UE switches to state [MM-REGISTER-INITIATED]
[2023-01-09 12:07:52.470] [rrc] [debug] Sending RRC Setup Request
[2023-01-09 12:07:52.471] [rrc] [info] RRC connection established
[2023-01-09 12:07:52.471] [rrc] [info] UE switches to state [RRC-CONNECTED]
[2023-01-09 12:07:52.472] [nas] [info] UE switches to state [CM-CONNECTED]
[2023-01-09 12:07:52.738] [nas] [debug] Authentication Request received
[2023-01-09 12:07:52.821] [nas] [debug] Security Mode Command received
[2023-01-09 12:07:52.821] [nas] [debug] Selected integrity[2] ciphering[0]
[2023-01-09 12:07:52.890] [nas] [debug] Registration accept received
[2023-01-09 12:07:52.890] [nas] [info] UE switches to state [MM-REGISTERED/NORMAL-SERVICE]
[2023-01-09 12:07:52.890] [nas] [info] UE switches to state [5U1-UPDATED]
[2023-01-09 12:07:52.890] [nas] [debug] Sending Registration Complete
[2023-01-09 12:07:52.890] [nas] [info] Initial Registration is successful
[2023-01-09 12:07:52.890] [nas] [debug] Sending PDU Session Establishment Request
[2023-01-09 12:07:52.890] [nas] [debug] UAC access attempt is allowed for identity[0], category[MO_sig]
[2023-01-09 12:07:53.127] [nas] [debug] PDU Session Establishment Accept received
[2023-01-09 12:07:53.128] [nas] [info] PDU Session establishment is successful PSI[1]
[2023-01-09 12:07:53.240] [app] [info] Connection setup for PDU session[1] is successful, TUN interface[uesimtun131, 10.60.3.78] is up.
[2023-01-09 12:08:07.622] [nas] [warning] PDU session release procedure could not start: PS[2] is not active already
[2023-01-09 12:08:12.657] [nas] [debug] De-registration required due to [NORMAL]
[2023-01-09 12:08:12.667] [nas] [debug] Starting de-registration procedure due to [NORMAL]
[2023-01-09 12:08:12.667] [nas] [debug] Performing local release of PDU session[1]
[2023-01-09 12:08:12.667] [nas] [info] UE switches to state [MM-DEREGISTER-INITIATED]
[2023-01-09 12:08:12.700] [rrc] [debug] RRC Release received
[2023-01-09 12:08:12.700] [nas] [debug] De-registration accept received
[2023-01-09 12:08:12.700] [nas] [info] UE switches to state [MM-DEREGISTERED/PS]
[2023-01-09 12:08:12.700] [nas] [info] De-registration is successful
[2023-01-09 12:08:12.700] [nas] [info] UE switches to state [CM-IDLE]
[2023-01-09 12:08:12.700] [nas] [info] UE switches to state [MM-DEREGISTERED/NORMAL-SERVICE]
[2023-01-09 12:08:12.700] [nas] [debug] Initial registration required due to [MM-DEREG-NORMAL-SERVICE]
[2023-01-09 12:08:12.706] [nas] [debug] UAC access attempt is allowed for identity[0], category[MO_sig]
[2023-01-09 12:08:12.706] [nas] [debug] Sending Initial Registration
[2023-01-09 12:08:12.706] [nas] [debug] Deleting NAS security context
[2023-01-09 12:08:12.706] [nas] [info] UE switches to state [MM-REGISTER-INITIATED]
[2023-01-09 12:08:12.712] [rrc] [debug] Sending RRC Setup Request
[2023-01-09 12:08:12.721] [rrc] [info] RRC connection established
[2023-01-09 12:08:12.721] [rrc] [info] UE switches to state [RRC-CONNECTED]
[2023-01-09 12:08:12.722] [nas] [info] UE switches to state [CM-CONNECTED]
[2023-01-09 12:08:12.922] [nas] [debug] Authentication Request received
[2023-01-09 12:08:12.932] [nas] [debug] Security Mode Command received
[2023-01-09 12:08:12.932] [nas] [debug] Selected integrity[2] ciphering[0]
[2023-01-09 12:08:12.958] [nas] [debug] Registration accept received
[2023-01-09 12:08:12.958] [nas] [info] UE switches to state [MM-REGISTERED/NORMAL-SERVICE]
[2023-01-09 12:08:12.958] [nas] [debug] Sending Registration Complete
[2023-01-09 12:08:12.958] [nas] [info] Initial Registration is successful
[2023-01-09 12:08:12.958] [nas] [debug] Sending PDU Session Establishment Request
[2023-01-09 12:08:12.958] [nas] [debug] UAC access attempt is allowed for identity[0], category[MO_sig]
[2023-01-09 12:08:13.196] [nas] [debug] PDU Session Establishment Accept received
[2023-01-09 12:08:13.196] [nas] [info] PDU Session establishment is successful PSI[1]
[2023-01-09 12:08:13.228] [app] [info] Connection setup for PDU session[1] is successful, TUN interface[uesimtun78, 10.60.3.118] is up.
[2023-01-09 12:08:39.744] [nas] [debug] Sending PDU Session Release Request for PSI[1]
[2023-01-09 12:08:39.842] [nas] [error] PDU Session Release Reject received [REQUEST_REJECTED_UNSPECIFIED]
[2023-01-09 12:08:39.842] [nas] [error] PS release reject received without being requested
[2023-01-09 12:08:39.842] [nas] [warning] Sending SM Cause[MESSAGE_TYPE_NOT_COMPATIBLE_WITH_THE_PROTOCOL_STATE] for PSI[1]
[2023-01-09 12:08:51.801] [nas] [debug] Sending PDU Session Release Request for PSI[1]
[2023-01-09 12:08:52.004] [nas] [error] PDU Session Release Reject received [REQUEST_REJECTED_UNSPECIFIED]
[2023-01-09 12:08:52.004] [nas] [error] PS release reject received without being requested
[2023-01-09 12:08:52.004] [nas] [warning] Sending SM Cause[MESSAGE_TYPE_NOT_COMPATIBLE_WITH_THE_PROTOCOL_STATE] for PSI[1]
[2023-01-09 12:08:58.832] [nas] [debug] De-registration required due to [NORMAL]
[2023-01-09 12:08:58.842] [nas] [debug] Starting de-registration procedure due to [NORMAL]
[2023-01-09 12:08:58.842] [nas] [debug] Performing local release of PDU session[1]
[2023-01-09 12:08:58.842] [nas] [info] UE switches to state [MM-DEREGISTER-INITIATED]
[2023-01-09 12:08:58.870] [rrc] [debug] RRC Release received
[2023-01-09 12:08:58.870] [nas] [debug] De-registration accept received
[2023-01-09 12:08:58.870] [nas] [info] UE switches to state [MM-DEREGISTERED/PS]
[2023-01-09 12:08:58.870] [nas] [info] De-registration is successful
[2023-01-09 12:08:58.870] [nas] [info] UE switches to state [CM-IDLE]
[2023-01-09 12:08:58.870] [nas] [info] UE switches to state [MM-DEREGISTERED/NORMAL-SERVICE]
[2023-01-09 12:08:58.870] [nas] [debug] Initial registration required due to [MM-DEREG-NORMAL-SERVICE]
[2023-01-09 12:08:58.874] [nas] [debug] UAC access attempt is allowed for identity[0], category[MO_sig]
[2023-01-09 12:08:58.874] [nas] [debug] Sending Initial Registration
[2023-01-09 12:08:58.874] [nas] [debug] Deleting NAS security context
[2023-01-09 12:08:58.874] [nas] [info] UE switches to state [MM-REGISTER-INITIATED]
[2023-01-09 12:08:58.874] [rrc] [debug] Sending RRC Setup Request
[2023-01-09 12:08:58.876] [rrc] [info] RRC connection established
[2023-01-09 12:08:58.876] [rrc] [info] UE switches to state [RRC-CONNECTED]
[2023-01-09 12:08:58.876] [nas] [info] UE switches to state [CM-CONNECTED]
[2023-01-09 12:08:59.095] [nas] [debug] Authentication Request received
[2023-01-09 12:08:59.108] [nas] [debug] Security Mode Command received
[2023-01-09 12:08:59.108] [nas] [debug] Selected integrity[2] ciphering[0]
[2023-01-09 12:08:59.133] [nas] [debug] Registration accept received
[2023-01-09 12:08:59.133] [nas] [info] UE switches to state [MM-REGISTERED/NORMAL-SERVICE]
[2023-01-09 12:08:59.133] [nas] [debug] Sending Registration Complete
[2023-01-09 12:08:59.133] [nas] [info] Initial Registration is successful
[2023-01-09 12:08:59.133] [nas] [debug] Sending PDU Session Establishment Request
[2023-01-09 12:08:59.135] [nas] [debug] UAC access attempt is allowed for identity[0], category[MO_sig]
[2023-01-09 12:08:59.370] [nas] [debug] PDU Session Establishment Accept received
[2023-01-09 12:08:59.370] [nas] [info] PDU Session establishment is successful PSI[1]
[2023-01-09 12:08:59.440] [app] [info] Connection setup for PDU session[1] is successful, TUN interface[uesimtun78, 10.60.3.238] is up.
[2023-01-09 12:09:25.903] [nas] [debug] Sending PDU Session Establishment Request
[2023-01-09 12:09:26.004] [nas] [error] No response from RRC from UAC checks, considering access attempt is barred
[2023-01-09 12:09:42.594] [nas] [warning] Retransmitting PDU Session Establishment Request due to T3580 expiry
[2023-01-09 12:09:42.594] [nas] [debug] UAC access attempt is allowed for identity[0], category[MO_sig]
[2023-01-09 12:09:53.060] [nas] [debug] Sending PDU Session Establishment Request
[2023-01-09 12:09:53.161] [nas] [error] No response from RRC from UAC checks, considering access attempt is barred
[2023-01-09 12:09:58.610] [nas] [warning] Retransmitting PDU Session Establishment Request due to T3580 expiry
[2023-01-09 12:09:58.615] [nas] [debug] UAC access attempt is allowed for identity[0], category[MO_sig]
