UERANSIM v3.2.6
[2023-01-09 12:02:53.967] [nas] [info] UE switches to state [MM-DEREGISTERED/PLMN-SEARCH]
[2023-01-09 12:02:53.970] [rrc] [debug] New signal detected for cell[1], total [1] cells in coverage
[2023-01-09 12:02:53.970] [nas] [info] Selected plmn[208/93]
[2023-01-09 12:02:53.970] [rrc] [info] Selected cell plmn[208/93] tac[1] category[SUITABLE]
[2023-01-09 12:02:53.970] [nas] [info] UE switches to state [MM-DEREGISTERED/PS]
[2023-01-09 12:02:53.970] [nas] [info] UE switches to state [MM-DEREGISTERED/NORMAL-SERVICE]
[2023-01-09 12:02:53.970] [nas] [debug] Initial registration required due to [MM-DEREG-NORMAL-SERVICE]
[2023-01-09 12:02:53.972] [nas] [debug] UAC access attempt is allowed for identity[0], category[MO_sig]
[2023-01-09 12:02:53.972] [nas] [debug] Sending Initial Registration
[2023-01-09 12:02:53.972] [nas] [info] UE switches to state [MM-REGISTER-INITIATED]
[2023-01-09 12:02:53.972] [rrc] [debug] Sending RRC Setup Request
[2023-01-09 12:02:53.973] [rrc] [info] RRC connection established
[2023-01-09 12:02:53.973] [rrc] [info] UE switches to state [RRC-CONNECTED]
[2023-01-09 12:02:53.974] [nas] [info] UE switches to state [CM-CONNECTED]
[2023-01-09 12:02:53.992] [nas] [debug] Authentication Request received
[2023-01-09 12:02:53.999] [nas] [debug] Security Mode Command received
[2023-01-09 12:02:53.999] [nas] [debug] Selected integrity[2] ciphering[0]
[2023-01-09 12:02:54.028] [nas] [debug] Registration accept received
[2023-01-09 12:02:54.028] [nas] [info] UE switches to state [MM-REGISTERED/NORMAL-SERVICE]
[2023-01-09 12:02:54.028] [nas] [debug] Sending Registration Complete
[2023-01-09 12:02:54.028] [nas] [info] Initial Registration is successful
[2023-01-09 12:02:54.028] [nas] [debug] Sending PDU Session Establishment Request
[2023-01-09 12:02:54.029] [nas] [debug] UAC access attempt is allowed for identity[0], category[MO_sig]
[2023-01-09 12:02:54.267] [nas] [debug] PDU Session Establishment Accept received
[2023-01-09 12:02:54.267] [nas] [info] PDU Session establishment is successful PSI[1]
[2023-01-09 12:02:54.312] [app] [info] Connection setup for PDU session[1] is successful, TUN interface[uesimtun42, 10.60.0.43] is up.
[2023-01-09 12:03:54.307] [nas] [debug] Sending PDU Session Release Request for PSI[1]
[2023-01-09 12:03:54.667] [nas] [debug] PDU Session Release Command received
[2023-01-09 12:03:54.667] [nas] [debug] Performing local release of PDU session[1]
[2023-01-09 12:03:55.382] [nas] [debug] Sending PDU Session Establishment Request
[2023-01-09 12:03:55.392] [nas] [debug] UAC access attempt is allowed for identity[0], category[MO_sig]
[2023-01-09 12:03:55.574] [nas] [debug] PDU Session Establishment Accept received
[2023-01-09 12:03:55.574] [nas] [info] PDU Session establishment is successful PSI[1]
[2023-01-09 12:03:55.701] [app] [info] Connection setup for PDU session[1] is successful, TUN interface[uesimtun77, 10.60.0.144] is up.
[2023-01-09 12:04:09.406] [nas] [debug] De-registration required due to [NORMAL]
[2023-01-09 12:04:09.417] [nas] [debug] Starting de-registration procedure due to [NORMAL]
[2023-01-09 12:04:09.417] [nas] [debug] Performing local release of PDU session[1]
[2023-01-09 12:04:09.417] [nas] [info] UE switches to state [MM-DEREGISTER-INITIATED]
[2023-01-09 12:04:09.485] [rrc] [debug] RRC Release received
[2023-01-09 12:04:09.486] [nas] [debug] De-registration accept received
[2023-01-09 12:04:09.486] [nas] [info] UE switches to state [MM-DEREGISTERED/PS]
[2023-01-09 12:04:09.486] [nas] [info] De-registration is successful
[2023-01-09 12:04:09.486] [nas] [info] UE switches to state [CM-IDLE]
[2023-01-09 12:04:09.486] [nas] [info] UE switches to state [MM-DEREGISTERED/NORMAL-SERVICE]
[2023-01-09 12:04:09.486] [nas] [debug] Initial registration required due to [MM-DEREG-NORMAL-SERVICE]
[2023-01-09 12:04:09.493] [nas] [debug] UAC access attempt is allowed for identity[0], category[MO_sig]
[2023-01-09 12:04:09.494] [nas] [debug] Sending Initial Registration
[2023-01-09 12:04:09.494] [nas] [debug] Deleting NAS security context
[2023-01-09 12:04:09.494] [nas] [info] UE switches to state [MM-REGISTER-INITIATED]
[2023-01-09 12:04:09.494] [rrc] [debug] Sending RRC Setup Request
[2023-01-09 12:04:09.494] [rrc] [info] RRC connection established
[2023-01-09 12:04:09.494] [rrc] [info] UE switches to state [RRC-CONNECTED]
[2023-01-09 12:04:09.494] [nas] [info] UE switches to state [CM-CONNECTED]
[2023-01-09 12:04:09.521] [nas] [debug] Authentication Request received
[2023-01-09 12:04:09.557] [nas] [debug] Security Mode Command received
[2023-01-09 12:04:09.557] [nas] [debug] Selected integrity[2] ciphering[0]
[2023-01-09 12:04:09.823] [nas] [debug] Registration accept received
[2023-01-09 12:04:09.824] [nas] [info] UE switches to state [MM-REGISTERED/NORMAL-SERVICE]
[2023-01-09 12:04:09.824] [nas] [debug] Sending Registration Complete
[2023-01-09 12:04:09.824] [nas] [info] Initial Registration is successful
[2023-01-09 12:04:09.824] [nas] [debug] Sending PDU Session Establishment Request
[2023-01-09 12:04:09.830] [nas] [debug] UAC access attempt is allowed for identity[0], category[MO_sig]
[2023-01-09 12:04:10.065] [nas] [debug] PDU Session Establishment Accept received
[2023-01-09 12:04:10.065] [nas] [info] PDU Session establishment is successful PSI[1]
[2023-01-09 12:04:10.225] [app] [info] Connection setup for PDU session[1] is successful, TUN interface[uesimtun93, 10.60.0.186] is up.
[2023-01-09 12:04:41.516] [nas] [debug] Sending PDU Session Establishment Request
[2023-01-09 12:04:41.617] [nas] [error] No response from RRC from UAC checks, considering access attempt is barred
[2023-01-09 12:04:58.116] [nas] [warning] Retransmitting PDU Session Establishment Request due to T3580 expiry
[2023-01-09 12:04:58.119] [nas] [debug] UAC access attempt is allowed for identity[0], category[MO_sig]
[2023-01-09 12:04:58.342] [nas] [debug] PDU Session Establishment Accept received
[2023-01-09 12:04:58.342] [nas] [info] PDU Session establishment is successful PSI[2]
[2023-01-09 12:04:58.520] [app] [info] Connection setup for PDU session[2] is successful, TUN interface[uesimtun5, 10.60.1.110] is up.
[2023-01-09 12:05:11.709] [nas] [debug] Sending PDU Session Release Request for PSI[2]
[2023-01-09 12:05:11.728] [nas] [debug] PDU Session Release Command received
[2023-01-09 12:05:11.728] [nas] [debug] Performing local release of PDU session[2]
[2023-01-09 12:05:20.758] [nas] [debug] Sending PDU Session Release Request for PSI[1]
[2023-01-09 12:05:20.797] [nas] [debug] PDU Session Release Command received
[2023-01-09 12:05:20.797] [nas] [debug] Performing local release of PDU session[1]
[2023-01-09 12:05:21.530] [nas] [debug] Sending PDU Session Establishment Request
[2023-01-09 12:05:21.530] [nas] [debug] UAC access attempt is allowed for identity[0], category[MO_sig]
[2023-01-09 12:05:21.594] [nas] [debug] PDU Session Establishment Accept received
[2023-01-09 12:05:21.594] [nas] [info] PDU Session establishment is successful PSI[1]
[2023-01-09 12:05:21.681] [app] [info] Connection setup for PDU session[1] is successful, TUN interface[uesimtun132, 10.60.1.182] is up.
[2023-01-09 12:05:26.787] [nas] [debug] Sending PDU Session Release Request for PSI[1]
[2023-01-09 12:05:26.807] [nas] [debug] PDU Session Release Command received
[2023-01-09 12:05:26.807] [nas] [debug] Performing local release of PDU session[1]
[2023-01-09 12:05:27.035] [nas] [debug] Sending PDU Session Establishment Request
[2023-01-09 12:05:27.040] [nas] [debug] UAC access attempt is allowed for identity[0], category[MO_sig]
[2023-01-09 12:05:27.256] [nas] [debug] PDU Session Establishment Accept received
[2023-01-09 12:05:27.256] [nas] [info] PDU Session establishment is successful PSI[1]
[2023-01-09 12:05:27.400] [app] [info] Connection setup for PDU session[1] is successful, TUN interface[uesimtun105, 10.60.1.199] is up.
[2023-01-09 12:05:35.820] [nas] [debug] Sending PDU Session Establishment Request
[2023-01-09 12:05:35.921] [nas] [error] No response from RRC from UAC checks, considering access attempt is barred
[2023-01-09 12:05:52.192] [nas] [warning] Retransmitting PDU Session Establishment Request due to T3580 expiry
[2023-01-09 12:05:52.192] [nas] [debug] UAC access attempt is allowed for identity[0], category[MO_sig]
[2023-01-09 12:05:52.297] [nas] [debug] PDU Session Establishment Accept received
[2023-01-09 12:05:52.297] [nas] [info] PDU Session establishment is successful PSI[2]
[2023-01-09 12:05:52.442] [app] [info] Connection setup for PDU session[2] is successful, TUN interface[uesimtun52, 10.60.2.10] is up.
[2023-01-09 12:06:04.082] [nas] [debug] Sending PDU Session Release Request for PSI[1]
[2023-01-09 12:06:04.267] [nas] [error] PDU Session Release Reject received [REQUEST_REJECTED_UNSPECIFIED]
[2023-01-09 12:06:04.267] [nas] [error] PS release reject received without being requested
[2023-01-09 12:06:04.267] [nas] [warning] Sending SM Cause[MESSAGE_TYPE_NOT_COMPATIBLE_WITH_THE_PROTOCOL_STATE] for PSI[1]
[2023-01-09 12:06:19.192] [nas] [warning] PDU session release procedure could not start: PS[3] is not active already
[2023-01-09 12:06:33.234] [nas] [debug] De-registration required due to [NORMAL]
[2023-01-09 12:06:33.244] [nas] [debug] Starting de-registration procedure due to [NORMAL]
[2023-01-09 12:06:33.244] [nas] [debug] Performing local release of PDU session[1]
[2023-01-09 12:06:33.244] [nas] [debug] Performing local release of PDU session[2]
[2023-01-09 12:06:33.244] [nas] [info] UE switches to state [MM-DEREGISTER-INITIATED]
[2023-01-09 12:06:33.438] [nas] [debug] De-registration accept received
[2023-01-09 12:06:33.438] [nas] [info] UE switches to state [MM-DEREGISTERED/PS]
[2023-01-09 12:06:33.438] [nas] [info] De-registration is successful
[2023-01-09 12:06:33.438] [nas] [info] UE switches to state [MM-DEREGISTERED/NORMAL-SERVICE]
[2023-01-09 12:06:33.438] [nas] [debug] Initial registration required due to [MM-DEREG-NORMAL-SERVICE]
[2023-01-09 12:06:33.438] [nas] [debug] Sending Initial Registration
[2023-01-09 12:06:33.438] [nas] [debug] Deleting NAS security context
[2023-01-09 12:06:33.438] [nas] [info] UE switches to state [MM-REGISTER-INITIATED]
[2023-01-09 12:06:33.438] [rrc] [debug] RRC Release received
[2023-01-09 12:06:33.439] [nas] [info] UE switches to state [CM-IDLE]
[2023-01-09 12:06:33.439] [nas] [info] UE switches to state [MM-DEREGISTERED/PS]
[2023-01-09 12:06:33.439] [nas] [info] UE switches to state [5U2-NOT-UPDATED]
[2023-01-09 12:06:33.439] [nas] [info] UE switches to state [MM-DEREGISTERED/ATTEMPTING-REGISTRATION]
[2023-01-09 12:06:44.259] [nas] [debug] NAS timer[3511] expired [1]
[2023-01-09 12:06:44.259] [nas] [debug] Initial registration required due to [T3511-EXPIRY-IN-ATT-REG]
[2023-01-09 12:06:44.262] [nas] [debug] UAC access attempt is allowed for identity[0], category[MO_sig]
[2023-01-09 12:06:44.262] [nas] [debug] Sending Initial Registration
[2023-01-09 12:06:44.262] [rrc] [debug] Sending RRC Setup Request
[2023-01-09 12:06:44.262] [nas] [info] UE switches to state [MM-REGISTER-INITIATED]
[2023-01-09 12:06:44.263] [rrc] [info] RRC connection established
[2023-01-09 12:06:44.263] [rrc] [info] UE switches to state [RRC-CONNECTED]
[2023-01-09 12:06:44.263] [nas] [info] UE switches to state [CM-CONNECTED]
[2023-01-09 12:06:44.340] [nas] [debug] Authentication Request received
[2023-01-09 12:06:44.358] [nas] [debug] Security Mode Command received
[2023-01-09 12:06:44.358] [nas] [debug] Selected integrity[2] ciphering[0]
[2023-01-09 12:06:44.390] [nas] [debug] Registration accept received
[2023-01-09 12:06:44.390] [nas] [info] UE switches to state [MM-REGISTERED/NORMAL-SERVICE]
[2023-01-09 12:06:44.390] [nas] [info] UE switches to state [5U1-UPDATED]
[2023-01-09 12:06:44.390] [nas] [debug] Sending Registration Complete
[2023-01-09 12:06:44.390] [nas] [info] Initial Registration is successful
[2023-01-09 12:06:44.390] [nas] [debug] Sending PDU Session Establishment Request
[2023-01-09 12:06:44.390] [nas] [debug] UAC access attempt is allowed for identity[0], category[MO_sig]
[2023-01-09 12:06:44.460] [nas] [debug] PDU Session Establishment Accept received
[2023-01-09 12:06:44.463] [nas] [info] PDU Session establishment is successful PSI[1]
[2023-01-09 12:06:44.548] [app] [info] Connection setup for PDU session[1] is successful, TUN interface[uesimtun63, 10.60.2.150] is up.
[2023-01-09 12:07:07.311] [nas] [debug] Sending PDU Session Release Request for PSI[1]
[2023-01-09 12:07:07.436] [nas] [error] PDU Session Release Reject received [REQUEST_REJECTED_UNSPECIFIED]
[2023-01-09 12:07:07.436] [nas] [error] PS release reject received without being requested
[2023-01-09 12:07:07.436] [nas] [warning] Sending SM Cause[MESSAGE_TYPE_NOT_COMPATIBLE_WITH_THE_PROTOCOL_STATE] for PSI[1]
[2023-01-09 12:07:19.363] [nas] [debug] Sending PDU Session Establishment Request
[2023-01-09 12:07:19.464] [nas] [error] No response from RRC from UAC checks, considering access attempt is barred
[2023-01-09 12:07:36.322] [nas] [warning] Retransmitting PDU Session Establishment Request due to T3580 expiry
[2023-01-09 12:07:36.324] [nas] [debug] UAC access attempt is allowed for identity[0], category[MO_sig]
[2023-01-09 12:07:36.358] [nas] [debug] PDU Session Establishment Accept received
[2023-01-09 12:07:36.358] [nas] [info] PDU Session establishment is successful PSI[2]
[2023-01-09 12:07:36.522] [app] [info] Connection setup for PDU session[2] is successful, TUN interface[uesimtun152, 10.60.3.34] is up.
[2023-01-09 12:07:48.588] [nas] [debug] Sending PDU Session Release Request for PSI[2]
[2023-01-09 12:07:48.769] [nas] [error] PDU Session Release Reject received [REQUEST_REJECTED_UNSPECIFIED]
[2023-01-09 12:07:48.769] [nas] [error] PS release reject received without being requested
[2023-01-09 12:07:48.769] [nas] [warning] Sending SM Cause[MESSAGE_TYPE_NOT_COMPATIBLE_WITH_THE_PROTOCOL_STATE] for PSI[2]
[2023-01-09 12:07:57.631] [nas] [debug] Sending PDU Session Establishment Request
[2023-01-09 12:07:57.733] [nas] [error] No response from RRC from UAC checks, considering access attempt is barred
[2023-01-09 12:08:14.361] [nas] [warning] Retransmitting PDU Session Establishment Request due to T3580 expiry
[2023-01-09 12:08:14.363] [nas] [debug] UAC access attempt is allowed for identity[0], category[MO_sig]
[2023-01-09 12:08:14.401] [nas] [debug] PDU Session Establishment Accept received
[2023-01-09 12:08:14.401] [nas] [info] PDU Session establishment is successful PSI[3]
[2023-01-09 12:08:14.501] [app] [info] Connection setup for PDU session[3] is successful, TUN interface[uesimtun133, 10.60.3.123] is up.
[2023-01-09 12:08:23.875] [nas] [warning] PDU session release procedure could not start: PS[4] is not active already
[2023-01-09 12:08:38.955] [nas] [debug] Sending PDU Session Establishment Request
[2023-01-09 12:08:39.056] [nas] [error] No response from RRC from UAC checks, considering access attempt is barred
[2023-01-09 12:08:55.409] [nas] [warning] Retransmitting PDU Session Establishment Request due to T3580 expiry
[2023-01-09 12:08:55.412] [nas] [debug] UAC access attempt is allowed for identity[0], category[MO_sig]
[2023-01-09 12:08:55.499] [nas] [debug] PDU Session Establishment Accept received
[2023-01-09 12:08:55.499] [nas] [info] PDU Session establishment is successful PSI[4]
[2023-01-09 12:08:55.609] [app] [info] Connection setup for PDU session[4] is successful, TUN interface[uesimtun55, 10.60.3.228] is up.
[2023-01-09 12:09:11.128] [nas] [debug] Sending PDU Session Establishment Request
[2023-01-09 12:09:11.229] [nas] [error] No response from RRC from UAC checks, considering access attempt is barred
[2023-01-09 12:09:27.451] [nas] [warning] Retransmitting PDU Session Establishment Request due to T3580 expiry
[2023-01-09 12:09:27.452] [nas] [debug] UAC access attempt is allowed for identity[0], category[MO_sig]
[2023-01-09 12:09:42.285] [nas] [debug] Sending PDU Session Establishment Request
[2023-01-09 12:09:42.386] [nas] [error] No response from RRC from UAC checks, considering access attempt is barred
[2023-01-09 12:09:43.467] [nas] [warning] Retransmitting PDU Session Establishment Request due to T3580 expiry
[2023-01-09 12:09:43.468] [nas] [debug] UAC access attempt is allowed for identity[0], category[MO_sig]
[2023-01-09 12:09:58.482] [nas] [warning] Retransmitting PDU Session Establishment Request due to T3580 expiry
[2023-01-09 12:09:58.485] [nas] [debug] UAC access attempt is allowed for identity[0], category[MO_sig]
[2023-01-09 12:09:59.483] [nas] [warning] Retransmitting PDU Session Establishment Request due to T3580 expiry
[2023-01-09 12:09:59.485] [nas] [debug] UAC access attempt is allowed for identity[0], category[MO_sig]
