UERANSIM v3.2.6
[2023-01-09 12:02:42.949] [nas] [info] UE switches to state [MM-DEREGISTERED/PLMN-SEARCH]
[2023-01-09 12:02:42.951] [rrc] [debug] New signal detected for cell[1], total [1] cells in coverage
[2023-01-09 12:02:42.951] [nas] [info] Selected plmn[208/93]
[2023-01-09 12:02:42.951] [rrc] [info] Selected cell plmn[208/93] tac[1] category[SUITABLE]
[2023-01-09 12:02:42.951] [nas] [info] UE switches to state [MM-DEREGISTERED/PS]
[2023-01-09 12:02:42.951] [nas] [info] UE switches to state [MM-DEREGISTERED/NORMAL-SERVICE]
[2023-01-09 12:02:42.951] [nas] [debug] Initial registration required due to [MM-DEREG-NORMAL-SERVICE]
[2023-01-09 12:02:42.952] [nas] [debug] UAC access attempt is allowed for identity[0], category[MO_sig]
[2023-01-09 12:02:42.952] [nas] [debug] Sending Initial Registration
[2023-01-09 12:02:42.952] [nas] [info] UE switches to state [MM-REGISTER-INITIATED]
[2023-01-09 12:02:42.952] [rrc] [debug] Sending RRC Setup Request
[2023-01-09 12:02:42.952] [rrc] [info] RRC connection established
[2023-01-09 12:02:42.952] [rrc] [info] UE switches to state [RRC-CONNECTED]
[2023-01-09 12:02:42.952] [nas] [info] UE switches to state [CM-CONNECTED]
[2023-01-09 12:02:42.967] [nas] [debug] Authentication Request received
[2023-01-09 12:02:42.971] [nas] [debug] Security Mode Command received
[2023-01-09 12:02:42.972] [nas] [debug] Selected integrity[2] ciphering[0]
[2023-01-09 12:02:43.000] [nas] [debug] Registration accept received
[2023-01-09 12:02:43.000] [nas] [info] UE switches to state [MM-REGISTERED/NORMAL-SERVICE]
[2023-01-09 12:02:43.000] [nas] [debug] Sending Registration Complete
[2023-01-09 12:02:43.000] [nas] [info] Initial Registration is successful
[2023-01-09 12:02:43.000] [nas] [debug] Sending PDU Session Establishment Request
[2023-01-09 12:02:43.002] [nas] [debug] UAC access attempt is allowed for identity[0], category[MO_sig]
[2023-01-09 12:02:43.237] [nas] [debug] PDU Session Establishment Accept received
[2023-01-09 12:02:43.237] [nas] [info] PDU Session establishment is successful PSI[1]
[2023-01-09 12:02:43.263] [app] [info] Connection setup for PDU session[1] is successful, TUN interface[uesimtun31, 10.60.0.32] is up.
[2023-01-09 12:03:54.207] [nas] [warning] PDU session release procedure could not start: PS[2] is not active already
[2023-01-09 12:04:00.256] [nas] [debug] Sending PDU Session Release Request for PSI[1]
[2023-01-09 12:04:00.310] [nas] [debug] PDU Session Release Command received
[2023-01-09 12:04:00.310] [nas] [debug] Performing local release of PDU session[1]
[2023-01-09 12:04:01.124] [nas] [debug] Sending PDU Session Establishment Request
[2023-01-09 12:04:01.127] [nas] [debug] UAC access attempt is allowed for identity[0], category[MO_sig]
[2023-01-09 12:04:01.181] [nas] [debug] PDU Session Establishment Accept received
[2023-01-09 12:04:01.181] [nas] [info] PDU Session establishment is successful PSI[1]
[2023-01-09 12:04:01.251] [app] [info] Connection setup for PDU session[1] is successful, TUN interface[uesimtun33, 10.60.0.156] is up.
[2023-01-09 12:04:06.301] [nas] [debug] Sending PDU Session Release Request for PSI[1]
[2023-01-09 12:04:06.318] [nas] [debug] PDU Session Release Command received
[2023-01-09 12:04:06.318] [nas] [debug] Performing local release of PDU session[1]
[2023-01-09 12:04:06.629] [nas] [debug] Sending PDU Session Establishment Request
[2023-01-09 12:04:06.633] [nas] [debug] UAC access attempt is allowed for identity[0], category[MO_sig]
[2023-01-09 12:04:06.798] [nas] [debug] PDU Session Establishment Accept received
[2023-01-09 12:04:06.798] [nas] [info] PDU Session establishment is successful PSI[1]
[2023-01-09 12:04:06.933] [app] [info] Connection setup for PDU session[1] is successful, TUN interface[uesimtun23, 10.60.0.168] is up.
[2023-01-09 12:04:13.372] [nas] [debug] Sending PDU Session Release Request for PSI[1]
[2023-01-09 12:04:13.596] [nas] [error] PDU Session Release Reject received [REQUEST_REJECTED_UNSPECIFIED]
[2023-01-09 12:04:13.596] [nas] [error] PS release reject received without being requested
[2023-01-09 12:04:13.596] [nas] [warning] Sending SM Cause[MESSAGE_TYPE_NOT_COMPATIBLE_WITH_THE_PROTOCOL_STATE] for PSI[1]
[2023-01-09 12:04:24.427] [nas] [debug] Sending PDU Session Establishment Request
[2023-01-09 12:04:24.533] [nas] [error] No response from RRC from UAC checks, considering access attempt is barred
[2023-01-09 12:04:41.079] [nas] [warning] Retransmitting PDU Session Establishment Request due to T3580 expiry
[2023-01-09 12:04:41.082] [nas] [debug] UAC access attempt is allowed for identity[0], category[MO_sig]
[2023-01-09 12:04:41.291] [nas] [debug] PDU Session Establishment Accept received
[2023-01-09 12:04:41.291] [nas] [info] PDU Session establishment is successful PSI[2]
[2023-01-09 12:04:41.438] [app] [info] Connection setup for PDU session[2] is successful, TUN interface[uesimtun26, 10.60.1.64] is up.
[2023-01-09 12:04:59.712] [nas] [debug] De-registration required due to [NORMAL]
[2023-01-09 12:04:59.719] [nas] [debug] Starting de-registration procedure due to [NORMAL]
[2023-01-09 12:04:59.719] [nas] [debug] Performing local release of PDU session[1]
[2023-01-09 12:04:59.719] [nas] [debug] Performing local release of PDU session[2]
[2023-01-09 12:04:59.719] [nas] [info] UE switches to state [MM-DEREGISTER-INITIATED]
[2023-01-09 12:04:59.911] [nas] [debug] De-registration accept received
[2023-01-09 12:04:59.911] [nas] [info] UE switches to state [MM-DEREGISTERED/PS]
[2023-01-09 12:04:59.911] [nas] [info] De-registration is successful
[2023-01-09 12:04:59.911] [nas] [info] UE switches to state [MM-DEREGISTERED/NORMAL-SERVICE]
[2023-01-09 12:04:59.911] [nas] [debug] Initial registration required due to [MM-DEREG-NORMAL-SERVICE]
[2023-01-09 12:04:59.911] [nas] [debug] Sending Initial Registration
[2023-01-09 12:04:59.911] [nas] [debug] Deleting NAS security context
[2023-01-09 12:04:59.911] [nas] [info] UE switches to state [MM-REGISTER-INITIATED]
[2023-01-09 12:04:59.922] [rrc] [debug] RRC Release received
[2023-01-09 12:04:59.922] [nas] [info] UE switches to state [CM-IDLE]
[2023-01-09 12:04:59.922] [nas] [info] UE switches to state [MM-DEREGISTERED/PS]
[2023-01-09 12:04:59.922] [nas] [info] UE switches to state [5U2-NOT-UPDATED]
[2023-01-09 12:04:59.922] [nas] [info] UE switches to state [MM-DEREGISTERED/ATTEMPTING-REGISTRATION]
[2023-01-09 12:05:10.126] [nas] [debug] NAS timer[3511] expired [1]
[2023-01-09 12:05:10.126] [nas] [debug] Initial registration required due to [T3511-EXPIRY-IN-ATT-REG]
[2023-01-09 12:05:10.126] [nas] [debug] UAC access attempt is allowed for identity[0], category[MO_sig]
[2023-01-09 12:05:10.126] [nas] [debug] Sending Initial Registration
[2023-01-09 12:05:10.126] [nas] [info] UE switches to state [MM-REGISTER-INITIATED]
[2023-01-09 12:05:10.126] [rrc] [debug] Sending RRC Setup Request
[2023-01-09 12:05:10.128] [rrc] [info] RRC connection established
[2023-01-09 12:05:10.128] [rrc] [info] UE switches to state [RRC-CONNECTED]
[2023-01-09 12:05:10.128] [nas] [info] UE switches to state [CM-CONNECTED]
[2023-01-09 12:05:10.390] [nas] [debug] Authentication Request received
[2023-01-09 12:05:10.415] [nas] [debug] Security Mode Command received
[2023-01-09 12:05:10.415] [nas] [debug] Selected integrity[2] ciphering[0]
[2023-01-09 12:05:10.454] [nas] [debug] Registration accept received
[2023-01-09 12:05:10.454] [nas] [info] UE switches to state [MM-REGISTERED/NORMAL-SERVICE]
[2023-01-09 12:05:10.454] [nas] [info] UE switches to state [5U1-UPDATED]
[2023-01-09 12:05:10.454] [nas] [debug] Sending Registration Complete
[2023-01-09 12:05:10.454] [nas] [info] Initial Registration is successful
[2023-01-09 12:05:10.454] [nas] [debug] Sending PDU Session Establishment Request
[2023-01-09 12:05:10.455] [nas] [debug] UAC access attempt is allowed for identity[0], category[MO_sig]
[2023-01-09 12:05:10.691] [nas] [debug] PDU Session Establishment Accept received
[2023-01-09 12:05:10.691] [nas] [info] PDU Session establishment is successful PSI[1]
[2023-01-09 12:05:10.795] [app] [info] Connection setup for PDU session[1] is successful, TUN interface[uesimtun107, 10.60.1.150] is up.
[2023-01-09 12:05:33.888] [nas] [warning] PDU session release procedure could not start: PS[2] is not active already
[2023-01-09 12:05:46.935] [nas] [debug] De-registration required due to [NORMAL]
[2023-01-09 12:05:46.945] [nas] [debug] Starting de-registration procedure due to [NORMAL]
[2023-01-09 12:05:46.945] [nas] [debug] Performing local release of PDU session[1]
[2023-01-09 12:05:46.945] [nas] [info] UE switches to state [MM-DEREGISTER-INITIATED]
[2023-01-09 12:05:47.110] [nas] [debug] De-registration accept received
[2023-01-09 12:05:47.110] [nas] [info] UE switches to state [MM-DEREGISTERED/PS]
[2023-01-09 12:05:47.110] [nas] [info] De-registration is successful
[2023-01-09 12:05:47.110] [nas] [info] UE switches to state [MM-DEREGISTERED/NORMAL-SERVICE]
[2023-01-09 12:05:47.110] [nas] [debug] Initial registration required due to [MM-DEREG-NORMAL-SERVICE]
[2023-01-09 12:05:47.110] [nas] [debug] Sending Initial Registration
[2023-01-09 12:05:47.110] [nas] [debug] Deleting NAS security context
[2023-01-09 12:05:47.110] [nas] [info] UE switches to state [MM-REGISTER-INITIATED]
[2023-01-09 12:05:47.111] [rrc] [debug] RRC Release received
[2023-01-09 12:05:47.111] [nas] [info] UE switches to state [CM-IDLE]
[2023-01-09 12:05:47.111] [nas] [info] UE switches to state [MM-DEREGISTERED/PS]
[2023-01-09 12:05:47.111] [nas] [info] UE switches to state [5U2-NOT-UPDATED]
[2023-01-09 12:05:47.111] [nas] [info] UE switches to state [MM-DEREGISTERED/ATTEMPTING-REGISTRATION]
[2023-01-09 12:05:57.182] [nas] [debug] NAS timer[3511] expired [1]
[2023-01-09 12:05:57.182] [nas] [debug] Initial registration required due to [T3511-EXPIRY-IN-ATT-REG]
[2023-01-09 12:05:57.184] [nas] [debug] UAC access attempt is allowed for identity[0], category[MO_sig]
[2023-01-09 12:05:57.184] [nas] [debug] Sending Initial Registration
[2023-01-09 12:05:57.184] [rrc] [debug] Sending RRC Setup Request
[2023-01-09 12:05:57.184] [nas] [info] UE switches to state [MM-REGISTER-INITIATED]
[2023-01-09 12:05:57.184] [rrc] [info] RRC connection established
[2023-01-09 12:05:57.184] [rrc] [info] UE switches to state [RRC-CONNECTED]
[2023-01-09 12:05:57.185] [nas] [info] UE switches to state [CM-CONNECTED]
[2023-01-09 12:05:57.225] [nas] [debug] Authentication Request received
[2023-01-09 12:05:57.273] [nas] [debug] Security Mode Command received
[2023-01-09 12:05:57.273] [nas] [debug] Selected integrity[2] ciphering[0]
[2023-01-09 12:05:57.342] [nas] [debug] Registration accept received
[2023-01-09 12:05:57.342] [nas] [info] UE switches to state [MM-REGISTERED/NORMAL-SERVICE]
[2023-01-09 12:05:57.342] [nas] [info] UE switches to state [5U1-UPDATED]
[2023-01-09 12:05:57.342] [nas] [debug] Sending Registration Complete
[2023-01-09 12:05:57.342] [nas] [info] Initial Registration is successful
[2023-01-09 12:05:57.342] [nas] [debug] Sending PDU Session Establishment Request
[2023-01-09 12:05:57.344] [nas] [debug] UAC access attempt is allowed for identity[0], category[MO_sig]
[2023-01-09 12:05:57.436] [nas] [debug] PDU Session Establishment Accept received
[2023-01-09 12:05:57.436] [nas] [info] PDU Session establishment is successful PSI[1]
[2023-01-09 12:05:57.532] [app] [info] Connection setup for PDU session[1] is successful, TUN interface[uesimtun116, 10.60.2.26] is up.
[2023-01-09 12:06:11.997] [nas] [debug] De-registration required due to [NORMAL]
[2023-01-09 12:06:12.007] [nas] [debug] Starting de-registration procedure due to [NORMAL]
[2023-01-09 12:06:12.007] [nas] [debug] Performing local release of PDU session[1]
[2023-01-09 12:06:12.007] [nas] [info] UE switches to state [MM-DEREGISTER-INITIATED]
[2023-01-09 12:06:12.173] [nas] [debug] De-registration accept received
[2023-01-09 12:06:12.173] [nas] [info] UE switches to state [MM-DEREGISTERED/PS]
[2023-01-09 12:06:12.173] [nas] [info] De-registration is successful
[2023-01-09 12:06:12.173] [nas] [info] UE switches to state [MM-DEREGISTERED/NORMAL-SERVICE]
[2023-01-09 12:06:12.173] [nas] [debug] Initial registration required due to [MM-DEREG-NORMAL-SERVICE]
[2023-01-09 12:06:12.173] [nas] [debug] Sending Initial Registration
[2023-01-09 12:06:12.173] [nas] [debug] Deleting NAS security context
[2023-01-09 12:06:12.173] [nas] [info] UE switches to state [MM-REGISTER-INITIATED]
[2023-01-09 12:06:12.181] [rrc] [debug] RRC Release received
[2023-01-09 12:06:12.181] [nas] [info] UE switches to state [CM-IDLE]
[2023-01-09 12:06:12.181] [nas] [info] UE switches to state [MM-DEREGISTERED/PS]
[2023-01-09 12:06:12.181] [nas] [info] UE switches to state [5U2-NOT-UPDATED]
[2023-01-09 12:06:12.181] [nas] [info] UE switches to state [MM-DEREGISTERED/ATTEMPTING-REGISTRATION]
[2023-01-09 12:06:22.216] [nas] [debug] NAS timer[3511] expired [1]
[2023-01-09 12:06:22.216] [nas] [debug] Initial registration required due to [T3511-EXPIRY-IN-ATT-REG]
[2023-01-09 12:06:22.216] [nas] [debug] UAC access attempt is allowed for identity[0], category[MO_sig]
[2023-01-09 12:06:22.216] [nas] [debug] Sending Initial Registration
[2023-01-09 12:06:22.216] [nas] [info] UE switches to state [MM-REGISTER-INITIATED]
[2023-01-09 12:06:22.216] [rrc] [debug] Sending RRC Setup Request
[2023-01-09 12:06:22.216] [rrc] [info] RRC connection established
[2023-01-09 12:06:22.216] [rrc] [info] UE switches to state [RRC-CONNECTED]
[2023-01-09 12:06:22.216] [nas] [info] UE switches to state [CM-CONNECTED]
[2023-01-09 12:06:22.232] [nas] [debug] Authentication Request received
[2023-01-09 12:06:22.238] [nas] [debug] Security Mode Command received
[2023-01-09 12:06:22.238] [nas] [debug] Selected integrity[2] ciphering[0]
[2023-01-09 12:06:22.267] [nas] [debug] Registration accept received
[2023-01-09 12:06:22.267] [nas] [info] UE switches to state [MM-REGISTERED/NORMAL-SERVICE]
[2023-01-09 12:06:22.267] [nas] [info] UE switches to state [5U1-UPDATED]
[2023-01-09 12:06:22.267] [nas] [debug] Sending Registration Complete
[2023-01-09 12:06:22.267] [nas] [info] Initial Registration is successful
[2023-01-09 12:06:22.267] [nas] [debug] Sending PDU Session Establishment Request
[2023-01-09 12:06:22.267] [nas] [debug] UAC access attempt is allowed for identity[0], category[MO_sig]
[2023-01-09 12:06:22.307] [nas] [debug] PDU Session Establishment Accept received
[2023-01-09 12:06:22.307] [nas] [info] PDU Session establishment is successful PSI[1]
[2023-01-09 12:06:22.359] [app] [info] Connection setup for PDU session[1] is successful, TUN interface[uesimtun84, 10.60.2.87] is up.
[2023-01-09 12:06:44.067] [nas] [debug] Sending PDU Session Release Request for PSI[1]
[2023-01-09 12:06:44.108] [nas] [error] PDU Session Release Reject received [REQUEST_REJECTED_UNSPECIFIED]
[2023-01-09 12:06:44.108] [nas] [error] PS release reject received without being requested
[2023-01-09 12:06:44.108] [nas] [warning] Sending SM Cause[MESSAGE_TYPE_NOT_COMPATIBLE_WITH_THE_PROTOCOL_STATE] for PSI[1]
[2023-01-09 12:06:54.103] [nas] [debug] De-registration required due to [NORMAL]
[2023-01-09 12:06:54.113] [nas] [debug] Starting de-registration procedure due to [NORMAL]
[2023-01-09 12:06:54.113] [nas] [debug] Performing local release of PDU session[1]
[2023-01-09 12:06:54.113] [nas] [info] UE switches to state [MM-DEREGISTER-INITIATED]
[2023-01-09 12:06:54.168] [nas] [debug] De-registration accept received
[2023-01-09 12:06:54.168] [nas] [info] UE switches to state [MM-DEREGISTERED/PS]
[2023-01-09 12:06:54.168] [nas] [info] De-registration is successful
[2023-01-09 12:06:54.168] [nas] [info] UE switches to state [MM-DEREGISTERED/NORMAL-SERVICE]
[2023-01-09 12:06:54.168] [nas] [debug] Initial registration required due to [MM-DEREG-NORMAL-SERVICE]
[2023-01-09 12:06:54.168] [nas] [debug] Sending Initial Registration
[2023-01-09 12:06:54.168] [nas] [debug] Deleting NAS security context
[2023-01-09 12:06:54.168] [nas] [info] UE switches to state [MM-REGISTER-INITIATED]
[2023-01-09 12:06:54.173] [rrc] [debug] RRC Release received
[2023-01-09 12:06:54.173] [nas] [info] UE switches to state [CM-IDLE]
[2023-01-09 12:06:54.173] [nas] [info] UE switches to state [MM-DEREGISTERED/PS]
[2023-01-09 12:06:54.173] [nas] [info] UE switches to state [5U2-NOT-UPDATED]
[2023-01-09 12:06:54.173] [nas] [info] UE switches to state [MM-DEREGISTERED/ATTEMPTING-REGISTRATION]
[2023-01-09 12:07:04.268] [nas] [debug] NAS timer[3511] expired [1]
[2023-01-09 12:07:04.268] [nas] [debug] Initial registration required due to [T3511-EXPIRY-IN-ATT-REG]
[2023-01-09 12:07:04.268] [nas] [debug] UAC access attempt is allowed for identity[0], category[MO_sig]
[2023-01-09 12:07:04.268] [nas] [debug] Sending Initial Registration
[2023-01-09 12:07:04.268] [nas] [info] UE switches to state [MM-REGISTER-INITIATED]
[2023-01-09 12:07:04.268] [rrc] [debug] Sending RRC Setup Request
[2023-01-09 12:07:04.268] [rrc] [info] RRC connection established
[2023-01-09 12:07:04.268] [rrc] [info] UE switches to state [RRC-CONNECTED]
[2023-01-09 12:07:04.268] [nas] [info] UE switches to state [CM-CONNECTED]
[2023-01-09 12:07:04.510] [nas] [debug] Authentication Request received
[2023-01-09 12:07:04.554] [nas] [debug] Security Mode Command received
[2023-01-09 12:07:04.554] [nas] [debug] Selected integrity[2] ciphering[0]
[2023-01-09 12:07:04.589] [nas] [debug] Registration accept received
[2023-01-09 12:07:04.589] [nas] [info] UE switches to state [MM-REGISTERED/NORMAL-SERVICE]
[2023-01-09 12:07:04.589] [nas] [info] UE switches to state [5U1-UPDATED]
[2023-01-09 12:07:04.589] [nas] [debug] Sending Registration Complete
[2023-01-09 12:07:04.589] [nas] [info] Initial Registration is successful
[2023-01-09 12:07:04.589] [nas] [debug] Sending PDU Session Establishment Request
[2023-01-09 12:07:04.589] [nas] [debug] UAC access attempt is allowed for identity[0], category[MO_sig]
[2023-01-09 12:07:04.654] [nas] [debug] PDU Session Establishment Accept received
[2023-01-09 12:07:04.654] [nas] [info] PDU Session establishment is successful PSI[1]
[2023-01-09 12:07:04.797] [app] [info] Connection setup for PDU session[1] is successful, TUN interface[uesimtun135, 10.60.2.212] is up.
[2023-01-09 12:07:24.160] [nas] [debug] De-registration required due to [NORMAL]
[2023-01-09 12:07:24.170] [nas] [debug] Starting de-registration procedure due to [NORMAL]
[2023-01-09 12:07:24.170] [nas] [debug] Performing local release of PDU session[1]
[2023-01-09 12:07:24.170] [nas] [info] UE switches to state [MM-DEREGISTER-INITIATED]
[2023-01-09 12:07:24.214] [nas] [debug] De-registration accept received
[2023-01-09 12:07:24.214] [nas] [info] UE switches to state [MM-DEREGISTERED/PS]
[2023-01-09 12:07:24.214] [nas] [info] De-registration is successful
[2023-01-09 12:07:24.214] [nas] [info] UE switches to state [MM-DEREGISTERED/NORMAL-SERVICE]
[2023-01-09 12:07:24.214] [nas] [debug] Initial registration required due to [MM-DEREG-NORMAL-SERVICE]
[2023-01-09 12:07:24.214] [nas] [debug] Sending Initial Registration
[2023-01-09 12:07:24.214] [nas] [debug] Deleting NAS security context
[2023-01-09 12:07:24.214] [nas] [info] UE switches to state [MM-REGISTER-INITIATED]
[2023-01-09 12:07:24.219] [rrc] [debug] RRC Release received
[2023-01-09 12:07:24.220] [nas] [info] UE switches to state [CM-IDLE]
[2023-01-09 12:07:24.220] [nas] [info] UE switches to state [MM-DEREGISTERED/PS]
[2023-01-09 12:07:24.220] [nas] [info] UE switches to state [5U2-NOT-UPDATED]
[2023-01-09 12:07:24.220] [nas] [info] UE switches to state [MM-DEREGISTERED/ATTEMPTING-REGISTRATION]
[2023-01-09 12:07:34.301] [nas] [debug] NAS timer[3511] expired [1]
[2023-01-09 12:07:34.301] [nas] [debug] Initial registration required due to [T3511-EXPIRY-IN-ATT-REG]
[2023-01-09 12:07:34.301] [nas] [debug] UAC access attempt is allowed for identity[0], category[MO_sig]
[2023-01-09 12:07:34.301] [nas] [debug] Sending Initial Registration
[2023-01-09 12:07:34.301] [nas] [info] UE switches to state [MM-REGISTER-INITIATED]
[2023-01-09 12:07:34.301] [rrc] [debug] Sending RRC Setup Request
[2023-01-09 12:07:34.301] [rrc] [info] RRC connection established
[2023-01-09 12:07:34.301] [rrc] [info] UE switches to state [RRC-CONNECTED]
[2023-01-09 12:07:34.302] [nas] [info] UE switches to state [CM-CONNECTED]
[2023-01-09 12:07:34.315] [nas] [debug] Authentication Request received
[2023-01-09 12:07:34.323] [nas] [debug] Security Mode Command received
[2023-01-09 12:07:34.323] [nas] [debug] Selected integrity[2] ciphering[0]
[2023-01-09 12:07:34.385] [nas] [debug] Registration accept received
[2023-01-09 12:07:34.385] [nas] [info] UE switches to state [MM-REGISTERED/NORMAL-SERVICE]
[2023-01-09 12:07:34.385] [nas] [info] UE switches to state [5U1-UPDATED]
[2023-01-09 12:07:34.385] [nas] [debug] Sending Registration Complete
[2023-01-09 12:07:34.385] [nas] [info] Initial Registration is successful
[2023-01-09 12:07:34.385] [nas] [debug] Sending PDU Session Establishment Request
[2023-01-09 12:07:34.385] [nas] [debug] UAC access attempt is allowed for identity[0], category[MO_sig]
[2023-01-09 12:07:34.626] [nas] [debug] PDU Session Establishment Accept received
[2023-01-09 12:07:34.626] [nas] [info] PDU Session establishment is successful PSI[1]
[2023-01-09 12:07:34.660] [app] [info] Connection setup for PDU session[1] is successful, TUN interface[uesimtun148, 10.60.3.31] is up.
[2023-01-09 12:07:49.252] [nas] [debug] Sending PDU Session Release Request for PSI[1]
[2023-01-09 12:07:49.387] [nas] [error] PDU Session Release Reject received [REQUEST_REJECTED_UNSPECIFIED]
[2023-01-09 12:07:49.387] [nas] [error] PS release reject received without being requested
[2023-01-09 12:07:49.387] [nas] [warning] Sending SM Cause[MESSAGE_TYPE_NOT_COMPATIBLE_WITH_THE_PROTOCOL_STATE] for PSI[1]
[2023-01-09 12:07:56.279] [nas] [debug] De-registration required due to [NORMAL]
[2023-01-09 12:07:56.289] [nas] [debug] Starting de-registration procedure due to [NORMAL]
[2023-01-09 12:07:56.289] [nas] [debug] Performing local release of PDU session[1]
[2023-01-09 12:07:56.289] [nas] [info] UE switches to state [MM-DEREGISTER-INITIATED]
[2023-01-09 12:07:56.366] [nas] [debug] De-registration accept received
[2023-01-09 12:07:56.366] [nas] [info] UE switches to state [MM-DEREGISTERED/PS]
[2023-01-09 12:07:56.366] [nas] [info] De-registration is successful
[2023-01-09 12:07:56.366] [nas] [info] UE switches to state [MM-DEREGISTERED/NORMAL-SERVICE]
[2023-01-09 12:07:56.366] [nas] [debug] Initial registration required due to [MM-DEREG-NORMAL-SERVICE]
[2023-01-09 12:07:56.366] [nas] [debug] Sending Initial Registration
[2023-01-09 12:07:56.366] [nas] [debug] Deleting NAS security context
[2023-01-09 12:07:56.366] [nas] [info] UE switches to state [MM-REGISTER-INITIATED]
[2023-01-09 12:07:56.368] [rrc] [debug] RRC Release received
[2023-01-09 12:07:56.368] [nas] [info] UE switches to state [CM-IDLE]
[2023-01-09 12:07:56.368] [nas] [info] UE switches to state [MM-DEREGISTERED/PS]
[2023-01-09 12:07:56.368] [nas] [info] UE switches to state [5U2-NOT-UPDATED]
[2023-01-09 12:07:56.368] [nas] [info] UE switches to state [MM-DEREGISTERED/ATTEMPTING-REGISTRATION]
[2023-01-09 12:08:07.343] [nas] [debug] NAS timer[3511] expired [1]
[2023-01-09 12:08:07.343] [nas] [debug] Initial registration required due to [T3511-EXPIRY-IN-ATT-REG]
[2023-01-09 12:08:07.344] [nas] [debug] UAC access attempt is allowed for identity[0], category[MO_sig]
[2023-01-09 12:08:07.344] [nas] [debug] Sending Initial Registration
[2023-01-09 12:08:07.344] [nas] [info] UE switches to state [MM-REGISTER-INITIATED]
[2023-01-09 12:08:07.345] [rrc] [debug] Sending RRC Setup Request
[2023-01-09 12:08:07.347] [rrc] [info] RRC connection established
[2023-01-09 12:08:07.347] [rrc] [info] UE switches to state [RRC-CONNECTED]
[2023-01-09 12:08:07.348] [nas] [info] UE switches to state [CM-CONNECTED]
[2023-01-09 12:08:07.711] [nas] [debug] Authentication Request received
[2023-01-09 12:08:07.730] [nas] [debug] Security Mode Command received
[2023-01-09 12:08:07.730] [nas] [debug] Selected integrity[2] ciphering[0]
[2023-01-09 12:08:07.767] [nas] [debug] Registration accept received
[2023-01-09 12:08:07.767] [nas] [info] UE switches to state [MM-REGISTERED/NORMAL-SERVICE]
[2023-01-09 12:08:07.767] [nas] [info] UE switches to state [5U1-UPDATED]
[2023-01-09 12:08:07.767] [nas] [debug] Sending Registration Complete
[2023-01-09 12:08:07.767] [nas] [info] Initial Registration is successful
[2023-01-09 12:08:07.767] [nas] [debug] Sending PDU Session Establishment Request
[2023-01-09 12:08:07.775] [nas] [debug] UAC access attempt is allowed for identity[0], category[MO_sig]
[2023-01-09 12:08:07.836] [nas] [debug] PDU Session Establishment Accept received
[2023-01-09 12:08:07.836] [nas] [info] PDU Session establishment is successful PSI[1]
[2023-01-09 12:08:07.948] [app] [info] Connection setup for PDU session[1] is successful, TUN interface[uesimtun44, 10.60.3.108] is up.
[2023-01-09 12:08:21.341] [nas] [warning] PDU session release procedure could not start: PS[2] is not active already
[2023-01-09 12:08:35.381] [nas] [debug] Sending PDU Session Establishment Request
[2023-01-09 12:08:35.482] [nas] [error] No response from RRC from UAC checks, considering access attempt is barred
[2023-01-09 12:08:51.512] [nas] [warning] Retransmitting PDU Session Establishment Request due to T3580 expiry
[2023-01-09 12:08:51.515] [nas] [debug] UAC access attempt is allowed for identity[0], category[MO_sig]
[2023-01-09 12:08:51.680] [nas] [debug] PDU Session Establishment Accept received
[2023-01-09 12:08:51.680] [nas] [info] PDU Session establishment is successful PSI[2]
[2023-01-09 12:08:51.786] [app] [info] Connection setup for PDU session[2] is successful, TUN interface[uesimtun122, 10.60.3.220] is up.
[2023-01-09 12:09:00.591] [nas] [debug] Sending PDU Session Release Request for PSI[2]
[2023-01-09 12:09:00.679] [nas] [error] PDU Session Release Reject received [REQUEST_REJECTED_UNSPECIFIED]
[2023-01-09 12:09:00.679] [nas] [error] PS release reject received without being requested
[2023-01-09 12:09:00.679] [nas] [warning] Sending SM Cause[MESSAGE_TYPE_NOT_COMPATIBLE_WITH_THE_PROTOCOL_STATE] for PSI[2]
[2023-01-09 12:09:06.665] [nas] [debug] Sending PDU Session Release Request for PSI[1]
[2023-01-09 12:09:17.699] [nas] [debug] Sending PDU Session Release Request for PSI[1]
[2023-01-09 12:09:17.699] [nas] [debug] Sending PDU Session Release Request for PSI[2]
[2023-01-09 12:09:23.556] [nas] [warning] Retransmitting PDU Session Release Request due to T3582 expiry
[2023-01-09 12:09:29.736] [nas] [debug] Sending PDU Session Establishment Request
[2023-01-09 12:09:29.837] [nas] [error] No response from RRC from UAC checks, considering access attempt is barred
[2023-01-09 12:09:34.570] [nas] [warning] Retransmitting PDU Session Release Request due to T3582 expiry
[2023-01-09 12:09:34.570] [nas] [warning] Retransmitting PDU Session Release Request due to T3582 expiry
[2023-01-09 12:09:39.575] [nas] [warning] Retransmitting PDU Session Release Request due to T3582 expiry
[2023-01-09 12:09:46.582] [nas] [warning] Retransmitting PDU Session Establishment Request due to T3580 expiry
[2023-01-09 12:09:46.586] [nas] [debug] UAC access attempt is allowed for identity[0], category[MO_sig]
[2023-01-09 12:09:50.586] [nas] [warning] Retransmitting PDU Session Release Request due to T3582 expiry
[2023-01-09 12:09:50.586] [nas] [warning] Retransmitting PDU Session Release Request due to T3582 expiry
[2023-01-09 12:09:55.591] [nas] [warning] Retransmitting PDU Session Release Request due to T3582 expiry
[2023-01-09 12:09:56.898] [nas] [warning] PDU session release procedure could not start: PS[4] is not active already
[2023-01-09 12:10:02.598] [nas] [warning] Retransmitting PDU Session Establishment Request due to T3580 expiry
[2023-01-09 12:10:02.601] [nas] [debug] UAC access attempt is allowed for identity[0], category[MO_sig]
[2023-01-09 12:10:02.929] [nas] [debug] Sending PDU Session Establishment Request
[2023-01-09 12:10:03.030] [nas] [error] No response from RRC from UAC checks, considering access attempt is barred
