UERANSIM v3.2.6
[2023-01-09 12:03:45.053] [nas] [info] UE switches to state [MM-DEREGISTERED/PLMN-SEARCH]
[2023-01-09 12:03:45.059] [rrc] [debug] New signal detected for cell[1], total [1] cells in coverage
[2023-01-09 12:03:45.059] [nas] [info] Selected plmn[208/93]
[2023-01-09 12:03:45.059] [rrc] [info] Selected cell plmn[208/93] tac[1] category[SUITABLE]
[2023-01-09 12:03:45.060] [nas] [info] UE switches to state [MM-DEREGISTERED/PS]
[2023-01-09 12:03:45.060] [nas] [info] UE switches to state [MM-DEREGISTERED/NORMAL-SERVICE]
[2023-01-09 12:03:45.060] [nas] [debug] Initial registration required due to [MM-DEREG-NORMAL-SERVICE]
[2023-01-09 12:03:45.061] [nas] [debug] UAC access attempt is allowed for identity[0], category[MO_sig]
[2023-01-09 12:03:45.061] [nas] [debug] Sending Initial Registration
[2023-01-09 12:03:45.061] [nas] [info] UE switches to state [MM-REGISTER-INITIATED]
[2023-01-09 12:03:45.061] [rrc] [debug] Sending RRC Setup Request
[2023-01-09 12:03:45.061] [rrc] [info] RRC connection established
[2023-01-09 12:03:45.061] [rrc] [info] UE switches to state [RRC-CONNECTED]
[2023-01-09 12:03:45.061] [nas] [info] UE switches to state [CM-CONNECTED]
[2023-01-09 12:03:45.078] [nas] [debug] Authentication Request received
[2023-01-09 12:03:45.086] [nas] [debug] Security Mode Command received
[2023-01-09 12:03:45.086] [nas] [debug] Selected integrity[2] ciphering[0]
[2023-01-09 12:03:45.108] [nas] [debug] Registration accept received
[2023-01-09 12:03:45.108] [nas] [info] UE switches to state [MM-REGISTERED/NORMAL-SERVICE]
[2023-01-09 12:03:45.108] [nas] [debug] Sending Registration Complete
[2023-01-09 12:03:45.108] [nas] [info] Initial Registration is successful
[2023-01-09 12:03:45.108] [nas] [debug] Sending PDU Session Establishment Request
[2023-01-09 12:03:45.109] [nas] [debug] UAC access attempt is allowed for identity[0], category[MO_sig]
[2023-01-09 12:03:45.348] [nas] [debug] PDU Session Establishment Accept received
[2023-01-09 12:03:45.349] [nas] [info] PDU Session establishment is successful PSI[1]
[2023-01-09 12:03:45.398] [app] [info] Connection setup for PDU session[1] is successful, TUN interface[uesimtun93, 10.60.0.94] is up.
[2023-01-09 12:03:53.378] [nas] [debug] Sending PDU Session Release Request for PSI[1]
[2023-01-09 12:03:53.711] [nas] [debug] PDU Session Release Command received
[2023-01-09 12:03:53.711] [nas] [debug] Performing local release of PDU session[1]
[2023-01-09 12:03:53.861] [nas] [debug] Sending PDU Session Establishment Request
[2023-01-09 12:03:53.868] [nas] [debug] UAC access attempt is allowed for identity[0], category[MO_sig]
[2023-01-09 12:03:54.326] [nas] [debug] PDU Session Establishment Accept received
[2023-01-09 12:03:54.326] [nas] [info] PDU Session establishment is successful PSI[1]
[2023-01-09 12:03:54.787] [app] [info] Connection setup for PDU session[1] is successful, TUN interface[uesimtun55, 10.60.0.124] is up.
[2023-01-09 12:04:08.465] [nas] [warning] PDU session release procedure could not start: PS[2] is not active already
[2023-01-09 12:04:21.514] [nas] [debug] Sending PDU Session Release Request for PSI[1]
[2023-01-09 12:04:21.586] [nas] [error] PDU Session Release Reject received [REQUEST_REJECTED_UNSPECIFIED]
[2023-01-09 12:04:21.587] [nas] [error] PS release reject received without being requested
[2023-01-09 12:04:21.587] [nas] [warning] Sending SM Cause[MESSAGE_TYPE_NOT_COMPATIBLE_WITH_THE_PROTOCOL_STATE] for PSI[1]
[2023-01-09 12:04:26.594] [nas] [warning] PDU session release procedure could not start: PS[2] is not active already
[2023-01-09 12:04:39.637] [nas] [debug] Sending PDU Session Establishment Request
[2023-01-09 12:04:39.739] [nas] [error] No response from RRC from UAC checks, considering access attempt is barred
[2023-01-09 12:04:56.148] [nas] [warning] Retransmitting PDU Session Establishment Request due to T3580 expiry
[2023-01-09 12:04:56.148] [nas] [debug] UAC access attempt is allowed for identity[0], category[MO_sig]
[2023-01-09 12:04:56.211] [nas] [debug] PDU Session Establishment Accept received
[2023-01-09 12:04:56.211] [nas] [info] PDU Session establishment is successful PSI[2]
[2023-01-09 12:04:56.292] [app] [info] Connection setup for PDU session[2] is successful, TUN interface[uesimtun17, 10.60.1.106] is up.
[2023-01-09 12:05:06.816] [nas] [debug] Sending PDU Session Release Request for PSI[1]
[2023-01-09 12:05:06.817] [nas] [debug] Sending PDU Session Release Request for PSI[2]
[2023-01-09 12:05:07.048] [nas] [error] PDU Session Release Reject received [REQUEST_REJECTED_UNSPECIFIED]
[2023-01-09 12:05:07.048] [nas] [error] PS release reject received without being requested
[2023-01-09 12:05:07.048] [nas] [warning] Sending SM Cause[MESSAGE_TYPE_NOT_COMPATIBLE_WITH_THE_PROTOCOL_STATE] for PSI[1]
[2023-01-09 12:05:07.065] [nas] [error] PDU Session Release Reject received [REQUEST_REJECTED_UNSPECIFIED]
[2023-01-09 12:05:07.065] [nas] [error] PS release reject received without being requested
[2023-01-09 12:05:07.065] [nas] [warning] Sending SM Cause[MESSAGE_TYPE_NOT_COMPATIBLE_WITH_THE_PROTOCOL_STATE] for PSI[2]
[2023-01-09 12:05:13.852] [nas] [debug] Sending PDU Session Release Request for PSI[1]
[2023-01-09 12:05:13.852] [nas] [debug] Sending PDU Session Release Request for PSI[2]
[2023-01-09 12:05:13.868] [nas] [error] PDU Session Release Reject received [REQUEST_REJECTED_UNSPECIFIED]
[2023-01-09 12:05:13.868] [nas] [error] PS release reject received without being requested
[2023-01-09 12:05:13.868] [nas] [warning] Sending SM Cause[MESSAGE_TYPE_NOT_COMPATIBLE_WITH_THE_PROTOCOL_STATE] for PSI[1]
[2023-01-09 12:05:13.871] [nas] [error] PDU Session Release Reject received [REQUEST_REJECTED_UNSPECIFIED]
[2023-01-09 12:05:13.871] [nas] [error] PS release reject received without being requested
[2023-01-09 12:05:13.871] [nas] [warning] Sending SM Cause[MESSAGE_TYPE_NOT_COMPATIBLE_WITH_THE_PROTOCOL_STATE] for PSI[2]
[2023-01-09 12:05:20.885] [nas] [debug] Sending PDU Session Establishment Request
[2023-01-09 12:05:20.986] [nas] [error] No response from RRC from UAC checks, considering access attempt is barred
[2023-01-09 12:05:37.198] [nas] [warning] Retransmitting PDU Session Establishment Request due to T3580 expiry
[2023-01-09 12:05:37.198] [nas] [debug] UAC access attempt is allowed for identity[0], category[MO_sig]
[2023-01-09 12:05:37.325] [nas] [debug] PDU Session Establishment Accept received
[2023-01-09 12:05:37.325] [nas] [info] PDU Session establishment is successful PSI[3]
[2023-01-09 12:05:37.531] [app] [info] Connection setup for PDU session[3] is successful, TUN interface[uesimtun12, 10.60.1.227] is up.
[2023-01-09 12:05:53.063] [nas] [debug] De-registration required due to [NORMAL]
[2023-01-09 12:05:53.073] [nas] [debug] Starting de-registration procedure due to [NORMAL]
[2023-01-09 12:05:53.073] [nas] [debug] Performing local release of PDU session[1]
[2023-01-09 12:05:53.073] [nas] [debug] Performing local release of PDU session[2]
[2023-01-09 12:05:53.073] [nas] [debug] Performing local release of PDU session[3]
[2023-01-09 12:05:53.073] [nas] [info] UE switches to state [MM-DEREGISTER-INITIATED]
[2023-01-09 12:05:53.204] [nas] [debug] De-registration accept received
[2023-01-09 12:05:53.204] [nas] [info] UE switches to state [MM-DEREGISTERED/PS]
[2023-01-09 12:05:53.204] [nas] [info] De-registration is successful
[2023-01-09 12:05:53.204] [nas] [info] UE switches to state [MM-DEREGISTERED/NORMAL-SERVICE]
[2023-01-09 12:05:53.204] [nas] [debug] Initial registration required due to [MM-DEREG-NORMAL-SERVICE]
[2023-01-09 12:05:53.204] [nas] [debug] Sending Initial Registration
[2023-01-09 12:05:53.204] [nas] [debug] Deleting NAS security context
[2023-01-09 12:05:53.204] [nas] [info] UE switches to state [MM-REGISTER-INITIATED]
[2023-01-09 12:05:53.204] [rrc] [debug] RRC Release received
[2023-01-09 12:05:53.204] [nas] [info] UE switches to state [CM-IDLE]
[2023-01-09 12:05:53.204] [nas] [info] UE switches to state [MM-DEREGISTERED/PS]
[2023-01-09 12:05:53.204] [nas] [info] UE switches to state [5U2-NOT-UPDATED]
[2023-01-09 12:05:53.204] [nas] [info] UE switches to state [MM-DEREGISTERED/ATTEMPTING-REGISTRATION]
[2023-01-09 12:06:03.228] [nas] [debug] NAS timer[3511] expired [1]
[2023-01-09 12:06:03.228] [nas] [debug] Initial registration required due to [T3511-EXPIRY-IN-ATT-REG]
[2023-01-09 12:06:03.232] [nas] [debug] UAC access attempt is allowed for identity[0], category[MO_sig]
[2023-01-09 12:06:03.233] [nas] [debug] Sending Initial Registration
[2023-01-09 12:06:03.233] [nas] [info] UE switches to state [MM-REGISTER-INITIATED]
[2023-01-09 12:06:03.233] [rrc] [debug] Sending RRC Setup Request
[2023-01-09 12:06:03.234] [rrc] [info] RRC connection established
[2023-01-09 12:06:03.234] [rrc] [info] UE switches to state [RRC-CONNECTED]
[2023-01-09 12:06:03.234] [nas] [info] UE switches to state [CM-CONNECTED]
[2023-01-09 12:06:03.392] [nas] [debug] Authentication Request received
[2023-01-09 12:06:03.417] [nas] [debug] Security Mode Command received
[2023-01-09 12:06:03.417] [nas] [debug] Selected integrity[2] ciphering[0]
[2023-01-09 12:06:03.484] [nas] [debug] Registration accept received
[2023-01-09 12:06:03.484] [nas] [info] UE switches to state [MM-REGISTERED/NORMAL-SERVICE]
[2023-01-09 12:06:03.484] [nas] [info] UE switches to state [5U1-UPDATED]
[2023-01-09 12:06:03.484] [nas] [debug] Sending Registration Complete
[2023-01-09 12:06:03.484] [nas] [info] Initial Registration is successful
[2023-01-09 12:06:03.484] [nas] [debug] Sending PDU Session Establishment Request
[2023-01-09 12:06:03.484] [nas] [debug] UAC access attempt is allowed for identity[0], category[MO_sig]
[2023-01-09 12:06:03.575] [nas] [debug] PDU Session Establishment Accept received
[2023-01-09 12:06:03.575] [nas] [info] PDU Session establishment is successful PSI[1]
[2023-01-09 12:06:03.651] [app] [info] Connection setup for PDU session[1] is successful, TUN interface[uesimtun84, 10.60.2.41] is up.
[2023-01-09 12:06:21.197] [nas] [debug] Sending PDU Session Release Request for PSI[1]
[2023-01-09 12:06:21.417] [nas] [debug] PDU Session Release Command received
[2023-01-09 12:06:21.417] [nas] [debug] Performing local release of PDU session[1]
[2023-01-09 12:06:21.437] [nas] [debug] Sending PDU Session Establishment Request
[2023-01-09 12:06:21.455] [nas] [debug] UAC access attempt is allowed for identity[0], category[MO_sig]
[2023-01-09 12:06:21.548] [nas] [debug] PDU Session Establishment Accept received
[2023-01-09 12:06:21.548] [nas] [info] PDU Session establishment is successful PSI[1]
[2023-01-09 12:06:21.664] [app] [info] Connection setup for PDU session[1] is successful, TUN interface[uesimtun53, 10.60.2.84] is up.
[2023-01-09 12:06:34.294] [nas] [warning] PDU session release procedure could not start: PS[2] is not active already
[2023-01-09 12:06:45.358] [nas] [debug] Sending PDU Session Release Request for PSI[1]
[2023-01-09 12:06:45.515] [nas] [error] PDU Session Release Reject received [REQUEST_REJECTED_UNSPECIFIED]
[2023-01-09 12:06:45.515] [nas] [error] PS release reject received without being requested
[2023-01-09 12:06:45.515] [nas] [warning] Sending SM Cause[MESSAGE_TYPE_NOT_COMPATIBLE_WITH_THE_PROTOCOL_STATE] for PSI[1]
[2023-01-09 12:06:52.449] [nas] [debug] Sending PDU Session Release Request for PSI[1]
[2023-01-09 12:06:52.492] [nas] [error] PDU Session Release Reject received [REQUEST_REJECTED_UNSPECIFIED]
[2023-01-09 12:06:52.492] [nas] [error] PS release reject received without being requested
[2023-01-09 12:06:52.492] [nas] [warning] Sending SM Cause[MESSAGE_TYPE_NOT_COMPATIBLE_WITH_THE_PROTOCOL_STATE] for PSI[1]
[2023-01-09 12:07:04.531] [nas] [debug] Sending PDU Session Release Request for PSI[1]
[2023-01-09 12:07:04.558] [nas] [error] PDU Session Release Reject received [REQUEST_REJECTED_UNSPECIFIED]
[2023-01-09 12:07:04.558] [nas] [error] PS release reject received without being requested
[2023-01-09 12:07:04.558] [nas] [warning] Sending SM Cause[MESSAGE_TYPE_NOT_COMPATIBLE_WITH_THE_PROTOCOL_STATE] for PSI[1]
[2023-01-09 12:07:19.641] [nas] [debug] Sending PDU Session Establishment Request
[2023-01-09 12:07:19.753] [nas] [error] No response from RRC from UAC checks, considering access attempt is barred
[2023-01-09 12:07:36.336] [nas] [warning] Retransmitting PDU Session Establishment Request due to T3580 expiry
[2023-01-09 12:07:36.336] [nas] [debug] UAC access attempt is allowed for identity[0], category[MO_sig]
[2023-01-09 12:07:36.411] [nas] [debug] PDU Session Establishment Accept received
[2023-01-09 12:07:36.411] [nas] [info] PDU Session establishment is successful PSI[2]
[2023-01-09 12:07:36.583] [app] [info] Connection setup for PDU session[2] is successful, TUN interface[uesimtun0, 10.60.3.35] is up.
[2023-01-09 12:07:46.807] [nas] [debug] Sending PDU Session Release Request for PSI[1]
[2023-01-09 12:07:46.807] [nas] [debug] Sending PDU Session Release Request for PSI[2]
[2023-01-09 12:07:46.829] [nas] [error] PDU Session Release Reject received [REQUEST_REJECTED_UNSPECIFIED]
[2023-01-09 12:07:46.829] [nas] [error] PS release reject received without being requested
[2023-01-09 12:07:46.829] [nas] [warning] Sending SM Cause[MESSAGE_TYPE_NOT_COMPATIBLE_WITH_THE_PROTOCOL_STATE] for PSI[1]
[2023-01-09 12:07:46.834] [nas] [error] PDU Session Release Reject received [REQUEST_REJECTED_UNSPECIFIED]
[2023-01-09 12:07:46.834] [nas] [error] PS release reject received without being requested
[2023-01-09 12:07:46.834] [nas] [warning] Sending SM Cause[MESSAGE_TYPE_NOT_COMPATIBLE_WITH_THE_PROTOCOL_STATE] for PSI[2]
[2023-01-09 12:07:53.868] [nas] [debug] Sending PDU Session Establishment Request
[2023-01-09 12:07:53.969] [nas] [error] No response from RRC from UAC checks, considering access attempt is barred
[2023-01-09 12:08:10.370] [nas] [warning] Retransmitting PDU Session Establishment Request due to T3580 expiry
[2023-01-09 12:08:10.372] [nas] [debug] UAC access attempt is allowed for identity[0], category[MO_sig]
[2023-01-09 12:08:10.515] [nas] [debug] PDU Session Establishment Accept received
[2023-01-09 12:08:10.515] [nas] [info] PDU Session establishment is successful PSI[3]
[2023-01-09 12:08:10.619] [app] [info] Connection setup for PDU session[3] is successful, TUN interface[uesimtun41, 10.60.3.114] is up.
[2023-01-09 12:08:26.027] [nas] [debug] Sending PDU Session Release Request for PSI[1]
[2023-01-09 12:08:26.027] [nas] [debug] Sending PDU Session Release Request for PSI[2]
[2023-01-09 12:08:26.027] [nas] [debug] Sending PDU Session Release Request for PSI[3]
[2023-01-09 12:08:26.111] [nas] [error] PDU Session Release Reject received [REQUEST_REJECTED_UNSPECIFIED]
[2023-01-09 12:08:26.111] [nas] [error] PS release reject received without being requested
[2023-01-09 12:08:26.111] [nas] [warning] Sending SM Cause[MESSAGE_TYPE_NOT_COMPATIBLE_WITH_THE_PROTOCOL_STATE] for PSI[1]
[2023-01-09 12:08:26.117] [nas] [error] PDU Session Release Reject received [REQUEST_REJECTED_UNSPECIFIED]
[2023-01-09 12:08:26.117] [nas] [error] PS release reject received without being requested
[2023-01-09 12:08:26.117] [nas] [warning] Sending SM Cause[MESSAGE_TYPE_NOT_COMPATIBLE_WITH_THE_PROTOCOL_STATE] for PSI[2]
[2023-01-09 12:08:26.124] [nas] [debug] PDU Session Release Command received
[2023-01-09 12:08:26.124] [nas] [debug] Performing local release of PDU session[3]
[2023-01-09 12:08:32.089] [nas] [debug] Sending PDU Session Release Request for PSI[1]
[2023-01-09 12:08:32.170] [nas] [error] PDU Session Release Reject received [REQUEST_REJECTED_UNSPECIFIED]
[2023-01-09 12:08:32.170] [nas] [error] PS release reject received without being requested
[2023-01-09 12:08:32.170] [nas] [warning] Sending SM Cause[MESSAGE_TYPE_NOT_COMPATIBLE_WITH_THE_PROTOCOL_STATE] for PSI[1]
[2023-01-09 12:08:47.177] [nas] [debug] Sending PDU Session Release Request for PSI[1]
[2023-01-09 12:08:47.177] [nas] [debug] Sending PDU Session Release Request for PSI[2]
[2023-01-09 12:08:47.332] [nas] [error] PDU Session Release Reject received [REQUEST_REJECTED_UNSPECIFIED]
[2023-01-09 12:08:47.332] [nas] [error] PS release reject received without being requested
[2023-01-09 12:08:47.332] [nas] [warning] Sending SM Cause[MESSAGE_TYPE_NOT_COMPATIBLE_WITH_THE_PROTOCOL_STATE] for PSI[1]
[2023-01-09 12:08:47.334] [nas] [error] PDU Session Release Reject received [REQUEST_REJECTED_UNSPECIFIED]
[2023-01-09 12:08:47.334] [nas] [error] PS release reject received without being requested
[2023-01-09 12:08:47.334] [nas] [warning] Sending SM Cause[MESSAGE_TYPE_NOT_COMPATIBLE_WITH_THE_PROTOCOL_STATE] for PSI[2]
[2023-01-09 12:09:00.221] [nas] [debug] Sending PDU Session Release Request for PSI[1]
[2023-01-09 12:09:00.221] [nas] [debug] Sending PDU Session Release Request for PSI[2]
[2023-01-09 12:09:00.335] [nas] [error] PDU Session Release Reject received [REQUEST_REJECTED_UNSPECIFIED]
[2023-01-09 12:09:00.335] [nas] [error] PS release reject received without being requested
[2023-01-09 12:09:00.335] [nas] [warning] Sending SM Cause[MESSAGE_TYPE_NOT_COMPATIBLE_WITH_THE_PROTOCOL_STATE] for PSI[1]
[2023-01-09 12:09:00.338] [nas] [error] PDU Session Release Reject received [REQUEST_REJECTED_UNSPECIFIED]
[2023-01-09 12:09:00.338] [nas] [error] PS release reject received without being requested
[2023-01-09 12:09:00.338] [nas] [warning] Sending SM Cause[MESSAGE_TYPE_NOT_COMPATIBLE_WITH_THE_PROTOCOL_STATE] for PSI[2]
[2023-01-09 12:09:14.259] [nas] [debug] De-registration required due to [NORMAL]
[2023-01-09 12:09:14.268] [nas] [debug] Starting de-registration procedure due to [NORMAL]
[2023-01-09 12:09:14.268] [nas] [debug] Performing local release of PDU session[1]
[2023-01-09 12:09:14.268] [nas] [debug] Performing local release of PDU session[2]
[2023-01-09 12:09:14.268] [nas] [info] UE switches to state [MM-DEREGISTER-INITIATED]
[2023-01-09 12:09:29.470] [nas] [debug] NAS timer[3521] expired [1]
[2023-01-09 12:09:29.470] [nas] [debug] Retransmitting De-registration Request due to T3521 expiry
[2023-01-09 12:09:43.323] [nas] [debug] De-registration required due to [NORMAL]
[2023-01-09 12:09:44.487] [nas] [debug] NAS timer[3521] expired [2]
[2023-01-09 12:09:44.487] [nas] [debug] Retransmitting De-registration Request due to T3521 expiry
[2023-01-09 12:09:59.503] [nas] [debug] NAS timer[3521] expired [3]
[2023-01-09 12:09:59.503] [nas] [debug] Retransmitting De-registration Request due to T3521 expiry
