UERANSIM v3.2.6
[2023-01-09 12:03:32.032] [nas] [info] UE switches to state [MM-DEREGISTERED/PLMN-SEARCH]
[2023-01-09 12:03:32.038] [rrc] [debug] New signal detected for cell[1], total [1] cells in coverage
[2023-01-09 12:03:32.038] [nas] [info] Selected plmn[208/93]
[2023-01-09 12:03:32.038] [rrc] [info] Selected cell plmn[208/93] tac[1] category[SUITABLE]
[2023-01-09 12:03:32.038] [nas] [info] UE switches to state [MM-DEREGISTERED/PS]
[2023-01-09 12:03:32.038] [nas] [info] UE switches to state [MM-DEREGISTERED/NORMAL-SERVICE]
[2023-01-09 12:03:32.038] [nas] [debug] Initial registration required due to [MM-DEREG-NORMAL-SERVICE]
[2023-01-09 12:03:32.038] [nas] [debug] UAC access attempt is allowed for identity[0], category[MO_sig]
[2023-01-09 12:03:32.038] [nas] [debug] Sending Initial Registration
[2023-01-09 12:03:32.038] [nas] [info] UE switches to state [MM-REGISTER-INITIATED]
[2023-01-09 12:03:32.038] [rrc] [debug] Sending RRC Setup Request
[2023-01-09 12:03:32.039] [rrc] [info] RRC connection established
[2023-01-09 12:03:32.039] [rrc] [info] UE switches to state [RRC-CONNECTED]
[2023-01-09 12:03:32.039] [nas] [info] UE switches to state [CM-CONNECTED]
[2023-01-09 12:03:32.057] [nas] [debug] Authentication Request received
[2023-01-09 12:03:32.064] [nas] [debug] Security Mode Command received
[2023-01-09 12:03:32.064] [nas] [debug] Selected integrity[2] ciphering[0]
[2023-01-09 12:03:32.094] [nas] [debug] Registration accept received
[2023-01-09 12:03:32.094] [nas] [info] UE switches to state [MM-REGISTERED/NORMAL-SERVICE]
[2023-01-09 12:03:32.094] [nas] [debug] Sending Registration Complete
[2023-01-09 12:03:32.094] [nas] [info] Initial Registration is successful
[2023-01-09 12:03:32.094] [nas] [debug] Sending PDU Session Establishment Request
[2023-01-09 12:03:32.094] [nas] [debug] UAC access attempt is allowed for identity[0], category[MO_sig]
[2023-01-09 12:03:32.346] [nas] [debug] PDU Session Establishment Accept received
[2023-01-09 12:03:32.346] [nas] [info] PDU Session establishment is successful PSI[1]
[2023-01-09 12:03:32.393] [app] [info] Connection setup for PDU session[1] is successful, TUN interface[uesimtun80, 10.60.0.81] is up.
[2023-01-09 12:03:54.238] [nas] [debug] Sending PDU Session Establishment Request
[2023-01-09 12:03:54.380] [nas] [error] No response from RRC from UAC checks, considering access attempt is barred
[2023-01-09 12:04:11.078] [nas] [warning] Retransmitting PDU Session Establishment Request due to T3580 expiry
[2023-01-09 12:04:11.081] [nas] [debug] UAC access attempt is allowed for identity[0], category[MO_sig]
[2023-01-09 12:04:11.465] [nas] [debug] PDU Session Establishment Accept received
[2023-01-09 12:04:11.465] [nas] [info] PDU Session establishment is successful PSI[2]
[2023-01-09 12:04:11.651] [app] [info] Connection setup for PDU session[2] is successful, TUN interface[uesimtun113, 10.60.0.206] is up.
[2023-01-09 12:04:20.484] [nas] [debug] De-registration required due to [NORMAL]
[2023-01-09 12:04:20.494] [nas] [debug] Starting de-registration procedure due to [NORMAL]
[2023-01-09 12:04:20.494] [nas] [debug] Performing local release of PDU session[1]
[2023-01-09 12:04:20.494] [nas] [debug] Performing local release of PDU session[2]
[2023-01-09 12:04:20.494] [nas] [info] UE switches to state [MM-DEREGISTER-INITIATED]
[2023-01-09 12:04:20.562] [nas] [debug] De-registration accept received
[2023-01-09 12:04:20.562] [nas] [info] UE switches to state [MM-DEREGISTERED/PS]
[2023-01-09 12:04:20.562] [nas] [info] De-registration is successful
[2023-01-09 12:04:20.562] [nas] [info] UE switches to state [MM-DEREGISTERED/NORMAL-SERVICE]
[2023-01-09 12:04:20.562] [nas] [debug] Initial registration required due to [MM-DEREG-NORMAL-SERVICE]
[2023-01-09 12:04:20.562] [nas] [debug] Sending Initial Registration
[2023-01-09 12:04:20.562] [nas] [debug] Deleting NAS security context
[2023-01-09 12:04:20.562] [nas] [info] UE switches to state [MM-REGISTER-INITIATED]
[2023-01-09 12:04:20.563] [rrc] [debug] RRC Release received
[2023-01-09 12:04:20.563] [nas] [info] UE switches to state [CM-IDLE]
[2023-01-09 12:04:20.563] [nas] [info] UE switches to state [MM-DEREGISTERED/PS]
[2023-01-09 12:04:20.563] [nas] [info] UE switches to state [5U2-NOT-UPDATED]
[2023-01-09 12:04:20.563] [nas] [info] UE switches to state [MM-DEREGISTERED/ATTEMPTING-REGISTRATION]
[2023-01-09 12:04:31.103] [nas] [debug] NAS timer[3511] expired [1]
[2023-01-09 12:04:31.103] [nas] [debug] Initial registration required due to [T3511-EXPIRY-IN-ATT-REG]
[2023-01-09 12:04:31.103] [nas] [debug] UAC access attempt is allowed for identity[0], category[MO_sig]
[2023-01-09 12:04:31.103] [nas] [debug] Sending Initial Registration
[2023-01-09 12:04:31.103] [nas] [info] UE switches to state [MM-REGISTER-INITIATED]
[2023-01-09 12:04:31.103] [rrc] [debug] Sending RRC Setup Request
[2023-01-09 12:04:31.104] [rrc] [info] RRC connection established
[2023-01-09 12:04:31.104] [rrc] [info] UE switches to state [RRC-CONNECTED]
[2023-01-09 12:04:31.104] [nas] [info] UE switches to state [CM-CONNECTED]
[2023-01-09 12:04:31.212] [nas] [debug] Authentication Request received
[2023-01-09 12:04:31.224] [nas] [debug] Security Mode Command received
[2023-01-09 12:04:31.224] [nas] [debug] Selected integrity[2] ciphering[0]
[2023-01-09 12:04:31.258] [nas] [debug] Registration accept received
[2023-01-09 12:04:31.258] [nas] [info] UE switches to state [MM-REGISTERED/NORMAL-SERVICE]
[2023-01-09 12:04:31.258] [nas] [info] UE switches to state [5U1-UPDATED]
[2023-01-09 12:04:31.258] [nas] [debug] Sending Registration Complete
[2023-01-09 12:04:31.258] [nas] [info] Initial Registration is successful
[2023-01-09 12:04:31.258] [nas] [debug] Sending PDU Session Establishment Request
[2023-01-09 12:04:31.258] [nas] [debug] UAC access attempt is allowed for identity[0], category[MO_sig]
[2023-01-09 12:04:31.497] [nas] [debug] PDU Session Establishment Accept received
[2023-01-09 12:04:31.497] [nas] [info] PDU Session establishment is successful PSI[1]
[2023-01-09 12:04:31.564] [app] [info] Connection setup for PDU session[1] is successful, TUN interface[uesimtun96, 10.60.1.22] is up.
[2023-01-09 12:04:52.568] [nas] [debug] Sending PDU Session Release Request for PSI[1]
[2023-01-09 12:04:52.624] [nas] [error] PDU Session Release Reject received [REQUEST_REJECTED_UNSPECIFIED]
[2023-01-09 12:04:52.624] [nas] [error] PS release reject received without being requested
[2023-01-09 12:04:52.624] [nas] [warning] Sending SM Cause[MESSAGE_TYPE_NOT_COMPATIBLE_WITH_THE_PROTOCOL_STATE] for PSI[1]
[2023-01-09 12:05:04.638] [nas] [debug] Sending PDU Session Release Request for PSI[1]
[2023-01-09 12:05:04.667] [nas] [error] PDU Session Release Reject received [REQUEST_REJECTED_UNSPECIFIED]
[2023-01-09 12:05:04.668] [nas] [error] PS release reject received without being requested
[2023-01-09 12:05:04.668] [nas] [warning] Sending SM Cause[MESSAGE_TYPE_NOT_COMPATIBLE_WITH_THE_PROTOCOL_STATE] for PSI[1]
[2023-01-09 12:05:14.782] [nas] [debug] De-registration required due to [NORMAL]
[2023-01-09 12:05:14.796] [nas] [debug] Starting de-registration procedure due to [NORMAL]
[2023-01-09 12:05:14.796] [nas] [debug] Performing local release of PDU session[1]
[2023-01-09 12:05:14.796] [nas] [info] UE switches to state [MM-DEREGISTER-INITIATED]
[2023-01-09 12:05:14.911] [nas] [debug] De-registration accept received
[2023-01-09 12:05:14.911] [nas] [info] UE switches to state [MM-DEREGISTERED/PS]
[2023-01-09 12:05:14.911] [nas] [info] De-registration is successful
[2023-01-09 12:05:14.911] [nas] [info] UE switches to state [MM-DEREGISTERED/NORMAL-SERVICE]
[2023-01-09 12:05:14.911] [nas] [debug] Initial registration required due to [MM-DEREG-NORMAL-SERVICE]
[2023-01-09 12:05:14.911] [nas] [debug] Sending Initial Registration
[2023-01-09 12:05:14.912] [nas] [debug] Deleting NAS security context
[2023-01-09 12:05:14.912] [nas] [info] UE switches to state [MM-REGISTER-INITIATED]
[2023-01-09 12:05:14.914] [rrc] [debug] RRC Release received
[2023-01-09 12:05:14.914] [nas] [info] UE switches to state [CM-IDLE]
[2023-01-09 12:05:14.914] [nas] [info] UE switches to state [MM-DEREGISTERED/PS]
[2023-01-09 12:05:14.914] [nas] [info] UE switches to state [5U2-NOT-UPDATED]
[2023-01-09 12:05:14.914] [nas] [info] UE switches to state [MM-DEREGISTERED/ATTEMPTING-REGISTRATION]
[2023-01-09 12:05:25.191] [nas] [debug] NAS timer[3511] expired [1]
[2023-01-09 12:05:25.191] [nas] [debug] Initial registration required due to [T3511-EXPIRY-IN-ATT-REG]
[2023-01-09 12:05:25.191] [nas] [debug] UAC access attempt is allowed for identity[0], category[MO_sig]
[2023-01-09 12:05:25.191] [nas] [debug] Sending Initial Registration
[2023-01-09 12:05:25.191] [nas] [info] UE switches to state [MM-REGISTER-INITIATED]
[2023-01-09 12:05:25.191] [rrc] [debug] Sending RRC Setup Request
[2023-01-09 12:05:25.192] [rrc] [info] RRC connection established
[2023-01-09 12:05:25.192] [rrc] [info] UE switches to state [RRC-CONNECTED]
[2023-01-09 12:05:25.192] [nas] [info] UE switches to state [CM-CONNECTED]
[2023-01-09 12:05:25.481] [nas] [debug] Authentication Request received
[2023-01-09 12:05:25.488] [nas] [debug] Security Mode Command received
[2023-01-09 12:05:25.489] [nas] [debug] Selected integrity[2] ciphering[0]
[2023-01-09 12:05:25.515] [nas] [debug] Registration accept received
[2023-01-09 12:05:25.515] [nas] [info] UE switches to state [MM-REGISTERED/NORMAL-SERVICE]
[2023-01-09 12:05:25.515] [nas] [info] UE switches to state [5U1-UPDATED]
[2023-01-09 12:05:25.515] [nas] [debug] Sending Registration Complete
[2023-01-09 12:05:25.515] [nas] [info] Initial Registration is successful
[2023-01-09 12:05:25.515] [nas] [debug] Sending PDU Session Establishment Request
[2023-01-09 12:05:25.515] [nas] [debug] UAC access attempt is allowed for identity[0], category[MO_sig]
[2023-01-09 12:05:25.751] [nas] [debug] PDU Session Establishment Accept received
[2023-01-09 12:05:25.751] [nas] [info] PDU Session establishment is successful PSI[1]
[2023-01-09 12:05:25.839] [app] [info] Connection setup for PDU session[1] is successful, TUN interface[uesimtun138, 10.60.1.197] is up.
[2023-01-09 12:05:46.882] [nas] [debug] Sending PDU Session Release Request for PSI[1]
[2023-01-09 12:05:46.901] [nas] [error] PDU Session Release Reject received [REQUEST_REJECTED_UNSPECIFIED]
[2023-01-09 12:05:46.901] [nas] [error] PS release reject received without being requested
[2023-01-09 12:05:46.901] [nas] [warning] Sending SM Cause[MESSAGE_TYPE_NOT_COMPATIBLE_WITH_THE_PROTOCOL_STATE] for PSI[1]
[2023-01-09 12:06:01.972] [nas] [debug] Sending PDU Session Release Request for PSI[1]
[2023-01-09 12:06:02.160] [nas] [error] PDU Session Release Reject received [REQUEST_REJECTED_UNSPECIFIED]
[2023-01-09 12:06:02.160] [nas] [error] PS release reject received without being requested
[2023-01-09 12:06:02.160] [nas] [warning] Sending SM Cause[MESSAGE_TYPE_NOT_COMPATIBLE_WITH_THE_PROTOCOL_STATE] for PSI[1]
[2023-01-09 12:06:15.020] [nas] [debug] De-registration required due to [NORMAL]
[2023-01-09 12:06:15.030] [nas] [debug] Starting de-registration procedure due to [NORMAL]
[2023-01-09 12:06:15.030] [nas] [debug] Performing local release of PDU session[1]
[2023-01-09 12:06:15.030] [nas] [info] UE switches to state [MM-DEREGISTER-INITIATED]
[2023-01-09 12:06:15.117] [nas] [debug] De-registration accept received
[2023-01-09 12:06:15.117] [nas] [info] UE switches to state [MM-DEREGISTERED/PS]
[2023-01-09 12:06:15.117] [nas] [info] De-registration is successful
[2023-01-09 12:06:15.117] [nas] [info] UE switches to state [MM-DEREGISTERED/NORMAL-SERVICE]
[2023-01-09 12:06:15.117] [nas] [debug] Initial registration required due to [MM-DEREG-NORMAL-SERVICE]
[2023-01-09 12:06:15.117] [nas] [debug] Sending Initial Registration
[2023-01-09 12:06:15.117] [nas] [debug] Deleting NAS security context
[2023-01-09 12:06:15.117] [nas] [info] UE switches to state [MM-REGISTER-INITIATED]
[2023-01-09 12:06:15.118] [rrc] [debug] RRC Release received
[2023-01-09 12:06:15.118] [nas] [info] UE switches to state [CM-IDLE]
[2023-01-09 12:06:15.118] [nas] [info] UE switches to state [MM-DEREGISTERED/PS]
[2023-01-09 12:06:15.118] [nas] [info] UE switches to state [5U2-NOT-UPDATED]
[2023-01-09 12:06:15.118] [nas] [info] UE switches to state [MM-DEREGISTERED/ATTEMPTING-REGISTRATION]
[2023-01-09 12:06:25.273] [nas] [debug] NAS timer[3511] expired [1]
[2023-01-09 12:06:25.273] [nas] [debug] Initial registration required due to [T3511-EXPIRY-IN-ATT-REG]
[2023-01-09 12:06:25.273] [nas] [debug] UAC access attempt is allowed for identity[0], category[MO_sig]
[2023-01-09 12:06:25.273] [nas] [debug] Sending Initial Registration
[2023-01-09 12:06:25.273] [nas] [info] UE switches to state [MM-REGISTER-INITIATED]
[2023-01-09 12:06:25.273] [rrc] [debug] Sending RRC Setup Request
[2023-01-09 12:06:25.273] [rrc] [info] RRC connection established
[2023-01-09 12:06:25.273] [rrc] [info] UE switches to state [RRC-CONNECTED]
[2023-01-09 12:06:25.274] [nas] [info] UE switches to state [CM-CONNECTED]
[2023-01-09 12:06:25.338] [nas] [debug] Authentication Request received
[2023-01-09 12:06:25.546] [nas] [debug] Security Mode Command received
[2023-01-09 12:06:25.546] [nas] [debug] Selected integrity[2] ciphering[0]
[2023-01-09 12:06:25.582] [nas] [debug] Registration accept received
[2023-01-09 12:06:25.582] [nas] [info] UE switches to state [MM-REGISTERED/NORMAL-SERVICE]
[2023-01-09 12:06:25.582] [nas] [info] UE switches to state [5U1-UPDATED]
[2023-01-09 12:06:25.582] [nas] [debug] Sending Registration Complete
[2023-01-09 12:06:25.582] [nas] [info] Initial Registration is successful
[2023-01-09 12:06:25.582] [nas] [debug] Sending PDU Session Establishment Request
[2023-01-09 12:06:25.582] [nas] [debug] UAC access attempt is allowed for identity[0], category[MO_sig]
[2023-01-09 12:06:25.633] [nas] [debug] PDU Session Establishment Accept received
[2023-01-09 12:06:25.633] [nas] [info] PDU Session establishment is successful PSI[1]
[2023-01-09 12:06:25.699] [app] [info] Connection setup for PDU session[1] is successful, TUN interface[uesimtun2, 10.60.2.100] is up.
[2023-01-09 12:06:48.084] [nas] [debug] Sending PDU Session Establishment Request
[2023-01-09 12:06:48.185] [nas] [error] No response from RRC from UAC checks, considering access attempt is barred
[2023-01-09 12:07:04.318] [nas] [warning] Retransmitting PDU Session Establishment Request due to T3580 expiry
[2023-01-09 12:07:04.320] [nas] [debug] UAC access attempt is allowed for identity[0], category[MO_sig]
[2023-01-09 12:07:04.483] [nas] [debug] PDU Session Establishment Accept received
[2023-01-09 12:07:04.483] [nas] [info] PDU Session establishment is successful PSI[2]
[2023-01-09 12:07:04.623] [app] [info] Connection setup for PDU session[2] is successful, TUN interface[uesimtun78, 10.60.2.211] is up.
[2023-01-09 12:07:20.274] [nas] [debug] De-registration required due to [NORMAL]
[2023-01-09 12:07:20.284] [nas] [debug] Starting de-registration procedure due to [NORMAL]
[2023-01-09 12:07:20.284] [nas] [debug] Performing local release of PDU session[1]
[2023-01-09 12:07:20.284] [nas] [debug] Performing local release of PDU session[2]
[2023-01-09 12:07:20.284] [nas] [info] UE switches to state [MM-DEREGISTER-INITIATED]
[2023-01-09 12:07:20.344] [nas] [debug] De-registration accept received
[2023-01-09 12:07:20.344] [nas] [info] UE switches to state [MM-DEREGISTERED/PS]
[2023-01-09 12:07:20.344] [nas] [info] De-registration is successful
[2023-01-09 12:07:20.344] [nas] [info] UE switches to state [MM-DEREGISTERED/NORMAL-SERVICE]
[2023-01-09 12:07:20.344] [nas] [debug] Initial registration required due to [MM-DEREG-NORMAL-SERVICE]
[2023-01-09 12:07:20.344] [nas] [debug] Sending Initial Registration
[2023-01-09 12:07:20.344] [nas] [debug] Deleting NAS security context
[2023-01-09 12:07:20.344] [nas] [info] UE switches to state [MM-REGISTER-INITIATED]
[2023-01-09 12:07:20.344] [rrc] [debug] RRC Release received
[2023-01-09 12:07:20.344] [nas] [info] UE switches to state [CM-IDLE]
[2023-01-09 12:07:20.344] [nas] [info] UE switches to state [MM-DEREGISTERED/PS]
[2023-01-09 12:07:20.344] [nas] [info] UE switches to state [5U2-NOT-UPDATED]
[2023-01-09 12:07:20.344] [nas] [info] UE switches to state [MM-DEREGISTERED/ATTEMPTING-REGISTRATION]
[2023-01-09 12:07:30.350] [nas] [debug] NAS timer[3511] expired [1]
[2023-01-09 12:07:30.350] [nas] [debug] Initial registration required due to [T3511-EXPIRY-IN-ATT-REG]
[2023-01-09 12:07:30.350] [nas] [debug] UAC access attempt is allowed for identity[0], category[MO_sig]
[2023-01-09 12:07:30.350] [nas] [debug] Sending Initial Registration
[2023-01-09 12:07:30.350] [nas] [info] UE switches to state [MM-REGISTER-INITIATED]
[2023-01-09 12:07:30.350] [rrc] [debug] Sending RRC Setup Request
[2023-01-09 12:07:30.350] [rrc] [info] RRC connection established
[2023-01-09 12:07:30.350] [rrc] [info] UE switches to state [RRC-CONNECTED]
[2023-01-09 12:07:30.350] [nas] [info] UE switches to state [CM-CONNECTED]
[2023-01-09 12:07:30.566] [nas] [debug] Authentication Request received
[2023-01-09 12:07:30.608] [nas] [debug] Security Mode Command received
[2023-01-09 12:07:30.608] [nas] [debug] Selected integrity[2] ciphering[0]
[2023-01-09 12:07:30.707] [nas] [debug] Registration accept received
[2023-01-09 12:07:30.707] [nas] [info] UE switches to state [MM-REGISTERED/NORMAL-SERVICE]
[2023-01-09 12:07:30.707] [nas] [info] UE switches to state [5U1-UPDATED]
[2023-01-09 12:07:30.707] [nas] [debug] Sending Registration Complete
[2023-01-09 12:07:30.707] [nas] [info] Initial Registration is successful
[2023-01-09 12:07:30.707] [nas] [debug] Sending PDU Session Establishment Request
[2023-01-09 12:07:30.707] [nas] [debug] UAC access attempt is allowed for identity[0], category[MO_sig]
[2023-01-09 12:07:30.832] [nas] [debug] PDU Session Establishment Accept received
[2023-01-09 12:07:30.832] [nas] [info] PDU Session establishment is successful PSI[1]
[2023-01-09 12:07:30.956] [app] [info] Connection setup for PDU session[1] is successful, TUN interface[uesimtun88, 10.60.3.20] is up.
[2023-01-09 12:07:54.342] [nas] [debug] Sending PDU Session Release Request for PSI[1]
[2023-01-09 12:07:54.503] [nas] [error] PDU Session Release Reject received [REQUEST_REJECTED_UNSPECIFIED]
[2023-01-09 12:07:54.503] [nas] [error] PS release reject received without being requested
[2023-01-09 12:07:54.503] [nas] [warning] Sending SM Cause[MESSAGE_TYPE_NOT_COMPATIBLE_WITH_THE_PROTOCOL_STATE] for PSI[1]
[2023-01-09 12:08:05.386] [nas] [debug] Sending PDU Session Establishment Request
[2023-01-09 12:08:05.487] [nas] [error] No response from RRC from UAC checks, considering access attempt is barred
[2023-01-09 12:08:21.520] [nas] [warning] Retransmitting PDU Session Establishment Request due to T3580 expiry
[2023-01-09 12:08:21.523] [nas] [debug] UAC access attempt is allowed for identity[0], category[MO_sig]
[2023-01-09 12:08:21.643] [nas] [debug] PDU Session Establishment Accept received
[2023-01-09 12:08:21.643] [nas] [info] PDU Session establishment is successful PSI[2]
[2023-01-09 12:08:21.799] [app] [info] Connection setup for PDU session[2] is successful, TUN interface[uesimtun176, 10.60.3.144] is up.
[2023-01-09 12:08:34.564] [nas] [debug] Sending PDU Session Establishment Request
[2023-01-09 12:08:34.679] [nas] [error] No response from RRC from UAC checks, considering access attempt is barred
[2023-01-09 12:08:50.567] [nas] [warning] Retransmitting PDU Session Establishment Request due to T3580 expiry
[2023-01-09 12:08:50.574] [nas] [debug] UAC access attempt is allowed for identity[0], category[MO_sig]
[2023-01-09 12:08:50.673] [nas] [debug] PDU Session Establishment Accept received
[2023-01-09 12:08:50.673] [nas] [info] PDU Session establishment is successful PSI[3]
[2023-01-09 12:08:50.908] [app] [info] Connection setup for PDU session[3] is successful, TUN interface[uesimtun75, 10.60.3.215] is up.
[2023-01-09 12:09:02.839] [nas] [debug] Sending PDU Session Establishment Request
[2023-01-09 12:09:02.944] [nas] [error] No response from RRC from UAC checks, considering access attempt is barred
[2023-01-09 12:09:19.598] [nas] [warning] Retransmitting PDU Session Establishment Request due to T3580 expiry
[2023-01-09 12:09:19.598] [nas] [debug] UAC access attempt is allowed for identity[0], category[MO_sig]
[2023-01-09 12:09:32.010] [nas] [debug] De-registration required due to [NORMAL]
[2023-01-09 12:09:32.020] [nas] [debug] Starting de-registration procedure due to [NORMAL]
[2023-01-09 12:09:32.020] [nas] [debug] Performing local release of PDU session[1]
[2023-01-09 12:09:32.020] [nas] [debug] Performing local release of PDU session[2]
[2023-01-09 12:09:32.020] [nas] [debug] Performing local release of PDU session[3]
[2023-01-09 12:09:32.020] [nas] [info] UE switches to state [MM-DEREGISTER-INITIATED]
[2023-01-09 12:09:35.614] [nas] [warning] Retransmitting PDU Session Establishment Request due to T3580 expiry
[2023-01-09 12:09:35.616] [nas] [debug] UAC access attempt is allowed for identity[0], category[MO_sig]
[2023-01-09 12:09:47.626] [nas] [debug] NAS timer[3521] expired [1]
[2023-01-09 12:09:47.626] [nas] [debug] Retransmitting De-registration Request due to T3521 expiry
[2023-01-09 12:09:51.630] [nas] [warning] Retransmitting PDU Session Establishment Request due to T3580 expiry
[2023-01-09 12:09:51.630] [nas] [debug] UAC access attempt is allowed for identity[0], category[MO_sig]
[2023-01-09 12:10:01.088] [nas] [warning] PDU session release procedure could not start: PS[2] is not active already
[2023-01-09 12:10:02.641] [nas] [debug] NAS timer[3521] expired [2]
[2023-01-09 12:10:02.641] [nas] [debug] Retransmitting De-registration Request due to T3521 expiry
