UERANSIM v3.2.6
[2023-01-09 12:03:35.038] [nas] [info] UE switches to state [MM-DEREGISTERED/PLMN-SEARCH]
[2023-01-09 12:03:35.038] [rrc] [debug] New signal detected for cell[1], total [1] cells in coverage
[2023-01-09 12:03:35.043] [nas] [info] Selected plmn[208/93]
[2023-01-09 12:03:35.043] [rrc] [info] Selected cell plmn[208/93] tac[1] category[SUITABLE]
[2023-01-09 12:03:35.043] [nas] [info] UE switches to state [MM-DEREGISTERED/PS]
[2023-01-09 12:03:35.044] [nas] [info] UE switches to state [MM-DEREGISTERED/NORMAL-SERVICE]
[2023-01-09 12:03:35.044] [nas] [debug] Initial registration required due to [MM-DEREG-NORMAL-SERVICE]
[2023-01-09 12:03:35.044] [nas] [debug] UAC access attempt is allowed for identity[0], category[MO_sig]
[2023-01-09 12:03:35.044] [nas] [debug] Sending Initial Registration
[2023-01-09 12:03:35.044] [nas] [info] UE switches to state [MM-REGISTER-INITIATED]
[2023-01-09 12:03:35.044] [rrc] [debug] Sending RRC Setup Request
[2023-01-09 12:03:35.044] [rrc] [info] RRC connection established
[2023-01-09 12:03:35.044] [rrc] [info] UE switches to state [RRC-CONNECTED]
[2023-01-09 12:03:35.044] [nas] [info] UE switches to state [CM-CONNECTED]
[2023-01-09 12:03:35.060] [nas] [debug] Authentication Request received
[2023-01-09 12:03:35.068] [nas] [debug] Security Mode Command received
[2023-01-09 12:03:35.068] [nas] [debug] Selected integrity[2] ciphering[0]
[2023-01-09 12:03:35.093] [nas] [debug] Registration accept received
[2023-01-09 12:03:35.093] [nas] [info] UE switches to state [MM-REGISTERED/NORMAL-SERVICE]
[2023-01-09 12:03:35.093] [nas] [debug] Sending Registration Complete
[2023-01-09 12:03:35.093] [nas] [info] Initial Registration is successful
[2023-01-09 12:03:35.093] [nas] [debug] Sending PDU Session Establishment Request
[2023-01-09 12:03:35.095] [nas] [debug] UAC access attempt is allowed for identity[0], category[MO_sig]
[2023-01-09 12:03:35.329] [nas] [debug] PDU Session Establishment Accept received
[2023-01-09 12:03:35.329] [nas] [info] PDU Session establishment is successful PSI[1]
[2023-01-09 12:03:35.377] [app] [info] Connection setup for PDU session[1] is successful, TUN interface[uesimtun83, 10.60.0.84] is up.
[2023-01-09 12:03:53.165] [nas] [debug] Sending PDU Session Establishment Request
[2023-01-09 12:03:53.271] [nas] [error] No response from RRC from UAC checks, considering access attempt is barred
[2023-01-09 12:04:10.082] [nas] [warning] Retransmitting PDU Session Establishment Request due to T3580 expiry
[2023-01-09 12:04:10.114] [nas] [debug] UAC access attempt is allowed for identity[0], category[MO_sig]
[2023-01-09 12:04:10.403] [nas] [debug] PDU Session Establishment Accept received
[2023-01-09 12:04:10.403] [nas] [info] PDU Session establishment is successful PSI[2]
[2023-01-09 12:04:10.624] [app] [info] Connection setup for PDU session[2] is successful, TUN interface[uesimtun13, 10.60.0.196] is up.
[2023-01-09 12:04:24.354] [nas] [debug] Sending PDU Session Release Request for PSI[1]
[2023-01-09 12:04:24.354] [nas] [debug] Sending PDU Session Release Request for PSI[2]
[2023-01-09 12:04:24.476] [nas] [debug] PDU Session Release Command received
[2023-01-09 12:04:24.476] [nas] [debug] Performing local release of PDU session[1]
[2023-01-09 12:04:24.483] [nas] [debug] PDU Session Release Command received
[2023-01-09 12:04:24.483] [nas] [debug] Performing local release of PDU session[2]
[2023-01-09 12:04:24.610] [nas] [debug] Sending PDU Session Establishment Request
[2023-01-09 12:04:24.612] [nas] [debug] UAC access attempt is allowed for identity[0], category[MO_sig]
[2023-01-09 12:04:24.730] [nas] [debug] PDU Session Establishment Accept received
[2023-01-09 12:04:24.730] [nas] [info] PDU Session establishment is successful PSI[1]
[2023-01-09 12:04:24.836] [app] [info] Connection setup for PDU session[1] is successful, TUN interface[uesimtun2, 10.60.0.255] is up.
[2023-01-09 12:04:37.395] [nas] [debug] De-registration required due to [NORMAL]
[2023-01-09 12:04:37.404] [nas] [debug] Starting de-registration procedure due to [NORMAL]
[2023-01-09 12:04:37.404] [nas] [debug] Performing local release of PDU session[1]
[2023-01-09 12:04:37.404] [nas] [info] UE switches to state [MM-DEREGISTER-INITIATED]
[2023-01-09 12:04:37.443] [nas] [debug] De-registration accept received
[2023-01-09 12:04:37.443] [nas] [info] UE switches to state [MM-DEREGISTERED/PS]
[2023-01-09 12:04:37.443] [nas] [info] De-registration is successful
[2023-01-09 12:04:37.443] [nas] [info] UE switches to state [MM-DEREGISTERED/NORMAL-SERVICE]
[2023-01-09 12:04:37.443] [nas] [debug] Initial registration required due to [MM-DEREG-NORMAL-SERVICE]
[2023-01-09 12:04:37.443] [nas] [debug] Sending Initial Registration
[2023-01-09 12:04:37.443] [nas] [debug] Deleting NAS security context
[2023-01-09 12:04:37.443] [nas] [info] UE switches to state [MM-REGISTER-INITIATED]
[2023-01-09 12:04:37.445] [rrc] [debug] RRC Release received
[2023-01-09 12:04:37.446] [nas] [info] UE switches to state [CM-IDLE]
[2023-01-09 12:04:37.446] [nas] [info] UE switches to state [MM-DEREGISTERED/PS]
[2023-01-09 12:04:37.446] [nas] [info] UE switches to state [5U2-NOT-UPDATED]
[2023-01-09 12:04:37.446] [nas] [info] UE switches to state [MM-DEREGISTERED/ATTEMPTING-REGISTRATION]
[2023-01-09 12:04:48.127] [nas] [debug] NAS timer[3511] expired [1]
[2023-01-09 12:04:48.127] [nas] [debug] Initial registration required due to [T3511-EXPIRY-IN-ATT-REG]
[2023-01-09 12:04:48.128] [nas] [debug] UAC access attempt is allowed for identity[0], category[MO_sig]
[2023-01-09 12:04:48.128] [nas] [debug] Sending Initial Registration
[2023-01-09 12:04:48.128] [nas] [info] UE switches to state [MM-REGISTER-INITIATED]
[2023-01-09 12:04:48.128] [rrc] [debug] Sending RRC Setup Request
[2023-01-09 12:04:48.131] [rrc] [info] RRC connection established
[2023-01-09 12:04:48.131] [rrc] [info] UE switches to state [RRC-CONNECTED]
[2023-01-09 12:04:48.133] [nas] [info] UE switches to state [CM-CONNECTED]
[2023-01-09 12:04:48.276] [nas] [debug] Authentication Request received
[2023-01-09 12:04:48.291] [nas] [debug] Security Mode Command received
[2023-01-09 12:04:48.291] [nas] [debug] Selected integrity[2] ciphering[0]
[2023-01-09 12:04:48.389] [nas] [debug] Registration accept received
[2023-01-09 12:04:48.389] [nas] [info] UE switches to state [MM-REGISTERED/NORMAL-SERVICE]
[2023-01-09 12:04:48.389] [nas] [info] UE switches to state [5U1-UPDATED]
[2023-01-09 12:04:48.389] [nas] [debug] Sending Registration Complete
[2023-01-09 12:04:48.389] [nas] [info] Initial Registration is successful
[2023-01-09 12:04:48.389] [nas] [debug] Sending PDU Session Establishment Request
[2023-01-09 12:04:48.392] [nas] [debug] UAC access attempt is allowed for identity[0], category[MO_sig]
[2023-01-09 12:04:48.499] [nas] [debug] PDU Session Establishment Accept received
[2023-01-09 12:04:48.499] [nas] [info] PDU Session establishment is successful PSI[1]
[2023-01-09 12:04:48.589] [app] [info] Connection setup for PDU session[1] is successful, TUN interface[uesimtun133, 10.60.1.87] is up.
[2023-01-09 12:05:08.536] [nas] [debug] De-registration required due to [NORMAL]
[2023-01-09 12:05:08.545] [nas] [debug] Starting de-registration procedure due to [NORMAL]
[2023-01-09 12:05:08.545] [nas] [debug] Performing local release of PDU session[1]
[2023-01-09 12:05:08.545] [nas] [info] UE switches to state [MM-DEREGISTER-INITIATED]
[2023-01-09 12:05:08.708] [nas] [debug] De-registration accept received
[2023-01-09 12:05:08.709] [nas] [info] UE switches to state [MM-DEREGISTERED/PS]
[2023-01-09 12:05:08.709] [nas] [info] De-registration is successful
[2023-01-09 12:05:08.709] [nas] [info] UE switches to state [MM-DEREGISTERED/NORMAL-SERVICE]
[2023-01-09 12:05:08.709] [nas] [debug] Initial registration required due to [MM-DEREG-NORMAL-SERVICE]
[2023-01-09 12:05:08.709] [nas] [debug] Sending Initial Registration
[2023-01-09 12:05:08.709] [nas] [debug] Deleting NAS security context
[2023-01-09 12:05:08.709] [nas] [info] UE switches to state [MM-REGISTER-INITIATED]
[2023-01-09 12:05:08.710] [rrc] [debug] RRC Release received
[2023-01-09 12:05:08.710] [nas] [info] UE switches to state [CM-IDLE]
[2023-01-09 12:05:08.710] [nas] [info] UE switches to state [MM-DEREGISTERED/PS]
[2023-01-09 12:05:08.710] [nas] [info] UE switches to state [5U2-NOT-UPDATED]
[2023-01-09 12:05:08.710] [nas] [info] UE switches to state [MM-DEREGISTERED/ATTEMPTING-REGISTRATION]
[2023-01-09 12:05:19.161] [nas] [debug] NAS timer[3511] expired [1]
[2023-01-09 12:05:19.161] [nas] [debug] Initial registration required due to [T3511-EXPIRY-IN-ATT-REG]
[2023-01-09 12:05:19.161] [nas] [debug] UAC access attempt is allowed for identity[0], category[MO_sig]
[2023-01-09 12:05:19.161] [nas] [debug] Sending Initial Registration
[2023-01-09 12:05:19.161] [nas] [info] UE switches to state [MM-REGISTER-INITIATED]
[2023-01-09 12:05:19.161] [rrc] [debug] Sending RRC Setup Request
[2023-01-09 12:05:19.162] [rrc] [info] RRC connection established
[2023-01-09 12:05:19.162] [rrc] [info] UE switches to state [RRC-CONNECTED]
[2023-01-09 12:05:19.162] [nas] [info] UE switches to state [CM-CONNECTED]
[2023-01-09 12:05:19.212] [nas] [debug] Authentication Request received
[2023-01-09 12:05:19.229] [nas] [debug] Security Mode Command received
[2023-01-09 12:05:19.229] [nas] [debug] Selected integrity[2] ciphering[0]
[2023-01-09 12:05:19.272] [nas] [debug] Registration accept received
[2023-01-09 12:05:19.272] [nas] [info] UE switches to state [MM-REGISTERED/NORMAL-SERVICE]
[2023-01-09 12:05:19.272] [nas] [info] UE switches to state [5U1-UPDATED]
[2023-01-09 12:05:19.272] [nas] [debug] Sending Registration Complete
[2023-01-09 12:05:19.272] [nas] [info] Initial Registration is successful
[2023-01-09 12:05:19.272] [nas] [debug] Sending PDU Session Establishment Request
[2023-01-09 12:05:19.278] [nas] [debug] UAC access attempt is allowed for identity[0], category[MO_sig]
[2023-01-09 12:05:19.514] [nas] [debug] PDU Session Establishment Accept received
[2023-01-09 12:05:19.514] [nas] [info] PDU Session establishment is successful PSI[1]
[2023-01-09 12:05:19.584] [app] [info] Connection setup for PDU session[1] is successful, TUN interface[uesimtun116, 10.60.1.172] is up.
[2023-01-09 12:05:33.616] [nas] [debug] De-registration required due to [NORMAL]
[2023-01-09 12:05:33.626] [nas] [debug] Starting de-registration procedure due to [NORMAL]
[2023-01-09 12:05:33.626] [nas] [debug] Performing local release of PDU session[1]
[2023-01-09 12:05:33.627] [nas] [info] UE switches to state [MM-DEREGISTER-INITIATED]
[2023-01-09 12:05:33.767] [rrc] [debug] RRC Release received
[2023-01-09 12:05:33.767] [nas] [debug] De-registration accept received
[2023-01-09 12:05:33.767] [nas] [info] UE switches to state [MM-DEREGISTERED/PS]
[2023-01-09 12:05:33.767] [nas] [info] De-registration is successful
[2023-01-09 12:05:33.767] [nas] [info] UE switches to state [CM-IDLE]
[2023-01-09 12:05:33.767] [nas] [info] UE switches to state [MM-DEREGISTERED/NORMAL-SERVICE]
[2023-01-09 12:05:33.767] [nas] [debug] Initial registration required due to [MM-DEREG-NORMAL-SERVICE]
[2023-01-09 12:05:33.773] [nas] [debug] UAC access attempt is allowed for identity[0], category[MO_sig]
[2023-01-09 12:05:33.773] [nas] [debug] Sending Initial Registration
[2023-01-09 12:05:33.773] [nas] [debug] Deleting NAS security context
[2023-01-09 12:05:33.773] [nas] [info] UE switches to state [MM-REGISTER-INITIATED]
[2023-01-09 12:05:33.773] [rrc] [debug] Sending RRC Setup Request
[2023-01-09 12:05:33.779] [rrc] [info] RRC connection established
[2023-01-09 12:05:33.779] [rrc] [info] UE switches to state [RRC-CONNECTED]
[2023-01-09 12:05:33.783] [nas] [info] UE switches to state [CM-CONNECTED]
[2023-01-09 12:05:33.996] [nas] [debug] Authentication Request received
[2023-01-09 12:05:34.003] [nas] [debug] Security Mode Command received
[2023-01-09 12:05:34.003] [nas] [debug] Selected integrity[2] ciphering[0]
[2023-01-09 12:05:34.039] [nas] [debug] Registration accept received
[2023-01-09 12:05:34.039] [nas] [info] UE switches to state [MM-REGISTERED/NORMAL-SERVICE]
[2023-01-09 12:05:34.039] [nas] [debug] Sending Registration Complete
[2023-01-09 12:05:34.039] [nas] [info] Initial Registration is successful
[2023-01-09 12:05:34.039] [nas] [debug] Sending PDU Session Establishment Request
[2023-01-09 12:05:34.039] [nas] [debug] UAC access attempt is allowed for identity[0], category[MO_sig]
[2023-01-09 12:05:34.272] [nas] [debug] PDU Session Establishment Accept received
[2023-01-09 12:05:34.272] [nas] [info] PDU Session establishment is successful PSI[1]
[2023-01-09 12:05:34.467] [app] [info] Connection setup for PDU session[1] is successful, TUN interface[uesimtun84, 10.60.1.219] is up.
[2023-01-09 12:06:02.676] [nas] [debug] De-registration required due to [NORMAL]
[2023-01-09 12:06:02.686] [nas] [debug] Starting de-registration procedure due to [NORMAL]
[2023-01-09 12:06:02.686] [nas] [debug] Performing local release of PDU session[1]
[2023-01-09 12:06:02.686] [nas] [info] UE switches to state [MM-DEREGISTER-INITIATED]
[2023-01-09 12:06:02.858] [nas] [debug] De-registration accept received
[2023-01-09 12:06:02.858] [nas] [info] UE switches to state [MM-DEREGISTERED/PS]
[2023-01-09 12:06:02.858] [nas] [info] De-registration is successful
[2023-01-09 12:06:02.858] [nas] [info] UE switches to state [MM-DEREGISTERED/NORMAL-SERVICE]
[2023-01-09 12:06:02.858] [nas] [debug] Initial registration required due to [MM-DEREG-NORMAL-SERVICE]
[2023-01-09 12:06:02.858] [nas] [debug] Sending Initial Registration
[2023-01-09 12:06:02.858] [nas] [debug] Deleting NAS security context
[2023-01-09 12:06:02.858] [nas] [info] UE switches to state [MM-REGISTER-INITIATED]
[2023-01-09 12:06:02.859] [rrc] [debug] RRC Release received
[2023-01-09 12:06:02.859] [nas] [info] UE switches to state [CM-IDLE]
[2023-01-09 12:06:02.859] [nas] [info] UE switches to state [MM-DEREGISTERED/PS]
[2023-01-09 12:06:02.859] [nas] [info] UE switches to state [5U2-NOT-UPDATED]
[2023-01-09 12:06:02.859] [nas] [info] UE switches to state [MM-DEREGISTERED/ATTEMPTING-REGISTRATION]
[2023-01-09 12:06:13.228] [nas] [debug] NAS timer[3511] expired [1]
[2023-01-09 12:06:13.228] [nas] [debug] Initial registration required due to [T3511-EXPIRY-IN-ATT-REG]
[2023-01-09 12:06:13.231] [nas] [debug] UAC access attempt is allowed for identity[0], category[MO_sig]
[2023-01-09 12:06:13.231] [nas] [debug] Sending Initial Registration
[2023-01-09 12:06:13.231] [nas] [info] UE switches to state [MM-REGISTER-INITIATED]
[2023-01-09 12:06:13.232] [rrc] [debug] Sending RRC Setup Request
[2023-01-09 12:06:13.232] [rrc] [info] RRC connection established
[2023-01-09 12:06:13.232] [rrc] [info] UE switches to state [RRC-CONNECTED]
[2023-01-09 12:06:13.232] [nas] [info] UE switches to state [CM-CONNECTED]
[2023-01-09 12:06:13.474] [nas] [debug] Authentication Request received
[2023-01-09 12:06:13.501] [nas] [debug] Security Mode Command received
[2023-01-09 12:06:13.501] [nas] [debug] Selected integrity[2] ciphering[0]
[2023-01-09 12:06:13.537] [nas] [debug] Registration accept received
[2023-01-09 12:06:13.537] [nas] [info] UE switches to state [MM-REGISTERED/NORMAL-SERVICE]
[2023-01-09 12:06:13.537] [nas] [info] UE switches to state [5U1-UPDATED]
[2023-01-09 12:06:13.537] [nas] [debug] Sending Registration Complete
[2023-01-09 12:06:13.537] [nas] [info] Initial Registration is successful
[2023-01-09 12:06:13.537] [nas] [debug] Sending PDU Session Establishment Request
[2023-01-09 12:06:13.537] [nas] [debug] UAC access attempt is allowed for identity[0], category[MO_sig]
[2023-01-09 12:06:13.600] [nas] [debug] PDU Session Establishment Accept received
[2023-01-09 12:06:13.600] [nas] [info] PDU Session establishment is successful PSI[1]
[2023-01-09 12:06:13.662] [app] [info] Connection setup for PDU session[1] is successful, TUN interface[uesimtun17, 10.60.2.65] is up.
[2023-01-09 12:06:33.731] [nas] [debug] Sending PDU Session Establishment Request
[2023-01-09 12:06:33.832] [nas] [error] No response from RRC from UAC checks, considering access attempt is barred
[2023-01-09 12:06:50.284] [nas] [warning] Retransmitting PDU Session Establishment Request due to T3580 expiry
[2023-01-09 12:06:50.284] [nas] [debug] UAC access attempt is allowed for identity[0], category[MO_sig]
[2023-01-09 12:06:50.404] [nas] [debug] PDU Session Establishment Accept received
[2023-01-09 12:06:50.404] [nas] [info] PDU Session establishment is successful PSI[2]
[2023-01-09 12:06:50.601] [app] [info] Connection setup for PDU session[2] is successful, TUN interface[uesimtun44, 10.60.2.166] is up.
[2023-01-09 12:07:04.907] [nas] [debug] Sending PDU Session Establishment Request
[2023-01-09 12:07:05.008] [nas] [error] No response from RRC from UAC checks, considering access attempt is barred
[2023-01-09 12:07:21.324] [nas] [warning] Retransmitting PDU Session Establishment Request due to T3580 expiry
[2023-01-09 12:07:21.335] [nas] [debug] UAC access attempt is allowed for identity[0], category[MO_sig]
[2023-01-09 12:07:21.461] [nas] [debug] PDU Session Establishment Accept received
[2023-01-09 12:07:21.461] [nas] [info] PDU Session establishment is successful PSI[3]
[2023-01-09 12:07:21.674] [app] [info] Connection setup for PDU session[3] is successful, TUN interface[uesimtun110, 10.60.2.247] is up.
[2023-01-09 12:07:39.071] [nas] [debug] Sending PDU Session Release Request for PSI[1]
[2023-01-09 12:07:39.071] [nas] [debug] Sending PDU Session Release Request for PSI[2]
[2023-01-09 12:07:39.071] [nas] [debug] Sending PDU Session Release Request for PSI[3]
[2023-01-09 12:07:39.089] [nas] [error] PDU Session Release Reject received [REQUEST_REJECTED_UNSPECIFIED]
[2023-01-09 12:07:39.089] [nas] [error] PS release reject received without being requested
[2023-01-09 12:07:39.089] [nas] [warning] Sending SM Cause[MESSAGE_TYPE_NOT_COMPATIBLE_WITH_THE_PROTOCOL_STATE] for PSI[1]
[2023-01-09 12:07:39.095] [nas] [error] PDU Session Release Reject received [REQUEST_REJECTED_UNSPECIFIED]
[2023-01-09 12:07:39.095] [nas] [error] PS release reject received without being requested
[2023-01-09 12:07:39.095] [nas] [warning] Sending SM Cause[MESSAGE_TYPE_NOT_COMPATIBLE_WITH_THE_PROTOCOL_STATE] for PSI[2]
[2023-01-09 12:07:39.099] [nas] [error] PDU Session Release Reject received [REQUEST_REJECTED_UNSPECIFIED]
[2023-01-09 12:07:39.099] [nas] [error] PS release reject received without being requested
[2023-01-09 12:07:39.099] [nas] [warning] Sending SM Cause[MESSAGE_TYPE_NOT_COMPATIBLE_WITH_THE_PROTOCOL_STATE] for PSI[3]
[2023-01-09 12:07:53.180] [nas] [debug] Sending PDU Session Release Request for PSI[1]
[2023-01-09 12:07:53.340] [nas] [error] PDU Session Release Reject received [REQUEST_REJECTED_UNSPECIFIED]
[2023-01-09 12:07:53.340] [nas] [error] PS release reject received without being requested
[2023-01-09 12:07:53.340] [nas] [warning] Sending SM Cause[MESSAGE_TYPE_NOT_COMPATIBLE_WITH_THE_PROTOCOL_STATE] for PSI[1]
[2023-01-09 12:08:07.215] [nas] [debug] De-registration required due to [NORMAL]
[2023-01-09 12:08:07.225] [nas] [debug] Starting de-registration procedure due to [NORMAL]
[2023-01-09 12:08:07.225] [nas] [debug] Performing local release of PDU session[1]
[2023-01-09 12:08:07.225] [nas] [debug] Performing local release of PDU session[2]
[2023-01-09 12:08:07.225] [nas] [debug] Performing local release of PDU session[3]
[2023-01-09 12:08:07.225] [nas] [info] UE switches to state [MM-DEREGISTER-INITIATED]
[2023-01-09 12:08:07.470] [nas] [debug] De-registration accept received
[2023-01-09 12:08:07.470] [nas] [info] UE switches to state [MM-DEREGISTERED/PS]
[2023-01-09 12:08:07.470] [nas] [info] De-registration is successful
[2023-01-09 12:08:07.470] [nas] [info] UE switches to state [MM-DEREGISTERED/NORMAL-SERVICE]
[2023-01-09 12:08:07.470] [nas] [debug] Initial registration required due to [MM-DEREG-NORMAL-SERVICE]
[2023-01-09 12:08:07.470] [nas] [debug] Sending Initial Registration
[2023-01-09 12:08:07.470] [nas] [debug] Deleting NAS security context
[2023-01-09 12:08:07.470] [nas] [info] UE switches to state [MM-REGISTER-INITIATED]
[2023-01-09 12:08:07.474] [rrc] [debug] RRC Release received
[2023-01-09 12:08:07.474] [nas] [info] UE switches to state [CM-IDLE]
[2023-01-09 12:08:07.474] [nas] [info] UE switches to state [MM-DEREGISTERED/PS]
[2023-01-09 12:08:07.474] [nas] [info] UE switches to state [5U2-NOT-UPDATED]
[2023-01-09 12:08:07.474] [nas] [info] UE switches to state [MM-DEREGISTERED/ATTEMPTING-REGISTRATION]
[2023-01-09 12:08:18.385] [nas] [debug] NAS timer[3511] expired [1]
[2023-01-09 12:08:18.385] [nas] [debug] Initial registration required due to [T3511-EXPIRY-IN-ATT-REG]
[2023-01-09 12:08:18.385] [nas] [debug] UAC access attempt is allowed for identity[0], category[MO_sig]
[2023-01-09 12:08:18.385] [nas] [debug] Sending Initial Registration
[2023-01-09 12:08:18.385] [nas] [info] UE switches to state [MM-REGISTER-INITIATED]
[2023-01-09 12:08:18.385] [rrc] [debug] Sending RRC Setup Request
[2023-01-09 12:08:18.385] [rrc] [info] RRC connection established
[2023-01-09 12:08:18.385] [rrc] [info] UE switches to state [RRC-CONNECTED]
[2023-01-09 12:08:18.385] [nas] [info] UE switches to state [CM-CONNECTED]
[2023-01-09 12:08:18.613] [nas] [debug] Authentication Request received
[2023-01-09 12:08:18.632] [nas] [debug] Security Mode Command received
[2023-01-09 12:08:18.632] [nas] [debug] Selected integrity[2] ciphering[0]
[2023-01-09 12:08:18.665] [nas] [debug] Registration accept received
[2023-01-09 12:08:18.665] [nas] [info] UE switches to state [MM-REGISTERED/NORMAL-SERVICE]
[2023-01-09 12:08:18.665] [nas] [info] UE switches to state [5U1-UPDATED]
[2023-01-09 12:08:18.665] [nas] [debug] Sending Registration Complete
[2023-01-09 12:08:18.665] [nas] [info] Initial Registration is successful
[2023-01-09 12:08:18.665] [nas] [debug] Sending PDU Session Establishment Request
[2023-01-09 12:08:18.666] [nas] [debug] UAC access attempt is allowed for identity[0], category[MO_sig]
[2023-01-09 12:08:18.902] [nas] [debug] PDU Session Establishment Accept received
[2023-01-09 12:08:18.902] [nas] [info] PDU Session establishment is successful PSI[1]
[2023-01-09 12:08:19.023] [app] [info] Connection setup for PDU session[1] is successful, TUN interface[uesimtun172, 10.60.3.134] is up.
[2023-01-09 12:08:35.272] [nas] [debug] De-registration required due to [NORMAL]
[2023-01-09 12:08:35.282] [nas] [debug] Starting de-registration procedure due to [NORMAL]
[2023-01-09 12:08:35.282] [nas] [debug] Performing local release of PDU session[1]
[2023-01-09 12:08:35.282] [nas] [info] UE switches to state [MM-DEREGISTER-INITIATED]
[2023-01-09 12:08:35.343] [rrc] [debug] RRC Release received
[2023-01-09 12:08:35.343] [nas] [debug] De-registration accept received
[2023-01-09 12:08:35.343] [nas] [info] UE switches to state [MM-DEREGISTERED/PS]
[2023-01-09 12:08:35.343] [nas] [info] De-registration is successful
[2023-01-09 12:08:35.343] [nas] [info] UE switches to state [CM-IDLE]
[2023-01-09 12:08:35.343] [nas] [info] UE switches to state [MM-DEREGISTERED/NORMAL-SERVICE]
[2023-01-09 12:08:35.343] [nas] [debug] Initial registration required due to [MM-DEREG-NORMAL-SERVICE]
[2023-01-09 12:08:35.343] [nas] [debug] UAC access attempt is allowed for identity[0], category[MO_sig]
[2023-01-09 12:08:35.343] [nas] [debug] Sending Initial Registration
[2023-01-09 12:08:35.343] [nas] [debug] Deleting NAS security context
[2023-01-09 12:08:35.343] [nas] [info] UE switches to state [MM-REGISTER-INITIATED]
[2023-01-09 12:08:35.343] [rrc] [debug] Sending RRC Setup Request
[2023-01-09 12:08:35.346] [rrc] [info] RRC connection established
[2023-01-09 12:08:35.346] [rrc] [info] UE switches to state [RRC-CONNECTED]
[2023-01-09 12:08:35.347] [nas] [info] UE switches to state [CM-CONNECTED]
[2023-01-09 12:08:35.383] [nas] [debug] Authentication Request received
[2023-01-09 12:08:35.392] [nas] [debug] Security Mode Command received
[2023-01-09 12:08:35.392] [nas] [debug] Selected integrity[2] ciphering[0]
[2023-01-09 12:08:35.442] [nas] [debug] Registration accept received
[2023-01-09 12:08:35.442] [nas] [info] UE switches to state [MM-REGISTERED/NORMAL-SERVICE]
[2023-01-09 12:08:35.442] [nas] [debug] Sending Registration Complete
[2023-01-09 12:08:35.442] [nas] [info] Initial Registration is successful
[2023-01-09 12:08:35.442] [nas] [debug] Sending PDU Session Establishment Request
[2023-01-09 12:08:35.442] [nas] [debug] UAC access attempt is allowed for identity[0], category[MO_sig]
[2023-01-09 12:08:35.584] [nas] [debug] PDU Session Establishment Accept received
[2023-01-09 12:08:35.585] [nas] [info] PDU Session establishment is successful PSI[1]
[2023-01-09 12:08:35.932] [app] [info] Connection setup for PDU session[1] is successful, TUN interface[uesimtun2, 10.60.3.181] is up.
[2023-01-09 12:09:01.328] [nas] [debug] Sending PDU Session Establishment Request
[2023-01-09 12:09:01.429] [nas] [error] No response from RRC from UAC checks, considering access attempt is barred
[2023-01-09 12:09:17.462] [nas] [warning] Retransmitting PDU Session Establishment Request due to T3580 expiry
[2023-01-09 12:09:17.463] [nas] [debug] UAC access attempt is allowed for identity[0], category[MO_sig]
[2023-01-09 12:09:33.485] [nas] [warning] Retransmitting PDU Session Establishment Request due to T3580 expiry
[2023-01-09 12:09:33.487] [nas] [debug] UAC access attempt is allowed for identity[0], category[MO_sig]
[2023-01-09 12:09:35.540] [nas] [warning] PDU session release procedure could not start: PS[2] is not active already
[2023-01-09 12:09:49.502] [nas] [warning] Retransmitting PDU Session Establishment Request due to T3580 expiry
[2023-01-09 12:09:49.502] [nas] [debug] UAC access attempt is allowed for identity[0], category[MO_sig]
[2023-01-09 12:09:49.605] [nas] [debug] Sending PDU Session Establishment Request
[2023-01-09 12:09:49.707] [nas] [error] No response from RRC from UAC checks, considering access attempt is barred
