UERANSIM v3.2.6
[2023-01-09 12:03:05.986] [nas] [info] UE switches to state [MM-DEREGISTERED/PLMN-SEARCH]
[2023-01-09 12:03:05.989] [rrc] [debug] New signal detected for cell[1], total [1] cells in coverage
[2023-01-09 12:03:05.990] [nas] [info] Selected plmn[208/93]
[2023-01-09 12:03:05.990] [rrc] [info] Selected cell plmn[208/93] tac[1] category[SUITABLE]
[2023-01-09 12:03:05.990] [nas] [info] UE switches to state [MM-DEREGISTERED/PS]
[2023-01-09 12:03:05.990] [nas] [info] UE switches to state [MM-DEREGISTERED/NORMAL-SERVICE]
[2023-01-09 12:03:05.990] [nas] [debug] Initial registration required due to [MM-DEREG-NORMAL-SERVICE]
[2023-01-09 12:03:05.992] [nas] [debug] UAC access attempt is allowed for identity[0], category[MO_sig]
[2023-01-09 12:03:05.992] [nas] [debug] Sending Initial Registration
[2023-01-09 12:03:05.992] [nas] [info] UE switches to state [MM-REGISTER-INITIATED]
[2023-01-09 12:03:05.992] [rrc] [debug] Sending RRC Setup Request
[2023-01-09 12:03:05.993] [rrc] [info] RRC connection established
[2023-01-09 12:03:05.993] [rrc] [info] UE switches to state [RRC-CONNECTED]
[2023-01-09 12:03:05.993] [nas] [info] UE switches to state [CM-CONNECTED]
[2023-01-09 12:03:06.008] [nas] [debug] Authentication Request received
[2023-01-09 12:03:06.013] [nas] [debug] Security Mode Command received
[2023-01-09 12:03:06.014] [nas] [debug] Selected integrity[2] ciphering[0]
[2023-01-09 12:03:06.043] [nas] [debug] Registration accept received
[2023-01-09 12:03:06.043] [nas] [info] UE switches to state [MM-REGISTERED/NORMAL-SERVICE]
[2023-01-09 12:03:06.044] [nas] [debug] Sending Registration Complete
[2023-01-09 12:03:06.044] [nas] [info] Initial Registration is successful
[2023-01-09 12:03:06.044] [nas] [debug] Sending PDU Session Establishment Request
[2023-01-09 12:03:06.044] [nas] [debug] UAC access attempt is allowed for identity[0], category[MO_sig]
[2023-01-09 12:03:06.279] [nas] [debug] PDU Session Establishment Accept received
[2023-01-09 12:03:06.279] [nas] [info] PDU Session establishment is successful PSI[1]
[2023-01-09 12:03:06.308] [app] [info] Connection setup for PDU session[1] is successful, TUN interface[uesimtun54, 10.60.0.55] is up.
[2023-01-09 12:03:52.601] [nas] [debug] De-registration required due to [NORMAL]
[2023-01-09 12:03:52.611] [nas] [debug] Starting de-registration procedure due to [NORMAL]
[2023-01-09 12:03:52.611] [nas] [debug] Performing local release of PDU session[1]
[2023-01-09 12:03:52.611] [nas] [info] UE switches to state [MM-DEREGISTER-INITIATED]
[2023-01-09 12:03:52.879] [rrc] [debug] RRC Release received
[2023-01-09 12:03:52.881] [nas] [debug] De-registration accept received
[2023-01-09 12:03:52.881] [nas] [info] UE switches to state [MM-DEREGISTERED/PS]
[2023-01-09 12:03:52.881] [nas] [info] De-registration is successful
[2023-01-09 12:03:52.881] [nas] [info] UE switches to state [CM-IDLE]
[2023-01-09 12:03:52.881] [nas] [info] UE switches to state [MM-DEREGISTERED/NORMAL-SERVICE]
[2023-01-09 12:03:52.881] [nas] [debug] Initial registration required due to [MM-DEREG-NORMAL-SERVICE]
[2023-01-09 12:03:52.904] [nas] [debug] UAC access attempt is allowed for identity[0], category[MO_sig]
[2023-01-09 12:03:52.904] [nas] [debug] Sending Initial Registration
[2023-01-09 12:03:52.904] [nas] [debug] Deleting NAS security context
[2023-01-09 12:03:52.904] [nas] [info] UE switches to state [MM-REGISTER-INITIATED]
[2023-01-09 12:03:52.906] [rrc] [debug] Sending RRC Setup Request
[2023-01-09 12:03:52.911] [rrc] [info] RRC connection established
[2023-01-09 12:03:52.911] [rrc] [info] UE switches to state [RRC-CONNECTED]
[2023-01-09 12:03:52.918] [nas] [info] UE switches to state [CM-CONNECTED]
[2023-01-09 12:03:53.316] [nas] [debug] Authentication Request received
[2023-01-09 12:03:53.615] [nas] [debug] Security Mode Command received
[2023-01-09 12:03:53.615] [nas] [debug] Selected integrity[2] ciphering[0]
[2023-01-09 12:03:53.920] [nas] [debug] Registration accept received
[2023-01-09 12:03:53.920] [nas] [info] UE switches to state [MM-REGISTERED/NORMAL-SERVICE]
[2023-01-09 12:03:53.920] [nas] [debug] Sending Registration Complete
[2023-01-09 12:03:53.920] [nas] [info] Initial Registration is successful
[2023-01-09 12:03:53.920] [nas] [debug] Sending PDU Session Establishment Request
[2023-01-09 12:03:53.920] [nas] [debug] UAC access attempt is allowed for identity[0], category[MO_sig]
[2023-01-09 12:03:54.392] [nas] [debug] PDU Session Establishment Accept received
[2023-01-09 12:03:54.392] [nas] [info] PDU Session establishment is successful PSI[1]
[2023-01-09 12:03:54.797] [app] [info] Connection setup for PDU session[1] is successful, TUN interface[uesimtun58, 10.60.0.125] is up.
[2023-01-09 12:04:27.664] [nas] [debug] Sending PDU Session Release Request for PSI[1]
[2023-01-09 12:04:27.785] [nas] [error] PDU Session Release Reject received [REQUEST_REJECTED_UNSPECIFIED]
[2023-01-09 12:04:27.785] [nas] [error] PS release reject received without being requested
[2023-01-09 12:04:27.785] [nas] [warning] Sending SM Cause[MESSAGE_TYPE_NOT_COMPATIBLE_WITH_THE_PROTOCOL_STATE] for PSI[1]
[2023-01-09 12:04:33.696] [nas] [debug] Sending PDU Session Release Request for PSI[1]
[2023-01-09 12:04:33.788] [nas] [error] PDU Session Release Reject received [REQUEST_REJECTED_UNSPECIFIED]
[2023-01-09 12:04:33.788] [nas] [error] PS release reject received without being requested
[2023-01-09 12:04:33.788] [nas] [warning] Sending SM Cause[MESSAGE_TYPE_NOT_COMPATIBLE_WITH_THE_PROTOCOL_STATE] for PSI[1]
[2023-01-09 12:04:47.731] [nas] [debug] Sending PDU Session Release Request for PSI[1]
[2023-01-09 12:04:47.924] [nas] [error] PDU Session Release Reject received [REQUEST_REJECTED_UNSPECIFIED]
[2023-01-09 12:04:47.924] [nas] [error] PS release reject received without being requested
[2023-01-09 12:04:47.924] [nas] [warning] Sending SM Cause[MESSAGE_TYPE_NOT_COMPATIBLE_WITH_THE_PROTOCOL_STATE] for PSI[1]
[2023-01-09 12:04:52.759] [nas] [debug] Sending PDU Session Establishment Request
[2023-01-09 12:04:52.861] [nas] [error] No response from RRC from UAC checks, considering access attempt is barred
[2023-01-09 12:05:09.139] [nas] [warning] Retransmitting PDU Session Establishment Request due to T3580 expiry
[2023-01-09 12:05:09.140] [nas] [debug] UAC access attempt is allowed for identity[0], category[MO_sig]
[2023-01-09 12:05:09.229] [nas] [debug] PDU Session Establishment Accept received
[2023-01-09 12:05:09.229] [nas] [info] PDU Session establishment is successful PSI[2]
[2023-01-09 12:05:09.355] [app] [info] Connection setup for PDU session[2] is successful, TUN interface[uesimtun57, 10.60.1.145] is up.
[2023-01-09 12:05:21.956] [nas] [debug] Sending PDU Session Release Request for PSI[1]
[2023-01-09 12:05:22.028] [nas] [error] PDU Session Release Reject received [REQUEST_REJECTED_UNSPECIFIED]
[2023-01-09 12:05:22.028] [nas] [error] PS release reject received without being requested
[2023-01-09 12:05:22.028] [nas] [warning] Sending SM Cause[MESSAGE_TYPE_NOT_COMPATIBLE_WITH_THE_PROTOCOL_STATE] for PSI[1]
[2023-01-09 12:05:34.999] [nas] [debug] De-registration required due to [NORMAL]
[2023-01-09 12:05:35.009] [nas] [debug] Starting de-registration procedure due to [NORMAL]
[2023-01-09 12:05:35.009] [nas] [debug] Performing local release of PDU session[1]
[2023-01-09 12:05:35.009] [nas] [debug] Performing local release of PDU session[2]
[2023-01-09 12:05:35.009] [nas] [info] UE switches to state [MM-DEREGISTER-INITIATED]
[2023-01-09 12:05:35.146] [nas] [debug] De-registration accept received
[2023-01-09 12:05:35.146] [nas] [info] UE switches to state [MM-DEREGISTERED/PS]
[2023-01-09 12:05:35.146] [nas] [info] De-registration is successful
[2023-01-09 12:05:35.146] [nas] [info] UE switches to state [MM-DEREGISTERED/NORMAL-SERVICE]
[2023-01-09 12:05:35.146] [nas] [debug] Initial registration required due to [MM-DEREG-NORMAL-SERVICE]
[2023-01-09 12:05:35.146] [nas] [debug] Sending Initial Registration
[2023-01-09 12:05:35.146] [nas] [debug] Deleting NAS security context
[2023-01-09 12:05:35.146] [nas] [info] UE switches to state [MM-REGISTER-INITIATED]
[2023-01-09 12:05:35.149] [rrc] [debug] RRC Release received
[2023-01-09 12:05:35.149] [nas] [info] UE switches to state [CM-IDLE]
[2023-01-09 12:05:35.149] [nas] [info] UE switches to state [MM-DEREGISTERED/PS]
[2023-01-09 12:05:35.149] [nas] [info] UE switches to state [5U2-NOT-UPDATED]
[2023-01-09 12:05:35.149] [nas] [info] UE switches to state [MM-DEREGISTERED/ATTEMPTING-REGISTRATION]
[2023-01-09 12:05:45.179] [nas] [debug] NAS timer[3511] expired [1]
[2023-01-09 12:05:45.179] [nas] [debug] Initial registration required due to [T3511-EXPIRY-IN-ATT-REG]
[2023-01-09 12:05:45.179] [nas] [debug] UAC access attempt is allowed for identity[0], category[MO_sig]
[2023-01-09 12:05:45.179] [nas] [debug] Sending Initial Registration
[2023-01-09 12:05:45.179] [nas] [info] UE switches to state [MM-REGISTER-INITIATED]
[2023-01-09 12:05:45.179] [rrc] [debug] Sending RRC Setup Request
[2023-01-09 12:05:45.180] [rrc] [info] RRC connection established
[2023-01-09 12:05:45.180] [rrc] [info] UE switches to state [RRC-CONNECTED]
[2023-01-09 12:05:45.180] [nas] [info] UE switches to state [CM-CONNECTED]
[2023-01-09 12:05:45.334] [nas] [debug] Authentication Request received
[2023-01-09 12:05:45.341] [nas] [debug] Security Mode Command received
[2023-01-09 12:05:45.341] [nas] [debug] Selected integrity[2] ciphering[0]
[2023-01-09 12:05:45.366] [nas] [debug] Registration accept received
[2023-01-09 12:05:45.366] [nas] [info] UE switches to state [MM-REGISTERED/NORMAL-SERVICE]
[2023-01-09 12:05:45.366] [nas] [info] UE switches to state [5U1-UPDATED]
[2023-01-09 12:05:45.366] [nas] [debug] Sending Registration Complete
[2023-01-09 12:05:45.366] [nas] [info] Initial Registration is successful
[2023-01-09 12:05:45.366] [nas] [debug] Sending PDU Session Establishment Request
[2023-01-09 12:05:45.368] [nas] [debug] UAC access attempt is allowed for identity[0], category[MO_sig]
[2023-01-09 12:05:45.607] [nas] [debug] PDU Session Establishment Accept received
[2023-01-09 12:05:45.608] [nas] [info] PDU Session establishment is successful PSI[1]
[2023-01-09 12:05:45.673] [app] [info] Connection setup for PDU session[1] is successful, TUN interface[uesimtun15, 10.60.1.252] is up.
[2023-01-09 12:06:05.093] [nas] [warning] PDU session release procedure could not start: PS[2] is not active already
[2023-01-09 12:06:18.138] [nas] [debug] Sending PDU Session Release Request for PSI[1]
[2023-01-09 12:06:18.167] [nas] [debug] PDU Session Release Command received
[2023-01-09 12:06:18.167] [nas] [debug] Performing local release of PDU session[1]
[2023-01-09 12:06:18.788] [nas] [debug] Sending PDU Session Establishment Request
[2023-01-09 12:06:18.791] [nas] [debug] UAC access attempt is allowed for identity[0], category[MO_sig]
[2023-01-09 12:06:18.896] [nas] [debug] PDU Session Establishment Accept received
[2023-01-09 12:06:18.900] [nas] [info] PDU Session establishment is successful PSI[1]
[2023-01-09 12:06:18.986] [app] [info] Connection setup for PDU session[1] is successful, TUN interface[uesimtun22, 10.60.2.77] is up.
[2023-01-09 12:06:31.187] [nas] [debug] Sending PDU Session Release Request for PSI[1]
[2023-01-09 12:06:31.204] [nas] [error] PDU Session Release Reject received [REQUEST_REJECTED_UNSPECIFIED]
[2023-01-09 12:06:31.204] [nas] [error] PS release reject received without being requested
[2023-01-09 12:06:31.204] [nas] [warning] Sending SM Cause[MESSAGE_TYPE_NOT_COMPATIBLE_WITH_THE_PROTOCOL_STATE] for PSI[1]
[2023-01-09 12:06:43.224] [nas] [debug] Sending PDU Session Establishment Request
[2023-01-09 12:06:43.325] [nas] [error] No response from RRC from UAC checks, considering access attempt is barred
[2023-01-09 12:06:59.353] [nas] [warning] Retransmitting PDU Session Establishment Request due to T3580 expiry
[2023-01-09 12:06:59.353] [nas] [debug] UAC access attempt is allowed for identity[0], category[MO_sig]
[2023-01-09 12:06:59.515] [nas] [debug] PDU Session Establishment Accept received
[2023-01-09 12:06:59.515] [nas] [info] PDU Session establishment is successful PSI[2]
[2023-01-09 12:06:59.578] [app] [info] Connection setup for PDU session[2] is successful, TUN interface[uesimtun125, 10.60.2.200] is up.
[2023-01-09 12:07:16.413] [nas] [debug] De-registration required due to [NORMAL]
[2023-01-09 12:07:16.426] [nas] [debug] Starting de-registration procedure due to [NORMAL]
[2023-01-09 12:07:16.426] [nas] [debug] Performing local release of PDU session[1]
[2023-01-09 12:07:16.426] [nas] [debug] Performing local release of PDU session[2]
[2023-01-09 12:07:16.426] [nas] [info] UE switches to state [MM-DEREGISTER-INITIATED]
[2023-01-09 12:07:16.580] [nas] [debug] De-registration accept received
[2023-01-09 12:07:16.580] [nas] [info] UE switches to state [MM-DEREGISTERED/PS]
[2023-01-09 12:07:16.580] [nas] [info] De-registration is successful
[2023-01-09 12:07:16.580] [nas] [info] UE switches to state [MM-DEREGISTERED/NORMAL-SERVICE]
[2023-01-09 12:07:16.580] [nas] [debug] Initial registration required due to [MM-DEREG-NORMAL-SERVICE]
[2023-01-09 12:07:16.580] [nas] [debug] Sending Initial Registration
[2023-01-09 12:07:16.580] [nas] [debug] Deleting NAS security context
[2023-01-09 12:07:16.580] [nas] [info] UE switches to state [MM-REGISTER-INITIATED]
[2023-01-09 12:07:16.587] [rrc] [debug] RRC Release received
[2023-01-09 12:07:16.587] [nas] [info] UE switches to state [CM-IDLE]
[2023-01-09 12:07:16.587] [nas] [info] UE switches to state [MM-DEREGISTERED/PS]
[2023-01-09 12:07:16.587] [nas] [info] UE switches to state [5U2-NOT-UPDATED]
[2023-01-09 12:07:16.587] [nas] [info] UE switches to state [MM-DEREGISTERED/ATTEMPTING-REGISTRATION]
[2023-01-09 12:07:27.386] [nas] [debug] NAS timer[3511] expired [1]
[2023-01-09 12:07:27.386] [nas] [debug] Initial registration required due to [T3511-EXPIRY-IN-ATT-REG]
[2023-01-09 12:07:27.386] [nas] [debug] UAC access attempt is allowed for identity[0], category[MO_sig]
[2023-01-09 12:07:27.386] [nas] [debug] Sending Initial Registration
[2023-01-09 12:07:27.386] [nas] [info] UE switches to state [MM-REGISTER-INITIATED]
[2023-01-09 12:07:27.386] [rrc] [debug] Sending RRC Setup Request
[2023-01-09 12:07:27.387] [rrc] [info] RRC connection established
[2023-01-09 12:07:27.387] [rrc] [info] UE switches to state [RRC-CONNECTED]
[2023-01-09 12:07:27.387] [nas] [info] UE switches to state [CM-CONNECTED]
[2023-01-09 12:07:27.557] [nas] [debug] Authentication Request received
[2023-01-09 12:07:27.576] [nas] [debug] Security Mode Command received
[2023-01-09 12:07:27.576] [nas] [debug] Selected integrity[2] ciphering[0]
[2023-01-09 12:07:27.607] [nas] [debug] Registration accept received
[2023-01-09 12:07:27.607] [nas] [info] UE switches to state [MM-REGISTERED/NORMAL-SERVICE]
[2023-01-09 12:07:27.607] [nas] [info] UE switches to state [5U1-UPDATED]
[2023-01-09 12:07:27.607] [nas] [debug] Sending Registration Complete
[2023-01-09 12:07:27.607] [nas] [info] Initial Registration is successful
[2023-01-09 12:07:27.607] [nas] [debug] Sending PDU Session Establishment Request
[2023-01-09 12:07:27.608] [nas] [debug] UAC access attempt is allowed for identity[0], category[MO_sig]
[2023-01-09 12:07:27.848] [nas] [debug] PDU Session Establishment Accept received
[2023-01-09 12:07:27.848] [nas] [info] PDU Session establishment is successful PSI[1]
[2023-01-09 12:07:27.910] [app] [info] Connection setup for PDU session[1] is successful, TUN interface[uesimtun36, 10.60.3.9] is up.
[2023-01-09 12:07:45.498] [nas] [debug] Sending PDU Session Establishment Request
[2023-01-09 12:07:45.608] [nas] [error] No response from RRC from UAC checks, considering access attempt is barred
[2023-01-09 12:08:02.432] [nas] [warning] Retransmitting PDU Session Establishment Request due to T3580 expiry
[2023-01-09 12:08:02.434] [nas] [debug] UAC access attempt is allowed for identity[0], category[MO_sig]
[2023-01-09 12:08:02.638] [nas] [debug] PDU Session Establishment Accept received
[2023-01-09 12:08:02.638] [nas] [info] PDU Session establishment is successful PSI[2]
[2023-01-09 12:08:02.713] [app] [info] Connection setup for PDU session[2] is successful, TUN interface[uesimtun150, 10.60.3.99] is up.
[2023-01-09 12:08:19.712] [nas] [debug] Sending PDU Session Release Request for PSI[1]
[2023-01-09 12:08:19.712] [nas] [debug] Sending PDU Session Release Request for PSI[2]
[2023-01-09 12:08:19.905] [nas] [error] PDU Session Release Reject received [REQUEST_REJECTED_UNSPECIFIED]
[2023-01-09 12:08:19.905] [nas] [error] PS release reject received without being requested
[2023-01-09 12:08:19.905] [nas] [warning] Sending SM Cause[MESSAGE_TYPE_NOT_COMPATIBLE_WITH_THE_PROTOCOL_STATE] for PSI[1]
[2023-01-09 12:08:19.913] [nas] [error] PDU Session Release Reject received [REQUEST_REJECTED_UNSPECIFIED]
[2023-01-09 12:08:19.913] [nas] [error] PS release reject received without being requested
[2023-01-09 12:08:19.913] [nas] [warning] Sending SM Cause[MESSAGE_TYPE_NOT_COMPATIBLE_WITH_THE_PROTOCOL_STATE] for PSI[2]
[2023-01-09 12:08:29.769] [nas] [debug] Sending PDU Session Establishment Request
[2023-01-09 12:08:29.870] [nas] [error] No response from RRC from UAC checks, considering access attempt is barred
[2023-01-09 12:08:46.494] [nas] [warning] Retransmitting PDU Session Establishment Request due to T3580 expiry
[2023-01-09 12:08:46.494] [nas] [debug] UAC access attempt is allowed for identity[0], category[MO_sig]
[2023-01-09 12:08:46.567] [nas] [debug] PDU Session Establishment Accept received
[2023-01-09 12:08:46.567] [nas] [info] PDU Session establishment is successful PSI[3]
[2023-01-09 12:08:46.702] [app] [info] Connection setup for PDU session[3] is successful, TUN interface[uesimtun60, 10.60.3.207] is up.
[2023-01-09 12:09:03.909] [nas] [debug] Sending PDU Session Establishment Request
[2023-01-09 12:09:04.010] [nas] [error] No response from RRC from UAC checks, considering access attempt is barred
[2023-01-09 12:09:20.532] [nas] [warning] Retransmitting PDU Session Establishment Request due to T3580 expiry
[2023-01-09 12:09:20.535] [nas] [debug] UAC access attempt is allowed for identity[0], category[MO_sig]
[2023-01-09 12:09:30.086] [nas] [warning] PDU session release procedure could not start: PS[5] is not active already
[2023-01-09 12:09:36.116] [nas] [debug] Sending PDU Session Establishment Request
[2023-01-09 12:09:36.217] [nas] [error] No response from RRC from UAC checks, considering access attempt is barred
[2023-01-09 12:09:36.548] [nas] [warning] Retransmitting PDU Session Establishment Request due to T3580 expiry
[2023-01-09 12:09:36.548] [nas] [debug] UAC access attempt is allowed for identity[0], category[MO_sig]
[2023-01-09 12:09:52.564] [nas] [warning] Retransmitting PDU Session Establishment Request due to T3580 expiry
[2023-01-09 12:09:52.564] [nas] [debug] UAC access attempt is allowed for identity[0], category[MO_sig]
[2023-01-09 12:09:52.564] [nas] [warning] Retransmitting PDU Session Establishment Request due to T3580 expiry
[2023-01-09 12:09:52.564] [nas] [debug] UAC access attempt is allowed for identity[0], category[MO_sig]
