UERANSIM v3.2.6
[2023-01-09 12:03:38.042] [nas] [info] UE switches to state [MM-DEREGISTERED/PLMN-SEARCH]
[2023-01-09 12:03:38.042] [rrc] [debug] New signal detected for cell[1], total [1] cells in coverage
[2023-01-09 12:03:38.047] [nas] [info] Selected plmn[208/93]
[2023-01-09 12:03:38.047] [rrc] [info] Selected cell plmn[208/93] tac[1] category[SUITABLE]
[2023-01-09 12:03:38.048] [nas] [info] UE switches to state [MM-DEREGISTERED/PS]
[2023-01-09 12:03:38.048] [nas] [info] UE switches to state [MM-DEREGISTERED/NORMAL-SERVICE]
[2023-01-09 12:03:38.048] [nas] [debug] Initial registration required due to [MM-DEREG-NORMAL-SERVICE]
[2023-01-09 12:03:38.052] [nas] [debug] UAC access attempt is allowed for identity[0], category[MO_sig]
[2023-01-09 12:03:38.052] [nas] [debug] Sending Initial Registration
[2023-01-09 12:03:38.052] [nas] [info] UE switches to state [MM-REGISTER-INITIATED]
[2023-01-09 12:03:38.052] [rrc] [debug] Sending RRC Setup Request
[2023-01-09 12:03:38.052] [rrc] [info] RRC connection established
[2023-01-09 12:03:38.052] [rrc] [info] UE switches to state [RRC-CONNECTED]
[2023-01-09 12:03:38.053] [nas] [info] UE switches to state [CM-CONNECTED]
[2023-01-09 12:03:38.071] [nas] [debug] Authentication Request received
[2023-01-09 12:03:38.076] [nas] [debug] Security Mode Command received
[2023-01-09 12:03:38.076] [nas] [debug] Selected integrity[2] ciphering[0]
[2023-01-09 12:03:38.100] [nas] [debug] Registration accept received
[2023-01-09 12:03:38.100] [nas] [info] UE switches to state [MM-REGISTERED/NORMAL-SERVICE]
[2023-01-09 12:03:38.100] [nas] [debug] Sending Registration Complete
[2023-01-09 12:03:38.100] [nas] [info] Initial Registration is successful
[2023-01-09 12:03:38.100] [nas] [debug] Sending PDU Session Establishment Request
[2023-01-09 12:03:38.101] [nas] [debug] UAC access attempt is allowed for identity[0], category[MO_sig]
[2023-01-09 12:03:38.338] [nas] [debug] PDU Session Establishment Accept received
[2023-01-09 12:03:38.338] [nas] [info] PDU Session establishment is successful PSI[1]
[2023-01-09 12:03:38.375] [app] [info] Connection setup for PDU session[1] is successful, TUN interface[uesimtun86, 10.60.0.87] is up.
[2023-01-09 12:03:54.665] [nas] [warning] PDU session release procedure could not start: PS[2] is not active already
[2023-01-09 12:04:06.753] [nas] [debug] De-registration required due to [NORMAL]
[2023-01-09 12:04:06.766] [nas] [debug] Starting de-registration procedure due to [NORMAL]
[2023-01-09 12:04:06.766] [nas] [debug] Performing local release of PDU session[1]
[2023-01-09 12:04:06.766] [nas] [info] UE switches to state [MM-DEREGISTER-INITIATED]
[2023-01-09 12:04:06.846] [nas] [debug] De-registration accept received
[2023-01-09 12:04:06.846] [nas] [info] UE switches to state [MM-DEREGISTERED/PS]
[2023-01-09 12:04:06.846] [nas] [info] De-registration is successful
[2023-01-09 12:04:06.846] [nas] [info] UE switches to state [MM-DEREGISTERED/NORMAL-SERVICE]
[2023-01-09 12:04:06.846] [nas] [debug] Initial registration required due to [MM-DEREG-NORMAL-SERVICE]
[2023-01-09 12:04:06.846] [nas] [debug] Sending Initial Registration
[2023-01-09 12:04:06.846] [nas] [debug] Deleting NAS security context
[2023-01-09 12:04:06.846] [nas] [info] UE switches to state [MM-REGISTER-INITIATED]
[2023-01-09 12:04:06.846] [rrc] [debug] RRC Release received
[2023-01-09 12:04:06.846] [nas] [info] UE switches to state [CM-IDLE]
[2023-01-09 12:04:06.846] [nas] [info] UE switches to state [MM-DEREGISTERED/PS]
[2023-01-09 12:04:06.846] [nas] [info] UE switches to state [5U2-NOT-UPDATED]
[2023-01-09 12:04:06.846] [nas] [info] UE switches to state [MM-DEREGISTERED/ATTEMPTING-REGISTRATION]
[2023-01-09 12:04:17.091] [nas] [debug] NAS timer[3511] expired [1]
[2023-01-09 12:04:17.091] [nas] [debug] Initial registration required due to [T3511-EXPIRY-IN-ATT-REG]
[2023-01-09 12:04:17.093] [nas] [debug] UAC access attempt is allowed for identity[0], category[MO_sig]
[2023-01-09 12:04:17.093] [nas] [debug] Sending Initial Registration
[2023-01-09 12:04:17.093] [rrc] [debug] Sending RRC Setup Request
[2023-01-09 12:04:17.093] [nas] [info] UE switches to state [MM-REGISTER-INITIATED]
[2023-01-09 12:04:17.093] [rrc] [info] RRC connection established
[2023-01-09 12:04:17.093] [rrc] [info] UE switches to state [RRC-CONNECTED]
[2023-01-09 12:04:17.094] [nas] [info] UE switches to state [CM-CONNECTED]
[2023-01-09 12:04:17.314] [nas] [debug] Authentication Request received
[2023-01-09 12:04:17.321] [nas] [debug] Security Mode Command received
[2023-01-09 12:04:17.321] [nas] [debug] Selected integrity[2] ciphering[0]
[2023-01-09 12:04:17.348] [nas] [debug] Registration accept received
[2023-01-09 12:04:17.348] [nas] [info] UE switches to state [MM-REGISTERED/NORMAL-SERVICE]
[2023-01-09 12:04:17.348] [nas] [info] UE switches to state [5U1-UPDATED]
[2023-01-09 12:04:17.348] [nas] [debug] Sending Registration Complete
[2023-01-09 12:04:17.348] [nas] [info] Initial Registration is successful
[2023-01-09 12:04:17.348] [nas] [debug] Sending PDU Session Establishment Request
[2023-01-09 12:04:17.352] [nas] [debug] UAC access attempt is allowed for identity[0], category[MO_sig]
[2023-01-09 12:04:17.603] [nas] [debug] PDU Session Establishment Accept received
[2023-01-09 12:04:17.603] [nas] [info] PDU Session establishment is successful PSI[1]
[2023-01-09 12:04:17.683] [app] [info] Connection setup for PDU session[1] is successful, TUN interface[uesimtun77, 10.60.0.222] is up.
[2023-01-09 12:04:32.817] [nas] [debug] Sending PDU Session Release Request for PSI[1]
[2023-01-09 12:04:32.844] [nas] [debug] PDU Session Release Command received
[2023-01-09 12:04:32.844] [nas] [debug] Performing local release of PDU session[1]
[2023-01-09 12:04:33.110] [nas] [debug] Sending PDU Session Establishment Request
[2023-01-09 12:04:33.110] [nas] [debug] UAC access attempt is allowed for identity[0], category[MO_sig]
[2023-01-09 12:04:33.309] [nas] [debug] PDU Session Establishment Accept received
[2023-01-09 12:04:33.309] [nas] [info] PDU Session establishment is successful PSI[1]
[2023-01-09 12:04:33.388] [app] [info] Connection setup for PDU session[1] is successful, TUN interface[uesimtun77, 10.60.1.26] is up.
[2023-01-09 12:04:38.851] [nas] [debug] De-registration required due to [NORMAL]
[2023-01-09 12:04:38.861] [nas] [debug] Starting de-registration procedure due to [NORMAL]
[2023-01-09 12:04:38.861] [nas] [debug] Performing local release of PDU session[1]
[2023-01-09 12:04:38.861] [nas] [info] UE switches to state [MM-DEREGISTER-INITIATED]
[2023-01-09 12:04:38.950] [nas] [debug] De-registration accept received
[2023-01-09 12:04:38.950] [nas] [info] UE switches to state [MM-DEREGISTERED/PS]
[2023-01-09 12:04:38.950] [nas] [info] De-registration is successful
[2023-01-09 12:04:38.950] [nas] [info] UE switches to state [MM-DEREGISTERED/NORMAL-SERVICE]
[2023-01-09 12:04:38.950] [nas] [debug] Initial registration required due to [MM-DEREG-NORMAL-SERVICE]
[2023-01-09 12:04:38.950] [nas] [debug] Sending Initial Registration
[2023-01-09 12:04:38.950] [nas] [debug] Deleting NAS security context
[2023-01-09 12:04:38.950] [nas] [info] UE switches to state [MM-REGISTER-INITIATED]
[2023-01-09 12:04:38.952] [rrc] [debug] RRC Release received
[2023-01-09 12:04:38.952] [nas] [info] UE switches to state [CM-IDLE]
[2023-01-09 12:04:38.952] [nas] [info] UE switches to state [MM-DEREGISTERED/PS]
[2023-01-09 12:04:38.952] [nas] [info] UE switches to state [5U2-NOT-UPDATED]
[2023-01-09 12:04:38.952] [nas] [info] UE switches to state [MM-DEREGISTERED/ATTEMPTING-REGISTRATION]
[2023-01-09 12:04:49.130] [nas] [debug] NAS timer[3511] expired [1]
[2023-01-09 12:04:49.130] [nas] [debug] Initial registration required due to [T3511-EXPIRY-IN-ATT-REG]
[2023-01-09 12:04:49.130] [nas] [debug] UAC access attempt is allowed for identity[0], category[MO_sig]
[2023-01-09 12:04:49.130] [nas] [debug] Sending Initial Registration
[2023-01-09 12:04:49.130] [nas] [info] UE switches to state [MM-REGISTER-INITIATED]
[2023-01-09 12:04:49.130] [rrc] [debug] Sending RRC Setup Request
[2023-01-09 12:04:49.130] [rrc] [info] RRC connection established
[2023-01-09 12:04:49.130] [rrc] [info] UE switches to state [RRC-CONNECTED]
[2023-01-09 12:04:49.130] [nas] [info] UE switches to state [CM-CONNECTED]
[2023-01-09 12:04:49.185] [nas] [debug] Authentication Request received
[2023-01-09 12:04:49.208] [nas] [debug] Security Mode Command received
[2023-01-09 12:04:49.208] [nas] [debug] Selected integrity[2] ciphering[0]
[2023-01-09 12:04:49.241] [nas] [debug] Registration accept received
[2023-01-09 12:04:49.241] [nas] [info] UE switches to state [MM-REGISTERED/NORMAL-SERVICE]
[2023-01-09 12:04:49.241] [nas] [info] UE switches to state [5U1-UPDATED]
[2023-01-09 12:04:49.241] [nas] [debug] Sending Registration Complete
[2023-01-09 12:04:49.241] [nas] [info] Initial Registration is successful
[2023-01-09 12:04:49.241] [nas] [debug] Sending PDU Session Establishment Request
[2023-01-09 12:04:49.241] [nas] [debug] UAC access attempt is allowed for identity[0], category[MO_sig]
[2023-01-09 12:04:49.306] [nas] [debug] PDU Session Establishment Accept received
[2023-01-09 12:04:49.306] [nas] [info] PDU Session establishment is successful PSI[1]
[2023-01-09 12:04:49.426] [app] [info] Connection setup for PDU session[1] is successful, TUN interface[uesimtun81, 10.60.1.88] is up.
[2023-01-09 12:05:13.910] [nas] [debug] Sending PDU Session Establishment Request
[2023-01-09 12:05:14.011] [nas] [error] No response from RRC from UAC checks, considering access attempt is barred
[2023-01-09 12:05:30.178] [nas] [warning] Retransmitting PDU Session Establishment Request due to T3580 expiry
[2023-01-09 12:05:30.182] [nas] [debug] UAC access attempt is allowed for identity[0], category[MO_sig]
[2023-01-09 12:05:30.279] [nas] [debug] PDU Session Establishment Accept received
[2023-01-09 12:05:30.279] [nas] [info] PDU Session establishment is successful PSI[2]
[2023-01-09 12:05:30.526] [app] [info] Connection setup for PDU session[2] is successful, TUN interface[uesimtun40, 10.60.1.210] is up.
[2023-01-09 12:05:48.076] [nas] [debug] Sending PDU Session Establishment Request
[2023-01-09 12:05:48.183] [nas] [error] No response from RRC from UAC checks, considering access attempt is barred
[2023-01-09 12:06:04.219] [nas] [warning] Retransmitting PDU Session Establishment Request due to T3580 expiry
[2023-01-09 12:06:04.219] [nas] [debug] UAC access attempt is allowed for identity[0], category[MO_sig]
[2023-01-09 12:06:04.388] [nas] [debug] PDU Session Establishment Accept received
[2023-01-09 12:06:04.388] [nas] [info] PDU Session establishment is successful PSI[3]
[2023-01-09 12:06:04.560] [app] [info] Connection setup for PDU session[3] is successful, TUN interface[uesimtun56, 10.60.2.45] is up.
[2023-01-09 12:06:14.240] [nas] [debug] Sending PDU Session Release Request for PSI[1]
[2023-01-09 12:06:14.240] [nas] [debug] Sending PDU Session Release Request for PSI[2]
[2023-01-09 12:06:14.240] [nas] [debug] Sending PDU Session Release Request for PSI[3]
[2023-01-09 12:06:14.259] [nas] [error] PDU Session Release Reject received [REQUEST_REJECTED_UNSPECIFIED]
[2023-01-09 12:06:14.259] [nas] [error] PS release reject received without being requested
[2023-01-09 12:06:14.259] [nas] [warning] Sending SM Cause[MESSAGE_TYPE_NOT_COMPATIBLE_WITH_THE_PROTOCOL_STATE] for PSI[1]
[2023-01-09 12:06:14.264] [nas] [error] PDU Session Release Reject received [REQUEST_REJECTED_UNSPECIFIED]
[2023-01-09 12:06:14.264] [nas] [error] PS release reject received without being requested
[2023-01-09 12:06:14.264] [nas] [warning] Sending SM Cause[MESSAGE_TYPE_NOT_COMPATIBLE_WITH_THE_PROTOCOL_STATE] for PSI[2]
[2023-01-09 12:06:14.267] [nas] [error] PDU Session Release Reject received [REQUEST_REJECTED_UNSPECIFIED]
[2023-01-09 12:06:14.267] [nas] [error] PS release reject received without being requested
[2023-01-09 12:06:14.267] [nas] [warning] Sending SM Cause[MESSAGE_TYPE_NOT_COMPATIBLE_WITH_THE_PROTOCOL_STATE] for PSI[3]
[2023-01-09 12:06:23.289] [nas] [debug] Sending PDU Session Release Request for PSI[1]
[2023-01-09 12:06:23.290] [nas] [debug] Sending PDU Session Release Request for PSI[2]
[2023-01-09 12:06:23.290] [nas] [debug] Sending PDU Session Release Request for PSI[3]
[2023-01-09 12:06:23.435] [nas] [error] PDU Session Release Reject received [REQUEST_REJECTED_UNSPECIFIED]
[2023-01-09 12:06:23.435] [nas] [error] PS release reject received without being requested
[2023-01-09 12:06:23.435] [nas] [warning] Sending SM Cause[MESSAGE_TYPE_NOT_COMPATIBLE_WITH_THE_PROTOCOL_STATE] for PSI[1]
[2023-01-09 12:06:23.441] [nas] [error] PDU Session Release Reject received [REQUEST_REJECTED_UNSPECIFIED]
[2023-01-09 12:06:23.441] [nas] [error] PS release reject received without being requested
[2023-01-09 12:06:23.441] [nas] [warning] Sending SM Cause[MESSAGE_TYPE_NOT_COMPATIBLE_WITH_THE_PROTOCOL_STATE] for PSI[2]
[2023-01-09 12:06:23.452] [nas] [error] PDU Session Release Reject received [REQUEST_REJECTED_UNSPECIFIED]
[2023-01-09 12:06:23.452] [nas] [error] PS release reject received without being requested
[2023-01-09 12:06:23.452] [nas] [warning] Sending SM Cause[MESSAGE_TYPE_NOT_COMPATIBLE_WITH_THE_PROTOCOL_STATE] for PSI[3]
[2023-01-09 12:06:29.397] [nas] [debug] Sending PDU Session Release Request for PSI[1]
[2023-01-09 12:06:29.397] [nas] [debug] Sending PDU Session Release Request for PSI[2]
[2023-01-09 12:06:29.397] [nas] [debug] Sending PDU Session Release Request for PSI[3]
[2023-01-09 12:06:29.461] [nas] [error] PDU Session Release Reject received [REQUEST_REJECTED_UNSPECIFIED]
[2023-01-09 12:06:29.461] [nas] [error] PS release reject received without being requested
[2023-01-09 12:06:29.461] [nas] [warning] Sending SM Cause[MESSAGE_TYPE_NOT_COMPATIBLE_WITH_THE_PROTOCOL_STATE] for PSI[1]
[2023-01-09 12:06:29.471] [nas] [error] PDU Session Release Reject received [REQUEST_REJECTED_UNSPECIFIED]
[2023-01-09 12:06:29.471] [nas] [error] PS release reject received without being requested
[2023-01-09 12:06:29.471] [nas] [warning] Sending SM Cause[MESSAGE_TYPE_NOT_COMPATIBLE_WITH_THE_PROTOCOL_STATE] for PSI[2]
[2023-01-09 12:06:29.471] [nas] [error] PDU Session Release Reject received [REQUEST_REJECTED_UNSPECIFIED]
[2023-01-09 12:06:29.471] [nas] [error] PS release reject received without being requested
[2023-01-09 12:06:29.471] [nas] [warning] Sending SM Cause[MESSAGE_TYPE_NOT_COMPATIBLE_WITH_THE_PROTOCOL_STATE] for PSI[3]
[2023-01-09 12:06:38.508] [nas] [debug] Sending PDU Session Release Request for PSI[1]
[2023-01-09 12:06:38.586] [nas] [error] PDU Session Release Reject received [REQUEST_REJECTED_UNSPECIFIED]
[2023-01-09 12:06:38.586] [nas] [error] PS release reject received without being requested
[2023-01-09 12:06:38.586] [nas] [warning] Sending SM Cause[MESSAGE_TYPE_NOT_COMPATIBLE_WITH_THE_PROTOCOL_STATE] for PSI[1]
[2023-01-09 12:06:53.600] [nas] [debug] Sending PDU Session Release Request for PSI[3]
[2023-01-09 12:06:53.637] [nas] [error] PDU Session Release Reject received [REQUEST_REJECTED_UNSPECIFIED]
[2023-01-09 12:06:53.637] [nas] [error] PS release reject received without being requested
[2023-01-09 12:06:53.637] [nas] [warning] Sending SM Cause[MESSAGE_TYPE_NOT_COMPATIBLE_WITH_THE_PROTOCOL_STATE] for PSI[3]
[2023-01-09 12:07:04.690] [nas] [debug] Sending PDU Session Release Request for PSI[1]
[2023-01-09 12:07:04.903] [nas] [error] PDU Session Release Reject received [REQUEST_REJECTED_UNSPECIFIED]
[2023-01-09 12:07:04.903] [nas] [error] PS release reject received without being requested
[2023-01-09 12:07:04.903] [nas] [warning] Sending SM Cause[MESSAGE_TYPE_NOT_COMPATIBLE_WITH_THE_PROTOCOL_STATE] for PSI[1]
[2023-01-09 12:07:10.764] [nas] [debug] Sending PDU Session Release Request for PSI[3]
[2023-01-09 12:07:10.780] [nas] [error] PDU Session Release Reject received [REQUEST_REJECTED_UNSPECIFIED]
[2023-01-09 12:07:10.780] [nas] [error] PS release reject received without being requested
[2023-01-09 12:07:10.780] [nas] [warning] Sending SM Cause[MESSAGE_TYPE_NOT_COMPATIBLE_WITH_THE_PROTOCOL_STATE] for PSI[3]
[2023-01-09 12:07:15.795] [nas] [debug] Sending PDU Session Establishment Request
[2023-01-09 12:07:15.897] [nas] [error] No response from RRC from UAC checks, considering access attempt is barred
[2023-01-09 12:07:32.332] [nas] [warning] Retransmitting PDU Session Establishment Request due to T3580 expiry
[2023-01-09 12:07:32.333] [nas] [debug] UAC access attempt is allowed for identity[0], category[MO_sig]
[2023-01-09 12:07:32.598] [nas] [debug] PDU Session Establishment Accept received
[2023-01-09 12:07:32.598] [nas] [info] PDU Session establishment is successful PSI[4]
[2023-01-09 12:07:32.680] [app] [info] Connection setup for PDU session[4] is successful, TUN interface[uesimtun120, 10.60.3.23] is up.
[2023-01-09 12:07:42.960] [nas] [debug] De-registration required due to [NORMAL]
[2023-01-09 12:07:42.970] [nas] [debug] Starting de-registration procedure due to [NORMAL]
[2023-01-09 12:07:42.970] [nas] [debug] Performing local release of PDU session[1]
[2023-01-09 12:07:42.970] [nas] [debug] Performing local release of PDU session[2]
[2023-01-09 12:07:42.970] [nas] [debug] Performing local release of PDU session[3]
[2023-01-09 12:07:42.970] [nas] [debug] Performing local release of PDU session[4]
[2023-01-09 12:07:42.970] [nas] [info] UE switches to state [MM-DEREGISTER-INITIATED]
[2023-01-09 12:07:43.026] [nas] [debug] De-registration accept received
[2023-01-09 12:07:43.026] [nas] [info] UE switches to state [MM-DEREGISTERED/PS]
[2023-01-09 12:07:43.026] [nas] [info] De-registration is successful
[2023-01-09 12:07:43.026] [nas] [info] UE switches to state [MM-DEREGISTERED/NORMAL-SERVICE]
[2023-01-09 12:07:43.026] [nas] [debug] Initial registration required due to [MM-DEREG-NORMAL-SERVICE]
[2023-01-09 12:07:43.026] [nas] [debug] Sending Initial Registration
[2023-01-09 12:07:43.026] [nas] [debug] Deleting NAS security context
[2023-01-09 12:07:43.026] [nas] [info] UE switches to state [MM-REGISTER-INITIATED]
[2023-01-09 12:07:43.042] [rrc] [debug] RRC Release received
[2023-01-09 12:07:43.042] [nas] [info] UE switches to state [CM-IDLE]
[2023-01-09 12:07:43.042] [nas] [info] UE switches to state [MM-DEREGISTERED/PS]
[2023-01-09 12:07:43.042] [nas] [info] UE switches to state [5U2-NOT-UPDATED]
[2023-01-09 12:07:43.042] [nas] [info] UE switches to state [MM-DEREGISTERED/ATTEMPTING-REGISTRATION]
[2023-01-09 12:07:53.355] [nas] [debug] NAS timer[3511] expired [1]
[2023-01-09 12:07:53.355] [nas] [debug] Initial registration required due to [T3511-EXPIRY-IN-ATT-REG]
[2023-01-09 12:07:53.356] [nas] [debug] UAC access attempt is allowed for identity[0], category[MO_sig]
[2023-01-09 12:07:53.356] [nas] [debug] Sending Initial Registration
[2023-01-09 12:07:53.356] [nas] [info] UE switches to state [MM-REGISTER-INITIATED]
[2023-01-09 12:07:53.356] [rrc] [debug] Sending RRC Setup Request
[2023-01-09 12:07:53.357] [rrc] [info] RRC connection established
[2023-01-09 12:07:53.357] [rrc] [info] UE switches to state [RRC-CONNECTED]
[2023-01-09 12:07:53.357] [nas] [info] UE switches to state [CM-CONNECTED]
[2023-01-09 12:07:53.557] [nas] [debug] Authentication Request received
[2023-01-09 12:07:53.561] [nas] [debug] Security Mode Command received
[2023-01-09 12:07:53.562] [nas] [debug] Selected integrity[2] ciphering[0]
[2023-01-09 12:07:53.585] [nas] [debug] Registration accept received
[2023-01-09 12:07:53.585] [nas] [info] UE switches to state [MM-REGISTERED/NORMAL-SERVICE]
[2023-01-09 12:07:53.585] [nas] [info] UE switches to state [5U1-UPDATED]
[2023-01-09 12:07:53.585] [nas] [debug] Sending Registration Complete
[2023-01-09 12:07:53.585] [nas] [info] Initial Registration is successful
[2023-01-09 12:07:53.585] [nas] [debug] Sending PDU Session Establishment Request
[2023-01-09 12:07:53.587] [nas] [debug] UAC access attempt is allowed for identity[0], category[MO_sig]
[2023-01-09 12:07:53.832] [nas] [debug] PDU Session Establishment Accept received
[2023-01-09 12:07:53.832] [nas] [info] PDU Session establishment is successful PSI[1]
[2023-01-09 12:07:53.973] [app] [info] Connection setup for PDU session[1] is successful, TUN interface[uesimtun133, 10.60.3.79] is up.
[2023-01-09 12:08:10.021] [nas] [debug] De-registration required due to [NORMAL]
[2023-01-09 12:08:10.031] [nas] [debug] Starting de-registration procedure due to [NORMAL]
[2023-01-09 12:08:10.032] [nas] [debug] Performing local release of PDU session[1]
[2023-01-09 12:08:10.032] [nas] [info] UE switches to state [MM-DEREGISTER-INITIATED]
[2023-01-09 12:08:10.260] [nas] [debug] De-registration accept received
[2023-01-09 12:08:10.260] [nas] [info] UE switches to state [MM-DEREGISTERED/PS]
[2023-01-09 12:08:10.260] [nas] [info] De-registration is successful
[2023-01-09 12:08:10.260] [nas] [info] UE switches to state [MM-DEREGISTERED/NORMAL-SERVICE]
[2023-01-09 12:08:10.260] [nas] [debug] Initial registration required due to [MM-DEREG-NORMAL-SERVICE]
[2023-01-09 12:08:10.260] [nas] [debug] Sending Initial Registration
[2023-01-09 12:08:10.260] [nas] [debug] Deleting NAS security context
[2023-01-09 12:08:10.260] [nas] [info] UE switches to state [MM-REGISTER-INITIATED]
[2023-01-09 12:08:10.261] [rrc] [debug] RRC Release received
[2023-01-09 12:08:10.261] [nas] [info] UE switches to state [CM-IDLE]
[2023-01-09 12:08:10.261] [nas] [info] UE switches to state [MM-DEREGISTERED/PS]
[2023-01-09 12:08:10.261] [nas] [info] UE switches to state [5U2-NOT-UPDATED]
[2023-01-09 12:08:10.261] [nas] [info] UE switches to state [MM-DEREGISTERED/ATTEMPTING-REGISTRATION]
[2023-01-09 12:08:20.391] [nas] [debug] NAS timer[3511] expired [1]
[2023-01-09 12:08:20.391] [nas] [debug] Initial registration required due to [T3511-EXPIRY-IN-ATT-REG]
[2023-01-09 12:08:20.391] [nas] [debug] UAC access attempt is allowed for identity[0], category[MO_sig]
[2023-01-09 12:08:20.391] [nas] [debug] Sending Initial Registration
[2023-01-09 12:08:20.391] [nas] [info] UE switches to state [MM-REGISTER-INITIATED]
[2023-01-09 12:08:20.391] [rrc] [debug] Sending RRC Setup Request
[2023-01-09 12:08:20.393] [rrc] [info] RRC connection established
[2023-01-09 12:08:20.393] [rrc] [info] UE switches to state [RRC-CONNECTED]
[2023-01-09 12:08:20.393] [nas] [info] UE switches to state [CM-CONNECTED]
[2023-01-09 12:08:20.587] [nas] [debug] Authentication Request received
[2023-01-09 12:08:20.605] [nas] [debug] Security Mode Command received
[2023-01-09 12:08:20.605] [nas] [debug] Selected integrity[2] ciphering[0]
[2023-01-09 12:08:20.642] [nas] [debug] Registration accept received
[2023-01-09 12:08:20.642] [nas] [info] UE switches to state [MM-REGISTERED/NORMAL-SERVICE]
[2023-01-09 12:08:20.642] [nas] [info] UE switches to state [5U1-UPDATED]
[2023-01-09 12:08:20.642] [nas] [debug] Sending Registration Complete
[2023-01-09 12:08:20.642] [nas] [info] Initial Registration is successful
[2023-01-09 12:08:20.642] [nas] [debug] Sending PDU Session Establishment Request
[2023-01-09 12:08:20.645] [nas] [debug] UAC access attempt is allowed for identity[0], category[MO_sig]
[2023-01-09 12:08:20.716] [nas] [debug] PDU Session Establishment Accept received
[2023-01-09 12:08:20.716] [nas] [info] PDU Session establishment is successful PSI[1]
[2023-01-09 12:08:20.851] [app] [info] Connection setup for PDU session[1] is successful, TUN interface[uesimtun32, 10.60.3.138] is up.
[2023-01-09 12:08:42.089] [nas] [debug] Sending PDU Session Release Request for PSI[1]
[2023-01-09 12:08:42.108] [nas] [error] PDU Session Release Reject received [REQUEST_REJECTED_UNSPECIFIED]
[2023-01-09 12:08:42.108] [nas] [error] PS release reject received without being requested
[2023-01-09 12:08:42.108] [nas] [warning] Sending SM Cause[MESSAGE_TYPE_NOT_COMPATIBLE_WITH_THE_PROTOCOL_STATE] for PSI[1]
[2023-01-09 12:08:48.146] [nas] [debug] De-registration required due to [NORMAL]
[2023-01-09 12:08:48.156] [nas] [debug] Starting de-registration procedure due to [NORMAL]
[2023-01-09 12:08:48.156] [nas] [debug] Performing local release of PDU session[1]
[2023-01-09 12:08:48.156] [nas] [info] UE switches to state [MM-DEREGISTER-INITIATED]
[2023-01-09 12:08:48.281] [nas] [debug] De-registration accept received
[2023-01-09 12:08:48.281] [nas] [info] UE switches to state [MM-DEREGISTERED/PS]
[2023-01-09 12:08:48.281] [nas] [info] De-registration is successful
[2023-01-09 12:08:48.281] [nas] [info] UE switches to state [MM-DEREGISTERED/NORMAL-SERVICE]
[2023-01-09 12:08:48.281] [nas] [debug] Initial registration required due to [MM-DEREG-NORMAL-SERVICE]
[2023-01-09 12:08:48.282] [nas] [debug] Sending Initial Registration
[2023-01-09 12:08:48.282] [nas] [debug] Deleting NAS security context
[2023-01-09 12:08:48.282] [nas] [info] UE switches to state [MM-REGISTER-INITIATED]
[2023-01-09 12:08:48.282] [rrc] [debug] RRC Release received
[2023-01-09 12:08:48.283] [nas] [info] UE switches to state [CM-IDLE]
[2023-01-09 12:08:48.283] [nas] [info] UE switches to state [MM-DEREGISTERED/PS]
[2023-01-09 12:08:48.283] [nas] [info] UE switches to state [5U2-NOT-UPDATED]
[2023-01-09 12:08:48.283] [nas] [info] UE switches to state [MM-DEREGISTERED/ATTEMPTING-REGISTRATION]
[2023-01-09 12:08:58.429] [nas] [debug] NAS timer[3511] expired [1]
[2023-01-09 12:08:58.429] [nas] [debug] Initial registration required due to [T3511-EXPIRY-IN-ATT-REG]
[2023-01-09 12:08:58.432] [nas] [debug] UAC access attempt is allowed for identity[0], category[MO_sig]
[2023-01-09 12:08:58.432] [nas] [debug] Sending Initial Registration
[2023-01-09 12:08:58.432] [rrc] [debug] Sending RRC Setup Request
[2023-01-09 12:08:58.432] [rrc] [info] RRC connection established
[2023-01-09 12:08:58.432] [rrc] [info] UE switches to state [RRC-CONNECTED]
[2023-01-09 12:08:58.432] [nas] [info] UE switches to state [MM-REGISTER-INITIATED]
[2023-01-09 12:08:58.432] [nas] [info] UE switches to state [CM-CONNECTED]
[2023-01-09 12:08:58.502] [nas] [debug] Authentication Request received
[2023-01-09 12:08:58.514] [nas] [debug] Security Mode Command received
[2023-01-09 12:08:58.514] [nas] [debug] Selected integrity[2] ciphering[0]
[2023-01-09 12:08:58.560] [nas] [debug] Registration accept received
[2023-01-09 12:08:58.560] [nas] [info] UE switches to state [MM-REGISTERED/NORMAL-SERVICE]
[2023-01-09 12:08:58.560] [nas] [info] UE switches to state [5U1-UPDATED]
[2023-01-09 12:08:58.560] [nas] [debug] Sending Registration Complete
[2023-01-09 12:08:58.560] [nas] [info] Initial Registration is successful
[2023-01-09 12:08:58.560] [nas] [debug] Sending PDU Session Establishment Request
[2023-01-09 12:08:58.560] [nas] [debug] UAC access attempt is allowed for identity[0], category[MO_sig]
[2023-01-09 12:08:58.638] [nas] [debug] PDU Session Establishment Accept received
[2023-01-09 12:08:58.638] [nas] [info] PDU Session establishment is successful PSI[1]
[2023-01-09 12:08:58.732] [app] [info] Connection setup for PDU session[1] is successful, TUN interface[uesimtun141, 10.60.3.237] is up.
[2023-01-09 12:09:23.249] [nas] [debug] De-registration required due to [NORMAL]
[2023-01-09 12:09:23.259] [nas] [debug] Starting de-registration procedure due to [NORMAL]
[2023-01-09 12:09:23.259] [nas] [debug] Performing local release of PDU session[1]
[2023-01-09 12:09:23.259] [nas] [info] UE switches to state [MM-DEREGISTER-INITIATED]
[2023-01-09 12:09:38.475] [nas] [debug] NAS timer[3521] expired [1]
[2023-01-09 12:09:38.475] [nas] [debug] Retransmitting De-registration Request due to T3521 expiry
[2023-01-09 12:09:53.491] [nas] [debug] NAS timer[3521] expired [2]
[2023-01-09 12:09:53.491] [nas] [debug] Retransmitting De-registration Request due to T3521 expiry
[2023-01-09 12:09:55.307] [nas] [debug] Sending PDU Session Establishment Request
[2023-01-09 12:09:55.408] [nas] [error] No response from RRC from UAC checks, considering access attempt is barred
