UERANSIM v3.2.6
[2023-01-09 12:03:16.003] [nas] [info] UE switches to state [MM-DEREGISTERED/PLMN-SEARCH]
[2023-01-09 12:03:16.009] [rrc] [debug] New signal detected for cell[1], total [1] cells in coverage
[2023-01-09 12:03:16.010] [nas] [info] Selected plmn[208/93]
[2023-01-09 12:03:16.010] [rrc] [info] Selected cell plmn[208/93] tac[1] category[SUITABLE]
[2023-01-09 12:03:16.010] [nas] [info] UE switches to state [MM-DEREGISTERED/PS]
[2023-01-09 12:03:16.010] [nas] [info] UE switches to state [MM-DEREGISTERED/NORMAL-SERVICE]
[2023-01-09 12:03:16.010] [nas] [debug] Initial registration required due to [MM-DEREG-NORMAL-SERVICE]
[2023-01-09 12:03:16.010] [nas] [debug] UAC access attempt is allowed for identity[0], category[MO_sig]
[2023-01-09 12:03:16.010] [nas] [debug] Sending Initial Registration
[2023-01-09 12:03:16.010] [nas] [info] UE switches to state [MM-REGISTER-INITIATED]
[2023-01-09 12:03:16.010] [rrc] [debug] Sending RRC Setup Request
[2023-01-09 12:03:16.010] [rrc] [info] RRC connection established
[2023-01-09 12:03:16.010] [rrc] [info] UE switches to state [RRC-CONNECTED]
[2023-01-09 12:03:16.010] [nas] [info] UE switches to state [CM-CONNECTED]
[2023-01-09 12:03:16.025] [nas] [debug] Authentication Request received
[2023-01-09 12:03:16.031] [nas] [debug] Security Mode Command received
[2023-01-09 12:03:16.031] [nas] [debug] Selected integrity[2] ciphering[0]
[2023-01-09 12:03:16.057] [nas] [debug] Registration accept received
[2023-01-09 12:03:16.057] [nas] [info] UE switches to state [MM-REGISTERED/NORMAL-SERVICE]
[2023-01-09 12:03:16.057] [nas] [debug] Sending Registration Complete
[2023-01-09 12:03:16.057] [nas] [info] Initial Registration is successful
[2023-01-09 12:03:16.057] [nas] [debug] Sending PDU Session Establishment Request
[2023-01-09 12:03:16.057] [nas] [debug] UAC access attempt is allowed for identity[0], category[MO_sig]
[2023-01-09 12:03:16.291] [nas] [debug] PDU Session Establishment Accept received
[2023-01-09 12:03:16.291] [nas] [info] PDU Session establishment is successful PSI[1]
[2023-01-09 12:03:16.342] [app] [info] Connection setup for PDU session[1] is successful, TUN interface[uesimtun64, 10.60.0.65] is up.
[2023-01-09 12:03:53.909] [nas] [debug] Sending PDU Session Release Request for PSI[1]
[2023-01-09 12:03:54.342] [nas] [debug] PDU Session Release Command received
[2023-01-09 12:03:54.342] [nas] [debug] Performing local release of PDU session[1]
[2023-01-09 12:03:54.538] [nas] [debug] Sending PDU Session Establishment Request
[2023-01-09 12:03:54.539] [nas] [debug] UAC access attempt is allowed for identity[0], category[MO_sig]
[2023-01-09 12:03:54.938] [nas] [debug] PDU Session Establishment Accept received
[2023-01-09 12:03:54.938] [nas] [info] PDU Session establishment is successful PSI[1]
[2023-01-09 12:03:55.213] [app] [info] Connection setup for PDU session[1] is successful, TUN interface[uesimtun64, 10.60.0.133] is up.
[2023-01-09 12:03:58.948] [nas] [debug] De-registration required due to [NORMAL]
[2023-01-09 12:03:58.958] [nas] [debug] Starting de-registration procedure due to [NORMAL]
[2023-01-09 12:03:58.958] [nas] [debug] Performing local release of PDU session[1]
[2023-01-09 12:03:58.958] [nas] [info] UE switches to state [MM-DEREGISTER-INITIATED]
[2023-01-09 12:03:59.008] [nas] [debug] De-registration accept received
[2023-01-09 12:03:59.008] [nas] [info] UE switches to state [MM-DEREGISTERED/PS]
[2023-01-09 12:03:59.008] [nas] [info] De-registration is successful
[2023-01-09 12:03:59.008] [nas] [info] UE switches to state [MM-DEREGISTERED/NORMAL-SERVICE]
[2023-01-09 12:03:59.008] [nas] [debug] Initial registration required due to [MM-DEREG-NORMAL-SERVICE]
[2023-01-09 12:03:59.008] [nas] [debug] Sending Initial Registration
[2023-01-09 12:03:59.008] [nas] [debug] Deleting NAS security context
[2023-01-09 12:03:59.008] [nas] [info] UE switches to state [MM-REGISTER-INITIATED]
[2023-01-09 12:03:59.011] [rrc] [debug] RRC Release received
[2023-01-09 12:03:59.011] [nas] [info] UE switches to state [CM-IDLE]
[2023-01-09 12:03:59.011] [nas] [info] UE switches to state [MM-DEREGISTERED/PS]
[2023-01-09 12:03:59.011] [nas] [info] UE switches to state [5U2-NOT-UPDATED]
[2023-01-09 12:03:59.011] [nas] [info] UE switches to state [MM-DEREGISTERED/ATTEMPTING-REGISTRATION]
[2023-01-09 12:04:09.061] [nas] [debug] NAS timer[3511] expired [1]
[2023-01-09 12:04:09.061] [nas] [debug] Initial registration required due to [T3511-EXPIRY-IN-ATT-REG]
[2023-01-09 12:04:09.064] [nas] [debug] UAC access attempt is allowed for identity[0], category[MO_sig]
[2023-01-09 12:04:09.064] [nas] [debug] Sending Initial Registration
[2023-01-09 12:04:09.064] [rrc] [debug] Sending RRC Setup Request
[2023-01-09 12:04:09.064] [nas] [info] UE switches to state [MM-REGISTER-INITIATED]
[2023-01-09 12:04:09.064] [rrc] [info] RRC connection established
[2023-01-09 12:04:09.064] [rrc] [info] UE switches to state [RRC-CONNECTED]
[2023-01-09 12:04:09.064] [nas] [info] UE switches to state [CM-CONNECTED]
[2023-01-09 12:04:09.455] [nas] [debug] Authentication Request received
[2023-01-09 12:04:09.506] [nas] [debug] Security Mode Command received
[2023-01-09 12:04:09.506] [nas] [debug] Selected integrity[2] ciphering[0]
[2023-01-09 12:04:09.555] [nas] [debug] Registration accept received
[2023-01-09 12:04:09.555] [nas] [info] UE switches to state [MM-REGISTERED/NORMAL-SERVICE]
[2023-01-09 12:04:09.555] [nas] [info] UE switches to state [5U1-UPDATED]
[2023-01-09 12:04:09.555] [nas] [debug] Sending Registration Complete
[2023-01-09 12:04:09.555] [nas] [info] Initial Registration is successful
[2023-01-09 12:04:09.555] [nas] [debug] Sending PDU Session Establishment Request
[2023-01-09 12:04:09.556] [nas] [debug] UAC access attempt is allowed for identity[0], category[MO_sig]
[2023-01-09 12:04:09.799] [nas] [debug] PDU Session Establishment Accept received
[2023-01-09 12:04:09.799] [nas] [info] PDU Session establishment is successful PSI[1]
[2023-01-09 12:04:09.901] [app] [info] Connection setup for PDU session[1] is successful, TUN interface[uesimtun92, 10.60.0.185] is up.
[2023-01-09 12:04:30.029] [nas] [debug] Sending PDU Session Release Request for PSI[1]
[2023-01-09 12:04:30.165] [nas] [debug] PDU Session Release Command received
[2023-01-09 12:04:30.165] [nas] [debug] Performing local release of PDU session[1]
[2023-01-09 12:04:30.903] [nas] [debug] Sending PDU Session Establishment Request
[2023-01-09 12:04:30.906] [nas] [debug] UAC access attempt is allowed for identity[0], category[MO_sig]
[2023-01-09 12:04:30.949] [nas] [debug] PDU Session Establishment Accept received
[2023-01-09 12:04:30.949] [nas] [info] PDU Session establishment is successful PSI[1]
[2023-01-09 12:04:31.031] [app] [info] Connection setup for PDU session[1] is successful, TUN interface[uesimtun83, 10.60.1.20] is up.
[2023-01-09 12:04:39.070] [nas] [debug] De-registration required due to [NORMAL]
[2023-01-09 12:04:39.081] [nas] [debug] Starting de-registration procedure due to [NORMAL]
[2023-01-09 12:04:39.082] [nas] [debug] Performing local release of PDU session[1]
[2023-01-09 12:04:39.082] [nas] [info] UE switches to state [MM-DEREGISTER-INITIATED]
[2023-01-09 12:04:39.232] [nas] [debug] De-registration accept received
[2023-01-09 12:04:39.232] [nas] [info] UE switches to state [MM-DEREGISTERED/PS]
[2023-01-09 12:04:39.232] [nas] [info] De-registration is successful
[2023-01-09 12:04:39.232] [nas] [info] UE switches to state [MM-DEREGISTERED/NORMAL-SERVICE]
[2023-01-09 12:04:39.232] [nas] [debug] Initial registration required due to [MM-DEREG-NORMAL-SERVICE]
[2023-01-09 12:04:39.232] [nas] [debug] Sending Initial Registration
[2023-01-09 12:04:39.232] [nas] [debug] Deleting NAS security context
[2023-01-09 12:04:39.232] [nas] [info] UE switches to state [MM-REGISTER-INITIATED]
[2023-01-09 12:04:39.237] [rrc] [debug] RRC Release received
[2023-01-09 12:04:39.237] [nas] [info] UE switches to state [CM-IDLE]
[2023-01-09 12:04:39.237] [nas] [info] UE switches to state [MM-DEREGISTERED/PS]
[2023-01-09 12:04:39.237] [nas] [info] UE switches to state [5U2-NOT-UPDATED]
[2023-01-09 12:04:39.237] [nas] [info] UE switches to state [MM-DEREGISTERED/ATTEMPTING-REGISTRATION]
[2023-01-09 12:04:50.110] [nas] [debug] NAS timer[3511] expired [1]
[2023-01-09 12:04:50.110] [nas] [debug] Initial registration required due to [T3511-EXPIRY-IN-ATT-REG]
[2023-01-09 12:04:50.110] [nas] [debug] UAC access attempt is allowed for identity[0], category[MO_sig]
[2023-01-09 12:04:50.110] [nas] [debug] Sending Initial Registration
[2023-01-09 12:04:50.110] [nas] [info] UE switches to state [MM-REGISTER-INITIATED]
[2023-01-09 12:04:50.110] [rrc] [debug] Sending RRC Setup Request
[2023-01-09 12:04:50.110] [rrc] [info] RRC connection established
[2023-01-09 12:04:50.110] [rrc] [info] UE switches to state [RRC-CONNECTED]
[2023-01-09 12:04:50.110] [nas] [info] UE switches to state [CM-CONNECTED]
[2023-01-09 12:04:50.263] [nas] [debug] Authentication Request received
[2023-01-09 12:04:50.283] [nas] [debug] Security Mode Command received
[2023-01-09 12:04:50.283] [nas] [debug] Selected integrity[2] ciphering[0]
[2023-01-09 12:04:50.317] [nas] [debug] Registration accept received
[2023-01-09 12:04:50.317] [nas] [info] UE switches to state [MM-REGISTERED/NORMAL-SERVICE]
[2023-01-09 12:04:50.317] [nas] [info] UE switches to state [5U1-UPDATED]
[2023-01-09 12:04:50.317] [nas] [debug] Sending Registration Complete
[2023-01-09 12:04:50.317] [nas] [info] Initial Registration is successful
[2023-01-09 12:04:50.317] [nas] [debug] Sending PDU Session Establishment Request
[2023-01-09 12:04:50.317] [nas] [debug] UAC access attempt is allowed for identity[0], category[MO_sig]
[2023-01-09 12:04:50.402] [nas] [debug] PDU Session Establishment Accept received
[2023-01-09 12:04:50.402] [nas] [info] PDU Session establishment is successful PSI[1]
[2023-01-09 12:04:50.528] [app] [info] Connection setup for PDU session[1] is successful, TUN interface[uesimtun104, 10.60.1.91] is up.
[2023-01-09 12:05:07.183] [nas] [debug] Sending PDU Session Release Request for PSI[1]
[2023-01-09 12:05:07.284] [nas] [error] PDU Session Release Reject received [REQUEST_REJECTED_UNSPECIFIED]
[2023-01-09 12:05:07.284] [nas] [error] PS release reject received without being requested
[2023-01-09 12:05:07.284] [nas] [warning] Sending SM Cause[MESSAGE_TYPE_NOT_COMPATIBLE_WITH_THE_PROTOCOL_STATE] for PSI[1]
[2023-01-09 12:05:12.235] [nas] [debug] Sending PDU Session Release Request for PSI[1]
[2023-01-09 12:05:12.363] [nas] [error] PDU Session Release Reject received [REQUEST_REJECTED_UNSPECIFIED]
[2023-01-09 12:05:12.363] [nas] [error] PS release reject received without being requested
[2023-01-09 12:05:12.363] [nas] [warning] Sending SM Cause[MESSAGE_TYPE_NOT_COMPATIBLE_WITH_THE_PROTOCOL_STATE] for PSI[1]
[2023-01-09 12:05:20.304] [nas] [debug] Sending PDU Session Release Request for PSI[1]
[2023-01-09 12:05:20.343] [nas] [error] PDU Session Release Reject received [REQUEST_REJECTED_UNSPECIFIED]
[2023-01-09 12:05:20.343] [nas] [error] PS release reject received without being requested
[2023-01-09 12:05:20.343] [nas] [warning] Sending SM Cause[MESSAGE_TYPE_NOT_COMPATIBLE_WITH_THE_PROTOCOL_STATE] for PSI[1]
[2023-01-09 12:05:26.365] [nas] [debug] Sending PDU Session Release Request for PSI[1]
[2023-01-09 12:05:26.438] [nas] [error] PDU Session Release Reject received [REQUEST_REJECTED_UNSPECIFIED]
[2023-01-09 12:05:26.438] [nas] [error] PS release reject received without being requested
[2023-01-09 12:05:26.438] [nas] [warning] Sending SM Cause[MESSAGE_TYPE_NOT_COMPATIBLE_WITH_THE_PROTOCOL_STATE] for PSI[1]
[2023-01-09 12:05:32.397] [nas] [debug] De-registration required due to [NORMAL]
[2023-01-09 12:05:32.406] [nas] [debug] Starting de-registration procedure due to [NORMAL]
[2023-01-09 12:05:32.406] [nas] [debug] Performing local release of PDU session[1]
[2023-01-09 12:05:32.406] [nas] [info] UE switches to state [MM-DEREGISTER-INITIATED]
[2023-01-09 12:05:32.518] [nas] [debug] De-registration accept received
[2023-01-09 12:05:32.518] [nas] [info] UE switches to state [MM-DEREGISTERED/PS]
[2023-01-09 12:05:32.518] [nas] [info] De-registration is successful
[2023-01-09 12:05:32.518] [nas] [info] UE switches to state [MM-DEREGISTERED/NORMAL-SERVICE]
[2023-01-09 12:05:32.518] [nas] [debug] Initial registration required due to [MM-DEREG-NORMAL-SERVICE]
[2023-01-09 12:05:32.518] [nas] [debug] Sending Initial Registration
[2023-01-09 12:05:32.518] [nas] [debug] Deleting NAS security context
[2023-01-09 12:05:32.518] [nas] [info] UE switches to state [MM-REGISTER-INITIATED]
[2023-01-09 12:05:32.522] [rrc] [debug] RRC Release received
[2023-01-09 12:05:32.522] [nas] [info] UE switches to state [CM-IDLE]
[2023-01-09 12:05:32.522] [nas] [info] UE switches to state [MM-DEREGISTERED/PS]
[2023-01-09 12:05:32.522] [nas] [info] UE switches to state [5U2-NOT-UPDATED]
[2023-01-09 12:05:32.522] [nas] [info] UE switches to state [MM-DEREGISTERED/ATTEMPTING-REGISTRATION]
[2023-01-09 12:05:43.170] [nas] [debug] NAS timer[3511] expired [1]
[2023-01-09 12:05:43.170] [nas] [debug] Initial registration required due to [T3511-EXPIRY-IN-ATT-REG]
[2023-01-09 12:05:43.172] [nas] [debug] UAC access attempt is allowed for identity[0], category[MO_sig]
[2023-01-09 12:05:43.172] [nas] [debug] Sending Initial Registration
[2023-01-09 12:05:43.172] [nas] [info] UE switches to state [MM-REGISTER-INITIATED]
[2023-01-09 12:05:43.172] [rrc] [debug] Sending RRC Setup Request
[2023-01-09 12:05:43.172] [rrc] [info] RRC connection established
[2023-01-09 12:05:43.172] [rrc] [info] UE switches to state [RRC-CONNECTED]
[2023-01-09 12:05:43.172] [nas] [info] UE switches to state [CM-CONNECTED]
[2023-01-09 12:05:43.364] [nas] [debug] Authentication Request received
[2023-01-09 12:05:43.409] [nas] [debug] Security Mode Command received
[2023-01-09 12:05:43.414] [nas] [debug] Selected integrity[2] ciphering[0]
[2023-01-09 12:05:43.450] [nas] [debug] Registration accept received
[2023-01-09 12:05:43.450] [nas] [info] UE switches to state [MM-REGISTERED/NORMAL-SERVICE]
[2023-01-09 12:05:43.450] [nas] [info] UE switches to state [5U1-UPDATED]
[2023-01-09 12:05:43.450] [nas] [debug] Sending Registration Complete
[2023-01-09 12:05:43.450] [nas] [info] Initial Registration is successful
[2023-01-09 12:05:43.450] [nas] [debug] Sending PDU Session Establishment Request
[2023-01-09 12:05:43.457] [nas] [debug] UAC access attempt is allowed for identity[0], category[MO_sig]
[2023-01-09 12:05:43.531] [nas] [debug] PDU Session Establishment Accept received
[2023-01-09 12:05:43.531] [nas] [info] PDU Session establishment is successful PSI[1]
[2023-01-09 12:05:43.678] [app] [info] Connection setup for PDU session[1] is successful, TUN interface[uesimtun5, 10.60.1.246] is up.
[2023-01-09 12:05:58.456] [nas] [debug] Sending PDU Session Establishment Request
[2023-01-09 12:05:58.557] [nas] [error] No response from RRC from UAC checks, considering access attempt is barred
[2023-01-09 12:06:15.217] [nas] [warning] Retransmitting PDU Session Establishment Request due to T3580 expiry
[2023-01-09 12:06:15.219] [nas] [debug] UAC access attempt is allowed for identity[0], category[MO_sig]
[2023-01-09 12:06:15.361] [nas] [debug] PDU Session Establishment Accept received
[2023-01-09 12:06:15.361] [nas] [info] PDU Session establishment is successful PSI[2]
[2023-01-09 12:06:15.448] [app] [info] Connection setup for PDU session[2] is successful, TUN interface[uesimtun76, 10.60.2.68] is up.
[2023-01-09 12:06:32.699] [nas] [warning] PDU session release procedure could not start: PS[3] is not active already
[2023-01-09 12:06:41.731] [nas] [debug] De-registration required due to [NORMAL]
[2023-01-09 12:06:41.741] [nas] [debug] Starting de-registration procedure due to [NORMAL]
[2023-01-09 12:06:41.741] [nas] [debug] Performing local release of PDU session[1]
[2023-01-09 12:06:41.741] [nas] [debug] Performing local release of PDU session[2]
[2023-01-09 12:06:41.741] [nas] [info] UE switches to state [MM-DEREGISTER-INITIATED]
[2023-01-09 12:06:41.814] [nas] [debug] De-registration accept received
[2023-01-09 12:06:41.814] [nas] [info] UE switches to state [MM-DEREGISTERED/PS]
[2023-01-09 12:06:41.814] [nas] [info] De-registration is successful
[2023-01-09 12:06:41.814] [nas] [info] UE switches to state [MM-DEREGISTERED/NORMAL-SERVICE]
[2023-01-09 12:06:41.814] [nas] [debug] Initial registration required due to [MM-DEREG-NORMAL-SERVICE]
[2023-01-09 12:06:41.814] [nas] [debug] Sending Initial Registration
[2023-01-09 12:06:41.814] [nas] [debug] Deleting NAS security context
[2023-01-09 12:06:41.814] [nas] [info] UE switches to state [MM-REGISTER-INITIATED]
[2023-01-09 12:06:41.814] [rrc] [debug] RRC Release received
[2023-01-09 12:06:41.814] [nas] [info] UE switches to state [CM-IDLE]
[2023-01-09 12:06:41.814] [nas] [info] UE switches to state [MM-DEREGISTERED/PS]
[2023-01-09 12:06:41.814] [nas] [info] UE switches to state [5U2-NOT-UPDATED]
[2023-01-09 12:06:41.814] [nas] [info] UE switches to state [MM-DEREGISTERED/ATTEMPTING-REGISTRATION]
[2023-01-09 12:06:52.261] [nas] [debug] NAS timer[3511] expired [1]
[2023-01-09 12:06:52.261] [nas] [debug] Initial registration required due to [T3511-EXPIRY-IN-ATT-REG]
[2023-01-09 12:06:52.263] [nas] [debug] UAC access attempt is allowed for identity[0], category[MO_sig]
[2023-01-09 12:06:52.263] [nas] [debug] Sending Initial Registration
[2023-01-09 12:06:52.263] [rrc] [debug] Sending RRC Setup Request
[2023-01-09 12:06:52.265] [rrc] [info] RRC connection established
[2023-01-09 12:06:52.265] [rrc] [info] UE switches to state [RRC-CONNECTED]
[2023-01-09 12:06:52.265] [nas] [info] UE switches to state [MM-REGISTER-INITIATED]
[2023-01-09 12:06:52.265] [nas] [info] UE switches to state [CM-CONNECTED]
[2023-01-09 12:06:52.407] [nas] [debug] Authentication Request received
[2023-01-09 12:06:52.436] [nas] [debug] Security Mode Command received
[2023-01-09 12:06:52.436] [nas] [debug] Selected integrity[2] ciphering[0]
[2023-01-09 12:06:52.491] [nas] [debug] Registration accept received
[2023-01-09 12:06:52.491] [nas] [info] UE switches to state [MM-REGISTERED/NORMAL-SERVICE]
[2023-01-09 12:06:52.491] [nas] [info] UE switches to state [5U1-UPDATED]
[2023-01-09 12:06:52.491] [nas] [debug] Sending Registration Complete
[2023-01-09 12:06:52.491] [nas] [info] Initial Registration is successful
[2023-01-09 12:06:52.491] [nas] [debug] Sending PDU Session Establishment Request
[2023-01-09 12:06:52.492] [nas] [debug] UAC access attempt is allowed for identity[0], category[MO_sig]
[2023-01-09 12:06:52.580] [nas] [debug] PDU Session Establishment Accept received
[2023-01-09 12:06:52.580] [nas] [info] PDU Session establishment is successful PSI[1]
[2023-01-09 12:06:52.677] [app] [info] Connection setup for PDU session[1] is successful, TUN interface[uesimtun65, 10.60.2.174] is up.
[2023-01-09 12:07:14.811] [nas] [debug] Sending PDU Session Release Request for PSI[1]
[2023-01-09 12:07:14.862] [nas] [error] PDU Session Release Reject received [REQUEST_REJECTED_UNSPECIFIED]
[2023-01-09 12:07:14.862] [nas] [error] PS release reject received without being requested
[2023-01-09 12:07:14.862] [nas] [warning] Sending SM Cause[MESSAGE_TYPE_NOT_COMPATIBLE_WITH_THE_PROTOCOL_STATE] for PSI[1]
[2023-01-09 12:07:28.873] [nas] [debug] De-registration required due to [NORMAL]
[2023-01-09 12:07:28.883] [nas] [debug] Starting de-registration procedure due to [NORMAL]
[2023-01-09 12:07:28.883] [nas] [debug] Performing local release of PDU session[1]
[2023-01-09 12:07:28.883] [nas] [info] UE switches to state [MM-DEREGISTER-INITIATED]
[2023-01-09 12:07:28.984] [nas] [debug] De-registration accept received
[2023-01-09 12:07:28.984] [nas] [info] UE switches to state [MM-DEREGISTERED/PS]
[2023-01-09 12:07:28.984] [nas] [info] De-registration is successful
[2023-01-09 12:07:28.984] [nas] [info] UE switches to state [MM-DEREGISTERED/NORMAL-SERVICE]
[2023-01-09 12:07:28.984] [nas] [debug] Initial registration required due to [MM-DEREG-NORMAL-SERVICE]
[2023-01-09 12:07:28.984] [nas] [debug] Sending Initial Registration
[2023-01-09 12:07:28.984] [nas] [debug] Deleting NAS security context
[2023-01-09 12:07:28.984] [nas] [info] UE switches to state [MM-REGISTER-INITIATED]
[2023-01-09 12:07:28.985] [rrc] [debug] RRC Release received
[2023-01-09 12:07:28.985] [nas] [info] UE switches to state [CM-IDLE]
[2023-01-09 12:07:28.985] [nas] [info] UE switches to state [MM-DEREGISTERED/PS]
[2023-01-09 12:07:28.985] [nas] [info] UE switches to state [5U2-NOT-UPDATED]
[2023-01-09 12:07:28.985] [nas] [info] UE switches to state [MM-DEREGISTERED/ATTEMPTING-REGISTRATION]
[2023-01-09 12:07:39.317] [nas] [debug] NAS timer[3511] expired [1]
[2023-01-09 12:07:39.317] [nas] [debug] Initial registration required due to [T3511-EXPIRY-IN-ATT-REG]
[2023-01-09 12:07:39.317] [nas] [debug] UAC access attempt is allowed for identity[0], category[MO_sig]
[2023-01-09 12:07:39.317] [nas] [debug] Sending Initial Registration
[2023-01-09 12:07:39.317] [nas] [info] UE switches to state [MM-REGISTER-INITIATED]
[2023-01-09 12:07:39.317] [rrc] [debug] Sending RRC Setup Request
[2023-01-09 12:07:39.318] [rrc] [info] RRC connection established
[2023-01-09 12:07:39.318] [rrc] [info] UE switches to state [RRC-CONNECTED]
[2023-01-09 12:07:39.319] [nas] [info] UE switches to state [CM-CONNECTED]
[2023-01-09 12:07:39.527] [nas] [debug] Authentication Request received
[2023-01-09 12:07:39.552] [nas] [debug] Security Mode Command received
[2023-01-09 12:07:39.552] [nas] [debug] Selected integrity[2] ciphering[0]
[2023-01-09 12:07:39.592] [nas] [debug] Registration accept received
[2023-01-09 12:07:39.592] [nas] [info] UE switches to state [MM-REGISTERED/NORMAL-SERVICE]
[2023-01-09 12:07:39.592] [nas] [info] UE switches to state [5U1-UPDATED]
[2023-01-09 12:07:39.592] [nas] [debug] Sending Registration Complete
[2023-01-09 12:07:39.592] [nas] [info] Initial Registration is successful
[2023-01-09 12:07:39.592] [nas] [debug] Sending PDU Session Establishment Request
[2023-01-09 12:07:39.592] [nas] [debug] UAC access attempt is allowed for identity[0], category[MO_sig]
[2023-01-09 12:07:39.677] [nas] [debug] PDU Session Establishment Accept received
[2023-01-09 12:07:39.677] [nas] [info] PDU Session establishment is successful PSI[1]
[2023-01-09 12:07:39.905] [app] [info] Connection setup for PDU session[1] is successful, TUN interface[uesimtun157, 10.60.3.43] is up.
[2023-01-09 12:07:55.926] [nas] [debug] Sending PDU Session Release Request for PSI[1]
[2023-01-09 12:07:55.943] [nas] [error] PDU Session Release Reject received [REQUEST_REJECTED_UNSPECIFIED]
[2023-01-09 12:07:55.943] [nas] [error] PS release reject received without being requested
[2023-01-09 12:07:55.943] [nas] [warning] Sending SM Cause[MESSAGE_TYPE_NOT_COMPATIBLE_WITH_THE_PROTOCOL_STATE] for PSI[1]
[2023-01-09 12:08:03.063] [nas] [debug] Sending PDU Session Release Request for PSI[1]
[2023-01-09 12:08:03.106] [nas] [error] PDU Session Release Reject received [REQUEST_REJECTED_UNSPECIFIED]
[2023-01-09 12:08:03.106] [nas] [error] PS release reject received without being requested
[2023-01-09 12:08:03.106] [nas] [warning] Sending SM Cause[MESSAGE_TYPE_NOT_COMPATIBLE_WITH_THE_PROTOCOL_STATE] for PSI[1]
[2023-01-09 12:08:11.096] [nas] [debug] De-registration required due to [NORMAL]
[2023-01-09 12:08:11.106] [nas] [debug] Starting de-registration procedure due to [NORMAL]
[2023-01-09 12:08:11.106] [nas] [debug] Performing local release of PDU session[1]
[2023-01-09 12:08:11.106] [nas] [info] UE switches to state [MM-DEREGISTER-INITIATED]
[2023-01-09 12:08:11.850] [nas] [debug] De-registration accept received
[2023-01-09 12:08:11.850] [nas] [info] UE switches to state [MM-DEREGISTERED/PS]
[2023-01-09 12:08:11.850] [nas] [info] De-registration is successful
[2023-01-09 12:08:11.850] [nas] [info] UE switches to state [MM-DEREGISTERED/NORMAL-SERVICE]
[2023-01-09 12:08:11.850] [nas] [debug] Initial registration required due to [MM-DEREG-NORMAL-SERVICE]
[2023-01-09 12:08:11.850] [nas] [debug] Sending Initial Registration
[2023-01-09 12:08:11.850] [nas] [debug] Deleting NAS security context
[2023-01-09 12:08:11.850] [nas] [info] UE switches to state [MM-REGISTER-INITIATED]
[2023-01-09 12:08:11.851] [rrc] [debug] RRC Release received
[2023-01-09 12:08:11.851] [nas] [info] UE switches to state [CM-IDLE]
[2023-01-09 12:08:11.851] [nas] [info] UE switches to state [MM-DEREGISTERED/PS]
[2023-01-09 12:08:11.851] [nas] [info] UE switches to state [5U2-NOT-UPDATED]
[2023-01-09 12:08:11.851] [nas] [info] UE switches to state [MM-DEREGISTERED/ATTEMPTING-REGISTRATION]
[2023-01-09 12:08:22.364] [nas] [debug] NAS timer[3511] expired [1]
[2023-01-09 12:08:22.364] [nas] [debug] Initial registration required due to [T3511-EXPIRY-IN-ATT-REG]
[2023-01-09 12:08:22.364] [nas] [debug] UAC access attempt is allowed for identity[0], category[MO_sig]
[2023-01-09 12:08:22.364] [nas] [debug] Sending Initial Registration
[2023-01-09 12:08:22.364] [nas] [info] UE switches to state [MM-REGISTER-INITIATED]
[2023-01-09 12:08:22.364] [rrc] [debug] Sending RRC Setup Request
[2023-01-09 12:08:22.365] [rrc] [info] RRC connection established
[2023-01-09 12:08:22.365] [rrc] [info] UE switches to state [RRC-CONNECTED]
[2023-01-09 12:08:22.365] [nas] [info] UE switches to state [CM-CONNECTED]
[2023-01-09 12:08:22.388] [nas] [debug] Authentication Request received
[2023-01-09 12:08:22.398] [nas] [debug] Security Mode Command received
[2023-01-09 12:08:22.398] [nas] [debug] Selected integrity[2] ciphering[0]
[2023-01-09 12:08:22.421] [nas] [debug] Registration accept received
[2023-01-09 12:08:22.421] [nas] [info] UE switches to state [MM-REGISTERED/NORMAL-SERVICE]
[2023-01-09 12:08:22.421] [nas] [info] UE switches to state [5U1-UPDATED]
[2023-01-09 12:08:22.421] [nas] [debug] Sending Registration Complete
[2023-01-09 12:08:22.421] [nas] [info] Initial Registration is successful
[2023-01-09 12:08:22.422] [nas] [debug] Sending PDU Session Establishment Request
[2023-01-09 12:08:22.422] [nas] [debug] UAC access attempt is allowed for identity[0], category[MO_sig]
[2023-01-09 12:08:22.505] [nas] [debug] PDU Session Establishment Accept received
[2023-01-09 12:08:22.505] [nas] [info] PDU Session establishment is successful PSI[1]
[2023-01-09 12:08:22.609] [app] [info] Connection setup for PDU session[1] is successful, TUN interface[uesimtun179, 10.60.3.147] is up.
[2023-01-09 12:08:38.161] [nas] [debug] Sending PDU Session Establishment Request
[2023-01-09 12:08:38.263] [nas] [error] No response from RRC from UAC checks, considering access attempt is barred
[2023-01-09 12:08:54.408] [nas] [warning] Retransmitting PDU Session Establishment Request due to T3580 expiry
[2023-01-09 12:08:54.408] [nas] [debug] UAC access attempt is allowed for identity[0], category[MO_sig]
[2023-01-09 12:08:54.493] [nas] [debug] PDU Session Establishment Accept received
[2023-01-09 12:08:54.493] [nas] [info] PDU Session establishment is successful PSI[2]
[2023-01-09 12:08:54.537] [app] [info] Connection setup for PDU session[2] is successful, TUN interface[uesimtun51, 10.60.3.226] is up.
[2023-01-09 12:09:11.355] [nas] [warning] PDU session release procedure could not start: PS[3] is not active already
[2023-01-09 12:09:23.391] [nas] [debug] Sending PDU Session Establishment Request
[2023-01-09 12:09:23.493] [nas] [error] No response from RRC from UAC checks, considering access attempt is barred
[2023-01-09 12:09:39.521] [nas] [warning] Retransmitting PDU Session Establishment Request due to T3580 expiry
[2023-01-09 12:09:39.523] [nas] [debug] UAC access attempt is allowed for identity[0], category[MO_sig]
[2023-01-09 12:09:49.544] [nas] [debug] Sending PDU Session Establishment Request
[2023-01-09 12:09:49.645] [nas] [error] No response from RRC from UAC checks, considering access attempt is barred
[2023-01-09 12:09:55.538] [nas] [warning] Retransmitting PDU Session Establishment Request due to T3580 expiry
[2023-01-09 12:09:55.542] [nas] [debug] UAC access attempt is allowed for identity[0], category[MO_sig]
