UERANSIM v3.2.6
[2023-01-09 12:03:09.994] [nas] [info] UE switches to state [MM-DEREGISTERED/PLMN-SEARCH]
[2023-01-09 12:03:09.998] [rrc] [debug] New signal detected for cell[1], total [1] cells in coverage
[2023-01-09 12:03:09.998] [nas] [info] Selected plmn[208/93]
[2023-01-09 12:03:09.998] [rrc] [info] Selected cell plmn[208/93] tac[1] category[SUITABLE]
[2023-01-09 12:03:09.998] [nas] [info] UE switches to state [MM-DEREGISTERED/PS]
[2023-01-09 12:03:09.998] [nas] [info] UE switches to state [MM-DEREGISTERED/NORMAL-SERVICE]
[2023-01-09 12:03:09.998] [nas] [debug] Initial registration required due to [MM-DEREG-NORMAL-SERVICE]
[2023-01-09 12:03:09.999] [nas] [debug] UAC access attempt is allowed for identity[0], category[MO_sig]
[2023-01-09 12:03:09.999] [nas] [debug] Sending Initial Registration
[2023-01-09 12:03:09.999] [nas] [info] UE switches to state [MM-REGISTER-INITIATED]
[2023-01-09 12:03:09.999] [rrc] [debug] Sending RRC Setup Request
[2023-01-09 12:03:09.999] [rrc] [info] RRC connection established
[2023-01-09 12:03:09.999] [rrc] [info] UE switches to state [RRC-CONNECTED]
[2023-01-09 12:03:09.999] [nas] [info] UE switches to state [CM-CONNECTED]
[2023-01-09 12:03:10.014] [nas] [debug] Authentication Request received
[2023-01-09 12:03:10.020] [nas] [debug] Security Mode Command received
[2023-01-09 12:03:10.020] [nas] [debug] Selected integrity[2] ciphering[0]
[2023-01-09 12:03:10.048] [nas] [debug] Registration accept received
[2023-01-09 12:03:10.048] [nas] [info] UE switches to state [MM-REGISTERED/NORMAL-SERVICE]
[2023-01-09 12:03:10.048] [nas] [debug] Sending Registration Complete
[2023-01-09 12:03:10.048] [nas] [info] Initial Registration is successful
[2023-01-09 12:03:10.048] [nas] [debug] Sending PDU Session Establishment Request
[2023-01-09 12:03:10.050] [nas] [debug] UAC access attempt is allowed for identity[0], category[MO_sig]
[2023-01-09 12:03:10.317] [nas] [debug] PDU Session Establishment Accept received
[2023-01-09 12:03:10.317] [nas] [info] PDU Session establishment is successful PSI[1]
[2023-01-09 12:03:10.370] [app] [info] Connection setup for PDU session[1] is successful, TUN interface[uesimtun58, 10.60.0.59] is up.
[2023-01-09 12:03:53.252] [nas] [debug] De-registration required due to [NORMAL]
[2023-01-09 12:03:53.262] [nas] [debug] Starting de-registration procedure due to [NORMAL]
[2023-01-09 12:03:53.262] [nas] [debug] Performing local release of PDU session[1]
[2023-01-09 12:03:53.262] [nas] [info] UE switches to state [MM-DEREGISTER-INITIATED]
[2023-01-09 12:03:53.597] [nas] [debug] De-registration accept received
[2023-01-09 12:03:53.597] [nas] [info] UE switches to state [MM-DEREGISTERED/PS]
[2023-01-09 12:03:53.597] [nas] [info] De-registration is successful
[2023-01-09 12:03:53.597] [nas] [info] UE switches to state [MM-DEREGISTERED/NORMAL-SERVICE]
[2023-01-09 12:03:53.597] [nas] [debug] Initial registration required due to [MM-DEREG-NORMAL-SERVICE]
[2023-01-09 12:03:53.597] [nas] [debug] Sending Initial Registration
[2023-01-09 12:03:53.597] [nas] [debug] Deleting NAS security context
[2023-01-09 12:03:53.597] [nas] [info] UE switches to state [MM-REGISTER-INITIATED]
[2023-01-09 12:03:53.598] [rrc] [debug] RRC Release received
[2023-01-09 12:03:53.598] [nas] [info] UE switches to state [CM-IDLE]
[2023-01-09 12:03:53.598] [nas] [info] UE switches to state [MM-DEREGISTERED/PS]
[2023-01-09 12:03:53.598] [nas] [info] UE switches to state [5U2-NOT-UPDATED]
[2023-01-09 12:03:53.598] [nas] [info] UE switches to state [MM-DEREGISTERED/ATTEMPTING-REGISTRATION]
[2023-01-09 12:04:04.056] [nas] [debug] NAS timer[3511] expired [1]
[2023-01-09 12:04:04.056] [nas] [debug] Initial registration required due to [T3511-EXPIRY-IN-ATT-REG]
[2023-01-09 12:04:04.056] [nas] [debug] UAC access attempt is allowed for identity[0], category[MO_sig]
[2023-01-09 12:04:04.056] [nas] [debug] Sending Initial Registration
[2023-01-09 12:04:04.056] [nas] [info] UE switches to state [MM-REGISTER-INITIATED]
[2023-01-09 12:04:04.056] [rrc] [debug] Sending RRC Setup Request
[2023-01-09 12:04:04.056] [rrc] [info] RRC connection established
[2023-01-09 12:04:04.056] [rrc] [info] UE switches to state [RRC-CONNECTED]
[2023-01-09 12:04:04.056] [nas] [info] UE switches to state [CM-CONNECTED]
[2023-01-09 12:04:04.131] [nas] [debug] Authentication Request received
[2023-01-09 12:04:04.155] [nas] [debug] Security Mode Command received
[2023-01-09 12:04:04.155] [nas] [debug] Selected integrity[2] ciphering[0]
[2023-01-09 12:04:04.274] [nas] [debug] Registration accept received
[2023-01-09 12:04:04.274] [nas] [info] UE switches to state [MM-REGISTERED/NORMAL-SERVICE]
[2023-01-09 12:04:04.274] [nas] [info] UE switches to state [5U1-UPDATED]
[2023-01-09 12:04:04.274] [nas] [debug] Sending Registration Complete
[2023-01-09 12:04:04.274] [nas] [info] Initial Registration is successful
[2023-01-09 12:04:04.274] [nas] [debug] Sending PDU Session Establishment Request
[2023-01-09 12:04:04.274] [nas] [debug] UAC access attempt is allowed for identity[0], category[MO_sig]
[2023-01-09 12:04:04.449] [nas] [debug] PDU Session Establishment Accept received
[2023-01-09 12:04:04.449] [nas] [info] PDU Session establishment is successful PSI[1]
[2023-01-09 12:04:04.605] [app] [info] Connection setup for PDU session[1] is successful, TUN interface[uesimtun59, 10.60.0.162] is up.
[2023-01-09 12:04:24.418] [nas] [debug] De-registration required due to [NORMAL]
[2023-01-09 12:04:24.429] [nas] [debug] Starting de-registration procedure due to [NORMAL]
[2023-01-09 12:04:24.429] [nas] [debug] Performing local release of PDU session[1]
[2023-01-09 12:04:24.429] [nas] [info] UE switches to state [MM-DEREGISTER-INITIATED]
[2023-01-09 12:04:24.485] [rrc] [debug] RRC Release received
[2023-01-09 12:04:24.485] [nas] [debug] De-registration accept received
[2023-01-09 12:04:24.485] [nas] [info] UE switches to state [MM-DEREGISTERED/PS]
[2023-01-09 12:04:24.485] [nas] [info] De-registration is successful
[2023-01-09 12:04:24.485] [nas] [info] UE switches to state [CM-IDLE]
[2023-01-09 12:04:24.485] [nas] [info] UE switches to state [MM-DEREGISTERED/NORMAL-SERVICE]
[2023-01-09 12:04:24.485] [nas] [debug] Initial registration required due to [MM-DEREG-NORMAL-SERVICE]
[2023-01-09 12:04:24.490] [nas] [debug] UAC access attempt is allowed for identity[0], category[MO_sig]
[2023-01-09 12:04:24.490] [nas] [debug] Sending Initial Registration
[2023-01-09 12:04:24.490] [nas] [debug] Deleting NAS security context
[2023-01-09 12:04:24.490] [nas] [info] UE switches to state [MM-REGISTER-INITIATED]
[2023-01-09 12:04:24.490] [rrc] [debug] Sending RRC Setup Request
[2023-01-09 12:04:24.499] [rrc] [info] RRC connection established
[2023-01-09 12:04:24.499] [rrc] [info] UE switches to state [RRC-CONNECTED]
[2023-01-09 12:04:24.499] [nas] [info] UE switches to state [CM-CONNECTED]
[2023-01-09 12:04:24.744] [nas] [debug] Authentication Request received
[2023-01-09 12:04:24.957] [nas] [debug] Security Mode Command received
[2023-01-09 12:04:24.957] [nas] [debug] Selected integrity[2] ciphering[0]
[2023-01-09 12:04:25.011] [nas] [debug] Registration accept received
[2023-01-09 12:04:25.011] [nas] [info] UE switches to state [MM-REGISTERED/NORMAL-SERVICE]
[2023-01-09 12:04:25.011] [nas] [debug] Sending Registration Complete
[2023-01-09 12:04:25.011] [nas] [info] Initial Registration is successful
[2023-01-09 12:04:25.011] [nas] [debug] Sending PDU Session Establishment Request
[2023-01-09 12:04:25.013] [nas] [debug] UAC access attempt is allowed for identity[0], category[MO_sig]
[2023-01-09 12:04:25.258] [nas] [debug] PDU Session Establishment Accept received
[2023-01-09 12:04:25.258] [nas] [info] PDU Session establishment is successful PSI[1]
[2023-01-09 12:04:25.380] [app] [info] Connection setup for PDU session[1] is successful, TUN interface[uesimtun13, 10.60.1.1] is up.
[2023-01-09 12:04:56.494] [nas] [debug] Sending PDU Session Establishment Request
[2023-01-09 12:04:56.604] [nas] [error] No response from RRC from UAC checks, considering access attempt is barred
[2023-01-09 12:05:13.144] [nas] [warning] Retransmitting PDU Session Establishment Request due to T3580 expiry
[2023-01-09 12:05:13.144] [nas] [debug] UAC access attempt is allowed for identity[0], category[MO_sig]
[2023-01-09 12:05:13.240] [nas] [debug] PDU Session Establishment Accept received
[2023-01-09 12:05:13.240] [nas] [info] PDU Session establishment is successful PSI[2]
[2023-01-09 12:05:13.305] [app] [info] Connection setup for PDU session[2] is successful, TUN interface[uesimtun4, 10.60.1.151] is up.
[2023-01-09 12:05:21.733] [nas] [debug] Sending PDU Session Release Request for PSI[1]
[2023-01-09 12:05:21.733] [nas] [debug] Sending PDU Session Release Request for PSI[2]
[2023-01-09 12:05:21.806] [nas] [debug] PDU Session Release Command received
[2023-01-09 12:05:21.806] [nas] [debug] Performing local release of PDU session[1]
[2023-01-09 12:05:21.812] [nas] [debug] PDU Session Release Command received
[2023-01-09 12:05:21.812] [nas] [debug] Performing local release of PDU session[2]
[2023-01-09 12:05:22.155] [nas] [debug] Sending PDU Session Establishment Request
[2023-01-09 12:05:22.156] [nas] [debug] UAC access attempt is allowed for identity[0], category[MO_sig]
[2023-01-09 12:05:22.305] [nas] [debug] PDU Session Establishment Accept received
[2023-01-09 12:05:22.305] [nas] [info] PDU Session establishment is successful PSI[1]
[2023-01-09 12:05:22.462] [app] [info] Connection setup for PDU session[1] is successful, TUN interface[uesimtun13, 10.60.1.184] is up.
[2023-01-09 12:05:29.817] [nas] [debug] De-registration required due to [NORMAL]
[2023-01-09 12:05:29.827] [nas] [debug] Starting de-registration procedure due to [NORMAL]
[2023-01-09 12:05:29.827] [nas] [debug] Performing local release of PDU session[1]
[2023-01-09 12:05:29.827] [nas] [info] UE switches to state [MM-DEREGISTER-INITIATED]
[2023-01-09 12:05:29.962] [nas] [debug] De-registration accept received
[2023-01-09 12:05:29.962] [nas] [info] UE switches to state [MM-DEREGISTERED/PS]
[2023-01-09 12:05:29.962] [nas] [info] De-registration is successful
[2023-01-09 12:05:29.962] [nas] [info] UE switches to state [MM-DEREGISTERED/NORMAL-SERVICE]
[2023-01-09 12:05:29.962] [nas] [debug] Initial registration required due to [MM-DEREG-NORMAL-SERVICE]
[2023-01-09 12:05:29.962] [nas] [debug] Sending Initial Registration
[2023-01-09 12:05:29.962] [nas] [debug] Deleting NAS security context
[2023-01-09 12:05:29.962] [nas] [info] UE switches to state [MM-REGISTER-INITIATED]
[2023-01-09 12:05:29.966] [rrc] [debug] RRC Release received
[2023-01-09 12:05:29.966] [nas] [info] UE switches to state [CM-IDLE]
[2023-01-09 12:05:29.966] [nas] [info] UE switches to state [MM-DEREGISTERED/PS]
[2023-01-09 12:05:29.966] [nas] [info] UE switches to state [5U2-NOT-UPDATED]
[2023-01-09 12:05:29.966] [nas] [info] UE switches to state [MM-DEREGISTERED/ATTEMPTING-REGISTRATION]
[2023-01-09 12:05:40.173] [nas] [debug] NAS timer[3511] expired [1]
[2023-01-09 12:05:40.173] [nas] [debug] Initial registration required due to [T3511-EXPIRY-IN-ATT-REG]
[2023-01-09 12:05:40.182] [nas] [debug] UAC access attempt is allowed for identity[0], category[MO_sig]
[2023-01-09 12:05:40.182] [nas] [debug] Sending Initial Registration
[2023-01-09 12:05:40.182] [nas] [info] UE switches to state [MM-REGISTER-INITIATED]
[2023-01-09 12:05:40.182] [rrc] [debug] Sending RRC Setup Request
[2023-01-09 12:05:40.199] [rrc] [info] RRC connection established
[2023-01-09 12:05:40.199] [rrc] [info] UE switches to state [RRC-CONNECTED]
[2023-01-09 12:05:40.199] [nas] [info] UE switches to state [CM-CONNECTED]
[2023-01-09 12:05:40.389] [nas] [debug] Authentication Request received
[2023-01-09 12:05:40.416] [nas] [debug] Security Mode Command received
[2023-01-09 12:05:40.416] [nas] [debug] Selected integrity[2] ciphering[0]
[2023-01-09 12:05:40.464] [nas] [debug] Registration accept received
[2023-01-09 12:05:40.464] [nas] [info] UE switches to state [MM-REGISTERED/NORMAL-SERVICE]
[2023-01-09 12:05:40.464] [nas] [info] UE switches to state [5U1-UPDATED]
[2023-01-09 12:05:40.464] [nas] [debug] Sending Registration Complete
[2023-01-09 12:05:40.464] [nas] [info] Initial Registration is successful
[2023-01-09 12:05:40.464] [nas] [debug] Sending PDU Session Establishment Request
[2023-01-09 12:05:40.493] [nas] [debug] UAC access attempt is allowed for identity[0], category[MO_sig]
[2023-01-09 12:05:40.569] [nas] [debug] PDU Session Establishment Accept received
[2023-01-09 12:05:40.569] [nas] [info] PDU Session establishment is successful PSI[1]
[2023-01-09 12:05:40.690] [app] [info] Connection setup for PDU session[1] is successful, TUN interface[uesimtun72, 10.60.1.238] is up.
[2023-01-09 12:05:56.875] [nas] [debug] De-registration required due to [NORMAL]
[2023-01-09 12:05:56.885] [nas] [debug] Starting de-registration procedure due to [NORMAL]
[2023-01-09 12:05:56.885] [nas] [debug] Performing local release of PDU session[1]
[2023-01-09 12:05:56.885] [nas] [info] UE switches to state [MM-DEREGISTER-INITIATED]
[2023-01-09 12:05:56.904] [nas] [debug] De-registration accept received
[2023-01-09 12:05:56.904] [nas] [info] UE switches to state [MM-DEREGISTERED/PS]
[2023-01-09 12:05:56.904] [nas] [info] De-registration is successful
[2023-01-09 12:05:56.904] [nas] [info] UE switches to state [MM-DEREGISTERED/NORMAL-SERVICE]
[2023-01-09 12:05:56.904] [nas] [debug] Initial registration required due to [MM-DEREG-NORMAL-SERVICE]
[2023-01-09 12:05:56.904] [nas] [debug] Sending Initial Registration
[2023-01-09 12:05:56.904] [nas] [debug] Deleting NAS security context
[2023-01-09 12:05:56.904] [nas] [info] UE switches to state [MM-REGISTER-INITIATED]
[2023-01-09 12:05:56.905] [rrc] [debug] RRC Release received
[2023-01-09 12:05:56.905] [nas] [info] UE switches to state [CM-IDLE]
[2023-01-09 12:05:56.905] [nas] [info] UE switches to state [MM-DEREGISTERED/PS]
[2023-01-09 12:05:56.905] [nas] [info] UE switches to state [5U2-NOT-UPDATED]
[2023-01-09 12:05:56.905] [nas] [info] UE switches to state [MM-DEREGISTERED/ATTEMPTING-REGISTRATION]
[2023-01-09 12:06:07.217] [nas] [debug] NAS timer[3511] expired [1]
[2023-01-09 12:06:07.217] [nas] [debug] Initial registration required due to [T3511-EXPIRY-IN-ATT-REG]
[2023-01-09 12:06:07.219] [nas] [debug] UAC access attempt is allowed for identity[0], category[MO_sig]
[2023-01-09 12:06:07.219] [nas] [debug] Sending Initial Registration
[2023-01-09 12:06:07.219] [nas] [info] UE switches to state [MM-REGISTER-INITIATED]
[2023-01-09 12:06:07.219] [rrc] [debug] Sending RRC Setup Request
[2023-01-09 12:06:07.220] [rrc] [info] RRC connection established
[2023-01-09 12:06:07.220] [rrc] [info] UE switches to state [RRC-CONNECTED]
[2023-01-09 12:06:07.220] [nas] [info] UE switches to state [CM-CONNECTED]
[2023-01-09 12:06:07.429] [nas] [debug] Authentication Request received
[2023-01-09 12:06:07.445] [nas] [debug] Security Mode Command received
[2023-01-09 12:06:07.445] [nas] [debug] Selected integrity[2] ciphering[0]
[2023-01-09 12:06:07.480] [nas] [debug] Registration accept received
[2023-01-09 12:06:07.480] [nas] [info] UE switches to state [MM-REGISTERED/NORMAL-SERVICE]
[2023-01-09 12:06:07.480] [nas] [info] UE switches to state [5U1-UPDATED]
[2023-01-09 12:06:07.480] [nas] [debug] Sending Registration Complete
[2023-01-09 12:06:07.480] [nas] [info] Initial Registration is successful
[2023-01-09 12:06:07.480] [nas] [debug] Sending PDU Session Establishment Request
[2023-01-09 12:06:07.480] [nas] [debug] UAC access attempt is allowed for identity[0], category[MO_sig]
[2023-01-09 12:06:07.717] [nas] [debug] PDU Session Establishment Accept received
[2023-01-09 12:06:07.717] [nas] [info] PDU Session establishment is successful PSI[1]
[2023-01-09 12:06:07.746] [app] [info] Connection setup for PDU session[1] is successful, TUN interface[uesimtun123, 10.60.2.52] is up.
[2023-01-09 12:06:23.945] [nas] [debug] Sending PDU Session Release Request for PSI[1]
[2023-01-09 12:06:23.973] [nas] [error] PDU Session Release Reject received [REQUEST_REJECTED_UNSPECIFIED]
[2023-01-09 12:06:23.973] [nas] [error] PS release reject received without being requested
[2023-01-09 12:06:23.973] [nas] [warning] Sending SM Cause[MESSAGE_TYPE_NOT_COMPATIBLE_WITH_THE_PROTOCOL_STATE] for PSI[1]
[2023-01-09 12:06:29.979] [nas] [debug] De-registration required due to [NORMAL]
[2023-01-09 12:06:29.990] [nas] [debug] Starting de-registration procedure due to [NORMAL]
[2023-01-09 12:06:29.990] [nas] [debug] Performing local release of PDU session[1]
[2023-01-09 12:06:29.990] [nas] [info] UE switches to state [MM-DEREGISTER-INITIATED]
[2023-01-09 12:06:30.002] [rrc] [debug] RRC Release received
[2023-01-09 12:06:30.003] [nas] [debug] De-registration accept received
[2023-01-09 12:06:30.003] [nas] [info] UE switches to state [MM-DEREGISTERED/PS]
[2023-01-09 12:06:30.003] [nas] [info] De-registration is successful
[2023-01-09 12:06:30.003] [nas] [info] UE switches to state [CM-IDLE]
[2023-01-09 12:06:30.003] [nas] [info] UE switches to state [MM-DEREGISTERED/NORMAL-SERVICE]
[2023-01-09 12:06:30.003] [nas] [debug] Initial registration required due to [MM-DEREG-NORMAL-SERVICE]
[2023-01-09 12:06:30.003] [nas] [debug] UAC access attempt is allowed for identity[0], category[MO_sig]
[2023-01-09 12:06:30.003] [nas] [debug] Sending Initial Registration
[2023-01-09 12:06:30.003] [nas] [debug] Deleting NAS security context
[2023-01-09 12:06:30.003] [nas] [info] UE switches to state [MM-REGISTER-INITIATED]
[2023-01-09 12:06:30.003] [rrc] [debug] Sending RRC Setup Request
[2023-01-09 12:06:30.006] [rrc] [info] RRC connection established
[2023-01-09 12:06:30.006] [rrc] [info] UE switches to state [RRC-CONNECTED]
[2023-01-09 12:06:30.006] [nas] [info] UE switches to state [CM-CONNECTED]
[2023-01-09 12:06:30.051] [nas] [debug] Authentication Request received
[2023-01-09 12:06:30.061] [nas] [debug] Security Mode Command received
[2023-01-09 12:06:30.061] [nas] [debug] Selected integrity[2] ciphering[0]
[2023-01-09 12:06:30.124] [nas] [debug] Registration accept received
[2023-01-09 12:06:30.125] [nas] [info] UE switches to state [MM-REGISTERED/NORMAL-SERVICE]
[2023-01-09 12:06:30.125] [nas] [debug] Sending Registration Complete
[2023-01-09 12:06:30.125] [nas] [info] Initial Registration is successful
[2023-01-09 12:06:30.125] [nas] [debug] Sending PDU Session Establishment Request
[2023-01-09 12:06:30.125] [nas] [debug] UAC access attempt is allowed for identity[0], category[MO_sig]
[2023-01-09 12:06:30.198] [nas] [debug] PDU Session Establishment Accept received
[2023-01-09 12:06:30.198] [nas] [info] PDU Session establishment is successful PSI[1]
[2023-01-09 12:06:30.291] [app] [info] Connection setup for PDU session[1] is successful, TUN interface[uesimtun123, 10.60.2.118] is up.
[2023-01-09 12:07:00.045] [nas] [debug] Sending PDU Session Establishment Request
[2023-01-09 12:07:00.146] [nas] [error] No response from RRC from UAC checks, considering access attempt is barred
[2023-01-09 12:07:16.312] [nas] [warning] Retransmitting PDU Session Establishment Request due to T3580 expiry
[2023-01-09 12:07:16.319] [nas] [debug] UAC access attempt is allowed for identity[0], category[MO_sig]
[2023-01-09 12:07:16.363] [nas] [debug] PDU Session Establishment Accept received
[2023-01-09 12:07:16.363] [nas] [info] PDU Session establishment is successful PSI[2]
[2023-01-09 12:07:16.474] [app] [info] Connection setup for PDU session[2] is successful, TUN interface[uesimtun6, 10.60.2.233] is up.
[2023-01-09 12:07:26.261] [nas] [debug] Sending PDU Session Release Request for PSI[2]
[2023-01-09 12:07:26.296] [nas] [error] PDU Session Release Reject received [REQUEST_REJECTED_UNSPECIFIED]
[2023-01-09 12:07:26.296] [nas] [error] PS release reject received without being requested
[2023-01-09 12:07:26.296] [nas] [warning] Sending SM Cause[MESSAGE_TYPE_NOT_COMPATIBLE_WITH_THE_PROTOCOL_STATE] for PSI[2]
[2023-01-09 12:07:31.315] [nas] [debug] Sending PDU Session Release Request for PSI[1]
[2023-01-09 12:07:31.315] [nas] [debug] Sending PDU Session Release Request for PSI[2]
[2023-01-09 12:07:31.535] [nas] [error] PDU Session Release Reject received [REQUEST_REJECTED_UNSPECIFIED]
[2023-01-09 12:07:31.535] [nas] [error] PS release reject received without being requested
[2023-01-09 12:07:31.535] [nas] [warning] Sending SM Cause[MESSAGE_TYPE_NOT_COMPATIBLE_WITH_THE_PROTOCOL_STATE] for PSI[1]
[2023-01-09 12:07:31.540] [nas] [error] PDU Session Release Reject received [REQUEST_REJECTED_UNSPECIFIED]
[2023-01-09 12:07:31.541] [nas] [error] PS release reject received without being requested
[2023-01-09 12:07:31.541] [nas] [warning] Sending SM Cause[MESSAGE_TYPE_NOT_COMPATIBLE_WITH_THE_PROTOCOL_STATE] for PSI[2]
[2023-01-09 12:07:43.378] [nas] [debug] Sending PDU Session Release Request for PSI[1]
[2023-01-09 12:07:43.378] [nas] [debug] Sending PDU Session Release Request for PSI[2]
[2023-01-09 12:07:43.475] [nas] [error] PDU Session Release Reject received [REQUEST_REJECTED_UNSPECIFIED]
[2023-01-09 12:07:43.475] [nas] [error] PS release reject received without being requested
[2023-01-09 12:07:43.475] [nas] [warning] Sending SM Cause[MESSAGE_TYPE_NOT_COMPATIBLE_WITH_THE_PROTOCOL_STATE] for PSI[1]
[2023-01-09 12:07:43.479] [nas] [error] PDU Session Release Reject received [REQUEST_REJECTED_UNSPECIFIED]
[2023-01-09 12:07:43.479] [nas] [error] PS release reject received without being requested
[2023-01-09 12:07:43.479] [nas] [warning] Sending SM Cause[MESSAGE_TYPE_NOT_COMPATIBLE_WITH_THE_PROTOCOL_STATE] for PSI[2]
[2023-01-09 12:07:52.464] [nas] [debug] Sending PDU Session Establishment Request
[2023-01-09 12:07:52.565] [nas] [error] No response from RRC from UAC checks, considering access attempt is barred
[2023-01-09 12:08:09.387] [nas] [warning] Retransmitting PDU Session Establishment Request due to T3580 expiry
[2023-01-09 12:08:09.388] [nas] [debug] UAC access attempt is allowed for identity[0], category[MO_sig]
[2023-01-09 12:08:09.427] [nas] [debug] PDU Session Establishment Accept received
[2023-01-09 12:08:09.427] [nas] [info] PDU Session establishment is successful PSI[3]
[2023-01-09 12:08:09.594] [app] [info] Connection setup for PDU session[3] is successful, TUN interface[uesimtun71, 10.60.3.110] is up.
[2023-01-09 12:08:23.659] [nas] [debug] De-registration required due to [NORMAL]
[2023-01-09 12:08:23.673] [nas] [debug] Starting de-registration procedure due to [NORMAL]
[2023-01-09 12:08:23.673] [nas] [debug] Performing local release of PDU session[1]
[2023-01-09 12:08:23.673] [nas] [debug] Performing local release of PDU session[2]
[2023-01-09 12:08:23.673] [nas] [debug] Performing local release of PDU session[3]
[2023-01-09 12:08:23.673] [nas] [info] UE switches to state [MM-DEREGISTER-INITIATED]
[2023-01-09 12:08:23.857] [nas] [debug] De-registration accept received
[2023-01-09 12:08:23.857] [nas] [info] UE switches to state [MM-DEREGISTERED/PS]
[2023-01-09 12:08:23.857] [nas] [info] De-registration is successful
[2023-01-09 12:08:23.857] [nas] [info] UE switches to state [MM-DEREGISTERED/NORMAL-SERVICE]
[2023-01-09 12:08:23.857] [nas] [debug] Initial registration required due to [MM-DEREG-NORMAL-SERVICE]
[2023-01-09 12:08:23.857] [nas] [debug] Sending Initial Registration
[2023-01-09 12:08:23.857] [nas] [debug] Deleting NAS security context
[2023-01-09 12:08:23.857] [nas] [info] UE switches to state [MM-REGISTER-INITIATED]
[2023-01-09 12:08:23.858] [rrc] [debug] RRC Release received
[2023-01-09 12:08:23.858] [nas] [info] UE switches to state [CM-IDLE]
[2023-01-09 12:08:23.858] [nas] [info] UE switches to state [MM-DEREGISTERED/PS]
[2023-01-09 12:08:23.858] [nas] [info] UE switches to state [5U2-NOT-UPDATED]
[2023-01-09 12:08:23.858] [nas] [info] UE switches to state [MM-DEREGISTERED/ATTEMPTING-REGISTRATION]
[2023-01-09 12:08:34.413] [nas] [debug] NAS timer[3511] expired [1]
[2023-01-09 12:08:34.413] [nas] [debug] Initial registration required due to [T3511-EXPIRY-IN-ATT-REG]
[2023-01-09 12:08:34.415] [nas] [debug] UAC access attempt is allowed for identity[0], category[MO_sig]
[2023-01-09 12:08:34.421] [nas] [debug] Sending Initial Registration
[2023-01-09 12:08:34.421] [rrc] [debug] Sending RRC Setup Request
[2023-01-09 12:08:34.421] [nas] [info] UE switches to state [MM-REGISTER-INITIATED]
[2023-01-09 12:08:34.429] [rrc] [info] RRC connection established
[2023-01-09 12:08:34.429] [rrc] [info] UE switches to state [RRC-CONNECTED]
[2023-01-09 12:08:34.429] [nas] [info] UE switches to state [CM-CONNECTED]
[2023-01-09 12:08:34.720] [nas] [debug] Authentication Request received
[2023-01-09 12:08:34.762] [nas] [debug] Security Mode Command received
[2023-01-09 12:08:34.762] [nas] [debug] Selected integrity[2] ciphering[0]
[2023-01-09 12:08:34.838] [nas] [debug] Registration accept received
[2023-01-09 12:08:34.838] [nas] [info] UE switches to state [MM-REGISTERED/NORMAL-SERVICE]
[2023-01-09 12:08:34.838] [nas] [info] UE switches to state [5U1-UPDATED]
[2023-01-09 12:08:34.838] [nas] [debug] Sending Registration Complete
[2023-01-09 12:08:34.838] [nas] [info] Initial Registration is successful
[2023-01-09 12:08:34.838] [nas] [debug] Sending PDU Session Establishment Request
[2023-01-09 12:08:34.839] [nas] [debug] UAC access attempt is allowed for identity[0], category[MO_sig]
[2023-01-09 12:08:34.916] [nas] [debug] PDU Session Establishment Accept received
[2023-01-09 12:08:34.916] [nas] [info] PDU Session establishment is successful PSI[1]
[2023-01-09 12:08:34.992] [app] [info] Connection setup for PDU session[1] is successful, TUN interface[uesimtun169, 10.60.3.177] is up.
[2023-01-09 12:08:52.738] [nas] [debug] Sending PDU Session Establishment Request
[2023-01-09 12:08:52.839] [nas] [error] No response from RRC from UAC checks, considering access attempt is barred
[2023-01-09 12:09:09.451] [nas] [warning] Retransmitting PDU Session Establishment Request due to T3580 expiry
[2023-01-09 12:09:09.451] [nas] [debug] UAC access attempt is allowed for identity[0], category[MO_sig]
[2023-01-09 12:09:20.887] [nas] [debug] Sending PDU Session Release Request for PSI[1]
[2023-01-09 12:09:25.467] [nas] [warning] Retransmitting PDU Session Establishment Request due to T3580 expiry
[2023-01-09 12:09:25.469] [nas] [debug] UAC access attempt is allowed for identity[0], category[MO_sig]
[2023-01-09 12:09:30.941] [nas] [debug] De-registration required due to [NORMAL]
[2023-01-09 12:09:30.951] [nas] [debug] Starting de-registration procedure due to [NORMAL]
[2023-01-09 12:09:30.951] [nas] [debug] Performing local release of PDU session[1]
[2023-01-09 12:09:30.951] [nas] [info] UE switches to state [MM-DEREGISTER-INITIATED]
[2023-01-09 12:09:37.479] [nas] [warning] Retransmitting PDU Session Release Request due to T3582 expiry
[2023-01-09 12:09:41.483] [nas] [warning] Retransmitting PDU Session Establishment Request due to T3580 expiry
[2023-01-09 12:09:41.484] [nas] [debug] UAC access attempt is allowed for identity[0], category[MO_sig]
[2023-01-09 12:09:46.488] [nas] [debug] NAS timer[3521] expired [1]
[2023-01-09 12:09:46.488] [nas] [debug] Retransmitting De-registration Request due to T3521 expiry
[2023-01-09 12:09:53.495] [nas] [warning] Retransmitting PDU Session Release Request due to T3582 expiry
[2023-01-09 12:09:57.499] [nas] [warning] Retransmitting PDU Session Establishment Request due to T3580 expiry
[2023-01-09 12:09:57.504] [nas] [debug] UAC access attempt is allowed for identity[0], category[MO_sig]
[2023-01-09 12:10:01.503] [nas] [debug] NAS timer[3521] expired [2]
[2023-01-09 12:10:01.503] [nas] [debug] Retransmitting De-registration Request due to T3521 expiry
