UERANSIM v3.2.6
[2023-01-09 12:03:27.024] [nas] [info] UE switches to state [MM-DEREGISTERED/PLMN-SEARCH]
[2023-01-09 12:03:27.030] [rrc] [debug] New signal detected for cell[1], total [1] cells in coverage
[2023-01-09 12:03:27.030] [nas] [info] Selected plmn[208/93]
[2023-01-09 12:03:27.030] [rrc] [info] Selected cell plmn[208/93] tac[1] category[SUITABLE]
[2023-01-09 12:03:27.030] [nas] [info] UE switches to state [MM-DEREGISTERED/PS]
[2023-01-09 12:03:27.030] [nas] [info] UE switches to state [MM-DEREGISTERED/NORMAL-SERVICE]
[2023-01-09 12:03:27.030] [nas] [debug] Initial registration required due to [MM-DEREG-NORMAL-SERVICE]
[2023-01-09 12:03:27.031] [nas] [debug] UAC access attempt is allowed for identity[0], category[MO_sig]
[2023-01-09 12:03:27.031] [nas] [debug] Sending Initial Registration
[2023-01-09 12:03:27.031] [nas] [info] UE switches to state [MM-REGISTER-INITIATED]
[2023-01-09 12:03:27.031] [rrc] [debug] Sending RRC Setup Request
[2023-01-09 12:03:27.032] [rrc] [info] RRC connection established
[2023-01-09 12:03:27.032] [rrc] [info] UE switches to state [RRC-CONNECTED]
[2023-01-09 12:03:27.032] [nas] [info] UE switches to state [CM-CONNECTED]
[2023-01-09 12:03:27.048] [nas] [debug] Authentication Request received
[2023-01-09 12:03:27.055] [nas] [debug] Security Mode Command received
[2023-01-09 12:03:27.055] [nas] [debug] Selected integrity[2] ciphering[0]
[2023-01-09 12:03:27.080] [nas] [debug] Registration accept received
[2023-01-09 12:03:27.080] [nas] [info] UE switches to state [MM-REGISTERED/NORMAL-SERVICE]
[2023-01-09 12:03:27.080] [nas] [debug] Sending Registration Complete
[2023-01-09 12:03:27.080] [nas] [info] Initial Registration is successful
[2023-01-09 12:03:27.080] [nas] [debug] Sending PDU Session Establishment Request
[2023-01-09 12:03:27.080] [nas] [debug] UAC access attempt is allowed for identity[0], category[MO_sig]
[2023-01-09 12:03:27.316] [nas] [debug] PDU Session Establishment Accept received
[2023-01-09 12:03:27.316] [nas] [info] PDU Session establishment is successful PSI[1]
[2023-01-09 12:03:27.352] [app] [info] Connection setup for PDU session[1] is successful, TUN interface[uesimtun74, 10.60.0.75] is up.
[2023-01-09 12:03:52.177] [nas] [debug] Sending PDU Session Establishment Request
[2023-01-09 12:03:52.282] [nas] [error] No response from RRC from UAC checks, considering access attempt is barred
[2023-01-09 12:04:09.071] [nas] [warning] Retransmitting PDU Session Establishment Request due to T3580 expiry
[2023-01-09 12:04:09.072] [nas] [debug] UAC access attempt is allowed for identity[0], category[MO_sig]
[2023-01-09 12:04:09.347] [nas] [debug] PDU Session Establishment Accept received
[2023-01-09 12:04:09.347] [nas] [info] PDU Session establishment is successful PSI[2]
[2023-01-09 12:04:09.657] [app] [info] Connection setup for PDU session[2] is successful, TUN interface[uesimtun82, 10.60.0.181] is up.
[2023-01-09 12:04:19.460] [nas] [debug] De-registration required due to [NORMAL]
[2023-01-09 12:04:19.471] [nas] [debug] Starting de-registration procedure due to [NORMAL]
[2023-01-09 12:04:19.471] [nas] [debug] Performing local release of PDU session[1]
[2023-01-09 12:04:19.471] [nas] [debug] Performing local release of PDU session[2]
[2023-01-09 12:04:19.471] [nas] [info] UE switches to state [MM-DEREGISTER-INITIATED]
[2023-01-09 12:04:19.537] [rrc] [debug] RRC Release received
[2023-01-09 12:04:19.537] [nas] [debug] De-registration accept received
[2023-01-09 12:04:19.537] [nas] [info] UE switches to state [MM-DEREGISTERED/PS]
[2023-01-09 12:04:19.537] [nas] [info] De-registration is successful
[2023-01-09 12:04:19.537] [nas] [info] UE switches to state [CM-IDLE]
[2023-01-09 12:04:19.537] [nas] [info] UE switches to state [MM-DEREGISTERED/NORMAL-SERVICE]
[2023-01-09 12:04:19.537] [nas] [debug] Initial registration required due to [MM-DEREG-NORMAL-SERVICE]
[2023-01-09 12:04:19.538] [nas] [debug] UAC access attempt is allowed for identity[0], category[MO_sig]
[2023-01-09 12:04:19.538] [nas] [debug] Sending Initial Registration
[2023-01-09 12:04:19.538] [nas] [debug] Deleting NAS security context
[2023-01-09 12:04:19.538] [nas] [info] UE switches to state [MM-REGISTER-INITIATED]
[2023-01-09 12:04:19.538] [rrc] [debug] Sending RRC Setup Request
[2023-01-09 12:04:19.539] [rrc] [info] RRC connection established
[2023-01-09 12:04:19.540] [rrc] [info] UE switches to state [RRC-CONNECTED]
[2023-01-09 12:04:19.540] [nas] [info] UE switches to state [CM-CONNECTED]
[2023-01-09 12:04:19.806] [nas] [debug] Authentication Request received
[2023-01-09 12:04:20.010] [nas] [debug] Security Mode Command received
[2023-01-09 12:04:20.011] [nas] [debug] Selected integrity[2] ciphering[0]
[2023-01-09 12:04:20.072] [nas] [debug] Registration accept received
[2023-01-09 12:04:20.072] [nas] [info] UE switches to state [MM-REGISTERED/NORMAL-SERVICE]
[2023-01-09 12:04:20.072] [nas] [debug] Sending Registration Complete
[2023-01-09 12:04:20.072] [nas] [info] Initial Registration is successful
[2023-01-09 12:04:20.072] [nas] [debug] Sending PDU Session Establishment Request
[2023-01-09 12:04:20.073] [nas] [debug] UAC access attempt is allowed for identity[0], category[MO_sig]
[2023-01-09 12:04:20.182] [nas] [debug] PDU Session Establishment Accept received
[2023-01-09 12:04:20.182] [nas] [info] PDU Session establishment is successful PSI[1]
[2023-01-09 12:04:20.309] [app] [info] Connection setup for PDU session[1] is successful, TUN interface[uesimtun49, 10.60.0.236] is up.
[2023-01-09 12:04:44.537] [nas] [debug] Sending PDU Session Release Request for PSI[1]
[2023-01-09 12:04:44.563] [nas] [error] PDU Session Release Reject received [REQUEST_REJECTED_UNSPECIFIED]
[2023-01-09 12:04:44.563] [nas] [error] PS release reject received without being requested
[2023-01-09 12:04:44.563] [nas] [warning] Sending SM Cause[MESSAGE_TYPE_NOT_COMPATIBLE_WITH_THE_PROTOCOL_STATE] for PSI[1]
[2023-01-09 12:04:51.575] [nas] [debug] De-registration required due to [NORMAL]
[2023-01-09 12:04:51.585] [nas] [debug] Starting de-registration procedure due to [NORMAL]
[2023-01-09 12:04:51.586] [nas] [debug] Performing local release of PDU session[1]
[2023-01-09 12:04:51.586] [nas] [info] UE switches to state [MM-DEREGISTER-INITIATED]
[2023-01-09 12:04:51.715] [nas] [debug] De-registration accept received
[2023-01-09 12:04:51.715] [nas] [info] UE switches to state [MM-DEREGISTERED/PS]
[2023-01-09 12:04:51.715] [nas] [info] De-registration is successful
[2023-01-09 12:04:51.715] [nas] [info] UE switches to state [MM-DEREGISTERED/NORMAL-SERVICE]
[2023-01-09 12:04:51.715] [nas] [debug] Initial registration required due to [MM-DEREG-NORMAL-SERVICE]
[2023-01-09 12:04:51.715] [nas] [debug] Sending Initial Registration
[2023-01-09 12:04:51.715] [nas] [debug] Deleting NAS security context
[2023-01-09 12:04:51.715] [nas] [info] UE switches to state [MM-REGISTER-INITIATED]
[2023-01-09 12:04:51.716] [rrc] [debug] RRC Release received
[2023-01-09 12:04:51.716] [nas] [info] UE switches to state [CM-IDLE]
[2023-01-09 12:04:51.716] [nas] [info] UE switches to state [MM-DEREGISTERED/PS]
[2023-01-09 12:04:51.716] [nas] [info] UE switches to state [5U2-NOT-UPDATED]
[2023-01-09 12:04:51.716] [nas] [info] UE switches to state [MM-DEREGISTERED/ATTEMPTING-REGISTRATION]
[2023-01-09 12:05:02.151] [nas] [debug] NAS timer[3511] expired [1]
[2023-01-09 12:05:02.151] [nas] [debug] Initial registration required due to [T3511-EXPIRY-IN-ATT-REG]
[2023-01-09 12:05:02.154] [nas] [debug] UAC access attempt is allowed for identity[0], category[MO_sig]
[2023-01-09 12:05:02.154] [nas] [debug] Sending Initial Registration
[2023-01-09 12:05:02.154] [rrc] [debug] Sending RRC Setup Request
[2023-01-09 12:05:02.154] [nas] [info] UE switches to state [MM-REGISTER-INITIATED]
[2023-01-09 12:05:02.155] [rrc] [info] RRC connection established
[2023-01-09 12:05:02.155] [rrc] [info] UE switches to state [RRC-CONNECTED]
[2023-01-09 12:05:02.155] [nas] [info] UE switches to state [CM-CONNECTED]
[2023-01-09 12:05:02.405] [nas] [debug] Authentication Request received
[2023-01-09 12:05:02.418] [nas] [debug] Security Mode Command received
[2023-01-09 12:05:02.418] [nas] [debug] Selected integrity[2] ciphering[0]
[2023-01-09 12:05:02.447] [nas] [debug] Registration accept received
[2023-01-09 12:05:02.447] [nas] [info] UE switches to state [MM-REGISTERED/NORMAL-SERVICE]
[2023-01-09 12:05:02.447] [nas] [info] UE switches to state [5U1-UPDATED]
[2023-01-09 12:05:02.447] [nas] [debug] Sending Registration Complete
[2023-01-09 12:05:02.447] [nas] [info] Initial Registration is successful
[2023-01-09 12:05:02.447] [nas] [debug] Sending PDU Session Establishment Request
[2023-01-09 12:05:02.448] [nas] [debug] UAC access attempt is allowed for identity[0], category[MO_sig]
[2023-01-09 12:05:02.686] [nas] [debug] PDU Session Establishment Accept received
[2023-01-09 12:05:02.686] [nas] [info] PDU Session establishment is successful PSI[1]
[2023-01-09 12:05:02.724] [app] [info] Connection setup for PDU session[1] is successful, TUN interface[uesimtun97, 10.60.1.127] is up.
[2023-01-09 12:05:23.635] [nas] [debug] De-registration required due to [NORMAL]
[2023-01-09 12:05:23.645] [nas] [debug] Starting de-registration procedure due to [NORMAL]
[2023-01-09 12:05:23.645] [nas] [debug] Performing local release of PDU session[1]
[2023-01-09 12:05:23.645] [nas] [info] UE switches to state [MM-DEREGISTER-INITIATED]
[2023-01-09 12:05:23.698] [rrc] [debug] RRC Release received
[2023-01-09 12:05:23.698] [nas] [debug] De-registration accept received
[2023-01-09 12:05:23.698] [nas] [info] UE switches to state [MM-DEREGISTERED/PS]
[2023-01-09 12:05:23.698] [nas] [info] De-registration is successful
[2023-01-09 12:05:23.698] [nas] [info] UE switches to state [CM-IDLE]
[2023-01-09 12:05:23.698] [nas] [info] UE switches to state [MM-DEREGISTERED/NORMAL-SERVICE]
[2023-01-09 12:05:23.698] [nas] [debug] Initial registration required due to [MM-DEREG-NORMAL-SERVICE]
[2023-01-09 12:05:23.701] [nas] [debug] UAC access attempt is allowed for identity[0], category[MO_sig]
[2023-01-09 12:05:23.701] [nas] [debug] Sending Initial Registration
[2023-01-09 12:05:23.701] [nas] [debug] Deleting NAS security context
[2023-01-09 12:05:23.701] [nas] [info] UE switches to state [MM-REGISTER-INITIATED]
[2023-01-09 12:05:23.701] [rrc] [debug] Sending RRC Setup Request
[2023-01-09 12:05:23.705] [rrc] [info] RRC connection established
[2023-01-09 12:05:23.705] [rrc] [info] UE switches to state [RRC-CONNECTED]
[2023-01-09 12:05:23.705] [nas] [info] UE switches to state [CM-CONNECTED]
[2023-01-09 12:05:23.922] [nas] [debug] Authentication Request received
[2023-01-09 12:05:23.934] [nas] [debug] Security Mode Command received
[2023-01-09 12:05:23.934] [nas] [debug] Selected integrity[2] ciphering[0]
[2023-01-09 12:05:23.969] [nas] [debug] Registration accept received
[2023-01-09 12:05:23.969] [nas] [info] UE switches to state [MM-REGISTERED/NORMAL-SERVICE]
[2023-01-09 12:05:23.969] [nas] [debug] Sending Registration Complete
[2023-01-09 12:05:23.969] [nas] [info] Initial Registration is successful
[2023-01-09 12:05:23.969] [nas] [debug] Sending PDU Session Establishment Request
[2023-01-09 12:05:23.972] [nas] [debug] UAC access attempt is allowed for identity[0], category[MO_sig]
[2023-01-09 12:05:24.212] [nas] [debug] PDU Session Establishment Accept received
[2023-01-09 12:05:24.212] [nas] [info] PDU Session establishment is successful PSI[1]
[2023-01-09 12:05:24.281] [app] [info] Connection setup for PDU session[1] is successful, TUN interface[uesimtun62, 10.60.1.192] is up.
[2023-01-09 12:05:53.734] [nas] [warning] PDU session release procedure could not start: PS[2] is not active already
[2023-01-09 12:06:02.792] [nas] [debug] Sending PDU Session Release Request for PSI[1]
[2023-01-09 12:06:02.863] [nas] [error] PDU Session Release Reject received [REQUEST_REJECTED_UNSPECIFIED]
[2023-01-09 12:06:02.863] [nas] [error] PS release reject received without being requested
[2023-01-09 12:06:02.863] [nas] [warning] Sending SM Cause[MESSAGE_TYPE_NOT_COMPATIBLE_WITH_THE_PROTOCOL_STATE] for PSI[1]
[2023-01-09 12:06:16.865] [nas] [debug] Sending PDU Session Release Request for PSI[1]
[2023-01-09 12:06:16.879] [nas] [error] PDU Session Release Reject received [REQUEST_REJECTED_UNSPECIFIED]
[2023-01-09 12:06:16.879] [nas] [error] PS release reject received without being requested
[2023-01-09 12:06:16.879] [nas] [warning] Sending SM Cause[MESSAGE_TYPE_NOT_COMPATIBLE_WITH_THE_PROTOCOL_STATE] for PSI[1]
[2023-01-09 12:06:25.901] [nas] [debug] Sending PDU Session Establishment Request
[2023-01-09 12:06:26.002] [nas] [error] No response from RRC from UAC checks, considering access attempt is barred
[2023-01-09 12:06:42.279] [nas] [warning] Retransmitting PDU Session Establishment Request due to T3580 expiry
[2023-01-09 12:06:42.279] [nas] [debug] UAC access attempt is allowed for identity[0], category[MO_sig]
[2023-01-09 12:06:42.452] [nas] [debug] PDU Session Establishment Accept received
[2023-01-09 12:06:42.453] [nas] [info] PDU Session establishment is successful PSI[2]
[2023-01-09 12:06:42.507] [app] [info] Connection setup for PDU session[2] is successful, TUN interface[uesimtun39, 10.60.2.148] is up.
[2023-01-09 12:06:52.056] [nas] [debug] Sending PDU Session Release Request for PSI[1]
[2023-01-09 12:06:52.056] [nas] [debug] Sending PDU Session Release Request for PSI[2]
[2023-01-09 12:06:52.110] [nas] [error] PDU Session Release Reject received [REQUEST_REJECTED_UNSPECIFIED]
[2023-01-09 12:06:52.110] [nas] [error] PS release reject received without being requested
[2023-01-09 12:06:52.110] [nas] [warning] Sending SM Cause[MESSAGE_TYPE_NOT_COMPATIBLE_WITH_THE_PROTOCOL_STATE] for PSI[1]
[2023-01-09 12:06:52.118] [nas] [debug] PDU Session Release Command received
[2023-01-09 12:06:52.118] [nas] [debug] Performing local release of PDU session[2]
[2023-01-09 12:06:59.093] [nas] [debug] Sending PDU Session Establishment Request
[2023-01-09 12:06:59.194] [nas] [error] No response from RRC from UAC checks, considering access attempt is barred
[2023-01-09 12:07:15.314] [nas] [warning] Retransmitting PDU Session Establishment Request due to T3580 expiry
[2023-01-09 12:07:15.314] [nas] [debug] UAC access attempt is allowed for identity[0], category[MO_sig]
[2023-01-09 12:07:15.357] [nas] [debug] PDU Session Establishment Accept received
[2023-01-09 12:07:15.357] [nas] [info] PDU Session establishment is successful PSI[2]
[2023-01-09 12:07:15.387] [app] [info] Connection setup for PDU session[2] is successful, TUN interface[uesimtun90, 10.60.2.230] is up.
[2023-01-09 12:07:29.243] [nas] [debug] Sending PDU Session Release Request for PSI[1]
[2023-01-09 12:07:29.243] [nas] [debug] Sending PDU Session Release Request for PSI[2]
[2023-01-09 12:07:29.403] [nas] [error] PDU Session Release Reject received [REQUEST_REJECTED_UNSPECIFIED]
[2023-01-09 12:07:29.403] [nas] [error] PS release reject received without being requested
[2023-01-09 12:07:29.403] [nas] [warning] Sending SM Cause[MESSAGE_TYPE_NOT_COMPATIBLE_WITH_THE_PROTOCOL_STATE] for PSI[1]
[2023-01-09 12:07:29.407] [nas] [error] PDU Session Release Reject received [REQUEST_REJECTED_UNSPECIFIED]
[2023-01-09 12:07:29.407] [nas] [error] PS release reject received without being requested
[2023-01-09 12:07:29.407] [nas] [warning] Sending SM Cause[MESSAGE_TYPE_NOT_COMPATIBLE_WITH_THE_PROTOCOL_STATE] for PSI[2]
[2023-01-09 12:07:43.282] [nas] [debug] Sending PDU Session Establishment Request
[2023-01-09 12:07:43.383] [nas] [error] No response from RRC from UAC checks, considering access attempt is barred
[2023-01-09 12:07:59.409] [nas] [warning] Retransmitting PDU Session Establishment Request due to T3580 expiry
[2023-01-09 12:07:59.409] [nas] [debug] UAC access attempt is allowed for identity[0], category[MO_sig]
[2023-01-09 12:07:59.795] [nas] [debug] PDU Session Establishment Accept received
[2023-01-09 12:07:59.795] [nas] [info] PDU Session establishment is successful PSI[3]
[2023-01-09 12:07:59.892] [app] [info] Connection setup for PDU session[3] is successful, TUN interface[uesimtun8, 10.60.3.88] is up.
[2023-01-09 12:08:12.441] [nas] [debug] Sending PDU Session Release Request for PSI[1]
[2023-01-09 12:08:12.441] [nas] [debug] Sending PDU Session Release Request for PSI[2]
[2023-01-09 12:08:12.441] [nas] [debug] Sending PDU Session Release Request for PSI[3]
[2023-01-09 12:08:12.654] [nas] [error] PDU Session Release Reject received [REQUEST_REJECTED_UNSPECIFIED]
[2023-01-09 12:08:12.655] [nas] [error] PS release reject received without being requested
[2023-01-09 12:08:12.655] [nas] [warning] Sending SM Cause[MESSAGE_TYPE_NOT_COMPATIBLE_WITH_THE_PROTOCOL_STATE] for PSI[1]
[2023-01-09 12:08:12.666] [nas] [error] PDU Session Release Reject received [REQUEST_REJECTED_UNSPECIFIED]
[2023-01-09 12:08:12.666] [nas] [error] PS release reject received without being requested
[2023-01-09 12:08:12.666] [nas] [warning] Sending SM Cause[MESSAGE_TYPE_NOT_COMPATIBLE_WITH_THE_PROTOCOL_STATE] for PSI[2]
[2023-01-09 12:08:12.678] [nas] [error] PDU Session Release Reject received [REQUEST_REJECTED_UNSPECIFIED]
[2023-01-09 12:08:12.678] [nas] [error] PS release reject received without being requested
[2023-01-09 12:08:12.678] [nas] [warning] Sending SM Cause[MESSAGE_TYPE_NOT_COMPATIBLE_WITH_THE_PROTOCOL_STATE] for PSI[3]
[2023-01-09 12:08:27.565] [nas] [debug] Sending PDU Session Release Request for PSI[1]
[2023-01-09 12:08:27.660] [nas] [error] PDU Session Release Reject received [REQUEST_REJECTED_UNSPECIFIED]
[2023-01-09 12:08:27.660] [nas] [error] PS release reject received without being requested
[2023-01-09 12:08:27.660] [nas] [warning] Sending SM Cause[MESSAGE_TYPE_NOT_COMPATIBLE_WITH_THE_PROTOCOL_STATE] for PSI[1]
[2023-01-09 12:08:37.603] [nas] [debug] De-registration required due to [NORMAL]
[2023-01-09 12:08:37.613] [nas] [debug] Starting de-registration procedure due to [NORMAL]
[2023-01-09 12:08:37.614] [nas] [debug] Performing local release of PDU session[1]
[2023-01-09 12:08:37.614] [nas] [debug] Performing local release of PDU session[2]
[2023-01-09 12:08:37.614] [nas] [debug] Performing local release of PDU session[3]
[2023-01-09 12:08:37.614] [nas] [info] UE switches to state [MM-DEREGISTER-INITIATED]
[2023-01-09 12:08:37.719] [rrc] [debug] RRC Release received
[2023-01-09 12:08:37.719] [nas] [debug] De-registration accept received
[2023-01-09 12:08:37.719] [nas] [info] UE switches to state [MM-DEREGISTERED/PS]
[2023-01-09 12:08:37.719] [nas] [info] De-registration is successful
[2023-01-09 12:08:37.719] [nas] [info] UE switches to state [CM-IDLE]
[2023-01-09 12:08:37.719] [nas] [info] UE switches to state [MM-DEREGISTERED/NORMAL-SERVICE]
[2023-01-09 12:08:37.719] [nas] [debug] Initial registration required due to [MM-DEREG-NORMAL-SERVICE]
[2023-01-09 12:08:37.721] [nas] [debug] UAC access attempt is allowed for identity[0], category[MO_sig]
[2023-01-09 12:08:37.721] [nas] [debug] Sending Initial Registration
[2023-01-09 12:08:37.721] [nas] [debug] Deleting NAS security context
[2023-01-09 12:08:37.721] [nas] [info] UE switches to state [MM-REGISTER-INITIATED]
[2023-01-09 12:08:37.721] [rrc] [debug] Sending RRC Setup Request
[2023-01-09 12:08:37.724] [rrc] [info] RRC connection established
[2023-01-09 12:08:37.724] [rrc] [info] UE switches to state [RRC-CONNECTED]
[2023-01-09 12:08:37.724] [nas] [info] UE switches to state [CM-CONNECTED]
[2023-01-09 12:08:37.988] [nas] [debug] Authentication Request received
[2023-01-09 12:08:37.998] [nas] [debug] Security Mode Command received
[2023-01-09 12:08:37.998] [nas] [debug] Selected integrity[2] ciphering[0]
[2023-01-09 12:08:38.031] [nas] [debug] Registration accept received
[2023-01-09 12:08:38.031] [nas] [info] UE switches to state [MM-REGISTERED/NORMAL-SERVICE]
[2023-01-09 12:08:38.031] [nas] [debug] Sending Registration Complete
[2023-01-09 12:08:38.031] [nas] [info] Initial Registration is successful
[2023-01-09 12:08:38.031] [nas] [debug] Sending PDU Session Establishment Request
[2023-01-09 12:08:38.032] [nas] [debug] UAC access attempt is allowed for identity[0], category[MO_sig]
[2023-01-09 12:08:38.270] [nas] [debug] PDU Session Establishment Accept received
[2023-01-09 12:08:38.270] [nas] [info] PDU Session establishment is successful PSI[1]
[2023-01-09 12:08:38.362] [app] [info] Connection setup for PDU session[1] is successful, TUN interface[uesimtun62, 10.60.3.190] is up.
[2023-01-09 12:09:04.659] [nas] [debug] Sending PDU Session Establishment Request
[2023-01-09 12:09:04.760] [nas] [error] No response from RRC from UAC checks, considering access attempt is barred
[2023-01-09 12:09:21.516] [nas] [warning] Retransmitting PDU Session Establishment Request due to T3580 expiry
[2023-01-09 12:09:21.516] [nas] [debug] UAC access attempt is allowed for identity[0], category[MO_sig]
[2023-01-09 12:09:37.532] [nas] [warning] Retransmitting PDU Session Establishment Request due to T3580 expiry
[2023-01-09 12:09:37.534] [nas] [debug] UAC access attempt is allowed for identity[0], category[MO_sig]
[2023-01-09 12:09:38.845] [nas] [debug] Sending PDU Session Release Request for PSI[1]
[2023-01-09 12:09:47.890] [nas] [debug] Sending PDU Session Release Request for PSI[1]
[2023-01-09 12:09:53.551] [nas] [warning] Retransmitting PDU Session Establishment Request due to T3580 expiry
[2023-01-09 12:09:53.556] [nas] [debug] UAC access attempt is allowed for identity[0], category[MO_sig]
[2023-01-09 12:09:55.553] [nas] [warning] Retransmitting PDU Session Release Request due to T3582 expiry
[2023-01-09 12:09:57.923] [nas] [debug] Sending PDU Session Establishment Request
[2023-01-09 12:09:58.024] [nas] [error] No response from RRC from UAC checks, considering access attempt is barred
