UERANSIM v3.2.6
[2023-01-09 12:02:39.945] [nas] [info] UE switches to state [MM-DEREGISTERED/PLMN-SEARCH]
[2023-01-09 12:02:39.947] [rrc] [debug] New signal detected for cell[1], total [1] cells in coverage
[2023-01-09 12:02:39.947] [nas] [info] Selected plmn[208/93]
[2023-01-09 12:02:39.947] [rrc] [info] Selected cell plmn[208/93] tac[1] category[SUITABLE]
[2023-01-09 12:02:39.947] [nas] [info] UE switches to state [MM-DEREGISTERED/PS]
[2023-01-09 12:02:39.947] [nas] [info] UE switches to state [MM-DEREGISTERED/NORMAL-SERVICE]
[2023-01-09 12:02:39.947] [nas] [debug] Initial registration required due to [MM-DEREG-NORMAL-SERVICE]
[2023-01-09 12:02:39.947] [nas] [debug] UAC access attempt is allowed for identity[0], category[MO_sig]
[2023-01-09 12:02:39.947] [nas] [debug] Sending Initial Registration
[2023-01-09 12:02:39.948] [nas] [info] UE switches to state [MM-REGISTER-INITIATED]
[2023-01-09 12:02:39.948] [rrc] [debug] Sending RRC Setup Request
[2023-01-09 12:02:39.948] [rrc] [info] RRC connection established
[2023-01-09 12:02:39.948] [rrc] [info] UE switches to state [RRC-CONNECTED]
[2023-01-09 12:02:39.948] [nas] [info] UE switches to state [CM-CONNECTED]
[2023-01-09 12:02:39.962] [nas] [debug] Authentication Request received
[2023-01-09 12:02:39.970] [nas] [debug] Security Mode Command received
[2023-01-09 12:02:39.970] [nas] [debug] Selected integrity[2] ciphering[0]
[2023-01-09 12:02:39.997] [nas] [debug] Registration accept received
[2023-01-09 12:02:39.997] [nas] [info] UE switches to state [MM-REGISTERED/NORMAL-SERVICE]
[2023-01-09 12:02:39.997] [nas] [debug] Sending Registration Complete
[2023-01-09 12:02:39.997] [nas] [info] Initial Registration is successful
[2023-01-09 12:02:39.997] [nas] [debug] Sending PDU Session Establishment Request
[2023-01-09 12:02:39.998] [nas] [debug] UAC access attempt is allowed for identity[0], category[MO_sig]
[2023-01-09 12:02:40.234] [nas] [debug] PDU Session Establishment Accept received
[2023-01-09 12:02:40.234] [nas] [info] PDU Session establishment is successful PSI[1]
[2023-01-09 12:02:40.268] [app] [info] Connection setup for PDU session[1] is successful, TUN interface[uesimtun28, 10.60.0.29] is up.
[2023-01-09 12:03:54.105] [nas] [debug] Sending PDU Session Establishment Request
[2023-01-09 12:03:54.220] [nas] [error] No response from RRC from UAC checks, considering access attempt is barred
[2023-01-09 12:04:11.040] [nas] [warning] Retransmitting PDU Session Establishment Request due to T3580 expiry
[2023-01-09 12:04:11.067] [nas] [debug] UAC access attempt is allowed for identity[0], category[MO_sig]
[2023-01-09 12:04:11.392] [nas] [debug] PDU Session Establishment Accept received
[2023-01-09 12:04:11.392] [nas] [info] PDU Session establishment is successful PSI[2]
[2023-01-09 12:04:11.572] [app] [info] Connection setup for PDU session[2] is successful, TUN interface[uesimtun111, 10.60.0.204] is up.
[2023-01-09 12:04:24.294] [nas] [debug] Sending PDU Session Establishment Request
[2023-01-09 12:04:24.395] [nas] [error] No response from RRC from UAC checks, considering access attempt is barred
[2023-01-09 12:04:41.075] [nas] [warning] Retransmitting PDU Session Establishment Request due to T3580 expiry
[2023-01-09 12:04:41.078] [nas] [debug] UAC access attempt is allowed for identity[0], category[MO_sig]
[2023-01-09 12:04:41.234] [nas] [debug] PDU Session Establishment Accept received
[2023-01-09 12:04:41.234] [nas] [info] PDU Session establishment is successful PSI[3]
[2023-01-09 12:04:41.266] [app] [info] Connection setup for PDU session[3] is successful, TUN interface[uesimtun27, 10.60.1.62] is up.
[2023-01-09 12:04:50.515] [nas] [warning] PDU session release procedure could not start: PS[4] is not active already
[2023-01-09 12:04:57.550] [nas] [debug] Sending PDU Session Release Request for PSI[1]
[2023-01-09 12:04:57.550] [nas] [debug] Sending PDU Session Release Request for PSI[2]
[2023-01-09 12:04:57.550] [nas] [debug] Sending PDU Session Release Request for PSI[3]
[2023-01-09 12:04:57.586] [nas] [debug] PDU Session Release Command received
[2023-01-09 12:04:57.586] [nas] [debug] Performing local release of PDU session[1]
[2023-01-09 12:04:57.596] [nas] [debug] PDU Session Release Command received
[2023-01-09 12:04:57.596] [nas] [debug] Performing local release of PDU session[2]
[2023-01-09 12:04:57.600] [nas] [error] PDU Session Release Reject received [REQUEST_REJECTED_UNSPECIFIED]
[2023-01-09 12:04:57.600] [nas] [error] PS release reject received without being requested
[2023-01-09 12:04:57.600] [nas] [warning] Sending SM Cause[MESSAGE_TYPE_NOT_COMPATIBLE_WITH_THE_PROTOCOL_STATE] for PSI[3]
[2023-01-09 12:05:09.599] [nas] [debug] Sending PDU Session Release Request for PSI[3]
[2023-01-09 12:05:09.728] [nas] [error] PDU Session Release Reject received [REQUEST_REJECTED_UNSPECIFIED]
[2023-01-09 12:05:09.728] [nas] [error] PS release reject received without being requested
[2023-01-09 12:05:09.728] [nas] [warning] Sending SM Cause[MESSAGE_TYPE_NOT_COMPATIBLE_WITH_THE_PROTOCOL_STATE] for PSI[3]
[2023-01-09 12:05:21.738] [nas] [warning] PDU session release procedure could not start: PS[1] is not active already
[2023-01-09 12:05:29.862] [nas] [warning] PDU session release procedure could not start: PS[2] is not active already
[2023-01-09 12:05:43.946] [nas] [debug] Sending PDU Session Release Request for PSI[3]
[2023-01-09 12:05:44.166] [nas] [error] PDU Session Release Reject received [REQUEST_REJECTED_UNSPECIFIED]
[2023-01-09 12:05:44.166] [nas] [error] PS release reject received without being requested
[2023-01-09 12:05:44.166] [nas] [warning] Sending SM Cause[MESSAGE_TYPE_NOT_COMPATIBLE_WITH_THE_PROTOCOL_STATE] for PSI[3]
[2023-01-09 12:05:56.027] [nas] [warning] PDU session release procedure could not start: PS[2] is not active already
[2023-01-09 12:06:07.100] [nas] [warning] PDU session release procedure could not start: PS[2] is not active already
[2023-01-09 12:06:16.127] [nas] [debug] Sending PDU Session Release Request for PSI[3]
[2023-01-09 12:06:16.186] [nas] [error] PDU Session Release Reject received [REQUEST_REJECTED_UNSPECIFIED]
[2023-01-09 12:06:16.186] [nas] [error] PS release reject received without being requested
[2023-01-09 12:06:16.186] [nas] [warning] Sending SM Cause[MESSAGE_TYPE_NOT_COMPATIBLE_WITH_THE_PROTOCOL_STATE] for PSI[3]
[2023-01-09 12:06:28.161] [nas] [debug] De-registration required due to [NORMAL]
[2023-01-09 12:06:28.170] [nas] [debug] Starting de-registration procedure due to [NORMAL]
[2023-01-09 12:06:28.170] [nas] [debug] Performing local release of PDU session[3]
[2023-01-09 12:06:28.170] [nas] [info] UE switches to state [MM-DEREGISTER-INITIATED]
[2023-01-09 12:06:28.180] [nas] [debug] De-registration accept received
[2023-01-09 12:06:28.180] [nas] [info] UE switches to state [MM-DEREGISTERED/PS]
[2023-01-09 12:06:28.180] [nas] [info] De-registration is successful
[2023-01-09 12:06:28.180] [nas] [info] UE switches to state [MM-DEREGISTERED/NORMAL-SERVICE]
[2023-01-09 12:06:28.180] [nas] [debug] Initial registration required due to [MM-DEREG-NORMAL-SERVICE]
[2023-01-09 12:06:28.180] [nas] [debug] Sending Initial Registration
[2023-01-09 12:06:28.180] [nas] [debug] Deleting NAS security context
[2023-01-09 12:06:28.180] [nas] [info] UE switches to state [MM-REGISTER-INITIATED]
[2023-01-09 12:06:28.182] [rrc] [debug] RRC Release received
[2023-01-09 12:06:28.182] [nas] [info] UE switches to state [CM-IDLE]
[2023-01-09 12:06:28.182] [nas] [info] UE switches to state [MM-DEREGISTERED/PS]
[2023-01-09 12:06:28.182] [nas] [info] UE switches to state [5U2-NOT-UPDATED]
[2023-01-09 12:06:28.182] [nas] [info] UE switches to state [MM-DEREGISTERED/ATTEMPTING-REGISTRATION]
[2023-01-09 12:06:38.210] [nas] [debug] NAS timer[3511] expired [1]
[2023-01-09 12:06:38.210] [nas] [debug] Initial registration required due to [T3511-EXPIRY-IN-ATT-REG]
[2023-01-09 12:06:38.210] [nas] [debug] UAC access attempt is allowed for identity[0], category[MO_sig]
[2023-01-09 12:06:38.210] [nas] [debug] Sending Initial Registration
[2023-01-09 12:06:38.210] [nas] [info] UE switches to state [MM-REGISTER-INITIATED]
[2023-01-09 12:06:38.210] [rrc] [debug] Sending RRC Setup Request
[2023-01-09 12:06:38.211] [rrc] [info] RRC connection established
[2023-01-09 12:06:38.211] [rrc] [info] UE switches to state [RRC-CONNECTED]
[2023-01-09 12:06:38.211] [nas] [info] UE switches to state [CM-CONNECTED]
[2023-01-09 12:06:38.416] [nas] [debug] Authentication Request received
[2023-01-09 12:06:38.474] [nas] [debug] Security Mode Command received
[2023-01-09 12:06:38.474] [nas] [debug] Selected integrity[2] ciphering[0]
[2023-01-09 12:06:38.521] [nas] [debug] Registration accept received
[2023-01-09 12:06:38.521] [nas] [info] UE switches to state [MM-REGISTERED/NORMAL-SERVICE]
[2023-01-09 12:06:38.521] [nas] [info] UE switches to state [5U1-UPDATED]
[2023-01-09 12:06:38.521] [nas] [debug] Sending Registration Complete
[2023-01-09 12:06:38.521] [nas] [info] Initial Registration is successful
[2023-01-09 12:06:38.521] [nas] [debug] Sending PDU Session Establishment Request
[2023-01-09 12:06:38.521] [nas] [debug] UAC access attempt is allowed for identity[0], category[MO_sig]
[2023-01-09 12:06:38.643] [nas] [debug] PDU Session Establishment Accept received
[2023-01-09 12:06:38.643] [nas] [info] PDU Session establishment is successful PSI[1]
[2023-01-09 12:06:38.860] [app] [info] Connection setup for PDU session[1] is successful, TUN interface[uesimtun36, 10.60.2.139] is up.
[2023-01-09 12:06:57.266] [nas] [debug] Sending PDU Session Release Request for PSI[1]
[2023-01-09 12:06:57.351] [nas] [error] PDU Session Release Reject received [REQUEST_REJECTED_UNSPECIFIED]
[2023-01-09 12:06:57.351] [nas] [error] PS release reject received without being requested
[2023-01-09 12:06:57.351] [nas] [warning] Sending SM Cause[MESSAGE_TYPE_NOT_COMPATIBLE_WITH_THE_PROTOCOL_STATE] for PSI[1]
[2023-01-09 12:07:12.308] [nas] [debug] De-registration required due to [NORMAL]
[2023-01-09 12:07:12.318] [nas] [debug] Starting de-registration procedure due to [NORMAL]
[2023-01-09 12:07:12.318] [nas] [debug] Performing local release of PDU session[1]
[2023-01-09 12:07:12.318] [nas] [info] UE switches to state [MM-DEREGISTER-INITIATED]
[2023-01-09 12:07:12.357] [nas] [debug] De-registration accept received
[2023-01-09 12:07:12.357] [nas] [info] UE switches to state [MM-DEREGISTERED/PS]
[2023-01-09 12:07:12.357] [nas] [info] De-registration is successful
[2023-01-09 12:07:12.357] [nas] [info] UE switches to state [MM-DEREGISTERED/NORMAL-SERVICE]
[2023-01-09 12:07:12.357] [nas] [debug] Initial registration required due to [MM-DEREG-NORMAL-SERVICE]
[2023-01-09 12:07:12.357] [nas] [debug] Sending Initial Registration
[2023-01-09 12:07:12.357] [nas] [debug] Deleting NAS security context
[2023-01-09 12:07:12.357] [nas] [info] UE switches to state [MM-REGISTER-INITIATED]
[2023-01-09 12:07:12.358] [rrc] [debug] RRC Release received
[2023-01-09 12:07:12.358] [nas] [info] UE switches to state [CM-IDLE]
[2023-01-09 12:07:12.358] [nas] [info] UE switches to state [MM-DEREGISTERED/PS]
[2023-01-09 12:07:12.358] [nas] [info] UE switches to state [5U2-NOT-UPDATED]
[2023-01-09 12:07:12.358] [nas] [info] UE switches to state [MM-DEREGISTERED/ATTEMPTING-REGISTRATION]
[2023-01-09 12:07:23.268] [nas] [debug] NAS timer[3511] expired [1]
[2023-01-09 12:07:23.268] [nas] [debug] Initial registration required due to [T3511-EXPIRY-IN-ATT-REG]
[2023-01-09 12:07:23.268] [nas] [debug] UAC access attempt is allowed for identity[0], category[MO_sig]
[2023-01-09 12:07:23.268] [nas] [debug] Sending Initial Registration
[2023-01-09 12:07:23.268] [nas] [info] UE switches to state [MM-REGISTER-INITIATED]
[2023-01-09 12:07:23.268] [rrc] [debug] Sending RRC Setup Request
[2023-01-09 12:07:23.268] [rrc] [info] RRC connection established
[2023-01-09 12:07:23.268] [rrc] [info] UE switches to state [RRC-CONNECTED]
[2023-01-09 12:07:23.268] [nas] [info] UE switches to state [CM-CONNECTED]
[2023-01-09 12:07:23.499] [nas] [debug] Authentication Request received
[2023-01-09 12:07:23.518] [nas] [debug] Security Mode Command received
[2023-01-09 12:07:23.518] [nas] [debug] Selected integrity[2] ciphering[0]
[2023-01-09 12:07:23.746] [nas] [debug] Registration accept received
[2023-01-09 12:07:23.746] [nas] [info] UE switches to state [MM-REGISTERED/NORMAL-SERVICE]
[2023-01-09 12:07:23.746] [nas] [info] UE switches to state [5U1-UPDATED]
[2023-01-09 12:07:23.746] [nas] [debug] Sending Registration Complete
[2023-01-09 12:07:23.746] [nas] [info] Initial Registration is successful
[2023-01-09 12:07:23.746] [nas] [debug] Sending PDU Session Establishment Request
[2023-01-09 12:07:23.746] [nas] [debug] UAC access attempt is allowed for identity[0], category[MO_sig]
[2023-01-09 12:07:23.984] [nas] [debug] PDU Session Establishment Accept received
[2023-01-09 12:07:23.984] [nas] [info] PDU Session establishment is successful PSI[1]
[2023-01-09 12:07:24.060] [app] [info] Connection setup for PDU session[1] is successful, TUN interface[uesimtun116, 10.60.2.255] is up.
[2023-01-09 12:07:43.375] [nas] [debug] Sending PDU Session Establishment Request
[2023-01-09 12:07:43.478] [nas] [error] No response from RRC from UAC checks, considering access attempt is barred
[2023-01-09 12:08:00.309] [nas] [warning] Retransmitting PDU Session Establishment Request due to T3580 expiry
[2023-01-09 12:08:00.309] [nas] [debug] UAC access attempt is allowed for identity[0], category[MO_sig]
[2023-01-09 12:08:00.561] [nas] [debug] PDU Session Establishment Accept received
[2023-01-09 12:08:00.561] [nas] [info] PDU Session establishment is successful PSI[2]
[2023-01-09 12:08:00.787] [app] [info] Connection setup for PDU session[2] is successful, TUN interface[uesimtun112, 10.60.3.91] is up.
[2023-01-09 12:08:14.589] [nas] [warning] PDU session release procedure could not start: PS[3] is not active already
[2023-01-09 12:08:24.642] [nas] [debug] De-registration required due to [NORMAL]
[2023-01-09 12:08:24.650] [nas] [debug] Starting de-registration procedure due to [NORMAL]
[2023-01-09 12:08:24.650] [nas] [debug] Performing local release of PDU session[1]
[2023-01-09 12:08:24.650] [nas] [debug] Performing local release of PDU session[2]
[2023-01-09 12:08:24.650] [nas] [info] UE switches to state [MM-DEREGISTER-INITIATED]
[2023-01-09 12:08:24.733] [rrc] [debug] RRC Release received
[2023-01-09 12:08:24.733] [nas] [debug] De-registration accept received
[2023-01-09 12:08:24.733] [nas] [info] UE switches to state [MM-DEREGISTERED/PS]
[2023-01-09 12:08:24.733] [nas] [info] De-registration is successful
[2023-01-09 12:08:24.733] [nas] [info] UE switches to state [CM-IDLE]
[2023-01-09 12:08:24.733] [nas] [info] UE switches to state [MM-DEREGISTERED/NORMAL-SERVICE]
[2023-01-09 12:08:24.733] [nas] [debug] Initial registration required due to [MM-DEREG-NORMAL-SERVICE]
[2023-01-09 12:08:24.737] [nas] [debug] UAC access attempt is allowed for identity[0], category[MO_sig]
[2023-01-09 12:08:24.737] [nas] [debug] Sending Initial Registration
[2023-01-09 12:08:24.737] [rrc] [debug] Sending RRC Setup Request
[2023-01-09 12:08:24.737] [nas] [debug] Deleting NAS security context
[2023-01-09 12:08:24.737] [nas] [info] UE switches to state [MM-REGISTER-INITIATED]
[2023-01-09 12:08:24.738] [rrc] [info] RRC connection established
[2023-01-09 12:08:24.738] [rrc] [info] UE switches to state [RRC-CONNECTED]
[2023-01-09 12:08:24.738] [nas] [info] UE switches to state [CM-CONNECTED]
[2023-01-09 12:08:24.967] [nas] [debug] Authentication Request received
[2023-01-09 12:08:24.986] [nas] [debug] Security Mode Command received
[2023-01-09 12:08:24.986] [nas] [debug] Selected integrity[2] ciphering[0]
[2023-01-09 12:08:25.019] [nas] [debug] Registration accept received
[2023-01-09 12:08:25.019] [nas] [info] UE switches to state [MM-REGISTERED/NORMAL-SERVICE]
[2023-01-09 12:08:25.019] [nas] [debug] Sending Registration Complete
[2023-01-09 12:08:25.019] [nas] [info] Initial Registration is successful
[2023-01-09 12:08:25.019] [nas] [debug] Sending PDU Session Establishment Request
[2023-01-09 12:08:25.022] [nas] [debug] UAC access attempt is allowed for identity[0], category[MO_sig]
[2023-01-09 12:08:25.262] [nas] [debug] PDU Session Establishment Accept received
[2023-01-09 12:08:25.262] [nas] [info] PDU Session establishment is successful PSI[1]
[2023-01-09 12:08:25.353] [app] [info] Connection setup for PDU session[1] is successful, TUN interface[uesimtun28, 10.60.3.153] is up.
[2023-01-09 12:08:52.703] [nas] [debug] Sending PDU Session Release Request for PSI[1]
[2023-01-09 12:08:52.719] [nas] [error] PDU Session Release Reject received [REQUEST_REJECTED_UNSPECIFIED]
[2023-01-09 12:08:52.719] [nas] [error] PS release reject received without being requested
[2023-01-09 12:08:52.719] [nas] [warning] Sending SM Cause[MESSAGE_TYPE_NOT_COMPATIBLE_WITH_THE_PROTOCOL_STATE] for PSI[1]
[2023-01-09 12:09:05.752] [nas] [debug] Sending PDU Session Establishment Request
[2023-01-09 12:09:05.853] [nas] [error] No response from RRC from UAC checks, considering access attempt is barred
[2023-01-09 12:09:22.401] [nas] [warning] Retransmitting PDU Session Establishment Request due to T3580 expiry
[2023-01-09 12:09:22.404] [nas] [debug] UAC access attempt is allowed for identity[0], category[MO_sig]
[2023-01-09 12:09:31.907] [nas] [debug] De-registration required due to [NORMAL]
[2023-01-09 12:09:31.917] [nas] [debug] Starting de-registration procedure due to [NORMAL]
[2023-01-09 12:09:31.917] [nas] [debug] Performing local release of PDU session[1]
[2023-01-09 12:09:31.917] [nas] [info] UE switches to state [MM-DEREGISTER-INITIATED]
[2023-01-09 12:09:38.422] [nas] [warning] Retransmitting PDU Session Establishment Request due to T3580 expiry
[2023-01-09 12:09:38.422] [nas] [debug] UAC access attempt is allowed for identity[0], category[MO_sig]
[2023-01-09 12:09:47.433] [nas] [debug] NAS timer[3521] expired [1]
[2023-01-09 12:09:47.433] [nas] [debug] Retransmitting De-registration Request due to T3521 expiry
[2023-01-09 12:09:54.440] [nas] [warning] Retransmitting PDU Session Establishment Request due to T3580 expiry
[2023-01-09 12:09:54.443] [nas] [debug] UAC access attempt is allowed for identity[0], category[MO_sig]
[2023-01-09 12:10:02.449] [nas] [debug] NAS timer[3521] expired [2]
[2023-01-09 12:10:02.449] [nas] [debug] Retransmitting De-registration Request due to T3521 expiry
