UERANSIM v3.2.6
[2023-01-09 12:03:26.023] [nas] [info] UE switches to state [MM-DEREGISTERED/PLMN-SEARCH]
[2023-01-09 12:03:26.024] [rrc] [debug] New signal detected for cell[1], total [1] cells in coverage
[2023-01-09 12:03:26.029] [nas] [info] Selected plmn[208/93]
[2023-01-09 12:03:26.029] [rrc] [info] Selected cell plmn[208/93] tac[1] category[SUITABLE]
[2023-01-09 12:03:26.029] [nas] [info] UE switches to state [MM-DEREGISTERED/PS]
[2023-01-09 12:03:26.029] [nas] [info] UE switches to state [MM-DEREGISTERED/NORMAL-SERVICE]
[2023-01-09 12:03:26.029] [nas] [debug] Initial registration required due to [MM-DEREG-NORMAL-SERVICE]
[2023-01-09 12:03:26.029] [nas] [debug] UAC access attempt is allowed for identity[0], category[MO_sig]
[2023-01-09 12:03:26.029] [nas] [debug] Sending Initial Registration
[2023-01-09 12:03:26.029] [nas] [info] UE switches to state [MM-REGISTER-INITIATED]
[2023-01-09 12:03:26.029] [rrc] [debug] Sending RRC Setup Request
[2023-01-09 12:03:26.030] [rrc] [info] RRC connection established
[2023-01-09 12:03:26.030] [rrc] [info] UE switches to state [RRC-CONNECTED]
[2023-01-09 12:03:26.030] [nas] [info] UE switches to state [CM-CONNECTED]
[2023-01-09 12:03:26.045] [nas] [debug] Authentication Request received
[2023-01-09 12:03:26.055] [nas] [debug] Security Mode Command received
[2023-01-09 12:03:26.055] [nas] [debug] Selected integrity[2] ciphering[0]
[2023-01-09 12:03:26.080] [nas] [debug] Registration accept received
[2023-01-09 12:03:26.080] [nas] [info] UE switches to state [MM-REGISTERED/NORMAL-SERVICE]
[2023-01-09 12:03:26.080] [nas] [debug] Sending Registration Complete
[2023-01-09 12:03:26.080] [nas] [info] Initial Registration is successful
[2023-01-09 12:03:26.080] [nas] [debug] Sending PDU Session Establishment Request
[2023-01-09 12:03:26.080] [nas] [debug] UAC access attempt is allowed for identity[0], category[MO_sig]
[2023-01-09 12:03:26.316] [nas] [debug] PDU Session Establishment Accept received
[2023-01-09 12:03:26.316] [nas] [info] PDU Session establishment is successful PSI[1]
[2023-01-09 12:03:26.356] [app] [info] Connection setup for PDU session[1] is successful, TUN interface[uesimtun73, 10.60.0.74] is up.
[2023-01-09 12:03:54.772] [nas] [warning] PDU session release procedure could not start: PS[2] is not active already
[2023-01-09 12:04:08.854] [nas] [debug] De-registration required due to [NORMAL]
[2023-01-09 12:04:08.864] [nas] [debug] Starting de-registration procedure due to [NORMAL]
[2023-01-09 12:04:08.864] [nas] [debug] Performing local release of PDU session[1]
[2023-01-09 12:04:08.864] [nas] [info] UE switches to state [MM-DEREGISTER-INITIATED]
[2023-01-09 12:04:08.874] [nas] [debug] De-registration accept received
[2023-01-09 12:04:08.874] [nas] [info] UE switches to state [MM-DEREGISTERED/PS]
[2023-01-09 12:04:08.874] [nas] [info] De-registration is successful
[2023-01-09 12:04:08.874] [nas] [info] UE switches to state [MM-DEREGISTERED/NORMAL-SERVICE]
[2023-01-09 12:04:08.874] [nas] [debug] Initial registration required due to [MM-DEREG-NORMAL-SERVICE]
[2023-01-09 12:04:08.874] [nas] [debug] Sending Initial Registration
[2023-01-09 12:04:08.874] [nas] [debug] Deleting NAS security context
[2023-01-09 12:04:08.874] [nas] [info] UE switches to state [MM-REGISTER-INITIATED]
[2023-01-09 12:04:08.878] [rrc] [debug] RRC Release received
[2023-01-09 12:04:08.878] [nas] [info] UE switches to state [CM-IDLE]
[2023-01-09 12:04:08.878] [nas] [info] UE switches to state [MM-DEREGISTERED/PS]
[2023-01-09 12:04:08.878] [nas] [info] UE switches to state [5U2-NOT-UPDATED]
[2023-01-09 12:04:08.878] [nas] [info] UE switches to state [MM-DEREGISTERED/ATTEMPTING-REGISTRATION]
[2023-01-09 12:04:19.099] [nas] [debug] NAS timer[3511] expired [1]
[2023-01-09 12:04:19.099] [nas] [debug] Initial registration required due to [T3511-EXPIRY-IN-ATT-REG]
[2023-01-09 12:04:19.109] [nas] [debug] UAC access attempt is allowed for identity[0], category[MO_sig]
[2023-01-09 12:04:19.109] [nas] [debug] Sending Initial Registration
[2023-01-09 12:04:19.109] [rrc] [debug] Sending RRC Setup Request
[2023-01-09 12:04:19.109] [nas] [info] UE switches to state [MM-REGISTER-INITIATED]
[2023-01-09 12:04:19.110] [rrc] [info] RRC connection established
[2023-01-09 12:04:19.110] [rrc] [info] UE switches to state [RRC-CONNECTED]
[2023-01-09 12:04:19.110] [nas] [info] UE switches to state [CM-CONNECTED]
[2023-01-09 12:04:19.263] [nas] [debug] Authentication Request received
[2023-01-09 12:04:19.324] [nas] [debug] Security Mode Command received
[2023-01-09 12:04:19.324] [nas] [debug] Selected integrity[2] ciphering[0]
[2023-01-09 12:04:19.394] [nas] [debug] Registration accept received
[2023-01-09 12:04:19.394] [nas] [info] UE switches to state [MM-REGISTERED/NORMAL-SERVICE]
[2023-01-09 12:04:19.394] [nas] [info] UE switches to state [5U1-UPDATED]
[2023-01-09 12:04:19.394] [nas] [debug] Sending Registration Complete
[2023-01-09 12:04:19.394] [nas] [info] Initial Registration is successful
[2023-01-09 12:04:19.394] [nas] [debug] Sending PDU Session Establishment Request
[2023-01-09 12:04:19.397] [nas] [debug] UAC access attempt is allowed for identity[0], category[MO_sig]
[2023-01-09 12:04:19.500] [nas] [debug] PDU Session Establishment Accept received
[2023-01-09 12:04:19.500] [nas] [info] PDU Session establishment is successful PSI[1]
[2023-01-09 12:04:19.596] [app] [info] Connection setup for PDU session[1] is successful, TUN interface[uesimtun74, 10.60.0.232] is up.
[2023-01-09 12:04:36.936] [nas] [debug] Sending PDU Session Release Request for PSI[1]
[2023-01-09 12:04:37.142] [nas] [debug] PDU Session Release Command received
[2023-01-09 12:04:37.142] [nas] [debug] Performing local release of PDU session[1]
[2023-01-09 12:04:37.607] [nas] [debug] Sending PDU Session Establishment Request
[2023-01-09 12:04:37.607] [nas] [debug] UAC access attempt is allowed for identity[0], category[MO_sig]
[2023-01-09 12:04:37.777] [nas] [debug] PDU Session Establishment Accept received
[2023-01-09 12:04:37.777] [nas] [info] PDU Session establishment is successful PSI[1]
[2023-01-09 12:04:37.890] [app] [info] Connection setup for PDU session[1] is successful, TUN interface[uesimtun4, 10.60.1.42] is up.
[2023-01-09 12:04:46.971] [nas] [debug] Sending PDU Session Establishment Request
[2023-01-09 12:04:47.073] [nas] [error] No response from RRC from UAC checks, considering access attempt is barred
[2023-01-09 12:05:03.164] [nas] [warning] Retransmitting PDU Session Establishment Request due to T3580 expiry
[2023-01-09 12:05:03.164] [nas] [debug] UAC access attempt is allowed for identity[0], category[MO_sig]
[2023-01-09 12:05:03.381] [nas] [debug] PDU Session Establishment Accept received
[2023-01-09 12:05:03.381] [nas] [info] PDU Session establishment is successful PSI[2]
[2023-01-09 12:05:03.501] [app] [info] Connection setup for PDU session[2] is successful, TUN interface[uesimtun102, 10.60.1.129] is up.
[2023-01-09 12:05:12.118] [nas] [debug] De-registration required due to [NORMAL]
[2023-01-09 12:05:12.128] [nas] [debug] Starting de-registration procedure due to [NORMAL]
[2023-01-09 12:05:12.128] [nas] [debug] Performing local release of PDU session[1]
[2023-01-09 12:05:12.128] [nas] [debug] Performing local release of PDU session[2]
[2023-01-09 12:05:12.128] [nas] [info] UE switches to state [MM-DEREGISTER-INITIATED]
[2023-01-09 12:05:12.151] [nas] [debug] De-registration accept received
[2023-01-09 12:05:12.151] [nas] [info] UE switches to state [MM-DEREGISTERED/PS]
[2023-01-09 12:05:12.151] [nas] [info] De-registration is successful
[2023-01-09 12:05:12.151] [nas] [info] UE switches to state [MM-DEREGISTERED/NORMAL-SERVICE]
[2023-01-09 12:05:12.151] [nas] [debug] Initial registration required due to [MM-DEREG-NORMAL-SERVICE]
[2023-01-09 12:05:12.151] [nas] [debug] Sending Initial Registration
[2023-01-09 12:05:12.151] [nas] [debug] Deleting NAS security context
[2023-01-09 12:05:12.151] [nas] [info] UE switches to state [MM-REGISTER-INITIATED]
[2023-01-09 12:05:12.156] [rrc] [debug] RRC Release received
[2023-01-09 12:05:12.156] [nas] [info] UE switches to state [CM-IDLE]
[2023-01-09 12:05:12.156] [nas] [info] UE switches to state [MM-DEREGISTERED/PS]
[2023-01-09 12:05:12.156] [nas] [info] UE switches to state [5U2-NOT-UPDATED]
[2023-01-09 12:05:12.156] [nas] [info] UE switches to state [MM-DEREGISTERED/ATTEMPTING-REGISTRATION]
[2023-01-09 12:05:22.184] [nas] [debug] NAS timer[3511] expired [1]
[2023-01-09 12:05:22.184] [nas] [debug] Initial registration required due to [T3511-EXPIRY-IN-ATT-REG]
[2023-01-09 12:05:22.186] [nas] [debug] UAC access attempt is allowed for identity[0], category[MO_sig]
[2023-01-09 12:05:22.186] [nas] [debug] Sending Initial Registration
[2023-01-09 12:05:22.187] [rrc] [debug] Sending RRC Setup Request
[2023-01-09 12:05:22.187] [nas] [info] UE switches to state [MM-REGISTER-INITIATED]
[2023-01-09 12:05:22.187] [rrc] [info] RRC connection established
[2023-01-09 12:05:22.187] [rrc] [info] UE switches to state [RRC-CONNECTED]
[2023-01-09 12:05:22.187] [nas] [info] UE switches to state [CM-CONNECTED]
[2023-01-09 12:05:22.544] [nas] [debug] Authentication Request received
[2023-01-09 12:05:22.563] [nas] [debug] Security Mode Command received
[2023-01-09 12:05:22.563] [nas] [debug] Selected integrity[2] ciphering[0]
[2023-01-09 12:05:22.800] [nas] [debug] Registration accept received
[2023-01-09 12:05:22.800] [nas] [info] UE switches to state [MM-REGISTERED/NORMAL-SERVICE]
[2023-01-09 12:05:22.800] [nas] [info] UE switches to state [5U1-UPDATED]
[2023-01-09 12:05:22.800] [nas] [debug] Sending Registration Complete
[2023-01-09 12:05:22.800] [nas] [info] Initial Registration is successful
[2023-01-09 12:05:22.800] [nas] [debug] Sending PDU Session Establishment Request
[2023-01-09 12:05:22.812] [nas] [debug] UAC access attempt is allowed for identity[0], category[MO_sig]
[2023-01-09 12:05:22.907] [nas] [debug] PDU Session Establishment Accept received
[2023-01-09 12:05:22.907] [nas] [info] PDU Session establishment is successful PSI[1]
[2023-01-09 12:05:23.094] [app] [info] Connection setup for PDU session[1] is successful, TUN interface[uesimtun1, 10.60.1.186] is up.
[2023-01-09 12:05:40.259] [nas] [warning] PDU session release procedure could not start: PS[2] is not active already
[2023-01-09 12:05:46.365] [nas] [warning] PDU session release procedure could not start: PS[2] is not active already
[2023-01-09 12:06:00.414] [nas] [debug] Sending PDU Session Establishment Request
[2023-01-09 12:06:00.515] [nas] [error] No response from RRC from UAC checks, considering access attempt is barred
[2023-01-09 12:06:17.251] [nas] [warning] Retransmitting PDU Session Establishment Request due to T3580 expiry
[2023-01-09 12:06:17.252] [nas] [debug] UAC access attempt is allowed for identity[0], category[MO_sig]
[2023-01-09 12:06:17.538] [nas] [debug] PDU Session Establishment Accept received
[2023-01-09 12:06:17.538] [nas] [info] PDU Session establishment is successful PSI[2]
[2023-01-09 12:06:17.710] [app] [info] Connection setup for PDU session[2] is successful, TUN interface[uesimtun104, 10.60.2.73] is up.
[2023-01-09 12:06:31.660] [nas] [debug] Sending PDU Session Release Request for PSI[1]
[2023-01-09 12:06:31.660] [nas] [debug] Sending PDU Session Release Request for PSI[2]
[2023-01-09 12:06:31.738] [nas] [debug] PDU Session Release Command received
[2023-01-09 12:06:31.738] [nas] [debug] Performing local release of PDU session[1]
[2023-01-09 12:06:31.738] [nas] [error] PDU Session Release Reject received [REQUEST_REJECTED_UNSPECIFIED]
[2023-01-09 12:06:31.738] [nas] [error] PS release reject received without being requested
[2023-01-09 12:06:31.738] [nas] [warning] Sending SM Cause[MESSAGE_TYPE_NOT_COMPATIBLE_WITH_THE_PROTOCOL_STATE] for PSI[2]
[2023-01-09 12:06:44.705] [nas] [debug] De-registration required due to [NORMAL]
[2023-01-09 12:06:44.716] [nas] [debug] Starting de-registration procedure due to [NORMAL]
[2023-01-09 12:06:44.716] [nas] [debug] Performing local release of PDU session[2]
[2023-01-09 12:06:44.716] [nas] [info] UE switches to state [MM-DEREGISTER-INITIATED]
[2023-01-09 12:06:44.908] [nas] [debug] De-registration accept received
[2023-01-09 12:06:44.908] [nas] [info] UE switches to state [MM-DEREGISTERED/PS]
[2023-01-09 12:06:44.908] [nas] [info] De-registration is successful
[2023-01-09 12:06:44.908] [nas] [info] UE switches to state [MM-DEREGISTERED/NORMAL-SERVICE]
[2023-01-09 12:06:44.908] [nas] [debug] Initial registration required due to [MM-DEREG-NORMAL-SERVICE]
[2023-01-09 12:06:44.908] [nas] [debug] Sending Initial Registration
[2023-01-09 12:06:44.908] [nas] [debug] Deleting NAS security context
[2023-01-09 12:06:44.908] [nas] [info] UE switches to state [MM-REGISTER-INITIATED]
[2023-01-09 12:06:44.909] [rrc] [debug] RRC Release received
[2023-01-09 12:06:44.909] [nas] [info] UE switches to state [CM-IDLE]
[2023-01-09 12:06:44.909] [nas] [info] UE switches to state [MM-DEREGISTERED/PS]
[2023-01-09 12:06:44.909] [nas] [info] UE switches to state [5U2-NOT-UPDATED]
[2023-01-09 12:06:44.909] [nas] [info] UE switches to state [MM-DEREGISTERED/ATTEMPTING-REGISTRATION]
[2023-01-09 12:06:55.290] [nas] [debug] NAS timer[3511] expired [1]
[2023-01-09 12:06:55.290] [nas] [debug] Initial registration required due to [T3511-EXPIRY-IN-ATT-REG]
[2023-01-09 12:06:55.291] [nas] [debug] UAC access attempt is allowed for identity[0], category[MO_sig]
[2023-01-09 12:06:55.292] [nas] [debug] Sending Initial Registration
[2023-01-09 12:06:55.292] [nas] [info] UE switches to state [MM-REGISTER-INITIATED]
[2023-01-09 12:06:55.292] [rrc] [debug] Sending RRC Setup Request
[2023-01-09 12:06:55.292] [rrc] [info] RRC connection established
[2023-01-09 12:06:55.292] [rrc] [info] UE switches to state [RRC-CONNECTED]
[2023-01-09 12:06:55.292] [nas] [info] UE switches to state [CM-CONNECTED]
[2023-01-09 12:06:55.548] [nas] [debug] Authentication Request received
[2023-01-09 12:06:55.573] [nas] [debug] Security Mode Command received
[2023-01-09 12:06:55.573] [nas] [debug] Selected integrity[2] ciphering[0]
[2023-01-09 12:06:55.655] [nas] [debug] Registration accept received
[2023-01-09 12:06:55.655] [nas] [info] UE switches to state [MM-REGISTERED/NORMAL-SERVICE]
[2023-01-09 12:06:55.655] [nas] [info] UE switches to state [5U1-UPDATED]
[2023-01-09 12:06:55.655] [nas] [debug] Sending Registration Complete
[2023-01-09 12:06:55.655] [nas] [info] Initial Registration is successful
[2023-01-09 12:06:55.655] [nas] [debug] Sending PDU Session Establishment Request
[2023-01-09 12:06:55.656] [nas] [debug] UAC access attempt is allowed for identity[0], category[MO_sig]
[2023-01-09 12:06:55.772] [nas] [debug] PDU Session Establishment Accept received
[2023-01-09 12:06:55.772] [nas] [info] PDU Session establishment is successful PSI[1]
[2023-01-09 12:06:55.902] [app] [info] Connection setup for PDU session[1] is successful, TUN interface[uesimtun104, 10.60.2.184] is up.
[2023-01-09 12:07:13.861] [nas] [debug] Sending PDU Session Release Request for PSI[1]
[2023-01-09 12:07:14.015] [nas] [error] PDU Session Release Reject received [REQUEST_REJECTED_UNSPECIFIED]
[2023-01-09 12:07:14.015] [nas] [error] PS release reject received without being requested
[2023-01-09 12:07:14.015] [nas] [warning] Sending SM Cause[MESSAGE_TYPE_NOT_COMPATIBLE_WITH_THE_PROTOCOL_STATE] for PSI[1]
[2023-01-09 12:07:24.912] [nas] [debug] Sending PDU Session Release Request for PSI[1]
[2023-01-09 12:07:24.961] [nas] [error] PDU Session Release Reject received [REQUEST_REJECTED_UNSPECIFIED]
[2023-01-09 12:07:24.961] [nas] [error] PS release reject received without being requested
[2023-01-09 12:07:24.961] [nas] [warning] Sending SM Cause[MESSAGE_TYPE_NOT_COMPATIBLE_WITH_THE_PROTOCOL_STATE] for PSI[1]
[2023-01-09 12:07:30.988] [nas] [debug] Sending PDU Session Release Request for PSI[1]
[2023-01-09 12:07:31.082] [nas] [error] PDU Session Release Reject received [REQUEST_REJECTED_UNSPECIFIED]
[2023-01-09 12:07:31.082] [nas] [error] PS release reject received without being requested
[2023-01-09 12:07:31.082] [nas] [warning] Sending SM Cause[MESSAGE_TYPE_NOT_COMPATIBLE_WITH_THE_PROTOCOL_STATE] for PSI[1]
[2023-01-09 12:07:45.032] [nas] [warning] PDU session release procedure could not start: PS[2] is not active already
[2023-01-09 12:07:52.092] [nas] [warning] PDU session release procedure could not start: PS[2] is not active already
[2023-01-09 12:08:00.158] [nas] [warning] PDU session release procedure could not start: PS[2] is not active already
[2023-01-09 12:08:06.189] [nas] [debug] Sending PDU Session Release Request for PSI[1]
[2023-01-09 12:08:07.313] [nas] [error] PDU Session Release Reject received [REQUEST_REJECTED_UNSPECIFIED]
[2023-01-09 12:08:07.313] [nas] [error] PS release reject received without being requested
[2023-01-09 12:08:07.313] [nas] [warning] Sending SM Cause[MESSAGE_TYPE_NOT_COMPATIBLE_WITH_THE_PROTOCOL_STATE] for PSI[1]
[2023-01-09 12:08:18.286] [nas] [debug] Sending PDU Session Release Request for PSI[1]
[2023-01-09 12:08:18.301] [nas] [error] PDU Session Release Reject received [REQUEST_REJECTED_UNSPECIFIED]
[2023-01-09 12:08:18.301] [nas] [error] PS release reject received without being requested
[2023-01-09 12:08:18.301] [nas] [warning] Sending SM Cause[MESSAGE_TYPE_NOT_COMPATIBLE_WITH_THE_PROTOCOL_STATE] for PSI[1]
[2023-01-09 12:08:33.373] [nas] [warning] PDU session release procedure could not start: PS[2] is not active already
[2023-01-09 12:08:47.444] [nas] [debug] Sending PDU Session Release Request for PSI[1]
[2023-01-09 12:08:47.597] [nas] [error] PDU Session Release Reject received [REQUEST_REJECTED_UNSPECIFIED]
[2023-01-09 12:08:47.597] [nas] [error] PS release reject received without being requested
[2023-01-09 12:08:47.597] [nas] [warning] Sending SM Cause[MESSAGE_TYPE_NOT_COMPATIBLE_WITH_THE_PROTOCOL_STATE] for PSI[1]
[2023-01-09 12:08:56.479] [nas] [debug] De-registration required due to [NORMAL]
[2023-01-09 12:08:56.489] [nas] [debug] Starting de-registration procedure due to [NORMAL]
[2023-01-09 12:08:56.489] [nas] [debug] Performing local release of PDU session[1]
[2023-01-09 12:08:56.489] [nas] [info] UE switches to state [MM-DEREGISTER-INITIATED]
[2023-01-09 12:08:56.584] [nas] [debug] De-registration accept received
[2023-01-09 12:08:56.584] [nas] [info] UE switches to state [MM-DEREGISTERED/PS]
[2023-01-09 12:08:56.584] [nas] [info] De-registration is successful
[2023-01-09 12:08:56.584] [nas] [info] UE switches to state [MM-DEREGISTERED/NORMAL-SERVICE]
[2023-01-09 12:08:56.584] [nas] [debug] Initial registration required due to [MM-DEREG-NORMAL-SERVICE]
[2023-01-09 12:08:56.584] [nas] [debug] Sending Initial Registration
[2023-01-09 12:08:56.584] [nas] [debug] Deleting NAS security context
[2023-01-09 12:08:56.584] [nas] [info] UE switches to state [MM-REGISTER-INITIATED]
[2023-01-09 12:08:56.584] [rrc] [debug] RRC Release received
[2023-01-09 12:08:56.584] [nas] [info] UE switches to state [CM-IDLE]
[2023-01-09 12:08:56.584] [nas] [info] UE switches to state [MM-DEREGISTERED/PS]
[2023-01-09 12:08:56.584] [nas] [info] UE switches to state [5U2-NOT-UPDATED]
[2023-01-09 12:08:56.584] [nas] [info] UE switches to state [MM-DEREGISTERED/ATTEMPTING-REGISTRATION]
[2023-01-09 12:09:07.460] [nas] [debug] NAS timer[3511] expired [1]
[2023-01-09 12:09:07.460] [nas] [debug] Initial registration required due to [T3511-EXPIRY-IN-ATT-REG]
[2023-01-09 12:09:07.460] [nas] [debug] UAC access attempt is allowed for identity[0], category[MO_sig]
[2023-01-09 12:09:07.460] [nas] [debug] Sending Initial Registration
[2023-01-09 12:09:07.460] [nas] [info] UE switches to state [MM-REGISTER-INITIATED]
[2023-01-09 12:09:07.460] [rrc] [debug] Sending RRC Setup Request
[2023-01-09 12:09:07.460] [rrc] [info] RRC connection established
[2023-01-09 12:09:07.460] [rrc] [info] UE switches to state [RRC-CONNECTED]
[2023-01-09 12:09:07.460] [nas] [info] UE switches to state [CM-CONNECTED]
[2023-01-09 12:09:22.475] [nas] [debug] NAS timer[3510] expired [1]
[2023-01-09 12:09:22.475] [nas] [info] UE switches to state [MM-DEREGISTERED/PS]
[2023-01-09 12:09:22.475] [nas] [info] Performing local release of NAS connection
[2023-01-09 12:09:22.475] [nas] [info] UE switches to state [MM-DEREGISTERED/ATTEMPTING-REGISTRATION]
[2023-01-09 12:09:22.475] [rrc] [info] UE switches to state [RRC-IDLE]
[2023-01-09 12:09:22.475] [nas] [info] UE switches to state [CM-IDLE]
[2023-01-09 12:09:27.600] [nas] [debug] De-registration required due to [NORMAL]
[2023-01-09 12:09:27.610] [nas] [warning] De-registration could not be triggered. UE is already de-registered
[2023-01-09 12:09:32.485] [nas] [debug] NAS timer[3511] expired [1]
[2023-01-09 12:09:32.485] [nas] [debug] Initial registration required due to [T3511-EXPIRY-IN-ATT-REG]
[2023-01-09 12:09:32.487] [nas] [debug] UAC access attempt is allowed for identity[0], category[MO_sig]
[2023-01-09 12:09:32.487] [nas] [debug] Sending Initial Registration
[2023-01-09 12:09:32.487] [rrc] [debug] Sending RRC Setup Request
[2023-01-09 12:09:32.487] [rrc] [info] RRC connection established
[2023-01-09 12:09:32.487] [rrc] [info] UE switches to state [RRC-CONNECTED]
[2023-01-09 12:09:32.488] [nas] [info] UE switches to state [MM-REGISTER-INITIATED]
[2023-01-09 12:09:32.488] [nas] [info] UE switches to state [CM-CONNECTED]
[2023-01-09 12:09:47.501] [nas] [debug] NAS timer[3510] expired [1]
[2023-01-09 12:09:47.501] [nas] [info] UE switches to state [MM-DEREGISTERED/PS]
[2023-01-09 12:09:47.501] [nas] [info] Performing local release of NAS connection
[2023-01-09 12:09:47.501] [nas] [info] UE switches to state [MM-DEREGISTERED/ATTEMPTING-REGISTRATION]
[2023-01-09 12:09:47.501] [rrc] [info] UE switches to state [RRC-IDLE]
[2023-01-09 12:09:47.501] [nas] [info] UE switches to state [CM-IDLE]
[2023-01-09 12:09:53.661] [nas] [debug] De-registration required due to [NORMAL]
[2023-01-09 12:09:53.670] [nas] [warning] De-registration could not be triggered. UE is already de-registered
[2023-01-09 12:09:57.511] [nas] [debug] NAS timer[3511] expired [1]
[2023-01-09 12:09:57.511] [nas] [debug] Initial registration required due to [T3511-EXPIRY-IN-ATT-REG]
[2023-01-09 12:09:57.511] [nas] [debug] UAC access attempt is allowed for identity[0], category[MO_sig]
[2023-01-09 12:09:57.511] [nas] [debug] Sending Initial Registration
[2023-01-09 12:09:57.512] [nas] [info] UE switches to state [MM-REGISTER-INITIATED]
[2023-01-09 12:09:57.512] [rrc] [debug] Sending RRC Setup Request
[2023-01-09 12:09:57.512] [rrc] [info] RRC connection established
[2023-01-09 12:09:57.512] [rrc] [info] UE switches to state [RRC-CONNECTED]
[2023-01-09 12:09:57.512] [nas] [info] UE switches to state [CM-CONNECTED]
