UERANSIM v3.2.6
[2023-01-09 12:02:13.899] [nas] [info] UE switches to state [MM-DEREGISTERED/PLMN-SEARCH]
[2023-01-09 12:02:13.900] [rrc] [debug] New signal detected for cell[1], total [1] cells in coverage
[2023-01-09 12:02:13.900] [nas] [info] Selected plmn[208/93]
[2023-01-09 12:02:13.900] [rrc] [info] Selected cell plmn[208/93] tac[1] category[SUITABLE]
[2023-01-09 12:02:13.900] [nas] [info] UE switches to state [MM-DEREGISTERED/PS]
[2023-01-09 12:02:13.900] [nas] [info] UE switches to state [MM-DEREGISTERED/NORMAL-SERVICE]
[2023-01-09 12:02:13.900] [nas] [debug] Initial registration required due to [MM-DEREG-NORMAL-SERVICE]
[2023-01-09 12:02:13.901] [nas] [debug] UAC access attempt is allowed for identity[0], category[MO_sig]
[2023-01-09 12:02:13.901] [nas] [debug] Sending Initial Registration
[2023-01-09 12:02:13.902] [nas] [info] UE switches to state [MM-REGISTER-INITIATED]
[2023-01-09 12:02:13.902] [rrc] [debug] Sending RRC Setup Request
[2023-01-09 12:02:13.902] [rrc] [info] RRC connection established
[2023-01-09 12:02:13.902] [rrc] [info] UE switches to state [RRC-CONNECTED]
[2023-01-09 12:02:13.902] [nas] [info] UE switches to state [CM-CONNECTED]
[2023-01-09 12:02:13.918] [nas] [debug] Authentication Request received
[2023-01-09 12:02:13.924] [nas] [debug] Security Mode Command received
[2023-01-09 12:02:13.924] [nas] [debug] Selected integrity[2] ciphering[0]
[2023-01-09 12:02:13.952] [nas] [debug] Registration accept received
[2023-01-09 12:02:13.953] [nas] [info] UE switches to state [MM-REGISTERED/NORMAL-SERVICE]
[2023-01-09 12:02:13.953] [nas] [debug] Sending Registration Complete
[2023-01-09 12:02:13.953] [nas] [info] Initial Registration is successful
[2023-01-09 12:02:13.953] [nas] [debug] Sending PDU Session Establishment Request
[2023-01-09 12:02:13.954] [nas] [debug] UAC access attempt is allowed for identity[0], category[MO_sig]
[2023-01-09 12:02:14.188] [nas] [debug] PDU Session Establishment Accept received
[2023-01-09 12:02:14.188] [nas] [info] PDU Session establishment is successful PSI[1]
[2023-01-09 12:02:14.218] [app] [info] Connection setup for PDU session[1] is successful, TUN interface[uesimtun2, 10.60.0.3] is up.
[2023-01-09 12:03:53.741] [nas] [warning] PDU session release procedure could not start: PS[2] is not active already
[2023-01-09 12:04:04.858] [nas] [debug] Sending PDU Session Release Request for PSI[1]
[2023-01-09 12:04:04.877] [nas] [debug] PDU Session Release Command received
[2023-01-09 12:04:04.877] [nas] [debug] Performing local release of PDU session[1]
[2023-01-09 12:04:05.115] [nas] [debug] Sending PDU Session Establishment Request
[2023-01-09 12:04:05.115] [nas] [debug] UAC access attempt is allowed for identity[0], category[MO_sig]
[2023-01-09 12:04:05.169] [nas] [debug] PDU Session Establishment Accept received
[2023-01-09 12:04:05.169] [nas] [info] PDU Session establishment is successful PSI[1]
[2023-01-09 12:04:05.285] [app] [info] Connection setup for PDU session[1] is successful, TUN interface[uesimtun2, 10.60.0.163] is up.
[2023-01-09 12:04:19.931] [nas] [debug] Sending PDU Session Release Request for PSI[1]
[2023-01-09 12:04:20.043] [nas] [debug] PDU Session Release Command received
[2023-01-09 12:04:20.043] [nas] [debug] Performing local release of PDU session[1]
[2023-01-09 12:04:20.165] [nas] [debug] Sending PDU Session Establishment Request
[2023-01-09 12:04:20.180] [nas] [debug] UAC access attempt is allowed for identity[0], category[MO_sig]
[2023-01-09 12:04:20.323] [nas] [debug] PDU Session Establishment Accept received
[2023-01-09 12:04:20.323] [nas] [info] PDU Session establishment is successful PSI[1]
[2023-01-09 12:04:20.400] [app] [info] Connection setup for PDU session[1] is successful, TUN interface[uesimtun112, 10.60.0.240] is up.
[2023-01-09 12:04:35.023] [nas] [debug] Sending PDU Session Release Request for PSI[1]
[2023-01-09 12:04:35.070] [nas] [debug] PDU Session Release Command received
[2023-01-09 12:04:35.070] [nas] [debug] Performing local release of PDU session[1]
[2023-01-09 12:04:35.397] [nas] [debug] Sending PDU Session Establishment Request
[2023-01-09 12:04:35.401] [nas] [debug] UAC access attempt is allowed for identity[0], category[MO_sig]
[2023-01-09 12:04:35.547] [nas] [debug] PDU Session Establishment Accept received
[2023-01-09 12:04:35.547] [nas] [info] PDU Session establishment is successful PSI[1]
[2023-01-09 12:04:35.700] [app] [info] Connection setup for PDU session[1] is successful, TUN interface[uesimtun24, 10.60.1.33] is up.
[2023-01-09 12:04:50.061] [nas] [debug] Sending PDU Session Release Request for PSI[1]
[2023-01-09 12:04:50.213] [nas] [error] PDU Session Release Reject received [REQUEST_REJECTED_UNSPECIFIED]
[2023-01-09 12:04:50.213] [nas] [error] PS release reject received without being requested
[2023-01-09 12:04:50.213] [nas] [warning] Sending SM Cause[MESSAGE_TYPE_NOT_COMPATIBLE_WITH_THE_PROTOCOL_STATE] for PSI[1]
[2023-01-09 12:04:55.119] [nas] [warning] PDU session release procedure could not start: PS[2] is not active already
[2023-01-09 12:05:00.151] [nas] [debug] De-registration required due to [NORMAL]
[2023-01-09 12:05:00.161] [nas] [debug] Starting de-registration procedure due to [NORMAL]
[2023-01-09 12:05:00.161] [nas] [debug] Performing local release of PDU session[1]
[2023-01-09 12:05:00.161] [nas] [info] UE switches to state [MM-DEREGISTER-INITIATED]
[2023-01-09 12:05:00.258] [rrc] [debug] RRC Release received
[2023-01-09 12:05:00.258] [nas] [debug] De-registration accept received
[2023-01-09 12:05:00.258] [nas] [info] UE switches to state [MM-DEREGISTERED/PS]
[2023-01-09 12:05:00.258] [nas] [info] De-registration is successful
[2023-01-09 12:05:00.258] [nas] [info] UE switches to state [CM-IDLE]
[2023-01-09 12:05:00.258] [nas] [info] UE switches to state [MM-DEREGISTERED/NORMAL-SERVICE]
[2023-01-09 12:05:00.258] [nas] [debug] Initial registration required due to [MM-DEREG-NORMAL-SERVICE]
[2023-01-09 12:05:00.266] [nas] [debug] UAC access attempt is allowed for identity[0], category[MO_sig]
[2023-01-09 12:05:00.266] [nas] [debug] Sending Initial Registration
[2023-01-09 12:05:00.267] [nas] [debug] Deleting NAS security context
[2023-01-09 12:05:00.267] [nas] [info] UE switches to state [MM-REGISTER-INITIATED]
[2023-01-09 12:05:00.267] [rrc] [debug] Sending RRC Setup Request
[2023-01-09 12:05:00.271] [rrc] [info] RRC connection established
[2023-01-09 12:05:00.271] [rrc] [info] UE switches to state [RRC-CONNECTED]
[2023-01-09 12:05:00.271] [nas] [info] UE switches to state [CM-CONNECTED]
[2023-01-09 12:05:00.350] [nas] [debug] Authentication Request received
[2023-01-09 12:05:00.423] [nas] [debug] Security Mode Command received
[2023-01-09 12:05:00.423] [nas] [debug] Selected integrity[2] ciphering[0]
[2023-01-09 12:05:00.509] [nas] [debug] Registration accept received
[2023-01-09 12:05:00.509] [nas] [info] UE switches to state [MM-REGISTERED/NORMAL-SERVICE]
[2023-01-09 12:05:00.509] [nas] [debug] Sending Registration Complete
[2023-01-09 12:05:00.509] [nas] [info] Initial Registration is successful
[2023-01-09 12:05:00.509] [nas] [debug] Sending PDU Session Establishment Request
[2023-01-09 12:05:00.517] [nas] [debug] UAC access attempt is allowed for identity[0], category[MO_sig]
[2023-01-09 12:05:00.750] [nas] [debug] PDU Session Establishment Accept received
[2023-01-09 12:05:00.750] [nas] [info] PDU Session establishment is successful PSI[1]
[2023-01-09 12:05:00.827] [app] [info] Connection setup for PDU session[1] is successful, TUN interface[uesimtun61, 10.60.1.122] is up.
[2023-01-09 12:05:35.272] [nas] [debug] Sending PDU Session Release Request for PSI[1]
[2023-01-09 12:05:35.397] [nas] [error] PDU Session Release Reject received [REQUEST_REJECTED_UNSPECIFIED]
[2023-01-09 12:05:35.397] [nas] [error] PS release reject received without being requested
[2023-01-09 12:05:35.397] [nas] [warning] Sending SM Cause[MESSAGE_TYPE_NOT_COMPATIBLE_WITH_THE_PROTOCOL_STATE] for PSI[1]
[2023-01-09 12:05:44.349] [nas] [debug] De-registration required due to [NORMAL]
[2023-01-09 12:05:44.359] [nas] [debug] Starting de-registration procedure due to [NORMAL]
[2023-01-09 12:05:44.359] [nas] [debug] Performing local release of PDU session[1]
[2023-01-09 12:05:44.359] [nas] [info] UE switches to state [MM-DEREGISTER-INITIATED]
[2023-01-09 12:05:44.461] [rrc] [debug] RRC Release received
[2023-01-09 12:05:44.461] [nas] [debug] De-registration accept received
[2023-01-09 12:05:44.461] [nas] [info] UE switches to state [MM-DEREGISTERED/PS]
[2023-01-09 12:05:44.461] [nas] [info] De-registration is successful
[2023-01-09 12:05:44.461] [nas] [info] UE switches to state [CM-IDLE]
[2023-01-09 12:05:44.461] [nas] [info] UE switches to state [MM-DEREGISTERED/NORMAL-SERVICE]
[2023-01-09 12:05:44.461] [nas] [debug] Initial registration required due to [MM-DEREG-NORMAL-SERVICE]
[2023-01-09 12:05:44.464] [nas] [debug] UAC access attempt is allowed for identity[0], category[MO_sig]
[2023-01-09 12:05:44.464] [nas] [debug] Sending Initial Registration
[2023-01-09 12:05:44.464] [rrc] [debug] Sending RRC Setup Request
[2023-01-09 12:05:44.464] [nas] [debug] Deleting NAS security context
[2023-01-09 12:05:44.464] [nas] [info] UE switches to state [MM-REGISTER-INITIATED]
[2023-01-09 12:05:44.470] [rrc] [info] RRC connection established
[2023-01-09 12:05:44.470] [rrc] [info] UE switches to state [RRC-CONNECTED]
[2023-01-09 12:05:44.471] [nas] [info] UE switches to state [CM-CONNECTED]
[2023-01-09 12:05:44.537] [nas] [debug] Authentication Request received
[2023-01-09 12:05:44.600] [nas] [debug] Security Mode Command received
[2023-01-09 12:05:44.600] [nas] [debug] Selected integrity[2] ciphering[0]
[2023-01-09 12:05:44.634] [nas] [debug] Registration accept received
[2023-01-09 12:05:44.634] [nas] [info] UE switches to state [MM-REGISTERED/NORMAL-SERVICE]
[2023-01-09 12:05:44.634] [nas] [debug] Sending Registration Complete
[2023-01-09 12:05:44.634] [nas] [info] Initial Registration is successful
[2023-01-09 12:05:44.634] [nas] [debug] Sending PDU Session Establishment Request
[2023-01-09 12:05:44.638] [nas] [debug] UAC access attempt is allowed for identity[0], category[MO_sig]
[2023-01-09 12:05:44.880] [nas] [debug] PDU Session Establishment Accept received
[2023-01-09 12:05:44.880] [nas] [info] PDU Session establishment is successful PSI[1]
[2023-01-09 12:05:44.964] [app] [info] Connection setup for PDU session[1] is successful, TUN interface[uesimtun99, 10.60.1.251] is up.
[2023-01-09 12:06:10.408] [nas] [debug] Sending PDU Session Establishment Request
[2023-01-09 12:06:10.509] [nas] [error] No response from RRC from UAC checks, considering access attempt is barred
[2023-01-09 12:06:27.191] [nas] [warning] Retransmitting PDU Session Establishment Request due to T3580 expiry
[2023-01-09 12:06:27.194] [nas] [debug] UAC access attempt is allowed for identity[0], category[MO_sig]
[2023-01-09 12:06:27.269] [nas] [debug] PDU Session Establishment Accept received
[2023-01-09 12:06:27.269] [nas] [info] PDU Session establishment is successful PSI[2]
[2023-01-09 12:06:27.494] [app] [info] Connection setup for PDU session[2] is successful, TUN interface[uesimtun70, 10.60.2.103] is up.
[2023-01-09 12:06:41.578] [nas] [debug] Sending PDU Session Release Request for PSI[1]
[2023-01-09 12:06:41.578] [nas] [debug] Sending PDU Session Release Request for PSI[2]
[2023-01-09 12:06:41.793] [nas] [debug] PDU Session Release Command received
[2023-01-09 12:06:41.793] [nas] [debug] Performing local release of PDU session[1]
[2023-01-09 12:06:41.802] [nas] [error] PDU Session Release Reject received [REQUEST_REJECTED_UNSPECIFIED]
[2023-01-09 12:06:41.802] [nas] [error] PS release reject received without being requested
[2023-01-09 12:06:41.802] [nas] [warning] Sending SM Cause[MESSAGE_TYPE_NOT_COMPATIBLE_WITH_THE_PROTOCOL_STATE] for PSI[2]
[2023-01-09 12:06:56.742] [nas] [warning] PDU session release procedure could not start: PS[1] is not active already
[2023-01-09 12:07:07.953] [nas] [warning] PDU session release procedure could not start: PS[1] is not active already
[2023-01-09 12:07:16.988] [nas] [debug] De-registration required due to [NORMAL]
[2023-01-09 12:07:16.997] [nas] [debug] Starting de-registration procedure due to [NORMAL]
[2023-01-09 12:07:16.997] [nas] [debug] Performing local release of PDU session[2]
[2023-01-09 12:07:16.997] [nas] [info] UE switches to state [MM-DEREGISTER-INITIATED]
[2023-01-09 12:07:17.008] [nas] [debug] De-registration accept received
[2023-01-09 12:07:17.008] [nas] [info] UE switches to state [MM-DEREGISTERED/PS]
[2023-01-09 12:07:17.008] [nas] [info] De-registration is successful
[2023-01-09 12:07:17.008] [nas] [info] UE switches to state [MM-DEREGISTERED/NORMAL-SERVICE]
[2023-01-09 12:07:17.008] [nas] [debug] Initial registration required due to [MM-DEREG-NORMAL-SERVICE]
[2023-01-09 12:07:17.008] [nas] [debug] Sending Initial Registration
[2023-01-09 12:07:17.008] [nas] [debug] Deleting NAS security context
[2023-01-09 12:07:17.008] [nas] [info] UE switches to state [MM-REGISTER-INITIATED]
[2023-01-09 12:07:17.013] [rrc] [debug] RRC Release received
[2023-01-09 12:07:17.013] [nas] [info] UE switches to state [CM-IDLE]
[2023-01-09 12:07:17.013] [nas] [info] UE switches to state [MM-DEREGISTERED/PS]
[2023-01-09 12:07:17.013] [nas] [info] UE switches to state [5U2-NOT-UPDATED]
[2023-01-09 12:07:17.013] [nas] [info] UE switches to state [MM-DEREGISTERED/ATTEMPTING-REGISTRATION]
[2023-01-09 12:07:27.254] [nas] [debug] NAS timer[3511] expired [1]
[2023-01-09 12:07:27.254] [nas] [debug] Initial registration required due to [T3511-EXPIRY-IN-ATT-REG]
[2023-01-09 12:07:27.254] [nas] [debug] UAC access attempt is allowed for identity[0], category[MO_sig]
[2023-01-09 12:07:27.254] [nas] [debug] Sending Initial Registration
[2023-01-09 12:07:27.254] [nas] [info] UE switches to state [MM-REGISTER-INITIATED]
[2023-01-09 12:07:27.254] [rrc] [debug] Sending RRC Setup Request
[2023-01-09 12:07:27.254] [rrc] [info] RRC connection established
[2023-01-09 12:07:27.254] [rrc] [info] UE switches to state [RRC-CONNECTED]
[2023-01-09 12:07:27.254] [nas] [info] UE switches to state [CM-CONNECTED]
[2023-01-09 12:07:27.267] [nas] [debug] Authentication Request received
[2023-01-09 12:07:27.275] [nas] [debug] Security Mode Command received
[2023-01-09 12:07:27.275] [nas] [debug] Selected integrity[2] ciphering[0]
[2023-01-09 12:07:27.299] [nas] [debug] Registration accept received
[2023-01-09 12:07:27.299] [nas] [info] UE switches to state [MM-REGISTERED/NORMAL-SERVICE]
[2023-01-09 12:07:27.299] [nas] [info] UE switches to state [5U1-UPDATED]
[2023-01-09 12:07:27.299] [nas] [debug] Sending Registration Complete
[2023-01-09 12:07:27.299] [nas] [info] Initial Registration is successful
[2023-01-09 12:07:27.299] [nas] [debug] Sending PDU Session Establishment Request
[2023-01-09 12:07:27.301] [nas] [debug] UAC access attempt is allowed for identity[0], category[MO_sig]
[2023-01-09 12:07:27.543] [nas] [debug] PDU Session Establishment Accept received
[2023-01-09 12:07:27.543] [nas] [info] PDU Session establishment is successful PSI[1]
[2023-01-09 12:07:27.619] [app] [info] Connection setup for PDU session[1] is successful, TUN interface[uesimtun67, 10.60.3.8] is up.
[2023-01-09 12:07:42.040] [nas] [debug] De-registration required due to [NORMAL]
[2023-01-09 12:07:42.049] [nas] [debug] Starting de-registration procedure due to [NORMAL]
[2023-01-09 12:07:42.049] [nas] [debug] Performing local release of PDU session[1]
[2023-01-09 12:07:42.049] [nas] [info] UE switches to state [MM-DEREGISTER-INITIATED]
[2023-01-09 12:07:42.100] [nas] [debug] De-registration accept received
[2023-01-09 12:07:42.100] [nas] [info] UE switches to state [MM-DEREGISTERED/PS]
[2023-01-09 12:07:42.100] [nas] [info] De-registration is successful
[2023-01-09 12:07:42.100] [nas] [info] UE switches to state [MM-DEREGISTERED/NORMAL-SERVICE]
[2023-01-09 12:07:42.100] [nas] [debug] Initial registration required due to [MM-DEREG-NORMAL-SERVICE]
[2023-01-09 12:07:42.100] [nas] [debug] Sending Initial Registration
[2023-01-09 12:07:42.100] [nas] [debug] Deleting NAS security context
[2023-01-09 12:07:42.100] [nas] [info] UE switches to state [MM-REGISTER-INITIATED]
[2023-01-09 12:07:42.104] [rrc] [debug] RRC Release received
[2023-01-09 12:07:42.104] [nas] [info] UE switches to state [CM-IDLE]
[2023-01-09 12:07:42.104] [nas] [info] UE switches to state [MM-DEREGISTERED/PS]
[2023-01-09 12:07:42.104] [nas] [info] UE switches to state [5U2-NOT-UPDATED]
[2023-01-09 12:07:42.104] [nas] [info] UE switches to state [MM-DEREGISTERED/ATTEMPTING-REGISTRATION]
[2023-01-09 12:07:52.283] [nas] [debug] NAS timer[3511] expired [1]
[2023-01-09 12:07:52.283] [nas] [debug] Initial registration required due to [T3511-EXPIRY-IN-ATT-REG]
[2023-01-09 12:07:52.286] [nas] [debug] UAC access attempt is allowed for identity[0], category[MO_sig]
[2023-01-09 12:07:52.286] [nas] [debug] Sending Initial Registration
[2023-01-09 12:07:52.286] [rrc] [debug] Sending RRC Setup Request
[2023-01-09 12:07:52.286] [nas] [info] UE switches to state [MM-REGISTER-INITIATED]
[2023-01-09 12:07:52.292] [rrc] [info] RRC connection established
[2023-01-09 12:07:52.292] [rrc] [info] UE switches to state [RRC-CONNECTED]
[2023-01-09 12:07:52.295] [nas] [info] UE switches to state [CM-CONNECTED]
[2023-01-09 12:07:52.440] [nas] [debug] Authentication Request received
[2023-01-09 12:07:52.454] [nas] [debug] Security Mode Command received
[2023-01-09 12:07:52.454] [nas] [debug] Selected integrity[2] ciphering[0]
[2023-01-09 12:07:52.510] [nas] [debug] Registration accept received
[2023-01-09 12:07:52.510] [nas] [info] UE switches to state [MM-REGISTERED/NORMAL-SERVICE]
[2023-01-09 12:07:52.510] [nas] [info] UE switches to state [5U1-UPDATED]
[2023-01-09 12:07:52.510] [nas] [debug] Sending Registration Complete
[2023-01-09 12:07:52.510] [nas] [info] Initial Registration is successful
[2023-01-09 12:07:52.510] [nas] [debug] Sending PDU Session Establishment Request
[2023-01-09 12:07:52.519] [nas] [debug] UAC access attempt is allowed for identity[0], category[MO_sig]
[2023-01-09 12:07:52.809] [nas] [debug] PDU Session Establishment Accept received
[2023-01-09 12:07:52.809] [nas] [info] PDU Session establishment is successful PSI[1]
[2023-01-09 12:07:52.937] [app] [info] Connection setup for PDU session[1] is successful, TUN interface[uesimtun117, 10.60.3.76] is up.
[2023-01-09 12:08:15.100] [nas] [debug] Sending PDU Session Establishment Request
[2023-01-09 12:08:15.201] [nas] [error] No response from RRC from UAC checks, considering access attempt is barred
[2023-01-09 12:08:31.331] [nas] [warning] Retransmitting PDU Session Establishment Request due to T3580 expiry
[2023-01-09 12:08:31.333] [nas] [debug] UAC access attempt is allowed for identity[0], category[MO_sig]
[2023-01-09 12:08:31.471] [nas] [debug] PDU Session Establishment Accept received
[2023-01-09 12:08:31.472] [nas] [info] PDU Session establishment is successful PSI[2]
[2023-01-09 12:08:31.566] [app] [info] Connection setup for PDU session[2] is successful, TUN interface[uesimtun110, 10.60.3.164] is up.
[2023-01-09 12:08:41.255] [nas] [debug] De-registration required due to [NORMAL]
[2023-01-09 12:08:41.266] [nas] [debug] Starting de-registration procedure due to [NORMAL]
[2023-01-09 12:08:41.266] [nas] [debug] Performing local release of PDU session[1]
[2023-01-09 12:08:41.266] [nas] [debug] Performing local release of PDU session[2]
[2023-01-09 12:08:41.266] [nas] [info] UE switches to state [MM-DEREGISTER-INITIATED]
[2023-01-09 12:08:41.280] [nas] [debug] De-registration accept received
[2023-01-09 12:08:41.280] [nas] [info] UE switches to state [MM-DEREGISTERED/PS]
[2023-01-09 12:08:41.280] [nas] [info] De-registration is successful
[2023-01-09 12:08:41.280] [nas] [info] UE switches to state [MM-DEREGISTERED/NORMAL-SERVICE]
[2023-01-09 12:08:41.280] [nas] [debug] Initial registration required due to [MM-DEREG-NORMAL-SERVICE]
[2023-01-09 12:08:41.280] [nas] [debug] Sending Initial Registration
[2023-01-09 12:08:41.280] [nas] [debug] Deleting NAS security context
[2023-01-09 12:08:41.280] [nas] [info] UE switches to state [MM-REGISTER-INITIATED]
[2023-01-09 12:08:41.287] [rrc] [debug] RRC Release received
[2023-01-09 12:08:41.287] [nas] [info] UE switches to state [CM-IDLE]
[2023-01-09 12:08:41.287] [nas] [info] UE switches to state [MM-DEREGISTERED/PS]
[2023-01-09 12:08:41.287] [nas] [info] UE switches to state [5U2-NOT-UPDATED]
[2023-01-09 12:08:41.287] [nas] [info] UE switches to state [MM-DEREGISTERED/ATTEMPTING-REGISTRATION]
[2023-01-09 12:08:51.357] [nas] [debug] NAS timer[3511] expired [1]
[2023-01-09 12:08:51.357] [nas] [debug] Initial registration required due to [T3511-EXPIRY-IN-ATT-REG]
[2023-01-09 12:08:51.359] [nas] [debug] UAC access attempt is allowed for identity[0], category[MO_sig]
[2023-01-09 12:08:51.359] [nas] [debug] Sending Initial Registration
[2023-01-09 12:08:51.359] [rrc] [debug] Sending RRC Setup Request
[2023-01-09 12:08:51.359] [nas] [info] UE switches to state [MM-REGISTER-INITIATED]
[2023-01-09 12:08:51.360] [rrc] [info] RRC connection established
[2023-01-09 12:08:51.360] [rrc] [info] UE switches to state [RRC-CONNECTED]
[2023-01-09 12:08:51.360] [nas] [info] UE switches to state [CM-CONNECTED]
[2023-01-09 12:08:51.376] [nas] [debug] Authentication Request received
[2023-01-09 12:08:51.382] [nas] [debug] Security Mode Command received
[2023-01-09 12:08:51.382] [nas] [debug] Selected integrity[2] ciphering[0]
[2023-01-09 12:08:51.408] [nas] [debug] Registration accept received
[2023-01-09 12:08:51.408] [nas] [info] UE switches to state [MM-REGISTERED/NORMAL-SERVICE]
[2023-01-09 12:08:51.408] [nas] [info] UE switches to state [5U1-UPDATED]
[2023-01-09 12:08:51.408] [nas] [debug] Sending Registration Complete
[2023-01-09 12:08:51.408] [nas] [info] Initial Registration is successful
[2023-01-09 12:08:51.408] [nas] [debug] Sending PDU Session Establishment Request
[2023-01-09 12:08:51.411] [nas] [debug] UAC access attempt is allowed for identity[0], category[MO_sig]
[2023-01-09 12:08:51.642] [nas] [debug] PDU Session Establishment Accept received
[2023-01-09 12:08:51.642] [nas] [info] PDU Session establishment is successful PSI[1]
[2023-01-09 12:08:51.740] [app] [info] Connection setup for PDU session[1] is successful, TUN interface[uesimtun117, 10.60.3.219] is up.
[2023-01-09 12:09:08.312] [nas] [debug] Sending PDU Session Release Request for PSI[1]
[2023-01-09 12:09:19.339] [nas] [debug] Sending PDU Session Establishment Request
[2023-01-09 12:09:19.440] [nas] [error] No response from RRC from UAC checks, considering access attempt is barred
[2023-01-09 12:09:24.456] [nas] [warning] Retransmitting PDU Session Release Request due to T3582 expiry
[2023-01-09 12:09:35.467] [nas] [warning] Retransmitting PDU Session Establishment Request due to T3580 expiry
[2023-01-09 12:09:35.468] [nas] [debug] UAC access attempt is allowed for identity[0], category[MO_sig]
[2023-01-09 12:09:40.472] [nas] [warning] Retransmitting PDU Session Release Request due to T3582 expiry
[2023-01-09 12:09:51.483] [nas] [warning] Retransmitting PDU Session Establishment Request due to T3580 expiry
[2023-01-09 12:09:51.485] [nas] [debug] UAC access attempt is allowed for identity[0], category[MO_sig]
[2023-01-09 12:09:53.500] [nas] [debug] Sending PDU Session Establishment Request
[2023-01-09 12:09:53.601] [nas] [error] No response from RRC from UAC checks, considering access attempt is barred
[2023-01-09 12:09:56.488] [nas] [warning] Retransmitting PDU Session Release Request due to T3582 expiry
