UERANSIM v3.2.6
[2023-01-09 12:03:21.012] [nas] [info] UE switches to state [MM-DEREGISTERED/PLMN-SEARCH]
[2023-01-09 12:03:21.021] [rrc] [debug] New signal detected for cell[1], total [1] cells in coverage
[2023-01-09 12:03:21.022] [nas] [info] Selected plmn[208/93]
[2023-01-09 12:03:21.022] [rrc] [info] Selected cell plmn[208/93] tac[1] category[SUITABLE]
[2023-01-09 12:03:21.022] [nas] [info] UE switches to state [MM-DEREGISTERED/PS]
[2023-01-09 12:03:21.022] [nas] [info] UE switches to state [MM-DEREGISTERED/NORMAL-SERVICE]
[2023-01-09 12:03:21.022] [nas] [debug] Initial registration required due to [MM-DEREG-NORMAL-SERVICE]
[2023-01-09 12:03:21.024] [nas] [debug] UAC access attempt is allowed for identity[0], category[MO_sig]
[2023-01-09 12:03:21.024] [nas] [debug] Sending Initial Registration
[2023-01-09 12:03:21.024] [nas] [info] UE switches to state [MM-REGISTER-INITIATED]
[2023-01-09 12:03:21.024] [rrc] [debug] Sending RRC Setup Request
[2023-01-09 12:03:21.025] [rrc] [info] RRC connection established
[2023-01-09 12:03:21.025] [rrc] [info] UE switches to state [RRC-CONNECTED]
[2023-01-09 12:03:21.025] [nas] [info] UE switches to state [CM-CONNECTED]
[2023-01-09 12:03:21.045] [nas] [debug] Authentication Request received
[2023-01-09 12:03:21.056] [nas] [debug] Security Mode Command received
[2023-01-09 12:03:21.057] [nas] [debug] Selected integrity[2] ciphering[0]
[2023-01-09 12:03:21.100] [nas] [debug] Registration accept received
[2023-01-09 12:03:21.100] [nas] [info] UE switches to state [MM-REGISTERED/NORMAL-SERVICE]
[2023-01-09 12:03:21.100] [nas] [debug] Sending Registration Complete
[2023-01-09 12:03:21.100] [nas] [info] Initial Registration is successful
[2023-01-09 12:03:21.100] [nas] [debug] Sending PDU Session Establishment Request
[2023-01-09 12:03:21.101] [nas] [debug] UAC access attempt is allowed for identity[0], category[MO_sig]
[2023-01-09 12:03:21.346] [nas] [debug] PDU Session Establishment Accept received
[2023-01-09 12:03:21.346] [nas] [info] PDU Session establishment is successful PSI[1]
[2023-01-09 12:03:21.390] [app] [info] Connection setup for PDU session[1] is successful, TUN interface[uesimtun68, 10.60.0.69] is up.
[2023-01-09 12:03:52.367] [nas] [debug] Sending PDU Session Establishment Request
[2023-01-09 12:03:52.496] [nas] [error] No response from RRC from UAC checks, considering access attempt is barred
[2023-01-09 12:04:09.072] [nas] [warning] Retransmitting PDU Session Establishment Request due to T3580 expiry
[2023-01-09 12:04:09.075] [nas] [debug] UAC access attempt is allowed for identity[0], category[MO_sig]
[2023-01-09 12:04:09.403] [nas] [debug] PDU Session Establishment Accept received
[2023-01-09 12:04:09.403] [nas] [info] PDU Session establishment is successful PSI[2]
[2023-01-09 12:04:09.643] [app] [info] Connection setup for PDU session[2] is successful, TUN interface[uesimtun91, 10.60.0.183] is up.
[2023-01-09 12:04:19.716] [nas] [debug] Sending PDU Session Release Request for PSI[2]
[2023-01-09 12:04:19.787] [nas] [error] PDU Session Release Reject received [REQUEST_REJECTED_UNSPECIFIED]
[2023-01-09 12:04:19.787] [nas] [error] PS release reject received without being requested
[2023-01-09 12:04:19.787] [nas] [warning] Sending SM Cause[MESSAGE_TYPE_NOT_COMPATIBLE_WITH_THE_PROTOCOL_STATE] for PSI[2]
[2023-01-09 12:04:34.786] [nas] [debug] Sending PDU Session Release Request for PSI[1]
[2023-01-09 12:04:34.838] [nas] [debug] PDU Session Release Command received
[2023-01-09 12:04:34.838] [nas] [debug] Performing local release of PDU session[1]
[2023-01-09 12:04:48.838] [nas] [debug] Sending PDU Session Release Request for PSI[2]
[2023-01-09 12:04:48.948] [nas] [error] PDU Session Release Reject received [REQUEST_REJECTED_UNSPECIFIED]
[2023-01-09 12:04:48.948] [nas] [error] PS release reject received without being requested
[2023-01-09 12:04:48.948] [nas] [warning] Sending SM Cause[MESSAGE_TYPE_NOT_COMPATIBLE_WITH_THE_PROTOCOL_STATE] for PSI[2]
[2023-01-09 12:04:53.867] [nas] [debug] Sending PDU Session Release Request for PSI[2]
[2023-01-09 12:04:53.885] [nas] [error] PDU Session Release Reject received [REQUEST_REJECTED_UNSPECIFIED]
[2023-01-09 12:04:53.885] [nas] [error] PS release reject received without being requested
[2023-01-09 12:04:53.885] [nas] [warning] Sending SM Cause[MESSAGE_TYPE_NOT_COMPATIBLE_WITH_THE_PROTOCOL_STATE] for PSI[2]
[2023-01-09 12:05:04.956] [nas] [warning] PDU session release procedure could not start: PS[1] is not active already
[2023-01-09 12:05:13.048] [nas] [debug] Sending PDU Session Establishment Request
[2023-01-09 12:05:13.150] [nas] [error] No response from RRC from UAC checks, considering access attempt is barred
[2023-01-09 12:05:29.175] [nas] [warning] Retransmitting PDU Session Establishment Request due to T3580 expiry
[2023-01-09 12:05:29.177] [nas] [debug] UAC access attempt is allowed for identity[0], category[MO_sig]
[2023-01-09 12:05:29.226] [nas] [debug] PDU Session Establishment Accept received
[2023-01-09 12:05:29.226] [nas] [info] PDU Session establishment is successful PSI[1]
[2023-01-09 12:05:29.324] [app] [info] Connection setup for PDU session[1] is successful, TUN interface[uesimtun24, 10.60.1.206] is up.
[2023-01-09 12:05:42.207] [nas] [debug] De-registration required due to [NORMAL]
[2023-01-09 12:05:42.217] [nas] [debug] Starting de-registration procedure due to [NORMAL]
[2023-01-09 12:05:42.217] [nas] [debug] Performing local release of PDU session[1]
[2023-01-09 12:05:42.217] [nas] [debug] Performing local release of PDU session[2]
[2023-01-09 12:05:42.217] [nas] [info] UE switches to state [MM-DEREGISTER-INITIATED]
[2023-01-09 12:05:42.460] [nas] [debug] De-registration accept received
[2023-01-09 12:05:42.460] [nas] [info] UE switches to state [MM-DEREGISTERED/PS]
[2023-01-09 12:05:42.460] [nas] [info] De-registration is successful
[2023-01-09 12:05:42.460] [nas] [info] UE switches to state [MM-DEREGISTERED/NORMAL-SERVICE]
[2023-01-09 12:05:42.460] [nas] [debug] Initial registration required due to [MM-DEREG-NORMAL-SERVICE]
[2023-01-09 12:05:42.460] [nas] [debug] Sending Initial Registration
[2023-01-09 12:05:42.460] [nas] [debug] Deleting NAS security context
[2023-01-09 12:05:42.460] [nas] [info] UE switches to state [MM-REGISTER-INITIATED]
[2023-01-09 12:05:42.460] [rrc] [debug] RRC Release received
[2023-01-09 12:05:42.460] [nas] [info] UE switches to state [CM-IDLE]
[2023-01-09 12:05:42.460] [nas] [info] UE switches to state [MM-DEREGISTERED/PS]
[2023-01-09 12:05:42.460] [nas] [info] UE switches to state [5U2-NOT-UPDATED]
[2023-01-09 12:05:42.460] [nas] [info] UE switches to state [MM-DEREGISTERED/ATTEMPTING-REGISTRATION]
[2023-01-09 12:05:53.204] [nas] [debug] NAS timer[3511] expired [1]
[2023-01-09 12:05:53.204] [nas] [debug] Initial registration required due to [T3511-EXPIRY-IN-ATT-REG]
[2023-01-09 12:05:53.204] [nas] [debug] UAC access attempt is allowed for identity[0], category[MO_sig]
[2023-01-09 12:05:53.204] [nas] [debug] Sending Initial Registration
[2023-01-09 12:05:53.204] [nas] [info] UE switches to state [MM-REGISTER-INITIATED]
[2023-01-09 12:05:53.204] [rrc] [debug] Sending RRC Setup Request
[2023-01-09 12:05:53.204] [rrc] [info] RRC connection established
[2023-01-09 12:05:53.204] [rrc] [info] UE switches to state [RRC-CONNECTED]
[2023-01-09 12:05:53.204] [nas] [info] UE switches to state [CM-CONNECTED]
[2023-01-09 12:05:53.331] [nas] [debug] Authentication Request received
[2023-01-09 12:05:53.351] [nas] [debug] Security Mode Command received
[2023-01-09 12:05:53.351] [nas] [debug] Selected integrity[2] ciphering[0]
[2023-01-09 12:05:53.416] [nas] [debug] Registration accept received
[2023-01-09 12:05:53.416] [nas] [info] UE switches to state [MM-REGISTERED/NORMAL-SERVICE]
[2023-01-09 12:05:53.416] [nas] [info] UE switches to state [5U1-UPDATED]
[2023-01-09 12:05:53.416] [nas] [debug] Sending Registration Complete
[2023-01-09 12:05:53.416] [nas] [info] Initial Registration is successful
[2023-01-09 12:05:53.416] [nas] [debug] Sending PDU Session Establishment Request
[2023-01-09 12:05:53.416] [nas] [debug] UAC access attempt is allowed for identity[0], category[MO_sig]
[2023-01-09 12:05:53.503] [nas] [debug] PDU Session Establishment Accept received
[2023-01-09 12:05:53.503] [nas] [info] PDU Session establishment is successful PSI[1]
[2023-01-09 12:05:53.610] [app] [info] Connection setup for PDU session[1] is successful, TUN interface[uesimtun55, 10.60.2.15] is up.
[2023-01-09 12:06:09.247] [nas] [debug] Sending PDU Session Establishment Request
[2023-01-09 12:06:09.348] [nas] [error] No response from RRC from UAC checks, considering access attempt is barred
[2023-01-09 12:06:26.247] [nas] [warning] Retransmitting PDU Session Establishment Request due to T3580 expiry
[2023-01-09 12:06:26.247] [nas] [debug] UAC access attempt is allowed for identity[0], category[MO_sig]
[2023-01-09 12:06:26.314] [nas] [debug] PDU Session Establishment Accept received
[2023-01-09 12:06:26.314] [nas] [info] PDU Session establishment is successful PSI[2]
[2023-01-09 12:06:26.420] [app] [info] Connection setup for PDU session[2] is successful, TUN interface[uesimtun136, 10.60.2.102] is up.
[2023-01-09 12:06:37.426] [nas] [debug] Sending PDU Session Release Request for PSI[1]
[2023-01-09 12:06:37.426] [nas] [debug] Sending PDU Session Release Request for PSI[2]
[2023-01-09 12:06:37.587] [nas] [error] PDU Session Release Reject received [REQUEST_REJECTED_UNSPECIFIED]
[2023-01-09 12:06:37.587] [nas] [error] PS release reject received without being requested
[2023-01-09 12:06:37.587] [nas] [warning] Sending SM Cause[MESSAGE_TYPE_NOT_COMPATIBLE_WITH_THE_PROTOCOL_STATE] for PSI[1]
[2023-01-09 12:06:37.596] [nas] [debug] PDU Session Release Command received
[2023-01-09 12:06:37.596] [nas] [debug] Performing local release of PDU session[2]
[2023-01-09 12:06:49.546] [nas] [debug] Sending PDU Session Release Request for PSI[1]
[2023-01-09 12:06:49.729] [nas] [error] PDU Session Release Reject received [REQUEST_REJECTED_UNSPECIFIED]
[2023-01-09 12:06:49.729] [nas] [error] PS release reject received without being requested
[2023-01-09 12:06:49.729] [nas] [warning] Sending SM Cause[MESSAGE_TYPE_NOT_COMPATIBLE_WITH_THE_PROTOCOL_STATE] for PSI[1]
[2023-01-09 12:07:01.595] [nas] [debug] De-registration required due to [NORMAL]
[2023-01-09 12:07:01.608] [nas] [debug] Starting de-registration procedure due to [NORMAL]
[2023-01-09 12:07:01.608] [nas] [debug] Performing local release of PDU session[1]
[2023-01-09 12:07:01.608] [nas] [info] UE switches to state [MM-DEREGISTER-INITIATED]
[2023-01-09 12:07:01.837] [nas] [debug] De-registration accept received
[2023-01-09 12:07:01.837] [nas] [info] UE switches to state [MM-DEREGISTERED/PS]
[2023-01-09 12:07:01.837] [nas] [info] De-registration is successful
[2023-01-09 12:07:01.837] [nas] [info] UE switches to state [MM-DEREGISTERED/NORMAL-SERVICE]
[2023-01-09 12:07:01.837] [nas] [debug] Initial registration required due to [MM-DEREG-NORMAL-SERVICE]
[2023-01-09 12:07:01.837] [nas] [debug] Sending Initial Registration
[2023-01-09 12:07:01.837] [nas] [debug] Deleting NAS security context
[2023-01-09 12:07:01.837] [nas] [info] UE switches to state [MM-REGISTER-INITIATED]
[2023-01-09 12:07:01.846] [rrc] [debug] RRC Release received
[2023-01-09 12:07:01.846] [nas] [info] UE switches to state [CM-IDLE]
[2023-01-09 12:07:01.846] [nas] [info] UE switches to state [MM-DEREGISTERED/PS]
[2023-01-09 12:07:01.846] [nas] [info] UE switches to state [5U2-NOT-UPDATED]
[2023-01-09 12:07:01.846] [nas] [info] UE switches to state [MM-DEREGISTERED/ATTEMPTING-REGISTRATION]
[2023-01-09 12:07:12.315] [nas] [debug] NAS timer[3511] expired [1]
[2023-01-09 12:07:12.315] [nas] [debug] Initial registration required due to [T3511-EXPIRY-IN-ATT-REG]
[2023-01-09 12:07:12.325] [nas] [debug] UAC access attempt is allowed for identity[0], category[MO_sig]
[2023-01-09 12:07:12.326] [nas] [debug] Sending Initial Registration
[2023-01-09 12:07:12.326] [rrc] [debug] Sending RRC Setup Request
[2023-01-09 12:07:12.326] [nas] [info] UE switches to state [MM-REGISTER-INITIATED]
[2023-01-09 12:07:12.335] [rrc] [info] RRC connection established
[2023-01-09 12:07:12.335] [rrc] [info] UE switches to state [RRC-CONNECTED]
[2023-01-09 12:07:12.335] [nas] [info] UE switches to state [CM-CONNECTED]
[2023-01-09 12:07:12.389] [nas] [debug] Authentication Request received
[2023-01-09 12:07:12.404] [nas] [debug] Security Mode Command received
[2023-01-09 12:07:12.404] [nas] [debug] Selected integrity[2] ciphering[0]
[2023-01-09 12:07:12.439] [nas] [debug] Registration accept received
[2023-01-09 12:07:12.439] [nas] [info] UE switches to state [MM-REGISTERED/NORMAL-SERVICE]
[2023-01-09 12:07:12.439] [nas] [info] UE switches to state [5U1-UPDATED]
[2023-01-09 12:07:12.439] [nas] [debug] Sending Registration Complete
[2023-01-09 12:07:12.439] [nas] [info] Initial Registration is successful
[2023-01-09 12:07:12.439] [nas] [debug] Sending PDU Session Establishment Request
[2023-01-09 12:07:12.448] [nas] [debug] UAC access attempt is allowed for identity[0], category[MO_sig]
[2023-01-09 12:07:12.684] [nas] [debug] PDU Session Establishment Accept received
[2023-01-09 12:07:12.684] [nas] [info] PDU Session establishment is successful PSI[1]
[2023-01-09 12:07:12.752] [app] [info] Connection setup for PDU session[1] is successful, TUN interface[uesimtun36, 10.60.2.223] is up.
[2023-01-09 12:07:27.657] [nas] [debug] De-registration required due to [NORMAL]
[2023-01-09 12:07:27.667] [nas] [debug] Starting de-registration procedure due to [NORMAL]
[2023-01-09 12:07:27.668] [nas] [debug] Performing local release of PDU session[1]
[2023-01-09 12:07:27.668] [nas] [info] UE switches to state [MM-DEREGISTER-INITIATED]
[2023-01-09 12:07:27.852] [nas] [debug] De-registration accept received
[2023-01-09 12:07:27.852] [nas] [info] UE switches to state [MM-DEREGISTERED/PS]
[2023-01-09 12:07:27.852] [nas] [info] De-registration is successful
[2023-01-09 12:07:27.852] [nas] [info] UE switches to state [MM-DEREGISTERED/NORMAL-SERVICE]
[2023-01-09 12:07:27.852] [nas] [debug] Initial registration required due to [MM-DEREG-NORMAL-SERVICE]
[2023-01-09 12:07:27.852] [nas] [debug] Sending Initial Registration
[2023-01-09 12:07:27.852] [nas] [debug] Deleting NAS security context
[2023-01-09 12:07:27.852] [nas] [info] UE switches to state [MM-REGISTER-INITIATED]
[2023-01-09 12:07:27.854] [rrc] [debug] RRC Release received
[2023-01-09 12:07:27.854] [nas] [info] UE switches to state [CM-IDLE]
[2023-01-09 12:07:27.854] [nas] [info] UE switches to state [MM-DEREGISTERED/PS]
[2023-01-09 12:07:27.854] [nas] [info] UE switches to state [5U2-NOT-UPDATED]
[2023-01-09 12:07:27.854] [nas] [info] UE switches to state [MM-DEREGISTERED/ATTEMPTING-REGISTRATION]
[2023-01-09 12:07:38.343] [nas] [debug] NAS timer[3511] expired [1]
[2023-01-09 12:07:38.343] [nas] [debug] Initial registration required due to [T3511-EXPIRY-IN-ATT-REG]
[2023-01-09 12:07:38.344] [nas] [debug] UAC access attempt is allowed for identity[0], category[MO_sig]
[2023-01-09 12:07:38.344] [nas] [debug] Sending Initial Registration
[2023-01-09 12:07:38.344] [nas] [info] UE switches to state [MM-REGISTER-INITIATED]
[2023-01-09 12:07:38.344] [rrc] [debug] Sending RRC Setup Request
[2023-01-09 12:07:38.344] [rrc] [info] RRC connection established
[2023-01-09 12:07:38.344] [rrc] [info] UE switches to state [RRC-CONNECTED]
[2023-01-09 12:07:38.344] [nas] [info] UE switches to state [CM-CONNECTED]
[2023-01-09 12:07:38.444] [nas] [debug] Authentication Request received
[2023-01-09 12:07:38.451] [nas] [debug] Security Mode Command received
[2023-01-09 12:07:38.451] [nas] [debug] Selected integrity[2] ciphering[0]
[2023-01-09 12:07:38.479] [nas] [debug] Registration accept received
[2023-01-09 12:07:38.480] [nas] [info] UE switches to state [MM-REGISTERED/NORMAL-SERVICE]
[2023-01-09 12:07:38.480] [nas] [info] UE switches to state [5U1-UPDATED]
[2023-01-09 12:07:38.480] [nas] [debug] Sending Registration Complete
[2023-01-09 12:07:38.480] [nas] [info] Initial Registration is successful
[2023-01-09 12:07:38.480] [nas] [debug] Sending PDU Session Establishment Request
[2023-01-09 12:07:38.489] [nas] [debug] UAC access attempt is allowed for identity[0], category[MO_sig]
[2023-01-09 12:07:38.748] [nas] [debug] PDU Session Establishment Accept received
[2023-01-09 12:07:38.748] [nas] [info] PDU Session establishment is successful PSI[1]
[2023-01-09 12:07:38.847] [app] [info] Connection setup for PDU session[1] is successful, TUN interface[uesimtun156, 10.60.3.42] is up.
[2023-01-09 12:07:58.734] [nas] [debug] Sending PDU Session Release Request for PSI[1]
[2023-01-09 12:07:58.886] [nas] [error] PDU Session Release Reject received [REQUEST_REJECTED_UNSPECIFIED]
[2023-01-09 12:07:58.886] [nas] [error] PS release reject received without being requested
[2023-01-09 12:07:58.886] [nas] [warning] Sending SM Cause[MESSAGE_TYPE_NOT_COMPATIBLE_WITH_THE_PROTOCOL_STATE] for PSI[1]
[2023-01-09 12:08:11.807] [nas] [warning] PDU session release procedure could not start: PS[2] is not active already
[2023-01-09 12:08:16.835] [nas] [debug] Sending PDU Session Establishment Request
[2023-01-09 12:08:16.936] [nas] [error] No response from RRC from UAC checks, considering access attempt is barred
[2023-01-09 12:08:33.400] [nas] [warning] Retransmitting PDU Session Establishment Request due to T3580 expiry
[2023-01-09 12:08:33.402] [nas] [debug] UAC access attempt is allowed for identity[0], category[MO_sig]
[2023-01-09 12:08:33.563] [nas] [debug] PDU Session Establishment Accept received
[2023-01-09 12:08:33.563] [nas] [info] PDU Session establishment is successful PSI[2]
[2023-01-09 12:08:33.744] [app] [info] Connection setup for PDU session[2] is successful, TUN interface[uesimtun123, 10.60.3.168] is up.
[2023-01-09 12:08:47.001] [nas] [debug] Sending PDU Session Release Request for PSI[1]
[2023-01-09 12:08:47.001] [nas] [debug] Sending PDU Session Release Request for PSI[2]
[2023-01-09 12:08:47.073] [nas] [error] PDU Session Release Reject received [REQUEST_REJECTED_UNSPECIFIED]
[2023-01-09 12:08:47.073] [nas] [error] PS release reject received without being requested
[2023-01-09 12:08:47.073] [nas] [warning] Sending SM Cause[MESSAGE_TYPE_NOT_COMPATIBLE_WITH_THE_PROTOCOL_STATE] for PSI[1]
[2023-01-09 12:08:47.075] [nas] [error] PDU Session Release Reject received [REQUEST_REJECTED_UNSPECIFIED]
[2023-01-09 12:08:47.076] [nas] [error] PS release reject received without being requested
[2023-01-09 12:08:47.076] [nas] [warning] Sending SM Cause[MESSAGE_TYPE_NOT_COMPATIBLE_WITH_THE_PROTOCOL_STATE] for PSI[2]
[2023-01-09 12:09:02.058] [nas] [debug] Sending PDU Session Release Request for PSI[2]
[2023-01-09 12:09:02.085] [nas] [error] PDU Session Release Reject received [REQUEST_REJECTED_UNSPECIFIED]
[2023-01-09 12:09:02.085] [nas] [error] PS release reject received without being requested
[2023-01-09 12:09:02.085] [nas] [warning] Sending SM Cause[MESSAGE_TYPE_NOT_COMPATIBLE_WITH_THE_PROTOCOL_STATE] for PSI[2]
[2023-01-09 12:09:08.090] [nas] [debug] Sending PDU Session Establishment Request
[2023-01-09 12:09:08.191] [nas] [error] No response from RRC from UAC checks, considering access attempt is barred
[2023-01-09 12:09:24.454] [nas] [warning] Retransmitting PDU Session Establishment Request due to T3580 expiry
[2023-01-09 12:09:24.456] [nas] [debug] UAC access attempt is allowed for identity[0], category[MO_sig]
[2023-01-09 12:09:33.234] [nas] [debug] Sending PDU Session Release Request for PSI[1]
[2023-01-09 12:09:33.234] [nas] [debug] Sending PDU Session Release Request for PSI[2]
[2023-01-09 12:09:40.471] [nas] [warning] Retransmitting PDU Session Establishment Request due to T3580 expiry
[2023-01-09 12:09:40.474] [nas] [debug] UAC access attempt is allowed for identity[0], category[MO_sig]
[2023-01-09 12:09:47.300] [nas] [warning] PDU session release procedure could not start: PS[3] is not active already
[2023-01-09 12:09:49.480] [nas] [warning] Retransmitting PDU Session Release Request due to T3582 expiry
[2023-01-09 12:09:49.480] [nas] [warning] Retransmitting PDU Session Release Request due to T3582 expiry
[2023-01-09 12:09:56.398] [nas] [warning] PDU session release procedure could not start: PS[3] is not active already
[2023-01-09 12:09:56.487] [nas] [warning] Retransmitting PDU Session Establishment Request due to T3580 expiry
[2023-01-09 12:09:56.487] [nas] [debug] UAC access attempt is allowed for identity[0], category[MO_sig]
