UERANSIM v3.2.6
[2023-01-09 12:03:46.055] [nas] [info] UE switches to state [MM-DEREGISTERED/PLMN-SEARCH]
[2023-01-09 12:03:46.056] [rrc] [debug] New signal detected for cell[1], total [1] cells in coverage
[2023-01-09 12:03:46.062] [nas] [info] Selected plmn[208/93]
[2023-01-09 12:03:46.062] [rrc] [info] Selected cell plmn[208/93] tac[1] category[SUITABLE]
[2023-01-09 12:03:46.062] [nas] [info] UE switches to state [MM-DEREGISTERED/PS]
[2023-01-09 12:03:46.062] [nas] [info] UE switches to state [MM-DEREGISTERED/NORMAL-SERVICE]
[2023-01-09 12:03:46.062] [nas] [debug] Initial registration required due to [MM-DEREG-NORMAL-SERVICE]
[2023-01-09 12:03:46.062] [nas] [debug] UAC access attempt is allowed for identity[0], category[MO_sig]
[2023-01-09 12:03:46.062] [nas] [debug] Sending Initial Registration
[2023-01-09 12:03:46.062] [nas] [info] UE switches to state [MM-REGISTER-INITIATED]
[2023-01-09 12:03:46.062] [rrc] [debug] Sending RRC Setup Request
[2023-01-09 12:03:46.062] [rrc] [info] RRC connection established
[2023-01-09 12:03:46.062] [rrc] [info] UE switches to state [RRC-CONNECTED]
[2023-01-09 12:03:46.062] [nas] [info] UE switches to state [CM-CONNECTED]
[2023-01-09 12:03:46.080] [nas] [debug] Authentication Request received
[2023-01-09 12:03:46.087] [nas] [debug] Security Mode Command received
[2023-01-09 12:03:46.087] [nas] [debug] Selected integrity[2] ciphering[0]
[2023-01-09 12:03:46.112] [nas] [debug] Registration accept received
[2023-01-09 12:03:46.112] [nas] [info] UE switches to state [MM-REGISTERED/NORMAL-SERVICE]
[2023-01-09 12:03:46.112] [nas] [debug] Sending Registration Complete
[2023-01-09 12:03:46.112] [nas] [info] Initial Registration is successful
[2023-01-09 12:03:46.112] [nas] [debug] Sending PDU Session Establishment Request
[2023-01-09 12:03:46.112] [nas] [debug] UAC access attempt is allowed for identity[0], category[MO_sig]
[2023-01-09 12:03:46.347] [nas] [debug] PDU Session Establishment Accept received
[2023-01-09 12:03:46.347] [nas] [info] PDU Session establishment is successful PSI[1]
[2023-01-09 12:03:46.364] [app] [info] Connection setup for PDU session[1] is successful, TUN interface[uesimtun94, 10.60.0.95] is up.
[2023-01-09 12:03:52.394] [nas] [debug] Sending PDU Session Release Request for PSI[1]
[2023-01-09 12:03:52.665] [nas] [debug] PDU Session Release Command received
[2023-01-09 12:03:52.665] [nas] [debug] Performing local release of PDU session[1]
[2023-01-09 12:03:53.764] [nas] [debug] Sending PDU Session Establishment Request
[2023-01-09 12:03:53.767] [nas] [debug] UAC access attempt is allowed for identity[0], category[MO_sig]
[2023-01-09 12:03:54.181] [nas] [debug] PDU Session Establishment Accept received
[2023-01-09 12:03:54.181] [nas] [info] PDU Session establishment is successful PSI[1]
[2023-01-09 12:03:54.546] [app] [info] Connection setup for PDU session[1] is successful, TUN interface[uesimtun51, 10.60.0.122] is up.
[2023-01-09 12:03:59.459] [nas] [debug] Sending PDU Session Release Request for PSI[1]
[2023-01-09 12:03:59.652] [nas] [debug] PDU Session Release Command received
[2023-01-09 12:03:59.652] [nas] [debug] Performing local release of PDU session[1]
[2023-01-09 12:04:00.372] [nas] [debug] Sending PDU Session Establishment Request
[2023-01-09 12:04:00.376] [nas] [debug] UAC access attempt is allowed for identity[0], category[MO_sig]
[2023-01-09 12:04:00.559] [nas] [debug] PDU Session Establishment Accept received
[2023-01-09 12:04:00.559] [nas] [info] PDU Session establishment is successful PSI[1]
[2023-01-09 12:04:00.649] [app] [info] Connection setup for PDU session[1] is successful, TUN interface[uesimtun23, 10.60.0.154] is up.
[2023-01-09 12:04:06.492] [nas] [debug] Sending PDU Session Release Request for PSI[1]
[2023-01-09 12:04:06.537] [nas] [debug] PDU Session Release Command received
[2023-01-09 12:04:06.537] [nas] [debug] Performing local release of PDU session[1]
[2023-01-09 12:04:06.978] [nas] [debug] Sending PDU Session Establishment Request
[2023-01-09 12:04:06.978] [nas] [debug] UAC access attempt is allowed for identity[0], category[MO_sig]
[2023-01-09 12:04:07.083] [nas] [debug] PDU Session Establishment Accept received
[2023-01-09 12:04:07.083] [nas] [info] PDU Session establishment is successful PSI[1]
[2023-01-09 12:04:07.149] [app] [info] Connection setup for PDU session[1] is successful, TUN interface[uesimtun42, 10.60.0.170] is up.
[2023-01-09 12:04:13.526] [nas] [debug] Sending PDU Session Release Request for PSI[1]
[2023-01-09 12:04:13.608] [nas] [debug] PDU Session Release Command received
[2023-01-09 12:04:13.608] [nas] [debug] Performing local release of PDU session[1]
[2023-01-09 12:04:14.690] [nas] [debug] Sending PDU Session Establishment Request
[2023-01-09 12:04:14.691] [nas] [debug] UAC access attempt is allowed for identity[0], category[MO_sig]
[2023-01-09 12:04:14.842] [nas] [debug] PDU Session Establishment Accept received
[2023-01-09 12:04:14.842] [nas] [info] PDU Session establishment is successful PSI[1]
[2023-01-09 12:04:14.911] [app] [info] Connection setup for PDU session[1] is successful, TUN interface[uesimtun122, 10.60.0.217] is up.
[2023-01-09 12:04:19.675] [nas] [debug] Sending PDU Session Release Request for PSI[1]
[2023-01-09 12:04:19.762] [nas] [debug] PDU Session Release Command received
[2023-01-09 12:04:19.762] [nas] [debug] Performing local release of PDU session[1]
[2023-01-09 12:04:20.171] [nas] [debug] Sending PDU Session Establishment Request
[2023-01-09 12:04:20.180] [nas] [debug] UAC access attempt is allowed for identity[0], category[MO_sig]
[2023-01-09 12:04:20.281] [nas] [debug] PDU Session Establishment Accept received
[2023-01-09 12:04:20.282] [nas] [info] PDU Session establishment is successful PSI[1]
[2023-01-09 12:04:20.416] [app] [info] Connection setup for PDU session[1] is successful, TUN interface[uesimtun97, 10.60.0.239] is up.
[2023-01-09 12:04:27.714] [nas] [debug] Sending PDU Session Release Request for PSI[1]
[2023-01-09 12:04:27.792] [nas] [debug] PDU Session Release Command received
[2023-01-09 12:04:27.792] [nas] [debug] Performing local release of PDU session[1]
[2023-01-09 12:04:27.905] [nas] [debug] Sending PDU Session Establishment Request
[2023-01-09 12:04:27.911] [nas] [debug] UAC access attempt is allowed for identity[0], category[MO_sig]
[2023-01-09 12:04:28.045] [nas] [debug] PDU Session Establishment Accept received
[2023-01-09 12:04:28.045] [nas] [info] PDU Session establishment is successful PSI[1]
[2023-01-09 12:04:28.137] [app] [info] Connection setup for PDU session[1] is successful, TUN interface[uesimtun16, 10.60.1.8] is up.
[2023-01-09 12:04:37.759] [nas] [debug] Sending PDU Session Establishment Request
[2023-01-09 12:04:37.861] [nas] [error] No response from RRC from UAC checks, considering access attempt is barred
[2023-01-09 12:04:54.136] [nas] [warning] Retransmitting PDU Session Establishment Request due to T3580 expiry
[2023-01-09 12:04:54.136] [nas] [debug] UAC access attempt is allowed for identity[0], category[MO_sig]
[2023-01-09 12:04:54.215] [nas] [debug] PDU Session Establishment Accept received
[2023-01-09 12:04:54.216] [nas] [info] PDU Session establishment is successful PSI[2]
[2023-01-09 12:04:54.366] [app] [info] Connection setup for PDU session[2] is successful, TUN interface[uesimtun113, 10.60.1.101] is up.
[2023-01-09 12:05:12.919] [nas] [debug] De-registration required due to [NORMAL]
[2023-01-09 12:05:12.929] [nas] [debug] Starting de-registration procedure due to [NORMAL]
[2023-01-09 12:05:12.929] [nas] [debug] Performing local release of PDU session[1]
[2023-01-09 12:05:12.929] [nas] [debug] Performing local release of PDU session[2]
[2023-01-09 12:05:12.929] [nas] [info] UE switches to state [MM-DEREGISTER-INITIATED]
[2023-01-09 12:05:13.001] [nas] [debug] De-registration accept received
[2023-01-09 12:05:13.001] [nas] [info] UE switches to state [MM-DEREGISTERED/PS]
[2023-01-09 12:05:13.001] [nas] [info] De-registration is successful
[2023-01-09 12:05:13.001] [nas] [info] UE switches to state [MM-DEREGISTERED/NORMAL-SERVICE]
[2023-01-09 12:05:13.001] [nas] [debug] Initial registration required due to [MM-DEREG-NORMAL-SERVICE]
[2023-01-09 12:05:13.001] [nas] [debug] Sending Initial Registration
[2023-01-09 12:05:13.001] [nas] [debug] Deleting NAS security context
[2023-01-09 12:05:13.001] [nas] [info] UE switches to state [MM-REGISTER-INITIATED]
[2023-01-09 12:05:13.007] [rrc] [debug] RRC Release received
[2023-01-09 12:05:13.007] [nas] [info] UE switches to state [CM-IDLE]
[2023-01-09 12:05:13.007] [nas] [info] UE switches to state [MM-DEREGISTERED/PS]
[2023-01-09 12:05:13.007] [nas] [info] UE switches to state [5U2-NOT-UPDATED]
[2023-01-09 12:05:13.007] [nas] [info] UE switches to state [MM-DEREGISTERED/ATTEMPTING-REGISTRATION]
[2023-01-09 12:05:23.167] [nas] [debug] NAS timer[3511] expired [1]
[2023-01-09 12:05:23.167] [nas] [debug] Initial registration required due to [T3511-EXPIRY-IN-ATT-REG]
[2023-01-09 12:05:23.169] [nas] [debug] UAC access attempt is allowed for identity[0], category[MO_sig]
[2023-01-09 12:05:23.169] [nas] [debug] Sending Initial Registration
[2023-01-09 12:05:23.169] [rrc] [debug] Sending RRC Setup Request
[2023-01-09 12:05:23.169] [nas] [info] UE switches to state [MM-REGISTER-INITIATED]
[2023-01-09 12:05:23.172] [rrc] [info] RRC connection established
[2023-01-09 12:05:23.172] [rrc] [info] UE switches to state [RRC-CONNECTED]
[2023-01-09 12:05:23.173] [nas] [info] UE switches to state [CM-CONNECTED]
[2023-01-09 12:05:23.302] [nas] [debug] Authentication Request received
[2023-01-09 12:05:23.333] [nas] [debug] Security Mode Command received
[2023-01-09 12:05:23.333] [nas] [debug] Selected integrity[2] ciphering[0]
[2023-01-09 12:05:23.408] [nas] [debug] Registration accept received
[2023-01-09 12:05:23.408] [nas] [info] UE switches to state [MM-REGISTERED/NORMAL-SERVICE]
[2023-01-09 12:05:23.408] [nas] [info] UE switches to state [5U1-UPDATED]
[2023-01-09 12:05:23.408] [nas] [debug] Sending Registration Complete
[2023-01-09 12:05:23.408] [nas] [info] Initial Registration is successful
[2023-01-09 12:05:23.408] [nas] [debug] Sending PDU Session Establishment Request
[2023-01-09 12:05:23.414] [nas] [debug] UAC access attempt is allowed for identity[0], category[MO_sig]
[2023-01-09 12:05:23.636] [nas] [debug] PDU Session Establishment Accept received
[2023-01-09 12:05:23.636] [nas] [info] PDU Session establishment is successful PSI[1]
[2023-01-09 12:05:23.741] [app] [info] Connection setup for PDU session[1] is successful, TUN interface[uesimtun133, 10.60.1.190] is up.
[2023-01-09 12:05:44.987] [nas] [debug] Sending PDU Session Establishment Request
[2023-01-09 12:05:45.096] [nas] [error] No response from RRC from UAC checks, considering access attempt is barred
[2023-01-09 12:06:01.208] [nas] [warning] Retransmitting PDU Session Establishment Request due to T3580 expiry
[2023-01-09 12:06:01.209] [nas] [debug] UAC access attempt is allowed for identity[0], category[MO_sig]
[2023-01-09 12:06:01.435] [nas] [debug] PDU Session Establishment Accept received
[2023-01-09 12:06:01.435] [nas] [info] PDU Session establishment is successful PSI[2]
[2023-01-09 12:06:01.546] [app] [info] Connection setup for PDU session[2] is successful, TUN interface[uesimtun37, 10.60.2.31] is up.
[2023-01-09 12:06:13.250] [nas] [debug] Sending PDU Session Release Request for PSI[2]
[2023-01-09 12:06:13.431] [nas] [error] PDU Session Release Reject received [REQUEST_REJECTED_UNSPECIFIED]
[2023-01-09 12:06:13.431] [nas] [error] PS release reject received without being requested
[2023-01-09 12:06:13.431] [nas] [warning] Sending SM Cause[MESSAGE_TYPE_NOT_COMPATIBLE_WITH_THE_PROTOCOL_STATE] for PSI[2]
[2023-01-09 12:06:24.326] [nas] [warning] PDU session release procedure could not start: PS[3] is not active already
[2023-01-09 12:06:32.434] [nas] [warning] PDU session release procedure could not start: PS[3] is not active already
[2023-01-09 12:06:38.510] [nas] [debug] Sending PDU Session Release Request for PSI[1]
[2023-01-09 12:06:38.593] [nas] [debug] PDU Session Release Command received
[2023-01-09 12:06:38.593] [nas] [debug] Performing local release of PDU session[1]
[2023-01-09 12:06:49.574] [nas] [warning] PDU session release procedure could not start: PS[1] is not active already
[2023-01-09 12:06:59.672] [nas] [debug] Sending PDU Session Release Request for PSI[2]
[2023-01-09 12:06:59.854] [nas] [error] PDU Session Release Reject received [REQUEST_REJECTED_UNSPECIFIED]
[2023-01-09 12:06:59.854] [nas] [error] PS release reject received without being requested
[2023-01-09 12:06:59.854] [nas] [warning] Sending SM Cause[MESSAGE_TYPE_NOT_COMPATIBLE_WITH_THE_PROTOCOL_STATE] for PSI[2]
[2023-01-09 12:07:13.703] [nas] [debug] De-registration required due to [NORMAL]
[2023-01-09 12:07:13.713] [nas] [debug] Starting de-registration procedure due to [NORMAL]
[2023-01-09 12:07:13.713] [nas] [debug] Performing local release of PDU session[2]
[2023-01-09 12:07:13.713] [nas] [info] UE switches to state [MM-DEREGISTER-INITIATED]
[2023-01-09 12:07:13.795] [nas] [debug] De-registration accept received
[2023-01-09 12:07:13.795] [nas] [info] UE switches to state [MM-DEREGISTERED/PS]
[2023-01-09 12:07:13.795] [nas] [info] De-registration is successful
[2023-01-09 12:07:13.795] [nas] [info] UE switches to state [MM-DEREGISTERED/NORMAL-SERVICE]
[2023-01-09 12:07:13.795] [nas] [debug] Initial registration required due to [MM-DEREG-NORMAL-SERVICE]
[2023-01-09 12:07:13.795] [nas] [debug] Sending Initial Registration
[2023-01-09 12:07:13.795] [nas] [debug] Deleting NAS security context
[2023-01-09 12:07:13.795] [nas] [info] UE switches to state [MM-REGISTER-INITIATED]
[2023-01-09 12:07:13.796] [rrc] [debug] RRC Release received
[2023-01-09 12:07:13.796] [nas] [info] UE switches to state [CM-IDLE]
[2023-01-09 12:07:13.796] [nas] [info] UE switches to state [MM-DEREGISTERED/PS]
[2023-01-09 12:07:13.796] [nas] [info] UE switches to state [5U2-NOT-UPDATED]
[2023-01-09 12:07:13.796] [nas] [info] UE switches to state [MM-DEREGISTERED/ATTEMPTING-REGISTRATION]
[2023-01-09 12:07:24.322] [nas] [debug] NAS timer[3511] expired [1]
[2023-01-09 12:07:24.322] [nas] [debug] Initial registration required due to [T3511-EXPIRY-IN-ATT-REG]
[2023-01-09 12:07:24.322] [nas] [debug] UAC access attempt is allowed for identity[0], category[MO_sig]
[2023-01-09 12:07:24.322] [nas] [debug] Sending Initial Registration
[2023-01-09 12:07:24.322] [nas] [info] UE switches to state [MM-REGISTER-INITIATED]
[2023-01-09 12:07:24.322] [rrc] [debug] Sending RRC Setup Request
[2023-01-09 12:07:24.322] [rrc] [info] RRC connection established
[2023-01-09 12:07:24.322] [rrc] [info] UE switches to state [RRC-CONNECTED]
[2023-01-09 12:07:24.322] [nas] [info] UE switches to state [CM-CONNECTED]
[2023-01-09 12:07:24.533] [nas] [debug] Authentication Request received
[2023-01-09 12:07:24.557] [nas] [debug] Security Mode Command received
[2023-01-09 12:07:24.557] [nas] [debug] Selected integrity[2] ciphering[0]
[2023-01-09 12:07:24.624] [nas] [debug] Registration accept received
[2023-01-09 12:07:24.624] [nas] [info] UE switches to state [MM-REGISTERED/NORMAL-SERVICE]
[2023-01-09 12:07:24.624] [nas] [info] UE switches to state [5U1-UPDATED]
[2023-01-09 12:07:24.624] [nas] [debug] Sending Registration Complete
[2023-01-09 12:07:24.624] [nas] [info] Initial Registration is successful
[2023-01-09 12:07:24.624] [nas] [debug] Sending PDU Session Establishment Request
[2023-01-09 12:07:24.624] [nas] [debug] UAC access attempt is allowed for identity[0], category[MO_sig]
[2023-01-09 12:07:24.720] [nas] [debug] PDU Session Establishment Accept received
[2023-01-09 12:07:24.720] [nas] [info] PDU Session establishment is successful PSI[1]
[2023-01-09 12:07:24.908] [app] [info] Connection setup for PDU session[1] is successful, TUN interface[uesimtun135, 10.60.3.3] is up.
[2023-01-09 12:07:44.789] [nas] [debug] Sending PDU Session Establishment Request
[2023-01-09 12:07:44.890] [nas] [error] No response from RRC from UAC checks, considering access attempt is barred
[2023-01-09 12:08:01.361] [nas] [warning] Retransmitting PDU Session Establishment Request due to T3580 expiry
[2023-01-09 12:08:01.361] [nas] [debug] UAC access attempt is allowed for identity[0], category[MO_sig]
[2023-01-09 12:08:01.600] [nas] [debug] PDU Session Establishment Accept received
[2023-01-09 12:08:01.600] [nas] [info] PDU Session establishment is successful PSI[2]
[2023-01-09 12:08:01.767] [app] [info] Connection setup for PDU session[2] is successful, TUN interface[uesimtun165, 10.60.3.96] is up.
[2023-01-09 12:08:16.959] [nas] [debug] Sending PDU Session Establishment Request
[2023-01-09 12:08:17.060] [nas] [error] No response from RRC from UAC checks, considering access attempt is barred
[2023-01-09 12:08:33.397] [nas] [warning] Retransmitting PDU Session Establishment Request due to T3580 expiry
[2023-01-09 12:08:33.402] [nas] [debug] UAC access attempt is allowed for identity[0], category[MO_sig]
[2023-01-09 12:08:33.522] [nas] [debug] PDU Session Establishment Accept received
[2023-01-09 12:08:33.522] [nas] [info] PDU Session establishment is successful PSI[3]
[2023-01-09 12:08:33.724] [app] [info] Connection setup for PDU session[3] is successful, TUN interface[uesimtun118, 10.60.3.167] is up.
[2023-01-09 12:08:52.143] [nas] [debug] De-registration required due to [NORMAL]
[2023-01-09 12:08:52.152] [nas] [debug] Starting de-registration procedure due to [NORMAL]
[2023-01-09 12:08:52.152] [nas] [debug] Performing local release of PDU session[1]
[2023-01-09 12:08:52.152] [nas] [debug] Performing local release of PDU session[2]
[2023-01-09 12:08:52.152] [nas] [debug] Performing local release of PDU session[3]
[2023-01-09 12:08:52.152] [nas] [info] UE switches to state [MM-DEREGISTER-INITIATED]
[2023-01-09 12:08:52.235] [nas] [debug] De-registration accept received
[2023-01-09 12:08:52.235] [nas] [info] UE switches to state [MM-DEREGISTERED/PS]
[2023-01-09 12:08:52.235] [nas] [info] De-registration is successful
[2023-01-09 12:08:52.235] [nas] [info] UE switches to state [MM-DEREGISTERED/NORMAL-SERVICE]
[2023-01-09 12:08:52.235] [nas] [debug] Initial registration required due to [MM-DEREG-NORMAL-SERVICE]
[2023-01-09 12:08:52.235] [nas] [debug] Sending Initial Registration
[2023-01-09 12:08:52.235] [nas] [debug] Deleting NAS security context
[2023-01-09 12:08:52.235] [nas] [info] UE switches to state [MM-REGISTER-INITIATED]
[2023-01-09 12:08:52.236] [rrc] [debug] RRC Release received
[2023-01-09 12:08:52.236] [nas] [info] UE switches to state [CM-IDLE]
[2023-01-09 12:08:52.236] [nas] [info] UE switches to state [MM-DEREGISTERED/PS]
[2023-01-09 12:08:52.236] [nas] [info] UE switches to state [5U2-NOT-UPDATED]
[2023-01-09 12:08:52.236] [nas] [info] UE switches to state [MM-DEREGISTERED/ATTEMPTING-REGISTRATION]
[2023-01-09 12:09:02.436] [nas] [debug] NAS timer[3511] expired [1]
[2023-01-09 12:09:02.436] [nas] [debug] Initial registration required due to [T3511-EXPIRY-IN-ATT-REG]
[2023-01-09 12:09:02.436] [nas] [debug] UAC access attempt is allowed for identity[0], category[MO_sig]
[2023-01-09 12:09:02.436] [nas] [debug] Sending Initial Registration
[2023-01-09 12:09:02.436] [nas] [info] UE switches to state [MM-REGISTER-INITIATED]
[2023-01-09 12:09:02.436] [rrc] [debug] Sending RRC Setup Request
[2023-01-09 12:09:02.436] [rrc] [info] RRC connection established
[2023-01-09 12:09:02.436] [rrc] [info] UE switches to state [RRC-CONNECTED]
[2023-01-09 12:09:02.436] [nas] [info] UE switches to state [CM-CONNECTED]
[2023-01-09 12:09:02.522] [nas] [debug] Authentication Request received
[2023-01-09 12:09:02.573] [nas] [debug] Security Mode Command received
[2023-01-09 12:09:02.573] [nas] [debug] Selected integrity[2] ciphering[0]
[2023-01-09 12:09:02.628] [nas] [debug] Registration accept received
[2023-01-09 12:09:02.628] [nas] [info] UE switches to state [MM-REGISTERED/NORMAL-SERVICE]
[2023-01-09 12:09:02.628] [nas] [info] UE switches to state [5U1-UPDATED]
[2023-01-09 12:09:02.628] [nas] [debug] Sending Registration Complete
[2023-01-09 12:09:02.628] [nas] [info] Initial Registration is successful
[2023-01-09 12:09:02.628] [nas] [debug] Sending PDU Session Establishment Request
[2023-01-09 12:09:02.629] [nas] [debug] UAC access attempt is allowed for identity[0], category[MO_sig]
[2023-01-09 12:09:02.706] [nas] [debug] PDU Session Establishment Accept received
[2023-01-09 12:09:02.706] [nas] [info] PDU Session establishment is successful PSI[1]
[2023-01-09 12:09:02.858] [app] [info] Connection setup for PDU session[1] is successful, TUN interface[uesimtun160, 10.60.3.251] is up.
[2023-01-09 12:09:21.212] [nas] [debug] De-registration required due to [NORMAL]
[2023-01-09 12:09:21.222] [nas] [debug] Starting de-registration procedure due to [NORMAL]
[2023-01-09 12:09:21.222] [nas] [debug] Performing local release of PDU session[1]
[2023-01-09 12:09:21.222] [nas] [info] UE switches to state [MM-DEREGISTER-INITIATED]
[2023-01-09 12:09:36.474] [nas] [debug] NAS timer[3521] expired [1]
[2023-01-09 12:09:36.474] [nas] [debug] Retransmitting De-registration Request due to T3521 expiry
[2023-01-09 12:09:47.259] [nas] [debug] De-registration required due to [NORMAL]
[2023-01-09 12:09:51.492] [nas] [debug] NAS timer[3521] expired [2]
[2023-01-09 12:09:51.492] [nas] [debug] Retransmitting De-registration Request due to T3521 expiry
