UERANSIM v3.2.6
[2023-01-09 12:03:18.005] [nas] [info] UE switches to state [MM-DEREGISTERED/PLMN-SEARCH]
[2023-01-09 12:03:18.011] [rrc] [debug] New signal detected for cell[1], total [1] cells in coverage
[2023-01-09 12:03:18.011] [nas] [info] Selected plmn[208/93]
[2023-01-09 12:03:18.011] [rrc] [info] Selected cell plmn[208/93] tac[1] category[SUITABLE]
[2023-01-09 12:03:18.011] [nas] [info] UE switches to state [MM-DEREGISTERED/PS]
[2023-01-09 12:03:18.011] [nas] [info] UE switches to state [MM-DEREGISTERED/NORMAL-SERVICE]
[2023-01-09 12:03:18.011] [nas] [debug] Initial registration required due to [MM-DEREG-NORMAL-SERVICE]
[2023-01-09 12:03:18.011] [nas] [debug] UAC access attempt is allowed for identity[0], category[MO_sig]
[2023-01-09 12:03:18.012] [nas] [debug] Sending Initial Registration
[2023-01-09 12:03:18.012] [nas] [info] UE switches to state [MM-REGISTER-INITIATED]
[2023-01-09 12:03:18.012] [rrc] [debug] Sending RRC Setup Request
[2023-01-09 12:03:18.012] [rrc] [info] RRC connection established
[2023-01-09 12:03:18.012] [rrc] [info] UE switches to state [RRC-CONNECTED]
[2023-01-09 12:03:18.012] [nas] [info] UE switches to state [CM-CONNECTED]
[2023-01-09 12:03:18.028] [nas] [debug] Authentication Request received
[2023-01-09 12:03:18.033] [nas] [debug] Security Mode Command received
[2023-01-09 12:03:18.033] [nas] [debug] Selected integrity[2] ciphering[0]
[2023-01-09 12:03:18.062] [nas] [debug] Registration accept received
[2023-01-09 12:03:18.062] [nas] [info] UE switches to state [MM-REGISTERED/NORMAL-SERVICE]
[2023-01-09 12:03:18.062] [nas] [debug] Sending Registration Complete
[2023-01-09 12:03:18.062] [nas] [info] Initial Registration is successful
[2023-01-09 12:03:18.062] [nas] [debug] Sending PDU Session Establishment Request
[2023-01-09 12:03:18.064] [nas] [debug] UAC access attempt is allowed for identity[0], category[MO_sig]
[2023-01-09 12:03:18.294] [nas] [debug] PDU Session Establishment Accept received
[2023-01-09 12:03:18.294] [nas] [info] PDU Session establishment is successful PSI[1]
[2023-01-09 12:03:18.332] [app] [info] Connection setup for PDU session[1] is successful, TUN interface[uesimtun66, 10.60.0.67] is up.
[2023-01-09 12:03:54.182] [nas] [debug] Sending PDU Session Release Request for PSI[1]
[2023-01-09 12:03:54.583] [nas] [debug] PDU Session Release Command received
[2023-01-09 12:03:54.583] [nas] [debug] Performing local release of PDU session[1]
[2023-01-09 12:03:55.384] [nas] [debug] Sending PDU Session Establishment Request
[2023-01-09 12:03:55.392] [nas] [debug] UAC access attempt is allowed for identity[0], category[MO_sig]
[2023-01-09 12:03:55.538] [nas] [debug] PDU Session Establishment Accept received
[2023-01-09 12:03:55.539] [nas] [info] PDU Session establishment is successful PSI[1]
[2023-01-09 12:03:55.740] [app] [info] Connection setup for PDU session[1] is successful, TUN interface[uesimtun71, 10.60.0.143] is up.
[2023-01-09 12:04:07.244] [nas] [debug] Sending PDU Session Release Request for PSI[1]
[2023-01-09 12:04:07.298] [nas] [debug] PDU Session Release Command received
[2023-01-09 12:04:07.298] [nas] [debug] Performing local release of PDU session[1]
[2023-01-09 12:04:07.554] [nas] [debug] Sending PDU Session Establishment Request
[2023-01-09 12:04:07.556] [nas] [debug] UAC access attempt is allowed for identity[0], category[MO_sig]
[2023-01-09 12:04:07.601] [nas] [debug] PDU Session Establishment Accept received
[2023-01-09 12:04:07.601] [nas] [info] PDU Session establishment is successful PSI[1]
[2023-01-09 12:04:07.704] [app] [info] Connection setup for PDU session[1] is successful, TUN interface[uesimtun31, 10.60.0.171] is up.
[2023-01-09 12:04:19.306] [nas] [debug] Sending PDU Session Establishment Request
[2023-01-09 12:04:19.407] [nas] [error] No response from RRC from UAC checks, considering access attempt is barred
[2023-01-09 12:04:36.100] [nas] [warning] Retransmitting PDU Session Establishment Request due to T3580 expiry
[2023-01-09 12:04:36.101] [nas] [debug] UAC access attempt is allowed for identity[0], category[MO_sig]
[2023-01-09 12:04:36.380] [nas] [debug] PDU Session Establishment Accept received
[2023-01-09 12:04:36.380] [nas] [info] PDU Session establishment is successful PSI[2]
[2023-01-09 12:04:36.458] [app] [info] Connection setup for PDU session[2] is successful, TUN interface[uesimtun78, 10.60.1.38] is up.
[2023-01-09 12:04:45.522] [nas] [debug] Sending PDU Session Establishment Request
[2023-01-09 12:04:45.623] [nas] [error] No response from RRC from UAC checks, considering access attempt is barred
[2023-01-09 12:05:02.151] [nas] [warning] Retransmitting PDU Session Establishment Request due to T3580 expiry
[2023-01-09 12:05:02.151] [nas] [debug] UAC access attempt is allowed for identity[0], category[MO_sig]
[2023-01-09 12:05:02.186] [nas] [debug] PDU Session Establishment Accept received
[2023-01-09 12:05:02.186] [nas] [info] PDU Session establishment is successful PSI[3]
[2023-01-09 12:05:02.262] [app] [info] Connection setup for PDU session[3] is successful, TUN interface[uesimtun85, 10.60.1.126] is up.
[2023-01-09 12:05:10.683] [nas] [debug] De-registration required due to [NORMAL]
[2023-01-09 12:05:10.694] [nas] [debug] Starting de-registration procedure due to [NORMAL]
[2023-01-09 12:05:10.694] [nas] [debug] Performing local release of PDU session[1]
[2023-01-09 12:05:10.694] [nas] [debug] Performing local release of PDU session[2]
[2023-01-09 12:05:10.694] [nas] [debug] Performing local release of PDU session[3]
[2023-01-09 12:05:10.694] [nas] [info] UE switches to state [MM-DEREGISTER-INITIATED]
[2023-01-09 12:05:10.914] [nas] [debug] De-registration accept received
[2023-01-09 12:05:10.914] [nas] [info] UE switches to state [MM-DEREGISTERED/PS]
[2023-01-09 12:05:10.914] [nas] [info] De-registration is successful
[2023-01-09 12:05:10.914] [nas] [info] UE switches to state [MM-DEREGISTERED/NORMAL-SERVICE]
[2023-01-09 12:05:10.914] [nas] [debug] Initial registration required due to [MM-DEREG-NORMAL-SERVICE]
[2023-01-09 12:05:10.914] [nas] [debug] Sending Initial Registration
[2023-01-09 12:05:10.914] [nas] [debug] Deleting NAS security context
[2023-01-09 12:05:10.914] [nas] [info] UE switches to state [MM-REGISTER-INITIATED]
[2023-01-09 12:05:10.916] [rrc] [debug] RRC Release received
[2023-01-09 12:05:10.916] [nas] [info] UE switches to state [CM-IDLE]
[2023-01-09 12:05:10.916] [nas] [info] UE switches to state [MM-DEREGISTERED/PS]
[2023-01-09 12:05:10.916] [nas] [info] UE switches to state [5U2-NOT-UPDATED]
[2023-01-09 12:05:10.916] [nas] [info] UE switches to state [MM-DEREGISTERED/ATTEMPTING-REGISTRATION]
[2023-01-09 12:05:21.175] [nas] [debug] NAS timer[3511] expired [1]
[2023-01-09 12:05:21.175] [nas] [debug] Initial registration required due to [T3511-EXPIRY-IN-ATT-REG]
[2023-01-09 12:05:21.175] [nas] [debug] UAC access attempt is allowed for identity[0], category[MO_sig]
[2023-01-09 12:05:21.175] [nas] [debug] Sending Initial Registration
[2023-01-09 12:05:21.175] [nas] [info] UE switches to state [MM-REGISTER-INITIATED]
[2023-01-09 12:05:21.175] [rrc] [debug] Sending RRC Setup Request
[2023-01-09 12:05:21.176] [rrc] [info] RRC connection established
[2023-01-09 12:05:21.176] [rrc] [info] UE switches to state [RRC-CONNECTED]
[2023-01-09 12:05:21.176] [nas] [info] UE switches to state [CM-CONNECTED]
[2023-01-09 12:05:21.320] [nas] [debug] Authentication Request received
[2023-01-09 12:05:21.353] [nas] [debug] Security Mode Command received
[2023-01-09 12:05:21.353] [nas] [debug] Selected integrity[2] ciphering[0]
[2023-01-09 12:05:21.441] [nas] [debug] Registration accept received
[2023-01-09 12:05:21.441] [nas] [info] UE switches to state [MM-REGISTERED/NORMAL-SERVICE]
[2023-01-09 12:05:21.441] [nas] [info] UE switches to state [5U1-UPDATED]
[2023-01-09 12:05:21.441] [nas] [debug] Sending Registration Complete
[2023-01-09 12:05:21.441] [nas] [info] Initial Registration is successful
[2023-01-09 12:05:21.441] [nas] [debug] Sending PDU Session Establishment Request
[2023-01-09 12:05:21.447] [nas] [debug] UAC access attempt is allowed for identity[0], category[MO_sig]
[2023-01-09 12:05:21.556] [nas] [debug] PDU Session Establishment Accept received
[2023-01-09 12:05:21.556] [nas] [info] PDU Session establishment is successful PSI[1]
[2023-01-09 12:05:21.747] [app] [info] Connection setup for PDU session[1] is successful, TUN interface[uesimtun128, 10.60.1.181] is up.
[2023-01-09 12:05:38.739] [nas] [debug] Sending PDU Session Establishment Request
[2023-01-09 12:05:38.840] [nas] [error] No response from RRC from UAC checks, considering access attempt is barred
[2023-01-09 12:05:55.218] [nas] [warning] Retransmitting PDU Session Establishment Request due to T3580 expiry
[2023-01-09 12:05:55.218] [nas] [debug] UAC access attempt is allowed for identity[0], category[MO_sig]
[2023-01-09 12:05:55.345] [nas] [debug] PDU Session Establishment Accept received
[2023-01-09 12:05:55.345] [nas] [info] PDU Session establishment is successful PSI[2]
[2023-01-09 12:05:55.451] [app] [info] Connection setup for PDU session[2] is successful, TUN interface[uesimtun25, 10.60.2.18] is up.
[2023-01-09 12:06:08.937] [nas] [debug] Sending PDU Session Establishment Request
[2023-01-09 12:06:09.038] [nas] [error] No response from RRC from UAC checks, considering access attempt is barred
[2023-01-09 12:06:25.254] [nas] [warning] Retransmitting PDU Session Establishment Request due to T3580 expiry
[2023-01-09 12:06:25.254] [nas] [debug] UAC access attempt is allowed for identity[0], category[MO_sig]
[2023-01-09 12:06:25.322] [nas] [debug] PDU Session Establishment Accept received
[2023-01-09 12:06:25.322] [nas] [info] PDU Session establishment is successful PSI[3]
[2023-01-09 12:06:25.449] [app] [info] Connection setup for PDU session[3] is successful, TUN interface[uesimtun135, 10.60.2.99] is up.
[2023-01-09 12:06:38.116] [nas] [debug] De-registration required due to [NORMAL]
[2023-01-09 12:06:38.127] [nas] [debug] Starting de-registration procedure due to [NORMAL]
[2023-01-09 12:06:38.127] [nas] [debug] Performing local release of PDU session[1]
[2023-01-09 12:06:38.127] [nas] [debug] Performing local release of PDU session[2]
[2023-01-09 12:06:38.127] [nas] [debug] Performing local release of PDU session[3]
[2023-01-09 12:06:38.127] [nas] [info] UE switches to state [MM-DEREGISTER-INITIATED]
[2023-01-09 12:06:38.142] [nas] [debug] De-registration accept received
[2023-01-09 12:06:38.142] [nas] [info] UE switches to state [MM-DEREGISTERED/PS]
[2023-01-09 12:06:38.142] [nas] [info] De-registration is successful
[2023-01-09 12:06:38.142] [nas] [info] UE switches to state [MM-DEREGISTERED/NORMAL-SERVICE]
[2023-01-09 12:06:38.142] [nas] [debug] Initial registration required due to [MM-DEREG-NORMAL-SERVICE]
[2023-01-09 12:06:38.142] [nas] [debug] Sending Initial Registration
[2023-01-09 12:06:38.142] [nas] [debug] Deleting NAS security context
[2023-01-09 12:06:38.142] [nas] [info] UE switches to state [MM-REGISTER-INITIATED]
[2023-01-09 12:06:38.143] [rrc] [debug] RRC Release received
[2023-01-09 12:06:38.143] [nas] [info] UE switches to state [CM-IDLE]
[2023-01-09 12:06:38.143] [nas] [info] UE switches to state [MM-DEREGISTERED/PS]
[2023-01-09 12:06:38.143] [nas] [info] UE switches to state [5U2-NOT-UPDATED]
[2023-01-09 12:06:38.143] [nas] [info] UE switches to state [MM-DEREGISTERED/ATTEMPTING-REGISTRATION]
[2023-01-09 12:06:48.285] [nas] [debug] NAS timer[3511] expired [1]
[2023-01-09 12:06:48.285] [nas] [debug] Initial registration required due to [T3511-EXPIRY-IN-ATT-REG]
[2023-01-09 12:06:48.286] [nas] [debug] UAC access attempt is allowed for identity[0], category[MO_sig]
[2023-01-09 12:06:48.286] [nas] [debug] Sending Initial Registration
[2023-01-09 12:06:48.286] [nas] [info] UE switches to state [MM-REGISTER-INITIATED]
[2023-01-09 12:06:48.286] [rrc] [debug] Sending RRC Setup Request
[2023-01-09 12:06:48.290] [rrc] [info] RRC connection established
[2023-01-09 12:06:48.290] [rrc] [info] UE switches to state [RRC-CONNECTED]
[2023-01-09 12:06:48.291] [nas] [info] UE switches to state [CM-CONNECTED]
[2023-01-09 12:06:48.489] [nas] [debug] Authentication Request received
[2023-01-09 12:06:48.530] [nas] [debug] Security Mode Command received
[2023-01-09 12:06:48.531] [nas] [debug] Selected integrity[2] ciphering[0]
[2023-01-09 12:06:48.590] [nas] [debug] Registration accept received
[2023-01-09 12:06:48.591] [nas] [info] UE switches to state [MM-REGISTERED/NORMAL-SERVICE]
[2023-01-09 12:06:48.591] [nas] [info] UE switches to state [5U1-UPDATED]
[2023-01-09 12:06:48.591] [nas] [debug] Sending Registration Complete
[2023-01-09 12:06:48.591] [nas] [info] Initial Registration is successful
[2023-01-09 12:06:48.591] [nas] [debug] Sending PDU Session Establishment Request
[2023-01-09 12:06:48.591] [nas] [debug] UAC access attempt is allowed for identity[0], category[MO_sig]
[2023-01-09 12:06:48.677] [nas] [debug] PDU Session Establishment Accept received
[2023-01-09 12:06:48.677] [nas] [info] PDU Session establishment is successful PSI[1]
[2023-01-09 12:06:48.807] [app] [info] Connection setup for PDU session[1] is successful, TUN interface[uesimtun5, 10.60.2.160] is up.
[2023-01-09 12:07:06.181] [nas] [debug] Sending PDU Session Release Request for PSI[1]
[2023-01-09 12:07:06.204] [nas] [error] PDU Session Release Reject received [REQUEST_REJECTED_UNSPECIFIED]
[2023-01-09 12:07:06.204] [nas] [error] PS release reject received without being requested
[2023-01-09 12:07:06.204] [nas] [warning] Sending SM Cause[MESSAGE_TYPE_NOT_COMPATIBLE_WITH_THE_PROTOCOL_STATE] for PSI[1]
[2023-01-09 12:07:14.207] [nas] [debug] Sending PDU Session Release Request for PSI[1]
[2023-01-09 12:07:14.238] [nas] [error] PDU Session Release Reject received [REQUEST_REJECTED_UNSPECIFIED]
[2023-01-09 12:07:14.239] [nas] [error] PS release reject received without being requested
[2023-01-09 12:07:14.239] [nas] [warning] Sending SM Cause[MESSAGE_TYPE_NOT_COMPATIBLE_WITH_THE_PROTOCOL_STATE] for PSI[1]
[2023-01-09 12:07:20.296] [nas] [warning] PDU session release procedure could not start: PS[2] is not active already
[2023-01-09 12:07:28.364] [nas] [debug] Sending PDU Session Release Request for PSI[1]
[2023-01-09 12:07:28.401] [nas] [error] PDU Session Release Reject received [REQUEST_REJECTED_UNSPECIFIED]
[2023-01-09 12:07:28.401] [nas] [error] PS release reject received without being requested
[2023-01-09 12:07:28.401] [nas] [warning] Sending SM Cause[MESSAGE_TYPE_NOT_COMPATIBLE_WITH_THE_PROTOCOL_STATE] for PSI[1]
[2023-01-09 12:07:35.399] [nas] [debug] Sending PDU Session Release Request for PSI[1]
[2023-01-09 12:07:35.610] [nas] [error] PDU Session Release Reject received [REQUEST_REJECTED_UNSPECIFIED]
[2023-01-09 12:07:35.610] [nas] [error] PS release reject received without being requested
[2023-01-09 12:07:35.610] [nas] [warning] Sending SM Cause[MESSAGE_TYPE_NOT_COMPATIBLE_WITH_THE_PROTOCOL_STATE] for PSI[1]
[2023-01-09 12:07:48.485] [nas] [debug] Sending PDU Session Establishment Request
[2023-01-09 12:07:48.586] [nas] [error] No response from RRC from UAC checks, considering access attempt is barred
[2023-01-09 12:08:05.380] [nas] [warning] Retransmitting PDU Session Establishment Request due to T3580 expiry
[2023-01-09 12:08:05.383] [nas] [debug] UAC access attempt is allowed for identity[0], category[MO_sig]
[2023-01-09 12:08:05.415] [nas] [debug] PDU Session Establishment Accept received
[2023-01-09 12:08:05.415] [nas] [info] PDU Session establishment is successful PSI[2]
[2023-01-09 12:08:05.515] [app] [info] Connection setup for PDU session[2] is successful, TUN interface[uesimtun105, 10.60.3.103] is up.
[2023-01-09 12:08:16.676] [nas] [debug] Sending PDU Session Establishment Request
[2023-01-09 12:08:16.777] [nas] [error] No response from RRC from UAC checks, considering access attempt is barred
[2023-01-09 12:08:33.415] [nas] [warning] Retransmitting PDU Session Establishment Request due to T3580 expiry
[2023-01-09 12:08:33.417] [nas] [debug] UAC access attempt is allowed for identity[0], category[MO_sig]
[2023-01-09 12:08:33.590] [nas] [debug] PDU Session Establishment Accept received
[2023-01-09 12:08:33.590] [nas] [info] PDU Session establishment is successful PSI[3]
[2023-01-09 12:08:33.758] [app] [info] Connection setup for PDU session[3] is successful, TUN interface[uesimtun127, 10.60.3.169] is up.
[2023-01-09 12:08:51.015] [nas] [warning] PDU session release procedure could not start: PS[4] is not active already
[2023-01-09 12:09:04.069] [nas] [debug] Sending PDU Session Release Request for PSI[1]
[2023-01-09 12:09:04.069] [nas] [debug] Sending PDU Session Release Request for PSI[2]
[2023-01-09 12:09:04.069] [nas] [debug] Sending PDU Session Release Request for PSI[3]
[2023-01-09 12:09:04.260] [nas] [error] PDU Session Release Reject received [REQUEST_REJECTED_UNSPECIFIED]
[2023-01-09 12:09:04.260] [nas] [error] PS release reject received without being requested
[2023-01-09 12:09:04.260] [nas] [warning] Sending SM Cause[MESSAGE_TYPE_NOT_COMPATIBLE_WITH_THE_PROTOCOL_STATE] for PSI[1]
[2023-01-09 12:09:04.263] [nas] [error] PDU Session Release Reject received [REQUEST_REJECTED_UNSPECIFIED]
[2023-01-09 12:09:04.263] [nas] [error] PS release reject received without being requested
[2023-01-09 12:09:04.263] [nas] [warning] Sending SM Cause[MESSAGE_TYPE_NOT_COMPATIBLE_WITH_THE_PROTOCOL_STATE] for PSI[2]
[2023-01-09 12:09:04.268] [nas] [error] PDU Session Release Reject received [REQUEST_REJECTED_UNSPECIFIED]
[2023-01-09 12:09:04.268] [nas] [error] PS release reject received without being requested
[2023-01-09 12:09:04.268] [nas] [warning] Sending SM Cause[MESSAGE_TYPE_NOT_COMPATIBLE_WITH_THE_PROTOCOL_STATE] for PSI[3]
[2023-01-09 12:09:17.159] [nas] [debug] Sending PDU Session Release Request for PSI[1]
[2023-01-09 12:09:24.205] [nas] [debug] Sending PDU Session Release Request for PSI[1]
[2023-01-09 12:09:24.205] [nas] [debug] Sending PDU Session Release Request for PSI[2]
[2023-01-09 12:09:24.205] [nas] [debug] Sending PDU Session Release Request for PSI[3]
[2023-01-09 12:09:30.235] [nas] [debug] Sending PDU Session Establishment Request
[2023-01-09 12:09:30.336] [nas] [error] No response from RRC from UAC checks, considering access attempt is barred
[2023-01-09 12:09:33.489] [nas] [warning] Retransmitting PDU Session Release Request due to T3582 expiry
[2023-01-09 12:09:40.497] [nas] [warning] Retransmitting PDU Session Release Request due to T3582 expiry
[2023-01-09 12:09:40.497] [nas] [warning] Retransmitting PDU Session Release Request due to T3582 expiry
[2023-01-09 12:09:40.497] [nas] [warning] Retransmitting PDU Session Release Request due to T3582 expiry
[2023-01-09 12:09:46.503] [nas] [warning] Retransmitting PDU Session Establishment Request due to T3580 expiry
[2023-01-09 12:09:46.503] [nas] [debug] UAC access attempt is allowed for identity[0], category[MO_sig]
[2023-01-09 12:09:49.506] [nas] [warning] Retransmitting PDU Session Release Request due to T3582 expiry
[2023-01-09 12:09:56.513] [nas] [warning] Retransmitting PDU Session Release Request due to T3582 expiry
[2023-01-09 12:09:56.513] [nas] [warning] Retransmitting PDU Session Release Request due to T3582 expiry
[2023-01-09 12:09:56.513] [nas] [warning] Retransmitting PDU Session Release Request due to T3582 expiry
[2023-01-09 12:09:59.419] [nas] [debug] Sending PDU Session Release Request for PSI[3]
[2023-01-09 12:10:02.525] [nas] [warning] Retransmitting PDU Session Establishment Request due to T3580 expiry
[2023-01-09 12:10:02.525] [nas] [debug] UAC access attempt is allowed for identity[0], category[MO_sig]
