UERANSIM v3.2.6
[2023-01-09 12:03:02.986] [nas] [info] UE switches to state [MM-DEREGISTERED/PLMN-SEARCH]
[2023-01-09 12:03:02.986] [rrc] [debug] New signal detected for cell[1], total [1] cells in coverage
[2023-01-09 12:03:02.986] [nas] [info] Selected plmn[208/93]
[2023-01-09 12:03:02.986] [rrc] [info] Selected cell plmn[208/93] tac[1] category[SUITABLE]
[2023-01-09 12:03:02.986] [nas] [info] UE switches to state [MM-DEREGISTERED/PS]
[2023-01-09 12:03:02.986] [nas] [info] UE switches to state [MM-DEREGISTERED/NORMAL-SERVICE]
[2023-01-09 12:03:02.986] [nas] [debug] Initial registration required due to [MM-DEREG-NORMAL-SERVICE]
[2023-01-09 12:03:02.986] [nas] [debug] UAC access attempt is allowed for identity[0], category[MO_sig]
[2023-01-09 12:03:02.986] [nas] [debug] Sending Initial Registration
[2023-01-09 12:03:02.986] [nas] [info] UE switches to state [MM-REGISTER-INITIATED]
[2023-01-09 12:03:02.986] [rrc] [debug] Sending RRC Setup Request
[2023-01-09 12:03:02.987] [rrc] [info] RRC connection established
[2023-01-09 12:03:02.987] [rrc] [info] UE switches to state [RRC-CONNECTED]
[2023-01-09 12:03:02.987] [nas] [info] UE switches to state [CM-CONNECTED]
[2023-01-09 12:03:03.004] [nas] [debug] Authentication Request received
[2023-01-09 12:03:03.011] [nas] [debug] Security Mode Command received
[2023-01-09 12:03:03.011] [nas] [debug] Selected integrity[2] ciphering[0]
[2023-01-09 12:03:03.037] [nas] [debug] Registration accept received
[2023-01-09 12:03:03.037] [nas] [info] UE switches to state [MM-REGISTERED/NORMAL-SERVICE]
[2023-01-09 12:03:03.037] [nas] [debug] Sending Registration Complete
[2023-01-09 12:03:03.037] [nas] [info] Initial Registration is successful
[2023-01-09 12:03:03.037] [nas] [debug] Sending PDU Session Establishment Request
[2023-01-09 12:03:03.039] [nas] [debug] UAC access attempt is allowed for identity[0], category[MO_sig]
[2023-01-09 12:03:03.271] [nas] [debug] PDU Session Establishment Accept received
[2023-01-09 12:03:03.271] [nas] [info] PDU Session establishment is successful PSI[1]
[2023-01-09 12:03:03.307] [app] [info] Connection setup for PDU session[1] is successful, TUN interface[uesimtun51, 10.60.0.52] is up.
[2023-01-09 12:03:53.621] [nas] [debug] Sending PDU Session Release Request for PSI[1]
[2023-01-09 12:03:53.981] [nas] [debug] PDU Session Release Command received
[2023-01-09 12:03:53.981] [nas] [debug] Performing local release of PDU session[1]
[2023-01-09 12:03:54.733] [nas] [debug] Sending PDU Session Establishment Request
[2023-01-09 12:03:54.744] [nas] [debug] UAC access attempt is allowed for identity[0], category[MO_sig]
[2023-01-09 12:03:55.190] [nas] [debug] PDU Session Establishment Accept received
[2023-01-09 12:03:55.190] [nas] [info] PDU Session establishment is successful PSI[1]
[2023-01-09 12:03:55.378] [app] [info] Connection setup for PDU session[1] is successful, TUN interface[uesimtun27, 10.60.0.138] is up.
[2023-01-09 12:04:07.740] [nas] [debug] De-registration required due to [NORMAL]
[2023-01-09 12:04:07.752] [nas] [debug] Starting de-registration procedure due to [NORMAL]
[2023-01-09 12:04:07.752] [nas] [debug] Performing local release of PDU session[1]
[2023-01-09 12:04:07.752] [nas] [info] UE switches to state [MM-DEREGISTER-INITIATED]
[2023-01-09 12:04:07.862] [nas] [debug] De-registration accept received
[2023-01-09 12:04:07.862] [nas] [info] UE switches to state [MM-DEREGISTERED/PS]
[2023-01-09 12:04:07.862] [nas] [info] De-registration is successful
[2023-01-09 12:04:07.862] [nas] [info] UE switches to state [MM-DEREGISTERED/NORMAL-SERVICE]
[2023-01-09 12:04:07.862] [nas] [debug] Initial registration required due to [MM-DEREG-NORMAL-SERVICE]
[2023-01-09 12:04:07.862] [nas] [debug] Sending Initial Registration
[2023-01-09 12:04:07.862] [nas] [debug] Deleting NAS security context
[2023-01-09 12:04:07.862] [nas] [info] UE switches to state [MM-REGISTER-INITIATED]
[2023-01-09 12:04:07.864] [rrc] [debug] RRC Release received
[2023-01-09 12:04:07.864] [nas] [info] UE switches to state [CM-IDLE]
[2023-01-09 12:04:07.864] [nas] [info] UE switches to state [MM-DEREGISTERED/PS]
[2023-01-09 12:04:07.864] [nas] [info] UE switches to state [5U2-NOT-UPDATED]
[2023-01-09 12:04:07.864] [nas] [info] UE switches to state [MM-DEREGISTERED/ATTEMPTING-REGISTRATION]
[2023-01-09 12:04:18.063] [nas] [debug] NAS timer[3511] expired [1]
[2023-01-09 12:04:18.063] [nas] [debug] Initial registration required due to [T3511-EXPIRY-IN-ATT-REG]
[2023-01-09 12:04:18.063] [nas] [debug] UAC access attempt is allowed for identity[0], category[MO_sig]
[2023-01-09 12:04:18.063] [nas] [debug] Sending Initial Registration
[2023-01-09 12:04:18.063] [nas] [info] UE switches to state [MM-REGISTER-INITIATED]
[2023-01-09 12:04:18.063] [rrc] [debug] Sending RRC Setup Request
[2023-01-09 12:04:18.064] [rrc] [info] RRC connection established
[2023-01-09 12:04:18.064] [rrc] [info] UE switches to state [RRC-CONNECTED]
[2023-01-09 12:04:18.064] [nas] [info] UE switches to state [CM-CONNECTED]
[2023-01-09 12:04:18.276] [nas] [debug] Authentication Request received
[2023-01-09 12:04:18.294] [nas] [debug] Security Mode Command received
[2023-01-09 12:04:18.294] [nas] [debug] Selected integrity[2] ciphering[0]
[2023-01-09 12:04:18.331] [nas] [debug] Registration accept received
[2023-01-09 12:04:18.332] [nas] [info] UE switches to state [MM-REGISTERED/NORMAL-SERVICE]
[2023-01-09 12:04:18.332] [nas] [info] UE switches to state [5U1-UPDATED]
[2023-01-09 12:04:18.332] [nas] [debug] Sending Registration Complete
[2023-01-09 12:04:18.332] [nas] [info] Initial Registration is successful
[2023-01-09 12:04:18.332] [nas] [debug] Sending PDU Session Establishment Request
[2023-01-09 12:04:18.332] [nas] [debug] UAC access attempt is allowed for identity[0], category[MO_sig]
[2023-01-09 12:04:18.567] [nas] [debug] PDU Session Establishment Accept received
[2023-01-09 12:04:18.567] [nas] [info] PDU Session establishment is successful PSI[1]
[2023-01-09 12:04:18.668] [app] [info] Connection setup for PDU session[1] is successful, TUN interface[uesimtun30, 10.60.0.224] is up.
[2023-01-09 12:04:35.796] [nas] [debug] Sending PDU Session Release Request for PSI[1]
[2023-01-09 12:04:35.893] [nas] [debug] PDU Session Release Command received
[2023-01-09 12:04:35.894] [nas] [debug] Performing local release of PDU session[1]
[2023-01-09 12:04:36.581] [nas] [debug] Sending PDU Session Establishment Request
[2023-01-09 12:04:36.584] [nas] [debug] UAC access attempt is allowed for identity[0], category[MO_sig]
[2023-01-09 12:04:36.624] [nas] [debug] PDU Session Establishment Accept received
[2023-01-09 12:04:36.624] [nas] [info] PDU Session establishment is successful PSI[1]
[2023-01-09 12:04:36.753] [app] [info] Connection setup for PDU session[1] is successful, TUN interface[uesimtun89, 10.60.1.39] is up.
[2023-01-09 12:04:42.899] [nas] [debug] Sending PDU Session Release Request for PSI[1]
[2023-01-09 12:04:42.989] [nas] [debug] PDU Session Release Command received
[2023-01-09 12:04:42.989] [nas] [debug] Performing local release of PDU session[1]
[2023-01-09 12:04:43.193] [nas] [debug] Sending PDU Session Establishment Request
[2023-01-09 12:04:43.195] [nas] [debug] UAC access attempt is allowed for identity[0], category[MO_sig]
[2023-01-09 12:04:43.316] [nas] [debug] PDU Session Establishment Accept received
[2023-01-09 12:04:43.316] [nas] [info] PDU Session establishment is successful PSI[1]
[2023-01-09 12:04:43.440] [app] [info] Connection setup for PDU session[1] is successful, TUN interface[uesimtun118, 10.60.1.71] is up.
[2023-01-09 12:04:55.935] [nas] [debug] De-registration required due to [NORMAL]
[2023-01-09 12:04:55.945] [nas] [debug] Starting de-registration procedure due to [NORMAL]
[2023-01-09 12:04:55.945] [nas] [debug] Performing local release of PDU session[1]
[2023-01-09 12:04:55.945] [nas] [info] UE switches to state [MM-DEREGISTER-INITIATED]
[2023-01-09 12:04:55.956] [nas] [debug] De-registration accept received
[2023-01-09 12:04:55.956] [nas] [info] UE switches to state [MM-DEREGISTERED/PS]
[2023-01-09 12:04:55.956] [nas] [info] De-registration is successful
[2023-01-09 12:04:55.956] [nas] [info] UE switches to state [MM-DEREGISTERED/NORMAL-SERVICE]
[2023-01-09 12:04:55.956] [nas] [debug] Initial registration required due to [MM-DEREG-NORMAL-SERVICE]
[2023-01-09 12:04:55.956] [nas] [debug] Sending Initial Registration
[2023-01-09 12:04:55.956] [nas] [debug] Deleting NAS security context
[2023-01-09 12:04:55.956] [nas] [info] UE switches to state [MM-REGISTER-INITIATED]
[2023-01-09 12:04:55.959] [rrc] [debug] RRC Release received
[2023-01-09 12:04:55.960] [nas] [info] UE switches to state [CM-IDLE]
[2023-01-09 12:04:55.960] [nas] [info] UE switches to state [MM-DEREGISTERED/PS]
[2023-01-09 12:04:55.960] [nas] [info] UE switches to state [5U2-NOT-UPDATED]
[2023-01-09 12:04:55.960] [nas] [info] UE switches to state [MM-DEREGISTERED/ATTEMPTING-REGISTRATION]
[2023-01-09 12:05:06.136] [nas] [debug] NAS timer[3511] expired [1]
[2023-01-09 12:05:06.136] [nas] [debug] Initial registration required due to [T3511-EXPIRY-IN-ATT-REG]
[2023-01-09 12:05:06.136] [nas] [debug] UAC access attempt is allowed for identity[0], category[MO_sig]
[2023-01-09 12:05:06.136] [nas] [debug] Sending Initial Registration
[2023-01-09 12:05:06.136] [nas] [info] UE switches to state [MM-REGISTER-INITIATED]
[2023-01-09 12:05:06.136] [rrc] [debug] Sending RRC Setup Request
[2023-01-09 12:05:06.136] [rrc] [info] RRC connection established
[2023-01-09 12:05:06.136] [rrc] [info] UE switches to state [RRC-CONNECTED]
[2023-01-09 12:05:06.137] [nas] [info] UE switches to state [CM-CONNECTED]
[2023-01-09 12:05:06.213] [nas] [debug] Authentication Request received
[2023-01-09 12:05:06.421] [nas] [debug] Security Mode Command received
[2023-01-09 12:05:06.421] [nas] [debug] Selected integrity[2] ciphering[0]
[2023-01-09 12:05:06.475] [nas] [debug] Registration accept received
[2023-01-09 12:05:06.475] [nas] [info] UE switches to state [MM-REGISTERED/NORMAL-SERVICE]
[2023-01-09 12:05:06.475] [nas] [info] UE switches to state [5U1-UPDATED]
[2023-01-09 12:05:06.475] [nas] [debug] Sending Registration Complete
[2023-01-09 12:05:06.475] [nas] [info] Initial Registration is successful
[2023-01-09 12:05:06.475] [nas] [debug] Sending PDU Session Establishment Request
[2023-01-09 12:05:06.484] [nas] [debug] UAC access attempt is allowed for identity[0], category[MO_sig]
[2023-01-09 12:05:06.553] [nas] [debug] PDU Session Establishment Accept received
[2023-01-09 12:05:06.553] [nas] [info] PDU Session establishment is successful PSI[1]
[2023-01-09 12:05:06.671] [app] [info] Connection setup for PDU session[1] is successful, TUN interface[uesimtun12, 10.60.1.137] is up.
[2023-01-09 12:05:27.995] [nas] [debug] Sending PDU Session Release Request for PSI[1]
[2023-01-09 12:05:28.063] [nas] [error] PDU Session Release Reject received [REQUEST_REJECTED_UNSPECIFIED]
[2023-01-09 12:05:28.063] [nas] [error] PS release reject received without being requested
[2023-01-09 12:05:28.063] [nas] [warning] Sending SM Cause[MESSAGE_TYPE_NOT_COMPATIBLE_WITH_THE_PROTOCOL_STATE] for PSI[1]
[2023-01-09 12:05:36.057] [nas] [debug] De-registration required due to [NORMAL]
[2023-01-09 12:05:36.068] [nas] [debug] Starting de-registration procedure due to [NORMAL]
[2023-01-09 12:05:36.069] [nas] [debug] Performing local release of PDU session[1]
[2023-01-09 12:05:36.069] [nas] [info] UE switches to state [MM-DEREGISTER-INITIATED]
[2023-01-09 12:05:36.108] [rrc] [debug] RRC Release received
[2023-01-09 12:05:36.108] [nas] [debug] De-registration accept received
[2023-01-09 12:05:36.108] [nas] [info] UE switches to state [MM-DEREGISTERED/PS]
[2023-01-09 12:05:36.108] [nas] [info] De-registration is successful
[2023-01-09 12:05:36.108] [nas] [info] UE switches to state [CM-IDLE]
[2023-01-09 12:05:36.108] [nas] [info] UE switches to state [MM-DEREGISTERED/NORMAL-SERVICE]
[2023-01-09 12:05:36.108] [nas] [debug] Initial registration required due to [MM-DEREG-NORMAL-SERVICE]
[2023-01-09 12:05:36.111] [nas] [debug] UAC access attempt is allowed for identity[0], category[MO_sig]
[2023-01-09 12:05:36.111] [nas] [debug] Sending Initial Registration
[2023-01-09 12:05:36.114] [rrc] [debug] Sending RRC Setup Request
[2023-01-09 12:05:36.116] [nas] [debug] Deleting NAS security context
[2023-01-09 12:05:36.116] [nas] [info] UE switches to state [MM-REGISTER-INITIATED]
[2023-01-09 12:05:36.126] [rrc] [info] RRC connection established
[2023-01-09 12:05:36.126] [rrc] [info] UE switches to state [RRC-CONNECTED]
[2023-01-09 12:05:36.126] [nas] [info] UE switches to state [CM-CONNECTED]
[2023-01-09 12:05:36.339] [nas] [debug] Authentication Request received
[2023-01-09 12:05:36.355] [nas] [debug] Security Mode Command received
[2023-01-09 12:05:36.355] [nas] [debug] Selected integrity[2] ciphering[0]
[2023-01-09 12:05:36.381] [nas] [debug] Registration accept received
[2023-01-09 12:05:36.381] [nas] [info] UE switches to state [MM-REGISTERED/NORMAL-SERVICE]
[2023-01-09 12:05:36.381] [nas] [debug] Sending Registration Complete
[2023-01-09 12:05:36.381] [nas] [info] Initial Registration is successful
[2023-01-09 12:05:36.381] [nas] [debug] Sending PDU Session Establishment Request
[2023-01-09 12:05:36.384] [nas] [debug] UAC access attempt is allowed for identity[0], category[MO_sig]
[2023-01-09 12:05:36.613] [nas] [debug] PDU Session Establishment Accept received
[2023-01-09 12:05:36.613] [nas] [info] PDU Session establishment is successful PSI[1]
[2023-01-09 12:05:36.678] [app] [info] Connection setup for PDU session[1] is successful, TUN interface[uesimtun6, 10.60.1.226] is up.
[2023-01-09 12:06:07.115] [nas] [debug] Sending PDU Session Release Request for PSI[1]
[2023-01-09 12:06:07.134] [nas] [error] PDU Session Release Reject received [REQUEST_REJECTED_UNSPECIFIED]
[2023-01-09 12:06:07.134] [nas] [error] PS release reject received without being requested
[2023-01-09 12:06:07.134] [nas] [warning] Sending SM Cause[MESSAGE_TYPE_NOT_COMPATIBLE_WITH_THE_PROTOCOL_STATE] for PSI[1]
[2023-01-09 12:06:20.159] [nas] [debug] De-registration required due to [NORMAL]
[2023-01-09 12:06:20.169] [nas] [debug] Starting de-registration procedure due to [NORMAL]
[2023-01-09 12:06:20.169] [nas] [debug] Performing local release of PDU session[1]
[2023-01-09 12:06:20.169] [nas] [info] UE switches to state [MM-DEREGISTER-INITIATED]
[2023-01-09 12:06:20.360] [nas] [debug] De-registration accept received
[2023-01-09 12:06:20.360] [nas] [info] UE switches to state [MM-DEREGISTERED/PS]
[2023-01-09 12:06:20.360] [nas] [info] De-registration is successful
[2023-01-09 12:06:20.360] [nas] [info] UE switches to state [MM-DEREGISTERED/NORMAL-SERVICE]
[2023-01-09 12:06:20.360] [nas] [debug] Initial registration required due to [MM-DEREG-NORMAL-SERVICE]
[2023-01-09 12:06:20.360] [nas] [debug] Sending Initial Registration
[2023-01-09 12:06:20.360] [nas] [debug] Deleting NAS security context
[2023-01-09 12:06:20.360] [nas] [info] UE switches to state [MM-REGISTER-INITIATED]
[2023-01-09 12:06:20.361] [rrc] [debug] RRC Release received
[2023-01-09 12:06:20.361] [nas] [info] UE switches to state [CM-IDLE]
[2023-01-09 12:06:20.361] [nas] [info] UE switches to state [MM-DEREGISTERED/PS]
[2023-01-09 12:06:20.361] [nas] [info] UE switches to state [5U2-NOT-UPDATED]
[2023-01-09 12:06:20.361] [nas] [info] UE switches to state [MM-DEREGISTERED/ATTEMPTING-REGISTRATION]
[2023-01-09 12:06:31.252] [nas] [debug] NAS timer[3511] expired [1]
[2023-01-09 12:06:31.252] [nas] [debug] Initial registration required due to [T3511-EXPIRY-IN-ATT-REG]
[2023-01-09 12:06:31.252] [nas] [debug] UAC access attempt is allowed for identity[0], category[MO_sig]
[2023-01-09 12:06:31.252] [nas] [debug] Sending Initial Registration
[2023-01-09 12:06:31.252] [nas] [info] UE switches to state [MM-REGISTER-INITIATED]
[2023-01-09 12:06:31.252] [rrc] [debug] Sending RRC Setup Request
[2023-01-09 12:06:31.252] [rrc] [info] RRC connection established
[2023-01-09 12:06:31.252] [rrc] [info] UE switches to state [RRC-CONNECTED]
[2023-01-09 12:06:31.252] [nas] [info] UE switches to state [CM-CONNECTED]
[2023-01-09 12:06:31.548] [nas] [debug] Authentication Request received
[2023-01-09 12:06:31.569] [nas] [debug] Security Mode Command received
[2023-01-09 12:06:31.569] [nas] [debug] Selected integrity[2] ciphering[0]
[2023-01-09 12:06:31.633] [nas] [debug] Registration accept received
[2023-01-09 12:06:31.633] [nas] [info] UE switches to state [MM-REGISTERED/NORMAL-SERVICE]
[2023-01-09 12:06:31.633] [nas] [info] UE switches to state [5U1-UPDATED]
[2023-01-09 12:06:31.633] [nas] [debug] Sending Registration Complete
[2023-01-09 12:06:31.633] [nas] [info] Initial Registration is successful
[2023-01-09 12:06:31.633] [nas] [debug] Sending PDU Session Establishment Request
[2023-01-09 12:06:31.633] [nas] [debug] UAC access attempt is allowed for identity[0], category[MO_sig]
[2023-01-09 12:06:31.728] [nas] [debug] PDU Session Establishment Accept received
[2023-01-09 12:06:31.728] [nas] [info] PDU Session establishment is successful PSI[1]
[2023-01-09 12:06:31.859] [app] [info] Connection setup for PDU session[1] is successful, TUN interface[uesimtun146, 10.60.2.124] is up.
[2023-01-09 12:06:50.253] [nas] [warning] PDU session release procedure could not start: PS[2] is not active already
[2023-01-09 12:06:56.283] [nas] [debug] Sending PDU Session Release Request for PSI[1]
[2023-01-09 12:06:56.328] [nas] [error] PDU Session Release Reject received [REQUEST_REJECTED_UNSPECIFIED]
[2023-01-09 12:06:56.328] [nas] [error] PS release reject received without being requested
[2023-01-09 12:06:56.328] [nas] [warning] Sending SM Cause[MESSAGE_TYPE_NOT_COMPATIBLE_WITH_THE_PROTOCOL_STATE] for PSI[1]
[2023-01-09 12:07:02.328] [nas] [debug] Sending PDU Session Release Request for PSI[1]
[2023-01-09 12:07:02.511] [nas] [error] PDU Session Release Reject received [REQUEST_REJECTED_UNSPECIFIED]
[2023-01-09 12:07:02.511] [nas] [error] PS release reject received without being requested
[2023-01-09 12:07:02.511] [nas] [warning] Sending SM Cause[MESSAGE_TYPE_NOT_COMPATIBLE_WITH_THE_PROTOCOL_STATE] for PSI[1]
[2023-01-09 12:07:13.416] [nas] [debug] De-registration required due to [NORMAL]
[2023-01-09 12:07:13.426] [nas] [debug] Starting de-registration procedure due to [NORMAL]
[2023-01-09 12:07:13.426] [nas] [debug] Performing local release of PDU session[1]
[2023-01-09 12:07:13.426] [nas] [info] UE switches to state [MM-DEREGISTER-INITIATED]
[2023-01-09 12:07:13.575] [nas] [debug] De-registration accept received
[2023-01-09 12:07:13.575] [nas] [info] UE switches to state [MM-DEREGISTERED/PS]
[2023-01-09 12:07:13.575] [nas] [info] De-registration is successful
[2023-01-09 12:07:13.575] [nas] [info] UE switches to state [MM-DEREGISTERED/NORMAL-SERVICE]
[2023-01-09 12:07:13.575] [nas] [debug] Initial registration required due to [MM-DEREG-NORMAL-SERVICE]
[2023-01-09 12:07:13.575] [nas] [debug] Sending Initial Registration
[2023-01-09 12:07:13.575] [nas] [debug] Deleting NAS security context
[2023-01-09 12:07:13.575] [nas] [info] UE switches to state [MM-REGISTER-INITIATED]
[2023-01-09 12:07:13.576] [rrc] [debug] RRC Release received
[2023-01-09 12:07:13.576] [nas] [info] UE switches to state [CM-IDLE]
[2023-01-09 12:07:13.576] [nas] [info] UE switches to state [MM-DEREGISTERED/PS]
[2023-01-09 12:07:13.576] [nas] [info] UE switches to state [5U2-NOT-UPDATED]
[2023-01-09 12:07:13.576] [nas] [info] UE switches to state [MM-DEREGISTERED/ATTEMPTING-REGISTRATION]
[2023-01-09 12:07:24.333] [nas] [debug] NAS timer[3511] expired [1]
[2023-01-09 12:07:24.333] [nas] [debug] Initial registration required due to [T3511-EXPIRY-IN-ATT-REG]
[2023-01-09 12:07:24.335] [nas] [debug] UAC access attempt is allowed for identity[0], category[MO_sig]
[2023-01-09 12:07:24.335] [nas] [debug] Sending Initial Registration
[2023-01-09 12:07:24.335] [rrc] [debug] Sending RRC Setup Request
[2023-01-09 12:07:24.336] [nas] [info] UE switches to state [MM-REGISTER-INITIATED]
[2023-01-09 12:07:24.336] [rrc] [info] RRC connection established
[2023-01-09 12:07:24.336] [rrc] [info] UE switches to state [RRC-CONNECTED]
[2023-01-09 12:07:24.336] [nas] [info] UE switches to state [CM-CONNECTED]
[2023-01-09 12:07:24.538] [nas] [debug] Authentication Request received
[2023-01-09 12:07:24.574] [nas] [debug] Security Mode Command received
[2023-01-09 12:07:24.574] [nas] [debug] Selected integrity[2] ciphering[0]
[2023-01-09 12:07:24.647] [nas] [debug] Registration accept received
[2023-01-09 12:07:24.648] [nas] [info] UE switches to state [MM-REGISTERED/NORMAL-SERVICE]
[2023-01-09 12:07:24.648] [nas] [info] UE switches to state [5U1-UPDATED]
[2023-01-09 12:07:24.648] [nas] [debug] Sending Registration Complete
[2023-01-09 12:07:24.648] [nas] [info] Initial Registration is successful
[2023-01-09 12:07:24.648] [nas] [debug] Sending PDU Session Establishment Request
[2023-01-09 12:07:24.650] [nas] [debug] UAC access attempt is allowed for identity[0], category[MO_sig]
[2023-01-09 12:07:24.753] [nas] [debug] PDU Session Establishment Accept received
[2023-01-09 12:07:24.753] [nas] [info] PDU Session establishment is successful PSI[1]
[2023-01-09 12:07:24.919] [app] [info] Connection setup for PDU session[1] is successful, TUN interface[uesimtun136, 10.60.3.4] is up.
[2023-01-09 12:07:44.495] [nas] [debug] Sending PDU Session Establishment Request
[2023-01-09 12:07:44.596] [nas] [error] No response from RRC from UAC checks, considering access attempt is barred
[2023-01-09 12:08:01.383] [nas] [warning] Retransmitting PDU Session Establishment Request due to T3580 expiry
[2023-01-09 12:08:01.384] [nas] [debug] UAC access attempt is allowed for identity[0], category[MO_sig]
[2023-01-09 12:08:01.639] [nas] [debug] PDU Session Establishment Accept received
[2023-01-09 12:08:01.639] [nas] [info] PDU Session establishment is successful PSI[2]
[2023-01-09 12:08:01.773] [app] [info] Connection setup for PDU session[2] is successful, TUN interface[uesimtun166, 10.60.3.97] is up.
[2023-01-09 12:08:19.700] [nas] [debug] Sending PDU Session Establishment Request
[2023-01-09 12:08:19.802] [nas] [error] No response from RRC from UAC checks, considering access attempt is barred
[2023-01-09 12:08:36.421] [nas] [warning] Retransmitting PDU Session Establishment Request due to T3580 expiry
[2023-01-09 12:08:36.423] [nas] [debug] UAC access attempt is allowed for identity[0], category[MO_sig]
[2023-01-09 12:08:36.747] [nas] [debug] PDU Session Establishment Accept received
[2023-01-09 12:08:36.747] [nas] [info] PDU Session establishment is successful PSI[3]
[2023-01-09 12:08:36.907] [app] [info] Connection setup for PDU session[3] is successful, TUN interface[uesimtun30, 10.60.3.186] is up.
[2023-01-09 12:08:45.884] [nas] [debug] Sending PDU Session Establishment Request
[2023-01-09 12:08:45.986] [nas] [error] No response from RRC from UAC checks, considering access attempt is barred
[2023-01-09 12:09:02.448] [nas] [warning] Retransmitting PDU Session Establishment Request due to T3580 expiry
[2023-01-09 12:09:02.451] [nas] [debug] UAC access attempt is allowed for identity[0], category[MO_sig]
[2023-01-09 12:09:02.500] [nas] [debug] PDU Session Establishment Accept received
[2023-01-09 12:09:02.500] [nas] [info] PDU Session establishment is successful PSI[4]
[2023-01-09 12:09:02.631] [app] [info] Connection setup for PDU session[4] is successful, TUN interface[uesimtun153, 10.60.3.248] is up.
[2023-01-09 12:09:18.030] [nas] [debug] Sending PDU Session Release Request for PSI[1]
[2023-01-09 12:09:18.030] [nas] [debug] Sending PDU Session Release Request for PSI[2]
[2023-01-09 12:09:18.030] [nas] [debug] Sending PDU Session Release Request for PSI[3]
[2023-01-09 12:09:18.030] [nas] [debug] Sending PDU Session Release Request for PSI[4]
[2023-01-09 12:09:29.056] [nas] [debug] Sending PDU Session Establishment Request
[2023-01-09 12:09:29.157] [nas] [error] No response from RRC from UAC checks, considering access attempt is barred
[2023-01-09 12:09:34.489] [nas] [warning] Retransmitting PDU Session Release Request due to T3582 expiry
[2023-01-09 12:09:34.489] [nas] [warning] Retransmitting PDU Session Release Request due to T3582 expiry
[2023-01-09 12:09:34.489] [nas] [warning] Retransmitting PDU Session Release Request due to T3582 expiry
[2023-01-09 12:09:34.489] [nas] [warning] Retransmitting PDU Session Release Request due to T3582 expiry
[2023-01-09 12:09:45.502] [nas] [warning] Retransmitting PDU Session Establishment Request due to T3580 expiry
[2023-01-09 12:09:45.504] [nas] [debug] UAC access attempt is allowed for identity[0], category[MO_sig]
[2023-01-09 12:09:50.507] [nas] [warning] Retransmitting PDU Session Release Request due to T3582 expiry
[2023-01-09 12:09:50.507] [nas] [warning] Retransmitting PDU Session Release Request due to T3582 expiry
[2023-01-09 12:09:50.507] [nas] [warning] Retransmitting PDU Session Release Request due to T3582 expiry
[2023-01-09 12:09:50.507] [nas] [warning] Retransmitting PDU Session Release Request due to T3582 expiry
[2023-01-09 12:09:56.217] [nas] [debug] De-registration required due to [NORMAL]
[2023-01-09 12:09:56.227] [nas] [debug] Starting de-registration procedure due to [NORMAL]
[2023-01-09 12:09:56.227] [nas] [debug] Performing local release of PDU session[1]
[2023-01-09 12:09:56.228] [nas] [debug] Performing local release of PDU session[2]
[2023-01-09 12:09:56.228] [nas] [debug] Performing local release of PDU session[3]
[2023-01-09 12:09:56.228] [nas] [debug] Performing local release of PDU session[4]
[2023-01-09 12:09:56.228] [nas] [info] UE switches to state [MM-DEREGISTER-INITIATED]
[2023-01-09 12:10:01.523] [nas] [warning] Retransmitting PDU Session Establishment Request due to T3580 expiry
[2023-01-09 12:10:01.524] [nas] [debug] UAC access attempt is allowed for identity[0], category[MO_sig]
