UERANSIM v3.2.6
[2023-01-09 12:03:30.028] [nas] [info] UE switches to state [MM-DEREGISTERED/PLMN-SEARCH]
[2023-01-09 12:03:30.033] [rrc] [debug] New signal detected for cell[1], total [1] cells in coverage
[2023-01-09 12:03:30.033] [nas] [info] Selected plmn[208/93]
[2023-01-09 12:03:30.033] [rrc] [info] Selected cell plmn[208/93] tac[1] category[SUITABLE]
[2023-01-09 12:03:30.033] [nas] [info] UE switches to state [MM-DEREGISTERED/PS]
[2023-01-09 12:03:30.033] [nas] [info] UE switches to state [MM-DEREGISTERED/NORMAL-SERVICE]
[2023-01-09 12:03:30.033] [nas] [debug] Initial registration required due to [MM-DEREG-NORMAL-SERVICE]
[2023-01-09 12:03:30.033] [nas] [debug] UAC access attempt is allowed for identity[0], category[MO_sig]
[2023-01-09 12:03:30.033] [nas] [debug] Sending Initial Registration
[2023-01-09 12:03:30.033] [nas] [info] UE switches to state [MM-REGISTER-INITIATED]
[2023-01-09 12:03:30.033] [rrc] [debug] Sending RRC Setup Request
[2023-01-09 12:03:30.033] [rrc] [info] RRC connection established
[2023-01-09 12:03:30.033] [rrc] [info] UE switches to state [RRC-CONNECTED]
[2023-01-09 12:03:30.034] [nas] [info] UE switches to state [CM-CONNECTED]
[2023-01-09 12:03:30.051] [nas] [debug] Authentication Request received
[2023-01-09 12:03:30.057] [nas] [debug] Security Mode Command received
[2023-01-09 12:03:30.057] [nas] [debug] Selected integrity[2] ciphering[0]
[2023-01-09 12:03:30.080] [nas] [debug] Registration accept received
[2023-01-09 12:03:30.080] [nas] [info] UE switches to state [MM-REGISTERED/NORMAL-SERVICE]
[2023-01-09 12:03:30.080] [nas] [debug] Sending Registration Complete
[2023-01-09 12:03:30.080] [nas] [info] Initial Registration is successful
[2023-01-09 12:03:30.080] [nas] [debug] Sending PDU Session Establishment Request
[2023-01-09 12:03:30.082] [nas] [debug] UAC access attempt is allowed for identity[0], category[MO_sig]
[2023-01-09 12:03:30.317] [nas] [debug] PDU Session Establishment Accept received
[2023-01-09 12:03:30.317] [nas] [info] PDU Session establishment is successful PSI[1]
[2023-01-09 12:03:30.364] [app] [info] Connection setup for PDU session[1] is successful, TUN interface[uesimtun77, 10.60.0.78] is up.
[2023-01-09 12:03:52.632] [nas] [debug] Sending PDU Session Release Request for PSI[1]
[2023-01-09 12:03:52.935] [nas] [debug] PDU Session Release Command received
[2023-01-09 12:03:52.935] [nas] [debug] Performing local release of PDU session[1]
[2023-01-09 12:03:53.150] [nas] [debug] Sending PDU Session Establishment Request
[2023-01-09 12:03:53.152] [nas] [debug] UAC access attempt is allowed for identity[0], category[MO_sig]
[2023-01-09 12:03:53.372] [nas] [debug] PDU Session Establishment Accept received
[2023-01-09 12:03:53.372] [nas] [info] PDU Session establishment is successful PSI[1]
[2023-01-09 12:03:53.745] [app] [info] Connection setup for PDU session[1] is successful, TUN interface[uesimtun7, 10.60.0.111] is up.
[2023-01-09 12:04:02.715] [nas] [debug] De-registration required due to [NORMAL]
[2023-01-09 12:04:02.725] [nas] [debug] Starting de-registration procedure due to [NORMAL]
[2023-01-09 12:04:02.725] [nas] [debug] Performing local release of PDU session[1]
[2023-01-09 12:04:02.725] [nas] [info] UE switches to state [MM-DEREGISTER-INITIATED]
[2023-01-09 12:04:02.793] [nas] [debug] De-registration accept received
[2023-01-09 12:04:02.793] [nas] [info] UE switches to state [MM-DEREGISTERED/PS]
[2023-01-09 12:04:02.793] [nas] [info] De-registration is successful
[2023-01-09 12:04:02.793] [nas] [info] UE switches to state [MM-DEREGISTERED/NORMAL-SERVICE]
[2023-01-09 12:04:02.793] [nas] [debug] Initial registration required due to [MM-DEREG-NORMAL-SERVICE]
[2023-01-09 12:04:02.793] [nas] [debug] Sending Initial Registration
[2023-01-09 12:04:02.793] [nas] [debug] Deleting NAS security context
[2023-01-09 12:04:02.793] [nas] [info] UE switches to state [MM-REGISTER-INITIATED]
[2023-01-09 12:04:02.794] [rrc] [debug] RRC Release received
[2023-01-09 12:04:02.794] [nas] [info] UE switches to state [CM-IDLE]
[2023-01-09 12:04:02.794] [nas] [info] UE switches to state [MM-DEREGISTERED/PS]
[2023-01-09 12:04:02.794] [nas] [info] UE switches to state [5U2-NOT-UPDATED]
[2023-01-09 12:04:02.794] [nas] [info] UE switches to state [MM-DEREGISTERED/ATTEMPTING-REGISTRATION]
[2023-01-09 12:04:13.080] [nas] [debug] NAS timer[3511] expired [1]
[2023-01-09 12:04:13.080] [nas] [debug] Initial registration required due to [T3511-EXPIRY-IN-ATT-REG]
[2023-01-09 12:04:13.083] [nas] [debug] UAC access attempt is allowed for identity[0], category[MO_sig]
[2023-01-09 12:04:13.083] [nas] [debug] Sending Initial Registration
[2023-01-09 12:04:13.083] [rrc] [debug] Sending RRC Setup Request
[2023-01-09 12:04:13.083] [nas] [info] UE switches to state [MM-REGISTER-INITIATED]
[2023-01-09 12:04:13.083] [rrc] [info] RRC connection established
[2023-01-09 12:04:13.083] [rrc] [info] UE switches to state [RRC-CONNECTED]
[2023-01-09 12:04:13.083] [nas] [info] UE switches to state [CM-CONNECTED]
[2023-01-09 12:04:13.109] [nas] [debug] Authentication Request received
[2023-01-09 12:04:13.120] [nas] [debug] Security Mode Command received
[2023-01-09 12:04:13.120] [nas] [debug] Selected integrity[2] ciphering[0]
[2023-01-09 12:04:13.147] [nas] [debug] Registration accept received
[2023-01-09 12:04:13.147] [nas] [info] UE switches to state [MM-REGISTERED/NORMAL-SERVICE]
[2023-01-09 12:04:13.147] [nas] [info] UE switches to state [5U1-UPDATED]
[2023-01-09 12:04:13.147] [nas] [debug] Sending Registration Complete
[2023-01-09 12:04:13.147] [nas] [info] Initial Registration is successful
[2023-01-09 12:04:13.147] [nas] [debug] Sending PDU Session Establishment Request
[2023-01-09 12:04:13.152] [nas] [debug] UAC access attempt is allowed for identity[0], category[MO_sig]
[2023-01-09 12:04:13.380] [nas] [debug] PDU Session Establishment Accept received
[2023-01-09 12:04:13.380] [nas] [info] PDU Session establishment is successful PSI[1]
[2023-01-09 12:04:13.470] [app] [info] Connection setup for PDU session[1] is successful, TUN interface[uesimtun118, 10.60.0.211] is up.
[2023-01-09 12:04:27.775] [nas] [debug] Sending PDU Session Release Request for PSI[1]
[2023-01-09 12:04:27.800] [nas] [debug] PDU Session Release Command received
[2023-01-09 12:04:27.800] [nas] [debug] Performing local release of PDU session[1]
[2023-01-09 12:04:28.395] [nas] [debug] Sending PDU Session Establishment Request
[2023-01-09 12:04:28.397] [nas] [debug] UAC access attempt is allowed for identity[0], category[MO_sig]
[2023-01-09 12:04:28.535] [nas] [debug] PDU Session Establishment Accept received
[2023-01-09 12:04:28.535] [nas] [info] PDU Session establishment is successful PSI[1]
[2023-01-09 12:04:28.746] [app] [info] Connection setup for PDU session[1] is successful, TUN interface[uesimtun24, 10.60.1.11] is up.
[2023-01-09 12:04:34.807] [nas] [debug] De-registration required due to [NORMAL]
[2023-01-09 12:04:34.817] [nas] [debug] Starting de-registration procedure due to [NORMAL]
[2023-01-09 12:04:34.817] [nas] [debug] Performing local release of PDU session[1]
[2023-01-09 12:04:34.817] [nas] [info] UE switches to state [MM-DEREGISTER-INITIATED]
[2023-01-09 12:04:34.847] [nas] [debug] De-registration accept received
[2023-01-09 12:04:34.847] [nas] [info] UE switches to state [MM-DEREGISTERED/PS]
[2023-01-09 12:04:34.847] [nas] [info] De-registration is successful
[2023-01-09 12:04:34.847] [nas] [info] UE switches to state [MM-DEREGISTERED/NORMAL-SERVICE]
[2023-01-09 12:04:34.847] [nas] [debug] Initial registration required due to [MM-DEREG-NORMAL-SERVICE]
[2023-01-09 12:04:34.847] [nas] [debug] Sending Initial Registration
[2023-01-09 12:04:34.847] [nas] [debug] Deleting NAS security context
[2023-01-09 12:04:34.847] [nas] [info] UE switches to state [MM-REGISTER-INITIATED]
[2023-01-09 12:04:34.847] [rrc] [debug] RRC Release received
[2023-01-09 12:04:34.847] [nas] [info] UE switches to state [CM-IDLE]
[2023-01-09 12:04:34.847] [nas] [info] UE switches to state [MM-DEREGISTERED/PS]
[2023-01-09 12:04:34.847] [nas] [info] UE switches to state [5U2-NOT-UPDATED]
[2023-01-09 12:04:34.847] [nas] [info] UE switches to state [MM-DEREGISTERED/ATTEMPTING-REGISTRATION]
[2023-01-09 12:04:45.126] [nas] [debug] NAS timer[3511] expired [1]
[2023-01-09 12:04:45.126] [nas] [debug] Initial registration required due to [T3511-EXPIRY-IN-ATT-REG]
[2023-01-09 12:04:45.126] [nas] [debug] UAC access attempt is allowed for identity[0], category[MO_sig]
[2023-01-09 12:04:45.126] [nas] [debug] Sending Initial Registration
[2023-01-09 12:04:45.126] [nas] [info] UE switches to state [MM-REGISTER-INITIATED]
[2023-01-09 12:04:45.126] [rrc] [debug] Sending RRC Setup Request
[2023-01-09 12:04:45.127] [rrc] [info] RRC connection established
[2023-01-09 12:04:45.127] [rrc] [info] UE switches to state [RRC-CONNECTED]
[2023-01-09 12:04:45.127] [nas] [info] UE switches to state [CM-CONNECTED]
[2023-01-09 12:04:45.316] [nas] [debug] Authentication Request received
[2023-01-09 12:04:45.360] [nas] [debug] Security Mode Command received
[2023-01-09 12:04:45.360] [nas] [debug] Selected integrity[2] ciphering[0]
[2023-01-09 12:04:45.429] [nas] [debug] Registration accept received
[2023-01-09 12:04:45.429] [nas] [info] UE switches to state [MM-REGISTERED/NORMAL-SERVICE]
[2023-01-09 12:04:45.429] [nas] [info] UE switches to state [5U1-UPDATED]
[2023-01-09 12:04:45.429] [nas] [debug] Sending Registration Complete
[2023-01-09 12:04:45.429] [nas] [info] Initial Registration is successful
[2023-01-09 12:04:45.429] [nas] [debug] Sending PDU Session Establishment Request
[2023-01-09 12:04:45.429] [nas] [debug] UAC access attempt is allowed for identity[0], category[MO_sig]
[2023-01-09 12:04:45.676] [nas] [debug] PDU Session Establishment Accept received
[2023-01-09 12:04:45.676] [nas] [info] PDU Session establishment is successful PSI[1]
[2023-01-09 12:04:45.732] [app] [info] Connection setup for PDU session[1] is successful, TUN interface[uesimtun87, 10.60.1.80] is up.
[2023-01-09 12:05:03.881] [nas] [debug] De-registration required due to [NORMAL]
[2023-01-09 12:05:03.891] [nas] [debug] Starting de-registration procedure due to [NORMAL]
[2023-01-09 12:05:03.891] [nas] [debug] Performing local release of PDU session[1]
[2023-01-09 12:05:03.891] [nas] [info] UE switches to state [MM-DEREGISTER-INITIATED]
[2023-01-09 12:05:04.099] [nas] [debug] De-registration accept received
[2023-01-09 12:05:04.099] [nas] [info] UE switches to state [MM-DEREGISTERED/PS]
[2023-01-09 12:05:04.099] [nas] [info] De-registration is successful
[2023-01-09 12:05:04.099] [nas] [info] UE switches to state [MM-DEREGISTERED/NORMAL-SERVICE]
[2023-01-09 12:05:04.099] [nas] [debug] Initial registration required due to [MM-DEREG-NORMAL-SERVICE]
[2023-01-09 12:05:04.099] [nas] [debug] Sending Initial Registration
[2023-01-09 12:05:04.099] [nas] [debug] Deleting NAS security context
[2023-01-09 12:05:04.099] [nas] [info] UE switches to state [MM-REGISTER-INITIATED]
[2023-01-09 12:05:04.104] [rrc] [debug] RRC Release received
[2023-01-09 12:05:04.105] [nas] [info] UE switches to state [CM-IDLE]
[2023-01-09 12:05:04.105] [nas] [info] UE switches to state [MM-DEREGISTERED/PS]
[2023-01-09 12:05:04.105] [nas] [info] UE switches to state [5U2-NOT-UPDATED]
[2023-01-09 12:05:04.105] [nas] [info] UE switches to state [MM-DEREGISTERED/ATTEMPTING-REGISTRATION]
[2023-01-09 12:05:14.158] [nas] [debug] NAS timer[3511] expired [1]
[2023-01-09 12:05:14.158] [nas] [debug] Initial registration required due to [T3511-EXPIRY-IN-ATT-REG]
[2023-01-09 12:05:14.158] [nas] [debug] UAC access attempt is allowed for identity[0], category[MO_sig]
[2023-01-09 12:05:14.158] [nas] [debug] Sending Initial Registration
[2023-01-09 12:05:14.158] [nas] [info] UE switches to state [MM-REGISTER-INITIATED]
[2023-01-09 12:05:14.158] [rrc] [debug] Sending RRC Setup Request
[2023-01-09 12:05:14.158] [rrc] [info] RRC connection established
[2023-01-09 12:05:14.158] [rrc] [info] UE switches to state [RRC-CONNECTED]
[2023-01-09 12:05:14.158] [nas] [info] UE switches to state [CM-CONNECTED]
[2023-01-09 12:05:14.353] [nas] [debug] Authentication Request received
[2023-01-09 12:05:14.400] [nas] [debug] Security Mode Command received
[2023-01-09 12:05:14.400] [nas] [debug] Selected integrity[2] ciphering[0]
[2023-01-09 12:05:14.470] [nas] [debug] Registration accept received
[2023-01-09 12:05:14.471] [nas] [info] UE switches to state [MM-REGISTERED/NORMAL-SERVICE]
[2023-01-09 12:05:14.471] [nas] [info] UE switches to state [5U1-UPDATED]
[2023-01-09 12:05:14.471] [nas] [debug] Sending Registration Complete
[2023-01-09 12:05:14.471] [nas] [info] Initial Registration is successful
[2023-01-09 12:05:14.471] [nas] [debug] Sending PDU Session Establishment Request
[2023-01-09 12:05:14.471] [nas] [debug] UAC access attempt is allowed for identity[0], category[MO_sig]
[2023-01-09 12:05:14.594] [nas] [debug] PDU Session Establishment Accept received
[2023-01-09 12:05:14.594] [nas] [info] PDU Session establishment is successful PSI[1]
[2023-01-09 12:05:14.793] [app] [info] Connection setup for PDU session[1] is successful, TUN interface[uesimtun31, 10.60.1.154] is up.
[2023-01-09 12:05:35.959] [nas] [debug] De-registration required due to [NORMAL]
[2023-01-09 12:05:35.965] [nas] [debug] Starting de-registration procedure due to [NORMAL]
[2023-01-09 12:05:35.965] [nas] [debug] Performing local release of PDU session[1]
[2023-01-09 12:05:35.965] [nas] [info] UE switches to state [MM-DEREGISTER-INITIATED]
[2023-01-09 12:05:36.084] [nas] [debug] De-registration accept received
[2023-01-09 12:05:36.084] [nas] [info] UE switches to state [MM-DEREGISTERED/PS]
[2023-01-09 12:05:36.084] [nas] [info] De-registration is successful
[2023-01-09 12:05:36.084] [nas] [info] UE switches to state [MM-DEREGISTERED/NORMAL-SERVICE]
[2023-01-09 12:05:36.084] [nas] [debug] Initial registration required due to [MM-DEREG-NORMAL-SERVICE]
[2023-01-09 12:05:36.084] [nas] [debug] Sending Initial Registration
[2023-01-09 12:05:36.084] [nas] [debug] Deleting NAS security context
[2023-01-09 12:05:36.084] [nas] [info] UE switches to state [MM-REGISTER-INITIATED]
[2023-01-09 12:05:36.101] [rrc] [debug] RRC Release received
[2023-01-09 12:05:36.101] [nas] [info] UE switches to state [CM-IDLE]
[2023-01-09 12:05:36.101] [nas] [info] UE switches to state [MM-DEREGISTERED/PS]
[2023-01-09 12:05:36.101] [nas] [info] UE switches to state [5U2-NOT-UPDATED]
[2023-01-09 12:05:36.101] [nas] [info] UE switches to state [MM-DEREGISTERED/ATTEMPTING-REGISTRATION]
[2023-01-09 12:05:46.193] [nas] [debug] NAS timer[3511] expired [1]
[2023-01-09 12:05:46.193] [nas] [debug] Initial registration required due to [T3511-EXPIRY-IN-ATT-REG]
[2023-01-09 12:05:46.193] [nas] [debug] UAC access attempt is allowed for identity[0], category[MO_sig]
[2023-01-09 12:05:46.193] [nas] [debug] Sending Initial Registration
[2023-01-09 12:05:46.193] [nas] [info] UE switches to state [MM-REGISTER-INITIATED]
[2023-01-09 12:05:46.193] [rrc] [debug] Sending RRC Setup Request
[2023-01-09 12:05:46.193] [rrc] [info] RRC connection established
[2023-01-09 12:05:46.193] [rrc] [info] UE switches to state [RRC-CONNECTED]
[2023-01-09 12:05:46.193] [nas] [info] UE switches to state [CM-CONNECTED]
[2023-01-09 12:05:46.298] [nas] [debug] Authentication Request received
[2023-01-09 12:05:46.316] [nas] [debug] Security Mode Command received
[2023-01-09 12:05:46.316] [nas] [debug] Selected integrity[2] ciphering[0]
[2023-01-09 12:05:46.368] [nas] [debug] Registration accept received
[2023-01-09 12:05:46.368] [nas] [info] UE switches to state [MM-REGISTERED/NORMAL-SERVICE]
[2023-01-09 12:05:46.368] [nas] [info] UE switches to state [5U1-UPDATED]
[2023-01-09 12:05:46.368] [nas] [debug] Sending Registration Complete
[2023-01-09 12:05:46.368] [nas] [info] Initial Registration is successful
[2023-01-09 12:05:46.368] [nas] [debug] Sending PDU Session Establishment Request
[2023-01-09 12:05:46.369] [nas] [debug] UAC access attempt is allowed for identity[0], category[MO_sig]
[2023-01-09 12:05:46.445] [nas] [debug] PDU Session Establishment Accept received
[2023-01-09 12:05:46.445] [nas] [info] PDU Session establishment is successful PSI[1]
[2023-01-09 12:05:46.523] [app] [info] Connection setup for PDU session[1] is successful, TUN interface[uesimtun90, 10.60.1.255] is up.
[2023-01-09 12:06:01.020] [nas] [debug] Sending PDU Session Establishment Request
[2023-01-09 12:06:01.122] [nas] [error] No response from RRC from UAC checks, considering access attempt is barred
[2023-01-09 12:06:17.236] [nas] [warning] Retransmitting PDU Session Establishment Request due to T3580 expiry
[2023-01-09 12:06:17.236] [nas] [debug] UAC access attempt is allowed for identity[0], category[MO_sig]
[2023-01-09 12:06:17.511] [nas] [debug] PDU Session Establishment Accept received
[2023-01-09 12:06:17.511] [nas] [info] PDU Session establishment is successful PSI[2]
[2023-01-09 12:06:17.671] [app] [info] Connection setup for PDU session[2] is successful, TUN interface[uesimtun26, 10.60.2.72] is up.
[2023-01-09 12:06:26.205] [nas] [warning] PDU session release procedure could not start: PS[3] is not active already
[2023-01-09 12:06:34.243] [nas] [debug] De-registration required due to [NORMAL]
[2023-01-09 12:06:34.255] [nas] [debug] Starting de-registration procedure due to [NORMAL]
[2023-01-09 12:06:34.255] [nas] [debug] Performing local release of PDU session[1]
[2023-01-09 12:06:34.255] [nas] [debug] Performing local release of PDU session[2]
[2023-01-09 12:06:34.255] [nas] [info] UE switches to state [MM-DEREGISTER-INITIATED]
[2023-01-09 12:06:34.472] [nas] [debug] De-registration accept received
[2023-01-09 12:06:34.472] [nas] [info] UE switches to state [MM-DEREGISTERED/PS]
[2023-01-09 12:06:34.472] [nas] [info] De-registration is successful
[2023-01-09 12:06:34.472] [nas] [info] UE switches to state [MM-DEREGISTERED/NORMAL-SERVICE]
[2023-01-09 12:06:34.472] [nas] [debug] Initial registration required due to [MM-DEREG-NORMAL-SERVICE]
[2023-01-09 12:06:34.472] [nas] [debug] Sending Initial Registration
[2023-01-09 12:06:34.472] [nas] [debug] Deleting NAS security context
[2023-01-09 12:06:34.472] [nas] [info] UE switches to state [MM-REGISTER-INITIATED]
[2023-01-09 12:06:34.474] [rrc] [debug] RRC Release received
[2023-01-09 12:06:34.474] [nas] [info] UE switches to state [CM-IDLE]
[2023-01-09 12:06:34.474] [nas] [info] UE switches to state [MM-DEREGISTERED/PS]
[2023-01-09 12:06:34.474] [nas] [info] UE switches to state [5U2-NOT-UPDATED]
[2023-01-09 12:06:34.474] [nas] [info] UE switches to state [MM-DEREGISTERED/ATTEMPTING-REGISTRATION]
[2023-01-09 12:06:45.275] [nas] [debug] NAS timer[3511] expired [1]
[2023-01-09 12:06:45.275] [nas] [debug] Initial registration required due to [T3511-EXPIRY-IN-ATT-REG]
[2023-01-09 12:06:45.284] [nas] [debug] UAC access attempt is allowed for identity[0], category[MO_sig]
[2023-01-09 12:06:45.284] [nas] [debug] Sending Initial Registration
[2023-01-09 12:06:45.284] [nas] [info] UE switches to state [MM-REGISTER-INITIATED]
[2023-01-09 12:06:45.284] [rrc] [debug] Sending RRC Setup Request
[2023-01-09 12:06:45.284] [rrc] [info] RRC connection established
[2023-01-09 12:06:45.284] [rrc] [info] UE switches to state [RRC-CONNECTED]
[2023-01-09 12:06:45.284] [nas] [info] UE switches to state [CM-CONNECTED]
[2023-01-09 12:06:45.537] [nas] [debug] Authentication Request received
[2023-01-09 12:06:45.556] [nas] [debug] Security Mode Command received
[2023-01-09 12:06:45.556] [nas] [debug] Selected integrity[2] ciphering[0]
[2023-01-09 12:06:45.602] [nas] [debug] Registration accept received
[2023-01-09 12:06:45.602] [nas] [info] UE switches to state [MM-REGISTERED/NORMAL-SERVICE]
[2023-01-09 12:06:45.602] [nas] [info] UE switches to state [5U1-UPDATED]
[2023-01-09 12:06:45.602] [nas] [debug] Sending Registration Complete
[2023-01-09 12:06:45.602] [nas] [info] Initial Registration is successful
[2023-01-09 12:06:45.602] [nas] [debug] Sending PDU Session Establishment Request
[2023-01-09 12:06:45.605] [nas] [debug] UAC access attempt is allowed for identity[0], category[MO_sig]
[2023-01-09 12:06:45.846] [nas] [debug] PDU Session Establishment Accept received
[2023-01-09 12:06:45.846] [nas] [info] PDU Session establishment is successful PSI[1]
[2023-01-09 12:06:45.966] [app] [info] Connection setup for PDU session[1] is successful, TUN interface[uesimtun52, 10.60.2.156] is up.
[2023-01-09 12:07:06.299] [nas] [debug] Sending PDU Session Establishment Request
[2023-01-09 12:07:06.400] [nas] [error] No response from RRC from UAC checks, considering access attempt is barred
[2023-01-09 12:07:22.432] [nas] [warning] Retransmitting PDU Session Establishment Request due to T3580 expiry
[2023-01-09 12:07:22.432] [nas] [debug] UAC access attempt is allowed for identity[0], category[MO_sig]
[2023-01-09 12:07:22.547] [nas] [debug] PDU Session Establishment Accept received
[2023-01-09 12:07:22.547] [nas] [info] PDU Session establishment is successful PSI[2]
[2023-01-09 12:07:22.671] [app] [info] Connection setup for PDU session[2] is successful, TUN interface[uesimtun72, 10.60.2.252] is up.
[2023-01-09 12:07:40.519] [nas] [debug] De-registration required due to [NORMAL]
[2023-01-09 12:07:40.529] [nas] [debug] Starting de-registration procedure due to [NORMAL]
[2023-01-09 12:07:40.529] [nas] [debug] Performing local release of PDU session[1]
[2023-01-09 12:07:40.529] [nas] [debug] Performing local release of PDU session[2]
[2023-01-09 12:07:40.529] [nas] [info] UE switches to state [MM-DEREGISTER-INITIATED]
[2023-01-09 12:07:40.665] [nas] [debug] De-registration accept received
[2023-01-09 12:07:40.665] [nas] [info] UE switches to state [MM-DEREGISTERED/PS]
[2023-01-09 12:07:40.665] [nas] [info] De-registration is successful
[2023-01-09 12:07:40.665] [nas] [info] UE switches to state [MM-DEREGISTERED/NORMAL-SERVICE]
[2023-01-09 12:07:40.665] [nas] [debug] Initial registration required due to [MM-DEREG-NORMAL-SERVICE]
[2023-01-09 12:07:40.665] [nas] [debug] Sending Initial Registration
[2023-01-09 12:07:40.665] [nas] [debug] Deleting NAS security context
[2023-01-09 12:07:40.665] [nas] [info] UE switches to state [MM-REGISTER-INITIATED]
[2023-01-09 12:07:40.673] [rrc] [debug] RRC Release received
[2023-01-09 12:07:40.673] [nas] [info] UE switches to state [CM-IDLE]
[2023-01-09 12:07:40.673] [nas] [info] UE switches to state [MM-DEREGISTERED/PS]
[2023-01-09 12:07:40.673] [nas] [info] UE switches to state [5U2-NOT-UPDATED]
[2023-01-09 12:07:40.673] [nas] [info] UE switches to state [MM-DEREGISTERED/ATTEMPTING-REGISTRATION]
[2023-01-09 12:07:51.476] [nas] [debug] NAS timer[3511] expired [1]
[2023-01-09 12:07:51.476] [nas] [debug] Initial registration required due to [T3511-EXPIRY-IN-ATT-REG]
[2023-01-09 12:07:51.476] [nas] [debug] UAC access attempt is allowed for identity[0], category[MO_sig]
[2023-01-09 12:07:51.476] [nas] [debug] Sending Initial Registration
[2023-01-09 12:07:51.476] [nas] [info] UE switches to state [MM-REGISTER-INITIATED]
[2023-01-09 12:07:51.476] [rrc] [debug] Sending RRC Setup Request
[2023-01-09 12:07:51.476] [rrc] [info] RRC connection established
[2023-01-09 12:07:51.476] [rrc] [info] UE switches to state [RRC-CONNECTED]
[2023-01-09 12:07:51.477] [nas] [info] UE switches to state [CM-CONNECTED]
[2023-01-09 12:07:51.618] [nas] [debug] Authentication Request received
[2023-01-09 12:07:51.716] [nas] [debug] Security Mode Command received
[2023-01-09 12:07:51.716] [nas] [debug] Selected integrity[2] ciphering[0]
[2023-01-09 12:07:51.821] [nas] [debug] Registration accept received
[2023-01-09 12:07:51.821] [nas] [info] UE switches to state [MM-REGISTERED/NORMAL-SERVICE]
[2023-01-09 12:07:51.821] [nas] [info] UE switches to state [5U1-UPDATED]
[2023-01-09 12:07:51.821] [nas] [debug] Sending Registration Complete
[2023-01-09 12:07:51.821] [nas] [info] Initial Registration is successful
[2023-01-09 12:07:51.821] [nas] [debug] Sending PDU Session Establishment Request
[2023-01-09 12:07:51.821] [nas] [debug] UAC access attempt is allowed for identity[0], category[MO_sig]
[2023-01-09 12:07:51.909] [nas] [debug] PDU Session Establishment Accept received
[2023-01-09 12:07:51.909] [nas] [info] PDU Session establishment is successful PSI[1]
[2023-01-09 12:07:52.032] [app] [info] Connection setup for PDU session[1] is successful, TUN interface[uesimtun114, 10.60.3.72] is up.
[2023-01-09 12:08:06.606] [nas] [warning] PDU session release procedure could not start: PS[2] is not active already
[2023-01-09 12:08:18.710] [nas] [debug] Sending PDU Session Establishment Request
[2023-01-09 12:08:18.811] [nas] [error] No response from RRC from UAC checks, considering access attempt is barred
[2023-01-09 12:08:35.532] [nas] [warning] Retransmitting PDU Session Establishment Request due to T3580 expiry
[2023-01-09 12:08:35.532] [nas] [debug] UAC access attempt is allowed for identity[0], category[MO_sig]
[2023-01-09 12:08:35.602] [nas] [debug] PDU Session Establishment Accept received
[2023-01-09 12:08:35.602] [nas] [info] PDU Session establishment is successful PSI[2]
[2023-01-09 12:08:35.853] [app] [info] Connection setup for PDU session[2] is successful, TUN interface[uesimtun182, 10.60.3.182] is up.
[2023-01-09 12:08:43.889] [nas] [debug] Sending PDU Session Establishment Request
[2023-01-09 12:08:43.990] [nas] [error] No response from RRC from UAC checks, considering access attempt is barred
[2023-01-09 12:09:00.560] [nas] [warning] Retransmitting PDU Session Establishment Request due to T3580 expiry
[2023-01-09 12:09:00.563] [nas] [debug] UAC access attempt is allowed for identity[0], category[MO_sig]
[2023-01-09 12:09:00.673] [nas] [debug] PDU Session Establishment Accept received
[2023-01-09 12:09:00.673] [nas] [info] PDU Session establishment is successful PSI[3]
[2023-01-09 12:09:00.899] [app] [info] Connection setup for PDU session[3] is successful, TUN interface[uesimtun43, 10.60.3.243] is up.
[2023-01-09 12:09:11.051] [nas] [debug] Sending PDU Session Release Request for PSI[1]
[2023-01-09 12:09:11.052] [nas] [debug] Sending PDU Session Release Request for PSI[2]
[2023-01-09 12:09:11.052] [nas] [debug] Sending PDU Session Release Request for PSI[3]
[2023-01-09 12:09:16.127] [nas] [debug] Sending PDU Session Release Request for PSI[3]
[2023-01-09 12:09:27.607] [nas] [warning] Retransmitting PDU Session Release Request due to T3582 expiry
[2023-01-09 12:09:27.607] [nas] [warning] Retransmitting PDU Session Release Request due to T3582 expiry
[2023-01-09 12:09:27.607] [nas] [warning] Retransmitting PDU Session Release Request due to T3582 expiry
[2023-01-09 12:09:28.163] [nas] [debug] Sending PDU Session Establishment Request
[2023-01-09 12:09:28.264] [nas] [error] No response from RRC from UAC checks, considering access attempt is barred
[2023-01-09 12:09:32.612] [nas] [warning] Retransmitting PDU Session Release Request due to T3582 expiry
[2023-01-09 12:09:43.623] [nas] [warning] Retransmitting PDU Session Release Request due to T3582 expiry
[2023-01-09 12:09:43.623] [nas] [warning] Retransmitting PDU Session Release Request due to T3582 expiry
[2023-01-09 12:09:43.623] [nas] [warning] Retransmitting PDU Session Release Request due to T3582 expiry
[2023-01-09 12:09:44.624] [nas] [warning] Retransmitting PDU Session Establishment Request due to T3580 expiry
[2023-01-09 12:09:44.624] [nas] [debug] UAC access attempt is allowed for identity[0], category[MO_sig]
[2023-01-09 12:09:48.628] [nas] [warning] Retransmitting PDU Session Release Request due to T3582 expiry
[2023-01-09 12:09:59.640] [nas] [warning] Retransmitting PDU Session Release Request due to T3582 expiry
[2023-01-09 12:09:59.640] [nas] [warning] Retransmitting PDU Session Release Request due to T3582 expiry
[2023-01-09 12:09:59.640] [nas] [warning] Retransmitting PDU Session Release Request due to T3582 expiry
[2023-01-09 12:10:00.641] [nas] [warning] Retransmitting PDU Session Establishment Request due to T3580 expiry
[2023-01-09 12:10:00.645] [nas] [debug] UAC access attempt is allowed for identity[0], category[MO_sig]
[2023-01-09 12:10:03.298] [nas] [debug] Sending PDU Session Release Request for PSI[1]
[2023-01-09 12:10:03.298] [nas] [debug] Sending PDU Session Release Request for PSI[2]
[2023-01-09 12:10:03.298] [nas] [debug] Sending PDU Session Release Request for PSI[3]
