UERANSIM v3.2.6
[2023-01-09 12:02:17.906] [nas] [info] UE switches to state [MM-DEREGISTERED/PLMN-SEARCH]
[2023-01-09 12:02:17.907] [rrc] [debug] New signal detected for cell[1], total [1] cells in coverage
[2023-01-09 12:02:17.908] [nas] [info] Selected plmn[208/93]
[2023-01-09 12:02:17.908] [rrc] [info] Selected cell plmn[208/93] tac[1] category[SUITABLE]
[2023-01-09 12:02:17.908] [nas] [info] UE switches to state [MM-DEREGISTERED/PS]
[2023-01-09 12:02:17.908] [nas] [info] UE switches to state [MM-DEREGISTERED/NORMAL-SERVICE]
[2023-01-09 12:02:17.908] [nas] [debug] Initial registration required due to [MM-DEREG-NORMAL-SERVICE]
[2023-01-09 12:02:17.912] [nas] [debug] UAC access attempt is allowed for identity[0], category[MO_sig]
[2023-01-09 12:02:17.912] [nas] [debug] Sending Initial Registration
[2023-01-09 12:02:17.912] [nas] [info] UE switches to state [MM-REGISTER-INITIATED]
[2023-01-09 12:02:17.913] [rrc] [debug] Sending RRC Setup Request
[2023-01-09 12:02:17.913] [rrc] [info] RRC connection established
[2023-01-09 12:02:17.913] [rrc] [info] UE switches to state [RRC-CONNECTED]
[2023-01-09 12:02:17.914] [nas] [info] UE switches to state [CM-CONNECTED]
[2023-01-09 12:02:17.930] [nas] [debug] Authentication Request received
[2023-01-09 12:02:17.936] [nas] [debug] Security Mode Command received
[2023-01-09 12:02:17.936] [nas] [debug] Selected integrity[2] ciphering[0]
[2023-01-09 12:02:17.961] [nas] [debug] Registration accept received
[2023-01-09 12:02:17.961] [nas] [info] UE switches to state [MM-REGISTERED/NORMAL-SERVICE]
[2023-01-09 12:02:17.961] [nas] [debug] Sending Registration Complete
[2023-01-09 12:02:17.961] [nas] [info] Initial Registration is successful
[2023-01-09 12:02:17.961] [nas] [debug] Sending PDU Session Establishment Request
[2023-01-09 12:02:17.963] [nas] [debug] UAC access attempt is allowed for identity[0], category[MO_sig]
[2023-01-09 12:02:18.190] [nas] [debug] PDU Session Establishment Accept received
[2023-01-09 12:02:18.190] [nas] [info] PDU Session establishment is successful PSI[1]
[2023-01-09 12:02:18.224] [app] [info] Connection setup for PDU session[1] is successful, TUN interface[uesimtun5, 10.60.0.6] is up.
[2023-01-09 12:03:53.298] [nas] [debug] Sending PDU Session Establishment Request
[2023-01-09 12:03:53.407] [nas] [error] No response from RRC from UAC checks, considering access attempt is barred
[2023-01-09 12:04:10.024] [nas] [warning] Retransmitting PDU Session Establishment Request due to T3580 expiry
[2023-01-09 12:04:10.024] [nas] [debug] UAC access attempt is allowed for identity[0], category[MO_sig]
[2023-01-09 12:04:10.127] [nas] [debug] PDU Session Establishment Accept received
[2023-01-09 12:04:10.127] [nas] [info] PDU Session establishment is successful PSI[2]
[2023-01-09 12:04:10.421] [app] [info] Connection setup for PDU session[2] is successful, TUN interface[uesimtun95, 10.60.0.188] is up.
[2023-01-09 12:04:23.490] [nas] [debug] Sending PDU Session Establishment Request
[2023-01-09 12:04:23.597] [nas] [error] No response from RRC from UAC checks, considering access attempt is barred
[2023-01-09 12:04:40.060] [nas] [warning] Retransmitting PDU Session Establishment Request due to T3580 expiry
[2023-01-09 12:04:40.062] [nas] [debug] UAC access attempt is allowed for identity[0], category[MO_sig]
[2023-01-09 12:04:40.140] [nas] [debug] PDU Session Establishment Accept received
[2023-01-09 12:04:40.141] [nas] [info] PDU Session establishment is successful PSI[3]
[2023-01-09 12:04:40.263] [app] [info] Connection setup for PDU session[3] is successful, TUN interface[uesimtun32, 10.60.1.56] is up.
[2023-01-09 12:04:57.669] [nas] [debug] Sending PDU Session Release Request for PSI[1]
[2023-01-09 12:04:57.669] [nas] [debug] Sending PDU Session Release Request for PSI[2]
[2023-01-09 12:04:57.669] [nas] [debug] Sending PDU Session Release Request for PSI[3]
[2023-01-09 12:04:57.841] [nas] [debug] PDU Session Release Command received
[2023-01-09 12:04:57.841] [nas] [debug] Performing local release of PDU session[1]
[2023-01-09 12:04:57.852] [nas] [error] PDU Session Release Reject received [REQUEST_REJECTED_UNSPECIFIED]
[2023-01-09 12:04:57.852] [nas] [error] PS release reject received without being requested
[2023-01-09 12:04:57.852] [nas] [warning] Sending SM Cause[MESSAGE_TYPE_NOT_COMPATIBLE_WITH_THE_PROTOCOL_STATE] for PSI[2]
[2023-01-09 12:04:57.858] [nas] [error] PDU Session Release Reject received [REQUEST_REJECTED_UNSPECIFIED]
[2023-01-09 12:04:57.858] [nas] [error] PS release reject received without being requested
[2023-01-09 12:04:57.858] [nas] [warning] Sending SM Cause[MESSAGE_TYPE_NOT_COMPATIBLE_WITH_THE_PROTOCOL_STATE] for PSI[3]
[2023-01-09 12:05:04.738] [nas] [debug] Sending PDU Session Release Request for PSI[2]
[2023-01-09 12:05:04.738] [nas] [debug] Sending PDU Session Release Request for PSI[3]
[2023-01-09 12:05:04.941] [nas] [error] PDU Session Release Reject received [REQUEST_REJECTED_UNSPECIFIED]
[2023-01-09 12:05:04.941] [nas] [error] PS release reject received without being requested
[2023-01-09 12:05:04.941] [nas] [warning] Sending SM Cause[MESSAGE_TYPE_NOT_COMPATIBLE_WITH_THE_PROTOCOL_STATE] for PSI[2]
[2023-01-09 12:05:04.948] [nas] [error] PDU Session Release Reject received [REQUEST_REJECTED_UNSPECIFIED]
[2023-01-09 12:05:04.948] [nas] [error] PS release reject received without being requested
[2023-01-09 12:05:04.948] [nas] [warning] Sending SM Cause[MESSAGE_TYPE_NOT_COMPATIBLE_WITH_THE_PROTOCOL_STATE] for PSI[3]
[2023-01-09 12:05:10.840] [nas] [debug] Sending PDU Session Release Request for PSI[3]
[2023-01-09 12:05:10.916] [nas] [error] PDU Session Release Reject received [REQUEST_REJECTED_UNSPECIFIED]
[2023-01-09 12:05:10.916] [nas] [error] PS release reject received without being requested
[2023-01-09 12:05:10.916] [nas] [warning] Sending SM Cause[MESSAGE_TYPE_NOT_COMPATIBLE_WITH_THE_PROTOCOL_STATE] for PSI[3]
[2023-01-09 12:05:25.936] [nas] [warning] PDU session release procedure could not start: PS[1] is not active already
[2023-01-09 12:05:30.965] [nas] [debug] Sending PDU Session Release Request for PSI[2]
[2023-01-09 12:05:30.965] [nas] [debug] Sending PDU Session Release Request for PSI[3]
[2023-01-09 12:05:31.003] [nas] [error] PDU Session Release Reject received [REQUEST_REJECTED_UNSPECIFIED]
[2023-01-09 12:05:31.003] [nas] [error] PS release reject received without being requested
[2023-01-09 12:05:31.003] [nas] [warning] Sending SM Cause[MESSAGE_TYPE_NOT_COMPATIBLE_WITH_THE_PROTOCOL_STATE] for PSI[2]
[2023-01-09 12:05:31.010] [nas] [error] PDU Session Release Reject received [REQUEST_REJECTED_UNSPECIFIED]
[2023-01-09 12:05:31.010] [nas] [error] PS release reject received without being requested
[2023-01-09 12:05:31.010] [nas] [warning] Sending SM Cause[MESSAGE_TYPE_NOT_COMPATIBLE_WITH_THE_PROTOCOL_STATE] for PSI[3]
[2023-01-09 12:05:35.996] [nas] [debug] De-registration required due to [NORMAL]
[2023-01-09 12:05:36.008] [nas] [debug] Starting de-registration procedure due to [NORMAL]
[2023-01-09 12:05:36.008] [nas] [debug] Performing local release of PDU session[2]
[2023-01-09 12:05:36.008] [nas] [debug] Performing local release of PDU session[3]
[2023-01-09 12:05:36.008] [nas] [info] UE switches to state [MM-DEREGISTER-INITIATED]
[2023-01-09 12:05:36.102] [nas] [debug] De-registration accept received
[2023-01-09 12:05:36.102] [nas] [info] UE switches to state [MM-DEREGISTERED/PS]
[2023-01-09 12:05:36.102] [nas] [info] De-registration is successful
[2023-01-09 12:05:36.102] [nas] [info] UE switches to state [MM-DEREGISTERED/NORMAL-SERVICE]
[2023-01-09 12:05:36.102] [nas] [debug] Initial registration required due to [MM-DEREG-NORMAL-SERVICE]
[2023-01-09 12:05:36.102] [nas] [debug] Sending Initial Registration
[2023-01-09 12:05:36.102] [nas] [debug] Deleting NAS security context
[2023-01-09 12:05:36.102] [nas] [info] UE switches to state [MM-REGISTER-INITIATED]
[2023-01-09 12:05:36.111] [rrc] [debug] RRC Release received
[2023-01-09 12:05:36.111] [nas] [info] UE switches to state [CM-IDLE]
[2023-01-09 12:05:36.111] [nas] [info] UE switches to state [MM-DEREGISTERED/PS]
[2023-01-09 12:05:36.111] [nas] [info] UE switches to state [5U2-NOT-UPDATED]
[2023-01-09 12:05:36.111] [nas] [info] UE switches to state [MM-DEREGISTERED/ATTEMPTING-REGISTRATION]
[2023-01-09 12:05:46.132] [nas] [debug] NAS timer[3511] expired [1]
[2023-01-09 12:05:46.132] [nas] [debug] Initial registration required due to [T3511-EXPIRY-IN-ATT-REG]
[2023-01-09 12:05:46.135] [nas] [debug] UAC access attempt is allowed for identity[0], category[MO_sig]
[2023-01-09 12:05:46.135] [nas] [debug] Sending Initial Registration
[2023-01-09 12:05:46.135] [rrc] [debug] Sending RRC Setup Request
[2023-01-09 12:05:46.135] [rrc] [info] RRC connection established
[2023-01-09 12:05:46.135] [rrc] [info] UE switches to state [RRC-CONNECTED]
[2023-01-09 12:05:46.135] [nas] [info] UE switches to state [MM-REGISTER-INITIATED]
[2023-01-09 12:05:46.135] [nas] [info] UE switches to state [CM-CONNECTED]
[2023-01-09 12:05:46.279] [nas] [debug] Authentication Request received
[2023-01-09 12:05:46.306] [nas] [debug] Security Mode Command received
[2023-01-09 12:05:46.306] [nas] [debug] Selected integrity[2] ciphering[0]
[2023-01-09 12:05:46.346] [nas] [debug] Registration accept received
[2023-01-09 12:05:46.346] [nas] [info] UE switches to state [MM-REGISTERED/NORMAL-SERVICE]
[2023-01-09 12:05:46.346] [nas] [info] UE switches to state [5U1-UPDATED]
[2023-01-09 12:05:46.346] [nas] [debug] Sending Registration Complete
[2023-01-09 12:05:46.346] [nas] [info] Initial Registration is successful
[2023-01-09 12:05:46.346] [nas] [debug] Sending PDU Session Establishment Request
[2023-01-09 12:05:46.348] [nas] [debug] UAC access attempt is allowed for identity[0], category[MO_sig]
[2023-01-09 12:05:46.406] [nas] [debug] PDU Session Establishment Accept received
[2023-01-09 12:05:46.406] [nas] [info] PDU Session establishment is successful PSI[1]
[2023-01-09 12:05:46.545] [app] [info] Connection setup for PDU session[1] is successful, TUN interface[uesimtun59, 10.60.1.254] is up.
[2023-01-09 12:06:06.088] [nas] [debug] Sending PDU Session Release Request for PSI[1]
[2023-01-09 12:06:06.118] [nas] [error] PDU Session Release Reject received [REQUEST_REJECTED_UNSPECIFIED]
[2023-01-09 12:06:06.118] [nas] [error] PS release reject received without being requested
[2023-01-09 12:06:06.118] [nas] [warning] Sending SM Cause[MESSAGE_TYPE_NOT_COMPATIBLE_WITH_THE_PROTOCOL_STATE] for PSI[1]
[2023-01-09 12:06:21.128] [nas] [debug] Sending PDU Session Establishment Request
[2023-01-09 12:06:21.249] [nas] [error] No response from RRC from UAC checks, considering access attempt is barred
[2023-01-09 12:06:37.280] [nas] [warning] Retransmitting PDU Session Establishment Request due to T3580 expiry
[2023-01-09 12:06:37.280] [nas] [debug] UAC access attempt is allowed for identity[0], category[MO_sig]
[2023-01-09 12:06:37.328] [nas] [debug] PDU Session Establishment Accept received
[2023-01-09 12:06:37.328] [nas] [info] PDU Session establishment is successful PSI[2]
[2023-01-09 12:06:37.357] [app] [info] Connection setup for PDU session[2] is successful, TUN interface[uesimtun105, 10.60.2.136] is up.
[2023-01-09 12:06:52.329] [nas] [debug] Sending PDU Session Release Request for PSI[2]
[2023-01-09 12:06:52.406] [nas] [error] PDU Session Release Reject received [REQUEST_REJECTED_UNSPECIFIED]
[2023-01-09 12:06:52.406] [nas] [error] PS release reject received without being requested
[2023-01-09 12:06:52.406] [nas] [warning] Sending SM Cause[MESSAGE_TYPE_NOT_COMPATIBLE_WITH_THE_PROTOCOL_STATE] for PSI[2]
[2023-01-09 12:07:05.367] [nas] [debug] Sending PDU Session Release Request for PSI[1]
[2023-01-09 12:07:05.367] [nas] [debug] Sending PDU Session Release Request for PSI[2]
[2023-01-09 12:07:05.605] [nas] [error] PDU Session Release Reject received [REQUEST_REJECTED_UNSPECIFIED]
[2023-01-09 12:07:05.605] [nas] [error] PS release reject received without being requested
[2023-01-09 12:07:05.605] [nas] [warning] Sending SM Cause[MESSAGE_TYPE_NOT_COMPATIBLE_WITH_THE_PROTOCOL_STATE] for PSI[1]
[2023-01-09 12:07:05.620] [nas] [error] PDU Session Release Reject received [REQUEST_REJECTED_UNSPECIFIED]
[2023-01-09 12:07:05.620] [nas] [error] PS release reject received without being requested
[2023-01-09 12:07:05.620] [nas] [warning] Sending SM Cause[MESSAGE_TYPE_NOT_COMPATIBLE_WITH_THE_PROTOCOL_STATE] for PSI[2]
[2023-01-09 12:07:20.434] [nas] [debug] Sending PDU Session Establishment Request
[2023-01-09 12:07:20.540] [nas] [error] No response from RRC from UAC checks, considering access attempt is barred
[2023-01-09 12:07:37.374] [nas] [warning] Retransmitting PDU Session Establishment Request due to T3580 expiry
[2023-01-09 12:07:37.376] [nas] [debug] UAC access attempt is allowed for identity[0], category[MO_sig]
[2023-01-09 12:07:37.566] [nas] [debug] PDU Session Establishment Accept received
[2023-01-09 12:07:37.566] [nas] [info] PDU Session establishment is successful PSI[3]
[2023-01-09 12:07:37.594] [app] [info] Connection setup for PDU session[3] is successful, TUN interface[uesimtun144, 10.60.3.39] is up.
[2023-01-09 12:07:51.699] [nas] [warning] PDU session release procedure could not start: PS[4] is not active already
[2023-01-09 12:08:02.749] [nas] [debug] De-registration required due to [NORMAL]
[2023-01-09 12:08:02.759] [nas] [debug] Starting de-registration procedure due to [NORMAL]
[2023-01-09 12:08:02.759] [nas] [debug] Performing local release of PDU session[1]
[2023-01-09 12:08:02.759] [nas] [debug] Performing local release of PDU session[2]
[2023-01-09 12:08:02.759] [nas] [debug] Performing local release of PDU session[3]
[2023-01-09 12:08:02.759] [nas] [info] UE switches to state [MM-DEREGISTER-INITIATED]
[2023-01-09 12:08:02.863] [nas] [debug] De-registration accept received
[2023-01-09 12:08:02.863] [nas] [info] UE switches to state [MM-DEREGISTERED/PS]
[2023-01-09 12:08:02.863] [nas] [info] De-registration is successful
[2023-01-09 12:08:02.863] [nas] [info] UE switches to state [MM-DEREGISTERED/NORMAL-SERVICE]
[2023-01-09 12:08:02.863] [nas] [debug] Initial registration required due to [MM-DEREG-NORMAL-SERVICE]
[2023-01-09 12:08:02.863] [nas] [debug] Sending Initial Registration
[2023-01-09 12:08:02.863] [nas] [debug] Deleting NAS security context
[2023-01-09 12:08:02.863] [nas] [info] UE switches to state [MM-REGISTER-INITIATED]
[2023-01-09 12:08:02.875] [rrc] [debug] RRC Release received
[2023-01-09 12:08:02.878] [nas] [info] UE switches to state [CM-IDLE]
[2023-01-09 12:08:02.878] [nas] [info] UE switches to state [MM-DEREGISTERED/PS]
[2023-01-09 12:08:02.878] [nas] [info] UE switches to state [5U2-NOT-UPDATED]
[2023-01-09 12:08:02.878] [nas] [info] UE switches to state [MM-DEREGISTERED/ATTEMPTING-REGISTRATION]
[2023-01-09 12:08:13.421] [nas] [debug] NAS timer[3511] expired [1]
[2023-01-09 12:08:13.421] [nas] [debug] Initial registration required due to [T3511-EXPIRY-IN-ATT-REG]
[2023-01-09 12:08:13.423] [nas] [debug] UAC access attempt is allowed for identity[0], category[MO_sig]
[2023-01-09 12:08:13.424] [nas] [debug] Sending Initial Registration
[2023-01-09 12:08:13.424] [rrc] [debug] Sending RRC Setup Request
[2023-01-09 12:08:13.424] [nas] [info] UE switches to state [MM-REGISTER-INITIATED]
[2023-01-09 12:08:13.424] [rrc] [info] RRC connection established
[2023-01-09 12:08:13.424] [rrc] [info] UE switches to state [RRC-CONNECTED]
[2023-01-09 12:08:13.424] [nas] [info] UE switches to state [CM-CONNECTED]
[2023-01-09 12:08:13.464] [nas] [debug] Authentication Request received
[2023-01-09 12:08:13.501] [nas] [debug] Security Mode Command received
[2023-01-09 12:08:13.501] [nas] [debug] Selected integrity[2] ciphering[0]
[2023-01-09 12:08:13.764] [nas] [debug] Registration accept received
[2023-01-09 12:08:13.764] [nas] [info] UE switches to state [MM-REGISTERED/NORMAL-SERVICE]
[2023-01-09 12:08:13.764] [nas] [info] UE switches to state [5U1-UPDATED]
[2023-01-09 12:08:13.764] [nas] [debug] Sending Registration Complete
[2023-01-09 12:08:13.764] [nas] [info] Initial Registration is successful
[2023-01-09 12:08:13.764] [nas] [debug] Sending PDU Session Establishment Request
[2023-01-09 12:08:13.765] [nas] [debug] UAC access attempt is allowed for identity[0], category[MO_sig]
[2023-01-09 12:08:13.867] [nas] [debug] PDU Session Establishment Accept received
[2023-01-09 12:08:13.867] [nas] [info] PDU Session establishment is successful PSI[1]
[2023-01-09 12:08:13.989] [app] [info] Connection setup for PDU session[1] is successful, TUN interface[uesimtun132, 10.60.3.122] is up.
[2023-01-09 12:08:32.803] [nas] [debug] Sending PDU Session Release Request for PSI[1]
[2023-01-09 12:08:32.856] [nas] [error] PDU Session Release Reject received [REQUEST_REJECTED_UNSPECIFIED]
[2023-01-09 12:08:32.856] [nas] [error] PS release reject received without being requested
[2023-01-09 12:08:32.856] [nas] [warning] Sending SM Cause[MESSAGE_TYPE_NOT_COMPATIBLE_WITH_THE_PROTOCOL_STATE] for PSI[1]
[2023-01-09 12:08:43.839] [nas] [debug] Sending PDU Session Establishment Request
[2023-01-09 12:08:43.941] [nas] [error] No response from RRC from UAC checks, considering access attempt is barred
[2023-01-09 12:09:00.484] [nas] [warning] Retransmitting PDU Session Establishment Request due to T3580 expiry
[2023-01-09 12:09:00.487] [nas] [debug] UAC access attempt is allowed for identity[0], category[MO_sig]
[2023-01-09 12:09:00.616] [nas] [debug] PDU Session Establishment Accept received
[2023-01-09 12:09:00.616] [nas] [info] PDU Session establishment is successful PSI[2]
[2023-01-09 12:09:00.864] [app] [info] Connection setup for PDU session[2] is successful, TUN interface[uesimtun38, 10.60.3.242] is up.
[2023-01-09 12:09:16.043] [nas] [debug] Sending PDU Session Release Request for PSI[1]
[2023-01-09 12:09:28.104] [nas] [warning] PDU session release procedure could not start: PS[3] is not active already
[2023-01-09 12:09:32.518] [nas] [warning] Retransmitting PDU Session Release Request due to T3582 expiry
[2023-01-09 12:09:40.140] [nas] [debug] De-registration required due to [NORMAL]
[2023-01-09 12:09:40.150] [nas] [debug] Starting de-registration procedure due to [NORMAL]
[2023-01-09 12:09:40.150] [nas] [debug] Performing local release of PDU session[1]
[2023-01-09 12:09:40.150] [nas] [debug] Performing local release of PDU session[2]
[2023-01-09 12:09:40.150] [nas] [info] UE switches to state [MM-DEREGISTER-INITIATED]
[2023-01-09 12:09:48.535] [nas] [warning] Retransmitting PDU Session Release Request due to T3582 expiry
[2023-01-09 12:09:55.542] [nas] [debug] NAS timer[3521] expired [1]
[2023-01-09 12:09:55.542] [nas] [debug] Retransmitting De-registration Request due to T3521 expiry
