UERANSIM v3.2.6
[2023-01-09 12:03:25.021] [nas] [info] UE switches to state [MM-DEREGISTERED/PLMN-SEARCH]
[2023-01-09 12:03:25.022] [rrc] [debug] New signal detected for cell[1], total [1] cells in coverage
[2023-01-09 12:03:25.027] [nas] [info] Selected plmn[208/93]
[2023-01-09 12:03:27.522] [rrc] [info] Selected cell plmn[208/93] tac[1] category[SUITABLE]
[2023-01-09 12:03:27.522] [nas] [info] UE switches to state [MM-DEREGISTERED/PS]
[2023-01-09 12:03:27.522] [nas] [info] UE switches to state [MM-DEREGISTERED/NORMAL-SERVICE]
[2023-01-09 12:03:27.522] [nas] [debug] Initial registration required due to [MM-DEREG-NORMAL-SERVICE]
[2023-01-09 12:03:27.523] [nas] [debug] UAC access attempt is allowed for identity[0], category[MO_sig]
[2023-01-09 12:03:27.523] [nas] [debug] Sending Initial Registration
[2023-01-09 12:03:27.523] [nas] [info] UE switches to state [MM-REGISTER-INITIATED]
[2023-01-09 12:03:27.523] [rrc] [debug] Sending RRC Setup Request
[2023-01-09 12:03:27.524] [rrc] [info] RRC connection established
[2023-01-09 12:03:27.524] [rrc] [info] UE switches to state [RRC-CONNECTED]
[2023-01-09 12:03:27.524] [nas] [info] UE switches to state [CM-CONNECTED]
[2023-01-09 12:03:27.539] [nas] [debug] Authentication Request received
[2023-01-09 12:03:27.544] [nas] [debug] Security Mode Command received
[2023-01-09 12:03:27.544] [nas] [debug] Selected integrity[2] ciphering[0]
[2023-01-09 12:03:27.573] [nas] [debug] Registration accept received
[2023-01-09 12:03:27.573] [nas] [info] UE switches to state [MM-REGISTERED/NORMAL-SERVICE]
[2023-01-09 12:03:27.573] [nas] [debug] Sending Registration Complete
[2023-01-09 12:03:27.573] [nas] [info] Initial Registration is successful
[2023-01-09 12:03:27.573] [nas] [debug] Sending PDU Session Establishment Request
[2023-01-09 12:03:27.575] [nas] [debug] UAC access attempt is allowed for identity[0], category[MO_sig]
[2023-01-09 12:03:27.808] [nas] [debug] PDU Session Establishment Accept received
[2023-01-09 12:03:27.808] [nas] [info] PDU Session establishment is successful PSI[1]
[2023-01-09 12:03:27.849] [app] [info] Connection setup for PDU session[1] is successful, TUN interface[uesimtun75, 10.60.0.76] is up.
[2023-01-09 12:03:52.103] [nas] [debug] Sending PDU Session Establishment Request
[2023-01-09 12:03:52.213] [nas] [error] No response from RRC from UAC checks, considering access attempt is barred
[2023-01-09 12:04:09.069] [nas] [warning] Retransmitting PDU Session Establishment Request due to T3580 expiry
[2023-01-09 12:04:09.072] [nas] [debug] UAC access attempt is allowed for identity[0], category[MO_sig]
[2023-01-09 12:04:09.313] [nas] [debug] PDU Session Establishment Accept received
[2023-01-09 12:04:09.313] [nas] [info] PDU Session establishment is successful PSI[2]
[2023-01-09 12:04:09.635] [app] [info] Connection setup for PDU session[2] is successful, TUN interface[uesimtun78, 10.60.0.180] is up.
[2023-01-09 12:04:26.276] [nas] [debug] Sending PDU Session Release Request for PSI[1]
[2023-01-09 12:04:26.276] [nas] [debug] Sending PDU Session Release Request for PSI[2]
[2023-01-09 12:04:26.410] [nas] [debug] PDU Session Release Command received
[2023-01-09 12:04:26.410] [nas] [debug] Performing local release of PDU session[1]
[2023-01-09 12:04:26.420] [nas] [debug] PDU Session Release Command received
[2023-01-09 12:04:26.420] [nas] [debug] Performing local release of PDU session[2]
[2023-01-09 12:04:26.697] [nas] [debug] Sending PDU Session Establishment Request
[2023-01-09 12:04:26.697] [nas] [debug] UAC access attempt is allowed for identity[0], category[MO_sig]
[2023-01-09 12:04:26.869] [nas] [debug] PDU Session Establishment Accept received
[2023-01-09 12:04:26.869] [nas] [info] PDU Session establishment is successful PSI[1]
[2023-01-09 12:04:26.947] [app] [info] Connection setup for PDU session[1] is successful, TUN interface[uesimtun51, 10.60.1.6] is up.
[2023-01-09 12:04:39.381] [nas] [debug] De-registration required due to [NORMAL]
[2023-01-09 12:04:39.390] [nas] [debug] Starting de-registration procedure due to [NORMAL]
[2023-01-09 12:04:39.391] [nas] [debug] Performing local release of PDU session[1]
[2023-01-09 12:04:39.391] [nas] [info] UE switches to state [MM-DEREGISTER-INITIATED]
[2023-01-09 12:04:39.470] [nas] [debug] De-registration accept received
[2023-01-09 12:04:39.470] [nas] [info] UE switches to state [MM-DEREGISTERED/PS]
[2023-01-09 12:04:39.470] [nas] [info] De-registration is successful
[2023-01-09 12:04:39.470] [nas] [info] UE switches to state [MM-DEREGISTERED/NORMAL-SERVICE]
[2023-01-09 12:04:39.470] [nas] [debug] Initial registration required due to [MM-DEREG-NORMAL-SERVICE]
[2023-01-09 12:04:39.470] [nas] [debug] Sending Initial Registration
[2023-01-09 12:04:39.470] [nas] [debug] Deleting NAS security context
[2023-01-09 12:04:39.470] [nas] [info] UE switches to state [MM-REGISTER-INITIATED]
[2023-01-09 12:04:39.470] [rrc] [debug] RRC Release received
[2023-01-09 12:04:39.470] [nas] [info] UE switches to state [CM-IDLE]
[2023-01-09 12:04:39.470] [nas] [info] UE switches to state [MM-DEREGISTERED/PS]
[2023-01-09 12:04:39.470] [nas] [info] UE switches to state [5U2-NOT-UPDATED]
[2023-01-09 12:04:39.470] [nas] [info] UE switches to state [MM-DEREGISTERED/ATTEMPTING-REGISTRATION]
[2023-01-09 12:04:50.130] [nas] [debug] NAS timer[3511] expired [1]
[2023-01-09 12:04:50.130] [nas] [debug] Initial registration required due to [T3511-EXPIRY-IN-ATT-REG]
[2023-01-09 12:04:50.130] [nas] [debug] UAC access attempt is allowed for identity[0], category[MO_sig]
[2023-01-09 12:04:50.130] [nas] [debug] Sending Initial Registration
[2023-01-09 12:04:50.130] [nas] [info] UE switches to state [MM-REGISTER-INITIATED]
[2023-01-09 12:04:50.130] [rrc] [debug] Sending RRC Setup Request
[2023-01-09 12:04:50.130] [rrc] [info] RRC connection established
[2023-01-09 12:04:50.130] [rrc] [info] UE switches to state [RRC-CONNECTED]
[2023-01-09 12:04:50.130] [nas] [info] UE switches to state [CM-CONNECTED]
[2023-01-09 12:04:50.271] [nas] [debug] Authentication Request received
[2023-01-09 12:04:50.297] [nas] [debug] Security Mode Command received
[2023-01-09 12:04:50.297] [nas] [debug] Selected integrity[2] ciphering[0]
[2023-01-09 12:04:50.346] [nas] [debug] Registration accept received
[2023-01-09 12:04:50.346] [nas] [info] UE switches to state [MM-REGISTERED/NORMAL-SERVICE]
[2023-01-09 12:04:50.346] [nas] [info] UE switches to state [5U1-UPDATED]
[2023-01-09 12:04:50.346] [nas] [debug] Sending Registration Complete
[2023-01-09 12:04:50.346] [nas] [info] Initial Registration is successful
[2023-01-09 12:04:50.346] [nas] [debug] Sending PDU Session Establishment Request
[2023-01-09 12:04:50.346] [nas] [debug] UAC access attempt is allowed for identity[0], category[MO_sig]
[2023-01-09 12:04:50.442] [nas] [debug] PDU Session Establishment Accept received
[2023-01-09 12:04:50.442] [nas] [info] PDU Session establishment is successful PSI[1]
[2023-01-09 12:04:50.570] [app] [info] Connection setup for PDU session[1] is successful, TUN interface[uesimtun14, 10.60.1.92] is up.
[2023-01-09 12:05:12.445] [nas] [debug] Sending PDU Session Release Request for PSI[1]
[2023-01-09 12:05:12.573] [nas] [error] PDU Session Release Reject received [REQUEST_REJECTED_UNSPECIFIED]
[2023-01-09 12:05:12.573] [nas] [error] PS release reject received without being requested
[2023-01-09 12:05:12.573] [nas] [warning] Sending SM Cause[MESSAGE_TYPE_NOT_COMPATIBLE_WITH_THE_PROTOCOL_STATE] for PSI[1]
[2023-01-09 12:05:17.518] [nas] [debug] Sending PDU Session Release Request for PSI[1]
[2023-01-09 12:05:17.622] [nas] [error] PDU Session Release Reject received [REQUEST_REJECTED_UNSPECIFIED]
[2023-01-09 12:05:17.622] [nas] [error] PS release reject received without being requested
[2023-01-09 12:05:17.622] [nas] [warning] Sending SM Cause[MESSAGE_TYPE_NOT_COMPATIBLE_WITH_THE_PROTOCOL_STATE] for PSI[1]
[2023-01-09 12:05:22.553] [nas] [debug] De-registration required due to [NORMAL]
[2023-01-09 12:05:22.563] [nas] [debug] Starting de-registration procedure due to [NORMAL]
[2023-01-09 12:05:22.563] [nas] [debug] Performing local release of PDU session[1]
[2023-01-09 12:05:22.563] [nas] [info] UE switches to state [MM-DEREGISTER-INITIATED]
[2023-01-09 12:05:22.769] [nas] [debug] De-registration accept received
[2023-01-09 12:05:22.769] [nas] [info] UE switches to state [MM-DEREGISTERED/PS]
[2023-01-09 12:05:22.769] [nas] [info] De-registration is successful
[2023-01-09 12:05:22.769] [nas] [info] UE switches to state [MM-DEREGISTERED/NORMAL-SERVICE]
[2023-01-09 12:05:22.769] [nas] [debug] Initial registration required due to [MM-DEREG-NORMAL-SERVICE]
[2023-01-09 12:05:22.769] [nas] [debug] Sending Initial Registration
[2023-01-09 12:05:22.769] [nas] [debug] Deleting NAS security context
[2023-01-09 12:05:22.769] [nas] [info] UE switches to state [MM-REGISTER-INITIATED]
[2023-01-09 12:05:22.772] [rrc] [debug] RRC Release received
[2023-01-09 12:05:22.772] [nas] [info] UE switches to state [CM-IDLE]
[2023-01-09 12:05:22.772] [nas] [info] UE switches to state [MM-DEREGISTERED/PS]
[2023-01-09 12:05:22.772] [nas] [info] UE switches to state [5U2-NOT-UPDATED]
[2023-01-09 12:05:22.772] [nas] [info] UE switches to state [MM-DEREGISTERED/ATTEMPTING-REGISTRATION]
[2023-01-09 12:05:33.193] [nas] [debug] NAS timer[3511] expired [1]
[2023-01-09 12:05:33.193] [nas] [debug] Initial registration required due to [T3511-EXPIRY-IN-ATT-REG]
[2023-01-09 12:05:33.193] [nas] [debug] UAC access attempt is allowed for identity[0], category[MO_sig]
[2023-01-09 12:05:33.193] [nas] [debug] Sending Initial Registration
[2023-01-09 12:05:33.193] [nas] [info] UE switches to state [MM-REGISTER-INITIATED]
[2023-01-09 12:05:33.193] [rrc] [debug] Sending RRC Setup Request
[2023-01-09 12:05:33.194] [rrc] [info] RRC connection established
[2023-01-09 12:05:33.194] [rrc] [info] UE switches to state [RRC-CONNECTED]
[2023-01-09 12:05:33.194] [nas] [info] UE switches to state [CM-CONNECTED]
[2023-01-09 12:05:33.416] [nas] [debug] Authentication Request received
[2023-01-09 12:05:33.423] [nas] [debug] Security Mode Command received
[2023-01-09 12:05:33.423] [nas] [debug] Selected integrity[2] ciphering[0]
[2023-01-09 12:05:33.448] [nas] [debug] Registration accept received
[2023-01-09 12:05:33.448] [nas] [info] UE switches to state [MM-REGISTERED/NORMAL-SERVICE]
[2023-01-09 12:05:33.448] [nas] [info] UE switches to state [5U1-UPDATED]
[2023-01-09 12:05:33.448] [nas] [debug] Sending Registration Complete
[2023-01-09 12:05:33.448] [nas] [info] Initial Registration is successful
[2023-01-09 12:05:33.448] [nas] [debug] Sending PDU Session Establishment Request
[2023-01-09 12:05:33.449] [nas] [debug] UAC access attempt is allowed for identity[0], category[MO_sig]
[2023-01-09 12:05:33.693] [nas] [debug] PDU Session Establishment Accept received
[2023-01-09 12:05:33.693] [nas] [info] PDU Session establishment is successful PSI[1]
[2023-01-09 12:05:33.859] [app] [info] Connection setup for PDU session[1] is successful, TUN interface[uesimtun64, 10.60.1.217] is up.
[2023-01-09 12:05:55.634] [nas] [debug] Sending PDU Session Establishment Request
[2023-01-09 12:05:55.735] [nas] [error] No response from RRC from UAC checks, considering access attempt is barred
[2023-01-09 12:06:12.238] [nas] [warning] Retransmitting PDU Session Establishment Request due to T3580 expiry
[2023-01-09 12:06:12.250] [nas] [debug] UAC access attempt is allowed for identity[0], category[MO_sig]
[2023-01-09 12:06:12.478] [nas] [debug] PDU Session Establishment Accept received
[2023-01-09 12:06:12.478] [nas] [info] PDU Session establishment is successful PSI[2]
[2023-01-09 12:06:12.573] [app] [info] Connection setup for PDU session[2] is successful, TUN interface[uesimtun48, 10.60.2.62] is up.
[2023-01-09 12:06:24.801] [nas] [debug] Sending PDU Session Establishment Request
[2023-01-09 12:06:24.902] [nas] [error] No response from RRC from UAC checks, considering access attempt is barred
[2023-01-09 12:06:41.278] [nas] [warning] Retransmitting PDU Session Establishment Request due to T3580 expiry
[2023-01-09 12:06:41.284] [nas] [debug] UAC access attempt is allowed for identity[0], category[MO_sig]
[2023-01-09 12:06:41.341] [nas] [debug] PDU Session Establishment Accept received
[2023-01-09 12:06:41.341] [nas] [info] PDU Session establishment is successful PSI[3]
[2023-01-09 12:06:41.376] [app] [info] Connection setup for PDU session[3] is successful, TUN interface[uesimtun18, 10.60.2.144] is up.
[2023-01-09 12:06:58.983] [nas] [debug] Sending PDU Session Release Request for PSI[3]
[2023-01-09 12:06:59.023] [nas] [debug] PDU Session Release Command received
[2023-01-09 12:06:59.023] [nas] [debug] Performing local release of PDU session[3]
[2023-01-09 12:07:10.021] [nas] [debug] Sending PDU Session Establishment Request
[2023-01-09 12:07:10.122] [nas] [error] No response from RRC from UAC checks, considering access attempt is barred
[2023-01-09 12:07:26.324] [nas] [warning] Retransmitting PDU Session Establishment Request due to T3580 expiry
[2023-01-09 12:07:26.326] [nas] [debug] UAC access attempt is allowed for identity[0], category[MO_sig]
[2023-01-09 12:07:26.564] [nas] [debug] PDU Session Establishment Accept received
[2023-01-09 12:07:26.564] [nas] [info] PDU Session establishment is successful PSI[3]
[2023-01-09 12:07:26.634] [app] [info] Connection setup for PDU session[3] is successful, TUN interface[uesimtun7, 10.60.3.6] is up.
[2023-01-09 12:07:44.184] [nas] [debug] Sending PDU Session Release Request for PSI[1]
[2023-01-09 12:07:44.184] [nas] [debug] Sending PDU Session Release Request for PSI[2]
[2023-01-09 12:07:44.184] [nas] [debug] Sending PDU Session Release Request for PSI[3]
[2023-01-09 12:07:44.373] [nas] [error] PDU Session Release Reject received [REQUEST_REJECTED_UNSPECIFIED]
[2023-01-09 12:07:44.373] [nas] [error] PS release reject received without being requested
[2023-01-09 12:07:44.373] [nas] [warning] Sending SM Cause[MESSAGE_TYPE_NOT_COMPATIBLE_WITH_THE_PROTOCOL_STATE] for PSI[1]
[2023-01-09 12:07:44.376] [nas] [error] PDU Session Release Reject received [REQUEST_REJECTED_UNSPECIFIED]
[2023-01-09 12:07:44.376] [nas] [error] PS release reject received without being requested
[2023-01-09 12:07:44.376] [nas] [warning] Sending SM Cause[MESSAGE_TYPE_NOT_COMPATIBLE_WITH_THE_PROTOCOL_STATE] for PSI[2]
[2023-01-09 12:07:44.381] [nas] [debug] PDU Session Release Command received
[2023-01-09 12:07:44.381] [nas] [debug] Performing local release of PDU session[3]
[2023-01-09 12:07:51.232] [nas] [debug] De-registration required due to [NORMAL]
[2023-01-09 12:07:51.242] [nas] [debug] Starting de-registration procedure due to [NORMAL]
[2023-01-09 12:07:51.242] [nas] [debug] Performing local release of PDU session[1]
[2023-01-09 12:07:51.242] [nas] [debug] Performing local release of PDU session[2]
[2023-01-09 12:07:51.242] [nas] [info] UE switches to state [MM-DEREGISTER-INITIATED]
[2023-01-09 12:07:51.317] [nas] [debug] De-registration accept received
[2023-01-09 12:07:51.317] [nas] [info] UE switches to state [MM-DEREGISTERED/PS]
[2023-01-09 12:07:51.317] [nas] [info] De-registration is successful
[2023-01-09 12:07:51.317] [nas] [info] UE switches to state [MM-DEREGISTERED/NORMAL-SERVICE]
[2023-01-09 12:07:51.317] [nas] [debug] Initial registration required due to [MM-DEREG-NORMAL-SERVICE]
[2023-01-09 12:07:51.317] [nas] [debug] Sending Initial Registration
[2023-01-09 12:07:51.317] [nas] [debug] Deleting NAS security context
[2023-01-09 12:07:51.317] [nas] [info] UE switches to state [MM-REGISTER-INITIATED]
[2023-01-09 12:07:51.322] [rrc] [debug] RRC Release received
[2023-01-09 12:07:51.322] [nas] [info] UE switches to state [CM-IDLE]
[2023-01-09 12:07:51.322] [nas] [info] UE switches to state [MM-DEREGISTERED/PS]
[2023-01-09 12:07:51.322] [nas] [info] UE switches to state [5U2-NOT-UPDATED]
[2023-01-09 12:07:51.322] [nas] [info] UE switches to state [MM-DEREGISTERED/ATTEMPTING-REGISTRATION]
[2023-01-09 12:08:01.367] [nas] [debug] NAS timer[3511] expired [1]
[2023-01-09 12:08:01.367] [nas] [debug] Initial registration required due to [T3511-EXPIRY-IN-ATT-REG]
[2023-01-09 12:08:01.367] [nas] [debug] UAC access attempt is allowed for identity[0], category[MO_sig]
[2023-01-09 12:08:01.367] [nas] [debug] Sending Initial Registration
[2023-01-09 12:08:01.367] [nas] [info] UE switches to state [MM-REGISTER-INITIATED]
[2023-01-09 12:08:01.367] [rrc] [debug] Sending RRC Setup Request
[2023-01-09 12:08:01.368] [rrc] [info] RRC connection established
[2023-01-09 12:08:01.368] [rrc] [info] UE switches to state [RRC-CONNECTED]
[2023-01-09 12:08:01.368] [nas] [info] UE switches to state [CM-CONNECTED]
[2023-01-09 12:08:01.652] [nas] [debug] Authentication Request received
[2023-01-09 12:08:01.669] [nas] [debug] Security Mode Command received
[2023-01-09 12:08:01.669] [nas] [debug] Selected integrity[2] ciphering[0]
[2023-01-09 12:08:01.705] [nas] [debug] Registration accept received
[2023-01-09 12:08:01.705] [nas] [info] UE switches to state [MM-REGISTERED/NORMAL-SERVICE]
[2023-01-09 12:08:01.705] [nas] [info] UE switches to state [5U1-UPDATED]
[2023-01-09 12:08:01.705] [nas] [debug] Sending Registration Complete
[2023-01-09 12:08:01.705] [nas] [info] Initial Registration is successful
[2023-01-09 12:08:01.705] [nas] [debug] Sending PDU Session Establishment Request
[2023-01-09 12:08:01.706] [nas] [debug] UAC access attempt is allowed for identity[0], category[MO_sig]
[2023-01-09 12:08:01.954] [nas] [debug] PDU Session Establishment Accept received
[2023-01-09 12:08:01.954] [nas] [info] PDU Session establishment is successful PSI[1]
[2023-01-09 12:08:02.096] [app] [info] Connection setup for PDU session[1] is successful, TUN interface[uesimtun167, 10.60.3.98] is up.
[2023-01-09 12:08:19.291] [nas] [debug] Sending PDU Session Establishment Request
[2023-01-09 12:08:19.392] [nas] [error] No response from RRC from UAC checks, considering access attempt is barred
[2023-01-09 12:08:35.425] [nas] [warning] Retransmitting PDU Session Establishment Request due to T3580 expiry
[2023-01-09 12:08:35.425] [nas] [debug] UAC access attempt is allowed for identity[0], category[MO_sig]
[2023-01-09 12:08:35.540] [nas] [debug] PDU Session Establishment Accept received
[2023-01-09 12:08:35.540] [nas] [info] PDU Session establishment is successful PSI[2]
[2023-01-09 12:08:35.798] [app] [info] Connection setup for PDU session[2] is successful, TUN interface[uesimtun181, 10.60.3.180] is up.
[2023-01-09 12:08:50.462] [nas] [debug] De-registration required due to [NORMAL]
[2023-01-09 12:08:50.473] [nas] [debug] Starting de-registration procedure due to [NORMAL]
[2023-01-09 12:08:50.473] [nas] [debug] Performing local release of PDU session[1]
[2023-01-09 12:08:50.473] [nas] [debug] Performing local release of PDU session[2]
[2023-01-09 12:08:50.473] [nas] [info] UE switches to state [MM-DEREGISTER-INITIATED]
[2023-01-09 12:08:50.499] [rrc] [debug] RRC Release received
[2023-01-09 12:08:50.500] [nas] [debug] De-registration accept received
[2023-01-09 12:08:50.500] [nas] [info] UE switches to state [MM-DEREGISTERED/PS]
[2023-01-09 12:08:50.500] [nas] [info] De-registration is successful
[2023-01-09 12:08:50.500] [nas] [info] UE switches to state [CM-IDLE]
[2023-01-09 12:08:50.500] [nas] [info] UE switches to state [MM-DEREGISTERED/NORMAL-SERVICE]
[2023-01-09 12:08:50.500] [nas] [debug] Initial registration required due to [MM-DEREG-NORMAL-SERVICE]
[2023-01-09 12:08:50.501] [nas] [debug] UAC access attempt is allowed for identity[0], category[MO_sig]
[2023-01-09 12:08:50.501] [nas] [debug] Sending Initial Registration
[2023-01-09 12:08:50.501] [nas] [debug] Deleting NAS security context
[2023-01-09 12:08:50.501] [nas] [info] UE switches to state [MM-REGISTER-INITIATED]
[2023-01-09 12:08:50.501] [rrc] [debug] Sending RRC Setup Request
[2023-01-09 12:08:50.503] [rrc] [info] RRC connection established
[2023-01-09 12:08:50.503] [rrc] [info] UE switches to state [RRC-CONNECTED]
[2023-01-09 12:08:50.514] [nas] [info] UE switches to state [CM-CONNECTED]
[2023-01-09 12:08:50.637] [nas] [debug] Authentication Request received
[2023-01-09 12:08:50.724] [nas] [debug] Security Mode Command received
[2023-01-09 12:08:50.724] [nas] [debug] Selected integrity[2] ciphering[0]
[2023-01-09 12:08:50.785] [nas] [debug] Registration accept received
[2023-01-09 12:08:50.786] [nas] [info] UE switches to state [MM-REGISTERED/NORMAL-SERVICE]
[2023-01-09 12:08:50.786] [nas] [debug] Sending Registration Complete
[2023-01-09 12:08:50.786] [nas] [info] Initial Registration is successful
[2023-01-09 12:08:50.786] [nas] [debug] Sending PDU Session Establishment Request
[2023-01-09 12:08:50.792] [nas] [debug] UAC access attempt is allowed for identity[0], category[MO_sig]
[2023-01-09 12:08:50.857] [nas] [debug] PDU Session Establishment Accept received
[2023-01-09 12:08:50.857] [nas] [info] PDU Session establishment is successful PSI[1]
[2023-01-09 12:08:51.032] [app] [info] Connection setup for PDU session[1] is successful, TUN interface[uesimtun110, 10.60.3.218] is up.
[2023-01-09 12:09:24.523] [nas] [debug] Sending PDU Session Establishment Request
[2023-01-09 12:09:24.624] [nas] [error] No response from RRC from UAC checks, considering access attempt is barred
[2023-01-09 12:09:41.497] [nas] [warning] Retransmitting PDU Session Establishment Request due to T3580 expiry
[2023-01-09 12:09:41.497] [nas] [debug] UAC access attempt is allowed for identity[0], category[MO_sig]
[2023-01-09 12:09:49.720] [nas] [warning] PDU session release procedure could not start: PS[2] is not active already
[2023-01-09 12:09:54.754] [nas] [debug] De-registration required due to [NORMAL]
[2023-01-09 12:09:54.764] [nas] [debug] Starting de-registration procedure due to [NORMAL]
[2023-01-09 12:09:54.764] [nas] [debug] Performing local release of PDU session[1]
[2023-01-09 12:09:54.764] [nas] [info] UE switches to state [MM-DEREGISTER-INITIATED]
[2023-01-09 12:09:57.518] [nas] [warning] Retransmitting PDU Session Establishment Request due to T3580 expiry
[2023-01-09 12:09:57.520] [nas] [debug] UAC access attempt is allowed for identity[0], category[MO_sig]
