UERANSIM v3.2.6
[2023-01-09 12:03:48.059] [nas] [info] UE switches to state [MM-DEREGISTERED/PLMN-SEARCH]
[2023-01-09 12:03:48.066] [rrc] [debug] New signal detected for cell[1], total [1] cells in coverage
[2023-01-09 12:03:48.066] [nas] [info] Selected plmn[208/93]
[2023-01-09 12:03:48.067] [rrc] [info] Selected cell plmn[208/93] tac[1] category[SUITABLE]
[2023-01-09 12:03:48.067] [nas] [info] UE switches to state [MM-DEREGISTERED/PS]
[2023-01-09 12:03:48.067] [nas] [info] UE switches to state [MM-DEREGISTERED/NORMAL-SERVICE]
[2023-01-09 12:03:48.067] [nas] [debug] Initial registration required due to [MM-DEREG-NORMAL-SERVICE]
[2023-01-09 12:03:48.067] [nas] [debug] UAC access attempt is allowed for identity[0], category[MO_sig]
[2023-01-09 12:03:48.067] [nas] [debug] Sending Initial Registration
[2023-01-09 12:03:48.067] [nas] [info] UE switches to state [MM-REGISTER-INITIATED]
[2023-01-09 12:03:48.068] [rrc] [debug] Sending RRC Setup Request
[2023-01-09 12:03:48.069] [rrc] [info] RRC connection established
[2023-01-09 12:03:48.069] [rrc] [info] UE switches to state [RRC-CONNECTED]
[2023-01-09 12:03:48.069] [nas] [info] UE switches to state [CM-CONNECTED]
[2023-01-09 12:03:48.084] [nas] [debug] Authentication Request received
[2023-01-09 12:03:48.091] [nas] [debug] Security Mode Command received
[2023-01-09 12:03:48.091] [nas] [debug] Selected integrity[2] ciphering[0]
[2023-01-09 12:03:48.123] [nas] [debug] Registration accept received
[2023-01-09 12:03:48.123] [nas] [info] UE switches to state [MM-REGISTERED/NORMAL-SERVICE]
[2023-01-09 12:03:48.123] [nas] [debug] Sending Registration Complete
[2023-01-09 12:03:48.123] [nas] [info] Initial Registration is successful
[2023-01-09 12:03:48.123] [nas] [debug] Sending PDU Session Establishment Request
[2023-01-09 12:03:48.124] [nas] [debug] UAC access attempt is allowed for identity[0], category[MO_sig]
[2023-01-09 12:03:48.366] [nas] [debug] PDU Session Establishment Accept received
[2023-01-09 12:03:48.366] [nas] [info] PDU Session establishment is successful PSI[1]
[2023-01-09 12:03:48.413] [app] [info] Connection setup for PDU session[1] is successful, TUN interface[uesimtun96, 10.60.0.97] is up.
[2023-01-09 12:03:52.372] [nas] [debug] Sending PDU Session Establishment Request
[2023-01-09 12:03:52.488] [nas] [error] No response from RRC from UAC checks, considering access attempt is barred
[2023-01-09 12:04:09.098] [nas] [warning] Retransmitting PDU Session Establishment Request due to T3580 expiry
[2023-01-09 12:04:09.098] [nas] [debug] UAC access attempt is allowed for identity[0], category[MO_sig]
[2023-01-09 12:04:09.427] [nas] [debug] PDU Session Establishment Accept received
[2023-01-09 12:04:09.427] [nas] [info] PDU Session establishment is successful PSI[2]
[2023-01-09 12:04:09.657] [app] [info] Connection setup for PDU session[2] is successful, TUN interface[uesimtun77, 10.60.0.184] is up.
[2023-01-09 12:04:17.549] [nas] [debug] De-registration required due to [NORMAL]
[2023-01-09 12:04:17.559] [nas] [debug] Starting de-registration procedure due to [NORMAL]
[2023-01-09 12:04:17.559] [nas] [debug] Performing local release of PDU session[1]
[2023-01-09 12:04:17.559] [nas] [debug] Performing local release of PDU session[2]
[2023-01-09 12:04:17.559] [nas] [info] UE switches to state [MM-DEREGISTER-INITIATED]
[2023-01-09 12:04:17.608] [nas] [debug] De-registration accept received
[2023-01-09 12:04:17.608] [nas] [info] UE switches to state [MM-DEREGISTERED/PS]
[2023-01-09 12:04:17.608] [nas] [info] De-registration is successful
[2023-01-09 12:04:17.608] [nas] [info] UE switches to state [MM-DEREGISTERED/NORMAL-SERVICE]
[2023-01-09 12:04:17.608] [nas] [debug] Initial registration required due to [MM-DEREG-NORMAL-SERVICE]
[2023-01-09 12:04:17.608] [nas] [debug] Sending Initial Registration
[2023-01-09 12:04:17.608] [nas] [debug] Deleting NAS security context
[2023-01-09 12:04:17.608] [nas] [info] UE switches to state [MM-REGISTER-INITIATED]
[2023-01-09 12:04:17.609] [rrc] [debug] RRC Release received
[2023-01-09 12:04:17.609] [nas] [info] UE switches to state [CM-IDLE]
[2023-01-09 12:04:17.609] [nas] [info] UE switches to state [MM-DEREGISTERED/PS]
[2023-01-09 12:04:17.609] [nas] [info] UE switches to state [5U2-NOT-UPDATED]
[2023-01-09 12:04:17.609] [nas] [info] UE switches to state [MM-DEREGISTERED/ATTEMPTING-REGISTRATION]
[2023-01-09 12:04:28.119] [nas] [debug] NAS timer[3511] expired [1]
[2023-01-09 12:04:28.119] [nas] [debug] Initial registration required due to [T3511-EXPIRY-IN-ATT-REG]
[2023-01-09 12:04:28.121] [nas] [debug] UAC access attempt is allowed for identity[0], category[MO_sig]
[2023-01-09 12:04:28.121] [nas] [debug] Sending Initial Registration
[2023-01-09 12:04:28.121] [nas] [info] UE switches to state [MM-REGISTER-INITIATED]
[2023-01-09 12:04:28.121] [rrc] [debug] Sending RRC Setup Request
[2023-01-09 12:04:28.126] [rrc] [info] RRC connection established
[2023-01-09 12:04:28.126] [rrc] [info] UE switches to state [RRC-CONNECTED]
[2023-01-09 12:04:28.126] [nas] [info] UE switches to state [CM-CONNECTED]
[2023-01-09 12:04:28.357] [nas] [debug] Authentication Request received
[2023-01-09 12:04:28.397] [nas] [debug] Security Mode Command received
[2023-01-09 12:04:28.397] [nas] [debug] Selected integrity[2] ciphering[0]
[2023-01-09 12:04:28.487] [nas] [debug] Registration accept received
[2023-01-09 12:04:28.487] [nas] [info] UE switches to state [MM-REGISTERED/NORMAL-SERVICE]
[2023-01-09 12:04:28.487] [nas] [info] UE switches to state [5U1-UPDATED]
[2023-01-09 12:04:28.487] [nas] [debug] Sending Registration Complete
[2023-01-09 12:04:28.487] [nas] [info] Initial Registration is successful
[2023-01-09 12:04:28.487] [nas] [debug] Sending PDU Session Establishment Request
[2023-01-09 12:04:28.487] [nas] [debug] UAC access attempt is allowed for identity[0], category[MO_sig]
[2023-01-09 12:04:28.610] [nas] [debug] PDU Session Establishment Accept received
[2023-01-09 12:04:28.610] [nas] [info] PDU Session establishment is successful PSI[1]
[2023-01-09 12:04:28.774] [app] [info] Connection setup for PDU session[1] is successful, TUN interface[uesimtun62, 10.60.1.13] is up.
[2023-01-09 12:04:52.599] [nas] [debug] Sending PDU Session Release Request for PSI[1]
[2023-01-09 12:04:52.631] [nas] [debug] PDU Session Release Command received
[2023-01-09 12:04:52.631] [nas] [debug] Performing local release of PDU session[1]
[2023-01-09 12:04:53.077] [nas] [debug] Sending PDU Session Establishment Request
[2023-01-09 12:04:53.079] [nas] [debug] UAC access attempt is allowed for identity[0], category[MO_sig]
[2023-01-09 12:04:53.130] [nas] [debug] PDU Session Establishment Accept received
[2023-01-09 12:04:53.130] [nas] [info] PDU Session establishment is successful PSI[1]
[2023-01-09 12:04:53.239] [app] [info] Connection setup for PDU session[1] is successful, TUN interface[uesimtun61, 10.60.1.97] is up.
[2023-01-09 12:04:58.665] [nas] [debug] Sending PDU Session Release Request for PSI[1]
[2023-01-09 12:04:58.811] [nas] [debug] PDU Session Release Command received
[2023-01-09 12:04:58.811] [nas] [debug] Performing local release of PDU session[1]
[2023-01-09 12:04:59.683] [nas] [debug] Sending PDU Session Establishment Request
[2023-01-09 12:04:59.684] [nas] [debug] UAC access attempt is allowed for identity[0], category[MO_sig]
[2023-01-09 12:04:59.908] [nas] [debug] PDU Session Establishment Accept received
[2023-01-09 12:04:59.908] [nas] [info] PDU Session establishment is successful PSI[1]
[2023-01-09 12:04:59.955] [app] [info] Connection setup for PDU session[1] is successful, TUN interface[uesimtun23, 10.60.1.117] is up.
[2023-01-09 12:05:03.710] [nas] [debug] De-registration required due to [NORMAL]
[2023-01-09 12:05:03.721] [nas] [debug] Starting de-registration procedure due to [NORMAL]
[2023-01-09 12:05:03.721] [nas] [debug] Performing local release of PDU session[1]
[2023-01-09 12:05:03.721] [nas] [info] UE switches to state [MM-DEREGISTER-INITIATED]
[2023-01-09 12:05:03.853] [nas] [debug] De-registration accept received
[2023-01-09 12:05:03.853] [nas] [info] UE switches to state [MM-DEREGISTERED/PS]
[2023-01-09 12:05:03.853] [nas] [info] De-registration is successful
[2023-01-09 12:05:03.853] [nas] [info] UE switches to state [MM-DEREGISTERED/NORMAL-SERVICE]
[2023-01-09 12:05:03.853] [nas] [debug] Initial registration required due to [MM-DEREG-NORMAL-SERVICE]
[2023-01-09 12:05:03.853] [nas] [debug] Sending Initial Registration
[2023-01-09 12:05:03.853] [nas] [debug] Deleting NAS security context
[2023-01-09 12:05:03.853] [nas] [info] UE switches to state [MM-REGISTER-INITIATED]
[2023-01-09 12:05:03.857] [rrc] [debug] RRC Release received
[2023-01-09 12:05:03.857] [nas] [info] UE switches to state [CM-IDLE]
[2023-01-09 12:05:03.857] [nas] [info] UE switches to state [MM-DEREGISTERED/PS]
[2023-01-09 12:05:03.857] [nas] [info] UE switches to state [5U2-NOT-UPDATED]
[2023-01-09 12:05:03.857] [nas] [info] UE switches to state [MM-DEREGISTERED/ATTEMPTING-REGISTRATION]
[2023-01-09 12:05:14.185] [nas] [debug] NAS timer[3511] expired [1]
[2023-01-09 12:05:14.185] [nas] [debug] Initial registration required due to [T3511-EXPIRY-IN-ATT-REG]
[2023-01-09 12:05:14.188] [nas] [debug] UAC access attempt is allowed for identity[0], category[MO_sig]
[2023-01-09 12:05:14.188] [nas] [debug] Sending Initial Registration
[2023-01-09 12:05:14.188] [rrc] [debug] Sending RRC Setup Request
[2023-01-09 12:05:14.188] [nas] [info] UE switches to state [MM-REGISTER-INITIATED]
[2023-01-09 12:05:14.188] [rrc] [info] RRC connection established
[2023-01-09 12:05:14.188] [rrc] [info] UE switches to state [RRC-CONNECTED]
[2023-01-09 12:05:14.188] [nas] [info] UE switches to state [CM-CONNECTED]
[2023-01-09 12:05:14.389] [nas] [debug] Authentication Request received
[2023-01-09 12:05:14.418] [nas] [debug] Security Mode Command received
[2023-01-09 12:05:14.418] [nas] [debug] Selected integrity[2] ciphering[0]
[2023-01-09 12:05:14.522] [nas] [debug] Registration accept received
[2023-01-09 12:05:14.522] [nas] [info] UE switches to state [MM-REGISTERED/NORMAL-SERVICE]
[2023-01-09 12:05:14.522] [nas] [info] UE switches to state [5U1-UPDATED]
[2023-01-09 12:05:14.522] [nas] [debug] Sending Registration Complete
[2023-01-09 12:05:14.522] [nas] [info] Initial Registration is successful
[2023-01-09 12:05:14.522] [nas] [debug] Sending PDU Session Establishment Request
[2023-01-09 12:05:14.524] [nas] [debug] UAC access attempt is allowed for identity[0], category[MO_sig]
[2023-01-09 12:05:14.668] [nas] [debug] PDU Session Establishment Accept received
[2023-01-09 12:05:14.668] [nas] [info] PDU Session establishment is successful PSI[1]
[2023-01-09 12:05:14.792] [app] [info] Connection setup for PDU session[1] is successful, TUN interface[uesimtun78, 10.60.1.156] is up.
[2023-01-09 12:05:30.772] [nas] [debug] De-registration required due to [NORMAL]
[2023-01-09 12:05:30.782] [nas] [debug] Starting de-registration procedure due to [NORMAL]
[2023-01-09 12:05:30.782] [nas] [debug] Performing local release of PDU session[1]
[2023-01-09 12:05:30.782] [nas] [info] UE switches to state [MM-DEREGISTER-INITIATED]
[2023-01-09 12:05:30.792] [nas] [debug] De-registration accept received
[2023-01-09 12:05:30.792] [nas] [info] UE switches to state [MM-DEREGISTERED/PS]
[2023-01-09 12:05:30.792] [nas] [info] De-registration is successful
[2023-01-09 12:05:30.792] [nas] [info] UE switches to state [MM-DEREGISTERED/NORMAL-SERVICE]
[2023-01-09 12:05:30.792] [nas] [debug] Initial registration required due to [MM-DEREG-NORMAL-SERVICE]
[2023-01-09 12:05:30.792] [nas] [debug] Sending Initial Registration
[2023-01-09 12:05:30.792] [nas] [debug] Deleting NAS security context
[2023-01-09 12:05:30.792] [nas] [info] UE switches to state [MM-REGISTER-INITIATED]
[2023-01-09 12:05:30.793] [rrc] [debug] RRC Release received
[2023-01-09 12:05:30.793] [nas] [info] UE switches to state [CM-IDLE]
[2023-01-09 12:05:30.793] [nas] [info] UE switches to state [MM-DEREGISTERED/PS]
[2023-01-09 12:05:30.793] [nas] [info] UE switches to state [5U2-NOT-UPDATED]
[2023-01-09 12:05:30.793] [nas] [info] UE switches to state [MM-DEREGISTERED/ATTEMPTING-REGISTRATION]
[2023-01-09 12:05:41.213] [nas] [debug] NAS timer[3511] expired [1]
[2023-01-09 12:05:41.213] [nas] [debug] Initial registration required due to [T3511-EXPIRY-IN-ATT-REG]
[2023-01-09 12:05:41.213] [nas] [debug] UAC access attempt is allowed for identity[0], category[MO_sig]
[2023-01-09 12:05:41.213] [nas] [debug] Sending Initial Registration
[2023-01-09 12:05:41.214] [nas] [info] UE switches to state [MM-REGISTER-INITIATED]
[2023-01-09 12:05:41.214] [rrc] [debug] Sending RRC Setup Request
[2023-01-09 12:05:41.214] [rrc] [info] RRC connection established
[2023-01-09 12:05:41.214] [rrc] [info] UE switches to state [RRC-CONNECTED]
[2023-01-09 12:05:41.214] [nas] [info] UE switches to state [CM-CONNECTED]
[2023-01-09 12:05:41.460] [nas] [debug] Authentication Request received
[2023-01-09 12:05:41.471] [nas] [debug] Security Mode Command received
[2023-01-09 12:05:41.471] [nas] [debug] Selected integrity[2] ciphering[0]
[2023-01-09 12:05:41.497] [nas] [debug] Registration accept received
[2023-01-09 12:05:41.497] [nas] [info] UE switches to state [MM-REGISTERED/NORMAL-SERVICE]
[2023-01-09 12:05:41.498] [nas] [info] UE switches to state [5U1-UPDATED]
[2023-01-09 12:05:41.498] [nas] [debug] Sending Registration Complete
[2023-01-09 12:05:41.498] [nas] [info] Initial Registration is successful
[2023-01-09 12:05:41.498] [nas] [debug] Sending PDU Session Establishment Request
[2023-01-09 12:05:41.498] [nas] [debug] UAC access attempt is allowed for identity[0], category[MO_sig]
[2023-01-09 12:05:41.733] [nas] [debug] PDU Session Establishment Accept received
[2023-01-09 12:05:41.733] [nas] [info] PDU Session establishment is successful PSI[1]
[2023-01-09 12:05:41.794] [app] [info] Connection setup for PDU session[1] is successful, TUN interface[uesimtun97, 10.60.1.240] is up.
[2023-01-09 12:06:01.825] [nas] [debug] Sending PDU Session Release Request for PSI[1]
[2023-01-09 12:06:01.903] [nas] [error] PDU Session Release Reject received [REQUEST_REJECTED_UNSPECIFIED]
[2023-01-09 12:06:01.903] [nas] [error] PS release reject received without being requested
[2023-01-09 12:06:01.903] [nas] [warning] Sending SM Cause[MESSAGE_TYPE_NOT_COMPATIBLE_WITH_THE_PROTOCOL_STATE] for PSI[1]
[2023-01-09 12:06:06.856] [nas] [debug] Sending PDU Session Establishment Request
[2023-01-09 12:06:06.957] [nas] [error] No response from RRC from UAC checks, considering access attempt is barred
[2023-01-09 12:06:23.262] [nas] [warning] Retransmitting PDU Session Establishment Request due to T3580 expiry
[2023-01-09 12:06:23.268] [nas] [debug] UAC access attempt is allowed for identity[0], category[MO_sig]
[2023-01-09 12:06:23.437] [nas] [debug] PDU Session Establishment Accept received
[2023-01-09 12:06:23.437] [nas] [info] PDU Session establishment is successful PSI[2]
[2023-01-09 12:06:23.537] [app] [info] Connection setup for PDU session[2] is successful, TUN interface[uesimtun126, 10.60.2.92] is up.
[2023-01-09 12:06:36.016] [nas] [debug] Sending PDU Session Release Request for PSI[1]
[2023-01-09 12:06:36.016] [nas] [debug] Sending PDU Session Release Request for PSI[2]
[2023-01-09 12:06:36.047] [nas] [error] PDU Session Release Reject received [REQUEST_REJECTED_UNSPECIFIED]
[2023-01-09 12:06:36.047] [nas] [error] PS release reject received without being requested
[2023-01-09 12:06:36.047] [nas] [warning] Sending SM Cause[MESSAGE_TYPE_NOT_COMPATIBLE_WITH_THE_PROTOCOL_STATE] for PSI[1]
[2023-01-09 12:06:36.055] [nas] [debug] PDU Session Release Command received
[2023-01-09 12:06:36.055] [nas] [debug] Performing local release of PDU session[2]
[2023-01-09 12:06:50.055] [nas] [debug] Sending PDU Session Establishment Request
[2023-01-09 12:06:50.156] [nas] [error] No response from RRC from UAC checks, considering access attempt is barred
[2023-01-09 12:07:06.313] [nas] [warning] Retransmitting PDU Session Establishment Request due to T3580 expiry
[2023-01-09 12:07:06.316] [nas] [debug] UAC access attempt is allowed for identity[0], category[MO_sig]
[2023-01-09 12:07:06.441] [nas] [debug] PDU Session Establishment Accept received
[2023-01-09 12:07:06.442] [nas] [info] PDU Session establishment is successful PSI[2]
[2023-01-09 12:07:06.483] [app] [info] Connection setup for PDU session[2] is successful, TUN interface[uesimtun98, 10.60.2.216] is up.
[2023-01-09 12:07:22.220] [nas] [debug] De-registration required due to [NORMAL]
[2023-01-09 12:07:22.230] [nas] [debug] Starting de-registration procedure due to [NORMAL]
[2023-01-09 12:07:22.230] [nas] [debug] Performing local release of PDU session[1]
[2023-01-09 12:07:22.230] [nas] [debug] Performing local release of PDU session[2]
[2023-01-09 12:07:22.230] [nas] [info] UE switches to state [MM-DEREGISTER-INITIATED]
[2023-01-09 12:07:22.241] [nas] [debug] De-registration accept received
[2023-01-09 12:07:22.241] [nas] [info] UE switches to state [MM-DEREGISTERED/PS]
[2023-01-09 12:07:22.241] [nas] [info] De-registration is successful
[2023-01-09 12:07:22.241] [nas] [info] UE switches to state [MM-DEREGISTERED/NORMAL-SERVICE]
[2023-01-09 12:07:22.241] [nas] [debug] Initial registration required due to [MM-DEREG-NORMAL-SERVICE]
[2023-01-09 12:07:22.241] [nas] [debug] Sending Initial Registration
[2023-01-09 12:07:22.241] [nas] [debug] Deleting NAS security context
[2023-01-09 12:07:22.241] [nas] [info] UE switches to state [MM-REGISTER-INITIATED]
[2023-01-09 12:07:22.243] [rrc] [debug] RRC Release received
[2023-01-09 12:07:22.243] [nas] [info] UE switches to state [CM-IDLE]
[2023-01-09 12:07:22.243] [nas] [info] UE switches to state [MM-DEREGISTERED/PS]
[2023-01-09 12:07:22.243] [nas] [info] UE switches to state [5U2-NOT-UPDATED]
[2023-01-09 12:07:22.243] [nas] [info] UE switches to state [MM-DEREGISTERED/ATTEMPTING-REGISTRATION]
[2023-01-09 12:07:32.347] [nas] [debug] NAS timer[3511] expired [1]
[2023-01-09 12:07:32.347] [nas] [debug] Initial registration required due to [T3511-EXPIRY-IN-ATT-REG]
[2023-01-09 12:07:32.348] [nas] [debug] UAC access attempt is allowed for identity[0], category[MO_sig]
[2023-01-09 12:07:32.348] [nas] [debug] Sending Initial Registration
[2023-01-09 12:07:32.348] [nas] [info] UE switches to state [MM-REGISTER-INITIATED]
[2023-01-09 12:07:32.348] [rrc] [debug] Sending RRC Setup Request
[2023-01-09 12:07:32.348] [rrc] [info] RRC connection established
[2023-01-09 12:07:32.348] [rrc] [info] UE switches to state [RRC-CONNECTED]
[2023-01-09 12:07:32.349] [nas] [info] UE switches to state [CM-CONNECTED]
[2023-01-09 12:07:32.635] [nas] [debug] Authentication Request received
[2023-01-09 12:07:32.670] [nas] [debug] Security Mode Command received
[2023-01-09 12:07:32.670] [nas] [debug] Selected integrity[2] ciphering[0]
[2023-01-09 12:07:32.750] [nas] [debug] Registration accept received
[2023-01-09 12:07:32.750] [nas] [info] UE switches to state [MM-REGISTERED/NORMAL-SERVICE]
[2023-01-09 12:07:32.750] [nas] [info] UE switches to state [5U1-UPDATED]
[2023-01-09 12:07:32.750] [nas] [debug] Sending Registration Complete
[2023-01-09 12:07:32.750] [nas] [info] Initial Registration is successful
[2023-01-09 12:07:32.750] [nas] [debug] Sending PDU Session Establishment Request
[2023-01-09 12:07:32.750] [nas] [debug] UAC access attempt is allowed for identity[0], category[MO_sig]
[2023-01-09 12:07:32.863] [nas] [debug] PDU Session Establishment Accept received
[2023-01-09 12:07:32.863] [nas] [info] PDU Session establishment is successful PSI[1]
[2023-01-09 12:07:33.036] [app] [info] Connection setup for PDU session[1] is successful, TUN interface[uesimtun133, 10.60.3.25] is up.
[2023-01-09 12:07:51.331] [nas] [debug] Sending PDU Session Release Request for PSI[1]
[2023-01-09 12:07:51.544] [nas] [debug] PDU Session Release Command received
[2023-01-09 12:07:51.544] [nas] [debug] Performing local release of PDU session[1]
[2023-01-09 12:07:51.579] [nas] [debug] Sending PDU Session Establishment Request
[2023-01-09 12:07:51.580] [nas] [debug] UAC access attempt is allowed for identity[0], category[MO_sig]
[2023-01-09 12:07:51.681] [nas] [debug] PDU Session Establishment Accept received
[2023-01-09 12:07:51.681] [nas] [info] PDU Session establishment is successful PSI[1]
[2023-01-09 12:07:51.826] [app] [info] Connection setup for PDU session[1] is successful, TUN interface[uesimtun48, 10.60.3.69] is up.
[2023-01-09 12:07:57.368] [nas] [debug] Sending PDU Session Establishment Request
[2023-01-09 12:07:57.469] [nas] [error] No response from RRC from UAC checks, considering access attempt is barred
[2023-01-09 12:08:13.499] [nas] [warning] Retransmitting PDU Session Establishment Request due to T3580 expiry
[2023-01-09 12:08:13.499] [nas] [debug] UAC access attempt is allowed for identity[0], category[MO_sig]
[2023-01-09 12:08:13.741] [nas] [debug] PDU Session Establishment Accept received
[2023-01-09 12:08:13.741] [nas] [info] PDU Session establishment is successful PSI[2]
[2023-01-09 12:08:13.942] [app] [info] Connection setup for PDU session[2] is successful, TUN interface[uesimtun129, 10.60.3.120] is up.
[2023-01-09 12:08:24.542] [nas] [debug] Sending PDU Session Establishment Request
[2023-01-09 12:08:24.643] [nas] [error] No response from RRC from UAC checks, considering access attempt is barred
[2023-01-09 12:08:41.538] [nas] [warning] Retransmitting PDU Session Establishment Request due to T3580 expiry
[2023-01-09 12:08:41.541] [nas] [debug] UAC access attempt is allowed for identity[0], category[MO_sig]
[2023-01-09 12:08:41.639] [nas] [debug] PDU Session Establishment Accept received
[2023-01-09 12:08:41.639] [nas] [info] PDU Session establishment is successful PSI[3]
[2023-01-09 12:08:41.750] [app] [info] Connection setup for PDU session[3] is successful, TUN interface[uesimtun56, 10.60.3.200] is up.
[2023-01-09 12:08:56.776] [nas] [debug] Sending PDU Session Release Request for PSI[1]
[2023-01-09 12:08:56.776] [nas] [debug] Sending PDU Session Release Request for PSI[2]
[2023-01-09 12:08:56.776] [nas] [debug] Sending PDU Session Release Request for PSI[3]
[2023-01-09 12:08:56.810] [nas] [error] PDU Session Release Reject received [REQUEST_REJECTED_UNSPECIFIED]
[2023-01-09 12:08:56.810] [nas] [error] PS release reject received without being requested
[2023-01-09 12:08:56.810] [nas] [warning] Sending SM Cause[MESSAGE_TYPE_NOT_COMPATIBLE_WITH_THE_PROTOCOL_STATE] for PSI[1]
[2023-01-09 12:08:56.819] [nas] [error] PDU Session Release Reject received [REQUEST_REJECTED_UNSPECIFIED]
[2023-01-09 12:08:56.819] [nas] [error] PS release reject received without being requested
[2023-01-09 12:08:56.819] [nas] [warning] Sending SM Cause[MESSAGE_TYPE_NOT_COMPATIBLE_WITH_THE_PROTOCOL_STATE] for PSI[2]
[2023-01-09 12:08:56.821] [nas] [error] PDU Session Release Reject received [REQUEST_REJECTED_UNSPECIFIED]
[2023-01-09 12:08:56.821] [nas] [error] PS release reject received without being requested
[2023-01-09 12:08:56.821] [nas] [warning] Sending SM Cause[MESSAGE_TYPE_NOT_COMPATIBLE_WITH_THE_PROTOCOL_STATE] for PSI[3]
[2023-01-09 12:09:04.866] [nas] [warning] PDU session release procedure could not start: PS[4] is not active already
[2023-01-09 12:09:14.908] [nas] [debug] De-registration required due to [NORMAL]
[2023-01-09 12:09:14.918] [nas] [debug] Starting de-registration procedure due to [NORMAL]
[2023-01-09 12:09:14.918] [nas] [debug] Performing local release of PDU session[1]
[2023-01-09 12:09:14.918] [nas] [debug] Performing local release of PDU session[2]
[2023-01-09 12:09:14.918] [nas] [debug] Performing local release of PDU session[3]
[2023-01-09 12:09:14.918] [nas] [info] UE switches to state [MM-DEREGISTER-INITIATED]
[2023-01-09 12:09:30.590] [nas] [debug] NAS timer[3521] expired [1]
[2023-01-09 12:09:30.590] [nas] [debug] Retransmitting De-registration Request due to T3521 expiry
[2023-01-09 12:09:41.953] [nas] [debug] Sending PDU Session Establishment Request
[2023-01-09 12:09:42.054] [nas] [error] No response from RRC from UAC checks, considering access attempt is barred
[2023-01-09 12:09:45.608] [nas] [debug] NAS timer[3521] expired [2]
[2023-01-09 12:09:45.608] [nas] [debug] Retransmitting De-registration Request due to T3521 expiry
[2023-01-09 12:09:58.621] [nas] [warning] Retransmitting PDU Session Establishment Request due to T3580 expiry
[2023-01-09 12:09:58.625] [nas] [debug] UAC access attempt is allowed for identity[0], category[MO_sig]
[2023-01-09 12:10:00.623] [nas] [debug] NAS timer[3521] expired [3]
[2023-01-09 12:10:00.623] [nas] [debug] Retransmitting De-registration Request due to T3521 expiry
