UERANSIM v3.2.6
[2023-01-09 12:03:44.051] [nas] [info] UE switches to state [MM-DEREGISTERED/PLMN-SEARCH]
[2023-01-09 12:03:44.058] [rrc] [debug] New signal detected for cell[1], total [1] cells in coverage
[2023-01-09 12:03:44.058] [nas] [info] Selected plmn[208/93]
[2023-01-09 12:03:44.058] [rrc] [info] Selected cell plmn[208/93] tac[1] category[SUITABLE]
[2023-01-09 12:03:44.058] [nas] [info] UE switches to state [MM-DEREGISTERED/PS]
[2023-01-09 12:03:44.058] [nas] [info] UE switches to state [MM-DEREGISTERED/NORMAL-SERVICE]
[2023-01-09 12:03:44.058] [nas] [debug] Initial registration required due to [MM-DEREG-NORMAL-SERVICE]
[2023-01-09 12:03:44.058] [nas] [debug] UAC access attempt is allowed for identity[0], category[MO_sig]
[2023-01-09 12:03:44.058] [nas] [debug] Sending Initial Registration
[2023-01-09 12:03:44.058] [nas] [info] UE switches to state [MM-REGISTER-INITIATED]
[2023-01-09 12:03:44.058] [rrc] [debug] Sending RRC Setup Request
[2023-01-09 12:03:44.059] [rrc] [info] RRC connection established
[2023-01-09 12:03:44.059] [rrc] [info] UE switches to state [RRC-CONNECTED]
[2023-01-09 12:03:44.059] [nas] [info] UE switches to state [CM-CONNECTED]
[2023-01-09 12:03:44.074] [nas] [debug] Authentication Request received
[2023-01-09 12:03:44.082] [nas] [debug] Security Mode Command received
[2023-01-09 12:03:44.083] [nas] [debug] Selected integrity[2] ciphering[0]
[2023-01-09 12:03:44.107] [nas] [debug] Registration accept received
[2023-01-09 12:03:44.108] [nas] [info] UE switches to state [MM-REGISTERED/NORMAL-SERVICE]
[2023-01-09 12:03:44.108] [nas] [debug] Sending Registration Complete
[2023-01-09 12:03:44.108] [nas] [info] Initial Registration is successful
[2023-01-09 12:03:44.108] [nas] [debug] Sending PDU Session Establishment Request
[2023-01-09 12:03:44.108] [nas] [debug] UAC access attempt is allowed for identity[0], category[MO_sig]
[2023-01-09 12:03:44.340] [nas] [debug] PDU Session Establishment Accept received
[2023-01-09 12:03:44.340] [nas] [info] PDU Session establishment is successful PSI[1]
[2023-01-09 12:03:44.354] [app] [info] Connection setup for PDU session[1] is successful, TUN interface[uesimtun92, 10.60.0.93] is up.
[2023-01-09 12:03:53.877] [nas] [debug] Sending PDU Session Release Request for PSI[1]
[2023-01-09 12:03:54.341] [nas] [debug] PDU Session Release Command received
[2023-01-09 12:03:54.341] [nas] [debug] Performing local release of PDU session[1]
[2023-01-09 12:03:55.063] [nas] [debug] Sending PDU Session Establishment Request
[2023-01-09 12:03:55.066] [nas] [debug] UAC access attempt is allowed for identity[0], category[MO_sig]
[2023-01-09 12:03:55.428] [nas] [debug] PDU Session Establishment Accept received
[2023-01-09 12:03:55.428] [nas] [info] PDU Session establishment is successful PSI[1]
[2023-01-09 12:03:55.516] [app] [info] Connection setup for PDU session[1] is successful, TUN interface[uesimtun16, 10.60.0.141] is up.
[2023-01-09 12:04:08.940] [nas] [debug] Sending PDU Session Release Request for PSI[1]
[2023-01-09 12:04:09.092] [nas] [error] PDU Session Release Reject received [REQUEST_REJECTED_UNSPECIFIED]
[2023-01-09 12:04:09.092] [nas] [error] PS release reject received without being requested
[2023-01-09 12:04:09.092] [nas] [warning] Sending SM Cause[MESSAGE_TYPE_NOT_COMPATIBLE_WITH_THE_PROTOCOL_STATE] for PSI[1]
[2023-01-09 12:04:15.975] [nas] [debug] Sending PDU Session Release Request for PSI[1]
[2023-01-09 12:04:15.993] [nas] [error] PDU Session Release Reject received [REQUEST_REJECTED_UNSPECIFIED]
[2023-01-09 12:04:15.993] [nas] [error] PS release reject received without being requested
[2023-01-09 12:04:15.993] [nas] [warning] Sending SM Cause[MESSAGE_TYPE_NOT_COMPATIBLE_WITH_THE_PROTOCOL_STATE] for PSI[1]
[2023-01-09 12:04:28.020] [nas] [debug] De-registration required due to [NORMAL]
[2023-01-09 12:04:28.030] [nas] [debug] Starting de-registration procedure due to [NORMAL]
[2023-01-09 12:04:28.030] [nas] [debug] Performing local release of PDU session[1]
[2023-01-09 12:04:28.030] [nas] [info] UE switches to state [MM-DEREGISTER-INITIATED]
[2023-01-09 12:04:28.075] [rrc] [debug] RRC Release received
[2023-01-09 12:04:28.075] [nas] [debug] De-registration accept received
[2023-01-09 12:04:28.075] [nas] [info] UE switches to state [MM-DEREGISTERED/PS]
[2023-01-09 12:04:28.075] [nas] [info] De-registration is successful
[2023-01-09 12:04:28.075] [nas] [info] UE switches to state [CM-IDLE]
[2023-01-09 12:04:28.075] [nas] [info] UE switches to state [MM-DEREGISTERED/NORMAL-SERVICE]
[2023-01-09 12:04:28.075] [nas] [debug] Initial registration required due to [MM-DEREG-NORMAL-SERVICE]
[2023-01-09 12:04:28.077] [nas] [debug] UAC access attempt is allowed for identity[0], category[MO_sig]
[2023-01-09 12:04:28.077] [nas] [debug] Sending Initial Registration
[2023-01-09 12:04:28.077] [nas] [debug] Deleting NAS security context
[2023-01-09 12:04:28.077] [nas] [info] UE switches to state [MM-REGISTER-INITIATED]
[2023-01-09 12:04:28.077] [rrc] [debug] Sending RRC Setup Request
[2023-01-09 12:04:28.087] [rrc] [info] RRC connection established
[2023-01-09 12:04:28.087] [rrc] [info] UE switches to state [RRC-CONNECTED]
[2023-01-09 12:04:28.087] [nas] [info] UE switches to state [CM-CONNECTED]
[2023-01-09 12:04:28.338] [nas] [debug] Authentication Request received
[2023-01-09 12:04:28.396] [nas] [debug] Security Mode Command received
[2023-01-09 12:04:28.396] [nas] [debug] Selected integrity[2] ciphering[0]
[2023-01-09 12:04:28.457] [nas] [debug] Registration accept received
[2023-01-09 12:04:28.457] [nas] [info] UE switches to state [MM-REGISTERED/NORMAL-SERVICE]
[2023-01-09 12:04:28.457] [nas] [debug] Sending Registration Complete
[2023-01-09 12:04:28.457] [nas] [info] Initial Registration is successful
[2023-01-09 12:04:28.457] [nas] [debug] Sending PDU Session Establishment Request
[2023-01-09 12:04:28.463] [nas] [debug] UAC access attempt is allowed for identity[0], category[MO_sig]
[2023-01-09 12:04:28.575] [nas] [debug] PDU Session Establishment Accept received
[2023-01-09 12:04:28.575] [nas] [info] PDU Session establishment is successful PSI[1]
[2023-01-09 12:04:28.746] [app] [info] Connection setup for PDU session[1] is successful, TUN interface[uesimtun57, 10.60.1.12] is up.
[2023-01-09 12:05:01.150] [nas] [warning] PDU session release procedure could not start: PS[2] is not active already
[2023-01-09 12:05:08.217] [nas] [debug] De-registration required due to [NORMAL]
[2023-01-09 12:05:08.227] [nas] [debug] Starting de-registration procedure due to [NORMAL]
[2023-01-09 12:05:08.227] [nas] [debug] Performing local release of PDU session[1]
[2023-01-09 12:05:08.227] [nas] [info] UE switches to state [MM-DEREGISTER-INITIATED]
[2023-01-09 12:05:08.247] [nas] [debug] De-registration accept received
[2023-01-09 12:05:08.247] [nas] [info] UE switches to state [MM-DEREGISTERED/PS]
[2023-01-09 12:05:08.247] [nas] [info] De-registration is successful
[2023-01-09 12:05:08.247] [nas] [info] UE switches to state [MM-DEREGISTERED/NORMAL-SERVICE]
[2023-01-09 12:05:08.247] [nas] [debug] Initial registration required due to [MM-DEREG-NORMAL-SERVICE]
[2023-01-09 12:05:08.247] [nas] [debug] Sending Initial Registration
[2023-01-09 12:05:08.247] [nas] [debug] Deleting NAS security context
[2023-01-09 12:05:08.247] [nas] [info] UE switches to state [MM-REGISTER-INITIATED]
[2023-01-09 12:05:08.247] [rrc] [debug] RRC Release received
[2023-01-09 12:05:08.247] [nas] [info] UE switches to state [CM-IDLE]
[2023-01-09 12:05:08.247] [nas] [info] UE switches to state [MM-DEREGISTERED/PS]
[2023-01-09 12:05:08.247] [nas] [info] UE switches to state [5U2-NOT-UPDATED]
[2023-01-09 12:05:08.247] [nas] [info] UE switches to state [MM-DEREGISTERED/ATTEMPTING-REGISTRATION]
[2023-01-09 12:05:19.187] [nas] [debug] NAS timer[3511] expired [1]
[2023-01-09 12:05:19.187] [nas] [debug] Initial registration required due to [T3511-EXPIRY-IN-ATT-REG]
[2023-01-09 12:05:19.187] [nas] [debug] UAC access attempt is allowed for identity[0], category[MO_sig]
[2023-01-09 12:05:19.187] [nas] [debug] Sending Initial Registration
[2023-01-09 12:05:19.187] [nas] [info] UE switches to state [MM-REGISTER-INITIATED]
[2023-01-09 12:05:19.187] [rrc] [debug] Sending RRC Setup Request
[2023-01-09 12:05:19.187] [rrc] [info] RRC connection established
[2023-01-09 12:05:19.187] [rrc] [info] UE switches to state [RRC-CONNECTED]
[2023-01-09 12:05:19.187] [nas] [info] UE switches to state [CM-CONNECTED]
[2023-01-09 12:05:19.245] [nas] [debug] Authentication Request received
[2023-01-09 12:05:19.280] [nas] [debug] Security Mode Command received
[2023-01-09 12:05:19.280] [nas] [debug] Selected integrity[2] ciphering[0]
[2023-01-09 12:05:19.533] [nas] [debug] Registration accept received
[2023-01-09 12:05:19.533] [nas] [info] UE switches to state [MM-REGISTERED/NORMAL-SERVICE]
[2023-01-09 12:05:19.533] [nas] [info] UE switches to state [5U1-UPDATED]
[2023-01-09 12:05:19.533] [nas] [debug] Sending Registration Complete
[2023-01-09 12:05:19.533] [nas] [info] Initial Registration is successful
[2023-01-09 12:05:19.533] [nas] [debug] Sending PDU Session Establishment Request
[2023-01-09 12:05:19.534] [nas] [debug] UAC access attempt is allowed for identity[0], category[MO_sig]
[2023-01-09 12:05:19.774] [nas] [debug] PDU Session Establishment Accept received
[2023-01-09 12:05:19.774] [nas] [info] PDU Session establishment is successful PSI[1]
[2023-01-09 12:05:19.851] [app] [info] Connection setup for PDU session[1] is successful, TUN interface[uesimtun80, 10.60.1.173] is up.
[2023-01-09 12:05:43.309] [nas] [debug] Sending PDU Session Release Request for PSI[1]
[2023-01-09 12:05:43.378] [nas] [debug] PDU Session Release Command received
[2023-01-09 12:05:43.378] [nas] [debug] Performing local release of PDU session[1]
[2023-01-09 12:05:44.109] [nas] [debug] Sending PDU Session Establishment Request
[2023-01-09 12:05:44.112] [nas] [debug] UAC access attempt is allowed for identity[0], category[MO_sig]
[2023-01-09 12:05:44.216] [nas] [debug] PDU Session Establishment Accept received
[2023-01-09 12:05:44.216] [nas] [info] PDU Session establishment is successful PSI[1]
[2023-01-09 12:05:44.337] [app] [info] Connection setup for PDU session[1] is successful, TUN interface[uesimtun89, 10.60.1.249] is up.
[2023-01-09 12:05:50.371] [nas] [debug] De-registration required due to [NORMAL]
[2023-01-09 12:05:50.381] [nas] [debug] Starting de-registration procedure due to [NORMAL]
[2023-01-09 12:05:50.381] [nas] [debug] Performing local release of PDU session[1]
[2023-01-09 12:05:50.381] [nas] [info] UE switches to state [MM-DEREGISTER-INITIATED]
[2023-01-09 12:05:50.576] [nas] [debug] De-registration accept received
[2023-01-09 12:05:50.576] [nas] [info] UE switches to state [MM-DEREGISTERED/PS]
[2023-01-09 12:05:50.576] [nas] [info] De-registration is successful
[2023-01-09 12:05:50.576] [nas] [info] UE switches to state [MM-DEREGISTERED/NORMAL-SERVICE]
[2023-01-09 12:05:50.576] [nas] [debug] Initial registration required due to [MM-DEREG-NORMAL-SERVICE]
[2023-01-09 12:05:50.576] [nas] [debug] Sending Initial Registration
[2023-01-09 12:05:50.576] [nas] [debug] Deleting NAS security context
[2023-01-09 12:05:50.576] [nas] [info] UE switches to state [MM-REGISTER-INITIATED]
[2023-01-09 12:05:50.585] [rrc] [debug] RRC Release received
[2023-01-09 12:05:50.585] [nas] [info] UE switches to state [CM-IDLE]
[2023-01-09 12:05:50.585] [nas] [info] UE switches to state [MM-DEREGISTERED/PS]
[2023-01-09 12:05:50.585] [nas] [info] UE switches to state [5U2-NOT-UPDATED]
[2023-01-09 12:05:50.585] [nas] [info] UE switches to state [MM-DEREGISTERED/ATTEMPTING-REGISTRATION]
[2023-01-09 12:06:01.234] [nas] [debug] NAS timer[3511] expired [1]
[2023-01-09 12:06:01.234] [nas] [debug] Initial registration required due to [T3511-EXPIRY-IN-ATT-REG]
[2023-01-09 12:06:01.234] [nas] [debug] UAC access attempt is allowed for identity[0], category[MO_sig]
[2023-01-09 12:06:01.234] [nas] [debug] Sending Initial Registration
[2023-01-09 12:06:01.234] [nas] [info] UE switches to state [MM-REGISTER-INITIATED]
[2023-01-09 12:06:01.234] [rrc] [debug] Sending RRC Setup Request
[2023-01-09 12:06:01.236] [rrc] [info] RRC connection established
[2023-01-09 12:06:01.236] [rrc] [info] UE switches to state [RRC-CONNECTED]
[2023-01-09 12:06:01.236] [nas] [info] UE switches to state [CM-CONNECTED]
[2023-01-09 12:06:01.488] [nas] [debug] Authentication Request received
[2023-01-09 12:06:01.500] [nas] [debug] Security Mode Command received
[2023-01-09 12:06:01.500] [nas] [debug] Selected integrity[2] ciphering[0]
[2023-01-09 12:06:01.578] [nas] [debug] Registration accept received
[2023-01-09 12:06:01.578] [nas] [info] UE switches to state [MM-REGISTERED/NORMAL-SERVICE]
[2023-01-09 12:06:01.578] [nas] [info] UE switches to state [5U1-UPDATED]
[2023-01-09 12:06:01.578] [nas] [debug] Sending Registration Complete
[2023-01-09 12:06:01.578] [nas] [info] Initial Registration is successful
[2023-01-09 12:06:01.578] [nas] [debug] Sending PDU Session Establishment Request
[2023-01-09 12:06:01.587] [nas] [debug] UAC access attempt is allowed for identity[0], category[MO_sig]
[2023-01-09 12:06:01.661] [nas] [debug] PDU Session Establishment Accept received
[2023-01-09 12:06:01.661] [nas] [info] PDU Session establishment is successful PSI[1]
[2023-01-09 12:06:01.723] [app] [info] Connection setup for PDU session[1] is successful, TUN interface[uesimtun58, 10.60.2.33] is up.
[2023-01-09 12:06:17.470] [nas] [debug] Sending PDU Session Release Request for PSI[1]
[2023-01-09 12:06:17.608] [nas] [error] PDU Session Release Reject received [REQUEST_REJECTED_UNSPECIFIED]
[2023-01-09 12:06:17.608] [nas] [error] PS release reject received without being requested
[2023-01-09 12:06:17.608] [nas] [warning] Sending SM Cause[MESSAGE_TYPE_NOT_COMPATIBLE_WITH_THE_PROTOCOL_STATE] for PSI[1]
[2023-01-09 12:06:28.579] [nas] [debug] Sending PDU Session Establishment Request
[2023-01-09 12:06:28.680] [nas] [error] No response from RRC from UAC checks, considering access attempt is barred
[2023-01-09 12:06:45.281] [nas] [warning] Retransmitting PDU Session Establishment Request due to T3580 expiry
[2023-01-09 12:06:45.284] [nas] [debug] UAC access attempt is allowed for identity[0], category[MO_sig]
[2023-01-09 12:06:45.478] [nas] [debug] PDU Session Establishment Accept received
[2023-01-09 12:06:45.478] [nas] [info] PDU Session establishment is successful PSI[2]
[2023-01-09 12:06:45.613] [app] [info] Connection setup for PDU session[2] is successful, TUN interface[uesimtun32, 10.60.2.154] is up.
[2023-01-09 12:06:56.780] [nas] [debug] Sending PDU Session Establishment Request
[2023-01-09 12:06:56.881] [nas] [error] No response from RRC from UAC checks, considering access attempt is barred
[2023-01-09 12:07:13.309] [nas] [warning] Retransmitting PDU Session Establishment Request due to T3580 expiry
[2023-01-09 12:07:13.309] [nas] [debug] UAC access attempt is allowed for identity[0], category[MO_sig]
[2023-01-09 12:07:13.345] [nas] [debug] PDU Session Establishment Accept received
[2023-01-09 12:07:13.345] [nas] [info] PDU Session establishment is successful PSI[3]
[2023-01-09 12:07:13.413] [app] [info] Connection setup for PDU session[3] is successful, TUN interface[uesimtun60, 10.60.2.224] is up.
[2023-01-09 12:07:23.955] [nas] [debug] Sending PDU Session Release Request for PSI[1]
[2023-01-09 12:07:23.955] [nas] [debug] Sending PDU Session Release Request for PSI[2]
[2023-01-09 12:07:23.955] [nas] [debug] Sending PDU Session Release Request for PSI[3]
[2023-01-09 12:07:24.000] [nas] [error] PDU Session Release Reject received [REQUEST_REJECTED_UNSPECIFIED]
[2023-01-09 12:07:24.000] [nas] [error] PS release reject received without being requested
[2023-01-09 12:07:24.000] [nas] [warning] Sending SM Cause[MESSAGE_TYPE_NOT_COMPATIBLE_WITH_THE_PROTOCOL_STATE] for PSI[1]
[2023-01-09 12:07:24.000] [nas] [error] PDU Session Release Reject received [REQUEST_REJECTED_UNSPECIFIED]
[2023-01-09 12:07:24.000] [nas] [error] PS release reject received without being requested
[2023-01-09 12:07:24.000] [nas] [warning] Sending SM Cause[MESSAGE_TYPE_NOT_COMPATIBLE_WITH_THE_PROTOCOL_STATE] for PSI[2]
[2023-01-09 12:07:24.004] [nas] [error] PDU Session Release Reject received [REQUEST_REJECTED_UNSPECIFIED]
[2023-01-09 12:07:24.004] [nas] [error] PS release reject received without being requested
[2023-01-09 12:07:24.004] [nas] [warning] Sending SM Cause[MESSAGE_TYPE_NOT_COMPATIBLE_WITH_THE_PROTOCOL_STATE] for PSI[3]
[2023-01-09 12:07:33.992] [nas] [debug] Sending PDU Session Establishment Request
[2023-01-09 12:07:34.093] [nas] [error] No response from RRC from UAC checks, considering access attempt is barred
[2023-01-09 12:07:50.355] [nas] [warning] Retransmitting PDU Session Establishment Request due to T3580 expiry
[2023-01-09 12:07:50.355] [nas] [debug] UAC access attempt is allowed for identity[0], category[MO_sig]
[2023-01-09 12:07:50.612] [nas] [debug] PDU Session Establishment Accept received
[2023-01-09 12:07:50.612] [nas] [info] PDU Session establishment is successful PSI[4]
[2023-01-09 12:07:50.712] [app] [info] Connection setup for PDU session[4] is successful, TUN interface[uesimtun35, 10.60.3.66] is up.
[2023-01-09 12:08:06.156] [nas] [debug] Sending PDU Session Release Request for PSI[1]
[2023-01-09 12:08:06.156] [nas] [debug] Sending PDU Session Release Request for PSI[2]
[2023-01-09 12:08:06.156] [nas] [debug] Sending PDU Session Release Request for PSI[3]
[2023-01-09 12:08:06.157] [nas] [debug] Sending PDU Session Release Request for PSI[4]
[2023-01-09 12:08:06.283] [nas] [error] PDU Session Release Reject received [REQUEST_REJECTED_UNSPECIFIED]
[2023-01-09 12:08:06.283] [nas] [error] PS release reject received without being requested
[2023-01-09 12:08:06.283] [nas] [warning] Sending SM Cause[MESSAGE_TYPE_NOT_COMPATIBLE_WITH_THE_PROTOCOL_STATE] for PSI[1]
[2023-01-09 12:08:06.290] [nas] [error] PDU Session Release Reject received [REQUEST_REJECTED_UNSPECIFIED]
[2023-01-09 12:08:06.290] [nas] [error] PS release reject received without being requested
[2023-01-09 12:08:06.290] [nas] [warning] Sending SM Cause[MESSAGE_TYPE_NOT_COMPATIBLE_WITH_THE_PROTOCOL_STATE] for PSI[2]
[2023-01-09 12:08:06.296] [nas] [error] PDU Session Release Reject received [REQUEST_REJECTED_UNSPECIFIED]
[2023-01-09 12:08:06.296] [nas] [error] PS release reject received without being requested
[2023-01-09 12:08:06.296] [nas] [warning] Sending SM Cause[MESSAGE_TYPE_NOT_COMPATIBLE_WITH_THE_PROTOCOL_STATE] for PSI[3]
[2023-01-09 12:08:06.298] [nas] [error] PDU Session Release Reject received [REQUEST_REJECTED_UNSPECIFIED]
[2023-01-09 12:08:06.298] [nas] [error] PS release reject received without being requested
[2023-01-09 12:08:06.298] [nas] [warning] Sending SM Cause[MESSAGE_TYPE_NOT_COMPATIBLE_WITH_THE_PROTOCOL_STATE] for PSI[4]
[2023-01-09 12:08:20.196] [nas] [debug] De-registration required due to [NORMAL]
[2023-01-09 12:08:20.205] [nas] [debug] Starting de-registration procedure due to [NORMAL]
[2023-01-09 12:08:20.206] [nas] [debug] Performing local release of PDU session[1]
[2023-01-09 12:08:20.206] [nas] [debug] Performing local release of PDU session[2]
[2023-01-09 12:08:20.206] [nas] [debug] Performing local release of PDU session[3]
[2023-01-09 12:08:20.206] [nas] [debug] Performing local release of PDU session[4]
[2023-01-09 12:08:20.206] [nas] [info] UE switches to state [MM-DEREGISTER-INITIATED]
[2023-01-09 12:08:20.358] [nas] [debug] De-registration accept received
[2023-01-09 12:08:20.358] [nas] [info] UE switches to state [MM-DEREGISTERED/PS]
[2023-01-09 12:08:20.358] [nas] [info] De-registration is successful
[2023-01-09 12:08:20.358] [nas] [info] UE switches to state [MM-DEREGISTERED/NORMAL-SERVICE]
[2023-01-09 12:08:20.358] [nas] [debug] Initial registration required due to [MM-DEREG-NORMAL-SERVICE]
[2023-01-09 12:08:20.358] [nas] [debug] Sending Initial Registration
[2023-01-09 12:08:20.358] [nas] [debug] Deleting NAS security context
[2023-01-09 12:08:20.358] [nas] [info] UE switches to state [MM-REGISTER-INITIATED]
[2023-01-09 12:08:20.369] [rrc] [debug] RRC Release received
[2023-01-09 12:08:20.369] [nas] [info] UE switches to state [CM-IDLE]
[2023-01-09 12:08:20.369] [nas] [info] UE switches to state [MM-DEREGISTERED/PS]
[2023-01-09 12:08:20.369] [nas] [info] UE switches to state [5U2-NOT-UPDATED]
[2023-01-09 12:08:20.369] [nas] [info] UE switches to state [MM-DEREGISTERED/ATTEMPTING-REGISTRATION]
[2023-01-09 12:08:30.409] [nas] [debug] NAS timer[3511] expired [1]
[2023-01-09 12:08:30.409] [nas] [debug] Initial registration required due to [T3511-EXPIRY-IN-ATT-REG]
[2023-01-09 12:08:30.411] [nas] [debug] UAC access attempt is allowed for identity[0], category[MO_sig]
[2023-01-09 12:08:30.411] [nas] [debug] Sending Initial Registration
[2023-01-09 12:08:30.411] [rrc] [debug] Sending RRC Setup Request
[2023-01-09 12:08:30.411] [nas] [info] UE switches to state [MM-REGISTER-INITIATED]
[2023-01-09 12:08:30.412] [rrc] [info] RRC connection established
[2023-01-09 12:08:30.412] [rrc] [info] UE switches to state [RRC-CONNECTED]
[2023-01-09 12:08:30.412] [nas] [info] UE switches to state [CM-CONNECTED]
[2023-01-09 12:08:30.606] [nas] [debug] Authentication Request received
[2023-01-09 12:08:30.627] [nas] [debug] Security Mode Command received
[2023-01-09 12:08:30.627] [nas] [debug] Selected integrity[2] ciphering[0]
[2023-01-09 12:08:30.691] [nas] [debug] Registration accept received
[2023-01-09 12:08:30.691] [nas] [info] UE switches to state [MM-REGISTERED/NORMAL-SERVICE]
[2023-01-09 12:08:30.691] [nas] [info] UE switches to state [5U1-UPDATED]
[2023-01-09 12:08:30.691] [nas] [debug] Sending Registration Complete
[2023-01-09 12:08:30.691] [nas] [info] Initial Registration is successful
[2023-01-09 12:08:30.691] [nas] [debug] Sending PDU Session Establishment Request
[2023-01-09 12:08:30.692] [nas] [debug] UAC access attempt is allowed for identity[0], category[MO_sig]
[2023-01-09 12:08:30.764] [nas] [debug] PDU Session Establishment Accept received
[2023-01-09 12:08:30.764] [nas] [info] PDU Session establishment is successful PSI[1]
[2023-01-09 12:08:30.878] [app] [info] Connection setup for PDU session[1] is successful, TUN interface[uesimtun112, 10.60.3.163] is up.
[2023-01-09 12:08:50.253] [nas] [debug] Sending PDU Session Establishment Request
[2023-01-09 12:08:50.354] [nas] [error] No response from RRC from UAC checks, considering access attempt is barred
[2023-01-09 12:09:06.459] [nas] [warning] Retransmitting PDU Session Establishment Request due to T3580 expiry
[2023-01-09 12:09:06.461] [nas] [debug] UAC access attempt is allowed for identity[0], category[MO_sig]
[2023-01-09 12:09:16.437] [nas] [warning] PDU session release procedure could not start: PS[3] is not active already
[2023-01-09 12:09:22.478] [nas] [warning] Retransmitting PDU Session Establishment Request due to T3580 expiry
[2023-01-09 12:09:22.480] [nas] [debug] UAC access attempt is allowed for identity[0], category[MO_sig]
[2023-01-09 12:09:27.477] [nas] [debug] De-registration required due to [NORMAL]
[2023-01-09 12:09:27.488] [nas] [debug] Starting de-registration procedure due to [NORMAL]
[2023-01-09 12:09:27.488] [nas] [debug] Performing local release of PDU session[1]
[2023-01-09 12:09:27.488] [nas] [info] UE switches to state [MM-DEREGISTER-INITIATED]
[2023-01-09 12:09:38.499] [nas] [warning] Retransmitting PDU Session Establishment Request due to T3580 expiry
[2023-01-09 12:09:38.500] [nas] [debug] UAC access attempt is allowed for identity[0], category[MO_sig]
[2023-01-09 12:09:42.503] [nas] [debug] NAS timer[3521] expired [1]
[2023-01-09 12:09:42.503] [nas] [debug] Retransmitting De-registration Request due to T3521 expiry
[2023-01-09 12:09:54.516] [nas] [warning] Retransmitting PDU Session Establishment Request due to T3580 expiry
[2023-01-09 12:09:54.519] [nas] [debug] UAC access attempt is allowed for identity[0], category[MO_sig]
[2023-01-09 12:09:57.519] [nas] [debug] NAS timer[3521] expired [2]
[2023-01-09 12:09:57.519] [nas] [debug] Retransmitting De-registration Request due to T3521 expiry
[2023-01-09 12:09:59.536] [nas] [debug] De-registration required due to [NORMAL]
