UERANSIM v3.2.6
[2023-01-09 12:02:51.964] [nas] [info] UE switches to state [MM-DEREGISTERED/PLMN-SEARCH]
[2023-01-09 12:02:51.967] [rrc] [debug] New signal detected for cell[1], total [1] cells in coverage
[2023-01-09 12:02:51.967] [nas] [info] Selected plmn[208/93]
[2023-01-09 12:02:51.967] [rrc] [info] Selected cell plmn[208/93] tac[1] category[SUITABLE]
[2023-01-09 12:02:51.967] [nas] [info] UE switches to state [MM-DEREGISTERED/PS]
[2023-01-09 12:02:51.967] [nas] [info] UE switches to state [MM-DEREGISTERED/NORMAL-SERVICE]
[2023-01-09 12:02:51.967] [nas] [debug] Initial registration required due to [MM-DEREG-NORMAL-SERVICE]
[2023-01-09 12:02:51.967] [nas] [debug] UAC access attempt is allowed for identity[0], category[MO_sig]
[2023-01-09 12:02:51.967] [nas] [debug] Sending Initial Registration
[2023-01-09 12:02:51.967] [nas] [info] UE switches to state [MM-REGISTER-INITIATED]
[2023-01-09 12:02:51.967] [rrc] [debug] Sending RRC Setup Request
[2023-01-09 12:02:51.968] [rrc] [info] RRC connection established
[2023-01-09 12:02:51.968] [rrc] [info] UE switches to state [RRC-CONNECTED]
[2023-01-09 12:02:51.968] [nas] [info] UE switches to state [CM-CONNECTED]
[2023-01-09 12:02:51.982] [nas] [debug] Authentication Request received
[2023-01-09 12:02:51.987] [nas] [debug] Security Mode Command received
[2023-01-09 12:02:51.987] [nas] [debug] Selected integrity[2] ciphering[0]
[2023-01-09 12:02:52.016] [nas] [debug] Registration accept received
[2023-01-09 12:02:52.016] [nas] [info] UE switches to state [MM-REGISTERED/NORMAL-SERVICE]
[2023-01-09 12:02:52.016] [nas] [debug] Sending Registration Complete
[2023-01-09 12:02:52.016] [nas] [info] Initial Registration is successful
[2023-01-09 12:02:52.016] [nas] [debug] Sending PDU Session Establishment Request
[2023-01-09 12:02:52.016] [nas] [debug] UAC access attempt is allowed for identity[0], category[MO_sig]
[2023-01-09 12:02:52.250] [nas] [debug] PDU Session Establishment Accept received
[2023-01-09 12:02:52.250] [nas] [info] PDU Session establishment is successful PSI[1]
[2023-01-09 12:02:52.265] [app] [info] Connection setup for PDU session[1] is successful, TUN interface[uesimtun40, 10.60.0.41] is up.
[2023-01-09 12:03:53.519] [nas] [debug] Sending PDU Session Establishment Request
[2023-01-09 12:03:53.660] [nas] [error] No response from RRC from UAC checks, considering access attempt is barred
[2023-01-09 12:04:10.044] [nas] [warning] Retransmitting PDU Session Establishment Request due to T3580 expiry
[2023-01-09 12:04:10.046] [nas] [debug] UAC access attempt is allowed for identity[0], category[MO_sig]
[2023-01-09 12:04:10.225] [nas] [debug] PDU Session Establishment Accept received
[2023-01-09 12:04:10.225] [nas] [info] PDU Session establishment is successful PSI[2]
[2023-01-09 12:04:10.547] [app] [info] Connection setup for PDU session[2] is successful, TUN interface[uesimtun99, 10.60.0.191] is up.
[2023-01-09 12:04:22.855] [nas] [debug] Sending PDU Session Release Request for PSI[1]
[2023-01-09 12:04:22.925] [nas] [debug] PDU Session Release Command received
[2023-01-09 12:04:22.925] [nas] [debug] Performing local release of PDU session[1]
[2023-01-09 12:04:30.929] [nas] [debug] Sending PDU Session Release Request for PSI[2]
[2023-01-09 12:04:30.963] [nas] [debug] PDU Session Release Command received
[2023-01-09 12:04:30.963] [nas] [debug] Performing local release of PDU session[2]
[2023-01-09 12:04:31.128] [nas] [debug] Sending PDU Session Establishment Request
[2023-01-09 12:04:31.132] [nas] [debug] UAC access attempt is allowed for identity[0], category[MO_sig]
[2023-01-09 12:04:31.192] [nas] [debug] PDU Session Establishment Accept received
[2023-01-09 12:04:31.192] [nas] [info] PDU Session establishment is successful PSI[1]
[2023-01-09 12:04:31.292] [app] [info] Connection setup for PDU session[1] is successful, TUN interface[uesimtun92, 10.60.1.21] is up.
[2023-01-09 12:04:41.002] [nas] [debug] Sending PDU Session Release Request for PSI[1]
[2023-01-09 12:04:41.200] [nas] [debug] PDU Session Release Command received
[2023-01-09 12:04:41.200] [nas] [debug] Performing local release of PDU session[1]
[2023-01-09 12:04:42.146] [nas] [debug] Sending PDU Session Establishment Request
[2023-01-09 12:04:42.146] [nas] [debug] UAC access attempt is allowed for identity[0], category[MO_sig]
[2023-01-09 12:04:42.282] [nas] [debug] PDU Session Establishment Accept received
[2023-01-09 12:04:42.282] [nas] [info] PDU Session establishment is successful PSI[1]
[2023-01-09 12:04:42.369] [app] [info] Connection setup for PDU session[1] is successful, TUN interface[uesimtun42, 10.60.1.66] is up.
[2023-01-09 12:04:46.058] [nas] [debug] Sending PDU Session Release Request for PSI[1]
[2023-01-09 12:04:46.083] [nas] [debug] PDU Session Release Command received
[2023-01-09 12:04:46.083] [nas] [debug] Performing local release of PDU session[1]
[2023-01-09 12:04:46.550] [nas] [debug] Sending PDU Session Establishment Request
[2023-01-09 12:04:46.550] [nas] [debug] UAC access attempt is allowed for identity[0], category[MO_sig]
[2023-01-09 12:04:46.583] [nas] [debug] PDU Session Establishment Accept received
[2023-01-09 12:04:46.583] [nas] [info] PDU Session establishment is successful PSI[1]
[2023-01-09 12:04:46.654] [app] [info] Connection setup for PDU session[1] is successful, TUN interface[uesimtun129, 10.60.1.82] is up.
[2023-01-09 12:04:53.126] [nas] [debug] De-registration required due to [NORMAL]
[2023-01-09 12:04:53.137] [nas] [debug] Starting de-registration procedure due to [NORMAL]
[2023-01-09 12:04:53.137] [nas] [debug] Performing local release of PDU session[1]
[2023-01-09 12:04:53.137] [nas] [info] UE switches to state [MM-DEREGISTER-INITIATED]
[2023-01-09 12:04:53.352] [nas] [debug] De-registration accept received
[2023-01-09 12:04:53.352] [nas] [info] UE switches to state [MM-DEREGISTERED/PS]
[2023-01-09 12:04:53.352] [nas] [info] De-registration is successful
[2023-01-09 12:04:53.352] [nas] [info] UE switches to state [MM-DEREGISTERED/NORMAL-SERVICE]
[2023-01-09 12:04:53.352] [nas] [debug] Initial registration required due to [MM-DEREG-NORMAL-SERVICE]
[2023-01-09 12:04:53.352] [nas] [debug] Sending Initial Registration
[2023-01-09 12:04:53.352] [nas] [debug] Deleting NAS security context
[2023-01-09 12:04:53.352] [nas] [info] UE switches to state [MM-REGISTER-INITIATED]
[2023-01-09 12:04:53.353] [rrc] [debug] RRC Release received
[2023-01-09 12:04:53.353] [nas] [info] UE switches to state [CM-IDLE]
[2023-01-09 12:04:53.353] [nas] [info] UE switches to state [MM-DEREGISTERED/PS]
[2023-01-09 12:04:53.353] [nas] [info] UE switches to state [5U2-NOT-UPDATED]
[2023-01-09 12:04:53.353] [nas] [info] UE switches to state [MM-DEREGISTERED/ATTEMPTING-REGISTRATION]
[2023-01-09 12:05:04.149] [nas] [debug] NAS timer[3511] expired [1]
[2023-01-09 12:05:04.149] [nas] [debug] Initial registration required due to [T3511-EXPIRY-IN-ATT-REG]
[2023-01-09 12:05:04.149] [nas] [debug] UAC access attempt is allowed for identity[0], category[MO_sig]
[2023-01-09 12:05:04.149] [nas] [debug] Sending Initial Registration
[2023-01-09 12:05:04.149] [nas] [info] UE switches to state [MM-REGISTER-INITIATED]
[2023-01-09 12:05:04.149] [rrc] [debug] Sending RRC Setup Request
[2023-01-09 12:05:04.151] [rrc] [info] RRC connection established
[2023-01-09 12:05:04.151] [rrc] [info] UE switches to state [RRC-CONNECTED]
[2023-01-09 12:05:04.151] [nas] [info] UE switches to state [CM-CONNECTED]
[2023-01-09 12:05:04.345] [nas] [debug] Authentication Request received
[2023-01-09 12:05:04.556] [nas] [debug] Security Mode Command received
[2023-01-09 12:05:04.556] [nas] [debug] Selected integrity[2] ciphering[0]
[2023-01-09 12:05:04.595] [nas] [debug] Registration accept received
[2023-01-09 12:05:04.595] [nas] [info] UE switches to state [MM-REGISTERED/NORMAL-SERVICE]
[2023-01-09 12:05:04.595] [nas] [info] UE switches to state [5U1-UPDATED]
[2023-01-09 12:05:04.595] [nas] [debug] Sending Registration Complete
[2023-01-09 12:05:04.595] [nas] [info] Initial Registration is successful
[2023-01-09 12:05:04.595] [nas] [debug] Sending PDU Session Establishment Request
[2023-01-09 12:05:04.595] [nas] [debug] UAC access attempt is allowed for identity[0], category[MO_sig]
[2023-01-09 12:05:04.638] [nas] [debug] PDU Session Establishment Accept received
[2023-01-09 12:05:04.638] [nas] [info] PDU Session establishment is successful PSI[1]
[2023-01-09 12:05:04.678] [app] [info] Connection setup for PDU session[1] is successful, TUN interface[uesimtun2, 10.60.1.131] is up.
[2023-01-09 12:05:22.207] [nas] [warning] PDU session release procedure could not start: PS[2] is not active already
[2023-01-09 12:05:32.242] [nas] [debug] Sending PDU Session Release Request for PSI[1]
[2023-01-09 12:05:32.261] [nas] [error] PDU Session Release Reject received [REQUEST_REJECTED_UNSPECIFIED]
[2023-01-09 12:05:32.261] [nas] [error] PS release reject received without being requested
[2023-01-09 12:05:32.261] [nas] [warning] Sending SM Cause[MESSAGE_TYPE_NOT_COMPATIBLE_WITH_THE_PROTOCOL_STATE] for PSI[1]
[2023-01-09 12:05:45.283] [nas] [debug] Sending PDU Session Release Request for PSI[1]
[2023-01-09 12:05:45.321] [nas] [error] PDU Session Release Reject received [REQUEST_REJECTED_UNSPECIFIED]
[2023-01-09 12:05:45.321] [nas] [error] PS release reject received without being requested
[2023-01-09 12:05:45.321] [nas] [warning] Sending SM Cause[MESSAGE_TYPE_NOT_COMPATIBLE_WITH_THE_PROTOCOL_STATE] for PSI[1]
[2023-01-09 12:05:56.319] [nas] [debug] Sending PDU Session Release Request for PSI[1]
[2023-01-09 12:05:56.397] [nas] [error] PDU Session Release Reject received [REQUEST_REJECTED_UNSPECIFIED]
[2023-01-09 12:05:56.397] [nas] [error] PS release reject received without being requested
[2023-01-09 12:05:56.397] [nas] [warning] Sending SM Cause[MESSAGE_TYPE_NOT_COMPATIBLE_WITH_THE_PROTOCOL_STATE] for PSI[1]
[2023-01-09 12:06:02.400] [nas] [debug] Sending PDU Session Release Request for PSI[1]
[2023-01-09 12:06:02.443] [nas] [error] PDU Session Release Reject received [REQUEST_REJECTED_UNSPECIFIED]
[2023-01-09 12:06:02.443] [nas] [error] PS release reject received without being requested
[2023-01-09 12:06:02.443] [nas] [warning] Sending SM Cause[MESSAGE_TYPE_NOT_COMPATIBLE_WITH_THE_PROTOCOL_STATE] for PSI[1]
[2023-01-09 12:06:14.448] [nas] [debug] Sending PDU Session Release Request for PSI[1]
[2023-01-09 12:06:14.506] [nas] [error] PDU Session Release Reject received [REQUEST_REJECTED_UNSPECIFIED]
[2023-01-09 12:06:14.506] [nas] [error] PS release reject received without being requested
[2023-01-09 12:06:14.506] [nas] [warning] Sending SM Cause[MESSAGE_TYPE_NOT_COMPATIBLE_WITH_THE_PROTOCOL_STATE] for PSI[1]
[2023-01-09 12:06:25.486] [nas] [debug] De-registration required due to [NORMAL]
[2023-01-09 12:06:25.496] [nas] [debug] Starting de-registration procedure due to [NORMAL]
[2023-01-09 12:06:25.496] [nas] [debug] Performing local release of PDU session[1]
[2023-01-09 12:06:25.496] [nas] [info] UE switches to state [MM-DEREGISTER-INITIATED]
[2023-01-09 12:06:25.549] [nas] [debug] De-registration accept received
[2023-01-09 12:06:25.549] [nas] [info] UE switches to state [MM-DEREGISTERED/PS]
[2023-01-09 12:06:25.549] [nas] [info] De-registration is successful
[2023-01-09 12:06:25.549] [nas] [info] UE switches to state [MM-DEREGISTERED/NORMAL-SERVICE]
[2023-01-09 12:06:25.549] [nas] [debug] Initial registration required due to [MM-DEREG-NORMAL-SERVICE]
[2023-01-09 12:06:25.549] [nas] [debug] Sending Initial Registration
[2023-01-09 12:06:25.549] [nas] [debug] Deleting NAS security context
[2023-01-09 12:06:25.549] [nas] [info] UE switches to state [MM-REGISTER-INITIATED]
[2023-01-09 12:06:25.558] [rrc] [debug] RRC Release received
[2023-01-09 12:06:25.558] [nas] [info] UE switches to state [CM-IDLE]
[2023-01-09 12:06:25.558] [nas] [info] UE switches to state [MM-DEREGISTERED/PS]
[2023-01-09 12:06:25.558] [nas] [info] UE switches to state [5U2-NOT-UPDATED]
[2023-01-09 12:06:25.558] [nas] [info] UE switches to state [MM-DEREGISTERED/ATTEMPTING-REGISTRATION]
[2023-01-09 12:06:36.268] [nas] [debug] NAS timer[3511] expired [1]
[2023-01-09 12:06:36.268] [nas] [debug] Initial registration required due to [T3511-EXPIRY-IN-ATT-REG]
[2023-01-09 12:06:36.268] [nas] [debug] UAC access attempt is allowed for identity[0], category[MO_sig]
[2023-01-09 12:06:36.268] [nas] [debug] Sending Initial Registration
[2023-01-09 12:06:36.268] [nas] [info] UE switches to state [MM-REGISTER-INITIATED]
[2023-01-09 12:06:36.268] [rrc] [debug] Sending RRC Setup Request
[2023-01-09 12:06:36.269] [rrc] [info] RRC connection established
[2023-01-09 12:06:36.269] [rrc] [info] UE switches to state [RRC-CONNECTED]
[2023-01-09 12:06:36.269] [nas] [info] UE switches to state [CM-CONNECTED]
[2023-01-09 12:06:36.338] [nas] [debug] Authentication Request received
[2023-01-09 12:06:36.376] [nas] [debug] Security Mode Command received
[2023-01-09 12:06:36.376] [nas] [debug] Selected integrity[2] ciphering[0]
[2023-01-09 12:06:36.447] [nas] [debug] Registration accept received
[2023-01-09 12:06:36.447] [nas] [info] UE switches to state [MM-REGISTERED/NORMAL-SERVICE]
[2023-01-09 12:06:36.447] [nas] [info] UE switches to state [5U1-UPDATED]
[2023-01-09 12:06:36.447] [nas] [debug] Sending Registration Complete
[2023-01-09 12:06:36.447] [nas] [info] Initial Registration is successful
[2023-01-09 12:06:36.447] [nas] [debug] Sending PDU Session Establishment Request
[2023-01-09 12:06:36.449] [nas] [debug] UAC access attempt is allowed for identity[0], category[MO_sig]
[2023-01-09 12:06:36.697] [nas] [debug] PDU Session Establishment Accept received
[2023-01-09 12:06:36.698] [nas] [info] PDU Session establishment is successful PSI[1]
[2023-01-09 12:06:36.774] [app] [info] Connection setup for PDU session[1] is successful, TUN interface[uesimtun47, 10.60.2.135] is up.
[2023-01-09 12:06:55.632] [nas] [debug] Sending PDU Session Establishment Request
[2023-01-09 12:06:55.749] [nas] [error] No response from RRC from UAC checks, considering access attempt is barred
[2023-01-09 12:07:12.310] [nas] [warning] Retransmitting PDU Session Establishment Request due to T3580 expiry
[2023-01-09 12:07:12.310] [nas] [debug] UAC access attempt is allowed for identity[0], category[MO_sig]
[2023-01-09 12:07:12.355] [nas] [debug] PDU Session Establishment Accept received
[2023-01-09 12:07:12.355] [nas] [info] PDU Session establishment is successful PSI[2]
[2023-01-09 12:07:12.454] [app] [info] Connection setup for PDU session[2] is successful, TUN interface[uesimtun35, 10.60.2.222] is up.
[2023-01-09 12:07:23.839] [nas] [debug] Sending PDU Session Establishment Request
[2023-01-09 12:07:23.940] [nas] [error] No response from RRC from UAC checks, considering access attempt is barred
[2023-01-09 12:07:40.354] [nas] [warning] Retransmitting PDU Session Establishment Request due to T3580 expiry
[2023-01-09 12:07:40.360] [nas] [debug] UAC access attempt is allowed for identity[0], category[MO_sig]
[2023-01-09 12:07:40.391] [nas] [debug] PDU Session Establishment Accept received
[2023-01-09 12:07:40.396] [nas] [info] PDU Session establishment is successful PSI[3]
[2023-01-09 12:07:40.509] [app] [info] Connection setup for PDU session[3] is successful, TUN interface[uesimtun12, 10.60.3.46] is up.
[2023-01-09 12:07:49.995] [nas] [debug] De-registration required due to [NORMAL]
[2023-01-09 12:07:50.005] [nas] [debug] Starting de-registration procedure due to [NORMAL]
[2023-01-09 12:07:50.005] [nas] [debug] Performing local release of PDU session[1]
[2023-01-09 12:07:50.005] [nas] [debug] Performing local release of PDU session[2]
[2023-01-09 12:07:50.005] [nas] [debug] Performing local release of PDU session[3]
[2023-01-09 12:07:50.005] [nas] [info] UE switches to state [MM-DEREGISTER-INITIATED]
[2023-01-09 12:07:50.025] [nas] [debug] De-registration accept received
[2023-01-09 12:07:50.026] [nas] [info] UE switches to state [MM-DEREGISTERED/PS]
[2023-01-09 12:07:50.026] [nas] [info] De-registration is successful
[2023-01-09 12:07:50.026] [nas] [info] UE switches to state [MM-DEREGISTERED/NORMAL-SERVICE]
[2023-01-09 12:07:50.026] [nas] [debug] Initial registration required due to [MM-DEREG-NORMAL-SERVICE]
[2023-01-09 12:07:50.026] [nas] [debug] Sending Initial Registration
[2023-01-09 12:07:50.026] [nas] [debug] Deleting NAS security context
[2023-01-09 12:07:50.026] [nas] [info] UE switches to state [MM-REGISTER-INITIATED]
[2023-01-09 12:07:50.027] [rrc] [debug] RRC Release received
[2023-01-09 12:07:50.028] [nas] [info] UE switches to state [CM-IDLE]
[2023-01-09 12:07:50.028] [nas] [info] UE switches to state [MM-DEREGISTERED/PS]
[2023-01-09 12:07:50.028] [nas] [info] UE switches to state [5U2-NOT-UPDATED]
[2023-01-09 12:07:50.028] [nas] [info] UE switches to state [MM-DEREGISTERED/ATTEMPTING-REGISTRATION]
[2023-01-09 12:08:00.382] [nas] [debug] NAS timer[3511] expired [1]
[2023-01-09 12:08:00.382] [nas] [debug] Initial registration required due to [T3511-EXPIRY-IN-ATT-REG]
[2023-01-09 12:08:00.383] [nas] [debug] UAC access attempt is allowed for identity[0], category[MO_sig]
[2023-01-09 12:08:00.383] [nas] [debug] Sending Initial Registration
[2023-01-09 12:08:00.383] [nas] [info] UE switches to state [MM-REGISTER-INITIATED]
[2023-01-09 12:08:00.383] [rrc] [debug] Sending RRC Setup Request
[2023-01-09 12:08:00.384] [rrc] [info] RRC connection established
[2023-01-09 12:08:00.384] [rrc] [info] UE switches to state [RRC-CONNECTED]
[2023-01-09 12:08:00.384] [nas] [info] UE switches to state [CM-CONNECTED]
[2023-01-09 12:08:00.668] [nas] [debug] Authentication Request received
[2023-01-09 12:08:00.867] [nas] [debug] Security Mode Command received
[2023-01-09 12:08:00.867] [nas] [debug] Selected integrity[2] ciphering[0]
[2023-01-09 12:08:00.904] [nas] [debug] Registration accept received
[2023-01-09 12:08:00.904] [nas] [info] UE switches to state [MM-REGISTERED/NORMAL-SERVICE]
[2023-01-09 12:08:00.904] [nas] [info] UE switches to state [5U1-UPDATED]
[2023-01-09 12:08:00.904] [nas] [debug] Sending Registration Complete
[2023-01-09 12:08:00.904] [nas] [info] Initial Registration is successful
[2023-01-09 12:08:00.904] [nas] [debug] Sending PDU Session Establishment Request
[2023-01-09 12:08:00.904] [nas] [debug] UAC access attempt is allowed for identity[0], category[MO_sig]
[2023-01-09 12:08:01.148] [nas] [debug] PDU Session Establishment Accept received
[2023-01-09 12:08:01.148] [nas] [info] PDU Session establishment is successful PSI[1]
[2023-01-09 12:08:01.224] [app] [info] Connection setup for PDU session[1] is successful, TUN interface[uesimtun164, 10.60.3.95] is up.
[2023-01-09 12:08:25.079] [nas] [debug] Sending PDU Session Establishment Request
[2023-01-09 12:08:25.182] [nas] [error] No response from RRC from UAC checks, considering access attempt is barred
[2023-01-09 12:08:41.426] [nas] [warning] Retransmitting PDU Session Establishment Request due to T3580 expiry
[2023-01-09 12:08:41.426] [nas] [debug] UAC access attempt is allowed for identity[0], category[MO_sig]
[2023-01-09 12:08:41.605] [nas] [debug] PDU Session Establishment Accept received
[2023-01-09 12:08:41.605] [nas] [info] PDU Session establishment is successful PSI[2]
[2023-01-09 12:08:41.718] [app] [info] Connection setup for PDU session[2] is successful, TUN interface[uesimtun34, 10.60.3.199] is up.
[2023-01-09 12:08:59.269] [nas] [debug] Sending PDU Session Release Request for PSI[2]
[2023-01-09 12:08:59.367] [nas] [error] PDU Session Release Reject received [REQUEST_REJECTED_UNSPECIFIED]
[2023-01-09 12:08:59.367] [nas] [error] PS release reject received without being requested
[2023-01-09 12:08:59.367] [nas] [warning] Sending SM Cause[MESSAGE_TYPE_NOT_COMPATIBLE_WITH_THE_PROTOCOL_STATE] for PSI[2]
[2023-01-09 12:09:08.304] [nas] [debug] De-registration required due to [NORMAL]
[2023-01-09 12:09:08.313] [nas] [debug] Starting de-registration procedure due to [NORMAL]
[2023-01-09 12:09:08.313] [nas] [debug] Performing local release of PDU session[1]
[2023-01-09 12:09:08.313] [nas] [debug] Performing local release of PDU session[2]
[2023-01-09 12:09:08.313] [nas] [info] UE switches to state [MM-DEREGISTER-INITIATED]
[2023-01-09 12:09:23.469] [nas] [debug] NAS timer[3521] expired [1]
[2023-01-09 12:09:23.469] [nas] [debug] Retransmitting De-registration Request due to T3521 expiry
[2023-01-09 12:09:38.484] [nas] [debug] NAS timer[3521] expired [2]
[2023-01-09 12:09:38.484] [nas] [debug] Retransmitting De-registration Request due to T3521 expiry
[2023-01-09 12:09:42.376] [nas] [debug] De-registration required due to [NORMAL]
[2023-01-09 12:09:53.499] [nas] [debug] NAS timer[3521] expired [3]
[2023-01-09 12:09:53.499] [nas] [debug] Retransmitting De-registration Request due to T3521 expiry
