UERANSIM v3.2.6
[2023-01-09 12:02:43.951] [nas] [info] UE switches to state [MM-DEREGISTERED/PLMN-SEARCH]
[2023-01-09 12:02:43.953] [rrc] [debug] New signal detected for cell[1], total [1] cells in coverage
[2023-01-09 12:02:43.954] [nas] [info] Selected plmn[208/93]
[2023-01-09 12:02:43.954] [rrc] [info] Selected cell plmn[208/93] tac[1] category[SUITABLE]
[2023-01-09 12:02:43.954] [nas] [info] UE switches to state [MM-DEREGISTERED/PS]
[2023-01-09 12:02:43.954] [nas] [info] UE switches to state [MM-DEREGISTERED/NORMAL-SERVICE]
[2023-01-09 12:02:43.954] [nas] [debug] Initial registration required due to [MM-DEREG-NORMAL-SERVICE]
[2023-01-09 12:02:43.954] [nas] [debug] UAC access attempt is allowed for identity[0], category[MO_sig]
[2023-01-09 12:02:43.954] [nas] [debug] Sending Initial Registration
[2023-01-09 12:02:43.954] [nas] [info] UE switches to state [MM-REGISTER-INITIATED]
[2023-01-09 12:02:43.954] [rrc] [debug] Sending RRC Setup Request
[2023-01-09 12:02:43.954] [rrc] [info] RRC connection established
[2023-01-09 12:02:43.954] [rrc] [info] UE switches to state [RRC-CONNECTED]
[2023-01-09 12:02:43.955] [nas] [info] UE switches to state [CM-CONNECTED]
[2023-01-09 12:02:43.971] [nas] [debug] Authentication Request received
[2023-01-09 12:02:43.981] [nas] [debug] Security Mode Command received
[2023-01-09 12:02:43.981] [nas] [debug] Selected integrity[2] ciphering[0]
[2023-01-09 12:02:44.003] [nas] [debug] Registration accept received
[2023-01-09 12:02:44.003] [nas] [info] UE switches to state [MM-REGISTERED/NORMAL-SERVICE]
[2023-01-09 12:02:44.003] [nas] [debug] Sending Registration Complete
[2023-01-09 12:02:44.003] [nas] [info] Initial Registration is successful
[2023-01-09 12:02:44.003] [nas] [debug] Sending PDU Session Establishment Request
[2023-01-09 12:02:44.003] [nas] [debug] UAC access attempt is allowed for identity[0], category[MO_sig]
[2023-01-09 12:02:44.239] [nas] [debug] PDU Session Establishment Accept received
[2023-01-09 12:02:44.239] [nas] [info] PDU Session establishment is successful PSI[1]
[2023-01-09 12:02:44.276] [app] [info] Connection setup for PDU session[1] is successful, TUN interface[uesimtun32, 10.60.0.33] is up.
[2023-01-09 12:03:52.856] [nas] [debug] Sending PDU Session Release Request for PSI[1]
[2023-01-09 12:03:53.098] [nas] [debug] PDU Session Release Command received
[2023-01-09 12:03:53.098] [nas] [debug] Performing local release of PDU session[1]
[2023-01-09 12:03:53.317] [nas] [debug] Sending PDU Session Establishment Request
[2023-01-09 12:03:53.320] [nas] [debug] UAC access attempt is allowed for identity[0], category[MO_sig]
[2023-01-09 12:03:53.653] [nas] [debug] PDU Session Establishment Accept received
[2023-01-09 12:03:53.653] [nas] [info] PDU Session establishment is successful PSI[1]
[2023-01-09 12:03:54.185] [app] [info] Connection setup for PDU session[1] is successful, TUN interface[uesimtun46, 10.60.0.116] is up.
[2023-01-09 12:04:03.915] [nas] [debug] Sending PDU Session Establishment Request
[2023-01-09 12:04:04.016] [nas] [error] No response from RRC from UAC checks, considering access attempt is barred
[2023-01-09 12:04:20.060] [nas] [warning] Retransmitting PDU Session Establishment Request due to T3580 expiry
[2023-01-09 12:04:20.067] [nas] [debug] UAC access attempt is allowed for identity[0], category[MO_sig]
[2023-01-09 12:04:20.131] [nas] [debug] PDU Session Establishment Accept received
[2023-01-09 12:04:20.131] [nas] [info] PDU Session establishment is successful PSI[2]
[2023-01-09 12:04:20.296] [app] [info] Connection setup for PDU session[2] is successful, TUN interface[uesimtun22, 10.60.0.235] is up.
[2023-01-09 12:04:30.143] [nas] [warning] PDU session release procedure could not start: PS[3] is not active already
[2023-01-09 12:04:43.180] [nas] [debug] Sending PDU Session Release Request for PSI[1]
[2023-01-09 12:04:43.180] [nas] [debug] Sending PDU Session Release Request for PSI[2]
[2023-01-09 12:04:43.271] [nas] [error] PDU Session Release Reject received [REQUEST_REJECTED_UNSPECIFIED]
[2023-01-09 12:04:43.271] [nas] [error] PS release reject received without being requested
[2023-01-09 12:04:43.271] [nas] [warning] Sending SM Cause[MESSAGE_TYPE_NOT_COMPATIBLE_WITH_THE_PROTOCOL_STATE] for PSI[1]
[2023-01-09 12:04:43.281] [nas] [debug] PDU Session Release Command received
[2023-01-09 12:04:43.281] [nas] [debug] Performing local release of PDU session[2]
[2023-01-09 12:04:49.217] [nas] [debug] Sending PDU Session Release Request for PSI[1]
[2023-01-09 12:04:49.272] [nas] [error] PDU Session Release Reject received [REQUEST_REJECTED_UNSPECIFIED]
[2023-01-09 12:04:49.272] [nas] [error] PS release reject received without being requested
[2023-01-09 12:04:49.272] [nas] [warning] Sending SM Cause[MESSAGE_TYPE_NOT_COMPATIBLE_WITH_THE_PROTOCOL_STATE] for PSI[1]
[2023-01-09 12:05:01.255] [nas] [debug] Sending PDU Session Release Request for PSI[1]
[2023-01-09 12:05:01.361] [nas] [error] PDU Session Release Reject received [REQUEST_REJECTED_UNSPECIFIED]
[2023-01-09 12:05:01.361] [nas] [error] PS release reject received without being requested
[2023-01-09 12:05:01.361] [nas] [warning] Sending SM Cause[MESSAGE_TYPE_NOT_COMPATIBLE_WITH_THE_PROTOCOL_STATE] for PSI[1]
[2023-01-09 12:05:06.331] [nas] [debug] De-registration required due to [NORMAL]
[2023-01-09 12:05:06.339] [nas] [debug] Starting de-registration procedure due to [NORMAL]
[2023-01-09 12:05:06.339] [nas] [debug] Performing local release of PDU session[1]
[2023-01-09 12:05:06.339] [nas] [info] UE switches to state [MM-DEREGISTER-INITIATED]
[2023-01-09 12:05:06.440] [nas] [debug] De-registration accept received
[2023-01-09 12:05:06.440] [nas] [info] UE switches to state [MM-DEREGISTERED/PS]
[2023-01-09 12:05:06.440] [nas] [info] De-registration is successful
[2023-01-09 12:05:06.440] [nas] [info] UE switches to state [MM-DEREGISTERED/NORMAL-SERVICE]
[2023-01-09 12:05:06.440] [nas] [debug] Initial registration required due to [MM-DEREG-NORMAL-SERVICE]
[2023-01-09 12:05:06.440] [nas] [debug] Sending Initial Registration
[2023-01-09 12:05:06.440] [nas] [debug] Deleting NAS security context
[2023-01-09 12:05:06.440] [nas] [info] UE switches to state [MM-REGISTER-INITIATED]
[2023-01-09 12:05:06.444] [rrc] [debug] RRC Release received
[2023-01-09 12:05:06.444] [nas] [info] UE switches to state [CM-IDLE]
[2023-01-09 12:05:06.444] [nas] [info] UE switches to state [MM-DEREGISTERED/PS]
[2023-01-09 12:05:06.444] [nas] [info] UE switches to state [5U2-NOT-UPDATED]
[2023-01-09 12:05:06.444] [nas] [info] UE switches to state [MM-DEREGISTERED/ATTEMPTING-REGISTRATION]
[2023-01-09 12:05:17.152] [nas] [debug] NAS timer[3511] expired [1]
[2023-01-09 12:05:17.152] [nas] [debug] Initial registration required due to [T3511-EXPIRY-IN-ATT-REG]
[2023-01-09 12:05:17.158] [nas] [debug] UAC access attempt is allowed for identity[0], category[MO_sig]
[2023-01-09 12:05:17.158] [nas] [debug] Sending Initial Registration
[2023-01-09 12:05:17.158] [rrc] [debug] Sending RRC Setup Request
[2023-01-09 12:05:17.158] [nas] [info] UE switches to state [MM-REGISTER-INITIATED]
[2023-01-09 12:05:17.169] [rrc] [info] RRC connection established
[2023-01-09 12:05:17.169] [rrc] [info] UE switches to state [RRC-CONNECTED]
[2023-01-09 12:05:17.169] [nas] [info] UE switches to state [CM-CONNECTED]
[2023-01-09 12:05:17.388] [nas] [debug] Authentication Request received
[2023-01-09 12:05:17.426] [nas] [debug] Security Mode Command received
[2023-01-09 12:05:17.426] [nas] [debug] Selected integrity[2] ciphering[0]
[2023-01-09 12:05:17.492] [nas] [debug] Registration accept received
[2023-01-09 12:05:17.492] [nas] [info] UE switches to state [MM-REGISTERED/NORMAL-SERVICE]
[2023-01-09 12:05:17.492] [nas] [info] UE switches to state [5U1-UPDATED]
[2023-01-09 12:05:17.492] [nas] [debug] Sending Registration Complete
[2023-01-09 12:05:17.492] [nas] [info] Initial Registration is successful
[2023-01-09 12:05:17.492] [nas] [debug] Sending PDU Session Establishment Request
[2023-01-09 12:05:17.495] [nas] [debug] UAC access attempt is allowed for identity[0], category[MO_sig]
[2023-01-09 12:05:17.606] [nas] [debug] PDU Session Establishment Accept received
[2023-01-09 12:05:17.606] [nas] [info] PDU Session establishment is successful PSI[1]
[2023-01-09 12:05:17.784] [app] [info] Connection setup for PDU session[1] is successful, TUN interface[uesimtun72, 10.60.1.165] is up.
[2023-01-09 12:05:40.413] [nas] [debug] De-registration required due to [NORMAL]
[2023-01-09 12:05:40.423] [nas] [debug] Starting de-registration procedure due to [NORMAL]
[2023-01-09 12:05:40.423] [nas] [debug] Performing local release of PDU session[1]
[2023-01-09 12:05:40.423] [nas] [info] UE switches to state [MM-DEREGISTER-INITIATED]
[2023-01-09 12:05:40.491] [nas] [debug] De-registration accept received
[2023-01-09 12:05:40.491] [nas] [info] UE switches to state [MM-DEREGISTERED/PS]
[2023-01-09 12:05:40.491] [nas] [info] De-registration is successful
[2023-01-09 12:05:40.491] [nas] [info] UE switches to state [MM-DEREGISTERED/NORMAL-SERVICE]
[2023-01-09 12:05:40.491] [nas] [debug] Initial registration required due to [MM-DEREG-NORMAL-SERVICE]
[2023-01-09 12:05:40.491] [nas] [debug] Sending Initial Registration
[2023-01-09 12:05:40.491] [nas] [debug] Deleting NAS security context
[2023-01-09 12:05:40.491] [nas] [info] UE switches to state [MM-REGISTER-INITIATED]
[2023-01-09 12:05:40.491] [rrc] [debug] RRC Release received
[2023-01-09 12:05:40.491] [nas] [info] UE switches to state [CM-IDLE]
[2023-01-09 12:05:40.491] [nas] [info] UE switches to state [MM-DEREGISTERED/PS]
[2023-01-09 12:05:40.491] [nas] [info] UE switches to state [5U2-NOT-UPDATED]
[2023-01-09 12:05:40.491] [nas] [info] UE switches to state [MM-DEREGISTERED/ATTEMPTING-REGISTRATION]
[2023-01-09 12:05:51.192] [nas] [debug] NAS timer[3511] expired [1]
[2023-01-09 12:05:51.192] [nas] [debug] Initial registration required due to [T3511-EXPIRY-IN-ATT-REG]
[2023-01-09 12:05:51.192] [nas] [debug] UAC access attempt is allowed for identity[0], category[MO_sig]
[2023-01-09 12:05:51.192] [nas] [debug] Sending Initial Registration
[2023-01-09 12:05:51.192] [nas] [info] UE switches to state [MM-REGISTER-INITIATED]
[2023-01-09 12:05:51.192] [rrc] [debug] Sending RRC Setup Request
[2023-01-09 12:05:51.193] [rrc] [info] RRC connection established
[2023-01-09 12:05:51.193] [rrc] [info] UE switches to state [RRC-CONNECTED]
[2023-01-09 12:05:51.193] [nas] [info] UE switches to state [CM-CONNECTED]
[2023-01-09 12:05:51.230] [nas] [debug] Authentication Request received
[2023-01-09 12:05:51.236] [nas] [debug] Security Mode Command received
[2023-01-09 12:05:51.236] [nas] [debug] Selected integrity[2] ciphering[0]
[2023-01-09 12:05:51.263] [nas] [debug] Registration accept received
[2023-01-09 12:05:51.263] [nas] [info] UE switches to state [MM-REGISTERED/NORMAL-SERVICE]
[2023-01-09 12:05:51.263] [nas] [info] UE switches to state [5U1-UPDATED]
[2023-01-09 12:05:51.263] [nas] [debug] Sending Registration Complete
[2023-01-09 12:05:51.263] [nas] [info] Initial Registration is successful
[2023-01-09 12:05:51.263] [nas] [debug] Sending PDU Session Establishment Request
[2023-01-09 12:05:51.264] [nas] [debug] UAC access attempt is allowed for identity[0], category[MO_sig]
[2023-01-09 12:05:51.498] [nas] [debug] PDU Session Establishment Accept received
[2023-01-09 12:05:51.498] [nas] [info] PDU Session establishment is successful PSI[1]
[2023-01-09 12:05:51.581] [app] [info] Connection setup for PDU session[1] is successful, TUN interface[uesimtun96, 10.60.2.8] is up.
[2023-01-09 12:06:11.621] [nas] [debug] De-registration required due to [NORMAL]
[2023-01-09 12:06:11.630] [nas] [debug] Starting de-registration procedure due to [NORMAL]
[2023-01-09 12:06:11.631] [nas] [debug] Performing local release of PDU session[1]
[2023-01-09 12:06:11.631] [nas] [info] UE switches to state [MM-DEREGISTER-INITIATED]
[2023-01-09 12:06:11.724] [nas] [debug] De-registration accept received
[2023-01-09 12:06:11.724] [nas] [info] UE switches to state [MM-DEREGISTERED/PS]
[2023-01-09 12:06:11.724] [nas] [info] De-registration is successful
[2023-01-09 12:06:11.724] [nas] [info] UE switches to state [MM-DEREGISTERED/NORMAL-SERVICE]
[2023-01-09 12:06:11.724] [nas] [debug] Initial registration required due to [MM-DEREG-NORMAL-SERVICE]
[2023-01-09 12:06:11.724] [nas] [debug] Sending Initial Registration
[2023-01-09 12:06:11.724] [nas] [debug] Deleting NAS security context
[2023-01-09 12:06:11.724] [nas] [info] UE switches to state [MM-REGISTER-INITIATED]
[2023-01-09 12:06:11.733] [rrc] [debug] RRC Release received
[2023-01-09 12:06:11.733] [nas] [info] UE switches to state [CM-IDLE]
[2023-01-09 12:06:11.733] [nas] [info] UE switches to state [MM-DEREGISTERED/PS]
[2023-01-09 12:06:11.733] [nas] [info] UE switches to state [5U2-NOT-UPDATED]
[2023-01-09 12:06:11.733] [nas] [info] UE switches to state [MM-DEREGISTERED/ATTEMPTING-REGISTRATION]
[2023-01-09 12:06:22.241] [nas] [debug] NAS timer[3511] expired [1]
[2023-01-09 12:06:22.241] [nas] [debug] Initial registration required due to [T3511-EXPIRY-IN-ATT-REG]
[2023-01-09 12:06:22.245] [nas] [debug] UAC access attempt is allowed for identity[0], category[MO_sig]
[2023-01-09 12:06:22.246] [nas] [debug] Sending Initial Registration
[2023-01-09 12:06:22.246] [rrc] [debug] Sending RRC Setup Request
[2023-01-09 12:06:22.246] [nas] [info] UE switches to state [MM-REGISTER-INITIATED]
[2023-01-09 12:06:22.247] [rrc] [info] RRC connection established
[2023-01-09 12:06:22.247] [rrc] [info] UE switches to state [RRC-CONNECTED]
[2023-01-09 12:06:22.247] [nas] [info] UE switches to state [CM-CONNECTED]
[2023-01-09 12:06:22.333] [nas] [debug] Authentication Request received
[2023-01-09 12:06:22.369] [nas] [debug] Security Mode Command received
[2023-01-09 12:06:22.369] [nas] [debug] Selected integrity[2] ciphering[0]
[2023-01-09 12:06:22.449] [nas] [debug] Registration accept received
[2023-01-09 12:06:22.449] [nas] [info] UE switches to state [MM-REGISTERED/NORMAL-SERVICE]
[2023-01-09 12:06:22.449] [nas] [info] UE switches to state [5U1-UPDATED]
[2023-01-09 12:06:22.449] [nas] [debug] Sending Registration Complete
[2023-01-09 12:06:22.449] [nas] [info] Initial Registration is successful
[2023-01-09 12:06:22.449] [nas] [debug] Sending PDU Session Establishment Request
[2023-01-09 12:06:22.452] [nas] [debug] UAC access attempt is allowed for identity[0], category[MO_sig]
[2023-01-09 12:06:22.579] [nas] [debug] PDU Session Establishment Accept received
[2023-01-09 12:06:22.579] [nas] [info] PDU Session establishment is successful PSI[1]
[2023-01-09 12:06:22.710] [app] [info] Connection setup for PDU session[1] is successful, TUN interface[uesimtun113, 10.60.2.89] is up.
[2023-01-09 12:06:46.708] [nas] [debug] De-registration required due to [NORMAL]
[2023-01-09 12:06:46.716] [nas] [debug] Starting de-registration procedure due to [NORMAL]
[2023-01-09 12:06:46.716] [nas] [debug] Performing local release of PDU session[1]
[2023-01-09 12:06:46.716] [nas] [info] UE switches to state [MM-DEREGISTER-INITIATED]
[2023-01-09 12:06:46.839] [nas] [debug] De-registration accept received
[2023-01-09 12:06:46.839] [nas] [info] UE switches to state [MM-DEREGISTERED/PS]
[2023-01-09 12:06:46.839] [nas] [info] De-registration is successful
[2023-01-09 12:06:46.839] [nas] [info] UE switches to state [MM-DEREGISTERED/NORMAL-SERVICE]
[2023-01-09 12:06:46.839] [nas] [debug] Initial registration required due to [MM-DEREG-NORMAL-SERVICE]
[2023-01-09 12:06:46.839] [nas] [debug] Sending Initial Registration
[2023-01-09 12:06:46.839] [nas] [debug] Deleting NAS security context
[2023-01-09 12:06:46.839] [nas] [info] UE switches to state [MM-REGISTER-INITIATED]
[2023-01-09 12:06:46.841] [rrc] [debug] RRC Release received
[2023-01-09 12:06:46.841] [nas] [info] UE switches to state [CM-IDLE]
[2023-01-09 12:06:46.841] [nas] [info] UE switches to state [MM-DEREGISTERED/PS]
[2023-01-09 12:06:46.841] [nas] [info] UE switches to state [5U2-NOT-UPDATED]
[2023-01-09 12:06:46.841] [nas] [info] UE switches to state [MM-DEREGISTERED/ATTEMPTING-REGISTRATION]
[2023-01-09 12:06:57.287] [nas] [debug] NAS timer[3511] expired [1]
[2023-01-09 12:06:57.287] [nas] [debug] Initial registration required due to [T3511-EXPIRY-IN-ATT-REG]
[2023-01-09 12:06:57.287] [nas] [debug] UAC access attempt is allowed for identity[0], category[MO_sig]
[2023-01-09 12:06:57.287] [nas] [debug] Sending Initial Registration
[2023-01-09 12:06:57.287] [nas] [info] UE switches to state [MM-REGISTER-INITIATED]
[2023-01-09 12:06:57.287] [rrc] [debug] Sending RRC Setup Request
[2023-01-09 12:06:57.287] [rrc] [info] RRC connection established
[2023-01-09 12:06:57.287] [rrc] [info] UE switches to state [RRC-CONNECTED]
[2023-01-09 12:06:57.287] [nas] [info] UE switches to state [CM-CONNECTED]
[2023-01-09 12:06:57.428] [nas] [debug] Authentication Request received
[2023-01-09 12:06:57.459] [nas] [debug] Security Mode Command received
[2023-01-09 12:06:57.459] [nas] [debug] Selected integrity[2] ciphering[0]
[2023-01-09 12:06:57.526] [nas] [debug] Registration accept received
[2023-01-09 12:06:57.526] [nas] [info] UE switches to state [MM-REGISTERED/NORMAL-SERVICE]
[2023-01-09 12:06:57.526] [nas] [info] UE switches to state [5U1-UPDATED]
[2023-01-09 12:06:57.526] [nas] [debug] Sending Registration Complete
[2023-01-09 12:06:57.526] [nas] [info] Initial Registration is successful
[2023-01-09 12:06:57.526] [nas] [debug] Sending PDU Session Establishment Request
[2023-01-09 12:06:57.526] [nas] [debug] UAC access attempt is allowed for identity[0], category[MO_sig]
[2023-01-09 12:06:57.651] [nas] [debug] PDU Session Establishment Accept received
[2023-01-09 12:06:57.651] [nas] [info] PDU Session establishment is successful PSI[1]
[2023-01-09 12:06:57.777] [app] [info] Connection setup for PDU session[1] is successful, TUN interface[uesimtun89, 10.60.2.193] is up.
[2023-01-09 12:07:14.808] [nas] [debug] Sending PDU Session Release Request for PSI[1]
[2023-01-09 12:07:14.860] [nas] [error] PDU Session Release Reject received [REQUEST_REJECTED_UNSPECIFIED]
[2023-01-09 12:07:14.860] [nas] [error] PS release reject received without being requested
[2023-01-09 12:07:14.860] [nas] [warning] Sending SM Cause[MESSAGE_TYPE_NOT_COMPATIBLE_WITH_THE_PROTOCOL_STATE] for PSI[1]
[2023-01-09 12:07:25.857] [nas] [debug] De-registration required due to [NORMAL]
[2023-01-09 12:07:25.867] [nas] [debug] Starting de-registration procedure due to [NORMAL]
[2023-01-09 12:07:25.867] [nas] [debug] Performing local release of PDU session[1]
[2023-01-09 12:07:25.867] [nas] [info] UE switches to state [MM-DEREGISTER-INITIATED]
[2023-01-09 12:07:26.043] [nas] [debug] De-registration accept received
[2023-01-09 12:07:26.043] [nas] [info] UE switches to state [MM-DEREGISTERED/PS]
[2023-01-09 12:07:26.043] [nas] [info] De-registration is successful
[2023-01-09 12:07:26.043] [nas] [info] UE switches to state [MM-DEREGISTERED/NORMAL-SERVICE]
[2023-01-09 12:07:26.043] [nas] [debug] Initial registration required due to [MM-DEREG-NORMAL-SERVICE]
[2023-01-09 12:07:26.043] [nas] [debug] Sending Initial Registration
[2023-01-09 12:07:26.043] [nas] [debug] Deleting NAS security context
[2023-01-09 12:07:26.043] [nas] [info] UE switches to state [MM-REGISTER-INITIATED]
[2023-01-09 12:07:26.044] [rrc] [debug] RRC Release received
[2023-01-09 12:07:26.044] [nas] [info] UE switches to state [CM-IDLE]
[2023-01-09 12:07:26.044] [nas] [info] UE switches to state [MM-DEREGISTERED/PS]
[2023-01-09 12:07:26.044] [nas] [info] UE switches to state [5U2-NOT-UPDATED]
[2023-01-09 12:07:26.044] [nas] [info] UE switches to state [MM-DEREGISTERED/ATTEMPTING-REGISTRATION]
[2023-01-09 12:07:36.334] [nas] [debug] NAS timer[3511] expired [1]
[2023-01-09 12:07:36.334] [nas] [debug] Initial registration required due to [T3511-EXPIRY-IN-ATT-REG]
[2023-01-09 12:07:36.334] [nas] [debug] UAC access attempt is allowed for identity[0], category[MO_sig]
[2023-01-09 12:07:36.334] [nas] [debug] Sending Initial Registration
[2023-01-09 12:07:36.334] [nas] [info] UE switches to state [MM-REGISTER-INITIATED]
[2023-01-09 12:07:36.334] [rrc] [debug] Sending RRC Setup Request
[2023-01-09 12:07:36.335] [rrc] [info] RRC connection established
[2023-01-09 12:07:36.335] [rrc] [info] UE switches to state [RRC-CONNECTED]
[2023-01-09 12:07:36.335] [nas] [info] UE switches to state [CM-CONNECTED]
[2023-01-09 12:07:36.440] [nas] [debug] Authentication Request received
[2023-01-09 12:07:36.471] [nas] [debug] Security Mode Command received
[2023-01-09 12:07:36.471] [nas] [debug] Selected integrity[2] ciphering[0]
[2023-01-09 12:07:36.539] [nas] [debug] Registration accept received
[2023-01-09 12:07:36.539] [nas] [info] UE switches to state [MM-REGISTERED/NORMAL-SERVICE]
[2023-01-09 12:07:36.539] [nas] [info] UE switches to state [5U1-UPDATED]
[2023-01-09 12:07:36.539] [nas] [debug] Sending Registration Complete
[2023-01-09 12:07:36.539] [nas] [info] Initial Registration is successful
[2023-01-09 12:07:36.539] [nas] [debug] Sending PDU Session Establishment Request
[2023-01-09 12:07:36.540] [nas] [debug] UAC access attempt is allowed for identity[0], category[MO_sig]
[2023-01-09 12:07:36.626] [nas] [debug] PDU Session Establishment Accept received
[2023-01-09 12:07:36.626] [nas] [info] PDU Session establishment is successful PSI[1]
[2023-01-09 12:07:36.773] [app] [info] Connection setup for PDU session[1] is successful, TUN interface[uesimtun121, 10.60.3.37] is up.
[2023-01-09 12:07:53.950] [nas] [debug] Sending PDU Session Establishment Request
[2023-01-09 12:07:54.051] [nas] [error] No response from RRC from UAC checks, considering access attempt is barred
[2023-01-09 12:08:10.376] [nas] [warning] Retransmitting PDU Session Establishment Request due to T3580 expiry
[2023-01-09 12:08:10.376] [nas] [debug] UAC access attempt is allowed for identity[0], category[MO_sig]
[2023-01-09 12:08:10.549] [nas] [debug] PDU Session Establishment Accept received
[2023-01-09 12:08:10.549] [nas] [info] PDU Session establishment is successful PSI[2]
[2023-01-09 12:08:10.622] [app] [info] Connection setup for PDU session[2] is successful, TUN interface[uesimtun52, 10.60.3.115] is up.
[2023-01-09 12:08:28.125] [nas] [debug] Sending PDU Session Release Request for PSI[1]
[2023-01-09 12:08:28.125] [nas] [debug] Sending PDU Session Release Request for PSI[2]
[2023-01-09 12:08:28.258] [nas] [error] PDU Session Release Reject received [REQUEST_REJECTED_UNSPECIFIED]
[2023-01-09 12:08:28.258] [nas] [error] PS release reject received without being requested
[2023-01-09 12:08:28.258] [nas] [warning] Sending SM Cause[MESSAGE_TYPE_NOT_COMPATIBLE_WITH_THE_PROTOCOL_STATE] for PSI[1]
[2023-01-09 12:08:28.263] [nas] [error] PDU Session Release Reject received [REQUEST_REJECTED_UNSPECIFIED]
[2023-01-09 12:08:28.263] [nas] [error] PS release reject received without being requested
[2023-01-09 12:08:28.263] [nas] [warning] Sending SM Cause[MESSAGE_TYPE_NOT_COMPATIBLE_WITH_THE_PROTOCOL_STATE] for PSI[2]
[2023-01-09 12:08:43.164] [nas] [debug] Sending PDU Session Establishment Request
[2023-01-09 12:08:43.265] [nas] [error] No response from RRC from UAC checks, considering access attempt is barred
[2023-01-09 12:08:59.430] [nas] [warning] Retransmitting PDU Session Establishment Request due to T3580 expiry
[2023-01-09 12:08:59.434] [nas] [debug] UAC access attempt is allowed for identity[0], category[MO_sig]
[2023-01-09 12:08:59.608] [nas] [debug] PDU Session Establishment Accept received
[2023-01-09 12:08:59.608] [nas] [info] PDU Session establishment is successful PSI[3]
[2023-01-09 12:08:59.693] [app] [info] Connection setup for PDU session[3] is successful, TUN interface[uesimtun144, 10.60.3.239] is up.
[2023-01-09 12:09:09.315] [nas] [debug] Sending PDU Session Release Request for PSI[1]
[2023-01-09 12:09:09.315] [nas] [debug] Sending PDU Session Release Request for PSI[2]
[2023-01-09 12:09:09.315] [nas] [debug] Sending PDU Session Release Request for PSI[3]
[2023-01-09 12:09:20.378] [nas] [debug] Sending PDU Session Release Request for PSI[3]
[2023-01-09 12:09:25.463] [nas] [warning] Retransmitting PDU Session Release Request due to T3582 expiry
[2023-01-09 12:09:25.463] [nas] [warning] Retransmitting PDU Session Release Request due to T3582 expiry
[2023-01-09 12:09:25.463] [nas] [warning] Retransmitting PDU Session Release Request due to T3582 expiry
[2023-01-09 12:09:35.422] [nas] [debug] Sending PDU Session Release Request for PSI[1]
[2023-01-09 12:09:35.422] [nas] [debug] Sending PDU Session Release Request for PSI[2]
[2023-01-09 12:09:35.422] [nas] [debug] Sending PDU Session Release Request for PSI[3]
[2023-01-09 12:09:36.476] [nas] [warning] Retransmitting PDU Session Release Request due to T3582 expiry
[2023-01-09 12:09:41.482] [nas] [warning] Retransmitting PDU Session Release Request due to T3582 expiry
[2023-01-09 12:09:41.482] [nas] [warning] Retransmitting PDU Session Release Request due to T3582 expiry
[2023-01-09 12:09:41.482] [nas] [warning] Retransmitting PDU Session Release Request due to T3582 expiry
[2023-01-09 12:09:45.466] [nas] [debug] Sending PDU Session Establishment Request
[2023-01-09 12:09:45.567] [nas] [error] No response from RRC from UAC checks, considering access attempt is barred
[2023-01-09 12:09:51.584] [nas] [warning] Retransmitting PDU Session Release Request due to T3582 expiry
[2023-01-09 12:09:51.584] [nas] [warning] Retransmitting PDU Session Release Request due to T3582 expiry
[2023-01-09 12:09:51.584] [nas] [warning] Retransmitting PDU Session Release Request due to T3582 expiry
[2023-01-09 12:09:52.585] [nas] [warning] Retransmitting PDU Session Release Request due to T3582 expiry
[2023-01-09 12:09:57.590] [nas] [warning] Retransmitting PDU Session Release Request due to T3582 expiry
[2023-01-09 12:09:57.590] [nas] [warning] Retransmitting PDU Session Release Request due to T3582 expiry
[2023-01-09 12:09:57.590] [nas] [warning] Retransmitting PDU Session Release Request due to T3582 expiry
[2023-01-09 12:10:01.594] [nas] [warning] Retransmitting PDU Session Establishment Request due to T3580 expiry
[2023-01-09 12:10:01.594] [nas] [debug] UAC access attempt is allowed for identity[0], category[MO_sig]
