UERANSIM v3.2.6
[2023-01-09 12:02:32.932] [nas] [info] UE switches to state [MM-DEREGISTERED/PLMN-SEARCH]
[2023-01-09 12:02:32.933] [rrc] [debug] New signal detected for cell[1], total [1] cells in coverage
[2023-01-09 12:02:32.933] [nas] [info] Selected plmn[208/93]
[2023-01-09 12:02:32.934] [rrc] [info] Selected cell plmn[208/93] tac[1] category[SUITABLE]
[2023-01-09 12:02:32.934] [nas] [info] UE switches to state [MM-DEREGISTERED/PS]
[2023-01-09 12:02:32.934] [nas] [info] UE switches to state [MM-DEREGISTERED/NORMAL-SERVICE]
[2023-01-09 12:02:32.934] [nas] [debug] Initial registration required due to [MM-DEREG-NORMAL-SERVICE]
[2023-01-09 12:02:32.934] [nas] [debug] UAC access attempt is allowed for identity[0], category[MO_sig]
[2023-01-09 12:02:32.934] [nas] [debug] Sending Initial Registration
[2023-01-09 12:02:32.934] [nas] [info] UE switches to state [MM-REGISTER-INITIATED]
[2023-01-09 12:02:32.934] [rrc] [debug] Sending RRC Setup Request
[2023-01-09 12:02:32.934] [rrc] [info] RRC connection established
[2023-01-09 12:02:32.934] [rrc] [info] UE switches to state [RRC-CONNECTED]
[2023-01-09 12:02:32.934] [nas] [info] UE switches to state [CM-CONNECTED]
[2023-01-09 12:02:32.948] [nas] [debug] Authentication Request received
[2023-01-09 12:02:32.954] [nas] [debug] Security Mode Command received
[2023-01-09 12:02:32.954] [nas] [debug] Selected integrity[2] ciphering[0]
[2023-01-09 12:02:32.978] [nas] [debug] Registration accept received
[2023-01-09 12:02:32.978] [nas] [info] UE switches to state [MM-REGISTERED/NORMAL-SERVICE]
[2023-01-09 12:02:32.978] [nas] [debug] Sending Registration Complete
[2023-01-09 12:02:32.978] [nas] [info] Initial Registration is successful
[2023-01-09 12:02:32.978] [nas] [debug] Sending PDU Session Establishment Request
[2023-01-09 12:02:32.980] [nas] [debug] UAC access attempt is allowed for identity[0], category[MO_sig]
[2023-01-09 12:02:33.208] [nas] [debug] PDU Session Establishment Accept received
[2023-01-09 12:02:33.209] [nas] [info] PDU Session establishment is successful PSI[1]
[2023-01-09 12:02:33.229] [app] [info] Connection setup for PDU session[1] is successful, TUN interface[uesimtun20, 10.60.0.21] is up.
[2023-01-09 12:03:53.515] [nas] [debug] Sending PDU Session Release Request for PSI[1]
[2023-01-09 12:03:53.830] [nas] [debug] PDU Session Release Command received
[2023-01-09 12:03:53.830] [nas] [debug] Performing local release of PDU session[1]
[2023-01-09 12:03:54.411] [nas] [debug] Sending PDU Session Establishment Request
[2023-01-09 12:03:54.412] [nas] [debug] UAC access attempt is allowed for identity[0], category[MO_sig]
[2023-01-09 12:03:54.842] [nas] [debug] PDU Session Establishment Accept received
[2023-01-09 12:03:54.842] [nas] [info] PDU Session establishment is successful PSI[1]
[2023-01-09 12:03:55.186] [app] [info] Connection setup for PDU session[1] is successful, TUN interface[uesimtun62, 10.60.0.131] is up.
[2023-01-09 12:04:01.571] [nas] [debug] Sending PDU Session Release Request for PSI[1]
[2023-01-09 12:04:01.591] [nas] [error] PDU Session Release Reject received [REQUEST_REJECTED_UNSPECIFIED]
[2023-01-09 12:04:01.591] [nas] [error] PS release reject received without being requested
[2023-01-09 12:04:01.591] [nas] [warning] Sending SM Cause[MESSAGE_TYPE_NOT_COMPATIBLE_WITH_THE_PROTOCOL_STATE] for PSI[1]
[2023-01-09 12:04:08.597] [nas] [debug] De-registration required due to [NORMAL]
[2023-01-09 12:04:08.607] [nas] [debug] Starting de-registration procedure due to [NORMAL]
[2023-01-09 12:04:08.607] [nas] [debug] Performing local release of PDU session[1]
[2023-01-09 12:04:08.607] [nas] [info] UE switches to state [MM-DEREGISTER-INITIATED]
[2023-01-09 12:04:08.617] [nas] [debug] De-registration accept received
[2023-01-09 12:04:08.617] [nas] [info] UE switches to state [MM-DEREGISTERED/PS]
[2023-01-09 12:04:08.617] [nas] [info] De-registration is successful
[2023-01-09 12:04:08.617] [nas] [info] UE switches to state [MM-DEREGISTERED/NORMAL-SERVICE]
[2023-01-09 12:04:08.617] [nas] [debug] Initial registration required due to [MM-DEREG-NORMAL-SERVICE]
[2023-01-09 12:04:08.617] [nas] [debug] Sending Initial Registration
[2023-01-09 12:04:08.617] [nas] [debug] Deleting NAS security context
[2023-01-09 12:04:08.617] [nas] [info] UE switches to state [MM-REGISTER-INITIATED]
[2023-01-09 12:04:08.620] [rrc] [debug] RRC Release received
[2023-01-09 12:04:08.620] [nas] [info] UE switches to state [CM-IDLE]
[2023-01-09 12:04:08.620] [nas] [info] UE switches to state [MM-DEREGISTERED/PS]
[2023-01-09 12:04:08.620] [nas] [info] UE switches to state [5U2-NOT-UPDATED]
[2023-01-09 12:04:08.620] [nas] [info] UE switches to state [MM-DEREGISTERED/ATTEMPTING-REGISTRATION]
[2023-01-09 12:04:19.042] [nas] [debug] NAS timer[3511] expired [1]
[2023-01-09 12:04:19.042] [nas] [debug] Initial registration required due to [T3511-EXPIRY-IN-ATT-REG]
[2023-01-09 12:04:19.042] [nas] [debug] UAC access attempt is allowed for identity[0], category[MO_sig]
[2023-01-09 12:04:19.042] [nas] [debug] Sending Initial Registration
[2023-01-09 12:04:19.042] [nas] [info] UE switches to state [MM-REGISTER-INITIATED]
[2023-01-09 12:04:19.042] [rrc] [debug] Sending RRC Setup Request
[2023-01-09 12:04:19.042] [rrc] [info] RRC connection established
[2023-01-09 12:04:19.042] [rrc] [info] UE switches to state [RRC-CONNECTED]
[2023-01-09 12:04:19.042] [nas] [info] UE switches to state [CM-CONNECTED]
[2023-01-09 12:04:19.057] [nas] [debug] Authentication Request received
[2023-01-09 12:04:19.092] [nas] [debug] Security Mode Command received
[2023-01-09 12:04:19.092] [nas] [debug] Selected integrity[2] ciphering[0]
[2023-01-09 12:04:19.138] [nas] [debug] Registration accept received
[2023-01-09 12:04:19.138] [nas] [info] UE switches to state [MM-REGISTERED/NORMAL-SERVICE]
[2023-01-09 12:04:19.138] [nas] [info] UE switches to state [5U1-UPDATED]
[2023-01-09 12:04:19.138] [nas] [debug] Sending Registration Complete
[2023-01-09 12:04:19.138] [nas] [info] Initial Registration is successful
[2023-01-09 12:04:19.138] [nas] [debug] Sending PDU Session Establishment Request
[2023-01-09 12:04:19.138] [nas] [debug] UAC access attempt is allowed for identity[0], category[MO_sig]
[2023-01-09 12:04:19.243] [nas] [debug] PDU Session Establishment Accept received
[2023-01-09 12:04:19.243] [nas] [info] PDU Session establishment is successful PSI[1]
[2023-01-09 12:04:19.508] [app] [info] Connection setup for PDU session[1] is successful, TUN interface[uesimtun129, 10.60.0.229] is up.
[2023-01-09 12:04:38.668] [nas] [debug] Sending PDU Session Release Request for PSI[1]
[2023-01-09 12:04:38.726] [nas] [debug] PDU Session Release Command received
[2023-01-09 12:04:38.726] [nas] [debug] Performing local release of PDU session[1]
[2023-01-09 12:04:39.557] [nas] [debug] Sending PDU Session Establishment Request
[2023-01-09 12:04:39.564] [nas] [debug] UAC access attempt is allowed for identity[0], category[MO_sig]
[2023-01-09 12:04:39.648] [nas] [debug] PDU Session Establishment Accept received
[2023-01-09 12:04:39.648] [nas] [info] PDU Session establishment is successful PSI[1]
[2023-01-09 12:04:39.793] [app] [info] Connection setup for PDU session[1] is successful, TUN interface[uesimtun83, 10.60.1.54] is up.
[2023-01-09 12:04:45.750] [nas] [warning] PDU session release procedure could not start: PS[2] is not active already
[2023-01-09 12:04:55.808] [nas] [warning] PDU session release procedure could not start: PS[2] is not active already
[2023-01-09 12:05:03.860] [nas] [debug] Sending PDU Session Establishment Request
[2023-01-09 12:05:03.961] [nas] [error] No response from RRC from UAC checks, considering access attempt is barred
[2023-01-09 12:05:20.107] [nas] [warning] Retransmitting PDU Session Establishment Request due to T3580 expiry
[2023-01-09 12:05:20.107] [nas] [debug] UAC access attempt is allowed for identity[0], category[MO_sig]
[2023-01-09 12:05:20.268] [nas] [debug] PDU Session Establishment Accept received
[2023-01-09 12:05:20.268] [nas] [info] PDU Session establishment is successful PSI[2]
[2023-01-09 12:05:20.407] [app] [info] Connection setup for PDU session[2] is successful, TUN interface[uesimtun73, 10.60.1.174] is up.
[2023-01-09 12:05:37.040] [nas] [debug] De-registration required due to [NORMAL]
[2023-01-09 12:05:37.050] [nas] [debug] Starting de-registration procedure due to [NORMAL]
[2023-01-09 12:05:37.050] [nas] [debug] Performing local release of PDU session[1]
[2023-01-09 12:05:37.050] [nas] [debug] Performing local release of PDU session[2]
[2023-01-09 12:05:37.051] [nas] [info] UE switches to state [MM-DEREGISTER-INITIATED]
[2023-01-09 12:05:37.073] [nas] [debug] De-registration accept received
[2023-01-09 12:05:37.073] [nas] [info] UE switches to state [MM-DEREGISTERED/PS]
[2023-01-09 12:05:37.073] [nas] [info] De-registration is successful
[2023-01-09 12:05:37.073] [nas] [info] UE switches to state [MM-DEREGISTERED/NORMAL-SERVICE]
[2023-01-09 12:05:37.073] [nas] [debug] Initial registration required due to [MM-DEREG-NORMAL-SERVICE]
[2023-01-09 12:05:37.073] [nas] [debug] Sending Initial Registration
[2023-01-09 12:05:37.073] [nas] [debug] Deleting NAS security context
[2023-01-09 12:05:37.073] [nas] [info] UE switches to state [MM-REGISTER-INITIATED]
[2023-01-09 12:05:37.075] [rrc] [debug] RRC Release received
[2023-01-09 12:05:37.076] [nas] [info] UE switches to state [CM-IDLE]
[2023-01-09 12:05:37.076] [nas] [info] UE switches to state [MM-DEREGISTERED/PS]
[2023-01-09 12:05:37.076] [nas] [info] UE switches to state [5U2-NOT-UPDATED]
[2023-01-09 12:05:37.076] [nas] [info] UE switches to state [MM-DEREGISTERED/ATTEMPTING-REGISTRATION]
[2023-01-09 12:05:47.135] [nas] [debug] NAS timer[3511] expired [1]
[2023-01-09 12:05:47.135] [nas] [debug] Initial registration required due to [T3511-EXPIRY-IN-ATT-REG]
[2023-01-09 12:05:47.136] [nas] [debug] UAC access attempt is allowed for identity[0], category[MO_sig]
[2023-01-09 12:05:47.136] [nas] [debug] Sending Initial Registration
[2023-01-09 12:05:47.136] [nas] [info] UE switches to state [MM-REGISTER-INITIATED]
[2023-01-09 12:05:47.136] [rrc] [debug] Sending RRC Setup Request
[2023-01-09 12:05:47.136] [rrc] [info] RRC connection established
[2023-01-09 12:05:47.136] [rrc] [info] UE switches to state [RRC-CONNECTED]
[2023-01-09 12:05:47.136] [nas] [info] UE switches to state [CM-CONNECTED]
[2023-01-09 12:05:47.340] [nas] [debug] Authentication Request received
[2023-01-09 12:05:47.398] [nas] [debug] Security Mode Command received
[2023-01-09 12:05:47.398] [nas] [debug] Selected integrity[2] ciphering[0]
[2023-01-09 12:05:47.456] [nas] [debug] Registration accept received
[2023-01-09 12:05:47.456] [nas] [info] UE switches to state [MM-REGISTERED/NORMAL-SERVICE]
[2023-01-09 12:05:47.456] [nas] [info] UE switches to state [5U1-UPDATED]
[2023-01-09 12:05:47.456] [nas] [debug] Sending Registration Complete
[2023-01-09 12:05:47.456] [nas] [info] Initial Registration is successful
[2023-01-09 12:05:47.456] [nas] [debug] Sending PDU Session Establishment Request
[2023-01-09 12:05:47.456] [nas] [debug] UAC access attempt is allowed for identity[0], category[MO_sig]
[2023-01-09 12:05:47.591] [nas] [debug] PDU Session Establishment Accept received
[2023-01-09 12:05:47.591] [nas] [info] PDU Session establishment is successful PSI[1]
[2023-01-09 12:05:47.780] [app] [info] Connection setup for PDU session[1] is successful, TUN interface[uesimtun53, 10.60.2.0] is up.
[2023-01-09 12:06:11.127] [nas] [debug] Sending PDU Session Release Request for PSI[1]
[2023-01-09 12:06:11.263] [nas] [error] PDU Session Release Reject received [REQUEST_REJECTED_UNSPECIFIED]
[2023-01-09 12:06:11.263] [nas] [error] PS release reject received without being requested
[2023-01-09 12:06:11.263] [nas] [warning] Sending SM Cause[MESSAGE_TYPE_NOT_COMPATIBLE_WITH_THE_PROTOCOL_STATE] for PSI[1]
[2023-01-09 12:06:21.179] [nas] [debug] De-registration required due to [NORMAL]
[2023-01-09 12:06:21.189] [nas] [debug] Starting de-registration procedure due to [NORMAL]
[2023-01-09 12:06:21.189] [nas] [debug] Performing local release of PDU session[1]
[2023-01-09 12:06:21.189] [nas] [info] UE switches to state [MM-DEREGISTER-INITIATED]
[2023-01-09 12:06:21.400] [nas] [debug] De-registration accept received
[2023-01-09 12:06:21.400] [nas] [info] UE switches to state [MM-DEREGISTERED/PS]
[2023-01-09 12:06:21.400] [nas] [info] De-registration is successful
[2023-01-09 12:06:21.400] [nas] [info] UE switches to state [MM-DEREGISTERED/NORMAL-SERVICE]
[2023-01-09 12:06:21.400] [nas] [debug] Initial registration required due to [MM-DEREG-NORMAL-SERVICE]
[2023-01-09 12:06:21.400] [nas] [debug] Sending Initial Registration
[2023-01-09 12:06:21.400] [nas] [debug] Deleting NAS security context
[2023-01-09 12:06:21.400] [nas] [info] UE switches to state [MM-REGISTER-INITIATED]
[2023-01-09 12:06:21.401] [rrc] [debug] RRC Release received
[2023-01-09 12:06:21.402] [nas] [info] UE switches to state [CM-IDLE]
[2023-01-09 12:06:21.402] [nas] [info] UE switches to state [MM-DEREGISTERED/PS]
[2023-01-09 12:06:21.402] [nas] [info] UE switches to state [5U2-NOT-UPDATED]
[2023-01-09 12:06:21.402] [nas] [info] UE switches to state [MM-DEREGISTERED/ATTEMPTING-REGISTRATION]
[2023-01-09 12:06:32.200] [nas] [debug] NAS timer[3511] expired [1]
[2023-01-09 12:06:32.200] [nas] [debug] Initial registration required due to [T3511-EXPIRY-IN-ATT-REG]
[2023-01-09 12:06:32.200] [nas] [debug] UAC access attempt is allowed for identity[0], category[MO_sig]
[2023-01-09 12:06:32.200] [nas] [debug] Sending Initial Registration
[2023-01-09 12:06:32.200] [nas] [info] UE switches to state [MM-REGISTER-INITIATED]
[2023-01-09 12:06:32.200] [rrc] [debug] Sending RRC Setup Request
[2023-01-09 12:06:32.201] [rrc] [info] RRC connection established
[2023-01-09 12:06:32.201] [rrc] [info] UE switches to state [RRC-CONNECTED]
[2023-01-09 12:06:32.201] [nas] [info] UE switches to state [CM-CONNECTED]
[2023-01-09 12:06:32.422] [nas] [debug] Authentication Request received
[2023-01-09 12:06:32.448] [nas] [debug] Security Mode Command received
[2023-01-09 12:06:32.448] [nas] [debug] Selected integrity[2] ciphering[0]
[2023-01-09 12:06:32.482] [nas] [debug] Registration accept received
[2023-01-09 12:06:32.482] [nas] [info] UE switches to state [MM-REGISTERED/NORMAL-SERVICE]
[2023-01-09 12:06:32.482] [nas] [info] UE switches to state [5U1-UPDATED]
[2023-01-09 12:06:32.482] [nas] [debug] Sending Registration Complete
[2023-01-09 12:06:32.482] [nas] [info] Initial Registration is successful
[2023-01-09 12:06:32.482] [nas] [debug] Sending PDU Session Establishment Request
[2023-01-09 12:06:32.482] [nas] [debug] UAC access attempt is allowed for identity[0], category[MO_sig]
[2023-01-09 12:06:32.543] [nas] [debug] PDU Session Establishment Accept received
[2023-01-09 12:06:32.543] [nas] [info] PDU Session establishment is successful PSI[1]
[2023-01-09 12:06:32.688] [app] [info] Connection setup for PDU session[1] is successful, TUN interface[uesimtun1, 10.60.2.125] is up.
[2023-01-09 12:06:48.232] [nas] [debug] De-registration required due to [NORMAL]
[2023-01-09 12:06:48.242] [nas] [debug] Starting de-registration procedure due to [NORMAL]
[2023-01-09 12:06:48.242] [nas] [debug] Performing local release of PDU session[1]
[2023-01-09 12:06:48.242] [nas] [info] UE switches to state [MM-DEREGISTER-INITIATED]
[2023-01-09 12:06:48.431] [nas] [debug] De-registration accept received
[2023-01-09 12:06:48.431] [nas] [info] UE switches to state [MM-DEREGISTERED/PS]
[2023-01-09 12:06:48.431] [nas] [info] De-registration is successful
[2023-01-09 12:06:48.431] [nas] [info] UE switches to state [MM-DEREGISTERED/NORMAL-SERVICE]
[2023-01-09 12:06:48.431] [nas] [debug] Initial registration required due to [MM-DEREG-NORMAL-SERVICE]
[2023-01-09 12:06:48.431] [nas] [debug] Sending Initial Registration
[2023-01-09 12:06:48.432] [nas] [debug] Deleting NAS security context
[2023-01-09 12:06:48.432] [nas] [info] UE switches to state [MM-REGISTER-INITIATED]
[2023-01-09 12:06:48.432] [rrc] [debug] RRC Release received
[2023-01-09 12:06:48.432] [nas] [info] UE switches to state [CM-IDLE]
[2023-01-09 12:06:48.432] [nas] [info] UE switches to state [MM-DEREGISTERED/PS]
[2023-01-09 12:06:48.432] [nas] [info] UE switches to state [5U2-NOT-UPDATED]
[2023-01-09 12:06:48.432] [nas] [info] UE switches to state [MM-DEREGISTERED/ATTEMPTING-REGISTRATION]
[2023-01-09 12:06:59.227] [nas] [debug] NAS timer[3511] expired [1]
[2023-01-09 12:06:59.227] [nas] [debug] Initial registration required due to [T3511-EXPIRY-IN-ATT-REG]
[2023-01-09 12:06:59.227] [nas] [debug] UAC access attempt is allowed for identity[0], category[MO_sig]
[2023-01-09 12:06:59.227] [nas] [debug] Sending Initial Registration
[2023-01-09 12:06:59.227] [nas] [info] UE switches to state [MM-REGISTER-INITIATED]
[2023-01-09 12:06:59.227] [rrc] [debug] Sending RRC Setup Request
[2023-01-09 12:06:59.227] [rrc] [info] RRC connection established
[2023-01-09 12:06:59.227] [rrc] [info] UE switches to state [RRC-CONNECTED]
[2023-01-09 12:06:59.227] [nas] [info] UE switches to state [CM-CONNECTED]
[2023-01-09 12:06:59.518] [nas] [debug] Authentication Request received
[2023-01-09 12:06:59.531] [nas] [debug] Security Mode Command received
[2023-01-09 12:06:59.531] [nas] [debug] Selected integrity[2] ciphering[0]
[2023-01-09 12:06:59.577] [nas] [debug] Registration accept received
[2023-01-09 12:06:59.577] [nas] [info] UE switches to state [MM-REGISTERED/NORMAL-SERVICE]
[2023-01-09 12:06:59.577] [nas] [info] UE switches to state [5U1-UPDATED]
[2023-01-09 12:06:59.577] [nas] [debug] Sending Registration Complete
[2023-01-09 12:06:59.577] [nas] [info] Initial Registration is successful
[2023-01-09 12:06:59.577] [nas] [debug] Sending PDU Session Establishment Request
[2023-01-09 12:06:59.577] [nas] [debug] UAC access attempt is allowed for identity[0], category[MO_sig]
[2023-01-09 12:06:59.637] [nas] [debug] PDU Session Establishment Accept received
[2023-01-09 12:06:59.637] [nas] [info] PDU Session establishment is successful PSI[1]
[2023-01-09 12:06:59.750] [app] [info] Connection setup for PDU session[1] is successful, TUN interface[uesimtun116, 10.60.2.201] is up.
[2023-01-09 12:07:21.294] [nas] [debug] De-registration required due to [NORMAL]
[2023-01-09 12:07:21.304] [nas] [debug] Starting de-registration procedure due to [NORMAL]
[2023-01-09 12:07:21.304] [nas] [debug] Performing local release of PDU session[1]
[2023-01-09 12:07:21.304] [nas] [info] UE switches to state [MM-DEREGISTER-INITIATED]
[2023-01-09 12:07:21.356] [nas] [debug] De-registration accept received
[2023-01-09 12:07:21.356] [nas] [info] UE switches to state [MM-DEREGISTERED/PS]
[2023-01-09 12:07:21.356] [nas] [info] De-registration is successful
[2023-01-09 12:07:21.356] [nas] [info] UE switches to state [MM-DEREGISTERED/NORMAL-SERVICE]
[2023-01-09 12:07:21.356] [nas] [debug] Initial registration required due to [MM-DEREG-NORMAL-SERVICE]
[2023-01-09 12:07:21.356] [nas] [debug] Sending Initial Registration
[2023-01-09 12:07:21.356] [nas] [debug] Deleting NAS security context
[2023-01-09 12:07:21.356] [nas] [info] UE switches to state [MM-REGISTER-INITIATED]
[2023-01-09 12:07:21.356] [rrc] [debug] RRC Release received
[2023-01-09 12:07:21.357] [nas] [info] UE switches to state [CM-IDLE]
[2023-01-09 12:07:21.357] [nas] [info] UE switches to state [MM-DEREGISTERED/PS]
[2023-01-09 12:07:21.357] [nas] [info] UE switches to state [5U2-NOT-UPDATED]
[2023-01-09 12:07:21.357] [nas] [info] UE switches to state [MM-DEREGISTERED/ATTEMPTING-REGISTRATION]
[2023-01-09 12:07:32.268] [nas] [debug] NAS timer[3511] expired [1]
[2023-01-09 12:07:32.268] [nas] [debug] Initial registration required due to [T3511-EXPIRY-IN-ATT-REG]
[2023-01-09 12:07:32.271] [nas] [debug] UAC access attempt is allowed for identity[0], category[MO_sig]
[2023-01-09 12:07:32.271] [nas] [debug] Sending Initial Registration
[2023-01-09 12:07:32.271] [rrc] [debug] Sending RRC Setup Request
[2023-01-09 12:07:32.271] [nas] [info] UE switches to state [MM-REGISTER-INITIATED]
[2023-01-09 12:07:32.272] [rrc] [info] RRC connection established
[2023-01-09 12:07:32.272] [rrc] [info] UE switches to state [RRC-CONNECTED]
[2023-01-09 12:07:32.272] [nas] [info] UE switches to state [CM-CONNECTED]
[2023-01-09 12:07:32.288] [nas] [debug] Authentication Request received
[2023-01-09 12:07:32.297] [nas] [debug] Security Mode Command received
[2023-01-09 12:07:32.297] [nas] [debug] Selected integrity[2] ciphering[0]
[2023-01-09 12:07:32.324] [nas] [debug] Registration accept received
[2023-01-09 12:07:32.324] [nas] [info] UE switches to state [MM-REGISTERED/NORMAL-SERVICE]
[2023-01-09 12:07:32.324] [nas] [info] UE switches to state [5U1-UPDATED]
[2023-01-09 12:07:32.324] [nas] [debug] Sending Registration Complete
[2023-01-09 12:07:32.324] [nas] [info] Initial Registration is successful
[2023-01-09 12:07:32.324] [nas] [debug] Sending PDU Session Establishment Request
[2023-01-09 12:07:32.324] [nas] [debug] UAC access attempt is allowed for identity[0], category[MO_sig]
[2023-01-09 12:07:32.562] [nas] [debug] PDU Session Establishment Accept received
[2023-01-09 12:07:32.562] [nas] [info] PDU Session establishment is successful PSI[1]
[2023-01-09 12:07:32.653] [app] [info] Connection setup for PDU session[1] is successful, TUN interface[uesimtun131, 10.60.3.22] is up.
[2023-01-09 12:07:47.349] [nas] [debug] De-registration required due to [NORMAL]
[2023-01-09 12:07:47.359] [nas] [debug] Starting de-registration procedure due to [NORMAL]
[2023-01-09 12:07:47.359] [nas] [debug] Performing local release of PDU session[1]
[2023-01-09 12:07:47.359] [nas] [info] UE switches to state [MM-DEREGISTER-INITIATED]
[2023-01-09 12:07:47.410] [rrc] [debug] RRC Release received
[2023-01-09 12:07:47.410] [nas] [debug] De-registration accept received
[2023-01-09 12:07:47.411] [nas] [info] UE switches to state [MM-DEREGISTERED/PS]
[2023-01-09 12:07:47.411] [nas] [info] De-registration is successful
[2023-01-09 12:07:47.411] [nas] [info] UE switches to state [CM-IDLE]
[2023-01-09 12:07:47.411] [nas] [info] UE switches to state [MM-DEREGISTERED/NORMAL-SERVICE]
[2023-01-09 12:07:47.411] [nas] [debug] Initial registration required due to [MM-DEREG-NORMAL-SERVICE]
[2023-01-09 12:07:47.412] [nas] [debug] UAC access attempt is allowed for identity[0], category[MO_sig]
[2023-01-09 12:07:47.412] [nas] [debug] Sending Initial Registration
[2023-01-09 12:07:47.412] [nas] [debug] Deleting NAS security context
[2023-01-09 12:07:47.412] [nas] [info] UE switches to state [MM-REGISTER-INITIATED]
[2023-01-09 12:07:47.412] [rrc] [debug] Sending RRC Setup Request
[2023-01-09 12:07:47.412] [rrc] [info] RRC connection established
[2023-01-09 12:07:47.412] [rrc] [info] UE switches to state [RRC-CONNECTED]
[2023-01-09 12:07:47.412] [nas] [info] UE switches to state [CM-CONNECTED]
[2023-01-09 12:07:47.474] [nas] [debug] Authentication Request received
[2023-01-09 12:07:47.511] [nas] [debug] Security Mode Command received
[2023-01-09 12:07:47.511] [nas] [debug] Selected integrity[2] ciphering[0]
[2023-01-09 12:07:47.737] [nas] [debug] Registration accept received
[2023-01-09 12:07:47.737] [nas] [info] UE switches to state [MM-REGISTERED/NORMAL-SERVICE]
[2023-01-09 12:07:47.737] [nas] [debug] Sending Registration Complete
[2023-01-09 12:07:47.737] [nas] [info] Initial Registration is successful
[2023-01-09 12:07:47.737] [nas] [debug] Sending PDU Session Establishment Request
[2023-01-09 12:07:47.742] [nas] [debug] UAC access attempt is allowed for identity[0], category[MO_sig]
[2023-01-09 12:07:47.821] [nas] [debug] PDU Session Establishment Accept received
[2023-01-09 12:07:47.822] [nas] [info] PDU Session establishment is successful PSI[1]
[2023-01-09 12:07:47.906] [app] [info] Connection setup for PDU session[1] is successful, TUN interface[uesimtun85, 10.60.3.61] is up.
[2023-01-09 12:08:12.429] [nas] [debug] De-registration required due to [NORMAL]
[2023-01-09 12:08:12.439] [nas] [debug] Starting de-registration procedure due to [NORMAL]
[2023-01-09 12:08:12.439] [nas] [debug] Performing local release of PDU session[1]
[2023-01-09 12:08:12.439] [nas] [info] UE switches to state [MM-DEREGISTER-INITIATED]
[2023-01-09 12:08:12.650] [nas] [debug] De-registration accept received
[2023-01-09 12:08:12.650] [nas] [info] UE switches to state [MM-DEREGISTERED/PS]
[2023-01-09 12:08:12.650] [nas] [info] De-registration is successful
[2023-01-09 12:08:12.650] [nas] [info] UE switches to state [MM-DEREGISTERED/NORMAL-SERVICE]
[2023-01-09 12:08:12.650] [nas] [debug] Initial registration required due to [MM-DEREG-NORMAL-SERVICE]
[2023-01-09 12:08:12.650] [nas] [debug] Sending Initial Registration
[2023-01-09 12:08:12.650] [nas] [debug] Deleting NAS security context
[2023-01-09 12:08:12.650] [nas] [info] UE switches to state [MM-REGISTER-INITIATED]
[2023-01-09 12:08:12.654] [rrc] [debug] RRC Release received
[2023-01-09 12:08:12.654] [nas] [info] UE switches to state [CM-IDLE]
[2023-01-09 12:08:12.654] [nas] [info] UE switches to state [MM-DEREGISTERED/PS]
[2023-01-09 12:08:12.654] [nas] [info] UE switches to state [5U2-NOT-UPDATED]
[2023-01-09 12:08:12.654] [nas] [info] UE switches to state [MM-DEREGISTERED/ATTEMPTING-REGISTRATION]
[2023-01-09 12:08:23.320] [nas] [debug] NAS timer[3511] expired [1]
[2023-01-09 12:08:23.320] [nas] [debug] Initial registration required due to [T3511-EXPIRY-IN-ATT-REG]
[2023-01-09 12:08:23.322] [nas] [debug] UAC access attempt is allowed for identity[0], category[MO_sig]
[2023-01-09 12:08:23.322] [nas] [debug] Sending Initial Registration
[2023-01-09 12:08:23.322] [rrc] [debug] Sending RRC Setup Request
[2023-01-09 12:08:23.322] [nas] [info] UE switches to state [MM-REGISTER-INITIATED]
[2023-01-09 12:08:23.323] [rrc] [info] RRC connection established
[2023-01-09 12:08:23.323] [rrc] [info] UE switches to state [RRC-CONNECTED]
[2023-01-09 12:08:23.323] [nas] [info] UE switches to state [CM-CONNECTED]
[2023-01-09 12:08:23.338] [nas] [debug] Authentication Request received
[2023-01-09 12:08:23.343] [nas] [debug] Security Mode Command received
[2023-01-09 12:08:23.343] [nas] [debug] Selected integrity[2] ciphering[0]
[2023-01-09 12:08:23.366] [nas] [debug] Registration accept received
[2023-01-09 12:08:23.367] [nas] [info] UE switches to state [MM-REGISTERED/NORMAL-SERVICE]
[2023-01-09 12:08:23.367] [nas] [info] UE switches to state [5U1-UPDATED]
[2023-01-09 12:08:23.367] [nas] [debug] Sending Registration Complete
[2023-01-09 12:08:23.367] [nas] [info] Initial Registration is successful
[2023-01-09 12:08:23.367] [nas] [debug] Sending PDU Session Establishment Request
[2023-01-09 12:08:23.367] [nas] [debug] UAC access attempt is allowed for identity[0], category[MO_sig]
[2023-01-09 12:08:23.604] [nas] [debug] PDU Session Establishment Accept received
[2023-01-09 12:08:23.604] [nas] [info] PDU Session establishment is successful PSI[1]
[2023-01-09 12:08:23.695] [app] [info] Connection setup for PDU session[1] is successful, TUN interface[uesimtun7, 10.60.3.148] is up.
[2023-01-09 12:08:47.525] [nas] [warning] PDU session release procedure could not start: PS[2] is not active already
[2023-01-09 12:08:57.563] [nas] [debug] Sending PDU Session Release Request for PSI[1]
[2023-01-09 12:08:57.700] [nas] [error] PDU Session Release Reject received [REQUEST_REJECTED_UNSPECIFIED]
[2023-01-09 12:08:57.700] [nas] [error] PS release reject received without being requested
[2023-01-09 12:08:57.700] [nas] [warning] Sending SM Cause[MESSAGE_TYPE_NOT_COMPATIBLE_WITH_THE_PROTOCOL_STATE] for PSI[1]
[2023-01-09 12:09:07.626] [nas] [warning] PDU session release procedure could not start: PS[2] is not active already
[2023-01-09 12:09:18.675] [nas] [debug] De-registration required due to [NORMAL]
[2023-01-09 12:09:18.681] [nas] [debug] Starting de-registration procedure due to [NORMAL]
[2023-01-09 12:09:18.681] [nas] [debug] Performing local release of PDU session[1]
[2023-01-09 12:09:18.681] [nas] [info] UE switches to state [MM-DEREGISTER-INITIATED]
[2023-01-09 12:09:34.408] [nas] [debug] NAS timer[3521] expired [1]
[2023-01-09 12:09:34.408] [nas] [debug] Retransmitting De-registration Request due to T3521 expiry
[2023-01-09 12:09:47.731] [nas] [debug] Sending PDU Session Establishment Request
[2023-01-09 12:09:47.833] [nas] [error] No response from RRC from UAC checks, considering access attempt is barred
[2023-01-09 12:09:49.423] [nas] [debug] NAS timer[3521] expired [2]
[2023-01-09 12:09:49.423] [nas] [debug] Retransmitting De-registration Request due to T3521 expiry
