UERANSIM v3.2.6
[2023-01-09 12:03:40.044] [nas] [info] UE switches to state [MM-DEREGISTERED/PLMN-SEARCH]
[2023-01-09 12:03:40.050] [rrc] [debug] New signal detected for cell[1], total [1] cells in coverage
[2023-01-09 12:03:40.051] [nas] [info] Selected plmn[208/93]
[2023-01-09 12:03:40.051] [rrc] [info] Selected cell plmn[208/93] tac[1] category[SUITABLE]
[2023-01-09 12:03:40.051] [nas] [info] UE switches to state [MM-DEREGISTERED/PS]
[2023-01-09 12:03:40.051] [nas] [info] UE switches to state [MM-DEREGISTERED/NORMAL-SERVICE]
[2023-01-09 12:03:40.051] [nas] [debug] Initial registration required due to [MM-DEREG-NORMAL-SERVICE]
[2023-01-09 12:03:40.051] [nas] [debug] UAC access attempt is allowed for identity[0], category[MO_sig]
[2023-01-09 12:03:40.051] [nas] [debug] Sending Initial Registration
[2023-01-09 12:03:40.051] [nas] [info] UE switches to state [MM-REGISTER-INITIATED]
[2023-01-09 12:03:40.052] [rrc] [debug] Sending RRC Setup Request
[2023-01-09 12:03:40.053] [rrc] [info] RRC connection established
[2023-01-09 12:03:40.053] [rrc] [info] UE switches to state [RRC-CONNECTED]
[2023-01-09 12:03:40.053] [nas] [info] UE switches to state [CM-CONNECTED]
[2023-01-09 12:03:40.067] [nas] [debug] Authentication Request received
[2023-01-09 12:03:40.073] [nas] [debug] Security Mode Command received
[2023-01-09 12:03:40.073] [nas] [debug] Selected integrity[2] ciphering[0]
[2023-01-09 12:03:40.097] [nas] [debug] Registration accept received
[2023-01-09 12:03:40.097] [nas] [info] UE switches to state [MM-REGISTERED/NORMAL-SERVICE]
[2023-01-09 12:03:40.097] [nas] [debug] Sending Registration Complete
[2023-01-09 12:03:40.097] [nas] [info] Initial Registration is successful
[2023-01-09 12:03:40.097] [nas] [debug] Sending PDU Session Establishment Request
[2023-01-09 12:03:40.098] [nas] [debug] UAC access attempt is allowed for identity[0], category[MO_sig]
[2023-01-09 12:03:40.333] [nas] [debug] PDU Session Establishment Accept received
[2023-01-09 12:03:40.333] [nas] [info] PDU Session establishment is successful PSI[1]
[2023-01-09 12:03:40.365] [app] [info] Connection setup for PDU session[1] is successful, TUN interface[uesimtun88, 10.60.0.89] is up.
[2023-01-09 12:03:53.648] [nas] [debug] Sending PDU Session Establishment Request
[2023-01-09 12:03:53.749] [nas] [error] No response from RRC from UAC checks, considering access attempt is barred
[2023-01-09 12:04:10.076] [nas] [warning] Retransmitting PDU Session Establishment Request due to T3580 expiry
[2023-01-09 12:04:10.123] [nas] [debug] UAC access attempt is allowed for identity[0], category[MO_sig]
[2023-01-09 12:04:10.428] [nas] [debug] PDU Session Establishment Accept received
[2023-01-09 12:04:10.428] [nas] [info] PDU Session establishment is successful PSI[2]
[2023-01-09 12:04:10.612] [app] [info] Connection setup for PDU session[2] is successful, TUN interface[uesimtun104, 10.60.0.197] is up.
[2023-01-09 12:04:20.809] [nas] [debug] Sending PDU Session Release Request for PSI[1]
[2023-01-09 12:04:20.809] [nas] [debug] Sending PDU Session Release Request for PSI[2]
[2023-01-09 12:04:20.831] [nas] [debug] PDU Session Release Command received
[2023-01-09 12:04:20.831] [nas] [debug] Performing local release of PDU session[1]
[2023-01-09 12:04:20.839] [nas] [debug] PDU Session Release Command received
[2023-01-09 12:04:20.839] [nas] [debug] Performing local release of PDU session[2]
[2023-01-09 12:04:21.891] [nas] [debug] Sending PDU Session Establishment Request
[2023-01-09 12:04:21.892] [nas] [debug] UAC access attempt is allowed for identity[0], category[MO_sig]
[2023-01-09 12:04:22.116] [nas] [debug] PDU Session Establishment Accept received
[2023-01-09 12:04:22.116] [nas] [info] PDU Session establishment is successful PSI[1]
[2023-01-09 12:04:22.309] [app] [info] Connection setup for PDU session[1] is successful, TUN interface[uesimtun3, 10.60.0.247] is up.
[2023-01-09 12:04:26.839] [nas] [debug] Sending PDU Session Establishment Request
[2023-01-09 12:04:26.940] [nas] [error] No response from RRC from UAC checks, considering access attempt is barred
[2023-01-09 12:04:43.124] [nas] [warning] Retransmitting PDU Session Establishment Request due to T3580 expiry
[2023-01-09 12:04:43.124] [nas] [debug] UAC access attempt is allowed for identity[0], category[MO_sig]
[2023-01-09 12:04:43.231] [nas] [debug] PDU Session Establishment Accept received
[2023-01-09 12:04:43.231] [nas] [info] PDU Session establishment is successful PSI[2]
[2023-01-09 12:04:43.419] [app] [info] Connection setup for PDU session[2] is successful, TUN interface[uesimtun89, 10.60.1.69] is up.
[2023-01-09 12:04:55.037] [nas] [debug] Sending PDU Session Release Request for PSI[1]
[2023-01-09 12:04:55.037] [nas] [debug] Sending PDU Session Release Request for PSI[2]
[2023-01-09 12:04:55.185] [nas] [debug] PDU Session Release Command received
[2023-01-09 12:04:55.185] [nas] [debug] Performing local release of PDU session[1]
[2023-01-09 12:04:55.194] [nas] [error] PDU Session Release Reject received [REQUEST_REJECTED_UNSPECIFIED]
[2023-01-09 12:04:55.194] [nas] [error] PS release reject received without being requested
[2023-01-09 12:04:55.194] [nas] [warning] Sending SM Cause[MESSAGE_TYPE_NOT_COMPATIBLE_WITH_THE_PROTOCOL_STATE] for PSI[2]
[2023-01-09 12:05:05.077] [nas] [debug] Sending PDU Session Release Request for PSI[2]
[2023-01-09 12:05:05.160] [nas] [error] PDU Session Release Reject received [REQUEST_REJECTED_UNSPECIFIED]
[2023-01-09 12:05:05.160] [nas] [error] PS release reject received without being requested
[2023-01-09 12:05:05.160] [nas] [warning] Sending SM Cause[MESSAGE_TYPE_NOT_COMPATIBLE_WITH_THE_PROTOCOL_STATE] for PSI[2]
[2023-01-09 12:05:11.110] [nas] [debug] De-registration required due to [NORMAL]
[2023-01-09 12:05:11.120] [nas] [debug] Starting de-registration procedure due to [NORMAL]
[2023-01-09 12:05:11.120] [nas] [debug] Performing local release of PDU session[2]
[2023-01-09 12:05:11.120] [nas] [info] UE switches to state [MM-DEREGISTER-INITIATED]
[2023-01-09 12:05:11.135] [nas] [debug] De-registration accept received
[2023-01-09 12:05:11.135] [nas] [info] UE switches to state [MM-DEREGISTERED/PS]
[2023-01-09 12:05:11.135] [nas] [info] De-registration is successful
[2023-01-09 12:05:11.135] [nas] [info] UE switches to state [MM-DEREGISTERED/NORMAL-SERVICE]
[2023-01-09 12:05:11.135] [nas] [debug] Initial registration required due to [MM-DEREG-NORMAL-SERVICE]
[2023-01-09 12:05:11.135] [nas] [debug] Sending Initial Registration
[2023-01-09 12:05:11.135] [nas] [debug] Deleting NAS security context
[2023-01-09 12:05:11.135] [nas] [info] UE switches to state [MM-REGISTER-INITIATED]
[2023-01-09 12:05:11.137] [rrc] [debug] RRC Release received
[2023-01-09 12:05:11.137] [nas] [info] UE switches to state [CM-IDLE]
[2023-01-09 12:05:11.137] [nas] [info] UE switches to state [MM-DEREGISTERED/PS]
[2023-01-09 12:05:11.137] [nas] [info] UE switches to state [5U2-NOT-UPDATED]
[2023-01-09 12:05:11.137] [nas] [info] UE switches to state [MM-DEREGISTERED/ATTEMPTING-REGISTRATION]
[2023-01-09 12:05:21.165] [nas] [debug] NAS timer[3511] expired [1]
[2023-01-09 12:05:21.165] [nas] [debug] Initial registration required due to [T3511-EXPIRY-IN-ATT-REG]
[2023-01-09 12:05:21.165] [nas] [debug] UAC access attempt is allowed for identity[0], category[MO_sig]
[2023-01-09 12:05:21.165] [nas] [debug] Sending Initial Registration
[2023-01-09 12:05:21.165] [nas] [info] UE switches to state [MM-REGISTER-INITIATED]
[2023-01-09 12:05:21.165] [rrc] [debug] Sending RRC Setup Request
[2023-01-09 12:05:21.165] [rrc] [info] RRC connection established
[2023-01-09 12:05:21.165] [rrc] [info] UE switches to state [RRC-CONNECTED]
[2023-01-09 12:05:21.165] [nas] [info] UE switches to state [CM-CONNECTED]
[2023-01-09 12:05:21.308] [nas] [debug] Authentication Request received
[2023-01-09 12:05:21.350] [nas] [debug] Security Mode Command received
[2023-01-09 12:05:21.350] [nas] [debug] Selected integrity[2] ciphering[0]
[2023-01-09 12:05:21.412] [nas] [debug] Registration accept received
[2023-01-09 12:05:21.412] [nas] [info] UE switches to state [MM-REGISTERED/NORMAL-SERVICE]
[2023-01-09 12:05:21.413] [nas] [info] UE switches to state [5U1-UPDATED]
[2023-01-09 12:05:21.413] [nas] [debug] Sending Registration Complete
[2023-01-09 12:05:21.413] [nas] [info] Initial Registration is successful
[2023-01-09 12:05:21.413] [nas] [debug] Sending PDU Session Establishment Request
[2023-01-09 12:05:21.413] [nas] [debug] UAC access attempt is allowed for identity[0], category[MO_sig]
[2023-01-09 12:05:21.516] [nas] [debug] PDU Session Establishment Accept received
[2023-01-09 12:05:21.516] [nas] [info] PDU Session establishment is successful PSI[1]
[2023-01-09 12:05:21.643] [app] [info] Connection setup for PDU session[1] is successful, TUN interface[uesimtun125, 10.60.1.180] is up.
[2023-01-09 12:05:41.179] [nas] [debug] Sending PDU Session Release Request for PSI[1]
[2023-01-09 12:05:41.236] [nas] [debug] PDU Session Release Command received
[2023-01-09 12:05:41.236] [nas] [debug] Performing local release of PDU session[1]
[2023-01-09 12:05:42.284] [nas] [debug] Sending PDU Session Establishment Request
[2023-01-09 12:05:42.284] [nas] [debug] UAC access attempt is allowed for identity[0], category[MO_sig]
[2023-01-09 12:05:42.502] [nas] [debug] PDU Session Establishment Accept received
[2023-01-09 12:05:42.502] [nas] [info] PDU Session establishment is successful PSI[1]
[2023-01-09 12:05:42.630] [app] [info] Connection setup for PDU session[1] is successful, TUN interface[uesimtun36, 10.60.1.243] is up.
[2023-01-09 12:05:50.254] [nas] [debug] Sending PDU Session Establishment Request
[2023-01-09 12:05:50.358] [nas] [error] No response from RRC from UAC checks, considering access attempt is barred
[2023-01-09 12:06:07.217] [nas] [warning] Retransmitting PDU Session Establishment Request due to T3580 expiry
[2023-01-09 12:06:07.220] [nas] [debug] UAC access attempt is allowed for identity[0], category[MO_sig]
[2023-01-09 12:06:07.413] [nas] [debug] PDU Session Establishment Accept received
[2023-01-09 12:06:07.413] [nas] [info] PDU Session establishment is successful PSI[2]
[2023-01-09 12:06:07.558] [app] [info] Connection setup for PDU session[2] is successful, TUN interface[uesimtun122, 10.60.2.51] is up.
[2023-01-09 12:06:20.429] [nas] [debug] Sending PDU Session Release Request for PSI[1]
[2023-01-09 12:06:20.429] [nas] [debug] Sending PDU Session Release Request for PSI[2]
[2023-01-09 12:06:20.569] [nas] [error] PDU Session Release Reject received [REQUEST_REJECTED_UNSPECIFIED]
[2023-01-09 12:06:20.569] [nas] [error] PS release reject received without being requested
[2023-01-09 12:06:20.569] [nas] [warning] Sending SM Cause[MESSAGE_TYPE_NOT_COMPATIBLE_WITH_THE_PROTOCOL_STATE] for PSI[1]
[2023-01-09 12:06:20.574] [nas] [error] PDU Session Release Reject received [REQUEST_REJECTED_UNSPECIFIED]
[2023-01-09 12:06:20.574] [nas] [error] PS release reject received without being requested
[2023-01-09 12:06:20.574] [nas] [warning] Sending SM Cause[MESSAGE_TYPE_NOT_COMPATIBLE_WITH_THE_PROTOCOL_STATE] for PSI[2]
[2023-01-09 12:06:27.507] [nas] [debug] Sending PDU Session Release Request for PSI[1]
[2023-01-09 12:06:27.507] [nas] [debug] Sending PDU Session Release Request for PSI[2]
[2023-01-09 12:06:27.600] [nas] [error] PDU Session Release Reject received [REQUEST_REJECTED_UNSPECIFIED]
[2023-01-09 12:06:27.600] [nas] [error] PS release reject received without being requested
[2023-01-09 12:06:27.600] [nas] [warning] Sending SM Cause[MESSAGE_TYPE_NOT_COMPATIBLE_WITH_THE_PROTOCOL_STATE] for PSI[1]
[2023-01-09 12:06:27.600] [nas] [error] PDU Session Release Reject received [REQUEST_REJECTED_UNSPECIFIED]
[2023-01-09 12:06:27.600] [nas] [error] PS release reject received without being requested
[2023-01-09 12:06:27.600] [nas] [warning] Sending SM Cause[MESSAGE_TYPE_NOT_COMPATIBLE_WITH_THE_PROTOCOL_STATE] for PSI[2]
[2023-01-09 12:06:37.567] [nas] [debug] De-registration required due to [NORMAL]
[2023-01-09 12:06:37.579] [nas] [debug] Starting de-registration procedure due to [NORMAL]
[2023-01-09 12:06:37.579] [nas] [debug] Performing local release of PDU session[1]
[2023-01-09 12:06:37.579] [nas] [debug] Performing local release of PDU session[2]
[2023-01-09 12:06:37.579] [nas] [info] UE switches to state [MM-DEREGISTER-INITIATED]
[2023-01-09 12:06:37.613] [nas] [debug] De-registration accept received
[2023-01-09 12:06:37.613] [nas] [info] UE switches to state [MM-DEREGISTERED/PS]
[2023-01-09 12:06:37.613] [nas] [info] De-registration is successful
[2023-01-09 12:06:37.613] [nas] [info] UE switches to state [MM-DEREGISTERED/NORMAL-SERVICE]
[2023-01-09 12:06:37.613] [nas] [debug] Initial registration required due to [MM-DEREG-NORMAL-SERVICE]
[2023-01-09 12:06:37.613] [nas] [debug] Sending Initial Registration
[2023-01-09 12:06:37.613] [nas] [debug] Deleting NAS security context
[2023-01-09 12:06:37.613] [nas] [info] UE switches to state [MM-REGISTER-INITIATED]
[2023-01-09 12:06:37.615] [rrc] [debug] RRC Release received
[2023-01-09 12:06:37.615] [nas] [info] UE switches to state [CM-IDLE]
[2023-01-09 12:06:37.615] [nas] [info] UE switches to state [MM-DEREGISTERED/PS]
[2023-01-09 12:06:37.615] [nas] [info] UE switches to state [5U2-NOT-UPDATED]
[2023-01-09 12:06:37.615] [nas] [info] UE switches to state [MM-DEREGISTERED/ATTEMPTING-REGISTRATION]
[2023-01-09 12:06:48.269] [nas] [debug] NAS timer[3511] expired [1]
[2023-01-09 12:06:48.269] [nas] [debug] Initial registration required due to [T3511-EXPIRY-IN-ATT-REG]
[2023-01-09 12:06:48.272] [nas] [debug] UAC access attempt is allowed for identity[0], category[MO_sig]
[2023-01-09 12:06:48.272] [nas] [debug] Sending Initial Registration
[2023-01-09 12:06:48.272] [rrc] [debug] Sending RRC Setup Request
[2023-01-09 12:06:48.272] [nas] [info] UE switches to state [MM-REGISTER-INITIATED]
[2023-01-09 12:06:48.273] [rrc] [info] RRC connection established
[2023-01-09 12:06:48.273] [rrc] [info] UE switches to state [RRC-CONNECTED]
[2023-01-09 12:06:48.273] [nas] [info] UE switches to state [CM-CONNECTED]
[2023-01-09 12:06:48.473] [nas] [debug] Authentication Request received
[2023-01-09 12:06:48.517] [nas] [debug] Security Mode Command received
[2023-01-09 12:06:48.517] [nas] [debug] Selected integrity[2] ciphering[0]
[2023-01-09 12:06:48.562] [nas] [debug] Registration accept received
[2023-01-09 12:06:48.562] [nas] [info] UE switches to state [MM-REGISTERED/NORMAL-SERVICE]
[2023-01-09 12:06:48.562] [nas] [info] UE switches to state [5U1-UPDATED]
[2023-01-09 12:06:48.562] [nas] [debug] Sending Registration Complete
[2023-01-09 12:06:48.562] [nas] [info] Initial Registration is successful
[2023-01-09 12:06:48.562] [nas] [debug] Sending PDU Session Establishment Request
[2023-01-09 12:06:48.564] [nas] [debug] UAC access attempt is allowed for identity[0], category[MO_sig]
[2023-01-09 12:06:48.647] [nas] [debug] PDU Session Establishment Accept received
[2023-01-09 12:06:48.647] [nas] [info] PDU Session establishment is successful PSI[1]
[2023-01-09 12:06:48.812] [app] [info] Connection setup for PDU session[1] is successful, TUN interface[uesimtun1, 10.60.2.159] is up.
[2023-01-09 12:07:12.667] [nas] [debug] Sending PDU Session Release Request for PSI[1]
[2023-01-09 12:07:12.689] [nas] [error] PDU Session Release Reject received [REQUEST_REJECTED_UNSPECIFIED]
[2023-01-09 12:07:12.689] [nas] [error] PS release reject received without being requested
[2023-01-09 12:07:12.689] [nas] [warning] Sending SM Cause[MESSAGE_TYPE_NOT_COMPATIBLE_WITH_THE_PROTOCOL_STATE] for PSI[1]
[2023-01-09 12:07:25.734] [nas] [warning] PDU session release procedure could not start: PS[2] is not active already
[2023-01-09 12:07:39.791] [nas] [debug] Sending PDU Session Establishment Request
[2023-01-09 12:07:39.892] [nas] [error] No response from RRC from UAC checks, considering access attempt is barred
[2023-01-09 12:07:56.342] [nas] [warning] Retransmitting PDU Session Establishment Request due to T3580 expiry
[2023-01-09 12:07:56.344] [nas] [debug] UAC access attempt is allowed for identity[0], category[MO_sig]
[2023-01-09 12:07:56.402] [nas] [debug] PDU Session Establishment Accept received
[2023-01-09 12:07:56.402] [nas] [info] PDU Session establishment is successful PSI[2]
[2023-01-09 12:07:56.495] [app] [info] Connection setup for PDU session[2] is successful, TUN interface[uesimtun148, 10.60.3.82] is up.
[2023-01-09 12:08:10.977] [nas] [debug] Sending PDU Session Establishment Request
[2023-01-09 12:08:11.078] [nas] [error] No response from RRC from UAC checks, considering access attempt is barred
[2023-01-09 12:08:27.375] [nas] [warning] Retransmitting PDU Session Establishment Request due to T3580 expiry
[2023-01-09 12:08:27.376] [nas] [debug] UAC access attempt is allowed for identity[0], category[MO_sig]
[2023-01-09 12:08:27.410] [nas] [debug] PDU Session Establishment Accept received
[2023-01-09 12:08:27.410] [nas] [info] PDU Session establishment is successful PSI[3]
[2023-01-09 12:08:27.575] [app] [info] Connection setup for PDU session[3] is successful, TUN interface[uesimtun57, 10.60.3.156] is up.
[2023-01-09 12:08:38.131] [nas] [debug] Sending PDU Session Release Request for PSI[1]
[2023-01-09 12:08:38.131] [nas] [debug] Sending PDU Session Release Request for PSI[2]
[2023-01-09 12:08:38.131] [nas] [debug] Sending PDU Session Release Request for PSI[3]
[2023-01-09 12:08:38.267] [nas] [error] PDU Session Release Reject received [REQUEST_REJECTED_UNSPECIFIED]
[2023-01-09 12:08:38.267] [nas] [error] PS release reject received without being requested
[2023-01-09 12:08:38.267] [nas] [warning] Sending SM Cause[MESSAGE_TYPE_NOT_COMPATIBLE_WITH_THE_PROTOCOL_STATE] for PSI[1]
[2023-01-09 12:08:38.276] [nas] [error] PDU Session Release Reject received [REQUEST_REJECTED_UNSPECIFIED]
[2023-01-09 12:08:38.276] [nas] [error] PS release reject received without being requested
[2023-01-09 12:08:38.276] [nas] [warning] Sending SM Cause[MESSAGE_TYPE_NOT_COMPATIBLE_WITH_THE_PROTOCOL_STATE] for PSI[2]
[2023-01-09 12:08:38.285] [nas] [error] PDU Session Release Reject received [REQUEST_REJECTED_UNSPECIFIED]
[2023-01-09 12:08:38.285] [nas] [error] PS release reject received without being requested
[2023-01-09 12:08:38.285] [nas] [warning] Sending SM Cause[MESSAGE_TYPE_NOT_COMPATIBLE_WITH_THE_PROTOCOL_STATE] for PSI[3]
[2023-01-09 12:08:50.176] [nas] [debug] Sending PDU Session Release Request for PSI[1]
[2023-01-09 12:08:50.176] [nas] [debug] Sending PDU Session Release Request for PSI[2]
[2023-01-09 12:08:50.176] [nas] [debug] Sending PDU Session Release Request for PSI[3]
[2023-01-09 12:08:50.235] [nas] [error] PDU Session Release Reject received [REQUEST_REJECTED_UNSPECIFIED]
[2023-01-09 12:08:50.235] [nas] [error] PS release reject received without being requested
[2023-01-09 12:08:50.235] [nas] [warning] Sending SM Cause[MESSAGE_TYPE_NOT_COMPATIBLE_WITH_THE_PROTOCOL_STATE] for PSI[1]
[2023-01-09 12:08:50.238] [nas] [error] PDU Session Release Reject received [REQUEST_REJECTED_UNSPECIFIED]
[2023-01-09 12:08:50.238] [nas] [error] PS release reject received without being requested
[2023-01-09 12:08:50.238] [nas] [warning] Sending SM Cause[MESSAGE_TYPE_NOT_COMPATIBLE_WITH_THE_PROTOCOL_STATE] for PSI[2]
[2023-01-09 12:08:50.243] [nas] [error] PDU Session Release Reject received [REQUEST_REJECTED_UNSPECIFIED]
[2023-01-09 12:08:50.243] [nas] [error] PS release reject received without being requested
[2023-01-09 12:08:50.243] [nas] [warning] Sending SM Cause[MESSAGE_TYPE_NOT_COMPATIBLE_WITH_THE_PROTOCOL_STATE] for PSI[3]
[2023-01-09 12:09:01.219] [nas] [debug] Sending PDU Session Establishment Request
[2023-01-09 12:09:01.320] [nas] [error] No response from RRC from UAC checks, considering access attempt is barred
[2023-01-09 12:09:17.443] [nas] [warning] Retransmitting PDU Session Establishment Request due to T3580 expiry
[2023-01-09 12:09:17.445] [nas] [debug] UAC access attempt is allowed for identity[0], category[MO_sig]
[2023-01-09 12:09:27.382] [nas] [debug] De-registration required due to [NORMAL]
[2023-01-09 12:09:27.392] [nas] [debug] Starting de-registration procedure due to [NORMAL]
[2023-01-09 12:09:27.392] [nas] [debug] Performing local release of PDU session[1]
[2023-01-09 12:09:27.392] [nas] [debug] Performing local release of PDU session[2]
[2023-01-09 12:09:27.392] [nas] [debug] Performing local release of PDU session[3]
[2023-01-09 12:09:27.392] [nas] [info] UE switches to state [MM-DEREGISTER-INITIATED]
[2023-01-09 12:09:33.463] [nas] [warning] Retransmitting PDU Session Establishment Request due to T3580 expiry
[2023-01-09 12:09:33.463] [nas] [debug] UAC access attempt is allowed for identity[0], category[MO_sig]
[2023-01-09 12:09:42.473] [nas] [debug] NAS timer[3521] expired [1]
[2023-01-09 12:09:42.473] [nas] [debug] Retransmitting De-registration Request due to T3521 expiry
[2023-01-09 12:09:49.480] [nas] [warning] Retransmitting PDU Session Establishment Request due to T3580 expiry
[2023-01-09 12:09:49.480] [nas] [debug] UAC access attempt is allowed for identity[0], category[MO_sig]
[2023-01-09 12:09:57.488] [nas] [debug] NAS timer[3521] expired [2]
[2023-01-09 12:09:57.488] [nas] [debug] Retransmitting De-registration Request due to T3521 expiry
[2023-01-09 12:09:58.439] [nas] [debug] Sending PDU Session Establishment Request
[2023-01-09 12:09:58.541] [nas] [error] No response from RRC from UAC checks, considering access attempt is barred
