UERANSIM v3.2.6
[2023-01-09 12:02:45.955] [nas] [info] UE switches to state [MM-DEREGISTERED/PLMN-SEARCH]
[2023-01-09 12:02:45.958] [rrc] [debug] New signal detected for cell[1], total [1] cells in coverage
[2023-01-09 12:02:45.958] [nas] [info] Selected plmn[208/93]
[2023-01-09 12:02:45.958] [rrc] [info] Selected cell plmn[208/93] tac[1] category[SUITABLE]
[2023-01-09 12:02:45.958] [nas] [info] UE switches to state [MM-DEREGISTERED/PS]
[2023-01-09 12:02:45.958] [nas] [info] UE switches to state [MM-DEREGISTERED/NORMAL-SERVICE]
[2023-01-09 12:02:45.958] [nas] [debug] Initial registration required due to [MM-DEREG-NORMAL-SERVICE]
[2023-01-09 12:02:45.960] [nas] [debug] UAC access attempt is allowed for identity[0], category[MO_sig]
[2023-01-09 12:02:45.960] [nas] [debug] Sending Initial Registration
[2023-01-09 12:02:45.960] [nas] [info] UE switches to state [MM-REGISTER-INITIATED]
[2023-01-09 12:02:45.960] [rrc] [debug] Sending RRC Setup Request
[2023-01-09 12:02:45.961] [rrc] [info] RRC connection established
[2023-01-09 12:02:45.961] [rrc] [info] UE switches to state [RRC-CONNECTED]
[2023-01-09 12:02:45.961] [nas] [info] UE switches to state [CM-CONNECTED]
[2023-01-09 12:02:45.976] [nas] [debug] Authentication Request received
[2023-01-09 12:02:45.982] [nas] [debug] Security Mode Command received
[2023-01-09 12:02:45.982] [nas] [debug] Selected integrity[2] ciphering[0]
[2023-01-09 12:02:46.005] [nas] [debug] Registration accept received
[2023-01-09 12:02:46.005] [nas] [info] UE switches to state [MM-REGISTERED/NORMAL-SERVICE]
[2023-01-09 12:02:46.005] [nas] [debug] Sending Registration Complete
[2023-01-09 12:02:46.005] [nas] [info] Initial Registration is successful
[2023-01-09 12:02:46.005] [nas] [debug] Sending PDU Session Establishment Request
[2023-01-09 12:02:46.007] [nas] [debug] UAC access attempt is allowed for identity[0], category[MO_sig]
[2023-01-09 12:02:46.237] [nas] [debug] PDU Session Establishment Accept received
[2023-01-09 12:02:46.237] [nas] [info] PDU Session establishment is successful PSI[1]
[2023-01-09 12:02:46.260] [app] [info] Connection setup for PDU session[1] is successful, TUN interface[uesimtun34, 10.60.0.35] is up.
[2023-01-09 12:03:55.006] [nas] [debug] De-registration required due to [NORMAL]
[2023-01-09 12:03:55.015] [nas] [debug] Starting de-registration procedure due to [NORMAL]
[2023-01-09 12:03:55.015] [nas] [debug] Performing local release of PDU session[1]
[2023-01-09 12:03:55.015] [nas] [info] UE switches to state [MM-DEREGISTER-INITIATED]
[2023-01-09 12:03:55.274] [rrc] [debug] RRC Release received
[2023-01-09 12:03:55.274] [nas] [debug] De-registration accept received
[2023-01-09 12:03:55.274] [nas] [info] UE switches to state [MM-DEREGISTERED/PS]
[2023-01-09 12:03:55.274] [nas] [info] De-registration is successful
[2023-01-09 12:03:55.274] [nas] [info] UE switches to state [CM-IDLE]
[2023-01-09 12:03:55.274] [nas] [info] UE switches to state [MM-DEREGISTERED/NORMAL-SERVICE]
[2023-01-09 12:03:55.274] [nas] [debug] Initial registration required due to [MM-DEREG-NORMAL-SERVICE]
[2023-01-09 12:03:55.278] [nas] [debug] UAC access attempt is allowed for identity[0], category[MO_sig]
[2023-01-09 12:03:55.278] [nas] [debug] Sending Initial Registration
[2023-01-09 12:03:55.278] [nas] [debug] Deleting NAS security context
[2023-01-09 12:03:55.278] [nas] [info] UE switches to state [MM-REGISTER-INITIATED]
[2023-01-09 12:03:55.278] [rrc] [debug] Sending RRC Setup Request
[2023-01-09 12:03:55.283] [rrc] [info] RRC connection established
[2023-01-09 12:03:55.283] [rrc] [info] UE switches to state [RRC-CONNECTED]
[2023-01-09 12:03:55.284] [nas] [info] UE switches to state [CM-CONNECTED]
[2023-01-09 12:03:55.716] [nas] [debug] Authentication Request received
[2023-01-09 12:03:55.788] [nas] [debug] Security Mode Command received
[2023-01-09 12:03:55.788] [nas] [debug] Selected integrity[2] ciphering[0]
[2023-01-09 12:03:56.018] [nas] [debug] Registration accept received
[2023-01-09 12:03:56.018] [nas] [info] UE switches to state [MM-REGISTERED/NORMAL-SERVICE]
[2023-01-09 12:03:56.018] [nas] [debug] Sending Registration Complete
[2023-01-09 12:03:56.018] [nas] [info] Initial Registration is successful
[2023-01-09 12:03:56.018] [nas] [debug] Sending PDU Session Establishment Request
[2023-01-09 12:03:56.020] [nas] [debug] UAC access attempt is allowed for identity[0], category[MO_sig]
[2023-01-09 12:03:56.315] [nas] [debug] PDU Session Establishment Accept received
[2023-01-09 12:03:56.315] [nas] [info] PDU Session establishment is successful PSI[1]
[2023-01-09 12:03:56.458] [app] [info] Connection setup for PDU session[1] is successful, TUN interface[uesimtun89, 10.60.0.150] is up.
[2023-01-09 12:04:21.104] [nas] [debug] Sending PDU Session Release Request for PSI[1]
[2023-01-09 12:04:21.354] [nas] [debug] PDU Session Release Command received
[2023-01-09 12:04:21.354] [nas] [debug] Performing local release of PDU session[1]
[2023-01-09 12:04:21.753] [nas] [debug] Sending PDU Session Establishment Request
[2023-01-09 12:04:21.755] [nas] [debug] UAC access attempt is allowed for identity[0], category[MO_sig]
[2023-01-09 12:04:21.841] [nas] [debug] PDU Session Establishment Accept received
[2023-01-09 12:04:21.841] [nas] [info] PDU Session establishment is successful PSI[1]
[2023-01-09 12:04:21.915] [app] [info] Connection setup for PDU session[1] is successful, TUN interface[uesimtun14, 10.60.0.245] is up.
[2023-01-09 12:04:28.202] [nas] [debug] Sending PDU Session Release Request for PSI[1]
[2023-01-09 12:04:28.306] [nas] [debug] PDU Session Release Command received
[2023-01-09 12:04:28.306] [nas] [debug] Performing local release of PDU session[1]
[2023-01-09 12:04:28.360] [nas] [debug] Sending PDU Session Establishment Request
[2023-01-09 12:04:28.362] [nas] [debug] UAC access attempt is allowed for identity[0], category[MO_sig]
[2023-01-09 12:04:28.430] [nas] [debug] PDU Session Establishment Accept received
[2023-01-09 12:04:28.430] [nas] [info] PDU Session establishment is successful PSI[1]
[2023-01-09 12:04:28.481] [app] [info] Connection setup for PDU session[1] is successful, TUN interface[uesimtun14, 10.60.1.10] is up.
[2023-01-09 12:04:37.270] [nas] [debug] Sending PDU Session Release Request for PSI[1]
[2023-01-09 12:04:37.390] [nas] [debug] PDU Session Release Command received
[2023-01-09 12:04:37.390] [nas] [debug] Performing local release of PDU session[1]
[2023-01-09 12:04:38.274] [nas] [debug] Sending PDU Session Establishment Request
[2023-01-09 12:04:38.276] [nas] [debug] UAC access attempt is allowed for identity[0], category[MO_sig]
[2023-01-09 12:04:38.334] [nas] [debug] PDU Session Establishment Accept received
[2023-01-09 12:04:38.334] [nas] [info] PDU Session establishment is successful PSI[1]
[2023-01-09 12:04:38.445] [app] [info] Connection setup for PDU session[1] is successful, TUN interface[uesimtun14, 10.60.1.44] is up.
[2023-01-09 12:04:50.364] [nas] [debug] Sending PDU Session Release Request for PSI[1]
[2023-01-09 12:04:50.442] [nas] [debug] PDU Session Release Command received
[2023-01-09 12:04:50.442] [nas] [debug] Performing local release of PDU session[1]
[2023-01-09 12:04:51.490] [nas] [debug] Sending PDU Session Establishment Request
[2023-01-09 12:04:51.498] [nas] [debug] UAC access attempt is allowed for identity[0], category[MO_sig]
[2023-01-09 12:04:51.721] [nas] [debug] PDU Session Establishment Accept received
[2023-01-09 12:04:51.721] [nas] [info] PDU Session establishment is successful PSI[1]
[2023-01-09 12:04:51.779] [app] [info] Connection setup for PDU session[1] is successful, TUN interface[uesimtun49, 10.60.1.96] is up.
[2023-01-09 12:04:58.511] [nas] [debug] Sending PDU Session Release Request for PSI[1]
[2023-01-09 12:04:58.566] [nas] [debug] PDU Session Release Command received
[2023-01-09 12:04:58.566] [nas] [debug] Performing local release of PDU session[1]
[2023-01-09 12:04:59.199] [nas] [debug] Sending PDU Session Establishment Request
[2023-01-09 12:04:59.199] [nas] [debug] UAC access attempt is allowed for identity[0], category[MO_sig]
[2023-01-09 12:04:59.432] [nas] [debug] PDU Session Establishment Accept received
[2023-01-09 12:04:59.432] [nas] [info] PDU Session establishment is successful PSI[1]
[2023-01-09 12:04:59.748] [app] [info] Connection setup for PDU session[1] is successful, TUN interface[uesimtun34, 10.60.1.114] is up.
[2023-01-09 12:05:04.544] [nas] [debug] De-registration required due to [NORMAL]
[2023-01-09 12:05:04.553] [nas] [debug] Starting de-registration procedure due to [NORMAL]
[2023-01-09 12:05:04.554] [nas] [debug] Performing local release of PDU session[1]
[2023-01-09 12:05:04.554] [nas] [info] UE switches to state [MM-DEREGISTER-INITIATED]
[2023-01-09 12:05:04.561] [rrc] [debug] RRC Release received
[2023-01-09 12:05:04.565] [nas] [debug] De-registration accept received
[2023-01-09 12:05:04.565] [nas] [info] UE switches to state [MM-DEREGISTERED/PS]
[2023-01-09 12:05:04.565] [nas] [info] De-registration is successful
[2023-01-09 12:05:04.565] [nas] [info] UE switches to state [CM-IDLE]
[2023-01-09 12:05:04.565] [nas] [info] UE switches to state [MM-DEREGISTERED/NORMAL-SERVICE]
[2023-01-09 12:05:04.565] [nas] [debug] Initial registration required due to [MM-DEREG-NORMAL-SERVICE]
[2023-01-09 12:05:04.565] [nas] [debug] UAC access attempt is allowed for identity[0], category[MO_sig]
[2023-01-09 12:05:04.565] [nas] [debug] Sending Initial Registration
[2023-01-09 12:05:04.565] [nas] [debug] Deleting NAS security context
[2023-01-09 12:05:04.565] [nas] [info] UE switches to state [MM-REGISTER-INITIATED]
[2023-01-09 12:05:04.565] [rrc] [debug] Sending RRC Setup Request
[2023-01-09 12:05:04.565] [rrc] [info] RRC connection established
[2023-01-09 12:05:04.565] [rrc] [info] UE switches to state [RRC-CONNECTED]
[2023-01-09 12:05:04.565] [nas] [info] UE switches to state [CM-CONNECTED]
[2023-01-09 12:05:04.655] [nas] [debug] Authentication Request received
[2023-01-09 12:05:04.668] [nas] [debug] Security Mode Command received
[2023-01-09 12:05:04.668] [nas] [debug] Selected integrity[2] ciphering[0]
[2023-01-09 12:05:04.702] [nas] [debug] Registration accept received
[2023-01-09 12:05:04.702] [nas] [info] UE switches to state [MM-REGISTERED/NORMAL-SERVICE]
[2023-01-09 12:05:04.702] [nas] [debug] Sending Registration Complete
[2023-01-09 12:05:04.702] [nas] [info] Initial Registration is successful
[2023-01-09 12:05:04.702] [nas] [debug] Sending PDU Session Establishment Request
[2023-01-09 12:05:04.703] [nas] [debug] UAC access attempt is allowed for identity[0], category[MO_sig]
[2023-01-09 12:05:04.945] [nas] [debug] PDU Session Establishment Accept received
[2023-01-09 12:05:04.945] [nas] [info] PDU Session establishment is successful PSI[1]
[2023-01-09 12:05:05.014] [app] [info] Connection setup for PDU session[1] is successful, TUN interface[uesimtun21, 10.60.1.132] is up.
[2023-01-09 12:05:39.704] [nas] [debug] Sending PDU Session Release Request for PSI[1]
[2023-01-09 12:05:39.739] [nas] [error] PDU Session Release Reject received [REQUEST_REJECTED_UNSPECIFIED]
[2023-01-09 12:05:39.739] [nas] [error] PS release reject received without being requested
[2023-01-09 12:05:39.739] [nas] [warning] Sending SM Cause[MESSAGE_TYPE_NOT_COMPATIBLE_WITH_THE_PROTOCOL_STATE] for PSI[1]
[2023-01-09 12:05:48.749] [nas] [warning] PDU session release procedure could not start: PS[2] is not active already
[2023-01-09 12:05:58.793] [nas] [warning] PDU session release procedure could not start: PS[2] is not active already
[2023-01-09 12:06:11.837] [nas] [debug] Sending PDU Session Release Request for PSI[1]
[2023-01-09 12:06:11.939] [nas] [error] PDU Session Release Reject received [REQUEST_REJECTED_UNSPECIFIED]
[2023-01-09 12:06:11.939] [nas] [error] PS release reject received without being requested
[2023-01-09 12:06:11.939] [nas] [warning] Sending SM Cause[MESSAGE_TYPE_NOT_COMPATIBLE_WITH_THE_PROTOCOL_STATE] for PSI[1]
[2023-01-09 12:06:25.877] [nas] [debug] De-registration required due to [NORMAL]
[2023-01-09 12:06:25.887] [nas] [debug] Starting de-registration procedure due to [NORMAL]
[2023-01-09 12:06:25.887] [nas] [debug] Performing local release of PDU session[1]
[2023-01-09 12:06:25.887] [nas] [info] UE switches to state [MM-DEREGISTER-INITIATED]
[2023-01-09 12:06:26.042] [nas] [debug] De-registration accept received
[2023-01-09 12:06:26.042] [nas] [info] UE switches to state [MM-DEREGISTERED/PS]
[2023-01-09 12:06:26.042] [nas] [info] De-registration is successful
[2023-01-09 12:06:26.042] [nas] [info] UE switches to state [MM-DEREGISTERED/NORMAL-SERVICE]
[2023-01-09 12:06:26.042] [nas] [debug] Initial registration required due to [MM-DEREG-NORMAL-SERVICE]
[2023-01-09 12:06:26.042] [nas] [debug] Sending Initial Registration
[2023-01-09 12:06:26.042] [nas] [debug] Deleting NAS security context
[2023-01-09 12:06:26.042] [nas] [info] UE switches to state [MM-REGISTER-INITIATED]
[2023-01-09 12:06:26.043] [rrc] [debug] RRC Release received
[2023-01-09 12:06:26.043] [nas] [info] UE switches to state [CM-IDLE]
[2023-01-09 12:06:26.043] [nas] [info] UE switches to state [MM-DEREGISTERED/PS]
[2023-01-09 12:06:26.043] [nas] [info] UE switches to state [5U2-NOT-UPDATED]
[2023-01-09 12:06:26.043] [nas] [info] UE switches to state [MM-DEREGISTERED/ATTEMPTING-REGISTRATION]
[2023-01-09 12:06:36.221] [nas] [debug] NAS timer[3511] expired [1]
[2023-01-09 12:06:36.221] [nas] [debug] Initial registration required due to [T3511-EXPIRY-IN-ATT-REG]
[2023-01-09 12:06:36.224] [nas] [debug] UAC access attempt is allowed for identity[0], category[MO_sig]
[2023-01-09 12:06:36.224] [nas] [debug] Sending Initial Registration
[2023-01-09 12:06:36.224] [rrc] [debug] Sending RRC Setup Request
[2023-01-09 12:06:36.224] [nas] [info] UE switches to state [MM-REGISTER-INITIATED]
[2023-01-09 12:06:36.225] [rrc] [info] RRC connection established
[2023-01-09 12:06:36.225] [rrc] [info] UE switches to state [RRC-CONNECTED]
[2023-01-09 12:06:36.225] [nas] [info] UE switches to state [CM-CONNECTED]
[2023-01-09 12:06:36.315] [nas] [debug] Authentication Request received
[2023-01-09 12:06:36.329] [nas] [debug] Security Mode Command received
[2023-01-09 12:06:36.329] [nas] [debug] Selected integrity[2] ciphering[0]
[2023-01-09 12:06:36.369] [nas] [debug] Registration accept received
[2023-01-09 12:06:36.369] [nas] [info] UE switches to state [MM-REGISTERED/NORMAL-SERVICE]
[2023-01-09 12:06:36.369] [nas] [info] UE switches to state [5U1-UPDATED]
[2023-01-09 12:06:36.369] [nas] [debug] Sending Registration Complete
[2023-01-09 12:06:36.369] [nas] [info] Initial Registration is successful
[2023-01-09 12:06:36.369] [nas] [debug] Sending PDU Session Establishment Request
[2023-01-09 12:06:36.373] [nas] [debug] UAC access attempt is allowed for identity[0], category[MO_sig]
[2023-01-09 12:06:36.425] [nas] [debug] PDU Session Establishment Accept received
[2023-01-09 12:06:36.425] [nas] [info] PDU Session establishment is successful PSI[1]
[2023-01-09 12:06:36.519] [app] [info] Connection setup for PDU session[1] is successful, TUN interface[uesimtun57, 10.60.2.134] is up.
[2023-01-09 12:06:53.933] [nas] [debug] Sending PDU Session Release Request for PSI[1]
[2023-01-09 12:06:53.951] [nas] [error] PDU Session Release Reject received [REQUEST_REJECTED_UNSPECIFIED]
[2023-01-09 12:06:53.951] [nas] [error] PS release reject received without being requested
[2023-01-09 12:06:53.951] [nas] [warning] Sending SM Cause[MESSAGE_TYPE_NOT_COMPATIBLE_WITH_THE_PROTOCOL_STATE] for PSI[1]
[2023-01-09 12:07:05.974] [nas] [debug] Sending PDU Session Release Request for PSI[1]
[2023-01-09 12:07:05.990] [nas] [error] PDU Session Release Reject received [REQUEST_REJECTED_UNSPECIFIED]
[2023-01-09 12:07:05.990] [nas] [error] PS release reject received without being requested
[2023-01-09 12:07:05.990] [nas] [warning] Sending SM Cause[MESSAGE_TYPE_NOT_COMPATIBLE_WITH_THE_PROTOCOL_STATE] for PSI[1]
[2023-01-09 12:07:17.011] [nas] [debug] Sending PDU Session Release Request for PSI[1]
[2023-01-09 12:07:17.222] [nas] [error] PDU Session Release Reject received [REQUEST_REJECTED_UNSPECIFIED]
[2023-01-09 12:07:17.222] [nas] [error] PS release reject received without being requested
[2023-01-09 12:07:17.222] [nas] [warning] Sending SM Cause[MESSAGE_TYPE_NOT_COMPATIBLE_WITH_THE_PROTOCOL_STATE] for PSI[1]
[2023-01-09 12:07:32.073] [nas] [debug] Sending PDU Session Establishment Request
[2023-01-09 12:07:32.174] [nas] [error] No response from RRC from UAC checks, considering access attempt is barred
[2023-01-09 12:07:48.297] [nas] [warning] Retransmitting PDU Session Establishment Request due to T3580 expiry
[2023-01-09 12:07:48.300] [nas] [debug] UAC access attempt is allowed for identity[0], category[MO_sig]
[2023-01-09 12:07:48.355] [nas] [debug] PDU Session Establishment Accept received
[2023-01-09 12:07:48.355] [nas] [info] PDU Session establishment is successful PSI[2]
[2023-01-09 12:07:48.514] [app] [info] Connection setup for PDU session[2] is successful, TUN interface[uesimtun93, 10.60.3.63] is up.
[2023-01-09 12:08:04.230] [nas] [debug] Sending PDU Session Release Request for PSI[1]
[2023-01-09 12:08:04.230] [nas] [debug] Sending PDU Session Release Request for PSI[2]
[2023-01-09 12:08:04.406] [nas] [error] PDU Session Release Reject received [REQUEST_REJECTED_UNSPECIFIED]
[2023-01-09 12:08:04.406] [nas] [error] PS release reject received without being requested
[2023-01-09 12:08:04.406] [nas] [warning] Sending SM Cause[MESSAGE_TYPE_NOT_COMPATIBLE_WITH_THE_PROTOCOL_STATE] for PSI[1]
[2023-01-09 12:08:04.411] [nas] [error] PDU Session Release Reject received [REQUEST_REJECTED_UNSPECIFIED]
[2023-01-09 12:08:04.411] [nas] [error] PS release reject received without being requested
[2023-01-09 12:08:04.411] [nas] [warning] Sending SM Cause[MESSAGE_TYPE_NOT_COMPATIBLE_WITH_THE_PROTOCOL_STATE] for PSI[2]
[2023-01-09 12:08:17.291] [nas] [debug] Sending PDU Session Release Request for PSI[1]
[2023-01-09 12:08:17.307] [nas] [error] PDU Session Release Reject received [REQUEST_REJECTED_UNSPECIFIED]
[2023-01-09 12:08:17.307] [nas] [error] PS release reject received without being requested
[2023-01-09 12:08:17.307] [nas] [warning] Sending SM Cause[MESSAGE_TYPE_NOT_COMPATIBLE_WITH_THE_PROTOCOL_STATE] for PSI[1]
[2023-01-09 12:08:25.350] [nas] [debug] De-registration required due to [NORMAL]
[2023-01-09 12:08:25.360] [nas] [debug] Starting de-registration procedure due to [NORMAL]
[2023-01-09 12:08:25.360] [nas] [debug] Performing local release of PDU session[1]
[2023-01-09 12:08:25.360] [nas] [debug] Performing local release of PDU session[2]
[2023-01-09 12:08:25.360] [nas] [info] UE switches to state [MM-DEREGISTER-INITIATED]
[2023-01-09 12:08:25.474] [nas] [debug] De-registration accept received
[2023-01-09 12:08:25.474] [nas] [info] UE switches to state [MM-DEREGISTERED/PS]
[2023-01-09 12:08:25.474] [nas] [info] De-registration is successful
[2023-01-09 12:08:25.474] [nas] [info] UE switches to state [MM-DEREGISTERED/NORMAL-SERVICE]
[2023-01-09 12:08:25.474] [nas] [debug] Initial registration required due to [MM-DEREG-NORMAL-SERVICE]
[2023-01-09 12:08:25.474] [nas] [debug] Sending Initial Registration
[2023-01-09 12:08:25.474] [nas] [debug] Deleting NAS security context
[2023-01-09 12:08:25.474] [nas] [info] UE switches to state [MM-REGISTER-INITIATED]
[2023-01-09 12:08:25.478] [rrc] [debug] RRC Release received
[2023-01-09 12:08:25.478] [nas] [info] UE switches to state [CM-IDLE]
[2023-01-09 12:08:25.478] [nas] [info] UE switches to state [MM-DEREGISTERED/PS]
[2023-01-09 12:08:25.478] [nas] [info] UE switches to state [5U2-NOT-UPDATED]
[2023-01-09 12:08:25.478] [nas] [info] UE switches to state [MM-DEREGISTERED/ATTEMPTING-REGISTRATION]
[2023-01-09 12:08:36.347] [nas] [debug] NAS timer[3511] expired [1]
[2023-01-09 12:08:36.347] [nas] [debug] Initial registration required due to [T3511-EXPIRY-IN-ATT-REG]
[2023-01-09 12:08:36.349] [nas] [debug] UAC access attempt is allowed for identity[0], category[MO_sig]
[2023-01-09 12:08:36.349] [nas] [debug] Sending Initial Registration
[2023-01-09 12:08:36.350] [rrc] [debug] Sending RRC Setup Request
[2023-01-09 12:08:36.350] [nas] [info] UE switches to state [MM-REGISTER-INITIATED]
[2023-01-09 12:08:36.350] [rrc] [info] RRC connection established
[2023-01-09 12:08:36.350] [rrc] [info] UE switches to state [RRC-CONNECTED]
[2023-01-09 12:08:36.350] [nas] [info] UE switches to state [CM-CONNECTED]
[2023-01-09 12:08:36.372] [nas] [debug] Authentication Request received
[2023-01-09 12:08:36.378] [nas] [debug] Security Mode Command received
[2023-01-09 12:08:36.378] [nas] [debug] Selected integrity[2] ciphering[0]
[2023-01-09 12:08:36.414] [nas] [debug] Registration accept received
[2023-01-09 12:08:36.414] [nas] [info] UE switches to state [MM-REGISTERED/NORMAL-SERVICE]
[2023-01-09 12:08:36.414] [nas] [info] UE switches to state [5U1-UPDATED]
[2023-01-09 12:08:36.414] [nas] [debug] Sending Registration Complete
[2023-01-09 12:08:36.414] [nas] [info] Initial Registration is successful
[2023-01-09 12:08:36.414] [nas] [debug] Sending PDU Session Establishment Request
[2023-01-09 12:08:36.416] [nas] [debug] UAC access attempt is allowed for identity[0], category[MO_sig]
[2023-01-09 12:08:36.712] [nas] [debug] PDU Session Establishment Accept received
[2023-01-09 12:08:36.712] [nas] [info] PDU Session establishment is successful PSI[1]
[2023-01-09 12:08:36.873] [app] [info] Connection setup for PDU session[1] is successful, TUN interface[uesimtun19, 10.60.3.185] is up.
[2023-01-09 12:09:00.426] [nas] [debug] Sending PDU Session Establishment Request
[2023-01-09 12:09:00.527] [nas] [error] No response from RRC from UAC checks, considering access attempt is barred
[2023-01-09 12:09:17.397] [nas] [warning] Retransmitting PDU Session Establishment Request due to T3580 expiry
[2023-01-09 12:09:17.400] [nas] [debug] UAC access attempt is allowed for identity[0], category[MO_sig]
[2023-01-09 12:09:33.415] [nas] [warning] Retransmitting PDU Session Establishment Request due to T3580 expiry
[2023-01-09 12:09:33.417] [nas] [debug] UAC access attempt is allowed for identity[0], category[MO_sig]
[2023-01-09 12:09:35.588] [nas] [debug] Sending PDU Session Release Request for PSI[1]
[2023-01-09 12:09:47.624] [nas] [debug] De-registration required due to [NORMAL]
[2023-01-09 12:09:47.633] [nas] [debug] Starting de-registration procedure due to [NORMAL]
[2023-01-09 12:09:47.633] [nas] [debug] Performing local release of PDU session[1]
[2023-01-09 12:09:47.633] [nas] [info] UE switches to state [MM-DEREGISTER-INITIATED]
[2023-01-09 12:09:49.435] [nas] [warning] Retransmitting PDU Session Establishment Request due to T3580 expiry
[2023-01-09 12:09:49.435] [nas] [debug] UAC access attempt is allowed for identity[0], category[MO_sig]
[2023-01-09 12:09:52.438] [nas] [warning] Retransmitting PDU Session Release Request due to T3582 expiry
[2023-01-09 12:10:03.455] [nas] [debug] NAS timer[3521] expired [1]
[2023-01-09 12:10:03.455] [nas] [debug] Retransmitting De-registration Request due to T3521 expiry
