UERANSIM v3.2.6
[2023-01-09 12:03:47.057] [nas] [info] UE switches to state [MM-DEREGISTERED/PLMN-SEARCH]
[2023-01-09 12:03:47.063] [rrc] [debug] New signal detected for cell[1], total [1] cells in coverage
[2023-01-09 12:03:47.063] [nas] [info] Selected plmn[208/93]
[2023-01-09 12:03:47.063] [rrc] [info] Selected cell plmn[208/93] tac[1] category[SUITABLE]
[2023-01-09 12:03:47.063] [nas] [info] UE switches to state [MM-DEREGISTERED/PS]
[2023-01-09 12:03:47.063] [nas] [info] UE switches to state [MM-DEREGISTERED/NORMAL-SERVICE]
[2023-01-09 12:03:47.063] [nas] [debug] Initial registration required due to [MM-DEREG-NORMAL-SERVICE]
[2023-01-09 12:03:47.063] [nas] [debug] UAC access attempt is allowed for identity[0], category[MO_sig]
[2023-01-09 12:03:47.063] [nas] [debug] Sending Initial Registration
[2023-01-09 12:03:47.063] [nas] [info] UE switches to state [MM-REGISTER-INITIATED]
[2023-01-09 12:03:47.063] [rrc] [debug] Sending RRC Setup Request
[2023-01-09 12:03:47.064] [rrc] [info] RRC connection established
[2023-01-09 12:03:47.064] [rrc] [info] UE switches to state [RRC-CONNECTED]
[2023-01-09 12:03:47.064] [nas] [info] UE switches to state [CM-CONNECTED]
[2023-01-09 12:03:47.082] [nas] [debug] Authentication Request received
[2023-01-09 12:03:47.089] [nas] [debug] Security Mode Command received
[2023-01-09 12:03:47.089] [nas] [debug] Selected integrity[2] ciphering[0]
[2023-01-09 12:03:47.113] [nas] [debug] Registration accept received
[2023-01-09 12:03:47.113] [nas] [info] UE switches to state [MM-REGISTERED/NORMAL-SERVICE]
[2023-01-09 12:03:47.113] [nas] [debug] Sending Registration Complete
[2023-01-09 12:03:47.113] [nas] [info] Initial Registration is successful
[2023-01-09 12:03:47.113] [nas] [debug] Sending PDU Session Establishment Request
[2023-01-09 12:03:47.113] [nas] [debug] UAC access attempt is allowed for identity[0], category[MO_sig]
[2023-01-09 12:03:47.350] [nas] [debug] PDU Session Establishment Accept received
[2023-01-09 12:03:47.350] [nas] [info] PDU Session establishment is successful PSI[1]
[2023-01-09 12:03:47.369] [app] [info] Connection setup for PDU session[1] is successful, TUN interface[uesimtun95, 10.60.0.96] is up.
[2023-01-09 12:03:52.333] [nas] [debug] De-registration required due to [NORMAL]
[2023-01-09 12:03:52.343] [nas] [debug] Starting de-registration procedure due to [NORMAL]
[2023-01-09 12:03:52.343] [nas] [debug] Performing local release of PDU session[1]
[2023-01-09 12:03:52.343] [nas] [info] UE switches to state [MM-DEREGISTER-INITIATED]
[2023-01-09 12:03:52.475] [nas] [debug] De-registration accept received
[2023-01-09 12:03:52.476] [nas] [info] UE switches to state [MM-DEREGISTERED/PS]
[2023-01-09 12:03:52.476] [nas] [info] De-registration is successful
[2023-01-09 12:03:52.476] [nas] [info] UE switches to state [MM-DEREGISTERED/NORMAL-SERVICE]
[2023-01-09 12:03:52.476] [nas] [debug] Initial registration required due to [MM-DEREG-NORMAL-SERVICE]
[2023-01-09 12:03:52.476] [nas] [debug] Sending Initial Registration
[2023-01-09 12:03:52.476] [nas] [debug] Deleting NAS security context
[2023-01-09 12:03:52.476] [nas] [info] UE switches to state [MM-REGISTER-INITIATED]
[2023-01-09 12:03:52.508] [rrc] [debug] RRC Release received
[2023-01-09 12:03:52.508] [nas] [info] UE switches to state [CM-IDLE]
[2023-01-09 12:03:52.508] [nas] [info] UE switches to state [MM-DEREGISTERED/PS]
[2023-01-09 12:03:52.508] [nas] [info] UE switches to state [5U2-NOT-UPDATED]
[2023-01-09 12:03:52.508] [nas] [info] UE switches to state [MM-DEREGISTERED/ATTEMPTING-REGISTRATION]
[2023-01-09 12:04:03.075] [nas] [debug] NAS timer[3511] expired [1]
[2023-01-09 12:04:03.075] [nas] [debug] Initial registration required due to [T3511-EXPIRY-IN-ATT-REG]
[2023-01-09 12:04:03.077] [nas] [debug] UAC access attempt is allowed for identity[0], category[MO_sig]
[2023-01-09 12:04:03.077] [nas] [debug] Sending Initial Registration
[2023-01-09 12:04:03.077] [rrc] [debug] Sending RRC Setup Request
[2023-01-09 12:04:03.078] [nas] [info] UE switches to state [MM-REGISTER-INITIATED]
[2023-01-09 12:04:03.078] [rrc] [info] RRC connection established
[2023-01-09 12:04:03.078] [rrc] [info] UE switches to state [RRC-CONNECTED]
[2023-01-09 12:04:03.078] [nas] [info] UE switches to state [CM-CONNECTED]
[2023-01-09 12:04:03.095] [nas] [debug] Authentication Request received
[2023-01-09 12:04:03.102] [nas] [debug] Security Mode Command received
[2023-01-09 12:04:03.102] [nas] [debug] Selected integrity[2] ciphering[0]
[2023-01-09 12:04:03.126] [nas] [debug] Registration accept received
[2023-01-09 12:04:03.126] [nas] [info] UE switches to state [MM-REGISTERED/NORMAL-SERVICE]
[2023-01-09 12:04:03.126] [nas] [info] UE switches to state [5U1-UPDATED]
[2023-01-09 12:04:03.126] [nas] [debug] Sending Registration Complete
[2023-01-09 12:04:03.126] [nas] [info] Initial Registration is successful
[2023-01-09 12:04:03.126] [nas] [debug] Sending PDU Session Establishment Request
[2023-01-09 12:04:03.127] [nas] [debug] UAC access attempt is allowed for identity[0], category[MO_sig]
[2023-01-09 12:04:03.371] [nas] [debug] PDU Session Establishment Accept received
[2023-01-09 12:04:03.371] [nas] [info] PDU Session establishment is successful PSI[1]
[2023-01-09 12:04:03.393] [app] [info] Connection setup for PDU session[1] is successful, TUN interface[uesimtun7, 10.60.0.158] is up.
[2023-01-09 12:04:27.434] [nas] [debug] Sending PDU Session Establishment Request
[2023-01-09 12:04:27.535] [nas] [error] No response from RRC from UAC checks, considering access attempt is barred
[2023-01-09 12:04:44.134] [nas] [warning] Retransmitting PDU Session Establishment Request due to T3580 expiry
[2023-01-09 12:04:44.139] [nas] [debug] UAC access attempt is allowed for identity[0], category[MO_sig]
[2023-01-09 12:04:44.356] [nas] [debug] PDU Session Establishment Accept received
[2023-01-09 12:04:44.357] [nas] [info] PDU Session establishment is successful PSI[2]
[2023-01-09 12:04:44.419] [app] [info] Connection setup for PDU session[2] is successful, TUN interface[uesimtun39, 10.60.1.73] is up.
[2023-01-09 12:04:53.626] [nas] [debug] Sending PDU Session Release Request for PSI[2]
[2023-01-09 12:04:53.680] [nas] [error] PDU Session Release Reject received [REQUEST_REJECTED_UNSPECIFIED]
[2023-01-09 12:04:53.680] [nas] [error] PS release reject received without being requested
[2023-01-09 12:04:53.680] [nas] [warning] Sending SM Cause[MESSAGE_TYPE_NOT_COMPATIBLE_WITH_THE_PROTOCOL_STATE] for PSI[2]
[2023-01-09 12:05:05.657] [nas] [debug] Sending PDU Session Release Request for PSI[1]
[2023-01-09 12:05:05.657] [nas] [debug] Sending PDU Session Release Request for PSI[2]
[2023-01-09 12:05:05.674] [nas] [error] PDU Session Release Reject received [REQUEST_REJECTED_UNSPECIFIED]
[2023-01-09 12:05:05.674] [nas] [error] PS release reject received without being requested
[2023-01-09 12:05:05.674] [nas] [warning] Sending SM Cause[MESSAGE_TYPE_NOT_COMPATIBLE_WITH_THE_PROTOCOL_STATE] for PSI[1]
[2023-01-09 12:05:05.680] [nas] [error] PDU Session Release Reject received [REQUEST_REJECTED_UNSPECIFIED]
[2023-01-09 12:05:05.680] [nas] [error] PS release reject received without being requested
[2023-01-09 12:05:05.680] [nas] [warning] Sending SM Cause[MESSAGE_TYPE_NOT_COMPATIBLE_WITH_THE_PROTOCOL_STATE] for PSI[2]
[2023-01-09 12:05:20.702] [nas] [debug] Sending PDU Session Establishment Request
[2023-01-09 12:05:20.803] [nas] [error] No response from RRC from UAC checks, considering access attempt is barred
[2023-01-09 12:05:37.206] [nas] [warning] Retransmitting PDU Session Establishment Request due to T3580 expiry
[2023-01-09 12:05:37.208] [nas] [debug] UAC access attempt is allowed for identity[0], category[MO_sig]
[2023-01-09 12:05:37.368] [nas] [debug] PDU Session Establishment Accept received
[2023-01-09 12:05:37.368] [nas] [info] PDU Session establishment is successful PSI[3]
[2023-01-09 12:05:37.494] [app] [info] Connection setup for PDU session[3] is successful, TUN interface[uesimtun16, 10.60.1.228] is up.
[2023-01-09 12:05:45.896] [nas] [debug] Sending PDU Session Release Request for PSI[3]
[2023-01-09 12:05:46.021] [nas] [error] PDU Session Release Reject received [REQUEST_REJECTED_UNSPECIFIED]
[2023-01-09 12:05:46.021] [nas] [error] PS release reject received without being requested
[2023-01-09 12:05:46.021] [nas] [warning] Sending SM Cause[MESSAGE_TYPE_NOT_COMPATIBLE_WITH_THE_PROTOCOL_STATE] for PSI[3]
[2023-01-09 12:05:57.970] [nas] [debug] Sending PDU Session Release Request for PSI[3]
[2023-01-09 12:05:58.118] [nas] [error] PDU Session Release Reject received [REQUEST_REJECTED_UNSPECIFIED]
[2023-01-09 12:05:58.118] [nas] [error] PS release reject received without being requested
[2023-01-09 12:05:58.118] [nas] [warning] Sending SM Cause[MESSAGE_TYPE_NOT_COMPATIBLE_WITH_THE_PROTOCOL_STATE] for PSI[3]
[2023-01-09 12:06:03.005] [nas] [debug] De-registration required due to [NORMAL]
[2023-01-09 12:06:03.015] [nas] [debug] Starting de-registration procedure due to [NORMAL]
[2023-01-09 12:06:03.015] [nas] [debug] Performing local release of PDU session[1]
[2023-01-09 12:06:03.015] [nas] [debug] Performing local release of PDU session[2]
[2023-01-09 12:06:03.015] [nas] [debug] Performing local release of PDU session[3]
[2023-01-09 12:06:03.015] [nas] [info] UE switches to state [MM-DEREGISTER-INITIATED]
[2023-01-09 12:06:03.077] [nas] [debug] De-registration accept received
[2023-01-09 12:06:03.077] [nas] [info] UE switches to state [MM-DEREGISTERED/PS]
[2023-01-09 12:06:03.077] [nas] [info] De-registration is successful
[2023-01-09 12:06:03.077] [nas] [info] UE switches to state [MM-DEREGISTERED/NORMAL-SERVICE]
[2023-01-09 12:06:03.077] [nas] [debug] Initial registration required due to [MM-DEREG-NORMAL-SERVICE]
[2023-01-09 12:06:03.077] [nas] [debug] Sending Initial Registration
[2023-01-09 12:06:03.077] [nas] [debug] Deleting NAS security context
[2023-01-09 12:06:03.077] [nas] [info] UE switches to state [MM-REGISTER-INITIATED]
[2023-01-09 12:06:03.078] [rrc] [debug] RRC Release received
[2023-01-09 12:06:03.079] [nas] [info] UE switches to state [CM-IDLE]
[2023-01-09 12:06:03.079] [nas] [info] UE switches to state [MM-DEREGISTERED/PS]
[2023-01-09 12:06:03.079] [nas] [info] UE switches to state [5U2-NOT-UPDATED]
[2023-01-09 12:06:03.079] [nas] [info] UE switches to state [MM-DEREGISTERED/ATTEMPTING-REGISTRATION]
[2023-01-09 12:06:13.246] [nas] [debug] NAS timer[3511] expired [1]
[2023-01-09 12:06:13.246] [nas] [debug] Initial registration required due to [T3511-EXPIRY-IN-ATT-REG]
[2023-01-09 12:06:13.246] [nas] [debug] UAC access attempt is allowed for identity[0], category[MO_sig]
[2023-01-09 12:06:13.246] [nas] [debug] Sending Initial Registration
[2023-01-09 12:06:13.246] [nas] [info] UE switches to state [MM-REGISTER-INITIATED]
[2023-01-09 12:06:13.247] [rrc] [debug] Sending RRC Setup Request
[2023-01-09 12:06:13.248] [rrc] [info] RRC connection established
[2023-01-09 12:06:13.248] [rrc] [info] UE switches to state [RRC-CONNECTED]
[2023-01-09 12:06:13.248] [nas] [info] UE switches to state [CM-CONNECTED]
[2023-01-09 12:06:13.486] [nas] [debug] Authentication Request received
[2023-01-09 12:06:13.507] [nas] [debug] Security Mode Command received
[2023-01-09 12:06:13.507] [nas] [debug] Selected integrity[2] ciphering[0]
[2023-01-09 12:06:13.561] [nas] [debug] Registration accept received
[2023-01-09 12:06:13.561] [nas] [info] UE switches to state [MM-REGISTERED/NORMAL-SERVICE]
[2023-01-09 12:06:13.561] [nas] [info] UE switches to state [5U1-UPDATED]
[2023-01-09 12:06:13.561] [nas] [debug] Sending Registration Complete
[2023-01-09 12:06:13.561] [nas] [info] Initial Registration is successful
[2023-01-09 12:06:13.561] [nas] [debug] Sending PDU Session Establishment Request
[2023-01-09 12:06:13.566] [nas] [debug] UAC access attempt is allowed for identity[0], category[MO_sig]
[2023-01-09 12:06:13.643] [nas] [debug] PDU Session Establishment Accept received
[2023-01-09 12:06:13.643] [nas] [info] PDU Session establishment is successful PSI[1]
[2023-01-09 12:06:13.767] [app] [info] Connection setup for PDU session[1] is successful, TUN interface[uesimtun54, 10.60.2.66] is up.
[2023-01-09 12:06:34.037] [nas] [debug] Sending PDU Session Establishment Request
[2023-01-09 12:06:34.138] [nas] [error] No response from RRC from UAC checks, considering access attempt is barred
[2023-01-09 12:06:50.299] [nas] [warning] Retransmitting PDU Session Establishment Request due to T3580 expiry
[2023-01-09 12:06:50.299] [nas] [debug] UAC access attempt is allowed for identity[0], category[MO_sig]
[2023-01-09 12:06:50.458] [nas] [debug] PDU Session Establishment Accept received
[2023-01-09 12:06:50.458] [nas] [info] PDU Session establishment is successful PSI[2]
[2023-01-09 12:06:50.583] [app] [info] Connection setup for PDU session[2] is successful, TUN interface[uesimtun51, 10.60.2.167] is up.
[2023-01-09 12:06:59.207] [nas] [debug] Sending PDU Session Establishment Request
[2023-01-09 12:06:59.308] [nas] [error] No response from RRC from UAC checks, considering access attempt is barred
[2023-01-09 12:07:15.337] [nas] [warning] Retransmitting PDU Session Establishment Request due to T3580 expiry
[2023-01-09 12:07:15.339] [nas] [debug] UAC access attempt is allowed for identity[0], category[MO_sig]
[2023-01-09 12:07:15.442] [nas] [debug] PDU Session Establishment Accept received
[2023-01-09 12:07:15.442] [nas] [info] PDU Session establishment is successful PSI[3]
[2023-01-09 12:07:15.557] [app] [info] Connection setup for PDU session[3] is successful, TUN interface[uesimtun107, 10.60.2.232] is up.
[2023-01-09 12:07:24.362] [nas] [debug] Sending PDU Session Establishment Request
[2023-01-09 12:07:24.468] [nas] [error] No response from RRC from UAC checks, considering access attempt is barred
[2023-01-09 12:07:40.505] [nas] [warning] Retransmitting PDU Session Establishment Request due to T3580 expiry
[2023-01-09 12:07:40.509] [nas] [debug] UAC access attempt is allowed for identity[0], category[MO_sig]
[2023-01-09 12:07:40.656] [nas] [debug] PDU Session Establishment Accept received
[2023-01-09 12:07:40.656] [nas] [info] PDU Session establishment is successful PSI[4]
[2023-01-09 12:07:40.742] [app] [info] Connection setup for PDU session[4] is successful, TUN interface[uesimtun52, 10.60.3.47] is up.
[2023-01-09 12:07:54.544] [nas] [debug] Sending PDU Session Release Request for PSI[1]
[2023-01-09 12:07:54.544] [nas] [debug] Sending PDU Session Release Request for PSI[2]
[2023-01-09 12:07:54.544] [nas] [debug] Sending PDU Session Release Request for PSI[3]
[2023-01-09 12:07:54.544] [nas] [debug] Sending PDU Session Release Request for PSI[4]
[2023-01-09 12:07:54.581] [nas] [error] PDU Session Release Reject received [REQUEST_REJECTED_UNSPECIFIED]
[2023-01-09 12:07:54.581] [nas] [error] PS release reject received without being requested
[2023-01-09 12:07:54.581] [nas] [warning] Sending SM Cause[MESSAGE_TYPE_NOT_COMPATIBLE_WITH_THE_PROTOCOL_STATE] for PSI[1]
[2023-01-09 12:07:54.590] [nas] [error] PDU Session Release Reject received [REQUEST_REJECTED_UNSPECIFIED]
[2023-01-09 12:07:54.590] [nas] [error] PS release reject received without being requested
[2023-01-09 12:07:54.590] [nas] [warning] Sending SM Cause[MESSAGE_TYPE_NOT_COMPATIBLE_WITH_THE_PROTOCOL_STATE] for PSI[2]
[2023-01-09 12:07:54.600] [nas] [error] PDU Session Release Reject received [REQUEST_REJECTED_UNSPECIFIED]
[2023-01-09 12:07:54.600] [nas] [error] PS release reject received without being requested
[2023-01-09 12:07:54.600] [nas] [warning] Sending SM Cause[MESSAGE_TYPE_NOT_COMPATIBLE_WITH_THE_PROTOCOL_STATE] for PSI[3]
[2023-01-09 12:07:54.602] [nas] [debug] PDU Session Release Command received
[2023-01-09 12:07:54.602] [nas] [debug] Performing local release of PDU session[4]
[2023-01-09 12:08:05.617] [nas] [debug] Sending PDU Session Release Request for PSI[2]
[2023-01-09 12:08:05.662] [nas] [error] PDU Session Release Reject received [REQUEST_REJECTED_UNSPECIFIED]
[2023-01-09 12:08:05.662] [nas] [error] PS release reject received without being requested
[2023-01-09 12:08:05.662] [nas] [warning] Sending SM Cause[MESSAGE_TYPE_NOT_COMPATIBLE_WITH_THE_PROTOCOL_STATE] for PSI[2]
[2023-01-09 12:08:20.657] [nas] [debug] Sending PDU Session Establishment Request
[2023-01-09 12:08:20.758] [nas] [error] No response from RRC from UAC checks, considering access attempt is barred
[2023-01-09 12:08:37.623] [nas] [warning] Retransmitting PDU Session Establishment Request due to T3580 expiry
[2023-01-09 12:08:37.625] [nas] [debug] UAC access attempt is allowed for identity[0], category[MO_sig]
[2023-01-09 12:08:37.767] [nas] [debug] PDU Session Establishment Accept received
[2023-01-09 12:08:37.768] [nas] [info] PDU Session establishment is successful PSI[4]
[2023-01-09 12:08:37.905] [app] [info] Connection setup for PDU session[4] is successful, TUN interface[uesimtun49, 10.60.3.189] is up.
[2023-01-09 12:08:53.849] [nas] [debug] De-registration required due to [NORMAL]
[2023-01-09 12:08:53.859] [nas] [debug] Starting de-registration procedure due to [NORMAL]
[2023-01-09 12:08:53.859] [nas] [debug] Performing local release of PDU session[1]
[2023-01-09 12:08:53.859] [nas] [debug] Performing local release of PDU session[2]
[2023-01-09 12:08:53.859] [nas] [debug] Performing local release of PDU session[3]
[2023-01-09 12:08:53.859] [nas] [debug] Performing local release of PDU session[4]
[2023-01-09 12:08:53.859] [nas] [info] UE switches to state [MM-DEREGISTER-INITIATED]
[2023-01-09 12:08:53.993] [nas] [debug] De-registration accept received
[2023-01-09 12:08:53.993] [nas] [info] UE switches to state [MM-DEREGISTERED/PS]
[2023-01-09 12:08:53.993] [nas] [info] De-registration is successful
[2023-01-09 12:08:53.993] [nas] [info] UE switches to state [MM-DEREGISTERED/NORMAL-SERVICE]
[2023-01-09 12:08:53.993] [nas] [debug] Initial registration required due to [MM-DEREG-NORMAL-SERVICE]
[2023-01-09 12:08:53.993] [nas] [debug] Sending Initial Registration
[2023-01-09 12:08:53.993] [nas] [debug] Deleting NAS security context
[2023-01-09 12:08:53.993] [nas] [info] UE switches to state [MM-REGISTER-INITIATED]
[2023-01-09 12:08:53.999] [rrc] [debug] RRC Release received
[2023-01-09 12:08:53.999] [nas] [info] UE switches to state [CM-IDLE]
[2023-01-09 12:08:53.999] [nas] [info] UE switches to state [MM-DEREGISTERED/PS]
[2023-01-09 12:08:53.999] [nas] [info] UE switches to state [5U2-NOT-UPDATED]
[2023-01-09 12:08:53.999] [nas] [info] UE switches to state [MM-DEREGISTERED/ATTEMPTING-REGISTRATION]
[2023-01-09 12:09:04.654] [nas] [debug] NAS timer[3511] expired [1]
[2023-01-09 12:09:04.654] [nas] [debug] Initial registration required due to [T3511-EXPIRY-IN-ATT-REG]
[2023-01-09 12:09:04.654] [nas] [debug] UAC access attempt is allowed for identity[0], category[MO_sig]
[2023-01-09 12:09:04.654] [nas] [debug] Sending Initial Registration
[2023-01-09 12:09:04.654] [nas] [info] UE switches to state [MM-REGISTER-INITIATED]
[2023-01-09 12:09:04.654] [rrc] [debug] Sending RRC Setup Request
[2023-01-09 12:09:04.654] [rrc] [info] RRC connection established
[2023-01-09 12:09:04.654] [rrc] [info] UE switches to state [RRC-CONNECTED]
[2023-01-09 12:09:04.654] [nas] [info] UE switches to state [CM-CONNECTED]
[2023-01-09 12:09:04.699] [nas] [debug] Authentication Request received
[2023-01-09 12:09:04.706] [nas] [debug] Security Mode Command received
[2023-01-09 12:09:04.706] [nas] [debug] Selected integrity[2] ciphering[0]
[2023-01-09 12:09:04.733] [nas] [debug] Registration accept received
[2023-01-09 12:09:04.733] [nas] [info] UE switches to state [MM-REGISTERED/NORMAL-SERVICE]
[2023-01-09 12:09:04.733] [nas] [info] UE switches to state [5U1-UPDATED]
[2023-01-09 12:09:04.733] [nas] [debug] Sending Registration Complete
[2023-01-09 12:09:04.733] [nas] [info] Initial Registration is successful
[2023-01-09 12:09:04.733] [nas] [debug] Sending PDU Session Establishment Request
[2023-01-09 12:09:04.733] [nas] [debug] UAC access attempt is allowed for identity[0], category[MO_sig]
[2023-01-09 12:09:04.967] [nas] [debug] PDU Session Establishment Accept received
[2023-01-09 12:09:04.967] [nas] [info] PDU Session establishment is successful PSI[1]
[2023-01-09 12:09:05.053] [app] [info] Connection setup for PDU session[1] is successful, TUN interface[uesimtun10, 10.60.3.254] is up.
[2023-01-09 12:09:28.908] [nas] [debug] Sending PDU Session Release Request for PSI[1]
[2023-01-09 12:09:33.936] [nas] [debug] Sending PDU Session Establishment Request
[2023-01-09 12:09:34.037] [nas] [error] No response from RRC from UAC checks, considering access attempt is barred
[2023-01-09 12:09:45.699] [nas] [warning] Retransmitting PDU Session Release Request due to T3582 expiry
[2023-01-09 12:09:50.704] [nas] [warning] Retransmitting PDU Session Establishment Request due to T3580 expiry
[2023-01-09 12:09:50.706] [nas] [debug] UAC access attempt is allowed for identity[0], category[MO_sig]
[2023-01-09 12:10:01.718] [nas] [warning] Retransmitting PDU Session Release Request due to T3582 expiry
[2023-01-09 12:10:03.096] [nas] [debug] Sending PDU Session Release Request for PSI[1]
