UERANSIM v3.2.6
[2023-01-09 12:02:54.968] [nas] [info] UE switches to state [MM-DEREGISTERED/PLMN-SEARCH]
[2023-01-09 12:02:54.971] [rrc] [debug] New signal detected for cell[1], total [1] cells in coverage
[2023-01-09 12:02:54.971] [nas] [info] Selected plmn[208/93]
[2023-01-09 12:02:54.971] [rrc] [info] Selected cell plmn[208/93] tac[1] category[SUITABLE]
[2023-01-09 12:02:54.971] [nas] [info] UE switches to state [MM-DEREGISTERED/PS]
[2023-01-09 12:02:54.971] [nas] [info] UE switches to state [MM-DEREGISTERED/NORMAL-SERVICE]
[2023-01-09 12:02:54.971] [nas] [debug] Initial registration required due to [MM-DEREG-NORMAL-SERVICE]
[2023-01-09 12:02:54.974] [nas] [debug] UAC access attempt is allowed for identity[0], category[MO_sig]
[2023-01-09 12:02:54.974] [nas] [debug] Sending Initial Registration
[2023-01-09 12:02:54.974] [rrc] [debug] Sending RRC Setup Request
[2023-01-09 12:02:54.974] [nas] [info] UE switches to state [MM-REGISTER-INITIATED]
[2023-01-09 12:02:54.975] [rrc] [info] RRC connection established
[2023-01-09 12:02:54.975] [rrc] [info] UE switches to state [RRC-CONNECTED]
[2023-01-09 12:02:54.975] [nas] [info] UE switches to state [CM-CONNECTED]
[2023-01-09 12:02:54.991] [nas] [debug] Authentication Request received
[2023-01-09 12:02:54.997] [nas] [debug] Security Mode Command received
[2023-01-09 12:02:54.997] [nas] [debug] Selected integrity[2] ciphering[0]
[2023-01-09 12:02:55.026] [nas] [debug] Registration accept received
[2023-01-09 12:02:55.026] [nas] [info] UE switches to state [MM-REGISTERED/NORMAL-SERVICE]
[2023-01-09 12:02:55.026] [nas] [debug] Sending Registration Complete
[2023-01-09 12:02:55.026] [nas] [info] Initial Registration is successful
[2023-01-09 12:02:55.026] [nas] [debug] Sending PDU Session Establishment Request
[2023-01-09 12:02:55.026] [nas] [debug] UAC access attempt is allowed for identity[0], category[MO_sig]
[2023-01-09 12:02:55.261] [nas] [debug] PDU Session Establishment Accept received
[2023-01-09 12:02:55.261] [nas] [info] PDU Session establishment is successful PSI[1]
[2023-01-09 12:02:55.302] [app] [info] Connection setup for PDU session[1] is successful, TUN interface[uesimtun43, 10.60.0.44] is up.
[2023-01-09 12:03:54.216] [nas] [warning] PDU session release procedure could not start: PS[2] is not active already
[2023-01-09 12:04:06.266] [nas] [debug] Sending PDU Session Establishment Request
[2023-01-09 12:04:06.367] [nas] [error] No response from RRC from UAC checks, considering access attempt is barred
[2023-01-09 12:04:23.071] [nas] [warning] Retransmitting PDU Session Establishment Request due to T3580 expiry
[2023-01-09 12:04:23.073] [nas] [debug] UAC access attempt is allowed for identity[0], category[MO_sig]
[2023-01-09 12:04:23.187] [nas] [debug] PDU Session Establishment Accept received
[2023-01-09 12:04:23.187] [nas] [info] PDU Session establishment is successful PSI[2]
[2023-01-09 12:04:23.278] [app] [info] Connection setup for PDU session[2] is successful, TUN interface[uesimtun40, 10.60.0.253] is up.
[2023-01-09 12:04:31.434] [nas] [debug] Sending PDU Session Establishment Request
[2023-01-09 12:04:31.538] [nas] [error] No response from RRC from UAC checks, considering access attempt is barred
[2023-01-09 12:04:48.100] [nas] [warning] Retransmitting PDU Session Establishment Request due to T3580 expiry
[2023-01-09 12:04:48.112] [nas] [debug] UAC access attempt is allowed for identity[0], category[MO_sig]
[2023-01-09 12:04:48.179] [nas] [debug] PDU Session Establishment Accept received
[2023-01-09 12:04:48.179] [nas] [info] PDU Session establishment is successful PSI[3]
[2023-01-09 12:04:48.349] [app] [info] Connection setup for PDU session[3] is successful, TUN interface[uesimtun34, 10.60.1.83] is up.
[2023-01-09 12:04:58.604] [nas] [debug] De-registration required due to [NORMAL]
[2023-01-09 12:04:58.614] [nas] [debug] Starting de-registration procedure due to [NORMAL]
[2023-01-09 12:04:58.614] [nas] [debug] Performing local release of PDU session[1]
[2023-01-09 12:04:58.614] [nas] [debug] Performing local release of PDU session[2]
[2023-01-09 12:04:58.614] [nas] [debug] Performing local release of PDU session[3]
[2023-01-09 12:04:58.614] [nas] [info] UE switches to state [MM-DEREGISTER-INITIATED]
[2023-01-09 12:04:58.804] [rrc] [debug] RRC Release received
[2023-01-09 12:04:58.804] [nas] [debug] De-registration accept received
[2023-01-09 12:04:58.804] [nas] [info] UE switches to state [MM-DEREGISTERED/PS]
[2023-01-09 12:04:58.804] [nas] [info] De-registration is successful
[2023-01-09 12:04:58.804] [nas] [info] UE switches to state [CM-IDLE]
[2023-01-09 12:04:58.804] [nas] [info] UE switches to state [MM-DEREGISTERED/NORMAL-SERVICE]
[2023-01-09 12:04:58.804] [nas] [debug] Initial registration required due to [MM-DEREG-NORMAL-SERVICE]
[2023-01-09 12:04:58.804] [nas] [debug] UAC access attempt is allowed for identity[0], category[MO_sig]
[2023-01-09 12:04:58.804] [nas] [debug] Sending Initial Registration
[2023-01-09 12:04:58.804] [nas] [debug] Deleting NAS security context
[2023-01-09 12:04:58.804] [nas] [info] UE switches to state [MM-REGISTER-INITIATED]
[2023-01-09 12:04:58.804] [rrc] [debug] Sending RRC Setup Request
[2023-01-09 12:04:58.805] [rrc] [info] RRC connection established
[2023-01-09 12:04:58.805] [rrc] [info] UE switches to state [RRC-CONNECTED]
[2023-01-09 12:04:58.808] [nas] [info] UE switches to state [CM-CONNECTED]
[2023-01-09 12:04:59.039] [nas] [debug] Authentication Request received
[2023-01-09 12:04:59.044] [nas] [debug] Security Mode Command received
[2023-01-09 12:04:59.044] [nas] [debug] Selected integrity[2] ciphering[0]
[2023-01-09 12:04:59.070] [nas] [debug] Registration accept received
[2023-01-09 12:04:59.070] [nas] [info] UE switches to state [MM-REGISTERED/NORMAL-SERVICE]
[2023-01-09 12:04:59.070] [nas] [debug] Sending Registration Complete
[2023-01-09 12:04:59.070] [nas] [info] Initial Registration is successful
[2023-01-09 12:04:59.070] [nas] [debug] Sending PDU Session Establishment Request
[2023-01-09 12:04:59.070] [nas] [debug] UAC access attempt is allowed for identity[0], category[MO_sig]
[2023-01-09 12:04:59.310] [nas] [debug] PDU Session Establishment Accept received
[2023-01-09 12:04:59.310] [nas] [info] PDU Session establishment is successful PSI[1]
[2023-01-09 12:04:59.575] [app] [info] Connection setup for PDU session[1] is successful, TUN interface[uesimtun0, 10.60.1.111] is up.
[2023-01-09 12:05:32.715] [nas] [debug] Sending PDU Session Release Request for PSI[1]
[2023-01-09 12:05:32.749] [nas] [error] PDU Session Release Reject received [REQUEST_REJECTED_UNSPECIFIED]
[2023-01-09 12:05:32.749] [nas] [error] PS release reject received without being requested
[2023-01-09 12:05:32.749] [nas] [warning] Sending SM Cause[MESSAGE_TYPE_NOT_COMPATIBLE_WITH_THE_PROTOCOL_STATE] for PSI[1]
[2023-01-09 12:05:37.755] [nas] [warning] PDU session release procedure could not start: PS[2] is not active already
[2023-01-09 12:05:50.799] [nas] [debug] Sending PDU Session Establishment Request
[2023-01-09 12:05:50.901] [nas] [error] No response from RRC from UAC checks, considering access attempt is barred
[2023-01-09 12:06:07.193] [nas] [warning] Retransmitting PDU Session Establishment Request due to T3580 expiry
[2023-01-09 12:06:07.196] [nas] [debug] UAC access attempt is allowed for identity[0], category[MO_sig]
[2023-01-09 12:06:07.377] [nas] [debug] PDU Session Establishment Accept received
[2023-01-09 12:06:07.377] [nas] [info] PDU Session establishment is successful PSI[2]
[2023-01-09 12:06:07.464] [app] [info] Connection setup for PDU session[2] is successful, TUN interface[uesimtun121, 10.60.2.50] is up.
[2023-01-09 12:06:15.964] [nas] [debug] Sending PDU Session Release Request for PSI[2]
[2023-01-09 12:06:15.980] [nas] [error] PDU Session Release Reject received [REQUEST_REJECTED_UNSPECIFIED]
[2023-01-09 12:06:15.980] [nas] [error] PS release reject received without being requested
[2023-01-09 12:06:15.980] [nas] [warning] Sending SM Cause[MESSAGE_TYPE_NOT_COMPATIBLE_WITH_THE_PROTOCOL_STATE] for PSI[2]
[2023-01-09 12:06:21.004] [nas] [debug] Sending PDU Session Release Request for PSI[1]
[2023-01-09 12:06:21.004] [nas] [debug] Sending PDU Session Release Request for PSI[2]
[2023-01-09 12:06:21.156] [nas] [error] PDU Session Release Reject received [REQUEST_REJECTED_UNSPECIFIED]
[2023-01-09 12:06:21.156] [nas] [error] PS release reject received without being requested
[2023-01-09 12:06:21.156] [nas] [warning] Sending SM Cause[MESSAGE_TYPE_NOT_COMPATIBLE_WITH_THE_PROTOCOL_STATE] for PSI[1]
[2023-01-09 12:06:21.159] [nas] [error] PDU Session Release Reject received [REQUEST_REJECTED_UNSPECIFIED]
[2023-01-09 12:06:21.159] [nas] [error] PS release reject received without being requested
[2023-01-09 12:06:21.159] [nas] [warning] Sending SM Cause[MESSAGE_TYPE_NOT_COMPATIBLE_WITH_THE_PROTOCOL_STATE] for PSI[2]
[2023-01-09 12:06:26.033] [nas] [debug] Sending PDU Session Establishment Request
[2023-01-09 12:06:26.138] [nas] [error] No response from RRC from UAC checks, considering access attempt is barred
[2023-01-09 12:06:42.242] [nas] [warning] Retransmitting PDU Session Establishment Request due to T3580 expiry
[2023-01-09 12:06:42.242] [nas] [debug] UAC access attempt is allowed for identity[0], category[MO_sig]
[2023-01-09 12:06:42.393] [nas] [debug] PDU Session Establishment Accept received
[2023-01-09 12:06:42.393] [nas] [info] PDU Session establishment is successful PSI[3]
[2023-01-09 12:06:42.497] [app] [info] Connection setup for PDU session[3] is successful, TUN interface[uesimtun33, 10.60.2.147] is up.
[2023-01-09 12:06:57.196] [nas] [debug] Sending PDU Session Release Request for PSI[1]
[2023-01-09 12:06:57.196] [nas] [debug] Sending PDU Session Release Request for PSI[2]
[2023-01-09 12:06:57.196] [nas] [debug] Sending PDU Session Release Request for PSI[3]
[2023-01-09 12:06:57.290] [nas] [error] PDU Session Release Reject received [REQUEST_REJECTED_UNSPECIFIED]
[2023-01-09 12:06:57.290] [nas] [error] PS release reject received without being requested
[2023-01-09 12:06:57.290] [nas] [warning] Sending SM Cause[MESSAGE_TYPE_NOT_COMPATIBLE_WITH_THE_PROTOCOL_STATE] for PSI[1]
[2023-01-09 12:06:57.293] [nas] [error] PDU Session Release Reject received [REQUEST_REJECTED_UNSPECIFIED]
[2023-01-09 12:06:57.293] [nas] [error] PS release reject received without being requested
[2023-01-09 12:06:57.293] [nas] [warning] Sending SM Cause[MESSAGE_TYPE_NOT_COMPATIBLE_WITH_THE_PROTOCOL_STATE] for PSI[2]
[2023-01-09 12:06:57.300] [nas] [debug] PDU Session Release Command received
[2023-01-09 12:06:57.300] [nas] [debug] Performing local release of PDU session[3]
[2023-01-09 12:07:03.221] [nas] [debug] Sending PDU Session Establishment Request
[2023-01-09 12:07:03.322] [nas] [error] No response from RRC from UAC checks, considering access attempt is barred
[2023-01-09 12:07:19.353] [nas] [warning] Retransmitting PDU Session Establishment Request due to T3580 expiry
[2023-01-09 12:07:19.353] [nas] [debug] UAC access attempt is allowed for identity[0], category[MO_sig]
[2023-01-09 12:07:19.563] [nas] [debug] PDU Session Establishment Accept received
[2023-01-09 12:07:19.563] [nas] [info] PDU Session establishment is successful PSI[3]
[2023-01-09 12:07:19.763] [app] [info] Connection setup for PDU session[3] is successful, TUN interface[uesimtun86, 10.60.2.242] is up.
[2023-01-09 12:07:36.372] [nas] [debug] De-registration required due to [NORMAL]
[2023-01-09 12:07:36.381] [nas] [debug] Starting de-registration procedure due to [NORMAL]
[2023-01-09 12:07:36.381] [nas] [debug] Performing local release of PDU session[1]
[2023-01-09 12:07:36.381] [nas] [debug] Performing local release of PDU session[2]
[2023-01-09 12:07:36.381] [nas] [debug] Performing local release of PDU session[3]
[2023-01-09 12:07:36.381] [nas] [info] UE switches to state [MM-DEREGISTER-INITIATED]
[2023-01-09 12:07:36.454] [rrc] [debug] RRC Release received
[2023-01-09 12:07:36.454] [nas] [debug] De-registration accept received
[2023-01-09 12:07:36.454] [nas] [info] UE switches to state [MM-DEREGISTERED/PS]
[2023-01-09 12:07:36.454] [nas] [info] De-registration is successful
[2023-01-09 12:07:36.454] [nas] [info] UE switches to state [CM-IDLE]
[2023-01-09 12:07:36.454] [nas] [info] UE switches to state [MM-DEREGISTERED/NORMAL-SERVICE]
[2023-01-09 12:07:36.454] [nas] [debug] Initial registration required due to [MM-DEREG-NORMAL-SERVICE]
[2023-01-09 12:07:36.455] [nas] [debug] UAC access attempt is allowed for identity[0], category[MO_sig]
[2023-01-09 12:07:36.455] [nas] [debug] Sending Initial Registration
[2023-01-09 12:07:36.455] [nas] [debug] Deleting NAS security context
[2023-01-09 12:07:36.455] [nas] [info] UE switches to state [MM-REGISTER-INITIATED]
[2023-01-09 12:07:36.455] [rrc] [debug] Sending RRC Setup Request
[2023-01-09 12:07:36.465] [rrc] [info] RRC connection established
[2023-01-09 12:07:36.465] [rrc] [info] UE switches to state [RRC-CONNECTED]
[2023-01-09 12:07:36.465] [nas] [info] UE switches to state [CM-CONNECTED]
[2023-01-09 12:07:36.553] [nas] [debug] Authentication Request received
[2023-01-09 12:07:36.624] [nas] [debug] Security Mode Command received
[2023-01-09 12:07:36.624] [nas] [debug] Selected integrity[2] ciphering[0]
[2023-01-09 12:07:36.858] [nas] [debug] Registration accept received
[2023-01-09 12:07:36.858] [nas] [info] UE switches to state [MM-REGISTERED/NORMAL-SERVICE]
[2023-01-09 12:07:36.858] [nas] [debug] Sending Registration Complete
[2023-01-09 12:07:36.858] [nas] [info] Initial Registration is successful
[2023-01-09 12:07:36.858] [nas] [debug] Sending PDU Session Establishment Request
[2023-01-09 12:07:36.860] [nas] [debug] UAC access attempt is allowed for identity[0], category[MO_sig]
[2023-01-09 12:07:36.906] [nas] [debug] PDU Session Establishment Accept received
[2023-01-09 12:07:36.906] [nas] [info] PDU Session establishment is successful PSI[1]
[2023-01-09 12:07:36.963] [app] [info] Connection setup for PDU session[1] is successful, TUN interface[uesimtun153, 10.60.3.38] is up.
[2023-01-09 12:08:09.564] [nas] [debug] Sending PDU Session Establishment Request
[2023-01-09 12:08:09.668] [nas] [error] No response from RRC from UAC checks, considering access attempt is barred
[2023-01-09 12:08:26.476] [nas] [warning] Retransmitting PDU Session Establishment Request due to T3580 expiry
[2023-01-09 12:08:26.478] [nas] [debug] UAC access attempt is allowed for identity[0], category[MO_sig]
[2023-01-09 12:08:26.624] [nas] [debug] PDU Session Establishment Accept received
[2023-01-09 12:08:26.624] [nas] [info] PDU Session establishment is successful PSI[2]
[2023-01-09 12:08:26.740] [app] [info] Connection setup for PDU session[2] is successful, TUN interface[uesimtun41, 10.60.3.155] is up.
[2023-01-09 12:08:41.768] [nas] [debug] Sending PDU Session Release Request for PSI[1]
[2023-01-09 12:08:41.768] [nas] [debug] Sending PDU Session Release Request for PSI[2]
[2023-01-09 12:08:41.845] [nas] [error] PDU Session Release Reject received [REQUEST_REJECTED_UNSPECIFIED]
[2023-01-09 12:08:41.845] [nas] [error] PS release reject received without being requested
[2023-01-09 12:08:41.845] [nas] [warning] Sending SM Cause[MESSAGE_TYPE_NOT_COMPATIBLE_WITH_THE_PROTOCOL_STATE] for PSI[1]
[2023-01-09 12:08:41.852] [nas] [error] PDU Session Release Reject received [REQUEST_REJECTED_UNSPECIFIED]
[2023-01-09 12:08:41.852] [nas] [error] PS release reject received without being requested
[2023-01-09 12:08:41.852] [nas] [warning] Sending SM Cause[MESSAGE_TYPE_NOT_COMPATIBLE_WITH_THE_PROTOCOL_STATE] for PSI[2]
[2023-01-09 12:08:46.838] [nas] [debug] De-registration required due to [NORMAL]
[2023-01-09 12:08:46.848] [nas] [debug] Starting de-registration procedure due to [NORMAL]
[2023-01-09 12:08:46.848] [nas] [debug] Performing local release of PDU session[1]
[2023-01-09 12:08:46.848] [nas] [debug] Performing local release of PDU session[2]
[2023-01-09 12:08:46.848] [nas] [info] UE switches to state [MM-DEREGISTER-INITIATED]
[2023-01-09 12:08:46.913] [rrc] [debug] RRC Release received
[2023-01-09 12:08:46.913] [nas] [debug] De-registration accept received
[2023-01-09 12:08:46.913] [nas] [info] UE switches to state [MM-DEREGISTERED/PS]
[2023-01-09 12:08:46.913] [nas] [info] De-registration is successful
[2023-01-09 12:08:46.913] [nas] [info] UE switches to state [CM-IDLE]
[2023-01-09 12:08:46.913] [nas] [info] UE switches to state [MM-DEREGISTERED/NORMAL-SERVICE]
[2023-01-09 12:08:46.913] [nas] [debug] Initial registration required due to [MM-DEREG-NORMAL-SERVICE]
[2023-01-09 12:08:46.916] [nas] [debug] UAC access attempt is allowed for identity[0], category[MO_sig]
[2023-01-09 12:08:46.916] [nas] [debug] Sending Initial Registration
[2023-01-09 12:08:46.916] [rrc] [debug] Sending RRC Setup Request
[2023-01-09 12:08:46.916] [nas] [debug] Deleting NAS security context
[2023-01-09 12:08:46.916] [nas] [info] UE switches to state [MM-REGISTER-INITIATED]
[2023-01-09 12:08:46.922] [rrc] [info] RRC connection established
[2023-01-09 12:08:46.922] [rrc] [info] UE switches to state [RRC-CONNECTED]
[2023-01-09 12:08:46.922] [nas] [info] UE switches to state [CM-CONNECTED]
[2023-01-09 12:08:47.067] [nas] [debug] Authentication Request received
[2023-01-09 12:08:47.097] [nas] [debug] Security Mode Command received
[2023-01-09 12:08:47.097] [nas] [debug] Selected integrity[2] ciphering[0]
[2023-01-09 12:08:47.332] [nas] [debug] Registration accept received
[2023-01-09 12:08:47.333] [nas] [info] UE switches to state [MM-REGISTERED/NORMAL-SERVICE]
[2023-01-09 12:08:47.333] [nas] [debug] Sending Registration Complete
[2023-01-09 12:08:47.333] [nas] [info] Initial Registration is successful
[2023-01-09 12:08:47.333] [nas] [debug] Sending PDU Session Establishment Request
[2023-01-09 12:08:47.334] [nas] [debug] UAC access attempt is allowed for identity[0], category[MO_sig]
[2023-01-09 12:08:47.389] [nas] [debug] PDU Session Establishment Accept received
[2023-01-09 12:08:47.389] [nas] [info] PDU Session establishment is successful PSI[1]
[2023-01-09 12:08:47.458] [app] [info] Connection setup for PDU session[1] is successful, TUN interface[uesimtun71, 10.60.3.211] is up.
[2023-01-09 12:09:13.892] [nas] [debug] De-registration required due to [NORMAL]
[2023-01-09 12:09:13.902] [nas] [debug] Starting de-registration procedure due to [NORMAL]
[2023-01-09 12:09:13.902] [nas] [debug] Performing local release of PDU session[1]
[2023-01-09 12:09:13.902] [nas] [info] UE switches to state [MM-DEREGISTER-INITIATED]
[2023-01-09 12:09:29.558] [nas] [debug] NAS timer[3521] expired [1]
[2023-01-09 12:09:29.558] [nas] [debug] Retransmitting De-registration Request due to T3521 expiry
[2023-01-09 12:09:40.952] [nas] [debug] De-registration required due to [NORMAL]
[2023-01-09 12:09:44.573] [nas] [debug] NAS timer[3521] expired [2]
[2023-01-09 12:09:44.573] [nas] [debug] Retransmitting De-registration Request due to T3521 expiry
[2023-01-09 12:09:59.588] [nas] [debug] NAS timer[3521] expired [3]
[2023-01-09 12:09:59.588] [nas] [debug] Retransmitting De-registration Request due to T3521 expiry
