UERANSIM v3.2.6
[2023-01-09 12:02:44.952] [nas] [info] UE switches to state [MM-DEREGISTERED/PLMN-SEARCH]
[2023-01-09 12:02:44.955] [rrc] [debug] New signal detected for cell[1], total [1] cells in coverage
[2023-01-09 12:02:44.955] [nas] [info] Selected plmn[208/93]
[2023-01-09 12:02:44.955] [rrc] [info] Selected cell plmn[208/93] tac[1] category[SUITABLE]
[2023-01-09 12:02:44.955] [nas] [info] UE switches to state [MM-DEREGISTERED/PS]
[2023-01-09 12:02:44.955] [nas] [info] UE switches to state [MM-DEREGISTERED/NORMAL-SERVICE]
[2023-01-09 12:02:44.955] [nas] [debug] Initial registration required due to [MM-DEREG-NORMAL-SERVICE]
[2023-01-09 12:02:44.956] [nas] [debug] UAC access attempt is allowed for identity[0], category[MO_sig]
[2023-01-09 12:02:44.956] [nas] [debug] Sending Initial Registration
[2023-01-09 12:02:44.956] [nas] [info] UE switches to state [MM-REGISTER-INITIATED]
[2023-01-09 12:02:44.956] [rrc] [debug] Sending RRC Setup Request
[2023-01-09 12:02:44.956] [rrc] [info] RRC connection established
[2023-01-09 12:02:44.956] [rrc] [info] UE switches to state [RRC-CONNECTED]
[2023-01-09 12:02:44.956] [nas] [info] UE switches to state [CM-CONNECTED]
[2023-01-09 12:02:44.971] [nas] [debug] Authentication Request received
[2023-01-09 12:02:44.977] [nas] [debug] Security Mode Command received
[2023-01-09 12:02:44.977] [nas] [debug] Selected integrity[2] ciphering[0]
[2023-01-09 12:02:45.007] [nas] [debug] Registration accept received
[2023-01-09 12:02:45.007] [nas] [info] UE switches to state [MM-REGISTERED/NORMAL-SERVICE]
[2023-01-09 12:02:45.007] [nas] [debug] Sending Registration Complete
[2023-01-09 12:02:45.007] [nas] [info] Initial Registration is successful
[2023-01-09 12:02:45.007] [nas] [debug] Sending PDU Session Establishment Request
[2023-01-09 12:02:45.009] [nas] [debug] UAC access attempt is allowed for identity[0], category[MO_sig]
[2023-01-09 12:02:45.244] [nas] [debug] PDU Session Establishment Accept received
[2023-01-09 12:02:45.244] [nas] [info] PDU Session establishment is successful PSI[1]
[2023-01-09 12:02:45.279] [app] [info] Connection setup for PDU session[1] is successful, TUN interface[uesimtun33, 10.60.0.34] is up.
[2023-01-09 12:03:54.084] [nas] [warning] PDU session release procedure could not start: PS[2] is not active already
[2023-01-09 12:04:01.113] [nas] [debug] De-registration required due to [NORMAL]
[2023-01-09 12:04:01.123] [nas] [debug] Starting de-registration procedure due to [NORMAL]
[2023-01-09 12:04:01.123] [nas] [debug] Performing local release of PDU session[1]
[2023-01-09 12:04:01.123] [nas] [info] UE switches to state [MM-DEREGISTER-INITIATED]
[2023-01-09 12:04:01.137] [nas] [debug] De-registration accept received
[2023-01-09 12:04:01.137] [nas] [info] UE switches to state [MM-DEREGISTERED/PS]
[2023-01-09 12:04:01.137] [nas] [info] De-registration is successful
[2023-01-09 12:04:01.137] [nas] [info] UE switches to state [MM-DEREGISTERED/NORMAL-SERVICE]
[2023-01-09 12:04:01.137] [nas] [debug] Initial registration required due to [MM-DEREG-NORMAL-SERVICE]
[2023-01-09 12:04:01.137] [nas] [debug] Sending Initial Registration
[2023-01-09 12:04:01.137] [nas] [debug] Deleting NAS security context
[2023-01-09 12:04:01.137] [nas] [info] UE switches to state [MM-REGISTER-INITIATED]
[2023-01-09 12:04:01.140] [rrc] [debug] RRC Release received
[2023-01-09 12:04:01.141] [nas] [info] UE switches to state [CM-IDLE]
[2023-01-09 12:04:01.141] [nas] [info] UE switches to state [MM-DEREGISTERED/PS]
[2023-01-09 12:04:01.141] [nas] [info] UE switches to state [5U2-NOT-UPDATED]
[2023-01-09 12:04:01.141] [nas] [info] UE switches to state [MM-DEREGISTERED/ATTEMPTING-REGISTRATION]
[2023-01-09 12:04:12.048] [nas] [debug] NAS timer[3511] expired [1]
[2023-01-09 12:04:12.048] [nas] [debug] Initial registration required due to [T3511-EXPIRY-IN-ATT-REG]
[2023-01-09 12:04:12.050] [nas] [debug] UAC access attempt is allowed for identity[0], category[MO_sig]
[2023-01-09 12:04:12.051] [nas] [debug] Sending Initial Registration
[2023-01-09 12:04:12.051] [rrc] [debug] Sending RRC Setup Request
[2023-01-09 12:04:12.051] [nas] [info] UE switches to state [MM-REGISTER-INITIATED]
[2023-01-09 12:04:12.053] [rrc] [info] RRC connection established
[2023-01-09 12:04:12.053] [rrc] [info] UE switches to state [RRC-CONNECTED]
[2023-01-09 12:04:12.053] [nas] [info] UE switches to state [CM-CONNECTED]
[2023-01-09 12:04:12.078] [nas] [debug] Authentication Request received
[2023-01-09 12:04:12.085] [nas] [debug] Security Mode Command received
[2023-01-09 12:04:12.085] [nas] [debug] Selected integrity[2] ciphering[0]
[2023-01-09 12:04:12.111] [nas] [debug] Registration accept received
[2023-01-09 12:04:12.111] [nas] [info] UE switches to state [MM-REGISTERED/NORMAL-SERVICE]
[2023-01-09 12:04:12.111] [nas] [info] UE switches to state [5U1-UPDATED]
[2023-01-09 12:04:12.111] [nas] [debug] Sending Registration Complete
[2023-01-09 12:04:12.111] [nas] [info] Initial Registration is successful
[2023-01-09 12:04:12.111] [nas] [debug] Sending PDU Session Establishment Request
[2023-01-09 12:04:12.112] [nas] [debug] UAC access attempt is allowed for identity[0], category[MO_sig]
[2023-01-09 12:04:12.151] [nas] [debug] PDU Session Establishment Accept received
[2023-01-09 12:04:12.151] [nas] [info] PDU Session establishment is successful PSI[1]
[2023-01-09 12:04:12.235] [app] [info] Connection setup for PDU session[1] is successful, TUN interface[uesimtun116, 10.60.0.209] is up.
[2023-01-09 12:04:30.193] [nas] [debug] De-registration required due to [NORMAL]
[2023-01-09 12:04:30.203] [nas] [debug] Starting de-registration procedure due to [NORMAL]
[2023-01-09 12:04:30.203] [nas] [debug] Performing local release of PDU session[1]
[2023-01-09 12:04:30.203] [nas] [info] UE switches to state [MM-DEREGISTER-INITIATED]
[2023-01-09 12:04:30.418] [nas] [debug] De-registration accept received
[2023-01-09 12:04:30.418] [nas] [info] UE switches to state [MM-DEREGISTERED/PS]
[2023-01-09 12:04:30.418] [nas] [info] De-registration is successful
[2023-01-09 12:04:30.418] [nas] [info] UE switches to state [MM-DEREGISTERED/NORMAL-SERVICE]
[2023-01-09 12:04:30.418] [nas] [debug] Initial registration required due to [MM-DEREG-NORMAL-SERVICE]
[2023-01-09 12:04:30.418] [nas] [debug] Sending Initial Registration
[2023-01-09 12:04:30.418] [nas] [debug] Deleting NAS security context
[2023-01-09 12:04:30.418] [nas] [info] UE switches to state [MM-REGISTER-INITIATED]
[2023-01-09 12:04:30.419] [rrc] [debug] RRC Release received
[2023-01-09 12:04:30.419] [nas] [info] UE switches to state [CM-IDLE]
[2023-01-09 12:04:30.419] [nas] [info] UE switches to state [MM-DEREGISTERED/PS]
[2023-01-09 12:04:30.419] [nas] [info] UE switches to state [5U2-NOT-UPDATED]
[2023-01-09 12:04:30.419] [nas] [info] UE switches to state [MM-DEREGISTERED/ATTEMPTING-REGISTRATION]
[2023-01-09 12:04:41.082] [nas] [debug] NAS timer[3511] expired [1]
[2023-01-09 12:04:41.082] [nas] [debug] Initial registration required due to [T3511-EXPIRY-IN-ATT-REG]
[2023-01-09 12:04:41.082] [nas] [debug] UAC access attempt is allowed for identity[0], category[MO_sig]
[2023-01-09 12:04:41.082] [nas] [debug] Sending Initial Registration
[2023-01-09 12:04:41.082] [nas] [info] UE switches to state [MM-REGISTER-INITIATED]
[2023-01-09 12:04:41.082] [rrc] [debug] Sending RRC Setup Request
[2023-01-09 12:04:41.082] [rrc] [info] RRC connection established
[2023-01-09 12:04:41.082] [rrc] [info] UE switches to state [RRC-CONNECTED]
[2023-01-09 12:04:41.082] [nas] [info] UE switches to state [CM-CONNECTED]
[2023-01-09 12:04:41.331] [nas] [debug] Authentication Request received
[2023-01-09 12:04:41.539] [nas] [debug] Security Mode Command received
[2023-01-09 12:04:41.539] [nas] [debug] Selected integrity[2] ciphering[0]
[2023-01-09 12:04:41.566] [nas] [debug] Registration accept received
[2023-01-09 12:04:41.566] [nas] [info] UE switches to state [MM-REGISTERED/NORMAL-SERVICE]
[2023-01-09 12:04:41.566] [nas] [info] UE switches to state [5U1-UPDATED]
[2023-01-09 12:04:41.566] [nas] [debug] Sending Registration Complete
[2023-01-09 12:04:41.566] [nas] [info] Initial Registration is successful
[2023-01-09 12:04:41.566] [nas] [debug] Sending PDU Session Establishment Request
[2023-01-09 12:04:41.566] [nas] [debug] UAC access attempt is allowed for identity[0], category[MO_sig]
[2023-01-09 12:04:41.820] [nas] [debug] PDU Session Establishment Accept received
[2023-01-09 12:04:41.820] [nas] [info] PDU Session establishment is successful PSI[1]
[2023-01-09 12:04:41.897] [app] [info] Connection setup for PDU session[1] is successful, TUN interface[uesimtun116, 10.60.1.65] is up.
[2023-01-09 12:04:56.281] [nas] [debug] Sending PDU Session Release Request for PSI[1]
[2023-01-09 12:04:56.524] [nas] [debug] PDU Session Release Command received
[2023-01-09 12:04:56.524] [nas] [debug] Performing local release of PDU session[1]
[2023-01-09 12:04:57.087] [nas] [debug] Sending PDU Session Establishment Request
[2023-01-09 12:04:57.087] [nas] [debug] UAC access attempt is allowed for identity[0], category[MO_sig]
[2023-01-09 12:04:57.133] [nas] [debug] PDU Session Establishment Accept received
[2023-01-09 12:04:57.133] [nas] [info] PDU Session establishment is successful PSI[1]
[2023-01-09 12:04:57.210] [app] [info] Connection setup for PDU session[1] is successful, TUN interface[uesimtun64, 10.60.1.108] is up.
[2023-01-09 12:05:10.323] [nas] [debug] De-registration required due to [NORMAL]
[2023-01-09 12:05:10.333] [nas] [debug] Starting de-registration procedure due to [NORMAL]
[2023-01-09 12:05:10.333] [nas] [debug] Performing local release of PDU session[1]
[2023-01-09 12:05:10.333] [nas] [info] UE switches to state [MM-DEREGISTER-INITIATED]
[2023-01-09 12:05:10.399] [nas] [debug] De-registration accept received
[2023-01-09 12:05:10.399] [nas] [info] UE switches to state [MM-DEREGISTERED/PS]
[2023-01-09 12:05:10.399] [nas] [info] De-registration is successful
[2023-01-09 12:05:10.399] [nas] [info] UE switches to state [MM-DEREGISTERED/NORMAL-SERVICE]
[2023-01-09 12:05:10.399] [nas] [debug] Initial registration required due to [MM-DEREG-NORMAL-SERVICE]
[2023-01-09 12:05:10.399] [nas] [debug] Sending Initial Registration
[2023-01-09 12:05:10.399] [nas] [debug] Deleting NAS security context
[2023-01-09 12:05:10.399] [nas] [info] UE switches to state [MM-REGISTER-INITIATED]
[2023-01-09 12:05:10.399] [rrc] [debug] RRC Release received
[2023-01-09 12:05:10.399] [nas] [info] UE switches to state [CM-IDLE]
[2023-01-09 12:05:10.399] [nas] [info] UE switches to state [MM-DEREGISTERED/PS]
[2023-01-09 12:05:10.399] [nas] [info] UE switches to state [5U2-NOT-UPDATED]
[2023-01-09 12:05:10.399] [nas] [info] UE switches to state [MM-DEREGISTERED/ATTEMPTING-REGISTRATION]
[2023-01-09 12:05:21.156] [nas] [debug] NAS timer[3511] expired [1]
[2023-01-09 12:05:21.156] [nas] [debug] Initial registration required due to [T3511-EXPIRY-IN-ATT-REG]
[2023-01-09 12:05:21.156] [nas] [debug] UAC access attempt is allowed for identity[0], category[MO_sig]
[2023-01-09 12:05:21.156] [nas] [debug] Sending Initial Registration
[2023-01-09 12:05:21.156] [nas] [info] UE switches to state [MM-REGISTER-INITIATED]
[2023-01-09 12:05:21.156] [rrc] [debug] Sending RRC Setup Request
[2023-01-09 12:05:21.156] [rrc] [info] RRC connection established
[2023-01-09 12:05:21.156] [rrc] [info] UE switches to state [RRC-CONNECTED]
[2023-01-09 12:05:21.156] [nas] [info] UE switches to state [CM-CONNECTED]
[2023-01-09 12:05:21.295] [nas] [debug] Authentication Request received
[2023-01-09 12:05:21.343] [nas] [debug] Security Mode Command received
[2023-01-09 12:05:21.343] [nas] [debug] Selected integrity[2] ciphering[0]
[2023-01-09 12:05:21.379] [nas] [debug] Registration accept received
[2023-01-09 12:05:21.379] [nas] [info] UE switches to state [MM-REGISTERED/NORMAL-SERVICE]
[2023-01-09 12:05:21.379] [nas] [info] UE switches to state [5U1-UPDATED]
[2023-01-09 12:05:21.379] [nas] [debug] Sending Registration Complete
[2023-01-09 12:05:21.379] [nas] [info] Initial Registration is successful
[2023-01-09 12:05:21.379] [nas] [debug] Sending PDU Session Establishment Request
[2023-01-09 12:05:21.379] [nas] [debug] UAC access attempt is allowed for identity[0], category[MO_sig]
[2023-01-09 12:05:21.482] [nas] [debug] PDU Session Establishment Accept received
[2023-01-09 12:05:21.482] [nas] [info] PDU Session establishment is successful PSI[1]
[2023-01-09 12:05:21.575] [app] [info] Connection setup for PDU session[1] is successful, TUN interface[uesimtun123, 10.60.1.179] is up.
[2023-01-09 12:05:35.383] [nas] [debug] Sending PDU Session Release Request for PSI[1]
[2023-01-09 12:05:35.402] [nas] [error] PDU Session Release Reject received [REQUEST_REJECTED_UNSPECIFIED]
[2023-01-09 12:05:35.402] [nas] [error] PS release reject received without being requested
[2023-01-09 12:05:35.402] [nas] [warning] Sending SM Cause[MESSAGE_TYPE_NOT_COMPATIBLE_WITH_THE_PROTOCOL_STATE] for PSI[1]
[2023-01-09 12:05:40.448] [nas] [debug] Sending PDU Session Release Request for PSI[1]
[2023-01-09 12:05:40.492] [nas] [error] PDU Session Release Reject received [REQUEST_REJECTED_UNSPECIFIED]
[2023-01-09 12:05:40.492] [nas] [error] PS release reject received without being requested
[2023-01-09 12:05:40.492] [nas] [warning] Sending SM Cause[MESSAGE_TYPE_NOT_COMPATIBLE_WITH_THE_PROTOCOL_STATE] for PSI[1]
[2023-01-09 12:05:46.554] [nas] [warning] PDU session release procedure could not start: PS[2] is not active already
[2023-01-09 12:06:00.591] [nas] [debug] De-registration required due to [NORMAL]
[2023-01-09 12:06:00.601] [nas] [debug] Starting de-registration procedure due to [NORMAL]
[2023-01-09 12:06:00.601] [nas] [debug] Performing local release of PDU session[1]
[2023-01-09 12:06:00.601] [nas] [info] UE switches to state [MM-DEREGISTER-INITIATED]
[2023-01-09 12:06:00.681] [nas] [debug] De-registration accept received
[2023-01-09 12:06:00.681] [nas] [info] UE switches to state [MM-DEREGISTERED/PS]
[2023-01-09 12:06:00.681] [nas] [info] De-registration is successful
[2023-01-09 12:06:00.681] [nas] [info] UE switches to state [MM-DEREGISTERED/NORMAL-SERVICE]
[2023-01-09 12:06:00.681] [nas] [debug] Initial registration required due to [MM-DEREG-NORMAL-SERVICE]
[2023-01-09 12:06:00.681] [nas] [debug] Sending Initial Registration
[2023-01-09 12:06:00.681] [nas] [debug] Deleting NAS security context
[2023-01-09 12:06:00.681] [nas] [info] UE switches to state [MM-REGISTER-INITIATED]
[2023-01-09 12:06:00.682] [rrc] [debug] RRC Release received
[2023-01-09 12:06:00.682] [nas] [info] UE switches to state [CM-IDLE]
[2023-01-09 12:06:00.682] [nas] [info] UE switches to state [MM-DEREGISTERED/PS]
[2023-01-09 12:06:00.682] [nas] [info] UE switches to state [5U2-NOT-UPDATED]
[2023-01-09 12:06:00.682] [nas] [info] UE switches to state [MM-DEREGISTERED/ATTEMPTING-REGISTRATION]
[2023-01-09 12:06:11.215] [nas] [debug] NAS timer[3511] expired [1]
[2023-01-09 12:06:11.215] [nas] [debug] Initial registration required due to [T3511-EXPIRY-IN-ATT-REG]
[2023-01-09 12:06:11.215] [nas] [debug] UAC access attempt is allowed for identity[0], category[MO_sig]
[2023-01-09 12:06:11.215] [nas] [debug] Sending Initial Registration
[2023-01-09 12:06:11.215] [nas] [info] UE switches to state [MM-REGISTER-INITIATED]
[2023-01-09 12:06:11.215] [rrc] [debug] Sending RRC Setup Request
[2023-01-09 12:06:11.215] [rrc] [info] RRC connection established
[2023-01-09 12:06:11.215] [rrc] [info] UE switches to state [RRC-CONNECTED]
[2023-01-09 12:06:11.215] [nas] [info] UE switches to state [CM-CONNECTED]
[2023-01-09 12:06:11.295] [nas] [debug] Authentication Request received
[2023-01-09 12:06:11.322] [nas] [debug] Security Mode Command received
[2023-01-09 12:06:11.322] [nas] [debug] Selected integrity[2] ciphering[0]
[2023-01-09 12:06:11.374] [nas] [debug] Registration accept received
[2023-01-09 12:06:11.374] [nas] [info] UE switches to state [MM-REGISTERED/NORMAL-SERVICE]
[2023-01-09 12:06:11.374] [nas] [info] UE switches to state [5U1-UPDATED]
[2023-01-09 12:06:11.374] [nas] [debug] Sending Registration Complete
[2023-01-09 12:06:11.374] [nas] [info] Initial Registration is successful
[2023-01-09 12:06:11.374] [nas] [debug] Sending PDU Session Establishment Request
[2023-01-09 12:06:11.380] [nas] [debug] UAC access attempt is allowed for identity[0], category[MO_sig]
[2023-01-09 12:06:11.483] [nas] [debug] PDU Session Establishment Accept received
[2023-01-09 12:06:11.483] [nas] [info] PDU Session establishment is successful PSI[1]
[2023-01-09 12:06:11.628] [app] [info] Connection setup for PDU session[1] is successful, TUN interface[uesimtun23, 10.60.2.59] is up.
[2023-01-09 12:06:34.681] [nas] [debug] Sending PDU Session Establishment Request
[2023-01-09 12:06:34.782] [nas] [error] No response from RRC from UAC checks, considering access attempt is barred
[2023-01-09 12:06:51.271] [nas] [warning] Retransmitting PDU Session Establishment Request due to T3580 expiry
[2023-01-09 12:06:51.274] [nas] [debug] UAC access attempt is allowed for identity[0], category[MO_sig]
[2023-01-09 12:06:51.449] [nas] [debug] PDU Session Establishment Accept received
[2023-01-09 12:06:51.449] [nas] [info] PDU Session establishment is successful PSI[2]
[2023-01-09 12:06:51.528] [app] [info] Connection setup for PDU session[2] is successful, TUN interface[uesimtun25, 10.60.2.171] is up.
[2023-01-09 12:07:07.956] [nas] [warning] PDU session release procedure could not start: PS[3] is not active already
[2023-01-09 12:07:13.983] [nas] [debug] Sending PDU Session Establishment Request
[2023-01-09 12:07:14.084] [nas] [error] No response from RRC from UAC checks, considering access attempt is barred
[2023-01-09 12:07:30.321] [nas] [warning] Retransmitting PDU Session Establishment Request due to T3580 expiry
[2023-01-09 12:07:30.321] [nas] [debug] UAC access attempt is allowed for identity[0], category[MO_sig]
[2023-01-09 12:07:30.522] [nas] [debug] PDU Session Establishment Accept received
[2023-01-09 12:07:30.522] [nas] [info] PDU Session establishment is successful PSI[3]
[2023-01-09 12:07:30.660] [app] [info] Connection setup for PDU session[3] is successful, TUN interface[uesimtun117, 10.60.3.17] is up.
[2023-01-09 12:07:49.143] [nas] [debug] Sending PDU Session Release Request for PSI[1]
[2023-01-09 12:07:49.143] [nas] [debug] Sending PDU Session Release Request for PSI[2]
[2023-01-09 12:07:49.143] [nas] [debug] Sending PDU Session Release Request for PSI[3]
[2023-01-09 12:07:49.160] [nas] [error] PDU Session Release Reject received [REQUEST_REJECTED_UNSPECIFIED]
[2023-01-09 12:07:49.160] [nas] [error] PS release reject received without being requested
[2023-01-09 12:07:49.160] [nas] [warning] Sending SM Cause[MESSAGE_TYPE_NOT_COMPATIBLE_WITH_THE_PROTOCOL_STATE] for PSI[1]
[2023-01-09 12:07:49.165] [nas] [error] PDU Session Release Reject received [REQUEST_REJECTED_UNSPECIFIED]
[2023-01-09 12:07:49.165] [nas] [error] PS release reject received without being requested
[2023-01-09 12:07:49.165] [nas] [warning] Sending SM Cause[MESSAGE_TYPE_NOT_COMPATIBLE_WITH_THE_PROTOCOL_STATE] for PSI[2]
[2023-01-09 12:07:49.171] [nas] [debug] PDU Session Release Command received
[2023-01-09 12:07:49.171] [nas] [debug] Performing local release of PDU session[3]
[2023-01-09 12:08:01.247] [nas] [warning] PDU session release procedure could not start: PS[3] is not active already
[2023-01-09 12:08:06.275] [nas] [debug] De-registration required due to [NORMAL]
[2023-01-09 12:08:06.286] [nas] [debug] Starting de-registration procedure due to [NORMAL]
[2023-01-09 12:08:06.286] [nas] [debug] Performing local release of PDU session[1]
[2023-01-09 12:08:06.286] [nas] [debug] Performing local release of PDU session[2]
[2023-01-09 12:08:06.286] [nas] [info] UE switches to state [MM-DEREGISTER-INITIATED]
[2023-01-09 12:08:07.319] [nas] [debug] De-registration accept received
[2023-01-09 12:08:07.319] [nas] [info] UE switches to state [MM-DEREGISTERED/PS]
[2023-01-09 12:08:07.319] [nas] [info] De-registration is successful
[2023-01-09 12:08:07.319] [nas] [info] UE switches to state [MM-DEREGISTERED/NORMAL-SERVICE]
[2023-01-09 12:08:07.319] [nas] [debug] Initial registration required due to [MM-DEREG-NORMAL-SERVICE]
[2023-01-09 12:08:07.319] [nas] [debug] Sending Initial Registration
[2023-01-09 12:08:07.319] [nas] [debug] Deleting NAS security context
[2023-01-09 12:08:07.319] [nas] [info] UE switches to state [MM-REGISTER-INITIATED]
[2023-01-09 12:08:07.320] [rrc] [debug] RRC Release received
[2023-01-09 12:08:07.320] [nas] [info] UE switches to state [CM-IDLE]
[2023-01-09 12:08:07.320] [nas] [info] UE switches to state [MM-DEREGISTERED/PS]
[2023-01-09 12:08:07.320] [nas] [info] UE switches to state [5U2-NOT-UPDATED]
[2023-01-09 12:08:07.320] [nas] [info] UE switches to state [MM-DEREGISTERED/ATTEMPTING-REGISTRATION]
[2023-01-09 12:08:17.370] [nas] [debug] NAS timer[3511] expired [1]
[2023-01-09 12:08:17.370] [nas] [debug] Initial registration required due to [T3511-EXPIRY-IN-ATT-REG]
[2023-01-09 12:08:17.370] [nas] [debug] UAC access attempt is allowed for identity[0], category[MO_sig]
[2023-01-09 12:08:17.370] [nas] [debug] Sending Initial Registration
[2023-01-09 12:08:17.370] [nas] [info] UE switches to state [MM-REGISTER-INITIATED]
[2023-01-09 12:08:17.370] [rrc] [debug] Sending RRC Setup Request
[2023-01-09 12:08:17.370] [rrc] [info] RRC connection established
[2023-01-09 12:08:17.370] [rrc] [info] UE switches to state [RRC-CONNECTED]
[2023-01-09 12:08:17.370] [nas] [info] UE switches to state [CM-CONNECTED]
[2023-01-09 12:08:17.542] [nas] [debug] Authentication Request received
[2023-01-09 12:08:17.556] [nas] [debug] Security Mode Command received
[2023-01-09 12:08:17.556] [nas] [debug] Selected integrity[2] ciphering[0]
[2023-01-09 12:08:17.603] [nas] [debug] Registration accept received
[2023-01-09 12:08:17.603] [nas] [info] UE switches to state [MM-REGISTERED/NORMAL-SERVICE]
[2023-01-09 12:08:17.603] [nas] [info] UE switches to state [5U1-UPDATED]
[2023-01-09 12:08:17.603] [nas] [debug] Sending Registration Complete
[2023-01-09 12:08:17.603] [nas] [info] Initial Registration is successful
[2023-01-09 12:08:17.603] [nas] [debug] Sending PDU Session Establishment Request
[2023-01-09 12:08:17.603] [nas] [debug] UAC access attempt is allowed for identity[0], category[MO_sig]
[2023-01-09 12:08:17.679] [nas] [debug] PDU Session Establishment Accept received
[2023-01-09 12:08:17.679] [nas] [info] PDU Session establishment is successful PSI[1]
[2023-01-09 12:08:17.791] [app] [info] Connection setup for PDU session[1] is successful, TUN interface[uesimtun168, 10.60.3.130] is up.
[2023-01-09 12:08:33.335] [nas] [debug] Sending PDU Session Establishment Request
[2023-01-09 12:08:33.436] [nas] [error] No response from RRC from UAC checks, considering access attempt is barred
[2023-01-09 12:08:49.467] [nas] [warning] Retransmitting PDU Session Establishment Request due to T3580 expiry
[2023-01-09 12:08:49.472] [nas] [debug] UAC access attempt is allowed for identity[0], category[MO_sig]
[2023-01-09 12:08:49.509] [nas] [debug] PDU Session Establishment Accept received
[2023-01-09 12:08:49.509] [nas] [info] PDU Session establishment is successful PSI[2]
[2023-01-09 12:08:49.582] [app] [info] Connection setup for PDU session[2] is successful, TUN interface[uesimtun12, 10.60.3.212] is up.
[2023-01-09 12:09:00.505] [nas] [debug] Sending PDU Session Establishment Request
[2023-01-09 12:09:00.636] [nas] [error] No response from RRC from UAC checks, considering access attempt is barred
[2023-01-09 12:09:17.501] [nas] [warning] Retransmitting PDU Session Establishment Request due to T3580 expiry
[2023-01-09 12:09:17.504] [nas] [debug] UAC access attempt is allowed for identity[0], category[MO_sig]
[2023-01-09 12:09:30.737] [nas] [warning] PDU session release procedure could not start: PS[4] is not active already
[2023-01-09 12:09:33.517] [nas] [warning] Retransmitting PDU Session Establishment Request due to T3580 expiry
[2023-01-09 12:09:33.520] [nas] [debug] UAC access attempt is allowed for identity[0], category[MO_sig]
[2023-01-09 12:09:39.772] [nas] [debug] De-registration required due to [NORMAL]
[2023-01-09 12:09:39.782] [nas] [debug] Starting de-registration procedure due to [NORMAL]
[2023-01-09 12:09:39.782] [nas] [debug] Performing local release of PDU session[1]
[2023-01-09 12:09:39.782] [nas] [debug] Performing local release of PDU session[2]
[2023-01-09 12:09:39.782] [nas] [info] UE switches to state [MM-DEREGISTER-INITIATED]
[2023-01-09 12:09:49.533] [nas] [warning] Retransmitting PDU Session Establishment Request due to T3580 expiry
[2023-01-09 12:09:49.533] [nas] [debug] UAC access attempt is allowed for identity[0], category[MO_sig]
[2023-01-09 12:09:55.541] [nas] [debug] NAS timer[3521] expired [1]
[2023-01-09 12:09:55.541] [nas] [debug] Retransmitting De-registration Request due to T3521 expiry
