UERANSIM v3.2.6
[2023-01-09 12:02:34.935] [nas] [info] UE switches to state [MM-DEREGISTERED/PLMN-SEARCH]
[2023-01-09 12:02:34.937] [rrc] [debug] New signal detected for cell[1], total [1] cells in coverage
[2023-01-09 12:02:34.937] [nas] [info] Selected plmn[208/93]
[2023-01-09 12:02:34.937] [rrc] [info] Selected cell plmn[208/93] tac[1] category[SUITABLE]
[2023-01-09 12:02:34.937] [nas] [info] UE switches to state [MM-DEREGISTERED/PS]
[2023-01-09 12:02:34.937] [nas] [info] UE switches to state [MM-DEREGISTERED/NORMAL-SERVICE]
[2023-01-09 12:02:34.937] [nas] [debug] Initial registration required due to [MM-DEREG-NORMAL-SERVICE]
[2023-01-09 12:02:34.937] [nas] [debug] UAC access attempt is allowed for identity[0], category[MO_sig]
[2023-01-09 12:02:34.937] [nas] [debug] Sending Initial Registration
[2023-01-09 12:02:34.937] [nas] [info] UE switches to state [MM-REGISTER-INITIATED]
[2023-01-09 12:02:34.937] [rrc] [debug] Sending RRC Setup Request
[2023-01-09 12:02:34.938] [rrc] [info] RRC connection established
[2023-01-09 12:02:34.938] [rrc] [info] UE switches to state [RRC-CONNECTED]
[2023-01-09 12:02:34.938] [nas] [info] UE switches to state [CM-CONNECTED]
[2023-01-09 12:02:34.957] [nas] [debug] Authentication Request received
[2023-01-09 12:02:34.964] [nas] [debug] Security Mode Command received
[2023-01-09 12:02:34.964] [nas] [debug] Selected integrity[2] ciphering[0]
[2023-01-09 12:02:34.992] [nas] [debug] Registration accept received
[2023-01-09 12:02:34.992] [nas] [info] UE switches to state [MM-REGISTERED/NORMAL-SERVICE]
[2023-01-09 12:02:34.992] [nas] [debug] Sending Registration Complete
[2023-01-09 12:02:34.992] [nas] [info] Initial Registration is successful
[2023-01-09 12:02:34.992] [nas] [debug] Sending PDU Session Establishment Request
[2023-01-09 12:02:34.992] [nas] [debug] UAC access attempt is allowed for identity[0], category[MO_sig]
[2023-01-09 12:02:35.229] [nas] [debug] PDU Session Establishment Accept received
[2023-01-09 12:02:35.229] [nas] [info] PDU Session establishment is successful PSI[1]
[2023-01-09 12:02:35.263] [app] [info] Connection setup for PDU session[1] is successful, TUN interface[uesimtun23, 10.60.0.24] is up.
[2023-01-09 12:03:53.340] [nas] [warning] PDU session release procedure could not start: PS[2] is not active already
[2023-01-09 12:04:00.393] [nas] [debug] De-registration required due to [NORMAL]
[2023-01-09 12:04:00.403] [nas] [debug] Starting de-registration procedure due to [NORMAL]
[2023-01-09 12:04:00.403] [nas] [debug] Performing local release of PDU session[1]
[2023-01-09 12:04:00.403] [nas] [info] UE switches to state [MM-DEREGISTER-INITIATED]
[2023-01-09 12:04:00.555] [nas] [debug] De-registration accept received
[2023-01-09 12:04:00.555] [nas] [info] UE switches to state [MM-DEREGISTERED/PS]
[2023-01-09 12:04:00.555] [nas] [info] De-registration is successful
[2023-01-09 12:04:00.555] [nas] [info] UE switches to state [MM-DEREGISTERED/NORMAL-SERVICE]
[2023-01-09 12:04:00.555] [nas] [debug] Initial registration required due to [MM-DEREG-NORMAL-SERVICE]
[2023-01-09 12:04:00.555] [nas] [debug] Sending Initial Registration
[2023-01-09 12:04:00.555] [nas] [debug] Deleting NAS security context
[2023-01-09 12:04:00.555] [nas] [info] UE switches to state [MM-REGISTER-INITIATED]
[2023-01-09 12:04:00.557] [rrc] [debug] RRC Release received
[2023-01-09 12:04:00.557] [nas] [info] UE switches to state [CM-IDLE]
[2023-01-09 12:04:00.557] [nas] [info] UE switches to state [MM-DEREGISTERED/PS]
[2023-01-09 12:04:00.557] [nas] [info] UE switches to state [5U2-NOT-UPDATED]
[2023-01-09 12:04:00.557] [nas] [info] UE switches to state [MM-DEREGISTERED/ATTEMPTING-REGISTRATION]
[2023-01-09 12:04:11.034] [nas] [debug] NAS timer[3511] expired [1]
[2023-01-09 12:04:11.034] [nas] [debug] Initial registration required due to [T3511-EXPIRY-IN-ATT-REG]
[2023-01-09 12:04:11.041] [nas] [debug] UAC access attempt is allowed for identity[0], category[MO_sig]
[2023-01-09 12:04:11.041] [nas] [debug] Sending Initial Registration
[2023-01-09 12:04:11.041] [nas] [info] UE switches to state [MM-REGISTER-INITIATED]
[2023-01-09 12:04:11.041] [rrc] [debug] Sending RRC Setup Request
[2023-01-09 12:04:11.047] [rrc] [info] RRC connection established
[2023-01-09 12:04:11.047] [rrc] [info] UE switches to state [RRC-CONNECTED]
[2023-01-09 12:04:11.048] [nas] [info] UE switches to state [CM-CONNECTED]
[2023-01-09 12:04:11.515] [nas] [debug] Authentication Request received
[2023-01-09 12:04:11.559] [nas] [debug] Security Mode Command received
[2023-01-09 12:04:11.559] [nas] [debug] Selected integrity[2] ciphering[0]
[2023-01-09 12:04:11.599] [nas] [debug] Registration accept received
[2023-01-09 12:04:11.599] [nas] [info] UE switches to state [MM-REGISTERED/NORMAL-SERVICE]
[2023-01-09 12:04:11.599] [nas] [info] UE switches to state [5U1-UPDATED]
[2023-01-09 12:04:11.599] [nas] [debug] Sending Registration Complete
[2023-01-09 12:04:11.599] [nas] [info] Initial Registration is successful
[2023-01-09 12:04:11.599] [nas] [debug] Sending PDU Session Establishment Request
[2023-01-09 12:04:11.600] [nas] [debug] UAC access attempt is allowed for identity[0], category[MO_sig]
[2023-01-09 12:04:11.840] [nas] [debug] PDU Session Establishment Accept received
[2023-01-09 12:04:11.840] [nas] [info] PDU Session establishment is successful PSI[1]
[2023-01-09 12:04:11.914] [app] [info] Connection setup for PDU session[1] is successful, TUN interface[uesimtun115, 10.60.0.208] is up.
[2023-01-09 12:04:27.501] [nas] [debug] De-registration required due to [NORMAL]
[2023-01-09 12:04:27.510] [nas] [debug] Starting de-registration procedure due to [NORMAL]
[2023-01-09 12:04:27.511] [nas] [debug] Performing local release of PDU session[1]
[2023-01-09 12:04:27.511] [nas] [info] UE switches to state [MM-DEREGISTER-INITIATED]
[2023-01-09 12:04:27.547] [nas] [debug] De-registration accept received
[2023-01-09 12:04:27.547] [nas] [info] UE switches to state [MM-DEREGISTERED/PS]
[2023-01-09 12:04:27.547] [nas] [info] De-registration is successful
[2023-01-09 12:04:27.547] [nas] [info] UE switches to state [MM-DEREGISTERED/NORMAL-SERVICE]
[2023-01-09 12:04:27.547] [nas] [debug] Initial registration required due to [MM-DEREG-NORMAL-SERVICE]
[2023-01-09 12:04:27.547] [nas] [debug] Sending Initial Registration
[2023-01-09 12:04:27.547] [nas] [debug] Deleting NAS security context
[2023-01-09 12:04:27.547] [nas] [info] UE switches to state [MM-REGISTER-INITIATED]
[2023-01-09 12:04:27.547] [rrc] [debug] RRC Release received
[2023-01-09 12:04:27.547] [nas] [info] UE switches to state [CM-IDLE]
[2023-01-09 12:04:27.547] [nas] [info] UE switches to state [MM-DEREGISTERED/PS]
[2023-01-09 12:04:27.547] [nas] [info] UE switches to state [5U2-NOT-UPDATED]
[2023-01-09 12:04:27.547] [nas] [info] UE switches to state [MM-DEREGISTERED/ATTEMPTING-REGISTRATION]
[2023-01-09 12:04:38.072] [nas] [debug] NAS timer[3511] expired [1]
[2023-01-09 12:04:38.072] [nas] [debug] Initial registration required due to [T3511-EXPIRY-IN-ATT-REG]
[2023-01-09 12:04:38.074] [nas] [debug] UAC access attempt is allowed for identity[0], category[MO_sig]
[2023-01-09 12:04:38.074] [nas] [debug] Sending Initial Registration
[2023-01-09 12:04:38.074] [rrc] [debug] Sending RRC Setup Request
[2023-01-09 12:04:38.074] [nas] [info] UE switches to state [MM-REGISTER-INITIATED]
[2023-01-09 12:04:38.077] [rrc] [info] RRC connection established
[2023-01-09 12:04:38.077] [rrc] [info] UE switches to state [RRC-CONNECTED]
[2023-01-09 12:04:38.077] [nas] [info] UE switches to state [CM-CONNECTED]
[2023-01-09 12:04:38.282] [nas] [debug] Authentication Request received
[2023-01-09 12:04:38.336] [nas] [debug] Security Mode Command received
[2023-01-09 12:04:38.336] [nas] [debug] Selected integrity[2] ciphering[0]
[2023-01-09 12:04:38.389] [nas] [debug] Registration accept received
[2023-01-09 12:04:38.389] [nas] [info] UE switches to state [MM-REGISTERED/NORMAL-SERVICE]
[2023-01-09 12:04:38.389] [nas] [info] UE switches to state [5U1-UPDATED]
[2023-01-09 12:04:38.389] [nas] [debug] Sending Registration Complete
[2023-01-09 12:04:38.389] [nas] [info] Initial Registration is successful
[2023-01-09 12:04:38.389] [nas] [debug] Sending PDU Session Establishment Request
[2023-01-09 12:04:38.392] [nas] [debug] UAC access attempt is allowed for identity[0], category[MO_sig]
[2023-01-09 12:04:38.459] [nas] [debug] PDU Session Establishment Accept received
[2023-01-09 12:04:38.459] [nas] [info] PDU Session establishment is successful PSI[1]
[2023-01-09 12:04:38.575] [app] [info] Connection setup for PDU session[1] is successful, TUN interface[uesimtun0, 10.60.1.45] is up.
[2023-01-09 12:04:58.565] [nas] [debug] Sending PDU Session Release Request for PSI[1]
[2023-01-09 12:04:58.786] [nas] [debug] PDU Session Release Command received
[2023-01-09 12:04:58.786] [nas] [debug] Performing local release of PDU session[1]
[2023-01-09 12:04:59.185] [nas] [debug] Sending PDU Session Establishment Request
[2023-01-09 12:04:59.185] [nas] [debug] UAC access attempt is allowed for identity[0], category[MO_sig]
[2023-01-09 12:04:59.390] [nas] [debug] PDU Session Establishment Accept received
[2023-01-09 12:04:59.390] [nas] [info] PDU Session establishment is successful PSI[1]
[2023-01-09 12:04:59.639] [app] [info] Connection setup for PDU session[1] is successful, TUN interface[uesimtun28, 10.60.1.113] is up.
[2023-01-09 12:05:07.628] [nas] [debug] Sending PDU Session Release Request for PSI[1]
[2023-01-09 12:05:07.784] [nas] [debug] PDU Session Release Command received
[2023-01-09 12:05:07.784] [nas] [debug] Performing local release of PDU session[1]
[2023-01-09 12:05:08.000] [nas] [debug] Sending PDU Session Establishment Request
[2023-01-09 12:05:08.004] [nas] [debug] UAC access attempt is allowed for identity[0], category[MO_sig]
[2023-01-09 12:05:08.241] [nas] [debug] PDU Session Establishment Accept received
[2023-01-09 12:05:08.241] [nas] [info] PDU Session establishment is successful PSI[1]
[2023-01-09 12:05:08.316] [app] [info] Connection setup for PDU session[1] is successful, TUN interface[uesimtun28, 10.60.1.140] is up.
[2023-01-09 12:05:22.695] [nas] [debug] Sending PDU Session Establishment Request
[2023-01-09 12:05:22.800] [nas] [error] No response from RRC from UAC checks, considering access attempt is barred
[2023-01-09 12:05:39.144] [nas] [warning] Retransmitting PDU Session Establishment Request due to T3580 expiry
[2023-01-09 12:05:39.151] [nas] [debug] UAC access attempt is allowed for identity[0], category[MO_sig]
[2023-01-09 12:05:39.420] [nas] [debug] PDU Session Establishment Accept received
[2023-01-09 12:05:39.420] [nas] [info] PDU Session establishment is successful PSI[2]
[2023-01-09 12:05:39.665] [app] [info] Connection setup for PDU session[2] is successful, TUN interface[uesimtun73, 10.60.1.234] is up.
[2023-01-09 12:05:57.874] [nas] [debug] Sending PDU Session Release Request for PSI[1]
[2023-01-09 12:05:57.874] [nas] [debug] Sending PDU Session Release Request for PSI[2]
[2023-01-09 12:05:57.891] [nas] [error] PDU Session Release Reject received [REQUEST_REJECTED_UNSPECIFIED]
[2023-01-09 12:05:57.892] [nas] [error] PS release reject received without being requested
[2023-01-09 12:05:57.892] [nas] [warning] Sending SM Cause[MESSAGE_TYPE_NOT_COMPATIBLE_WITH_THE_PROTOCOL_STATE] for PSI[1]
[2023-01-09 12:05:57.899] [nas] [debug] PDU Session Release Command received
[2023-01-09 12:05:57.899] [nas] [debug] Performing local release of PDU session[2]
[2023-01-09 12:06:11.921] [nas] [debug] Sending PDU Session Release Request for PSI[1]
[2023-01-09 12:06:11.952] [nas] [error] PDU Session Release Reject received [REQUEST_REJECTED_UNSPECIFIED]
[2023-01-09 12:06:11.952] [nas] [error] PS release reject received without being requested
[2023-01-09 12:06:11.952] [nas] [warning] Sending SM Cause[MESSAGE_TYPE_NOT_COMPATIBLE_WITH_THE_PROTOCOL_STATE] for PSI[1]
[2023-01-09 12:06:26.017] [nas] [warning] PDU session release procedure could not start: PS[2] is not active already
[2023-01-09 12:06:37.081] [nas] [warning] PDU session release procedure could not start: PS[2] is not active already
[2023-01-09 12:06:50.127] [nas] [debug] Sending PDU Session Release Request for PSI[1]
[2023-01-09 12:06:50.348] [nas] [error] PDU Session Release Reject received [REQUEST_REJECTED_UNSPECIFIED]
[2023-01-09 12:06:50.348] [nas] [error] PS release reject received without being requested
[2023-01-09 12:06:50.348] [nas] [warning] Sending SM Cause[MESSAGE_TYPE_NOT_COMPATIBLE_WITH_THE_PROTOCOL_STATE] for PSI[1]
[2023-01-09 12:06:55.162] [nas] [debug] De-registration required due to [NORMAL]
[2023-01-09 12:06:55.172] [nas] [debug] Starting de-registration procedure due to [NORMAL]
[2023-01-09 12:06:55.172] [nas] [debug] Performing local release of PDU session[1]
[2023-01-09 12:06:55.172] [nas] [info] UE switches to state [MM-DEREGISTER-INITIATED]
[2023-01-09 12:06:55.333] [nas] [debug] De-registration accept received
[2023-01-09 12:06:55.333] [nas] [info] UE switches to state [MM-DEREGISTERED/PS]
[2023-01-09 12:06:55.333] [nas] [info] De-registration is successful
[2023-01-09 12:06:55.333] [nas] [info] UE switches to state [MM-DEREGISTERED/NORMAL-SERVICE]
[2023-01-09 12:06:55.333] [nas] [debug] Initial registration required due to [MM-DEREG-NORMAL-SERVICE]
[2023-01-09 12:06:55.333] [nas] [debug] Sending Initial Registration
[2023-01-09 12:06:55.333] [nas] [debug] Deleting NAS security context
[2023-01-09 12:06:55.333] [nas] [info] UE switches to state [MM-REGISTER-INITIATED]
[2023-01-09 12:06:55.334] [rrc] [debug] RRC Release received
[2023-01-09 12:06:55.335] [nas] [info] UE switches to state [CM-IDLE]
[2023-01-09 12:06:55.335] [nas] [info] UE switches to state [MM-DEREGISTERED/PS]
[2023-01-09 12:06:55.335] [nas] [info] UE switches to state [5U2-NOT-UPDATED]
[2023-01-09 12:06:55.335] [nas] [info] UE switches to state [MM-DEREGISTERED/ATTEMPTING-REGISTRATION]
[2023-01-09 12:07:06.255] [nas] [debug] NAS timer[3511] expired [1]
[2023-01-09 12:07:06.255] [nas] [debug] Initial registration required due to [T3511-EXPIRY-IN-ATT-REG]
[2023-01-09 12:07:06.255] [nas] [debug] UAC access attempt is allowed for identity[0], category[MO_sig]
[2023-01-09 12:07:06.255] [nas] [debug] Sending Initial Registration
[2023-01-09 12:07:06.255] [nas] [info] UE switches to state [MM-REGISTER-INITIATED]
[2023-01-09 12:07:06.255] [rrc] [debug] Sending RRC Setup Request
[2023-01-09 12:07:06.256] [rrc] [info] RRC connection established
[2023-01-09 12:07:06.256] [rrc] [info] UE switches to state [RRC-CONNECTED]
[2023-01-09 12:07:06.256] [nas] [info] UE switches to state [CM-CONNECTED]
[2023-01-09 12:07:06.462] [nas] [debug] Authentication Request received
[2023-01-09 12:07:06.478] [nas] [debug] Security Mode Command received
[2023-01-09 12:07:06.478] [nas] [debug] Selected integrity[2] ciphering[0]
[2023-01-09 12:07:06.708] [nas] [debug] Registration accept received
[2023-01-09 12:07:06.708] [nas] [info] UE switches to state [MM-REGISTERED/NORMAL-SERVICE]
[2023-01-09 12:07:06.708] [nas] [info] UE switches to state [5U1-UPDATED]
[2023-01-09 12:07:06.708] [nas] [debug] Sending Registration Complete
[2023-01-09 12:07:06.708] [nas] [info] Initial Registration is successful
[2023-01-09 12:07:06.708] [nas] [debug] Sending PDU Session Establishment Request
[2023-01-09 12:07:06.709] [nas] [debug] UAC access attempt is allowed for identity[0], category[MO_sig]
[2023-01-09 12:07:06.754] [nas] [debug] PDU Session Establishment Accept received
[2023-01-09 12:07:06.754] [nas] [info] PDU Session establishment is successful PSI[1]
[2023-01-09 12:07:06.841] [app] [info] Connection setup for PDU session[1] is successful, TUN interface[uesimtun149, 10.60.2.217] is up.
[2023-01-09 12:07:23.262] [nas] [warning] PDU session release procedure could not start: PS[2] is not active already
[2023-01-09 12:07:28.293] [nas] [debug] Sending PDU Session Establishment Request
[2023-01-09 12:07:28.395] [nas] [error] No response from RRC from UAC checks, considering access attempt is barred
[2023-01-09 12:07:44.296] [nas] [warning] Retransmitting PDU Session Establishment Request due to T3580 expiry
[2023-01-09 12:07:44.296] [nas] [debug] UAC access attempt is allowed for identity[0], category[MO_sig]
[2023-01-09 12:07:44.459] [nas] [debug] PDU Session Establishment Accept received
[2023-01-09 12:07:44.460] [nas] [info] PDU Session establishment is successful PSI[2]
[2023-01-09 12:07:44.596] [app] [info] Connection setup for PDU session[2] is successful, TUN interface[uesimtun56, 10.60.3.54] is up.
[2023-01-09 12:07:59.447] [nas] [debug] Sending PDU Session Establishment Request
[2023-01-09 12:07:59.549] [nas] [error] No response from RRC from UAC checks, considering access attempt is barred
[2023-01-09 12:08:16.333] [nas] [warning] Retransmitting PDU Session Establishment Request due to T3580 expiry
[2023-01-09 12:08:16.336] [nas] [debug] UAC access attempt is allowed for identity[0], category[MO_sig]
[2023-01-09 12:08:16.464] [nas] [debug] PDU Session Establishment Accept received
[2023-01-09 12:08:16.464] [nas] [info] PDU Session establishment is successful PSI[3]
[2023-01-09 12:08:16.534] [app] [info] Connection setup for PDU session[3] is successful, TUN interface[uesimtun144, 10.60.3.127] is up.
[2023-01-09 12:08:34.742] [nas] [debug] Sending PDU Session Release Request for PSI[2]
[2023-01-09 12:08:34.767] [nas] [error] PDU Session Release Reject received [REQUEST_REJECTED_UNSPECIFIED]
[2023-01-09 12:08:34.767] [nas] [error] PS release reject received without being requested
[2023-01-09 12:08:34.767] [nas] [warning] Sending SM Cause[MESSAGE_TYPE_NOT_COMPATIBLE_WITH_THE_PROTOCOL_STATE] for PSI[2]
[2023-01-09 12:08:39.800] [nas] [debug] De-registration required due to [NORMAL]
[2023-01-09 12:08:39.809] [nas] [debug] Starting de-registration procedure due to [NORMAL]
[2023-01-09 12:08:39.809] [nas] [debug] Performing local release of PDU session[1]
[2023-01-09 12:08:39.809] [nas] [debug] Performing local release of PDU session[2]
[2023-01-09 12:08:39.809] [nas] [debug] Performing local release of PDU session[3]
[2023-01-09 12:08:39.809] [nas] [info] UE switches to state [MM-DEREGISTER-INITIATED]
[2023-01-09 12:08:39.863] [nas] [debug] De-registration accept received
[2023-01-09 12:08:39.863] [nas] [info] UE switches to state [MM-DEREGISTERED/PS]
[2023-01-09 12:08:39.863] [nas] [info] De-registration is successful
[2023-01-09 12:08:39.863] [nas] [info] UE switches to state [MM-DEREGISTERED/NORMAL-SERVICE]
[2023-01-09 12:08:39.863] [nas] [debug] Initial registration required due to [MM-DEREG-NORMAL-SERVICE]
[2023-01-09 12:08:39.863] [nas] [debug] Sending Initial Registration
[2023-01-09 12:08:39.863] [nas] [debug] Deleting NAS security context
[2023-01-09 12:08:39.863] [nas] [info] UE switches to state [MM-REGISTER-INITIATED]
[2023-01-09 12:08:39.868] [rrc] [debug] RRC Release received
[2023-01-09 12:08:39.868] [nas] [info] UE switches to state [CM-IDLE]
[2023-01-09 12:08:39.868] [nas] [info] UE switches to state [MM-DEREGISTERED/PS]
[2023-01-09 12:08:39.868] [nas] [info] UE switches to state [5U2-NOT-UPDATED]
[2023-01-09 12:08:39.868] [nas] [info] UE switches to state [MM-DEREGISTERED/ATTEMPTING-REGISTRATION]
[2023-01-09 12:08:50.370] [nas] [debug] NAS timer[3511] expired [1]
[2023-01-09 12:08:50.370] [nas] [debug] Initial registration required due to [T3511-EXPIRY-IN-ATT-REG]
[2023-01-09 12:08:50.370] [nas] [debug] UAC access attempt is allowed for identity[0], category[MO_sig]
[2023-01-09 12:08:50.370] [nas] [debug] Sending Initial Registration
[2023-01-09 12:08:50.370] [nas] [info] UE switches to state [MM-REGISTER-INITIATED]
[2023-01-09 12:08:50.370] [rrc] [debug] Sending RRC Setup Request
[2023-01-09 12:08:50.370] [rrc] [info] RRC connection established
[2023-01-09 12:08:50.370] [rrc] [info] UE switches to state [RRC-CONNECTED]
[2023-01-09 12:08:50.370] [nas] [info] UE switches to state [CM-CONNECTED]
[2023-01-09 12:08:50.467] [nas] [debug] Authentication Request received
[2023-01-09 12:08:50.487] [nas] [debug] Security Mode Command received
[2023-01-09 12:08:50.487] [nas] [debug] Selected integrity[2] ciphering[0]
[2023-01-09 12:08:50.534] [nas] [debug] Registration accept received
[2023-01-09 12:08:50.534] [nas] [info] UE switches to state [MM-REGISTERED/NORMAL-SERVICE]
[2023-01-09 12:08:50.534] [nas] [info] UE switches to state [5U1-UPDATED]
[2023-01-09 12:08:50.534] [nas] [debug] Sending Registration Complete
[2023-01-09 12:08:50.534] [nas] [info] Initial Registration is successful
[2023-01-09 12:08:50.534] [nas] [debug] Sending PDU Session Establishment Request
[2023-01-09 12:08:50.539] [nas] [debug] UAC access attempt is allowed for identity[0], category[MO_sig]
[2023-01-09 12:08:50.627] [nas] [debug] PDU Session Establishment Accept received
[2023-01-09 12:08:50.627] [nas] [info] PDU Session establishment is successful PSI[1]
[2023-01-09 12:08:50.750] [app] [info] Connection setup for PDU session[1] is successful, TUN interface[uesimtun74, 10.60.3.214] is up.
[2023-01-09 12:09:08.889] [nas] [debug] Sending PDU Session Release Request for PSI[1]
[2023-01-09 12:09:15.919] [nas] [debug] De-registration required due to [NORMAL]
[2023-01-09 12:09:15.929] [nas] [debug] Starting de-registration procedure due to [NORMAL]
[2023-01-09 12:09:15.929] [nas] [debug] Performing local release of PDU session[1]
[2023-01-09 12:09:15.929] [nas] [info] UE switches to state [MM-DEREGISTER-INITIATED]
[2023-01-09 12:09:25.417] [nas] [warning] Retransmitting PDU Session Release Request due to T3582 expiry
[2023-01-09 12:09:31.423] [nas] [debug] NAS timer[3521] expired [1]
[2023-01-09 12:09:31.423] [nas] [debug] Retransmitting De-registration Request due to T3521 expiry
[2023-01-09 12:09:41.438] [nas] [warning] Retransmitting PDU Session Release Request due to T3582 expiry
[2023-01-09 12:09:46.451] [nas] [debug] NAS timer[3521] expired [2]
[2023-01-09 12:09:46.451] [nas] [debug] Retransmitting De-registration Request due to T3521 expiry
[2023-01-09 12:09:57.462] [nas] [warning] Retransmitting PDU Session Release Request due to T3582 expiry
[2023-01-09 12:10:01.466] [nas] [debug] NAS timer[3521] expired [3]
[2023-01-09 12:10:01.466] [nas] [debug] Retransmitting De-registration Request due to T3521 expiry
