UERANSIM v3.2.6
[2023-01-09 12:02:18.908] [nas] [info] UE switches to state [MM-DEREGISTERED/PLMN-SEARCH]
[2023-01-09 12:02:18.910] [rrc] [debug] New signal detected for cell[1], total [1] cells in coverage
[2023-01-09 12:02:18.910] [nas] [info] Selected plmn[208/93]
[2023-01-09 12:02:18.910] [rrc] [info] Selected cell plmn[208/93] tac[1] category[SUITABLE]
[2023-01-09 12:02:18.910] [nas] [info] UE switches to state [MM-DEREGISTERED/PS]
[2023-01-09 12:02:18.910] [nas] [info] UE switches to state [MM-DEREGISTERED/NORMAL-SERVICE]
[2023-01-09 12:02:18.910] [nas] [debug] Initial registration required due to [MM-DEREG-NORMAL-SERVICE]
[2023-01-09 12:02:18.912] [nas] [debug] UAC access attempt is allowed for identity[0], category[MO_sig]
[2023-01-09 12:02:18.912] [nas] [debug] Sending Initial Registration
[2023-01-09 12:02:18.912] [nas] [info] UE switches to state [MM-REGISTER-INITIATED]
[2023-01-09 12:02:18.912] [rrc] [debug] Sending RRC Setup Request
[2023-01-09 12:02:18.912] [rrc] [info] RRC connection established
[2023-01-09 12:02:18.912] [rrc] [info] UE switches to state [RRC-CONNECTED]
[2023-01-09 12:02:18.913] [nas] [info] UE switches to state [CM-CONNECTED]
[2023-01-09 12:02:18.927] [nas] [debug] Authentication Request received
[2023-01-09 12:02:18.935] [nas] [debug] Security Mode Command received
[2023-01-09 12:02:18.935] [nas] [debug] Selected integrity[2] ciphering[0]
[2023-01-09 12:02:18.961] [nas] [debug] Registration accept received
[2023-01-09 12:02:18.961] [nas] [info] UE switches to state [MM-REGISTERED/NORMAL-SERVICE]
[2023-01-09 12:02:18.961] [nas] [debug] Sending Registration Complete
[2023-01-09 12:02:18.961] [nas] [info] Initial Registration is successful
[2023-01-09 12:02:18.961] [nas] [debug] Sending PDU Session Establishment Request
[2023-01-09 12:02:18.961] [nas] [debug] UAC access attempt is allowed for identity[0], category[MO_sig]
[2023-01-09 12:02:19.190] [nas] [debug] PDU Session Establishment Accept received
[2023-01-09 12:02:19.198] [nas] [info] PDU Session establishment is successful PSI[1]
[2023-01-09 12:02:19.219] [app] [info] Connection setup for PDU session[1] is successful, TUN interface[uesimtun7, 10.60.0.8] is up.
[2023-01-09 12:03:53.331] [nas] [debug] De-registration required due to [NORMAL]
[2023-01-09 12:03:53.341] [nas] [debug] Starting de-registration procedure due to [NORMAL]
[2023-01-09 12:03:53.341] [nas] [debug] Performing local release of PDU session[1]
[2023-01-09 12:03:53.341] [nas] [info] UE switches to state [MM-DEREGISTER-INITIATED]
[2023-01-09 12:03:53.668] [nas] [debug] De-registration accept received
[2023-01-09 12:03:53.668] [nas] [info] UE switches to state [MM-DEREGISTERED/PS]
[2023-01-09 12:03:53.668] [nas] [info] De-registration is successful
[2023-01-09 12:03:53.668] [nas] [info] UE switches to state [MM-DEREGISTERED/NORMAL-SERVICE]
[2023-01-09 12:03:53.668] [nas] [debug] Initial registration required due to [MM-DEREG-NORMAL-SERVICE]
[2023-01-09 12:03:53.669] [nas] [debug] Sending Initial Registration
[2023-01-09 12:03:53.669] [nas] [debug] Deleting NAS security context
[2023-01-09 12:03:53.669] [nas] [info] UE switches to state [MM-REGISTER-INITIATED]
[2023-01-09 12:03:53.669] [rrc] [debug] RRC Release received
[2023-01-09 12:03:53.669] [nas] [info] UE switches to state [CM-IDLE]
[2023-01-09 12:03:53.669] [nas] [info] UE switches to state [MM-DEREGISTERED/PS]
[2023-01-09 12:03:53.669] [nas] [info] UE switches to state [5U2-NOT-UPDATED]
[2023-01-09 12:03:53.669] [nas] [info] UE switches to state [MM-DEREGISTERED/ATTEMPTING-REGISTRATION]
[2023-01-09 12:04:04.015] [nas] [debug] NAS timer[3511] expired [1]
[2023-01-09 12:04:04.015] [nas] [debug] Initial registration required due to [T3511-EXPIRY-IN-ATT-REG]
[2023-01-09 12:04:04.015] [nas] [debug] UAC access attempt is allowed for identity[0], category[MO_sig]
[2023-01-09 12:04:04.015] [nas] [debug] Sending Initial Registration
[2023-01-09 12:04:04.015] [nas] [info] UE switches to state [MM-REGISTER-INITIATED]
[2023-01-09 12:04:04.015] [rrc] [debug] Sending RRC Setup Request
[2023-01-09 12:04:04.016] [rrc] [info] RRC connection established
[2023-01-09 12:04:04.016] [rrc] [info] UE switches to state [RRC-CONNECTED]
[2023-01-09 12:04:04.016] [nas] [info] UE switches to state [CM-CONNECTED]
[2023-01-09 12:04:04.093] [nas] [debug] Authentication Request received
[2023-01-09 12:04:04.135] [nas] [debug] Security Mode Command received
[2023-01-09 12:04:04.135] [nas] [debug] Selected integrity[2] ciphering[0]
[2023-01-09 12:04:04.188] [nas] [debug] Registration accept received
[2023-01-09 12:04:04.188] [nas] [info] UE switches to state [MM-REGISTERED/NORMAL-SERVICE]
[2023-01-09 12:04:04.188] [nas] [info] UE switches to state [5U1-UPDATED]
[2023-01-09 12:04:04.188] [nas] [debug] Sending Registration Complete
[2023-01-09 12:04:04.189] [nas] [info] Initial Registration is successful
[2023-01-09 12:04:04.189] [nas] [debug] Sending PDU Session Establishment Request
[2023-01-09 12:04:04.189] [nas] [debug] UAC access attempt is allowed for identity[0], category[MO_sig]
[2023-01-09 12:04:04.331] [nas] [debug] PDU Session Establishment Accept received
[2023-01-09 12:04:04.331] [nas] [info] PDU Session establishment is successful PSI[1]
[2023-01-09 12:04:04.550] [app] [info] Connection setup for PDU session[1] is successful, TUN interface[uesimtun8, 10.60.0.159] is up.
[2023-01-09 12:04:25.446] [nas] [debug] Sending PDU Session Release Request for PSI[1]
[2023-01-09 12:04:25.525] [nas] [debug] PDU Session Release Command received
[2023-01-09 12:04:25.525] [nas] [debug] Performing local release of PDU session[1]
[2023-01-09 12:04:25.526] [nas] [debug] Sending PDU Session Establishment Request
[2023-01-09 12:04:25.528] [nas] [debug] UAC access attempt is allowed for identity[0], category[MO_sig]
[2023-01-09 12:04:25.770] [nas] [debug] PDU Session Establishment Accept received
[2023-01-09 12:04:25.770] [nas] [info] PDU Session establishment is successful PSI[1]
[2023-01-09 12:04:25.852] [app] [info] Connection setup for PDU session[1] is successful, TUN interface[uesimtun39, 10.60.1.4] is up.
[2023-01-09 12:04:34.536] [nas] [debug] De-registration required due to [NORMAL]
[2023-01-09 12:04:34.546] [nas] [debug] Starting de-registration procedure due to [NORMAL]
[2023-01-09 12:04:34.546] [nas] [debug] Performing local release of PDU session[1]
[2023-01-09 12:04:34.546] [nas] [info] UE switches to state [MM-DEREGISTER-INITIATED]
[2023-01-09 12:04:34.622] [nas] [debug] De-registration accept received
[2023-01-09 12:04:34.622] [nas] [info] UE switches to state [MM-DEREGISTERED/PS]
[2023-01-09 12:04:34.622] [nas] [info] De-registration is successful
[2023-01-09 12:04:34.622] [nas] [info] UE switches to state [MM-DEREGISTERED/NORMAL-SERVICE]
[2023-01-09 12:04:34.622] [nas] [debug] Initial registration required due to [MM-DEREG-NORMAL-SERVICE]
[2023-01-09 12:04:34.622] [nas] [debug] Sending Initial Registration
[2023-01-09 12:04:34.622] [nas] [debug] Deleting NAS security context
[2023-01-09 12:04:34.622] [nas] [info] UE switches to state [MM-REGISTER-INITIATED]
[2023-01-09 12:04:34.623] [rrc] [debug] RRC Release received
[2023-01-09 12:04:34.623] [nas] [info] UE switches to state [CM-IDLE]
[2023-01-09 12:04:34.623] [nas] [info] UE switches to state [MM-DEREGISTERED/PS]
[2023-01-09 12:04:34.623] [nas] [info] UE switches to state [5U2-NOT-UPDATED]
[2023-01-09 12:04:34.623] [nas] [info] UE switches to state [MM-DEREGISTERED/ATTEMPTING-REGISTRATION]
[2023-01-09 12:04:45.065] [nas] [debug] NAS timer[3511] expired [1]
[2023-01-09 12:04:45.065] [nas] [debug] Initial registration required due to [T3511-EXPIRY-IN-ATT-REG]
[2023-01-09 12:04:45.065] [nas] [debug] UAC access attempt is allowed for identity[0], category[MO_sig]
[2023-01-09 12:04:45.065] [nas] [debug] Sending Initial Registration
[2023-01-09 12:04:45.065] [nas] [info] UE switches to state [MM-REGISTER-INITIATED]
[2023-01-09 12:04:45.065] [rrc] [debug] Sending RRC Setup Request
[2023-01-09 12:04:45.066] [rrc] [info] RRC connection established
[2023-01-09 12:04:45.066] [rrc] [info] UE switches to state [RRC-CONNECTED]
[2023-01-09 12:04:45.066] [nas] [info] UE switches to state [CM-CONNECTED]
[2023-01-09 12:04:45.080] [nas] [debug] Authentication Request received
[2023-01-09 12:04:45.087] [nas] [debug] Security Mode Command received
[2023-01-09 12:04:45.087] [nas] [debug] Selected integrity[2] ciphering[0]
[2023-01-09 12:04:45.113] [nas] [debug] Registration accept received
[2023-01-09 12:04:45.113] [nas] [info] UE switches to state [MM-REGISTERED/NORMAL-SERVICE]
[2023-01-09 12:04:45.113] [nas] [info] UE switches to state [5U1-UPDATED]
[2023-01-09 12:04:45.113] [nas] [debug] Sending Registration Complete
[2023-01-09 12:04:45.113] [nas] [info] Initial Registration is successful
[2023-01-09 12:04:45.113] [nas] [debug] Sending PDU Session Establishment Request
[2023-01-09 12:04:45.113] [nas] [debug] UAC access attempt is allowed for identity[0], category[MO_sig]
[2023-01-09 12:04:45.182] [nas] [debug] PDU Session Establishment Accept received
[2023-01-09 12:04:45.182] [nas] [info] PDU Session establishment is successful PSI[1]
[2023-01-09 12:04:45.466] [app] [info] Connection setup for PDU session[1] is successful, TUN interface[uesimtun122, 10.60.1.75] is up.
[2023-01-09 12:04:59.666] [nas] [debug] Sending PDU Session Establishment Request
[2023-01-09 12:04:59.767] [nas] [error] No response from RRC from UAC checks, considering access attempt is barred
[2023-01-09 12:05:16.100] [nas] [warning] Retransmitting PDU Session Establishment Request due to T3580 expiry
[2023-01-09 12:05:16.100] [nas] [debug] UAC access attempt is allowed for identity[0], category[MO_sig]
[2023-01-09 12:05:16.130] [nas] [debug] PDU Session Establishment Accept received
[2023-01-09 12:05:16.130] [nas] [info] PDU Session establishment is successful PSI[2]
[2023-01-09 12:05:16.233] [app] [info] Connection setup for PDU session[2] is successful, TUN interface[uesimtun89, 10.60.1.160] is up.
[2023-01-09 12:05:25.823] [nas] [debug] Sending PDU Session Release Request for PSI[1]
[2023-01-09 12:05:25.823] [nas] [debug] Sending PDU Session Release Request for PSI[2]
[2023-01-09 12:05:25.962] [nas] [error] PDU Session Release Reject received [REQUEST_REJECTED_UNSPECIFIED]
[2023-01-09 12:05:25.962] [nas] [error] PS release reject received without being requested
[2023-01-09 12:05:25.962] [nas] [warning] Sending SM Cause[MESSAGE_TYPE_NOT_COMPATIBLE_WITH_THE_PROTOCOL_STATE] for PSI[1]
[2023-01-09 12:05:25.966] [nas] [debug] PDU Session Release Command received
[2023-01-09 12:05:25.966] [nas] [debug] Performing local release of PDU session[2]
[2023-01-09 12:05:31.882] [nas] [debug] De-registration required due to [NORMAL]
[2023-01-09 12:05:31.892] [nas] [debug] Starting de-registration procedure due to [NORMAL]
[2023-01-09 12:05:31.892] [nas] [debug] Performing local release of PDU session[1]
[2023-01-09 12:05:31.892] [nas] [info] UE switches to state [MM-DEREGISTER-INITIATED]
[2023-01-09 12:05:31.902] [nas] [debug] De-registration accept received
[2023-01-09 12:05:31.902] [nas] [info] UE switches to state [MM-DEREGISTERED/PS]
[2023-01-09 12:05:31.902] [nas] [info] De-registration is successful
[2023-01-09 12:05:31.903] [nas] [info] UE switches to state [MM-DEREGISTERED/NORMAL-SERVICE]
[2023-01-09 12:05:31.903] [nas] [debug] Initial registration required due to [MM-DEREG-NORMAL-SERVICE]
[2023-01-09 12:05:31.903] [nas] [debug] Sending Initial Registration
[2023-01-09 12:05:31.903] [nas] [debug] Deleting NAS security context
[2023-01-09 12:05:31.903] [nas] [info] UE switches to state [MM-REGISTER-INITIATED]
[2023-01-09 12:05:31.906] [rrc] [debug] RRC Release received
[2023-01-09 12:05:31.906] [nas] [info] UE switches to state [CM-IDLE]
[2023-01-09 12:05:31.906] [nas] [info] UE switches to state [MM-DEREGISTERED/PS]
[2023-01-09 12:05:31.906] [nas] [info] UE switches to state [5U2-NOT-UPDATED]
[2023-01-09 12:05:31.906] [nas] [info] UE switches to state [MM-DEREGISTERED/ATTEMPTING-REGISTRATION]
[2023-01-09 12:05:42.128] [nas] [debug] NAS timer[3511] expired [1]
[2023-01-09 12:05:42.128] [nas] [debug] Initial registration required due to [T3511-EXPIRY-IN-ATT-REG]
[2023-01-09 12:05:42.128] [nas] [debug] UAC access attempt is allowed for identity[0], category[MO_sig]
[2023-01-09 12:05:42.128] [nas] [debug] Sending Initial Registration
[2023-01-09 12:05:42.128] [nas] [info] UE switches to state [MM-REGISTER-INITIATED]
[2023-01-09 12:05:42.128] [rrc] [debug] Sending RRC Setup Request
[2023-01-09 12:05:42.129] [rrc] [info] RRC connection established
[2023-01-09 12:05:42.129] [rrc] [info] UE switches to state [RRC-CONNECTED]
[2023-01-09 12:05:42.129] [nas] [info] UE switches to state [CM-CONNECTED]
[2023-01-09 12:05:42.145] [nas] [debug] Authentication Request received
[2023-01-09 12:05:42.153] [nas] [debug] Security Mode Command received
[2023-01-09 12:05:42.153] [nas] [debug] Selected integrity[2] ciphering[0]
[2023-01-09 12:05:42.177] [nas] [debug] Registration accept received
[2023-01-09 12:05:42.177] [nas] [info] UE switches to state [MM-REGISTERED/NORMAL-SERVICE]
[2023-01-09 12:05:42.177] [nas] [info] UE switches to state [5U1-UPDATED]
[2023-01-09 12:05:42.177] [nas] [debug] Sending Registration Complete
[2023-01-09 12:05:42.177] [nas] [info] Initial Registration is successful
[2023-01-09 12:05:42.177] [nas] [debug] Sending PDU Session Establishment Request
[2023-01-09 12:05:42.178] [nas] [debug] UAC access attempt is allowed for identity[0], category[MO_sig]
[2023-01-09 12:05:42.419] [nas] [debug] PDU Session Establishment Accept received
[2023-01-09 12:05:42.419] [nas] [info] PDU Session establishment is successful PSI[1]
[2023-01-09 12:05:42.561] [app] [info] Connection setup for PDU session[1] is successful, TUN interface[uesimtun24, 10.60.1.241] is up.
[2023-01-09 12:06:05.942] [nas] [debug] Sending PDU Session Release Request for PSI[1]
[2023-01-09 12:06:06.109] [nas] [error] PDU Session Release Reject received [REQUEST_REJECTED_UNSPECIFIED]
[2023-01-09 12:06:06.109] [nas] [error] PS release reject received without being requested
[2023-01-09 12:06:06.109] [nas] [warning] Sending SM Cause[MESSAGE_TYPE_NOT_COMPATIBLE_WITH_THE_PROTOCOL_STATE] for PSI[1]
[2023-01-09 12:06:12.988] [nas] [debug] Sending PDU Session Establishment Request
[2023-01-09 12:06:13.089] [nas] [error] No response from RRC from UAC checks, considering access attempt is barred
[2023-01-09 12:06:29.190] [nas] [warning] Retransmitting PDU Session Establishment Request due to T3580 expiry
[2023-01-09 12:06:29.190] [nas] [debug] UAC access attempt is allowed for identity[0], category[MO_sig]
[2023-01-09 12:06:29.269] [nas] [debug] PDU Session Establishment Accept received
[2023-01-09 12:06:29.269] [nas] [info] PDU Session establishment is successful PSI[2]
[2023-01-09 12:06:29.437] [app] [info] Connection setup for PDU session[2] is successful, TUN interface[uesimtun9, 10.60.2.113] is up.
[2023-01-09 12:06:48.164] [nas] [debug] Sending PDU Session Release Request for PSI[1]
[2023-01-09 12:06:48.164] [nas] [debug] Sending PDU Session Release Request for PSI[2]
[2023-01-09 12:06:48.212] [nas] [error] PDU Session Release Reject received [REQUEST_REJECTED_UNSPECIFIED]
[2023-01-09 12:06:48.212] [nas] [error] PS release reject received without being requested
[2023-01-09 12:06:48.212] [nas] [warning] Sending SM Cause[MESSAGE_TYPE_NOT_COMPATIBLE_WITH_THE_PROTOCOL_STATE] for PSI[1]
[2023-01-09 12:06:48.219] [nas] [error] PDU Session Release Reject received [REQUEST_REJECTED_UNSPECIFIED]
[2023-01-09 12:06:48.219] [nas] [error] PS release reject received without being requested
[2023-01-09 12:06:48.219] [nas] [warning] Sending SM Cause[MESSAGE_TYPE_NOT_COMPATIBLE_WITH_THE_PROTOCOL_STATE] for PSI[2]
[2023-01-09 12:07:02.203] [nas] [debug] Sending PDU Session Establishment Request
[2023-01-09 12:07:02.304] [nas] [error] No response from RRC from UAC checks, considering access attempt is barred
[2023-01-09 12:07:18.342] [nas] [warning] Retransmitting PDU Session Establishment Request due to T3580 expiry
[2023-01-09 12:07:18.342] [nas] [debug] UAC access attempt is allowed for identity[0], category[MO_sig]
[2023-01-09 12:07:18.560] [nas] [debug] PDU Session Establishment Accept received
[2023-01-09 12:07:18.560] [nas] [info] PDU Session establishment is successful PSI[3]
[2023-01-09 12:07:18.658] [app] [info] Connection setup for PDU session[3] is successful, TUN interface[uesimtun69, 10.60.2.238] is up.
[2023-01-09 12:07:33.363] [nas] [debug] Sending PDU Session Release Request for PSI[1]
[2023-01-09 12:07:33.364] [nas] [debug] Sending PDU Session Release Request for PSI[2]
[2023-01-09 12:07:33.364] [nas] [debug] Sending PDU Session Release Request for PSI[3]
[2023-01-09 12:07:33.470] [nas] [error] PDU Session Release Reject received [REQUEST_REJECTED_UNSPECIFIED]
[2023-01-09 12:07:33.470] [nas] [error] PS release reject received without being requested
[2023-01-09 12:07:33.470] [nas] [warning] Sending SM Cause[MESSAGE_TYPE_NOT_COMPATIBLE_WITH_THE_PROTOCOL_STATE] for PSI[1]
[2023-01-09 12:07:33.478] [nas] [error] PDU Session Release Reject received [REQUEST_REJECTED_UNSPECIFIED]
[2023-01-09 12:07:33.478] [nas] [error] PS release reject received without being requested
[2023-01-09 12:07:33.478] [nas] [warning] Sending SM Cause[MESSAGE_TYPE_NOT_COMPATIBLE_WITH_THE_PROTOCOL_STATE] for PSI[2]
[2023-01-09 12:07:33.482] [nas] [error] PDU Session Release Reject received [REQUEST_REJECTED_UNSPECIFIED]
[2023-01-09 12:07:33.482] [nas] [error] PS release reject received without being requested
[2023-01-09 12:07:33.482] [nas] [warning] Sending SM Cause[MESSAGE_TYPE_NOT_COMPATIBLE_WITH_THE_PROTOCOL_STATE] for PSI[3]
[2023-01-09 12:07:48.411] [nas] [debug] Sending PDU Session Establishment Request
[2023-01-09 12:07:48.513] [nas] [error] No response from RRC from UAC checks, considering access attempt is barred
[2023-01-09 12:08:04.418] [nas] [warning] Retransmitting PDU Session Establishment Request due to T3580 expiry
[2023-01-09 12:08:04.418] [nas] [debug] UAC access attempt is allowed for identity[0], category[MO_sig]
[2023-01-09 12:08:04.470] [nas] [debug] PDU Session Establishment Accept received
[2023-01-09 12:08:04.470] [nas] [info] PDU Session establishment is successful PSI[4]
[2023-01-09 12:08:04.540] [app] [info] Connection setup for PDU session[4] is successful, TUN interface[uesimtun16, 10.60.3.102] is up.
[2023-01-09 12:08:13.578] [nas] [debug] Sending PDU Session Establishment Request
[2023-01-09 12:08:13.679] [nas] [error] No response from RRC from UAC checks, considering access attempt is barred
[2023-01-09 12:08:30.454] [nas] [warning] Retransmitting PDU Session Establishment Request due to T3580 expiry
[2023-01-09 12:08:30.457] [nas] [debug] UAC access attempt is allowed for identity[0], category[MO_sig]
[2023-01-09 12:08:30.589] [nas] [debug] PDU Session Establishment Accept received
[2023-01-09 12:08:30.589] [nas] [info] PDU Session establishment is successful PSI[5]
[2023-01-09 12:08:30.708] [app] [info] Connection setup for PDU session[5] is successful, TUN interface[uesimtun75, 10.60.3.161] is up.
[2023-01-09 12:08:42.732] [nas] [debug] De-registration required due to [NORMAL]
[2023-01-09 12:08:42.742] [nas] [debug] Starting de-registration procedure due to [NORMAL]
[2023-01-09 12:08:42.742] [nas] [debug] Performing local release of PDU session[1]
[2023-01-09 12:08:42.742] [nas] [debug] Performing local release of PDU session[2]
[2023-01-09 12:08:42.742] [nas] [debug] Performing local release of PDU session[3]
[2023-01-09 12:08:42.742] [nas] [debug] Performing local release of PDU session[4]
[2023-01-09 12:08:42.742] [nas] [debug] Performing local release of PDU session[5]
[2023-01-09 12:08:42.742] [nas] [info] UE switches to state [MM-DEREGISTER-INITIATED]
[2023-01-09 12:08:42.907] [nas] [debug] De-registration accept received
[2023-01-09 12:08:42.907] [nas] [info] UE switches to state [MM-DEREGISTERED/PS]
[2023-01-09 12:08:42.908] [nas] [info] De-registration is successful
[2023-01-09 12:08:42.908] [nas] [info] UE switches to state [MM-DEREGISTERED/NORMAL-SERVICE]
[2023-01-09 12:08:42.908] [nas] [debug] Initial registration required due to [MM-DEREG-NORMAL-SERVICE]
[2023-01-09 12:08:42.908] [nas] [debug] Sending Initial Registration
[2023-01-09 12:08:42.908] [nas] [debug] Deleting NAS security context
[2023-01-09 12:08:42.908] [nas] [info] UE switches to state [MM-REGISTER-INITIATED]
[2023-01-09 12:08:42.911] [rrc] [debug] RRC Release received
[2023-01-09 12:08:42.911] [nas] [info] UE switches to state [CM-IDLE]
[2023-01-09 12:08:42.911] [nas] [info] UE switches to state [MM-DEREGISTERED/PS]
[2023-01-09 12:08:42.911] [nas] [info] UE switches to state [5U2-NOT-UPDATED]
[2023-01-09 12:08:42.911] [nas] [info] UE switches to state [MM-DEREGISTERED/ATTEMPTING-REGISTRATION]
[2023-01-09 12:08:53.481] [nas] [debug] NAS timer[3511] expired [1]
[2023-01-09 12:08:53.481] [nas] [debug] Initial registration required due to [T3511-EXPIRY-IN-ATT-REG]
[2023-01-09 12:08:53.487] [nas] [debug] UAC access attempt is allowed for identity[0], category[MO_sig]
[2023-01-09 12:08:53.487] [nas] [debug] Sending Initial Registration
[2023-01-09 12:08:53.487] [nas] [info] UE switches to state [MM-REGISTER-INITIATED]
[2023-01-09 12:08:53.487] [rrc] [debug] Sending RRC Setup Request
[2023-01-09 12:08:53.488] [rrc] [info] RRC connection established
[2023-01-09 12:08:53.488] [rrc] [info] UE switches to state [RRC-CONNECTED]
[2023-01-09 12:08:53.489] [nas] [info] UE switches to state [CM-CONNECTED]
[2023-01-09 12:08:53.767] [nas] [debug] Authentication Request received
[2023-01-09 12:08:53.979] [nas] [debug] Security Mode Command received
[2023-01-09 12:08:53.980] [nas] [debug] Selected integrity[2] ciphering[0]
[2023-01-09 12:08:54.021] [nas] [debug] Registration accept received
[2023-01-09 12:08:54.021] [nas] [info] UE switches to state [MM-REGISTERED/NORMAL-SERVICE]
[2023-01-09 12:08:54.021] [nas] [info] UE switches to state [5U1-UPDATED]
[2023-01-09 12:08:54.021] [nas] [debug] Sending Registration Complete
[2023-01-09 12:08:54.021] [nas] [info] Initial Registration is successful
[2023-01-09 12:08:54.021] [nas] [debug] Sending PDU Session Establishment Request
[2023-01-09 12:08:54.025] [nas] [debug] UAC access attempt is allowed for identity[0], category[MO_sig]
[2023-01-09 12:08:54.257] [nas] [debug] PDU Session Establishment Accept received
[2023-01-09 12:08:54.257] [nas] [info] PDU Session establishment is successful PSI[1]
[2023-01-09 12:08:54.322] [app] [info] Connection setup for PDU session[1] is successful, TUN interface[uesimtun49, 10.60.3.225] is up.
[2023-01-09 12:09:17.834] [nas] [debug] Sending PDU Session Release Request for PSI[1]
[2023-01-09 12:09:24.896] [nas] [debug] De-registration required due to [NORMAL]
[2023-01-09 12:09:24.904] [nas] [debug] Starting de-registration procedure due to [NORMAL]
[2023-01-09 12:09:24.904] [nas] [debug] Performing local release of PDU session[1]
[2023-01-09 12:09:24.904] [nas] [info] UE switches to state [MM-DEREGISTER-INITIATED]
[2023-01-09 12:09:34.528] [nas] [warning] Retransmitting PDU Session Release Request due to T3582 expiry
[2023-01-09 12:09:40.534] [nas] [debug] NAS timer[3521] expired [1]
[2023-01-09 12:09:40.534] [nas] [debug] Retransmitting De-registration Request due to T3521 expiry
[2023-01-09 12:09:50.549] [nas] [warning] Retransmitting PDU Session Release Request due to T3582 expiry
[2023-01-09 12:09:50.951] [nas] [debug] Sending PDU Session Establishment Request
[2023-01-09 12:09:51.052] [nas] [error] No response from RRC from UAC checks, considering access attempt is barred
[2023-01-09 12:09:55.554] [nas] [debug] NAS timer[3521] expired [2]
[2023-01-09 12:09:55.554] [nas] [debug] Retransmitting De-registration Request due to T3521 expiry
