UERANSIM v3.2.6
[2023-01-09 12:02:47.959] [nas] [info] UE switches to state [MM-DEREGISTERED/PLMN-SEARCH]
[2023-01-09 12:02:47.961] [rrc] [debug] New signal detected for cell[1], total [1] cells in coverage
[2023-01-09 12:02:47.961] [nas] [info] Selected plmn[208/93]
[2023-01-09 12:02:47.961] [rrc] [info] Selected cell plmn[208/93] tac[1] category[SUITABLE]
[2023-01-09 12:02:47.961] [nas] [info] UE switches to state [MM-DEREGISTERED/PS]
[2023-01-09 12:02:47.961] [nas] [info] UE switches to state [MM-DEREGISTERED/NORMAL-SERVICE]
[2023-01-09 12:02:47.961] [nas] [debug] Initial registration required due to [MM-DEREG-NORMAL-SERVICE]
[2023-01-09 12:02:47.961] [nas] [debug] UAC access attempt is allowed for identity[0], category[MO_sig]
[2023-01-09 12:02:47.961] [nas] [debug] Sending Initial Registration
[2023-01-09 12:02:47.961] [nas] [info] UE switches to state [MM-REGISTER-INITIATED]
[2023-01-09 12:02:47.962] [rrc] [debug] Sending RRC Setup Request
[2023-01-09 12:02:47.962] [rrc] [info] RRC connection established
[2023-01-09 12:02:47.962] [rrc] [info] UE switches to state [RRC-CONNECTED]
[2023-01-09 12:02:47.962] [nas] [info] UE switches to state [CM-CONNECTED]
[2023-01-09 12:02:47.978] [nas] [debug] Authentication Request received
[2023-01-09 12:02:47.984] [nas] [debug] Security Mode Command received
[2023-01-09 12:02:47.984] [nas] [debug] Selected integrity[2] ciphering[0]
[2023-01-09 12:02:48.014] [nas] [debug] Registration accept received
[2023-01-09 12:02:48.014] [nas] [info] UE switches to state [MM-REGISTERED/NORMAL-SERVICE]
[2023-01-09 12:02:48.014] [nas] [debug] Sending Registration Complete
[2023-01-09 12:02:48.014] [nas] [info] Initial Registration is successful
[2023-01-09 12:02:48.014] [nas] [debug] Sending PDU Session Establishment Request
[2023-01-09 12:02:48.016] [nas] [debug] UAC access attempt is allowed for identity[0], category[MO_sig]
[2023-01-09 12:02:48.253] [nas] [debug] PDU Session Establishment Accept received
[2023-01-09 12:02:48.253] [nas] [info] PDU Session establishment is successful PSI[1]
[2023-01-09 12:02:48.291] [app] [info] Connection setup for PDU session[1] is successful, TUN interface[uesimtun36, 10.60.0.37] is up.
[2023-01-09 12:03:52.105] [nas] [debug] Sending PDU Session Establishment Request
[2023-01-09 12:03:52.216] [nas] [error] No response from RRC from UAC checks, considering access attempt is barred
[2023-01-09 12:04:09.054] [nas] [warning] Retransmitting PDU Session Establishment Request due to T3580 expiry
[2023-01-09 12:04:09.056] [nas] [debug] UAC access attempt is allowed for identity[0], category[MO_sig]
[2023-01-09 12:04:09.285] [nas] [debug] PDU Session Establishment Accept received
[2023-01-09 12:04:09.285] [nas] [info] PDU Session establishment is successful PSI[2]
[2023-01-09 12:04:09.612] [app] [info] Connection setup for PDU session[2] is successful, TUN interface[uesimtun76, 10.60.0.179] is up.
[2023-01-09 12:04:17.267] [nas] [debug] Sending PDU Session Establishment Request
[2023-01-09 12:04:17.368] [nas] [error] No response from RRC from UAC checks, considering access attempt is barred
[2023-01-09 12:04:34.084] [nas] [warning] Retransmitting PDU Session Establishment Request due to T3580 expiry
[2023-01-09 12:04:34.086] [nas] [debug] UAC access attempt is allowed for identity[0], category[MO_sig]
[2023-01-09 12:04:34.135] [nas] [debug] PDU Session Establishment Accept received
[2023-01-09 12:04:34.135] [nas] [info] PDU Session establishment is successful PSI[3]
[2023-01-09 12:04:34.297] [app] [info] Connection setup for PDU session[3] is successful, TUN interface[uesimtun101, 10.60.1.28] is up.
[2023-01-09 12:04:42.403] [nas] [debug] Sending PDU Session Release Request for PSI[1]
[2023-01-09 12:04:42.403] [nas] [debug] Sending PDU Session Release Request for PSI[2]
[2023-01-09 12:04:42.403] [nas] [debug] Sending PDU Session Release Request for PSI[3]
[2023-01-09 12:04:42.497] [nas] [debug] PDU Session Release Command received
[2023-01-09 12:04:42.497] [nas] [debug] Performing local release of PDU session[1]
[2023-01-09 12:04:42.502] [nas] [error] PDU Session Release Reject received [REQUEST_REJECTED_UNSPECIFIED]
[2023-01-09 12:04:42.502] [nas] [error] PS release reject received without being requested
[2023-01-09 12:04:42.502] [nas] [warning] Sending SM Cause[MESSAGE_TYPE_NOT_COMPATIBLE_WITH_THE_PROTOCOL_STATE] for PSI[2]
[2023-01-09 12:04:42.510] [nas] [error] PDU Session Release Reject received [REQUEST_REJECTED_UNSPECIFIED]
[2023-01-09 12:04:42.510] [nas] [error] PS release reject received without being requested
[2023-01-09 12:04:42.510] [nas] [warning] Sending SM Cause[MESSAGE_TYPE_NOT_COMPATIBLE_WITH_THE_PROTOCOL_STATE] for PSI[3]
[2023-01-09 12:04:55.482] [nas] [debug] Sending PDU Session Release Request for PSI[2]
[2023-01-09 12:04:55.542] [nas] [error] PDU Session Release Reject received [REQUEST_REJECTED_UNSPECIFIED]
[2023-01-09 12:04:55.542] [nas] [error] PS release reject received without being requested
[2023-01-09 12:04:55.542] [nas] [warning] Sending SM Cause[MESSAGE_TYPE_NOT_COMPATIBLE_WITH_THE_PROTOCOL_STATE] for PSI[2]
[2023-01-09 12:05:01.532] [nas] [debug] Sending PDU Session Establishment Request
[2023-01-09 12:05:01.633] [nas] [error] No response from RRC from UAC checks, considering access attempt is barred
[2023-01-09 12:05:18.151] [nas] [warning] Retransmitting PDU Session Establishment Request due to T3580 expiry
[2023-01-09 12:05:18.151] [nas] [debug] UAC access attempt is allowed for identity[0], category[MO_sig]
[2023-01-09 12:05:18.330] [nas] [debug] PDU Session Establishment Accept received
[2023-01-09 12:05:18.330] [nas] [info] PDU Session establishment is successful PSI[1]
[2023-01-09 12:05:18.453] [app] [info] Connection setup for PDU session[1] is successful, TUN interface[uesimtun3, 10.60.1.168] is up.
[2023-01-09 12:05:36.702] [nas] [debug] Sending PDU Session Establishment Request
[2023-01-09 12:05:36.803] [nas] [error] No response from RRC from UAC checks, considering access attempt is barred
[2023-01-09 12:05:53.193] [nas] [warning] Retransmitting PDU Session Establishment Request due to T3580 expiry
[2023-01-09 12:05:53.194] [nas] [debug] UAC access attempt is allowed for identity[0], category[MO_sig]
[2023-01-09 12:05:53.290] [nas] [debug] PDU Session Establishment Accept received
[2023-01-09 12:05:53.290] [nas] [info] PDU Session establishment is successful PSI[4]
[2023-01-09 12:05:53.375] [app] [info] Connection setup for PDU session[4] is successful, TUN interface[uesimtun17, 10.60.2.13] is up.
[2023-01-09 12:06:01.865] [nas] [debug] Sending PDU Session Release Request for PSI[1]
[2023-01-09 12:06:01.865] [nas] [debug] Sending PDU Session Release Request for PSI[2]
[2023-01-09 12:06:01.865] [nas] [debug] Sending PDU Session Release Request for PSI[3]
[2023-01-09 12:06:01.865] [nas] [debug] Sending PDU Session Release Request for PSI[4]
[2023-01-09 12:06:01.907] [nas] [error] PDU Session Release Reject received [REQUEST_REJECTED_UNSPECIFIED]
[2023-01-09 12:06:01.907] [nas] [error] PS release reject received without being requested
[2023-01-09 12:06:01.907] [nas] [warning] Sending SM Cause[MESSAGE_TYPE_NOT_COMPATIBLE_WITH_THE_PROTOCOL_STATE] for PSI[1]
[2023-01-09 12:06:01.915] [nas] [error] PDU Session Release Reject received [REQUEST_REJECTED_UNSPECIFIED]
[2023-01-09 12:06:01.915] [nas] [error] PS release reject received without being requested
[2023-01-09 12:06:01.915] [nas] [warning] Sending SM Cause[MESSAGE_TYPE_NOT_COMPATIBLE_WITH_THE_PROTOCOL_STATE] for PSI[2]
[2023-01-09 12:06:01.915] [nas] [error] PDU Session Release Reject received [REQUEST_REJECTED_UNSPECIFIED]
[2023-01-09 12:06:01.915] [nas] [error] PS release reject received without being requested
[2023-01-09 12:06:01.915] [nas] [warning] Sending SM Cause[MESSAGE_TYPE_NOT_COMPATIBLE_WITH_THE_PROTOCOL_STATE] for PSI[3]
[2023-01-09 12:06:01.918] [nas] [error] PDU Session Release Reject received [REQUEST_REJECTED_UNSPECIFIED]
[2023-01-09 12:06:01.918] [nas] [error] PS release reject received without being requested
[2023-01-09 12:06:01.918] [nas] [warning] Sending SM Cause[MESSAGE_TYPE_NOT_COMPATIBLE_WITH_THE_PROTOCOL_STATE] for PSI[4]
[2023-01-09 12:06:12.911] [nas] [debug] De-registration required due to [NORMAL]
[2023-01-09 12:06:12.920] [nas] [debug] Starting de-registration procedure due to [NORMAL]
[2023-01-09 12:06:12.920] [nas] [debug] Performing local release of PDU session[1]
[2023-01-09 12:06:12.920] [nas] [debug] Performing local release of PDU session[2]
[2023-01-09 12:06:12.920] [nas] [debug] Performing local release of PDU session[3]
[2023-01-09 12:06:12.921] [nas] [debug] Performing local release of PDU session[4]
[2023-01-09 12:06:12.921] [nas] [info] UE switches to state [MM-DEREGISTER-INITIATED]
[2023-01-09 12:06:12.986] [nas] [debug] De-registration accept received
[2023-01-09 12:06:12.986] [nas] [info] UE switches to state [MM-DEREGISTERED/PS]
[2023-01-09 12:06:12.986] [nas] [info] De-registration is successful
[2023-01-09 12:06:12.986] [nas] [info] UE switches to state [MM-DEREGISTERED/NORMAL-SERVICE]
[2023-01-09 12:06:12.986] [nas] [debug] Initial registration required due to [MM-DEREG-NORMAL-SERVICE]
[2023-01-09 12:06:12.986] [nas] [debug] Sending Initial Registration
[2023-01-09 12:06:12.986] [nas] [debug] Deleting NAS security context
[2023-01-09 12:06:12.986] [nas] [info] UE switches to state [MM-REGISTER-INITIATED]
[2023-01-09 12:06:12.994] [rrc] [debug] RRC Release received
[2023-01-09 12:06:12.995] [nas] [info] UE switches to state [CM-IDLE]
[2023-01-09 12:06:12.995] [nas] [info] UE switches to state [MM-DEREGISTERED/PS]
[2023-01-09 12:06:12.995] [nas] [info] UE switches to state [5U2-NOT-UPDATED]
[2023-01-09 12:06:12.995] [nas] [info] UE switches to state [MM-DEREGISTERED/ATTEMPTING-REGISTRATION]
[2023-01-09 12:06:23.236] [nas] [debug] NAS timer[3511] expired [1]
[2023-01-09 12:06:23.236] [nas] [debug] Initial registration required due to [T3511-EXPIRY-IN-ATT-REG]
[2023-01-09 12:06:23.236] [nas] [debug] UAC access attempt is allowed for identity[0], category[MO_sig]
[2023-01-09 12:06:23.236] [nas] [debug] Sending Initial Registration
[2023-01-09 12:06:23.236] [nas] [info] UE switches to state [MM-REGISTER-INITIATED]
[2023-01-09 12:06:23.236] [rrc] [debug] Sending RRC Setup Request
[2023-01-09 12:06:23.240] [rrc] [info] RRC connection established
[2023-01-09 12:06:23.240] [rrc] [info] UE switches to state [RRC-CONNECTED]
[2023-01-09 12:06:23.240] [nas] [info] UE switches to state [CM-CONNECTED]
[2023-01-09 12:06:23.457] [nas] [debug] Authentication Request received
[2023-01-09 12:06:23.480] [nas] [debug] Security Mode Command received
[2023-01-09 12:06:23.480] [nas] [debug] Selected integrity[2] ciphering[0]
[2023-01-09 12:06:23.511] [nas] [debug] Registration accept received
[2023-01-09 12:06:23.511] [nas] [info] UE switches to state [MM-REGISTERED/NORMAL-SERVICE]
[2023-01-09 12:06:23.511] [nas] [info] UE switches to state [5U1-UPDATED]
[2023-01-09 12:06:23.511] [nas] [debug] Sending Registration Complete
[2023-01-09 12:06:23.511] [nas] [info] Initial Registration is successful
[2023-01-09 12:06:23.511] [nas] [debug] Sending PDU Session Establishment Request
[2023-01-09 12:06:23.511] [nas] [debug] UAC access attempt is allowed for identity[0], category[MO_sig]
[2023-01-09 12:06:23.750] [nas] [debug] PDU Session Establishment Accept received
[2023-01-09 12:06:23.750] [nas] [info] PDU Session establishment is successful PSI[1]
[2023-01-09 12:06:23.841] [app] [info] Connection setup for PDU session[1] is successful, TUN interface[uesimtun68, 10.60.2.93] is up.
[2023-01-09 12:06:47.976] [nas] [debug] De-registration required due to [NORMAL]
[2023-01-09 12:06:47.986] [nas] [debug] Starting de-registration procedure due to [NORMAL]
[2023-01-09 12:06:47.986] [nas] [debug] Performing local release of PDU session[1]
[2023-01-09 12:06:47.986] [nas] [info] UE switches to state [MM-DEREGISTER-INITIATED]
[2023-01-09 12:06:48.001] [nas] [debug] De-registration accept received
[2023-01-09 12:06:48.001] [nas] [info] UE switches to state [MM-DEREGISTERED/PS]
[2023-01-09 12:06:48.001] [nas] [info] De-registration is successful
[2023-01-09 12:06:48.001] [nas] [info] UE switches to state [MM-DEREGISTERED/NORMAL-SERVICE]
[2023-01-09 12:06:48.001] [nas] [debug] Initial registration required due to [MM-DEREG-NORMAL-SERVICE]
[2023-01-09 12:06:48.001] [nas] [debug] Sending Initial Registration
[2023-01-09 12:06:48.002] [nas] [debug] Deleting NAS security context
[2023-01-09 12:06:48.002] [nas] [info] UE switches to state [MM-REGISTER-INITIATED]
[2023-01-09 12:06:48.003] [rrc] [debug] RRC Release received
[2023-01-09 12:06:48.004] [nas] [info] UE switches to state [CM-IDLE]
[2023-01-09 12:06:48.004] [nas] [info] UE switches to state [MM-DEREGISTERED/PS]
[2023-01-09 12:06:48.004] [nas] [info] UE switches to state [5U2-NOT-UPDATED]
[2023-01-09 12:06:48.004] [nas] [info] UE switches to state [MM-DEREGISTERED/ATTEMPTING-REGISTRATION]
[2023-01-09 12:06:58.276] [nas] [debug] NAS timer[3511] expired [1]
[2023-01-09 12:06:58.276] [nas] [debug] Initial registration required due to [T3511-EXPIRY-IN-ATT-REG]
[2023-01-09 12:06:58.290] [nas] [debug] UAC access attempt is allowed for identity[0], category[MO_sig]
[2023-01-09 12:06:58.290] [nas] [debug] Sending Initial Registration
[2023-01-09 12:06:58.290] [rrc] [debug] Sending RRC Setup Request
[2023-01-09 12:06:58.290] [nas] [info] UE switches to state [MM-REGISTER-INITIATED]
[2023-01-09 12:06:58.296] [rrc] [info] RRC connection established
[2023-01-09 12:06:58.296] [rrc] [info] UE switches to state [RRC-CONNECTED]
[2023-01-09 12:06:58.297] [nas] [info] UE switches to state [CM-CONNECTED]
[2023-01-09 12:06:58.438] [nas] [debug] Authentication Request received
[2023-01-09 12:06:58.459] [nas] [debug] Security Mode Command received
[2023-01-09 12:06:58.459] [nas] [debug] Selected integrity[2] ciphering[0]
[2023-01-09 12:06:58.492] [nas] [debug] Registration accept received
[2023-01-09 12:06:58.492] [nas] [info] UE switches to state [MM-REGISTERED/NORMAL-SERVICE]
[2023-01-09 12:06:58.492] [nas] [info] UE switches to state [5U1-UPDATED]
[2023-01-09 12:06:58.492] [nas] [debug] Sending Registration Complete
[2023-01-09 12:06:58.492] [nas] [info] Initial Registration is successful
[2023-01-09 12:06:58.492] [nas] [debug] Sending PDU Session Establishment Request
[2023-01-09 12:06:58.497] [nas] [debug] UAC access attempt is allowed for identity[0], category[MO_sig]
[2023-01-09 12:06:58.559] [nas] [debug] PDU Session Establishment Accept received
[2023-01-09 12:06:58.559] [nas] [info] PDU Session establishment is successful PSI[1]
[2023-01-09 12:06:58.675] [app] [info] Connection setup for PDU session[1] is successful, TUN interface[uesimtun122, 10.60.2.197] is up.
[2023-01-09 12:07:15.058] [nas] [warning] PDU session release procedure could not start: PS[2] is not active already
[2023-01-09 12:07:26.100] [nas] [debug] Sending PDU Session Release Request for PSI[1]
[2023-01-09 12:07:26.253] [nas] [error] PDU Session Release Reject received [REQUEST_REJECTED_UNSPECIFIED]
[2023-01-09 12:07:26.253] [nas] [error] PS release reject received without being requested
[2023-01-09 12:07:26.253] [nas] [warning] Sending SM Cause[MESSAGE_TYPE_NOT_COMPATIBLE_WITH_THE_PROTOCOL_STATE] for PSI[1]
[2023-01-09 12:07:33.152] [nas] [debug] Sending PDU Session Release Request for PSI[1]
[2023-01-09 12:07:33.204] [nas] [error] PDU Session Release Reject received [REQUEST_REJECTED_UNSPECIFIED]
[2023-01-09 12:07:33.204] [nas] [error] PS release reject received without being requested
[2023-01-09 12:07:33.204] [nas] [warning] Sending SM Cause[MESSAGE_TYPE_NOT_COMPATIBLE_WITH_THE_PROTOCOL_STATE] for PSI[1]
[2023-01-09 12:07:43.205] [nas] [debug] Sending PDU Session Release Request for PSI[1]
[2023-01-09 12:07:43.252] [nas] [error] PDU Session Release Reject received [REQUEST_REJECTED_UNSPECIFIED]
[2023-01-09 12:07:43.252] [nas] [error] PS release reject received without being requested
[2023-01-09 12:07:43.252] [nas] [warning] Sending SM Cause[MESSAGE_TYPE_NOT_COMPATIBLE_WITH_THE_PROTOCOL_STATE] for PSI[1]
[2023-01-09 12:07:56.286] [nas] [warning] PDU session release procedure could not start: PS[2] is not active already
[2023-01-09 12:08:04.318] [nas] [debug] Sending PDU Session Release Request for PSI[1]
[2023-01-09 12:08:04.419] [nas] [error] PDU Session Release Reject received [REQUEST_REJECTED_UNSPECIFIED]
[2023-01-09 12:08:04.419] [nas] [error] PS release reject received without being requested
[2023-01-09 12:08:04.419] [nas] [warning] Sending SM Cause[MESSAGE_TYPE_NOT_COMPATIBLE_WITH_THE_PROTOCOL_STATE] for PSI[1]
[2023-01-09 12:08:16.352] [nas] [debug] Sending PDU Session Release Request for PSI[1]
[2023-01-09 12:08:16.458] [nas] [error] PDU Session Release Reject received [REQUEST_REJECTED_UNSPECIFIED]
[2023-01-09 12:08:16.458] [nas] [error] PS release reject received without being requested
[2023-01-09 12:08:16.458] [nas] [warning] Sending SM Cause[MESSAGE_TYPE_NOT_COMPATIBLE_WITH_THE_PROTOCOL_STATE] for PSI[1]
[2023-01-09 12:08:27.414] [nas] [debug] Sending PDU Session Release Request for PSI[1]
[2023-01-09 12:08:27.465] [nas] [error] PDU Session Release Reject received [REQUEST_REJECTED_UNSPECIFIED]
[2023-01-09 12:08:27.465] [nas] [error] PS release reject received without being requested
[2023-01-09 12:08:27.465] [nas] [warning] Sending SM Cause[MESSAGE_TYPE_NOT_COMPATIBLE_WITH_THE_PROTOCOL_STATE] for PSI[1]
[2023-01-09 12:08:42.507] [nas] [debug] De-registration required due to [NORMAL]
[2023-01-09 12:08:42.518] [nas] [debug] Starting de-registration procedure due to [NORMAL]
[2023-01-09 12:08:42.518] [nas] [debug] Performing local release of PDU session[1]
[2023-01-09 12:08:42.518] [nas] [info] UE switches to state [MM-DEREGISTER-INITIATED]
[2023-01-09 12:08:42.673] [nas] [debug] De-registration accept received
[2023-01-09 12:08:42.673] [nas] [info] UE switches to state [MM-DEREGISTERED/PS]
[2023-01-09 12:08:42.673] [nas] [info] De-registration is successful
[2023-01-09 12:08:42.673] [nas] [info] UE switches to state [MM-DEREGISTERED/NORMAL-SERVICE]
[2023-01-09 12:08:42.673] [nas] [debug] Initial registration required due to [MM-DEREG-NORMAL-SERVICE]
[2023-01-09 12:08:42.673] [nas] [debug] Sending Initial Registration
[2023-01-09 12:08:42.673] [nas] [debug] Deleting NAS security context
[2023-01-09 12:08:42.673] [nas] [info] UE switches to state [MM-REGISTER-INITIATED]
[2023-01-09 12:08:42.674] [rrc] [debug] RRC Release received
[2023-01-09 12:08:42.674] [nas] [info] UE switches to state [CM-IDLE]
[2023-01-09 12:08:42.674] [nas] [info] UE switches to state [MM-DEREGISTERED/PS]
[2023-01-09 12:08:42.674] [nas] [info] UE switches to state [5U2-NOT-UPDATED]
[2023-01-09 12:08:42.674] [nas] [info] UE switches to state [MM-DEREGISTERED/ATTEMPTING-REGISTRATION]
[2023-01-09 12:08:53.414] [nas] [debug] NAS timer[3511] expired [1]
[2023-01-09 12:08:53.414] [nas] [debug] Initial registration required due to [T3511-EXPIRY-IN-ATT-REG]
[2023-01-09 12:08:53.414] [nas] [debug] UAC access attempt is allowed for identity[0], category[MO_sig]
[2023-01-09 12:08:53.414] [nas] [debug] Sending Initial Registration
[2023-01-09 12:08:53.414] [nas] [info] UE switches to state [MM-REGISTER-INITIATED]
[2023-01-09 12:08:53.414] [rrc] [debug] Sending RRC Setup Request
[2023-01-09 12:08:53.414] [rrc] [info] RRC connection established
[2023-01-09 12:08:53.414] [rrc] [info] UE switches to state [RRC-CONNECTED]
[2023-01-09 12:08:53.414] [nas] [info] UE switches to state [CM-CONNECTED]
[2023-01-09 12:08:53.430] [nas] [debug] Authentication Request received
[2023-01-09 12:08:53.463] [nas] [debug] Security Mode Command received
[2023-01-09 12:08:53.463] [nas] [debug] Selected integrity[2] ciphering[0]
[2023-01-09 12:08:53.702] [nas] [debug] Registration accept received
[2023-01-09 12:08:53.702] [nas] [info] UE switches to state [MM-REGISTERED/NORMAL-SERVICE]
[2023-01-09 12:08:53.702] [nas] [info] UE switches to state [5U1-UPDATED]
[2023-01-09 12:08:53.702] [nas] [debug] Sending Registration Complete
[2023-01-09 12:08:53.702] [nas] [info] Initial Registration is successful
[2023-01-09 12:08:53.702] [nas] [debug] Sending PDU Session Establishment Request
[2023-01-09 12:08:53.702] [nas] [debug] UAC access attempt is allowed for identity[0], category[MO_sig]
[2023-01-09 12:08:53.762] [nas] [debug] PDU Session Establishment Accept received
[2023-01-09 12:08:53.762] [nas] [info] PDU Session establishment is successful PSI[1]
[2023-01-09 12:08:53.842] [app] [info] Connection setup for PDU session[1] is successful, TUN interface[uesimtun118, 10.60.3.224] is up.
[2023-01-09 12:09:08.599] [nas] [warning] PDU session release procedure could not start: PS[2] is not active already
[2023-01-09 12:09:21.635] [nas] [debug] De-registration required due to [NORMAL]
[2023-01-09 12:09:21.645] [nas] [debug] Starting de-registration procedure due to [NORMAL]
[2023-01-09 12:09:21.645] [nas] [debug] Performing local release of PDU session[1]
[2023-01-09 12:09:21.645] [nas] [info] UE switches to state [MM-DEREGISTER-INITIATED]
[2023-01-09 12:09:37.463] [nas] [debug] NAS timer[3521] expired [1]
[2023-01-09 12:09:37.463] [nas] [debug] Retransmitting De-registration Request due to T3521 expiry
[2023-01-09 12:09:50.684] [nas] [debug] Sending PDU Session Establishment Request
[2023-01-09 12:09:50.785] [nas] [error] No response from RRC from UAC checks, considering access attempt is barred
[2023-01-09 12:09:52.478] [nas] [debug] NAS timer[3521] expired [2]
[2023-01-09 12:09:52.478] [nas] [debug] Retransmitting De-registration Request due to T3521 expiry
