UERANSIM v3.2.6
[2023-01-09 12:02:16.904] [nas] [info] UE switches to state [MM-DEREGISTERED/PLMN-SEARCH]
[2023-01-09 12:02:16.905] [rrc] [debug] New signal detected for cell[1], total [1] cells in coverage
[2023-01-09 12:02:16.905] [nas] [info] Selected plmn[208/93]
[2023-01-09 12:02:16.905] [rrc] [info] Selected cell plmn[208/93] tac[1] category[SUITABLE]
[2023-01-09 12:02:16.905] [nas] [info] UE switches to state [MM-DEREGISTERED/PS]
[2023-01-09 12:02:16.905] [nas] [info] UE switches to state [MM-DEREGISTERED/NORMAL-SERVICE]
[2023-01-09 12:02:16.905] [nas] [debug] Initial registration required due to [MM-DEREG-NORMAL-SERVICE]
[2023-01-09 12:02:16.907] [nas] [debug] UAC access attempt is allowed for identity[0], category[MO_sig]
[2023-01-09 12:02:16.907] [nas] [debug] Sending Initial Registration
[2023-01-09 12:02:16.907] [nas] [info] UE switches to state [MM-REGISTER-INITIATED]
[2023-01-09 12:02:16.907] [rrc] [debug] Sending RRC Setup Request
[2023-01-09 12:02:16.908] [rrc] [info] RRC connection established
[2023-01-09 12:02:16.908] [rrc] [info] UE switches to state [RRC-CONNECTED]
[2023-01-09 12:02:16.908] [nas] [info] UE switches to state [CM-CONNECTED]
[2023-01-09 12:02:16.923] [nas] [debug] Authentication Request received
[2023-01-09 12:02:16.930] [nas] [debug] Security Mode Command received
[2023-01-09 12:02:16.930] [nas] [debug] Selected integrity[2] ciphering[0]
[2023-01-09 12:02:16.955] [nas] [debug] Registration accept received
[2023-01-09 12:02:16.955] [nas] [info] UE switches to state [MM-REGISTERED/NORMAL-SERVICE]
[2023-01-09 12:02:16.955] [nas] [debug] Sending Registration Complete
[2023-01-09 12:02:16.955] [nas] [info] Initial Registration is successful
[2023-01-09 12:02:16.955] [nas] [debug] Sending PDU Session Establishment Request
[2023-01-09 12:02:16.956] [nas] [debug] UAC access attempt is allowed for identity[0], category[MO_sig]
[2023-01-09 12:02:17.189] [nas] [debug] PDU Session Establishment Accept received
[2023-01-09 12:02:17.190] [nas] [info] PDU Session establishment is successful PSI[1]
[2023-01-09 12:02:17.217] [app] [info] Connection setup for PDU session[1] is successful, TUN interface[uesimtun4, 10.60.0.5] is up.
[2023-01-09 12:03:52.258] [nas] [warning] PDU session release procedure could not start: PS[2] is not active already
[2023-01-09 12:03:59.304] [nas] [debug] Sending PDU Session Release Request for PSI[1]
[2023-01-09 12:03:59.436] [nas] [debug] PDU Session Release Command received
[2023-01-09 12:03:59.436] [nas] [debug] Performing local release of PDU session[1]
[2023-01-09 12:04:00.413] [nas] [debug] Sending PDU Session Establishment Request
[2023-01-09 12:04:00.416] [nas] [debug] UAC access attempt is allowed for identity[0], category[MO_sig]
[2023-01-09 12:04:00.601] [nas] [debug] PDU Session Establishment Accept received
[2023-01-09 12:04:00.601] [nas] [info] PDU Session establishment is successful PSI[1]
[2023-01-09 12:04:00.673] [app] [info] Connection setup for PDU session[1] is successful, TUN interface[uesimtun31, 10.60.0.155] is up.
[2023-01-09 12:04:07.365] [nas] [debug] Sending PDU Session Release Request for PSI[1]
[2023-01-09 12:04:07.560] [nas] [debug] PDU Session Release Command received
[2023-01-09 12:04:07.560] [nas] [debug] Performing local release of PDU session[1]
[2023-01-09 12:04:08.122] [nas] [debug] Sending PDU Session Establishment Request
[2023-01-09 12:04:08.124] [nas] [debug] UAC access attempt is allowed for identity[0], category[MO_sig]
[2023-01-09 12:04:08.158] [nas] [debug] PDU Session Establishment Accept received
[2023-01-09 12:04:08.158] [nas] [info] PDU Session establishment is successful PSI[1]
[2023-01-09 12:04:08.188] [app] [info] Connection setup for PDU session[1] is successful, TUN interface[uesimtun27, 10.60.0.173] is up.
[2023-01-09 12:04:13.424] [nas] [debug] Sending PDU Session Release Request for PSI[1]
[2023-01-09 12:04:13.601] [nas] [debug] PDU Session Release Command received
[2023-01-09 12:04:13.601] [nas] [debug] Performing local release of PDU session[1]
[2023-01-09 12:04:13.627] [nas] [debug] Sending PDU Session Establishment Request
[2023-01-09 12:04:13.627] [nas] [debug] UAC access attempt is allowed for identity[0], category[MO_sig]
[2023-01-09 12:04:13.848] [nas] [debug] PDU Session Establishment Accept received
[2023-01-09 12:04:13.848] [nas] [info] PDU Session establishment is successful PSI[1]
[2023-01-09 12:04:13.923] [app] [info] Connection setup for PDU session[1] is successful, TUN interface[uesimtun27, 10.60.0.212] is up.
[2023-01-09 12:04:18.487] [nas] [warning] PDU session release procedure could not start: PS[2] is not active already
[2023-01-09 12:04:28.659] [nas] [debug] Sending PDU Session Release Request for PSI[1]
[2023-01-09 12:04:28.818] [nas] [error] PDU Session Release Reject received [REQUEST_REJECTED_UNSPECIFIED]
[2023-01-09 12:04:28.818] [nas] [error] PS release reject received without being requested
[2023-01-09 12:04:28.818] [nas] [warning] Sending SM Cause[MESSAGE_TYPE_NOT_COMPATIBLE_WITH_THE_PROTOCOL_STATE] for PSI[1]
[2023-01-09 12:04:40.689] [nas] [debug] De-registration required due to [NORMAL]
[2023-01-09 12:04:40.700] [nas] [debug] Starting de-registration procedure due to [NORMAL]
[2023-01-09 12:04:40.700] [nas] [debug] Performing local release of PDU session[1]
[2023-01-09 12:04:40.700] [nas] [info] UE switches to state [MM-DEREGISTER-INITIATED]
[2023-01-09 12:04:40.714] [nas] [debug] De-registration accept received
[2023-01-09 12:04:40.714] [nas] [info] UE switches to state [MM-DEREGISTERED/PS]
[2023-01-09 12:04:40.714] [nas] [info] De-registration is successful
[2023-01-09 12:04:40.714] [nas] [info] UE switches to state [MM-DEREGISTERED/NORMAL-SERVICE]
[2023-01-09 12:04:40.714] [nas] [debug] Initial registration required due to [MM-DEREG-NORMAL-SERVICE]
[2023-01-09 12:04:40.714] [nas] [debug] Sending Initial Registration
[2023-01-09 12:04:40.714] [nas] [debug] Deleting NAS security context
[2023-01-09 12:04:40.714] [nas] [info] UE switches to state [MM-REGISTER-INITIATED]
[2023-01-09 12:04:40.724] [rrc] [debug] RRC Release received
[2023-01-09 12:04:40.725] [nas] [info] UE switches to state [CM-IDLE]
[2023-01-09 12:04:40.725] [nas] [info] UE switches to state [MM-DEREGISTERED/PS]
[2023-01-09 12:04:40.725] [nas] [info] UE switches to state [5U2-NOT-UPDATED]
[2023-01-09 12:04:40.725] [nas] [info] UE switches to state [MM-DEREGISTERED/ATTEMPTING-REGISTRATION]
[2023-01-09 12:04:51.071] [nas] [debug] NAS timer[3511] expired [1]
[2023-01-09 12:04:51.071] [nas] [debug] Initial registration required due to [T3511-EXPIRY-IN-ATT-REG]
[2023-01-09 12:04:51.071] [nas] [debug] UAC access attempt is allowed for identity[0], category[MO_sig]
[2023-01-09 12:04:51.071] [nas] [debug] Sending Initial Registration
[2023-01-09 12:04:51.071] [nas] [info] UE switches to state [MM-REGISTER-INITIATED]
[2023-01-09 12:04:51.071] [rrc] [debug] Sending RRC Setup Request
[2023-01-09 12:04:51.071] [rrc] [info] RRC connection established
[2023-01-09 12:04:51.071] [rrc] [info] UE switches to state [RRC-CONNECTED]
[2023-01-09 12:04:51.072] [nas] [info] UE switches to state [CM-CONNECTED]
[2023-01-09 12:04:51.105] [nas] [debug] Authentication Request received
[2023-01-09 12:04:51.117] [nas] [debug] Security Mode Command received
[2023-01-09 12:04:51.117] [nas] [debug] Selected integrity[2] ciphering[0]
[2023-01-09 12:04:51.166] [nas] [debug] Registration accept received
[2023-01-09 12:04:51.166] [nas] [info] UE switches to state [MM-REGISTERED/NORMAL-SERVICE]
[2023-01-09 12:04:51.166] [nas] [info] UE switches to state [5U1-UPDATED]
[2023-01-09 12:04:51.166] [nas] [debug] Sending Registration Complete
[2023-01-09 12:04:51.166] [nas] [info] Initial Registration is successful
[2023-01-09 12:04:51.166] [nas] [debug] Sending PDU Session Establishment Request
[2023-01-09 12:04:51.168] [nas] [debug] UAC access attempt is allowed for identity[0], category[MO_sig]
[2023-01-09 12:04:51.244] [nas] [debug] PDU Session Establishment Accept received
[2023-01-09 12:04:51.244] [nas] [info] PDU Session establishment is successful PSI[1]
[2023-01-09 12:04:51.336] [app] [info] Connection setup for PDU session[1] is successful, TUN interface[uesimtun47, 10.60.1.94] is up.
[2023-01-09 12:05:07.744] [nas] [debug] Sending PDU Session Release Request for PSI[1]
[2023-01-09 12:05:07.798] [nas] [debug] PDU Session Release Command received
[2023-01-09 12:05:07.798] [nas] [debug] Performing local release of PDU session[1]
[2023-01-09 12:05:08.699] [nas] [debug] Sending PDU Session Establishment Request
[2023-01-09 12:05:08.709] [nas] [debug] UAC access attempt is allowed for identity[0], category[MO_sig]
[2023-01-09 12:05:08.755] [nas] [debug] PDU Session Establishment Accept received
[2023-01-09 12:05:08.755] [nas] [info] PDU Session establishment is successful PSI[1]
[2023-01-09 12:05:08.810] [app] [info] Connection setup for PDU session[1] is successful, TUN interface[uesimtun47, 10.60.1.143] is up.
[2023-01-09 12:05:22.804] [nas] [debug] Sending PDU Session Establishment Request
[2023-01-09 12:05:22.915] [nas] [error] No response from RRC from UAC checks, considering access attempt is barred
[2023-01-09 12:05:39.125] [nas] [warning] Retransmitting PDU Session Establishment Request due to T3580 expiry
[2023-01-09 12:05:39.127] [nas] [debug] UAC access attempt is allowed for identity[0], category[MO_sig]
[2023-01-09 12:05:39.353] [nas] [debug] PDU Session Establishment Accept received
[2023-01-09 12:05:39.353] [nas] [info] PDU Session establishment is successful PSI[2]
[2023-01-09 12:05:39.575] [app] [info] Connection setup for PDU session[2] is successful, TUN interface[uesimtun45, 10.60.1.232] is up.
[2023-01-09 12:05:55.979] [nas] [debug] Sending PDU Session Release Request for PSI[1]
[2023-01-09 12:05:55.979] [nas] [debug] Sending PDU Session Release Request for PSI[2]
[2023-01-09 12:05:56.140] [nas] [debug] PDU Session Release Command received
[2023-01-09 12:05:56.140] [nas] [debug] Performing local release of PDU session[1]
[2023-01-09 12:05:56.154] [nas] [debug] PDU Session Release Command received
[2023-01-09 12:05:56.154] [nas] [debug] Performing local release of PDU session[2]
[2023-01-09 12:05:57.149] [nas] [debug] Sending PDU Session Establishment Request
[2023-01-09 12:05:57.156] [nas] [debug] UAC access attempt is allowed for identity[0], category[MO_sig]
[2023-01-09 12:05:57.189] [nas] [debug] PDU Session Establishment Accept received
[2023-01-09 12:05:57.189] [nas] [info] PDU Session establishment is successful PSI[1]
[2023-01-09 12:05:57.312] [app] [info] Connection setup for PDU session[1] is successful, TUN interface[uesimtun72, 10.60.2.23] is up.
[2023-01-09 12:06:04.046] [nas] [debug] Sending PDU Session Release Request for PSI[1]
[2023-01-09 12:06:04.264] [nas] [error] PDU Session Release Reject received [REQUEST_REJECTED_UNSPECIFIED]
[2023-01-09 12:06:04.264] [nas] [error] PS release reject received without being requested
[2023-01-09 12:06:04.264] [nas] [warning] Sending SM Cause[MESSAGE_TYPE_NOT_COMPATIBLE_WITH_THE_PROTOCOL_STATE] for PSI[1]
[2023-01-09 12:06:15.141] [nas] [warning] PDU session release procedure could not start: PS[2] is not active already
[2023-01-09 12:06:25.174] [nas] [debug] Sending PDU Session Establishment Request
[2023-01-09 12:06:25.275] [nas] [error] No response from RRC from UAC checks, considering access attempt is barred
[2023-01-09 12:06:41.314] [nas] [warning] Retransmitting PDU Session Establishment Request due to T3580 expiry
[2023-01-09 12:06:41.316] [nas] [debug] UAC access attempt is allowed for identity[0], category[MO_sig]
[2023-01-09 12:06:41.391] [nas] [debug] PDU Session Establishment Accept received
[2023-01-09 12:06:41.391] [nas] [info] PDU Session establishment is successful PSI[2]
[2023-01-09 12:06:41.495] [app] [info] Connection setup for PDU session[2] is successful, TUN interface[uesimtun31, 10.60.2.145] is up.
[2023-01-09 12:06:50.352] [nas] [debug] Sending PDU Session Establishment Request
[2023-01-09 12:06:50.453] [nas] [error] No response from RRC from UAC checks, considering access attempt is barred
[2023-01-09 12:07:07.341] [nas] [warning] Retransmitting PDU Session Establishment Request due to T3580 expiry
[2023-01-09 12:07:07.341] [nas] [debug] UAC access attempt is allowed for identity[0], category[MO_sig]
[2023-01-09 12:07:07.473] [nas] [debug] PDU Session Establishment Accept received
[2023-01-09 12:07:07.473] [nas] [info] PDU Session establishment is successful PSI[3]
[2023-01-09 12:07:07.562] [app] [info] Connection setup for PDU session[3] is successful, TUN interface[uesimtun34, 10.60.2.219] is up.
[2023-01-09 12:07:21.548] [nas] [debug] De-registration required due to [NORMAL]
[2023-01-09 12:07:21.566] [nas] [debug] Starting de-registration procedure due to [NORMAL]
[2023-01-09 12:07:21.566] [nas] [debug] Performing local release of PDU session[1]
[2023-01-09 12:07:21.566] [nas] [debug] Performing local release of PDU session[2]
[2023-01-09 12:07:21.566] [nas] [debug] Performing local release of PDU session[3]
[2023-01-09 12:07:21.566] [nas] [info] UE switches to state [MM-DEREGISTER-INITIATED]
[2023-01-09 12:07:21.774] [nas] [debug] De-registration accept received
[2023-01-09 12:07:21.774] [nas] [info] UE switches to state [MM-DEREGISTERED/PS]
[2023-01-09 12:07:21.774] [nas] [info] De-registration is successful
[2023-01-09 12:07:21.774] [nas] [info] UE switches to state [MM-DEREGISTERED/NORMAL-SERVICE]
[2023-01-09 12:07:21.774] [nas] [debug] Initial registration required due to [MM-DEREG-NORMAL-SERVICE]
[2023-01-09 12:07:21.774] [nas] [debug] Sending Initial Registration
[2023-01-09 12:07:21.774] [nas] [debug] Deleting NAS security context
[2023-01-09 12:07:21.774] [nas] [info] UE switches to state [MM-REGISTER-INITIATED]
[2023-01-09 12:07:21.776] [rrc] [debug] RRC Release received
[2023-01-09 12:07:21.776] [nas] [info] UE switches to state [CM-IDLE]
[2023-01-09 12:07:21.776] [nas] [info] UE switches to state [MM-DEREGISTERED/PS]
[2023-01-09 12:07:21.776] [nas] [info] UE switches to state [5U2-NOT-UPDATED]
[2023-01-09 12:07:21.776] [nas] [info] UE switches to state [MM-DEREGISTERED/ATTEMPTING-REGISTRATION]
[2023-01-09 12:07:32.367] [nas] [debug] NAS timer[3511] expired [1]
[2023-01-09 12:07:32.367] [nas] [debug] Initial registration required due to [T3511-EXPIRY-IN-ATT-REG]
[2023-01-09 12:07:32.368] [nas] [debug] UAC access attempt is allowed for identity[0], category[MO_sig]
[2023-01-09 12:07:32.368] [nas] [debug] Sending Initial Registration
[2023-01-09 12:07:32.368] [nas] [info] UE switches to state [MM-REGISTER-INITIATED]
[2023-01-09 12:07:32.368] [rrc] [debug] Sending RRC Setup Request
[2023-01-09 12:07:32.368] [rrc] [info] RRC connection established
[2023-01-09 12:07:32.368] [rrc] [info] UE switches to state [RRC-CONNECTED]
[2023-01-09 12:07:32.368] [nas] [info] UE switches to state [CM-CONNECTED]
[2023-01-09 12:07:32.621] [nas] [debug] Authentication Request received
[2023-01-09 12:07:32.666] [nas] [debug] Security Mode Command received
[2023-01-09 12:07:32.666] [nas] [debug] Selected integrity[2] ciphering[0]
[2023-01-09 12:07:32.721] [nas] [debug] Registration accept received
[2023-01-09 12:07:32.721] [nas] [info] UE switches to state [MM-REGISTERED/NORMAL-SERVICE]
[2023-01-09 12:07:32.721] [nas] [info] UE switches to state [5U1-UPDATED]
[2023-01-09 12:07:32.721] [nas] [debug] Sending Registration Complete
[2023-01-09 12:07:32.721] [nas] [info] Initial Registration is successful
[2023-01-09 12:07:32.721] [nas] [debug] Sending PDU Session Establishment Request
[2023-01-09 12:07:32.728] [nas] [debug] UAC access attempt is allowed for identity[0], category[MO_sig]
[2023-01-09 12:07:32.819] [nas] [debug] PDU Session Establishment Accept received
[2023-01-09 12:07:32.819] [nas] [info] PDU Session establishment is successful PSI[1]
[2023-01-09 12:07:32.968] [app] [info] Connection setup for PDU session[1] is successful, TUN interface[uesimtun82, 10.60.3.24] is up.
[2023-01-09 12:07:56.728] [nas] [debug] Sending PDU Session Release Request for PSI[1]
[2023-01-09 12:07:56.816] [nas] [error] PDU Session Release Reject received [REQUEST_REJECTED_UNSPECIFIED]
[2023-01-09 12:07:56.816] [nas] [error] PS release reject received without being requested
[2023-01-09 12:07:56.816] [nas] [warning] Sending SM Cause[MESSAGE_TYPE_NOT_COMPATIBLE_WITH_THE_PROTOCOL_STATE] for PSI[1]
[2023-01-09 12:08:11.802] [nas] [warning] PDU session release procedure could not start: PS[2] is not active already
[2023-01-09 12:08:25.849] [nas] [warning] PDU session release procedure could not start: PS[2] is not active already
[2023-01-09 12:08:35.893] [nas] [debug] Sending PDU Session Release Request for PSI[1]
[2023-01-09 12:08:35.930] [nas] [error] PDU Session Release Reject received [REQUEST_REJECTED_UNSPECIFIED]
[2023-01-09 12:08:35.930] [nas] [error] PS release reject received without being requested
[2023-01-09 12:08:35.930] [nas] [warning] Sending SM Cause[MESSAGE_TYPE_NOT_COMPATIBLE_WITH_THE_PROTOCOL_STATE] for PSI[1]
[2023-01-09 12:08:45.970] [nas] [debug] De-registration required due to [NORMAL]
[2023-01-09 12:08:45.983] [nas] [debug] Starting de-registration procedure due to [NORMAL]
[2023-01-09 12:08:45.983] [nas] [debug] Performing local release of PDU session[1]
[2023-01-09 12:08:45.983] [nas] [info] UE switches to state [MM-DEREGISTER-INITIATED]
[2023-01-09 12:08:46.026] [nas] [debug] De-registration accept received
[2023-01-09 12:08:46.026] [nas] [info] UE switches to state [MM-DEREGISTERED/PS]
[2023-01-09 12:08:46.026] [nas] [info] De-registration is successful
[2023-01-09 12:08:46.026] [nas] [info] UE switches to state [MM-DEREGISTERED/NORMAL-SERVICE]
[2023-01-09 12:08:46.026] [nas] [debug] Initial registration required due to [MM-DEREG-NORMAL-SERVICE]
[2023-01-09 12:08:46.026] [nas] [debug] Sending Initial Registration
[2023-01-09 12:08:46.026] [nas] [debug] Deleting NAS security context
[2023-01-09 12:08:46.026] [nas] [info] UE switches to state [MM-REGISTER-INITIATED]
[2023-01-09 12:08:46.033] [rrc] [debug] RRC Release received
[2023-01-09 12:08:46.033] [nas] [info] UE switches to state [CM-IDLE]
[2023-01-09 12:08:46.033] [nas] [info] UE switches to state [MM-DEREGISTERED/PS]
[2023-01-09 12:08:46.033] [nas] [info] UE switches to state [5U2-NOT-UPDATED]
[2023-01-09 12:08:46.033] [nas] [info] UE switches to state [MM-DEREGISTERED/ATTEMPTING-REGISTRATION]
[2023-01-09 12:08:56.462] [nas] [debug] NAS timer[3511] expired [1]
[2023-01-09 12:08:56.462] [nas] [debug] Initial registration required due to [T3511-EXPIRY-IN-ATT-REG]
[2023-01-09 12:08:56.464] [nas] [debug] UAC access attempt is allowed for identity[0], category[MO_sig]
[2023-01-09 12:08:56.464] [nas] [debug] Sending Initial Registration
[2023-01-09 12:08:56.464] [rrc] [debug] Sending RRC Setup Request
[2023-01-09 12:08:56.464] [nas] [info] UE switches to state [MM-REGISTER-INITIATED]
[2023-01-09 12:08:56.464] [rrc] [info] RRC connection established
[2023-01-09 12:08:56.464] [rrc] [info] UE switches to state [RRC-CONNECTED]
[2023-01-09 12:08:56.465] [nas] [info] UE switches to state [CM-CONNECTED]
[2023-01-09 12:08:56.613] [nas] [debug] Authentication Request received
[2023-01-09 12:08:56.643] [nas] [debug] Security Mode Command received
[2023-01-09 12:08:56.643] [nas] [debug] Selected integrity[2] ciphering[0]
[2023-01-09 12:08:56.697] [nas] [debug] Registration accept received
[2023-01-09 12:08:56.697] [nas] [info] UE switches to state [MM-REGISTERED/NORMAL-SERVICE]
[2023-01-09 12:08:56.697] [nas] [info] UE switches to state [5U1-UPDATED]
[2023-01-09 12:08:56.697] [nas] [debug] Sending Registration Complete
[2023-01-09 12:08:56.697] [nas] [info] Initial Registration is successful
[2023-01-09 12:08:56.697] [nas] [debug] Sending PDU Session Establishment Request
[2023-01-09 12:08:56.698] [nas] [debug] UAC access attempt is allowed for identity[0], category[MO_sig]
[2023-01-09 12:08:56.801] [nas] [debug] PDU Session Establishment Accept received
[2023-01-09 12:08:56.801] [nas] [info] PDU Session establishment is successful PSI[1]
[2023-01-09 12:08:56.867] [app] [info] Connection setup for PDU session[1] is successful, TUN interface[uesimtun135, 10.60.3.233] is up.
[2023-01-09 12:09:15.032] [nas] [debug] De-registration required due to [NORMAL]
[2023-01-09 12:09:15.043] [nas] [debug] Starting de-registration procedure due to [NORMAL]
[2023-01-09 12:09:15.043] [nas] [debug] Performing local release of PDU session[1]
[2023-01-09 12:09:15.043] [nas] [info] UE switches to state [MM-DEREGISTER-INITIATED]
[2023-01-09 12:09:30.496] [nas] [debug] NAS timer[3521] expired [1]
[2023-01-09 12:09:30.496] [nas] [debug] Retransmitting De-registration Request due to T3521 expiry
[2023-01-09 12:09:44.088] [nas] [debug] Sending PDU Session Establishment Request
[2023-01-09 12:09:44.189] [nas] [error] No response from RRC from UAC checks, considering access attempt is barred
[2023-01-09 12:09:45.511] [nas] [debug] NAS timer[3521] expired [2]
[2023-01-09 12:09:45.511] [nas] [debug] Retransmitting De-registration Request due to T3521 expiry
[2023-01-09 12:10:00.526] [nas] [warning] Retransmitting PDU Session Establishment Request due to T3580 expiry
[2023-01-09 12:10:00.528] [nas] [debug] UAC access attempt is allowed for identity[0], category[MO_sig]
[2023-01-09 12:10:00.528] [nas] [debug] NAS timer[3521] expired [3]
[2023-01-09 12:10:00.528] [nas] [debug] Retransmitting De-registration Request due to T3521 expiry
