UERANSIM v3.2.6
[2023-01-09 12:03:29.027] [nas] [info] UE switches to state [MM-DEREGISTERED/PLMN-SEARCH]
[2023-01-09 12:03:29.032] [rrc] [debug] New signal detected for cell[1], total [1] cells in coverage
[2023-01-09 12:03:29.033] [nas] [info] Selected plmn[208/93]
[2023-01-09 12:03:31.528] [rrc] [info] Selected cell plmn[208/93] tac[1] category[SUITABLE]
[2023-01-09 12:03:31.528] [nas] [info] UE switches to state [MM-DEREGISTERED/PS]
[2023-01-09 12:03:31.528] [nas] [info] UE switches to state [MM-DEREGISTERED/NORMAL-SERVICE]
[2023-01-09 12:03:31.528] [nas] [debug] Initial registration required due to [MM-DEREG-NORMAL-SERVICE]
[2023-01-09 12:03:31.529] [nas] [debug] UAC access attempt is allowed for identity[0], category[MO_sig]
[2023-01-09 12:03:31.529] [nas] [debug] Sending Initial Registration
[2023-01-09 12:03:31.529] [nas] [info] UE switches to state [MM-REGISTER-INITIATED]
[2023-01-09 12:03:31.529] [rrc] [debug] Sending RRC Setup Request
[2023-01-09 12:03:31.529] [rrc] [info] RRC connection established
[2023-01-09 12:03:31.529] [rrc] [info] UE switches to state [RRC-CONNECTED]
[2023-01-09 12:03:31.529] [nas] [info] UE switches to state [CM-CONNECTED]
[2023-01-09 12:03:31.547] [nas] [debug] Authentication Request received
[2023-01-09 12:03:31.554] [nas] [debug] Security Mode Command received
[2023-01-09 12:03:31.554] [nas] [debug] Selected integrity[2] ciphering[0]
[2023-01-09 12:03:31.582] [nas] [debug] Registration accept received
[2023-01-09 12:03:31.582] [nas] [info] UE switches to state [MM-REGISTERED/NORMAL-SERVICE]
[2023-01-09 12:03:31.582] [nas] [debug] Sending Registration Complete
[2023-01-09 12:03:31.582] [nas] [info] Initial Registration is successful
[2023-01-09 12:03:31.582] [nas] [debug] Sending PDU Session Establishment Request
[2023-01-09 12:03:31.584] [nas] [debug] UAC access attempt is allowed for identity[0], category[MO_sig]
[2023-01-09 12:03:31.818] [nas] [debug] PDU Session Establishment Accept received
[2023-01-09 12:03:31.818] [nas] [info] PDU Session establishment is successful PSI[1]
[2023-01-09 12:03:31.854] [app] [info] Connection setup for PDU session[1] is successful, TUN interface[uesimtun79, 10.60.0.80] is up.
[2023-01-09 12:03:52.838] [nas] [debug] Sending PDU Session Release Request for PSI[1]
[2023-01-09 12:03:53.003] [nas] [debug] PDU Session Release Command received
[2023-01-09 12:03:53.003] [nas] [debug] Performing local release of PDU session[1]
[2023-01-09 12:03:53.250] [nas] [debug] Sending PDU Session Establishment Request
[2023-01-09 12:03:53.250] [nas] [debug] UAC access attempt is allowed for identity[0], category[MO_sig]
[2023-01-09 12:03:53.595] [nas] [debug] PDU Session Establishment Accept received
[2023-01-09 12:03:53.595] [nas] [info] PDU Session establishment is successful PSI[1]
[2023-01-09 12:03:54.167] [app] [info] Connection setup for PDU session[1] is successful, TUN interface[uesimtun35, 10.60.0.115] is up.
[2023-01-09 12:03:57.943] [nas] [debug] Sending PDU Session Release Request for PSI[1]
[2023-01-09 12:03:57.968] [nas] [debug] PDU Session Release Command received
[2023-01-09 12:03:57.968] [nas] [debug] Performing local release of PDU session[1]
[2023-01-09 12:03:58.756] [nas] [debug] Sending PDU Session Establishment Request
[2023-01-09 12:03:58.756] [nas] [debug] UAC access attempt is allowed for identity[0], category[MO_sig]
[2023-01-09 12:03:58.794] [nas] [debug] PDU Session Establishment Accept received
[2023-01-09 12:03:58.794] [nas] [info] PDU Session establishment is successful PSI[1]
[2023-01-09 12:03:58.837] [app] [info] Connection setup for PDU session[1] is successful, TUN interface[uesimtun35, 10.60.0.152] is up.
[2023-01-09 12:04:08.986] [nas] [debug] Sending PDU Session Establishment Request
[2023-01-09 12:04:09.087] [nas] [error] No response from RRC from UAC checks, considering access attempt is barred
[2023-01-09 12:04:25.116] [nas] [warning] Retransmitting PDU Session Establishment Request due to T3580 expiry
[2023-01-09 12:04:25.120] [nas] [debug] UAC access attempt is allowed for identity[0], category[MO_sig]
[2023-01-09 12:04:25.282] [nas] [debug] PDU Session Establishment Accept received
[2023-01-09 12:04:25.282] [nas] [info] PDU Session establishment is successful PSI[2]
[2023-01-09 12:04:25.378] [app] [info] Connection setup for PDU session[2] is successful, TUN interface[uesimtun26, 10.60.1.2] is up.
[2023-01-09 12:04:41.154] [nas] [debug] Sending PDU Session Release Request for PSI[1]
[2023-01-09 12:04:41.154] [nas] [debug] Sending PDU Session Release Request for PSI[2]
[2023-01-09 12:04:41.297] [nas] [error] PDU Session Release Reject received [REQUEST_REJECTED_UNSPECIFIED]
[2023-01-09 12:04:41.297] [nas] [error] PS release reject received without being requested
[2023-01-09 12:04:41.297] [nas] [warning] Sending SM Cause[MESSAGE_TYPE_NOT_COMPATIBLE_WITH_THE_PROTOCOL_STATE] for PSI[1]
[2023-01-09 12:04:41.298] [nas] [debug] PDU Session Release Command received
[2023-01-09 12:04:41.298] [nas] [debug] Performing local release of PDU session[2]
[2023-01-09 12:04:52.201] [nas] [debug] Sending PDU Session Release Request for PSI[1]
[2023-01-09 12:04:52.206] [nas] [error] PDU Session Release Reject received [REQUEST_REJECTED_UNSPECIFIED]
[2023-01-09 12:04:52.206] [nas] [error] PS release reject received without being requested
[2023-01-09 12:04:52.206] [nas] [warning] Sending SM Cause[MESSAGE_TYPE_NOT_COMPATIBLE_WITH_THE_PROTOCOL_STATE] for PSI[1]
[2023-01-09 12:04:57.240] [nas] [debug] Sending PDU Session Establishment Request
[2023-01-09 12:04:57.341] [nas] [error] No response from RRC from UAC checks, considering access attempt is barred
[2023-01-09 12:05:14.177] [nas] [warning] Retransmitting PDU Session Establishment Request due to T3580 expiry
[2023-01-09 12:05:14.179] [nas] [debug] UAC access attempt is allowed for identity[0], category[MO_sig]
[2023-01-09 12:05:14.318] [nas] [debug] PDU Session Establishment Accept received
[2023-01-09 12:05:14.318] [nas] [info] PDU Session establishment is successful PSI[2]
[2023-01-09 12:05:14.430] [app] [info] Connection setup for PDU session[2] is successful, TUN interface[uesimtun5, 10.60.1.152] is up.
[2023-01-09 12:05:32.408] [nas] [debug] Sending PDU Session Release Request for PSI[1]
[2023-01-09 12:05:32.408] [nas] [debug] Sending PDU Session Release Request for PSI[2]
[2023-01-09 12:05:32.536] [nas] [error] PDU Session Release Reject received [REQUEST_REJECTED_UNSPECIFIED]
[2023-01-09 12:05:32.536] [nas] [error] PS release reject received without being requested
[2023-01-09 12:05:32.536] [nas] [warning] Sending SM Cause[MESSAGE_TYPE_NOT_COMPATIBLE_WITH_THE_PROTOCOL_STATE] for PSI[1]
[2023-01-09 12:05:32.540] [nas] [error] PDU Session Release Reject received [REQUEST_REJECTED_UNSPECIFIED]
[2023-01-09 12:05:32.540] [nas] [error] PS release reject received without being requested
[2023-01-09 12:05:32.540] [nas] [warning] Sending SM Cause[MESSAGE_TYPE_NOT_COMPATIBLE_WITH_THE_PROTOCOL_STATE] for PSI[2]
[2023-01-09 12:05:43.495] [nas] [debug] De-registration required due to [NORMAL]
[2023-01-09 12:05:43.504] [nas] [debug] Starting de-registration procedure due to [NORMAL]
[2023-01-09 12:05:43.504] [nas] [debug] Performing local release of PDU session[1]
[2023-01-09 12:05:43.504] [nas] [debug] Performing local release of PDU session[2]
[2023-01-09 12:05:43.504] [nas] [info] UE switches to state [MM-DEREGISTER-INITIATED]
[2023-01-09 12:05:43.580] [rrc] [debug] RRC Release received
[2023-01-09 12:05:43.580] [nas] [debug] De-registration accept received
[2023-01-09 12:05:43.580] [nas] [info] UE switches to state [MM-DEREGISTERED/PS]
[2023-01-09 12:05:43.580] [nas] [info] De-registration is successful
[2023-01-09 12:05:43.580] [nas] [info] UE switches to state [CM-IDLE]
[2023-01-09 12:05:43.580] [nas] [info] UE switches to state [MM-DEREGISTERED/NORMAL-SERVICE]
[2023-01-09 12:05:43.580] [nas] [debug] Initial registration required due to [MM-DEREG-NORMAL-SERVICE]
[2023-01-09 12:05:43.587] [nas] [debug] UAC access attempt is allowed for identity[0], category[MO_sig]
[2023-01-09 12:05:43.587] [nas] [debug] Sending Initial Registration
[2023-01-09 12:05:43.587] [rrc] [debug] Sending RRC Setup Request
[2023-01-09 12:05:43.588] [nas] [debug] Deleting NAS security context
[2023-01-09 12:05:43.589] [nas] [info] UE switches to state [MM-REGISTER-INITIATED]
[2023-01-09 12:05:43.592] [rrc] [info] RRC connection established
[2023-01-09 12:05:43.592] [rrc] [info] UE switches to state [RRC-CONNECTED]
[2023-01-09 12:05:43.592] [nas] [info] UE switches to state [CM-CONNECTED]
[2023-01-09 12:05:43.836] [nas] [debug] Authentication Request received
[2023-01-09 12:05:43.876] [nas] [debug] Security Mode Command received
[2023-01-09 12:05:43.876] [nas] [debug] Selected integrity[2] ciphering[0]
[2023-01-09 12:05:43.929] [nas] [debug] Registration accept received
[2023-01-09 12:05:43.930] [nas] [info] UE switches to state [MM-REGISTERED/NORMAL-SERVICE]
[2023-01-09 12:05:43.930] [nas] [debug] Sending Registration Complete
[2023-01-09 12:05:43.930] [nas] [info] Initial Registration is successful
[2023-01-09 12:05:43.930] [nas] [debug] Sending PDU Session Establishment Request
[2023-01-09 12:05:43.932] [nas] [debug] UAC access attempt is allowed for identity[0], category[MO_sig]
[2023-01-09 12:05:44.171] [nas] [debug] PDU Session Establishment Accept received
[2023-01-09 12:05:44.171] [nas] [info] PDU Session establishment is successful PSI[1]
[2023-01-09 12:05:44.295] [app] [info] Connection setup for PDU session[1] is successful, TUN interface[uesimtun80, 10.60.1.248] is up.
[2023-01-09 12:06:11.627] [nas] [debug] Sending PDU Session Establishment Request
[2023-01-09 12:06:11.729] [nas] [error] No response from RRC from UAC checks, considering access attempt is barred
[2023-01-09 12:06:28.267] [nas] [warning] Retransmitting PDU Session Establishment Request due to T3580 expiry
[2023-01-09 12:06:28.268] [nas] [debug] UAC access attempt is allowed for identity[0], category[MO_sig]
[2023-01-09 12:06:28.491] [nas] [debug] PDU Session Establishment Accept received
[2023-01-09 12:06:28.491] [nas] [info] PDU Session establishment is successful PSI[2]
[2023-01-09 12:06:28.696] [app] [info] Connection setup for PDU session[2] is successful, TUN interface[uesimtun27, 10.60.2.108] is up.
[2023-01-09 12:06:45.823] [nas] [warning] PDU session release procedure could not start: PS[3] is not active already
[2023-01-09 12:06:53.855] [nas] [debug] Sending PDU Session Establishment Request
[2023-01-09 12:06:53.956] [nas] [error] No response from RRC from UAC checks, considering access attempt is barred
[2023-01-09 12:07:10.318] [nas] [warning] Retransmitting PDU Session Establishment Request due to T3580 expiry
[2023-01-09 12:07:10.318] [nas] [debug] UAC access attempt is allowed for identity[0], category[MO_sig]
[2023-01-09 12:07:10.546] [nas] [debug] PDU Session Establishment Accept received
[2023-01-09 12:07:10.546] [nas] [info] PDU Session establishment is successful PSI[3]
[2023-01-09 12:07:10.620] [app] [info] Connection setup for PDU session[3] is successful, TUN interface[uesimtun15, 10.60.2.221] is up.
[2023-01-09 12:07:22.020] [nas] [debug] Sending PDU Session Establishment Request
[2023-01-09 12:07:22.121] [nas] [error] No response from RRC from UAC checks, considering access attempt is barred
[2023-01-09 12:07:38.351] [nas] [warning] Retransmitting PDU Session Establishment Request due to T3580 expiry
[2023-01-09 12:07:38.353] [nas] [debug] UAC access attempt is allowed for identity[0], category[MO_sig]
[2023-01-09 12:07:38.424] [nas] [debug] PDU Session Establishment Accept received
[2023-01-09 12:07:38.424] [nas] [info] PDU Session establishment is successful PSI[4]
[2023-01-09 12:07:38.500] [app] [info] Connection setup for PDU session[4] is successful, TUN interface[uesimtun154, 10.60.3.40] is up.
[2023-01-09 12:07:54.179] [nas] [debug] Sending PDU Session Release Request for PSI[1]
[2023-01-09 12:07:54.179] [nas] [debug] Sending PDU Session Release Request for PSI[2]
[2023-01-09 12:07:54.179] [nas] [debug] Sending PDU Session Release Request for PSI[3]
[2023-01-09 12:07:54.179] [nas] [debug] Sending PDU Session Release Request for PSI[4]
[2023-01-09 12:07:54.281] [nas] [error] PDU Session Release Reject received [REQUEST_REJECTED_UNSPECIFIED]
[2023-01-09 12:07:54.281] [nas] [error] PS release reject received without being requested
[2023-01-09 12:07:54.281] [nas] [warning] Sending SM Cause[MESSAGE_TYPE_NOT_COMPATIBLE_WITH_THE_PROTOCOL_STATE] for PSI[1]
[2023-01-09 12:07:54.285] [nas] [error] PDU Session Release Reject received [REQUEST_REJECTED_UNSPECIFIED]
[2023-01-09 12:07:54.285] [nas] [error] PS release reject received without being requested
[2023-01-09 12:07:54.285] [nas] [warning] Sending SM Cause[MESSAGE_TYPE_NOT_COMPATIBLE_WITH_THE_PROTOCOL_STATE] for PSI[2]
[2023-01-09 12:07:54.290] [nas] [error] PDU Session Release Reject received [REQUEST_REJECTED_UNSPECIFIED]
[2023-01-09 12:07:54.290] [nas] [error] PS release reject received without being requested
[2023-01-09 12:07:54.290] [nas] [warning] Sending SM Cause[MESSAGE_TYPE_NOT_COMPATIBLE_WITH_THE_PROTOCOL_STATE] for PSI[3]
[2023-01-09 12:07:54.294] [nas] [error] PDU Session Release Reject received [REQUEST_REJECTED_UNSPECIFIED]
[2023-01-09 12:07:54.294] [nas] [error] PS release reject received without being requested
[2023-01-09 12:07:54.294] [nas] [warning] Sending SM Cause[MESSAGE_TYPE_NOT_COMPATIBLE_WITH_THE_PROTOCOL_STATE] for PSI[4]
[2023-01-09 12:08:08.226] [nas] [debug] Sending PDU Session Establishment Request
[2023-01-09 12:08:08.328] [nas] [error] No response from RRC from UAC checks, considering access attempt is barred
[2023-01-09 12:08:24.404] [nas] [warning] Retransmitting PDU Session Establishment Request due to T3580 expiry
[2023-01-09 12:08:24.406] [nas] [debug] UAC access attempt is allowed for identity[0], category[MO_sig]
[2023-01-09 12:08:24.440] [nas] [debug] PDU Session Establishment Accept received
[2023-01-09 12:08:24.440] [nas] [info] PDU Session establishment is successful PSI[5]
[2023-01-09 12:08:24.495] [app] [info] Connection setup for PDU session[5] is successful, TUN interface[uesimtun6, 10.60.3.150] is up.
[2023-01-09 12:08:42.422] [nas] [debug] Sending PDU Session Release Request for PSI[4]
[2023-01-09 12:08:42.464] [nas] [error] PDU Session Release Reject received [REQUEST_REJECTED_UNSPECIFIED]
[2023-01-09 12:08:42.464] [nas] [error] PS release reject received without being requested
[2023-01-09 12:08:42.464] [nas] [warning] Sending SM Cause[MESSAGE_TYPE_NOT_COMPATIBLE_WITH_THE_PROTOCOL_STATE] for PSI[4]
[2023-01-09 12:08:56.478] [nas] [debug] Sending PDU Session Release Request for PSI[3]
[2023-01-09 12:08:56.584] [nas] [error] PDU Session Release Reject received [REQUEST_REJECTED_UNSPECIFIED]
[2023-01-09 12:08:56.584] [nas] [error] PS release reject received without being requested
[2023-01-09 12:08:56.584] [nas] [warning] Sending SM Cause[MESSAGE_TYPE_NOT_COMPATIBLE_WITH_THE_PROTOCOL_STATE] for PSI[3]
[2023-01-09 12:09:03.510] [nas] [debug] Sending PDU Session Establishment Request
[2023-01-09 12:09:03.611] [nas] [error] No response from RRC from UAC checks, considering access attempt is barred
[2023-01-09 12:09:20.479] [nas] [warning] Retransmitting PDU Session Establishment Request due to T3580 expiry
[2023-01-09 12:09:20.482] [nas] [debug] UAC access attempt is allowed for identity[0], category[MO_sig]
[2023-01-09 12:09:36.499] [nas] [warning] Retransmitting PDU Session Establishment Request due to T3580 expiry
[2023-01-09 12:09:36.499] [nas] [debug] UAC access attempt is allowed for identity[0], category[MO_sig]
[2023-01-09 12:09:38.685] [nas] [debug] De-registration required due to [NORMAL]
[2023-01-09 12:09:38.695] [nas] [debug] Starting de-registration procedure due to [NORMAL]
[2023-01-09 12:09:38.695] [nas] [debug] Performing local release of PDU session[1]
[2023-01-09 12:09:38.695] [nas] [debug] Performing local release of PDU session[2]
[2023-01-09 12:09:38.695] [nas] [debug] Performing local release of PDU session[3]
[2023-01-09 12:09:38.695] [nas] [debug] Performing local release of PDU session[4]
[2023-01-09 12:09:38.695] [nas] [debug] Performing local release of PDU session[5]
[2023-01-09 12:09:38.695] [nas] [info] UE switches to state [MM-DEREGISTER-INITIATED]
[2023-01-09 12:09:52.527] [nas] [warning] Retransmitting PDU Session Establishment Request due to T3580 expiry
[2023-01-09 12:09:52.536] [nas] [debug] UAC access attempt is allowed for identity[0], category[MO_sig]
[2023-01-09 12:09:54.529] [nas] [debug] NAS timer[3521] expired [1]
[2023-01-09 12:09:54.529] [nas] [debug] Retransmitting De-registration Request due to T3521 expiry
