UERANSIM v3.2.6
[2023-01-09 12:02:12.897] [nas] [info] UE switches to state [MM-DEREGISTERED/PLMN-SEARCH]
[2023-01-09 12:02:12.897] [rrc] [debug] New signal detected for cell[1], total [1] cells in coverage
[2023-01-09 12:02:12.898] [nas] [info] Selected plmn[208/93]
[2023-01-09 12:02:12.898] [rrc] [info] Selected cell plmn[208/93] tac[1] category[SUITABLE]
[2023-01-09 12:02:12.898] [nas] [info] UE switches to state [MM-DEREGISTERED/PS]
[2023-01-09 12:02:12.898] [nas] [info] UE switches to state [MM-DEREGISTERED/NORMAL-SERVICE]
[2023-01-09 12:02:12.898] [nas] [debug] Initial registration required due to [MM-DEREG-NORMAL-SERVICE]
[2023-01-09 12:02:12.899] [nas] [debug] UAC access attempt is allowed for identity[0], category[MO_sig]
[2023-01-09 12:02:12.899] [nas] [debug] Sending Initial Registration
[2023-01-09 12:02:12.899] [nas] [info] UE switches to state [MM-REGISTER-INITIATED]
[2023-01-09 12:02:12.899] [rrc] [debug] Sending RRC Setup Request
[2023-01-09 12:02:12.899] [rrc] [info] RRC connection established
[2023-01-09 12:02:12.899] [rrc] [info] UE switches to state [RRC-CONNECTED]
[2023-01-09 12:02:12.900] [nas] [info] UE switches to state [CM-CONNECTED]
[2023-01-09 12:02:12.916] [nas] [debug] Authentication Request received
[2023-01-09 12:02:12.922] [nas] [debug] Security Mode Command received
[2023-01-09 12:02:12.922] [nas] [debug] Selected integrity[2] ciphering[0]
[2023-01-09 12:02:12.962] [nas] [debug] Registration accept received
[2023-01-09 12:02:12.963] [nas] [info] UE switches to state [MM-REGISTERED/NORMAL-SERVICE]
[2023-01-09 12:02:12.963] [nas] [debug] Sending Registration Complete
[2023-01-09 12:02:12.963] [nas] [info] Initial Registration is successful
[2023-01-09 12:02:12.963] [nas] [debug] Sending PDU Session Establishment Request
[2023-01-09 12:02:12.963] [nas] [debug] UAC access attempt is allowed for identity[0], category[MO_sig]
[2023-01-09 12:02:13.197] [nas] [debug] PDU Session Establishment Accept received
[2023-01-09 12:02:13.197] [nas] [info] PDU Session establishment is successful PSI[1]
[2023-01-09 12:02:13.230] [app] [info] Connection setup for PDU session[1] is successful, TUN interface[uesimtun1, 10.60.0.2] is up.
[2023-01-09 12:03:53.382] [nas] [debug] Sending PDU Session Establishment Request
[2023-01-09 12:03:53.496] [nas] [error] No response from RRC from UAC checks, considering access attempt is barred
[2023-01-09 12:04:10.016] [nas] [warning] Retransmitting PDU Session Establishment Request due to T3580 expiry
[2023-01-09 12:04:10.019] [nas] [debug] UAC access attempt is allowed for identity[0], category[MO_sig]
[2023-01-09 12:04:10.096] [nas] [debug] PDU Session Establishment Accept received
[2023-01-09 12:04:10.096] [nas] [info] PDU Session establishment is successful PSI[2]
[2023-01-09 12:04:10.311] [app] [info] Connection setup for PDU session[2] is successful, TUN interface[uesimtun94, 10.60.0.187] is up.
[2023-01-09 12:04:22.579] [nas] [debug] Sending PDU Session Establishment Request
[2023-01-09 12:04:22.683] [nas] [error] No response from RRC from UAC checks, considering access attempt is barred
[2023-01-09 12:04:39.049] [nas] [warning] Retransmitting PDU Session Establishment Request due to T3580 expiry
[2023-01-09 12:04:39.056] [nas] [debug] UAC access attempt is allowed for identity[0], category[MO_sig]
[2023-01-09 12:04:39.226] [nas] [debug] PDU Session Establishment Accept received
[2023-01-09 12:04:39.226] [nas] [info] PDU Session establishment is successful PSI[3]
[2023-01-09 12:04:39.470] [app] [info] Connection setup for PDU session[3] is successful, TUN interface[uesimtun73, 10.60.1.47] is up.
[2023-01-09 12:04:50.760] [nas] [debug] De-registration required due to [NORMAL]
[2023-01-09 12:04:50.770] [nas] [debug] Starting de-registration procedure due to [NORMAL]
[2023-01-09 12:04:50.770] [nas] [debug] Performing local release of PDU session[1]
[2023-01-09 12:04:50.770] [nas] [debug] Performing local release of PDU session[2]
[2023-01-09 12:04:50.770] [nas] [debug] Performing local release of PDU session[3]
[2023-01-09 12:04:50.770] [nas] [info] UE switches to state [MM-DEREGISTER-INITIATED]
[2023-01-09 12:04:50.875] [rrc] [debug] RRC Release received
[2023-01-09 12:04:50.875] [nas] [debug] De-registration accept received
[2023-01-09 12:04:50.875] [nas] [info] UE switches to state [MM-DEREGISTERED/PS]
[2023-01-09 12:04:50.875] [nas] [info] De-registration is successful
[2023-01-09 12:04:50.875] [nas] [info] UE switches to state [CM-IDLE]
[2023-01-09 12:04:50.875] [nas] [info] UE switches to state [MM-DEREGISTERED/NORMAL-SERVICE]
[2023-01-09 12:04:50.875] [nas] [debug] Initial registration required due to [MM-DEREG-NORMAL-SERVICE]
[2023-01-09 12:04:50.879] [nas] [debug] UAC access attempt is allowed for identity[0], category[MO_sig]
[2023-01-09 12:04:50.879] [nas] [debug] Sending Initial Registration
[2023-01-09 12:04:50.879] [rrc] [debug] Sending RRC Setup Request
[2023-01-09 12:04:50.879] [nas] [debug] Deleting NAS security context
[2023-01-09 12:04:50.879] [nas] [info] UE switches to state [MM-REGISTER-INITIATED]
[2023-01-09 12:04:50.879] [rrc] [info] RRC connection established
[2023-01-09 12:04:50.879] [rrc] [info] UE switches to state [RRC-CONNECTED]
[2023-01-09 12:04:50.879] [nas] [info] UE switches to state [CM-CONNECTED]
[2023-01-09 12:04:51.092] [nas] [debug] Authentication Request received
[2023-01-09 12:04:51.111] [nas] [debug] Security Mode Command received
[2023-01-09 12:04:51.111] [nas] [debug] Selected integrity[2] ciphering[0]
[2023-01-09 12:04:51.138] [nas] [debug] Registration accept received
[2023-01-09 12:04:51.138] [nas] [info] UE switches to state [MM-REGISTERED/NORMAL-SERVICE]
[2023-01-09 12:04:51.138] [nas] [debug] Sending Registration Complete
[2023-01-09 12:04:51.138] [nas] [info] Initial Registration is successful
[2023-01-09 12:04:51.138] [nas] [debug] Sending PDU Session Establishment Request
[2023-01-09 12:04:51.141] [nas] [debug] UAC access attempt is allowed for identity[0], category[MO_sig]
[2023-01-09 12:04:51.199] [nas] [debug] PDU Session Establishment Accept received
[2023-01-09 12:04:51.200] [nas] [info] PDU Session establishment is successful PSI[1]
[2023-01-09 12:04:51.327] [app] [info] Connection setup for PDU session[1] is successful, TUN interface[uesimtun1, 10.60.1.93] is up.
[2023-01-09 12:05:22.839] [nas] [debug] De-registration required due to [NORMAL]
[2023-01-09 12:05:22.849] [nas] [debug] Starting de-registration procedure due to [NORMAL]
[2023-01-09 12:05:22.849] [nas] [debug] Performing local release of PDU session[1]
[2023-01-09 12:05:22.849] [nas] [info] UE switches to state [MM-DEREGISTER-INITIATED]
[2023-01-09 12:05:22.954] [rrc] [debug] RRC Release received
[2023-01-09 12:05:22.954] [nas] [debug] De-registration accept received
[2023-01-09 12:05:22.954] [nas] [info] UE switches to state [MM-DEREGISTERED/PS]
[2023-01-09 12:05:22.954] [nas] [info] De-registration is successful
[2023-01-09 12:05:22.954] [nas] [info] UE switches to state [CM-IDLE]
[2023-01-09 12:05:22.954] [nas] [info] UE switches to state [MM-DEREGISTERED/NORMAL-SERVICE]
[2023-01-09 12:05:22.954] [nas] [debug] Initial registration required due to [MM-DEREG-NORMAL-SERVICE]
[2023-01-09 12:05:22.959] [nas] [debug] UAC access attempt is allowed for identity[0], category[MO_sig]
[2023-01-09 12:05:22.959] [nas] [debug] Sending Initial Registration
[2023-01-09 12:05:22.959] [nas] [debug] Deleting NAS security context
[2023-01-09 12:05:22.959] [nas] [info] UE switches to state [MM-REGISTER-INITIATED]
[2023-01-09 12:05:22.959] [rrc] [debug] Sending RRC Setup Request
[2023-01-09 12:05:22.959] [rrc] [info] RRC connection established
[2023-01-09 12:05:22.959] [rrc] [info] UE switches to state [RRC-CONNECTED]
[2023-01-09 12:05:22.959] [nas] [info] UE switches to state [CM-CONNECTED]
[2023-01-09 12:05:23.220] [nas] [debug] Authentication Request received
[2023-01-09 12:05:23.278] [nas] [debug] Security Mode Command received
[2023-01-09 12:05:23.278] [nas] [debug] Selected integrity[2] ciphering[0]
[2023-01-09 12:05:23.321] [nas] [debug] Registration accept received
[2023-01-09 12:05:23.321] [nas] [info] UE switches to state [MM-REGISTERED/NORMAL-SERVICE]
[2023-01-09 12:05:23.321] [nas] [debug] Sending Registration Complete
[2023-01-09 12:05:23.321] [nas] [info] Initial Registration is successful
[2023-01-09 12:05:23.321] [nas] [debug] Sending PDU Session Establishment Request
[2023-01-09 12:05:23.324] [nas] [debug] UAC access attempt is allowed for identity[0], category[MO_sig]
[2023-01-09 12:05:23.366] [nas] [debug] PDU Session Establishment Accept received
[2023-01-09 12:05:23.366] [nas] [info] PDU Session establishment is successful PSI[1]
[2023-01-09 12:05:23.474] [app] [info] Connection setup for PDU session[1] is successful, TUN interface[uesimtun87, 10.60.1.189] is up.
[2023-01-09 12:05:57.922] [nas] [debug] Sending PDU Session Release Request for PSI[1]
[2023-01-09 12:05:58.110] [nas] [debug] PDU Session Release Command received
[2023-01-09 12:05:58.110] [nas] [debug] Performing local release of PDU session[1]
[2023-01-09 12:05:58.629] [nas] [debug] Sending PDU Session Establishment Request
[2023-01-09 12:05:58.632] [nas] [debug] UAC access attempt is allowed for identity[0], category[MO_sig]
[2023-01-09 12:05:58.843] [nas] [debug] PDU Session Establishment Accept received
[2023-01-09 12:05:58.843] [nas] [info] PDU Session establishment is successful PSI[1]
[2023-01-09 12:05:58.934] [app] [info] Connection setup for PDU session[1] is successful, TUN interface[uesimtun87, 10.60.2.28] is up.
[2023-01-09 12:06:06.965] [nas] [debug] Sending PDU Session Establishment Request
[2023-01-09 12:06:07.066] [nas] [error] No response from RRC from UAC checks, considering access attempt is barred
[2023-01-09 12:06:23.174] [nas] [warning] Retransmitting PDU Session Establishment Request due to T3580 expiry
[2023-01-09 12:06:23.176] [nas] [debug] UAC access attempt is allowed for identity[0], category[MO_sig]
[2023-01-09 12:06:23.206] [nas] [debug] PDU Session Establishment Accept received
[2023-01-09 12:06:23.206] [nas] [info] PDU Session establishment is successful PSI[2]
[2023-01-09 12:06:23.235] [app] [info] Connection setup for PDU session[2] is successful, TUN interface[uesimtun125, 10.60.2.91] is up.
[2023-01-09 12:06:42.127] [nas] [debug] De-registration required due to [NORMAL]
[2023-01-09 12:06:42.137] [nas] [debug] Starting de-registration procedure due to [NORMAL]
[2023-01-09 12:06:42.137] [nas] [debug] Performing local release of PDU session[1]
[2023-01-09 12:06:42.137] [nas] [debug] Performing local release of PDU session[2]
[2023-01-09 12:06:42.137] [nas] [info] UE switches to state [MM-DEREGISTER-INITIATED]
[2023-01-09 12:06:42.154] [nas] [debug] De-registration accept received
[2023-01-09 12:06:42.154] [nas] [info] UE switches to state [MM-DEREGISTERED/PS]
[2023-01-09 12:06:42.154] [nas] [info] De-registration is successful
[2023-01-09 12:06:42.154] [nas] [info] UE switches to state [MM-DEREGISTERED/NORMAL-SERVICE]
[2023-01-09 12:06:42.154] [nas] [debug] Initial registration required due to [MM-DEREG-NORMAL-SERVICE]
[2023-01-09 12:06:42.154] [nas] [debug] Sending Initial Registration
[2023-01-09 12:06:42.154] [nas] [debug] Deleting NAS security context
[2023-01-09 12:06:42.154] [nas] [info] UE switches to state [MM-REGISTER-INITIATED]
[2023-01-09 12:06:42.156] [rrc] [debug] RRC Release received
[2023-01-09 12:06:42.156] [nas] [info] UE switches to state [CM-IDLE]
[2023-01-09 12:06:42.156] [nas] [info] UE switches to state [MM-DEREGISTERED/PS]
[2023-01-09 12:06:42.156] [nas] [info] UE switches to state [5U2-NOT-UPDATED]
[2023-01-09 12:06:42.156] [nas] [info] UE switches to state [MM-DEREGISTERED/ATTEMPTING-REGISTRATION]
[2023-01-09 12:06:52.206] [nas] [debug] NAS timer[3511] expired [1]
[2023-01-09 12:06:52.206] [nas] [debug] Initial registration required due to [T3511-EXPIRY-IN-ATT-REG]
[2023-01-09 12:06:52.206] [nas] [debug] UAC access attempt is allowed for identity[0], category[MO_sig]
[2023-01-09 12:06:52.206] [nas] [debug] Sending Initial Registration
[2023-01-09 12:06:52.206] [nas] [info] UE switches to state [MM-REGISTER-INITIATED]
[2023-01-09 12:06:52.206] [rrc] [debug] Sending RRC Setup Request
[2023-01-09 12:06:52.206] [rrc] [info] RRC connection established
[2023-01-09 12:06:52.206] [rrc] [info] UE switches to state [RRC-CONNECTED]
[2023-01-09 12:06:52.206] [nas] [info] UE switches to state [CM-CONNECTED]
[2023-01-09 12:06:52.376] [nas] [debug] Authentication Request received
[2023-01-09 12:06:52.421] [nas] [debug] Security Mode Command received
[2023-01-09 12:06:52.422] [nas] [debug] Selected integrity[2] ciphering[0]
[2023-01-09 12:06:52.460] [nas] [debug] Registration accept received
[2023-01-09 12:06:52.460] [nas] [info] UE switches to state [MM-REGISTERED/NORMAL-SERVICE]
[2023-01-09 12:06:52.460] [nas] [info] UE switches to state [5U1-UPDATED]
[2023-01-09 12:06:52.460] [nas] [debug] Sending Registration Complete
[2023-01-09 12:06:52.460] [nas] [info] Initial Registration is successful
[2023-01-09 12:06:52.460] [nas] [debug] Sending PDU Session Establishment Request
[2023-01-09 12:06:52.460] [nas] [debug] UAC access attempt is allowed for identity[0], category[MO_sig]
[2023-01-09 12:06:52.535] [nas] [debug] PDU Session Establishment Accept received
[2023-01-09 12:06:52.535] [nas] [info] PDU Session establishment is successful PSI[1]
[2023-01-09 12:06:52.655] [app] [info] Connection setup for PDU session[1] is successful, TUN interface[uesimtun43, 10.60.2.173] is up.
[2023-01-09 12:07:11.182] [nas] [debug] Sending PDU Session Release Request for PSI[1]
[2023-01-09 12:07:11.406] [nas] [error] PDU Session Release Reject received [REQUEST_REJECTED_UNSPECIFIED]
[2023-01-09 12:07:11.406] [nas] [error] PS release reject received without being requested
[2023-01-09 12:07:11.406] [nas] [warning] Sending SM Cause[MESSAGE_TYPE_NOT_COMPATIBLE_WITH_THE_PROTOCOL_STATE] for PSI[1]
[2023-01-09 12:07:19.253] [nas] [debug] Sending PDU Session Release Request for PSI[1]
[2023-01-09 12:07:19.288] [nas] [error] PDU Session Release Reject received [REQUEST_REJECTED_UNSPECIFIED]
[2023-01-09 12:07:19.288] [nas] [error] PS release reject received without being requested
[2023-01-09 12:07:19.288] [nas] [warning] Sending SM Cause[MESSAGE_TYPE_NOT_COMPATIBLE_WITH_THE_PROTOCOL_STATE] for PSI[1]
[2023-01-09 12:07:28.287] [nas] [debug] Sending PDU Session Establishment Request
[2023-01-09 12:07:28.390] [nas] [error] No response from RRC from UAC checks, considering access attempt is barred
[2023-01-09 12:07:44.292] [nas] [warning] Retransmitting PDU Session Establishment Request due to T3580 expiry
[2023-01-09 12:07:44.292] [nas] [debug] UAC access attempt is allowed for identity[0], category[MO_sig]
[2023-01-09 12:07:44.418] [nas] [debug] PDU Session Establishment Accept received
[2023-01-09 12:07:44.418] [nas] [info] PDU Session establishment is successful PSI[2]
[2023-01-09 12:07:44.450] [app] [info] Connection setup for PDU session[2] is successful, TUN interface[uesimtun7, 10.60.3.53] is up.
[2023-01-09 12:07:57.503] [nas] [debug] Sending PDU Session Release Request for PSI[1]
[2023-01-09 12:07:57.518] [nas] [error] PDU Session Release Reject received [REQUEST_REJECTED_UNSPECIFIED]
[2023-01-09 12:07:57.518] [nas] [error] PS release reject received without being requested
[2023-01-09 12:07:57.518] [nas] [warning] Sending SM Cause[MESSAGE_TYPE_NOT_COMPATIBLE_WITH_THE_PROTOCOL_STATE] for PSI[1]
[2023-01-09 12:08:08.550] [nas] [debug] Sending PDU Session Release Request for PSI[1]
[2023-01-09 12:08:08.550] [nas] [debug] Sending PDU Session Release Request for PSI[2]
[2023-01-09 12:08:08.638] [nas] [error] PDU Session Release Reject received [REQUEST_REJECTED_UNSPECIFIED]
[2023-01-09 12:08:08.638] [nas] [error] PS release reject received without being requested
[2023-01-09 12:08:08.638] [nas] [warning] Sending SM Cause[MESSAGE_TYPE_NOT_COMPATIBLE_WITH_THE_PROTOCOL_STATE] for PSI[1]
[2023-01-09 12:08:08.643] [nas] [error] PDU Session Release Reject received [REQUEST_REJECTED_UNSPECIFIED]
[2023-01-09 12:08:08.644] [nas] [error] PS release reject received without being requested
[2023-01-09 12:08:08.644] [nas] [warning] Sending SM Cause[MESSAGE_TYPE_NOT_COMPATIBLE_WITH_THE_PROTOCOL_STATE] for PSI[2]
[2023-01-09 12:08:22.634] [nas] [debug] De-registration required due to [NORMAL]
[2023-01-09 12:08:22.646] [nas] [debug] Starting de-registration procedure due to [NORMAL]
[2023-01-09 12:08:22.646] [nas] [debug] Performing local release of PDU session[1]
[2023-01-09 12:08:22.646] [nas] [debug] Performing local release of PDU session[2]
[2023-01-09 12:08:22.646] [nas] [info] UE switches to state [MM-DEREGISTER-INITIATED]
[2023-01-09 12:08:22.714] [nas] [debug] De-registration accept received
[2023-01-09 12:08:22.714] [nas] [info] UE switches to state [MM-DEREGISTERED/PS]
[2023-01-09 12:08:22.714] [nas] [info] De-registration is successful
[2023-01-09 12:08:22.714] [nas] [info] UE switches to state [MM-DEREGISTERED/NORMAL-SERVICE]
[2023-01-09 12:08:22.714] [nas] [debug] Initial registration required due to [MM-DEREG-NORMAL-SERVICE]
[2023-01-09 12:08:22.714] [nas] [debug] Sending Initial Registration
[2023-01-09 12:08:22.714] [nas] [debug] Deleting NAS security context
[2023-01-09 12:08:22.714] [nas] [info] UE switches to state [MM-REGISTER-INITIATED]
[2023-01-09 12:08:22.715] [rrc] [debug] RRC Release received
[2023-01-09 12:08:22.715] [nas] [info] UE switches to state [CM-IDLE]
[2023-01-09 12:08:22.715] [nas] [info] UE switches to state [MM-DEREGISTERED/PS]
[2023-01-09 12:08:22.715] [nas] [info] UE switches to state [5U2-NOT-UPDATED]
[2023-01-09 12:08:22.715] [nas] [info] UE switches to state [MM-DEREGISTERED/ATTEMPTING-REGISTRATION]
[2023-01-09 12:08:33.351] [nas] [debug] NAS timer[3511] expired [1]
[2023-01-09 12:08:33.351] [nas] [debug] Initial registration required due to [T3511-EXPIRY-IN-ATT-REG]
[2023-01-09 12:08:33.351] [nas] [debug] UAC access attempt is allowed for identity[0], category[MO_sig]
[2023-01-09 12:08:33.351] [nas] [debug] Sending Initial Registration
[2023-01-09 12:08:33.351] [nas] [info] UE switches to state [MM-REGISTER-INITIATED]
[2023-01-09 12:08:33.351] [rrc] [debug] Sending RRC Setup Request
[2023-01-09 12:08:33.352] [rrc] [info] RRC connection established
[2023-01-09 12:08:33.352] [rrc] [info] UE switches to state [RRC-CONNECTED]
[2023-01-09 12:08:33.352] [nas] [info] UE switches to state [CM-CONNECTED]
[2023-01-09 12:08:33.609] [nas] [debug] Authentication Request received
[2023-01-09 12:08:33.645] [nas] [debug] Security Mode Command received
[2023-01-09 12:08:33.645] [nas] [debug] Selected integrity[2] ciphering[0]
[2023-01-09 12:08:33.695] [nas] [debug] Registration accept received
[2023-01-09 12:08:33.695] [nas] [info] UE switches to state [MM-REGISTERED/NORMAL-SERVICE]
[2023-01-09 12:08:33.695] [nas] [info] UE switches to state [5U1-UPDATED]
[2023-01-09 12:08:33.695] [nas] [debug] Sending Registration Complete
[2023-01-09 12:08:33.695] [nas] [info] Initial Registration is successful
[2023-01-09 12:08:33.695] [nas] [debug] Sending PDU Session Establishment Request
[2023-01-09 12:08:33.695] [nas] [debug] UAC access attempt is allowed for identity[0], category[MO_sig]
[2023-01-09 12:08:33.793] [nas] [debug] PDU Session Establishment Accept received
[2023-01-09 12:08:33.793] [nas] [info] PDU Session establishment is successful PSI[1]
[2023-01-09 12:08:33.966] [app] [info] Connection setup for PDU session[1] is successful, TUN interface[uesimtun137, 10.60.3.170] is up.
[2023-01-09 12:08:49.693] [nas] [debug] De-registration required due to [NORMAL]
[2023-01-09 12:08:49.703] [nas] [debug] Starting de-registration procedure due to [NORMAL]
[2023-01-09 12:08:49.703] [nas] [debug] Performing local release of PDU session[1]
[2023-01-09 12:08:49.703] [nas] [info] UE switches to state [MM-DEREGISTER-INITIATED]
[2023-01-09 12:08:49.720] [nas] [debug] De-registration accept received
[2023-01-09 12:08:49.720] [nas] [info] UE switches to state [MM-DEREGISTERED/PS]
[2023-01-09 12:08:49.720] [nas] [info] De-registration is successful
[2023-01-09 12:08:49.720] [nas] [info] UE switches to state [MM-DEREGISTERED/NORMAL-SERVICE]
[2023-01-09 12:08:49.720] [nas] [debug] Initial registration required due to [MM-DEREG-NORMAL-SERVICE]
[2023-01-09 12:08:49.720] [nas] [debug] Sending Initial Registration
[2023-01-09 12:08:49.720] [nas] [debug] Deleting NAS security context
[2023-01-09 12:08:49.720] [nas] [info] UE switches to state [MM-REGISTER-INITIATED]
[2023-01-09 12:08:49.724] [rrc] [debug] RRC Release received
[2023-01-09 12:08:49.724] [nas] [info] UE switches to state [CM-IDLE]
[2023-01-09 12:08:49.724] [nas] [info] UE switches to state [MM-DEREGISTERED/PS]
[2023-01-09 12:08:49.724] [nas] [info] UE switches to state [5U2-NOT-UPDATED]
[2023-01-09 12:08:49.724] [nas] [info] UE switches to state [MM-DEREGISTERED/ATTEMPTING-REGISTRATION]
[2023-01-09 12:09:00.386] [nas] [debug] NAS timer[3511] expired [1]
[2023-01-09 12:09:00.386] [nas] [debug] Initial registration required due to [T3511-EXPIRY-IN-ATT-REG]
[2023-01-09 12:09:00.386] [nas] [debug] UAC access attempt is allowed for identity[0], category[MO_sig]
[2023-01-09 12:09:00.386] [nas] [debug] Sending Initial Registration
[2023-01-09 12:09:00.386] [nas] [info] UE switches to state [MM-REGISTER-INITIATED]
[2023-01-09 12:09:00.386] [rrc] [debug] Sending RRC Setup Request
[2023-01-09 12:09:00.388] [rrc] [info] RRC connection established
[2023-01-09 12:09:00.388] [rrc] [info] UE switches to state [RRC-CONNECTED]
[2023-01-09 12:09:00.389] [nas] [info] UE switches to state [CM-CONNECTED]
[2023-01-09 12:09:00.629] [nas] [debug] Authentication Request received
[2023-01-09 12:09:00.716] [nas] [debug] Security Mode Command received
[2023-01-09 12:09:00.716] [nas] [debug] Selected integrity[2] ciphering[0]
[2023-01-09 12:09:00.949] [nas] [debug] Registration accept received
[2023-01-09 12:09:00.949] [nas] [info] UE switches to state [MM-REGISTERED/NORMAL-SERVICE]
[2023-01-09 12:09:00.949] [nas] [info] UE switches to state [5U1-UPDATED]
[2023-01-09 12:09:00.949] [nas] [debug] Sending Registration Complete
[2023-01-09 12:09:00.949] [nas] [info] Initial Registration is successful
[2023-01-09 12:09:00.949] [nas] [debug] Sending PDU Session Establishment Request
[2023-01-09 12:09:00.949] [nas] [debug] UAC access attempt is allowed for identity[0], category[MO_sig]
[2023-01-09 12:09:01.027] [nas] [debug] PDU Session Establishment Accept received
[2023-01-09 12:09:01.027] [nas] [info] PDU Session establishment is successful PSI[1]
[2023-01-09 12:09:01.140] [app] [info] Connection setup for PDU session[1] is successful, TUN interface[uesimtun14, 10.60.3.245] is up.
[2023-01-09 12:09:24.764] [nas] [debug] Sending PDU Session Release Request for PSI[1]
[2023-01-09 12:09:39.814] [nas] [debug] Sending PDU Session Release Request for PSI[1]
[2023-01-09 12:09:41.437] [nas] [warning] Retransmitting PDU Session Release Request due to T3582 expiry
[2023-01-09 12:09:46.856] [nas] [debug] Sending PDU Session Release Request for PSI[1]
[2023-01-09 12:09:55.917] [nas] [debug] De-registration required due to [NORMAL]
[2023-01-09 12:09:55.928] [nas] [debug] Starting de-registration procedure due to [NORMAL]
[2023-01-09 12:09:55.928] [nas] [debug] Performing local release of PDU session[1]
[2023-01-09 12:09:55.928] [nas] [info] UE switches to state [MM-DEREGISTER-INITIATED]
[2023-01-09 12:09:56.454] [nas] [warning] Retransmitting PDU Session Release Request due to T3582 expiry
[2023-01-09 12:09:57.455] [nas] [warning] Retransmitting PDU Session Release Request due to T3582 expiry
[2023-01-09 12:10:03.461] [nas] [warning] Retransmitting PDU Session Release Request due to T3582 expiry
