UERANSIM v3.2.6
[2023-01-09 12:03:15.001] [nas] [info] UE switches to state [MM-DEREGISTERED/PLMN-SEARCH]
[2023-01-09 12:03:15.006] [rrc] [debug] New signal detected for cell[1], total [1] cells in coverage
[2023-01-09 12:03:15.007] [nas] [info] Selected plmn[208/93]
[2023-01-09 12:03:15.007] [rrc] [info] Selected cell plmn[208/93] tac[1] category[SUITABLE]
[2023-01-09 12:03:15.007] [nas] [info] UE switches to state [MM-DEREGISTERED/PS]
[2023-01-09 12:03:15.007] [nas] [info] UE switches to state [MM-DEREGISTERED/NORMAL-SERVICE]
[2023-01-09 12:03:15.007] [nas] [debug] Initial registration required due to [MM-DEREG-NORMAL-SERVICE]
[2023-01-09 12:03:15.007] [nas] [debug] UAC access attempt is allowed for identity[0], category[MO_sig]
[2023-01-09 12:03:15.007] [nas] [debug] Sending Initial Registration
[2023-01-09 12:03:15.007] [nas] [info] UE switches to state [MM-REGISTER-INITIATED]
[2023-01-09 12:03:15.007] [rrc] [debug] Sending RRC Setup Request
[2023-01-09 12:03:15.008] [rrc] [info] RRC connection established
[2023-01-09 12:03:15.008] [rrc] [info] UE switches to state [RRC-CONNECTED]
[2023-01-09 12:03:15.008] [nas] [info] UE switches to state [CM-CONNECTED]
[2023-01-09 12:03:15.026] [nas] [debug] Authentication Request received
[2023-01-09 12:03:15.031] [nas] [debug] Security Mode Command received
[2023-01-09 12:03:15.031] [nas] [debug] Selected integrity[2] ciphering[0]
[2023-01-09 12:03:15.057] [nas] [debug] Registration accept received
[2023-01-09 12:03:15.057] [nas] [info] UE switches to state [MM-REGISTERED/NORMAL-SERVICE]
[2023-01-09 12:03:15.057] [nas] [debug] Sending Registration Complete
[2023-01-09 12:03:15.057] [nas] [info] Initial Registration is successful
[2023-01-09 12:03:15.057] [nas] [debug] Sending PDU Session Establishment Request
[2023-01-09 12:03:15.057] [nas] [debug] UAC access attempt is allowed for identity[0], category[MO_sig]
[2023-01-09 12:03:15.292] [nas] [debug] PDU Session Establishment Accept received
[2023-01-09 12:03:15.293] [nas] [info] PDU Session establishment is successful PSI[1]
[2023-01-09 12:03:15.329] [app] [info] Connection setup for PDU session[1] is successful, TUN interface[uesimtun63, 10.60.0.64] is up.
[2023-01-09 12:03:53.038] [nas] [debug] De-registration required due to [NORMAL]
[2023-01-09 12:03:53.049] [nas] [debug] Starting de-registration procedure due to [NORMAL]
[2023-01-09 12:03:53.049] [nas] [debug] Performing local release of PDU session[1]
[2023-01-09 12:03:53.049] [nas] [info] UE switches to state [MM-DEREGISTER-INITIATED]
[2023-01-09 12:03:53.224] [rrc] [debug] RRC Release received
[2023-01-09 12:03:53.224] [nas] [debug] De-registration accept received
[2023-01-09 12:03:53.224] [nas] [info] UE switches to state [MM-DEREGISTERED/PS]
[2023-01-09 12:03:53.224] [nas] [info] De-registration is successful
[2023-01-09 12:03:53.224] [nas] [info] UE switches to state [CM-IDLE]
[2023-01-09 12:03:53.224] [nas] [info] UE switches to state [MM-DEREGISTERED/NORMAL-SERVICE]
[2023-01-09 12:03:53.224] [nas] [debug] Initial registration required due to [MM-DEREG-NORMAL-SERVICE]
[2023-01-09 12:03:53.224] [nas] [debug] UAC access attempt is allowed for identity[0], category[MO_sig]
[2023-01-09 12:03:53.224] [nas] [debug] Sending Initial Registration
[2023-01-09 12:03:53.224] [nas] [debug] Deleting NAS security context
[2023-01-09 12:03:53.224] [nas] [info] UE switches to state [MM-REGISTER-INITIATED]
[2023-01-09 12:03:53.224] [rrc] [debug] Sending RRC Setup Request
[2023-01-09 12:03:53.225] [rrc] [info] RRC connection established
[2023-01-09 12:03:53.225] [rrc] [info] UE switches to state [RRC-CONNECTED]
[2023-01-09 12:03:53.225] [nas] [info] UE switches to state [CM-CONNECTED]
[2023-01-09 12:03:53.817] [nas] [debug] Authentication Request received
[2023-01-09 12:03:54.188] [nas] [debug] Security Mode Command received
[2023-01-09 12:03:54.188] [nas] [debug] Selected integrity[2] ciphering[0]
[2023-01-09 12:03:54.579] [nas] [debug] Registration accept received
[2023-01-09 12:03:54.580] [nas] [info] UE switches to state [MM-REGISTERED/NORMAL-SERVICE]
[2023-01-09 12:03:54.580] [nas] [debug] Sending Registration Complete
[2023-01-09 12:03:54.580] [nas] [info] Initial Registration is successful
[2023-01-09 12:03:54.580] [nas] [debug] Sending PDU Session Establishment Request
[2023-01-09 12:03:54.580] [nas] [debug] UAC access attempt is allowed for identity[0], category[MO_sig]
[2023-01-09 12:03:55.013] [nas] [debug] PDU Session Establishment Accept received
[2023-01-09 12:03:55.013] [nas] [info] PDU Session establishment is successful PSI[1]
[2023-01-09 12:03:55.196] [app] [info] Connection setup for PDU session[1] is successful, TUN interface[uesimtun67, 10.60.0.135] is up.
[2023-01-09 12:04:23.144] [nas] [debug] Sending PDU Session Establishment Request
[2023-01-09 12:04:23.250] [nas] [error] No response from RRC from UAC checks, considering access attempt is barred
[2023-01-09 12:04:40.108] [nas] [warning] Retransmitting PDU Session Establishment Request due to T3580 expiry
[2023-01-09 12:04:40.111] [nas] [debug] UAC access attempt is allowed for identity[0], category[MO_sig]
[2023-01-09 12:04:40.200] [nas] [debug] PDU Session Establishment Accept received
[2023-01-09 12:04:40.200] [nas] [info] PDU Session establishment is successful PSI[2]
[2023-01-09 12:04:40.297] [app] [info] Connection setup for PDU session[2] is successful, TUN interface[uesimtun110, 10.60.1.58] is up.
[2023-01-09 12:04:58.319] [nas] [debug] Sending PDU Session Establishment Request
[2023-01-09 12:04:58.420] [nas] [error] No response from RRC from UAC checks, considering access attempt is barred
[2023-01-09 12:05:15.145] [nas] [warning] Retransmitting PDU Session Establishment Request due to T3580 expiry
[2023-01-09 12:05:15.145] [nas] [debug] UAC access attempt is allowed for identity[0], category[MO_sig]
[2023-01-09 12:05:15.212] [nas] [debug] PDU Session Establishment Accept received
[2023-01-09 12:05:15.212] [nas] [info] PDU Session establishment is successful PSI[3]
[2023-01-09 12:05:15.370] [app] [info] Connection setup for PDU session[3] is successful, TUN interface[uesimtun26, 10.60.1.158] is up.
[2023-01-09 12:05:33.539] [nas] [debug] Sending PDU Session Release Request for PSI[3]
[2023-01-09 12:05:33.727] [nas] [debug] PDU Session Release Command received
[2023-01-09 12:05:33.727] [nas] [debug] Performing local release of PDU session[3]
[2023-01-09 12:05:41.598] [nas] [debug] Sending PDU Session Release Request for PSI[1]
[2023-01-09 12:05:41.737] [nas] [error] PDU Session Release Reject received [REQUEST_REJECTED_UNSPECIFIED]
[2023-01-09 12:05:41.737] [nas] [error] PS release reject received without being requested
[2023-01-09 12:05:41.737] [nas] [warning] Sending SM Cause[MESSAGE_TYPE_NOT_COMPATIBLE_WITH_THE_PROTOCOL_STATE] for PSI[1]
[2023-01-09 12:05:47.644] [nas] [debug] Sending PDU Session Establishment Request
[2023-01-09 12:05:47.746] [nas] [error] No response from RRC from UAC checks, considering access attempt is barred
[2023-01-09 12:06:04.210] [nas] [warning] Retransmitting PDU Session Establishment Request due to T3580 expiry
[2023-01-09 12:06:04.214] [nas] [debug] UAC access attempt is allowed for identity[0], category[MO_sig]
[2023-01-09 12:06:04.352] [nas] [debug] PDU Session Establishment Accept received
[2023-01-09 12:06:04.352] [nas] [info] PDU Session establishment is successful PSI[3]
[2023-01-09 12:06:04.427] [app] [info] Connection setup for PDU session[3] is successful, TUN interface[uesimtun34, 10.60.2.44] is up.
[2023-01-09 12:06:14.807] [nas] [debug] Sending PDU Session Establishment Request
[2023-01-09 12:06:14.908] [nas] [error] No response from RRC from UAC checks, considering access attempt is barred
[2023-01-09 12:06:31.245] [nas] [warning] Retransmitting PDU Session Establishment Request due to T3580 expiry
[2023-01-09 12:06:31.245] [nas] [debug] UAC access attempt is allowed for identity[0], category[MO_sig]
[2023-01-09 12:06:31.494] [nas] [debug] PDU Session Establishment Accept received
[2023-01-09 12:06:31.494] [nas] [info] PDU Session establishment is successful PSI[4]
[2023-01-09 12:06:31.653] [app] [info] Connection setup for PDU session[4] is successful, TUN interface[uesimtun143, 10.60.2.121] is up.
[2023-01-09 12:06:40.963] [nas] [debug] Sending PDU Session Establishment Request
[2023-01-09 12:06:41.064] [nas] [error] No response from RRC from UAC checks, considering access attempt is barred
[2023-01-09 12:06:57.271] [nas] [warning] Retransmitting PDU Session Establishment Request due to T3580 expiry
[2023-01-09 12:06:57.272] [nas] [debug] UAC access attempt is allowed for identity[0], category[MO_sig]
[2023-01-09 12:06:57.336] [nas] [debug] PDU Session Establishment Accept received
[2023-01-09 12:06:57.336] [nas] [info] PDU Session establishment is successful PSI[5]
[2023-01-09 12:06:57.487] [app] [info] Connection setup for PDU session[5] is successful, TUN interface[uesimtun33, 10.60.2.190] is up.
[2023-01-09 12:07:07.119] [nas] [debug] De-registration required due to [NORMAL]
[2023-01-09 12:07:07.129] [nas] [debug] Starting de-registration procedure due to [NORMAL]
[2023-01-09 12:07:07.129] [nas] [debug] Performing local release of PDU session[1]
[2023-01-09 12:07:07.129] [nas] [debug] Performing local release of PDU session[2]
[2023-01-09 12:07:07.129] [nas] [debug] Performing local release of PDU session[3]
[2023-01-09 12:07:07.129] [nas] [debug] Performing local release of PDU session[4]
[2023-01-09 12:07:07.129] [nas] [debug] Performing local release of PDU session[5]
[2023-01-09 12:07:07.129] [nas] [info] UE switches to state [MM-DEREGISTER-INITIATED]
[2023-01-09 12:07:07.189] [nas] [debug] De-registration accept received
[2023-01-09 12:07:07.189] [nas] [info] UE switches to state [MM-DEREGISTERED/PS]
[2023-01-09 12:07:07.189] [nas] [info] De-registration is successful
[2023-01-09 12:07:07.189] [nas] [info] UE switches to state [MM-DEREGISTERED/NORMAL-SERVICE]
[2023-01-09 12:07:07.189] [nas] [debug] Initial registration required due to [MM-DEREG-NORMAL-SERVICE]
[2023-01-09 12:07:07.189] [nas] [debug] Sending Initial Registration
[2023-01-09 12:07:07.189] [nas] [debug] Deleting NAS security context
[2023-01-09 12:07:07.189] [nas] [info] UE switches to state [MM-REGISTER-INITIATED]
[2023-01-09 12:07:07.192] [rrc] [debug] RRC Release received
[2023-01-09 12:07:07.192] [nas] [info] UE switches to state [CM-IDLE]
[2023-01-09 12:07:07.192] [nas] [info] UE switches to state [MM-DEREGISTERED/PS]
[2023-01-09 12:07:07.192] [nas] [info] UE switches to state [5U2-NOT-UPDATED]
[2023-01-09 12:07:07.192] [nas] [info] UE switches to state [MM-DEREGISTERED/ATTEMPTING-REGISTRATION]
[2023-01-09 12:07:17.291] [nas] [debug] NAS timer[3511] expired [1]
[2023-01-09 12:07:17.291] [nas] [debug] Initial registration required due to [T3511-EXPIRY-IN-ATT-REG]
[2023-01-09 12:07:17.291] [nas] [debug] UAC access attempt is allowed for identity[0], category[MO_sig]
[2023-01-09 12:07:17.291] [nas] [debug] Sending Initial Registration
[2023-01-09 12:07:17.291] [nas] [info] UE switches to state [MM-REGISTER-INITIATED]
[2023-01-09 12:07:17.291] [rrc] [debug] Sending RRC Setup Request
[2023-01-09 12:07:17.291] [rrc] [info] RRC connection established
[2023-01-09 12:07:17.291] [rrc] [info] UE switches to state [RRC-CONNECTED]
[2023-01-09 12:07:17.291] [nas] [info] UE switches to state [CM-CONNECTED]
[2023-01-09 12:07:17.443] [nas] [debug] Authentication Request received
[2023-01-09 12:07:17.460] [nas] [debug] Security Mode Command received
[2023-01-09 12:07:17.460] [nas] [debug] Selected integrity[2] ciphering[0]
[2023-01-09 12:07:17.490] [nas] [debug] Registration accept received
[2023-01-09 12:07:17.490] [nas] [info] UE switches to state [MM-REGISTERED/NORMAL-SERVICE]
[2023-01-09 12:07:17.490] [nas] [info] UE switches to state [5U1-UPDATED]
[2023-01-09 12:07:17.490] [nas] [debug] Sending Registration Complete
[2023-01-09 12:07:17.490] [nas] [info] Initial Registration is successful
[2023-01-09 12:07:17.490] [nas] [debug] Sending PDU Session Establishment Request
[2023-01-09 12:07:17.490] [nas] [debug] UAC access attempt is allowed for identity[0], category[MO_sig]
[2023-01-09 12:07:17.545] [nas] [debug] PDU Session Establishment Accept received
[2023-01-09 12:07:17.545] [nas] [info] PDU Session establishment is successful PSI[1]
[2023-01-09 12:07:17.637] [app] [info] Connection setup for PDU session[1] is successful, TUN interface[uesimtun13, 10.60.2.234] is up.
[2023-01-09 12:07:36.180] [nas] [debug] Sending PDU Session Establishment Request
[2023-01-09 12:07:36.281] [nas] [error] No response from RRC from UAC checks, considering access attempt is barred
[2023-01-09 12:07:52.330] [nas] [warning] Retransmitting PDU Session Establishment Request due to T3580 expiry
[2023-01-09 12:07:52.333] [nas] [debug] UAC access attempt is allowed for identity[0], category[MO_sig]
[2023-01-09 12:07:52.413] [nas] [debug] PDU Session Establishment Accept received
[2023-01-09 12:07:52.413] [nas] [info] PDU Session establishment is successful PSI[2]
[2023-01-09 12:07:52.647] [app] [info] Connection setup for PDU session[2] is successful, TUN interface[uesimtun49, 10.60.3.74] is up.
[2023-01-09 12:08:05.335] [nas] [debug] Sending PDU Session Establishment Request
[2023-01-09 12:08:05.483] [nas] [error] No response from RRC from UAC checks, considering access attempt is barred
[2023-01-09 12:08:21.508] [nas] [warning] Retransmitting PDU Session Establishment Request due to T3580 expiry
[2023-01-09 12:08:21.508] [nas] [debug] UAC access attempt is allowed for identity[0], category[MO_sig]
[2023-01-09 12:08:21.607] [nas] [debug] PDU Session Establishment Accept received
[2023-01-09 12:08:21.607] [nas] [info] PDU Session establishment is successful PSI[3]
[2023-01-09 12:08:21.811] [app] [info] Connection setup for PDU session[3] is successful, TUN interface[uesimtun175, 10.60.3.143] is up.
[2023-01-09 12:08:35.678] [nas] [debug] De-registration required due to [NORMAL]
[2023-01-09 12:08:35.690] [nas] [debug] Starting de-registration procedure due to [NORMAL]
[2023-01-09 12:08:35.690] [nas] [debug] Performing local release of PDU session[1]
[2023-01-09 12:08:35.690] [nas] [debug] Performing local release of PDU session[2]
[2023-01-09 12:08:35.690] [nas] [debug] Performing local release of PDU session[3]
[2023-01-09 12:08:35.690] [nas] [info] UE switches to state [MM-DEREGISTER-INITIATED]
[2023-01-09 12:08:35.887] [nas] [debug] De-registration accept received
[2023-01-09 12:08:35.887] [nas] [info] UE switches to state [MM-DEREGISTERED/PS]
[2023-01-09 12:08:35.887] [nas] [info] De-registration is successful
[2023-01-09 12:08:35.887] [nas] [info] UE switches to state [MM-DEREGISTERED/NORMAL-SERVICE]
[2023-01-09 12:08:35.887] [nas] [debug] Initial registration required due to [MM-DEREG-NORMAL-SERVICE]
[2023-01-09 12:08:35.887] [nas] [debug] Sending Initial Registration
[2023-01-09 12:08:35.888] [nas] [debug] Deleting NAS security context
[2023-01-09 12:08:35.888] [nas] [info] UE switches to state [MM-REGISTER-INITIATED]
[2023-01-09 12:08:35.888] [rrc] [debug] RRC Release received
[2023-01-09 12:08:35.888] [nas] [info] UE switches to state [CM-IDLE]
[2023-01-09 12:08:35.888] [nas] [info] UE switches to state [MM-DEREGISTERED/PS]
[2023-01-09 12:08:35.888] [nas] [info] UE switches to state [5U2-NOT-UPDATED]
[2023-01-09 12:08:35.888] [nas] [info] UE switches to state [MM-DEREGISTERED/ATTEMPTING-REGISTRATION]
[2023-01-09 12:08:46.548] [nas] [debug] NAS timer[3511] expired [1]
[2023-01-09 12:08:46.548] [nas] [debug] Initial registration required due to [T3511-EXPIRY-IN-ATT-REG]
[2023-01-09 12:08:46.593] [nas] [debug] UAC access attempt is allowed for identity[0], category[MO_sig]
[2023-01-09 12:08:46.593] [nas] [debug] Sending Initial Registration
[2023-01-09 12:08:46.593] [rrc] [debug] Sending RRC Setup Request
[2023-01-09 12:08:46.593] [nas] [info] UE switches to state [MM-REGISTER-INITIATED]
[2023-01-09 12:08:46.600] [rrc] [info] RRC connection established
[2023-01-09 12:08:46.600] [rrc] [info] UE switches to state [RRC-CONNECTED]
[2023-01-09 12:08:46.601] [nas] [info] UE switches to state [CM-CONNECTED]
[2023-01-09 12:08:46.842] [nas] [debug] Authentication Request received
[2023-01-09 12:08:46.900] [nas] [debug] Security Mode Command received
[2023-01-09 12:08:46.900] [nas] [debug] Selected integrity[2] ciphering[0]
[2023-01-09 12:08:46.971] [nas] [debug] Registration accept received
[2023-01-09 12:08:46.971] [nas] [info] UE switches to state [MM-REGISTERED/NORMAL-SERVICE]
[2023-01-09 12:08:46.971] [nas] [info] UE switches to state [5U1-UPDATED]
[2023-01-09 12:08:46.971] [nas] [debug] Sending Registration Complete
[2023-01-09 12:08:46.971] [nas] [info] Initial Registration is successful
[2023-01-09 12:08:46.972] [nas] [debug] Sending PDU Session Establishment Request
[2023-01-09 12:08:46.972] [nas] [debug] UAC access attempt is allowed for identity[0], category[MO_sig]
[2023-01-09 12:08:47.051] [nas] [debug] PDU Session Establishment Accept received
[2023-01-09 12:08:47.051] [nas] [info] PDU Session establishment is successful PSI[1]
[2023-01-09 12:08:47.117] [app] [info] Connection setup for PDU session[1] is successful, TUN interface[uesimtun69, 10.60.3.210] is up.
[2023-01-09 12:09:02.851] [nas] [warning] PDU session release procedure could not start: PS[2] is not active already
[2023-01-09 12:09:13.895] [nas] [debug] De-registration required due to [NORMAL]
[2023-01-09 12:09:13.912] [nas] [debug] Starting de-registration procedure due to [NORMAL]
[2023-01-09 12:09:13.912] [nas] [debug] Performing local release of PDU session[1]
[2023-01-09 12:09:13.912] [nas] [info] UE switches to state [MM-DEREGISTER-INITIATED]
[2023-01-09 12:09:29.591] [nas] [debug] NAS timer[3521] expired [1]
[2023-01-09 12:09:29.591] [nas] [debug] Retransmitting De-registration Request due to T3521 expiry
[2023-01-09 12:09:44.607] [nas] [debug] NAS timer[3521] expired [2]
[2023-01-09 12:09:44.607] [nas] [debug] Retransmitting De-registration Request due to T3521 expiry
[2023-01-09 12:09:44.949] [nas] [debug] Sending PDU Session Establishment Request
[2023-01-09 12:09:45.050] [nas] [error] No response from RRC from UAC checks, considering access attempt is barred
[2023-01-09 12:09:59.622] [nas] [debug] NAS timer[3521] expired [3]
[2023-01-09 12:09:59.622] [nas] [debug] Retransmitting De-registration Request due to T3521 expiry
[2023-01-09 12:10:01.624] [nas] [warning] Retransmitting PDU Session Establishment Request due to T3580 expiry
[2023-01-09 12:10:01.624] [nas] [debug] UAC access attempt is allowed for identity[0], category[MO_sig]
