UERANSIM v3.2.6
[2023-01-09 12:03:17.005] [nas] [info] UE switches to state [MM-DEREGISTERED/PLMN-SEARCH]
[2023-01-09 12:03:17.010] [rrc] [debug] New signal detected for cell[1], total [1] cells in coverage
[2023-01-09 12:03:17.010] [nas] [info] Selected plmn[208/93]
[2023-01-09 12:03:17.010] [rrc] [info] Selected cell plmn[208/93] tac[1] category[SUITABLE]
[2023-01-09 12:03:17.010] [nas] [info] UE switches to state [MM-DEREGISTERED/PS]
[2023-01-09 12:03:17.010] [nas] [info] UE switches to state [MM-DEREGISTERED/NORMAL-SERVICE]
[2023-01-09 12:03:17.010] [nas] [debug] Initial registration required due to [MM-DEREG-NORMAL-SERVICE]
[2023-01-09 12:03:17.010] [nas] [debug] UAC access attempt is allowed for identity[0], category[MO_sig]
[2023-01-09 12:03:17.010] [nas] [debug] Sending Initial Registration
[2023-01-09 12:03:17.010] [nas] [info] UE switches to state [MM-REGISTER-INITIATED]
[2023-01-09 12:03:17.010] [rrc] [debug] Sending RRC Setup Request
[2023-01-09 12:03:17.010] [rrc] [info] RRC connection established
[2023-01-09 12:03:17.011] [rrc] [info] UE switches to state [RRC-CONNECTED]
[2023-01-09 12:03:17.011] [nas] [info] UE switches to state [CM-CONNECTED]
[2023-01-09 12:03:17.030] [nas] [debug] Authentication Request received
[2023-01-09 12:03:17.038] [nas] [debug] Security Mode Command received
[2023-01-09 12:03:17.038] [nas] [debug] Selected integrity[2] ciphering[0]
[2023-01-09 12:03:17.065] [nas] [debug] Registration accept received
[2023-01-09 12:03:17.065] [nas] [info] UE switches to state [MM-REGISTERED/NORMAL-SERVICE]
[2023-01-09 12:03:17.065] [nas] [debug] Sending Registration Complete
[2023-01-09 12:03:17.065] [nas] [info] Initial Registration is successful
[2023-01-09 12:03:17.065] [nas] [debug] Sending PDU Session Establishment Request
[2023-01-09 12:03:17.066] [nas] [debug] UAC access attempt is allowed for identity[0], category[MO_sig]
[2023-01-09 12:03:17.300] [nas] [debug] PDU Session Establishment Accept received
[2023-01-09 12:03:17.300] [nas] [info] PDU Session establishment is successful PSI[1]
[2023-01-09 12:03:17.342] [app] [info] Connection setup for PDU session[1] is successful, TUN interface[uesimtun65, 10.60.0.66] is up.
[2023-01-09 12:03:53.704] [nas] [debug] Sending PDU Session Establishment Request
[2023-01-09 12:03:53.896] [nas] [error] No response from RRC from UAC checks, considering access attempt is barred
[2023-01-09 12:04:10.065] [nas] [warning] Retransmitting PDU Session Establishment Request due to T3580 expiry
[2023-01-09 12:04:10.091] [nas] [debug] UAC access attempt is allowed for identity[0], category[MO_sig]
[2023-01-09 12:04:10.334] [nas] [debug] PDU Session Establishment Accept received
[2023-01-09 12:04:10.334] [nas] [info] PDU Session establishment is successful PSI[2]
[2023-01-09 12:04:10.638] [app] [info] Connection setup for PDU session[2] is successful, TUN interface[uesimtun102, 10.60.0.194] is up.
[2023-01-09 12:04:22.971] [nas] [debug] De-registration required due to [NORMAL]
[2023-01-09 12:04:22.982] [nas] [debug] Starting de-registration procedure due to [NORMAL]
[2023-01-09 12:04:22.982] [nas] [debug] Performing local release of PDU session[1]
[2023-01-09 12:04:22.982] [nas] [debug] Performing local release of PDU session[2]
[2023-01-09 12:04:22.982] [nas] [info] UE switches to state [MM-DEREGISTER-INITIATED]
[2023-01-09 12:04:23.156] [nas] [debug] De-registration accept received
[2023-01-09 12:04:23.156] [nas] [info] UE switches to state [MM-DEREGISTERED/PS]
[2023-01-09 12:04:23.156] [nas] [info] De-registration is successful
[2023-01-09 12:04:23.156] [nas] [info] UE switches to state [MM-DEREGISTERED/NORMAL-SERVICE]
[2023-01-09 12:04:23.156] [nas] [debug] Initial registration required due to [MM-DEREG-NORMAL-SERVICE]
[2023-01-09 12:04:23.156] [nas] [debug] Sending Initial Registration
[2023-01-09 12:04:23.156] [nas] [debug] Deleting NAS security context
[2023-01-09 12:04:23.156] [nas] [info] UE switches to state [MM-REGISTER-INITIATED]
[2023-01-09 12:04:23.157] [rrc] [debug] RRC Release received
[2023-01-09 12:04:23.157] [nas] [info] UE switches to state [CM-IDLE]
[2023-01-09 12:04:23.157] [nas] [info] UE switches to state [MM-DEREGISTERED/PS]
[2023-01-09 12:04:23.157] [nas] [info] UE switches to state [5U2-NOT-UPDATED]
[2023-01-09 12:04:23.157] [nas] [info] UE switches to state [MM-DEREGISTERED/ATTEMPTING-REGISTRATION]
[2023-01-09 12:04:34.094] [nas] [debug] NAS timer[3511] expired [1]
[2023-01-09 12:04:34.094] [nas] [debug] Initial registration required due to [T3511-EXPIRY-IN-ATT-REG]
[2023-01-09 12:04:34.096] [nas] [debug] UAC access attempt is allowed for identity[0], category[MO_sig]
[2023-01-09 12:04:34.096] [nas] [debug] Sending Initial Registration
[2023-01-09 12:04:34.096] [nas] [info] UE switches to state [MM-REGISTER-INITIATED]
[2023-01-09 12:04:34.096] [rrc] [debug] Sending RRC Setup Request
[2023-01-09 12:04:34.097] [rrc] [info] RRC connection established
[2023-01-09 12:04:34.097] [rrc] [info] UE switches to state [RRC-CONNECTED]
[2023-01-09 12:04:34.097] [nas] [info] UE switches to state [CM-CONNECTED]
[2023-01-09 12:04:34.222] [nas] [debug] Authentication Request received
[2023-01-09 12:04:34.257] [nas] [debug] Security Mode Command received
[2023-01-09 12:04:34.257] [nas] [debug] Selected integrity[2] ciphering[0]
[2023-01-09 12:04:34.300] [nas] [debug] Registration accept received
[2023-01-09 12:04:34.300] [nas] [info] UE switches to state [MM-REGISTERED/NORMAL-SERVICE]
[2023-01-09 12:04:34.300] [nas] [info] UE switches to state [5U1-UPDATED]
[2023-01-09 12:04:34.300] [nas] [debug] Sending Registration Complete
[2023-01-09 12:04:34.300] [nas] [info] Initial Registration is successful
[2023-01-09 12:04:34.300] [nas] [debug] Sending PDU Session Establishment Request
[2023-01-09 12:04:34.307] [nas] [debug] UAC access attempt is allowed for identity[0], category[MO_sig]
[2023-01-09 12:04:34.380] [nas] [debug] PDU Session Establishment Accept received
[2023-01-09 12:04:34.380] [nas] [info] PDU Session establishment is successful PSI[1]
[2023-01-09 12:04:34.534] [app] [info] Connection setup for PDU session[1] is successful, TUN interface[uesimtun6, 10.60.1.31] is up.
[2023-01-09 12:04:54.041] [nas] [warning] PDU session release procedure could not start: PS[2] is not active already
[2023-01-09 12:05:01.170] [nas] [warning] PDU session release procedure could not start: PS[2] is not active already
[2023-01-09 12:05:09.196] [nas] [debug] Sending PDU Session Release Request for PSI[1]
[2023-01-09 12:05:09.250] [nas] [debug] PDU Session Release Command received
[2023-01-09 12:05:09.250] [nas] [debug] Performing local release of PDU session[1]
[2023-01-09 12:05:09.360] [nas] [debug] Sending PDU Session Establishment Request
[2023-01-09 12:05:09.360] [nas] [debug] UAC access attempt is allowed for identity[0], category[MO_sig]
[2023-01-09 12:05:09.520] [nas] [debug] PDU Session Establishment Accept received
[2023-01-09 12:05:09.520] [nas] [info] PDU Session establishment is successful PSI[1]
[2023-01-09 12:05:09.640] [app] [info] Connection setup for PDU session[1] is successful, TUN interface[uesimtun87, 10.60.1.147] is up.
[2023-01-09 12:05:22.248] [nas] [debug] Sending PDU Session Release Request for PSI[1]
[2023-01-09 12:05:22.320] [nas] [debug] PDU Session Release Command received
[2023-01-09 12:05:22.320] [nas] [debug] Performing local release of PDU session[1]
[2023-01-09 12:05:22.575] [nas] [debug] Sending PDU Session Establishment Request
[2023-01-09 12:05:22.575] [nas] [debug] UAC access attempt is allowed for identity[0], category[MO_sig]
[2023-01-09 12:05:22.839] [nas] [debug] PDU Session Establishment Accept received
[2023-01-09 12:05:22.839] [nas] [info] PDU Session establishment is successful PSI[1]
[2023-01-09 12:05:23.081] [app] [info] Connection setup for PDU session[1] is successful, TUN interface[uesimtun6, 10.60.1.185] is up.
[2023-01-09 12:05:36.288] [nas] [debug] De-registration required due to [NORMAL]
[2023-01-09 12:05:36.297] [nas] [debug] Starting de-registration procedure due to [NORMAL]
[2023-01-09 12:05:36.297] [nas] [debug] Performing local release of PDU session[1]
[2023-01-09 12:05:36.297] [nas] [info] UE switches to state [MM-DEREGISTER-INITIATED]
[2023-01-09 12:05:36.326] [nas] [debug] De-registration accept received
[2023-01-09 12:05:36.326] [nas] [info] UE switches to state [MM-DEREGISTERED/PS]
[2023-01-09 12:05:36.326] [nas] [info] De-registration is successful
[2023-01-09 12:05:36.326] [nas] [info] UE switches to state [MM-DEREGISTERED/NORMAL-SERVICE]
[2023-01-09 12:05:36.326] [nas] [debug] Initial registration required due to [MM-DEREG-NORMAL-SERVICE]
[2023-01-09 12:05:36.326] [nas] [debug] Sending Initial Registration
[2023-01-09 12:05:36.326] [nas] [debug] Deleting NAS security context
[2023-01-09 12:05:36.326] [nas] [info] UE switches to state [MM-REGISTER-INITIATED]
[2023-01-09 12:05:36.333] [rrc] [debug] RRC Release received
[2023-01-09 12:05:36.333] [nas] [info] UE switches to state [CM-IDLE]
[2023-01-09 12:05:36.333] [nas] [info] UE switches to state [MM-DEREGISTERED/PS]
[2023-01-09 12:05:36.333] [nas] [info] UE switches to state [5U2-NOT-UPDATED]
[2023-01-09 12:05:36.333] [nas] [info] UE switches to state [MM-DEREGISTERED/ATTEMPTING-REGISTRATION]
[2023-01-09 12:05:47.209] [nas] [debug] NAS timer[3511] expired [1]
[2023-01-09 12:05:47.209] [nas] [debug] Initial registration required due to [T3511-EXPIRY-IN-ATT-REG]
[2023-01-09 12:05:47.209] [nas] [debug] UAC access attempt is allowed for identity[0], category[MO_sig]
[2023-01-09 12:05:47.209] [nas] [debug] Sending Initial Registration
[2023-01-09 12:05:47.209] [nas] [info] UE switches to state [MM-REGISTER-INITIATED]
[2023-01-09 12:05:47.209] [rrc] [debug] Sending RRC Setup Request
[2023-01-09 12:05:47.209] [rrc] [info] RRC connection established
[2023-01-09 12:05:47.209] [rrc] [info] UE switches to state [RRC-CONNECTED]
[2023-01-09 12:05:47.209] [nas] [info] UE switches to state [CM-CONNECTED]
[2023-01-09 12:05:47.389] [nas] [debug] Authentication Request received
[2023-01-09 12:05:47.429] [nas] [debug] Security Mode Command received
[2023-01-09 12:05:47.429] [nas] [debug] Selected integrity[2] ciphering[0]
[2023-01-09 12:05:47.550] [nas] [debug] Registration accept received
[2023-01-09 12:05:47.550] [nas] [info] UE switches to state [MM-REGISTERED/NORMAL-SERVICE]
[2023-01-09 12:05:47.550] [nas] [info] UE switches to state [5U1-UPDATED]
[2023-01-09 12:05:47.550] [nas] [debug] Sending Registration Complete
[2023-01-09 12:05:47.550] [nas] [info] Initial Registration is successful
[2023-01-09 12:05:47.550] [nas] [debug] Sending PDU Session Establishment Request
[2023-01-09 12:05:47.551] [nas] [debug] UAC access attempt is allowed for identity[0], category[MO_sig]
[2023-01-09 12:05:47.703] [nas] [debug] PDU Session Establishment Accept received
[2023-01-09 12:05:47.703] [nas] [info] PDU Session establishment is successful PSI[1]
[2023-01-09 12:05:47.838] [app] [info] Connection setup for PDU session[1] is successful, TUN interface[uesimtun107, 10.60.2.3] is up.
[2023-01-09 12:06:08.359] [nas] [debug] Sending PDU Session Release Request for PSI[1]
[2023-01-09 12:06:08.433] [nas] [debug] PDU Session Release Command received
[2023-01-09 12:06:08.433] [nas] [debug] Performing local release of PDU session[1]
[2023-01-09 12:06:08.835] [nas] [debug] Sending PDU Session Establishment Request
[2023-01-09 12:06:08.835] [nas] [debug] UAC access attempt is allowed for identity[0], category[MO_sig]
[2023-01-09 12:06:08.872] [nas] [debug] PDU Session Establishment Accept received
[2023-01-09 12:06:08.873] [nas] [info] PDU Session establishment is successful PSI[1]
[2023-01-09 12:06:09.005] [app] [info] Connection setup for PDU session[1] is successful, TUN interface[uesimtun31, 10.60.2.54] is up.
[2023-01-09 12:06:22.400] [nas] [debug] De-registration required due to [NORMAL]
[2023-01-09 12:06:22.412] [nas] [debug] Starting de-registration procedure due to [NORMAL]
[2023-01-09 12:06:22.412] [nas] [debug] Performing local release of PDU session[1]
[2023-01-09 12:06:22.412] [nas] [info] UE switches to state [MM-DEREGISTER-INITIATED]
[2023-01-09 12:06:22.532] [nas] [debug] De-registration accept received
[2023-01-09 12:06:22.532] [nas] [info] UE switches to state [MM-DEREGISTERED/PS]
[2023-01-09 12:06:22.532] [nas] [info] De-registration is successful
[2023-01-09 12:06:22.532] [nas] [info] UE switches to state [MM-DEREGISTERED/NORMAL-SERVICE]
[2023-01-09 12:06:22.532] [nas] [debug] Initial registration required due to [MM-DEREG-NORMAL-SERVICE]
[2023-01-09 12:06:22.532] [nas] [debug] Sending Initial Registration
[2023-01-09 12:06:22.532] [nas] [debug] Deleting NAS security context
[2023-01-09 12:06:22.532] [nas] [info] UE switches to state [MM-REGISTER-INITIATED]
[2023-01-09 12:06:22.537] [rrc] [debug] RRC Release received
[2023-01-09 12:06:22.537] [nas] [info] UE switches to state [CM-IDLE]
[2023-01-09 12:06:22.537] [nas] [info] UE switches to state [MM-DEREGISTERED/PS]
[2023-01-09 12:06:22.537] [nas] [info] UE switches to state [5U2-NOT-UPDATED]
[2023-01-09 12:06:22.537] [nas] [info] UE switches to state [MM-DEREGISTERED/ATTEMPTING-REGISTRATION]
[2023-01-09 12:06:33.265] [nas] [debug] NAS timer[3511] expired [1]
[2023-01-09 12:06:33.265] [nas] [debug] Initial registration required due to [T3511-EXPIRY-IN-ATT-REG]
[2023-01-09 12:06:33.265] [nas] [debug] UAC access attempt is allowed for identity[0], category[MO_sig]
[2023-01-09 12:06:33.265] [nas] [debug] Sending Initial Registration
[2023-01-09 12:06:33.265] [nas] [info] UE switches to state [MM-REGISTER-INITIATED]
[2023-01-09 12:06:33.265] [rrc] [debug] Sending RRC Setup Request
[2023-01-09 12:06:33.266] [rrc] [info] RRC connection established
[2023-01-09 12:06:33.267] [rrc] [info] UE switches to state [RRC-CONNECTED]
[2023-01-09 12:06:33.267] [nas] [info] UE switches to state [CM-CONNECTED]
[2023-01-09 12:06:33.466] [nas] [debug] Authentication Request received
[2023-01-09 12:06:33.487] [nas] [debug] Security Mode Command received
[2023-01-09 12:06:33.487] [nas] [debug] Selected integrity[2] ciphering[0]
[2023-01-09 12:06:33.525] [nas] [debug] Registration accept received
[2023-01-09 12:06:33.525] [nas] [info] UE switches to state [MM-REGISTERED/NORMAL-SERVICE]
[2023-01-09 12:06:33.525] [nas] [info] UE switches to state [5U1-UPDATED]
[2023-01-09 12:06:33.525] [nas] [debug] Sending Registration Complete
[2023-01-09 12:06:33.525] [nas] [info] Initial Registration is successful
[2023-01-09 12:06:33.525] [nas] [debug] Sending PDU Session Establishment Request
[2023-01-09 12:06:33.526] [nas] [debug] UAC access attempt is allowed for identity[0], category[MO_sig]
[2023-01-09 12:06:33.763] [nas] [debug] PDU Session Establishment Accept received
[2023-01-09 12:06:33.763] [nas] [info] PDU Session establishment is successful PSI[1]
[2023-01-09 12:06:33.877] [app] [info] Connection setup for PDU session[1] is successful, TUN interface[uesimtun12, 10.60.2.127] is up.
[2023-01-09 12:06:47.462] [nas] [debug] De-registration required due to [NORMAL]
[2023-01-09 12:06:47.472] [nas] [debug] Starting de-registration procedure due to [NORMAL]
[2023-01-09 12:06:47.472] [nas] [debug] Performing local release of PDU session[1]
[2023-01-09 12:06:47.472] [nas] [info] UE switches to state [MM-DEREGISTER-INITIATED]
[2023-01-09 12:06:47.491] [nas] [debug] De-registration accept received
[2023-01-09 12:06:47.491] [nas] [info] UE switches to state [MM-DEREGISTERED/PS]
[2023-01-09 12:06:47.491] [nas] [info] De-registration is successful
[2023-01-09 12:06:47.491] [nas] [info] UE switches to state [MM-DEREGISTERED/NORMAL-SERVICE]
[2023-01-09 12:06:47.491] [nas] [debug] Initial registration required due to [MM-DEREG-NORMAL-SERVICE]
[2023-01-09 12:06:47.491] [nas] [debug] Sending Initial Registration
[2023-01-09 12:06:47.491] [nas] [debug] Deleting NAS security context
[2023-01-09 12:06:47.491] [nas] [info] UE switches to state [MM-REGISTER-INITIATED]
[2023-01-09 12:06:47.491] [rrc] [debug] RRC Release received
[2023-01-09 12:06:47.491] [nas] [info] UE switches to state [CM-IDLE]
[2023-01-09 12:06:47.491] [nas] [info] UE switches to state [MM-DEREGISTERED/PS]
[2023-01-09 12:06:47.491] [nas] [info] UE switches to state [5U2-NOT-UPDATED]
[2023-01-09 12:06:47.491] [nas] [info] UE switches to state [MM-DEREGISTERED/ATTEMPTING-REGISTRATION]
[2023-01-09 12:06:58.301] [nas] [debug] NAS timer[3511] expired [1]
[2023-01-09 12:06:58.301] [nas] [debug] Initial registration required due to [T3511-EXPIRY-IN-ATT-REG]
[2023-01-09 12:06:58.301] [nas] [debug] UAC access attempt is allowed for identity[0], category[MO_sig]
[2023-01-09 12:06:58.301] [nas] [debug] Sending Initial Registration
[2023-01-09 12:06:58.301] [nas] [info] UE switches to state [MM-REGISTER-INITIATED]
[2023-01-09 12:06:58.301] [rrc] [debug] Sending RRC Setup Request
[2023-01-09 12:06:58.302] [rrc] [info] RRC connection established
[2023-01-09 12:06:58.302] [rrc] [info] UE switches to state [RRC-CONNECTED]
[2023-01-09 12:06:58.302] [nas] [info] UE switches to state [CM-CONNECTED]
[2023-01-09 12:06:58.451] [nas] [debug] Authentication Request received
[2023-01-09 12:06:58.464] [nas] [debug] Security Mode Command received
[2023-01-09 12:06:58.464] [nas] [debug] Selected integrity[2] ciphering[0]
[2023-01-09 12:06:58.519] [nas] [debug] Registration accept received
[2023-01-09 12:06:58.519] [nas] [info] UE switches to state [MM-REGISTERED/NORMAL-SERVICE]
[2023-01-09 12:06:58.519] [nas] [info] UE switches to state [5U1-UPDATED]
[2023-01-09 12:06:58.519] [nas] [debug] Sending Registration Complete
[2023-01-09 12:06:58.519] [nas] [info] Initial Registration is successful
[2023-01-09 12:06:58.519] [nas] [debug] Sending PDU Session Establishment Request
[2023-01-09 12:06:58.519] [nas] [debug] UAC access attempt is allowed for identity[0], category[MO_sig]
[2023-01-09 12:06:58.603] [nas] [debug] PDU Session Establishment Accept received
[2023-01-09 12:06:58.603] [nas] [info] PDU Session establishment is successful PSI[1]
[2023-01-09 12:06:58.705] [app] [info] Connection setup for PDU session[1] is successful, TUN interface[uesimtun124, 10.60.2.198] is up.
[2023-01-09 12:07:14.552] [nas] [debug] Sending PDU Session Release Request for PSI[1]
[2023-01-09 12:07:14.594] [nas] [error] PDU Session Release Reject received [REQUEST_REJECTED_UNSPECIFIED]
[2023-01-09 12:07:14.594] [nas] [error] PS release reject received without being requested
[2023-01-09 12:07:14.594] [nas] [warning] Sending SM Cause[MESSAGE_TYPE_NOT_COMPATIBLE_WITH_THE_PROTOCOL_STATE] for PSI[1]
[2023-01-09 12:07:29.691] [nas] [debug] Sending PDU Session Establishment Request
[2023-01-09 12:07:29.792] [nas] [error] No response from RRC from UAC checks, considering access attempt is barred
[2023-01-09 12:07:46.359] [nas] [warning] Retransmitting PDU Session Establishment Request due to T3580 expiry
[2023-01-09 12:07:46.361] [nas] [debug] UAC access attempt is allowed for identity[0], category[MO_sig]
[2023-01-09 12:07:46.411] [nas] [debug] PDU Session Establishment Accept received
[2023-01-09 12:07:46.411] [nas] [info] PDU Session establishment is successful PSI[2]
[2023-01-09 12:07:46.496] [app] [info] Connection setup for PDU session[2] is successful, TUN interface[uesimtun11, 10.60.3.58] is up.
[2023-01-09 12:08:02.860] [nas] [debug] Sending PDU Session Establishment Request
[2023-01-09 12:08:02.968] [nas] [error] No response from RRC from UAC checks, considering access attempt is barred
[2023-01-09 12:08:19.400] [nas] [warning] Retransmitting PDU Session Establishment Request due to T3580 expiry
[2023-01-09 12:08:19.408] [nas] [debug] UAC access attempt is allowed for identity[0], category[MO_sig]
[2023-01-09 12:08:19.599] [nas] [debug] PDU Session Establishment Accept received
[2023-01-09 12:08:19.599] [nas] [info] PDU Session establishment is successful PSI[3]
[2023-01-09 12:08:19.695] [app] [info] Connection setup for PDU session[3] is successful, TUN interface[uesimtun173, 10.60.3.136] is up.
[2023-01-09 12:08:28.021] [nas] [debug] Sending PDU Session Release Request for PSI[1]
[2023-01-09 12:08:28.021] [nas] [debug] Sending PDU Session Release Request for PSI[2]
[2023-01-09 12:08:28.021] [nas] [debug] Sending PDU Session Release Request for PSI[3]
[2023-01-09 12:08:28.242] [nas] [error] PDU Session Release Reject received [REQUEST_REJECTED_UNSPECIFIED]
[2023-01-09 12:08:28.242] [nas] [error] PS release reject received without being requested
[2023-01-09 12:08:28.242] [nas] [warning] Sending SM Cause[MESSAGE_TYPE_NOT_COMPATIBLE_WITH_THE_PROTOCOL_STATE] for PSI[1]
[2023-01-09 12:08:28.247] [nas] [error] PDU Session Release Reject received [REQUEST_REJECTED_UNSPECIFIED]
[2023-01-09 12:08:28.247] [nas] [error] PS release reject received without being requested
[2023-01-09 12:08:28.247] [nas] [warning] Sending SM Cause[MESSAGE_TYPE_NOT_COMPATIBLE_WITH_THE_PROTOCOL_STATE] for PSI[2]
[2023-01-09 12:08:28.251] [nas] [error] PDU Session Release Reject received [REQUEST_REJECTED_UNSPECIFIED]
[2023-01-09 12:08:28.251] [nas] [error] PS release reject received without being requested
[2023-01-09 12:08:28.251] [nas] [warning] Sending SM Cause[MESSAGE_TYPE_NOT_COMPATIBLE_WITH_THE_PROTOCOL_STATE] for PSI[3]
[2023-01-09 12:08:43.090] [nas] [debug] Sending PDU Session Release Request for PSI[1]
[2023-01-09 12:08:43.120] [nas] [error] PDU Session Release Reject received [REQUEST_REJECTED_UNSPECIFIED]
[2023-01-09 12:08:43.120] [nas] [error] PS release reject received without being requested
[2023-01-09 12:08:43.120] [nas] [warning] Sending SM Cause[MESSAGE_TYPE_NOT_COMPATIBLE_WITH_THE_PROTOCOL_STATE] for PSI[1]
[2023-01-09 12:08:55.127] [nas] [debug] Sending PDU Session Establishment Request
[2023-01-09 12:08:55.228] [nas] [error] No response from RRC from UAC checks, considering access attempt is barred
[2023-01-09 12:09:11.457] [nas] [warning] Retransmitting PDU Session Establishment Request due to T3580 expiry
[2023-01-09 12:09:11.457] [nas] [debug] UAC access attempt is allowed for identity[0], category[MO_sig]
[2023-01-09 12:09:27.479] [nas] [warning] Retransmitting PDU Session Establishment Request due to T3580 expiry
[2023-01-09 12:09:27.487] [nas] [debug] UAC access attempt is allowed for identity[0], category[MO_sig]
[2023-01-09 12:09:28.306] [nas] [debug] Sending PDU Session Release Request for PSI[1]
[2023-01-09 12:09:36.359] [nas] [debug] Sending PDU Session Release Request for PSI[1]
[2023-01-09 12:09:36.359] [nas] [debug] Sending PDU Session Release Request for PSI[2]
[2023-01-09 12:09:36.359] [nas] [debug] Sending PDU Session Release Request for PSI[3]
[2023-01-09 12:09:43.500] [nas] [warning] Retransmitting PDU Session Establishment Request due to T3580 expiry
[2023-01-09 12:09:43.500] [nas] [debug] UAC access attempt is allowed for identity[0], category[MO_sig]
[2023-01-09 12:09:44.501] [nas] [warning] Retransmitting PDU Session Release Request due to T3582 expiry
[2023-01-09 12:09:49.440] [nas] [warning] PDU session release procedure could not start: PS[5] is not active already
[2023-01-09 12:09:52.509] [nas] [warning] Retransmitting PDU Session Release Request due to T3582 expiry
[2023-01-09 12:09:52.509] [nas] [warning] Retransmitting PDU Session Release Request due to T3582 expiry
[2023-01-09 12:09:52.509] [nas] [warning] Retransmitting PDU Session Release Request due to T3582 expiry
[2023-01-09 12:09:59.516] [nas] [warning] Retransmitting PDU Session Establishment Request due to T3580 expiry
[2023-01-09 12:09:59.520] [nas] [debug] UAC access attempt is allowed for identity[0], category[MO_sig]
[2023-01-09 12:10:00.517] [nas] [warning] Retransmitting PDU Session Release Request due to T3582 expiry
[2023-01-09 12:10:01.467] [nas] [debug] Sending PDU Session Establishment Request
[2023-01-09 12:10:01.568] [nas] [error] No response from RRC from UAC checks, considering access attempt is barred
