UERANSIM v3.2.6
[2023-01-09 12:02:19.909] [nas] [info] UE switches to state [MM-DEREGISTERED/PLMN-SEARCH]
[2023-01-09 12:02:19.911] [rrc] [debug] New signal detected for cell[1], total [1] cells in coverage
[2023-01-09 12:02:19.912] [nas] [info] Selected plmn[208/93]
[2023-01-09 12:02:19.912] [rrc] [info] Selected cell plmn[208/93] tac[1] category[SUITABLE]
[2023-01-09 12:02:19.912] [nas] [info] UE switches to state [MM-DEREGISTERED/PS]
[2023-01-09 12:02:19.912] [nas] [info] UE switches to state [MM-DEREGISTERED/NORMAL-SERVICE]
[2023-01-09 12:02:19.912] [nas] [debug] Initial registration required due to [MM-DEREG-NORMAL-SERVICE]
[2023-01-09 12:02:19.912] [nas] [debug] UAC access attempt is allowed for identity[0], category[MO_sig]
[2023-01-09 12:02:19.912] [nas] [debug] Sending Initial Registration
[2023-01-09 12:02:19.912] [nas] [info] UE switches to state [MM-REGISTER-INITIATED]
[2023-01-09 12:02:19.912] [rrc] [debug] Sending RRC Setup Request
[2023-01-09 12:02:19.913] [rrc] [info] RRC connection established
[2023-01-09 12:02:19.913] [rrc] [info] UE switches to state [RRC-CONNECTED]
[2023-01-09 12:02:19.913] [nas] [info] UE switches to state [CM-CONNECTED]
[2023-01-09 12:02:19.929] [nas] [debug] Authentication Request received
[2023-01-09 12:02:19.935] [nas] [debug] Security Mode Command received
[2023-01-09 12:02:19.935] [nas] [debug] Selected integrity[2] ciphering[0]
[2023-01-09 12:02:19.956] [nas] [debug] Registration accept received
[2023-01-09 12:02:19.956] [nas] [info] UE switches to state [MM-REGISTERED/NORMAL-SERVICE]
[2023-01-09 12:02:19.956] [nas] [debug] Sending Registration Complete
[2023-01-09 12:02:19.956] [nas] [info] Initial Registration is successful
[2023-01-09 12:02:19.956] [nas] [debug] Sending PDU Session Establishment Request
[2023-01-09 12:02:19.957] [nas] [debug] UAC access attempt is allowed for identity[0], category[MO_sig]
[2023-01-09 12:02:20.197] [nas] [debug] PDU Session Establishment Accept received
[2023-01-09 12:02:20.197] [nas] [info] PDU Session establishment is successful PSI[1]
[2023-01-09 12:02:20.229] [app] [info] Connection setup for PDU session[1] is successful, TUN interface[uesimtun8, 10.60.0.9] is up.
[2023-01-09 12:03:52.102] [nas] [debug] Sending PDU Session Release Request for PSI[1]
[2023-01-09 12:03:52.156] [nas] [debug] PDU Session Release Command received
[2023-01-09 12:03:52.156] [nas] [debug] Performing local release of PDU session[1]
[2023-01-09 12:03:52.394] [nas] [debug] Sending PDU Session Establishment Request
[2023-01-09 12:03:52.394] [nas] [debug] UAC access attempt is allowed for identity[0], category[MO_sig]
[2023-01-09 12:03:52.629] [nas] [debug] PDU Session Establishment Accept received
[2023-01-09 12:03:52.629] [nas] [info] PDU Session establishment is successful PSI[1]
[2023-01-09 12:03:52.756] [app] [info] Connection setup for PDU session[1] is successful, TUN interface[uesimtun8, 10.60.0.103] is up.
[2023-01-09 12:04:04.177] [nas] [debug] De-registration required due to [NORMAL]
[2023-01-09 12:04:04.187] [nas] [debug] Starting de-registration procedure due to [NORMAL]
[2023-01-09 12:04:04.187] [nas] [debug] Performing local release of PDU session[1]
[2023-01-09 12:04:04.187] [nas] [info] UE switches to state [MM-DEREGISTER-INITIATED]
[2023-01-09 12:04:04.280] [nas] [debug] De-registration accept received
[2023-01-09 12:04:04.280] [nas] [info] UE switches to state [MM-DEREGISTERED/PS]
[2023-01-09 12:04:04.280] [nas] [info] De-registration is successful
[2023-01-09 12:04:04.280] [nas] [info] UE switches to state [MM-DEREGISTERED/NORMAL-SERVICE]
[2023-01-09 12:04:04.280] [nas] [debug] Initial registration required due to [MM-DEREG-NORMAL-SERVICE]
[2023-01-09 12:04:04.280] [nas] [debug] Sending Initial Registration
[2023-01-09 12:04:04.280] [nas] [debug] Deleting NAS security context
[2023-01-09 12:04:04.280] [nas] [info] UE switches to state [MM-REGISTER-INITIATED]
[2023-01-09 12:04:04.280] [rrc] [debug] RRC Release received
[2023-01-09 12:04:04.280] [nas] [info] UE switches to state [CM-IDLE]
[2023-01-09 12:04:04.280] [nas] [info] UE switches to state [MM-DEREGISTERED/PS]
[2023-01-09 12:04:04.280] [nas] [info] UE switches to state [5U2-NOT-UPDATED]
[2023-01-09 12:04:04.280] [nas] [info] UE switches to state [MM-DEREGISTERED/ATTEMPTING-REGISTRATION]
[2023-01-09 12:04:15.030] [nas] [debug] NAS timer[3511] expired [1]
[2023-01-09 12:04:15.030] [nas] [debug] Initial registration required due to [T3511-EXPIRY-IN-ATT-REG]
[2023-01-09 12:04:15.030] [nas] [debug] UAC access attempt is allowed for identity[0], category[MO_sig]
[2023-01-09 12:04:15.030] [nas] [debug] Sending Initial Registration
[2023-01-09 12:04:15.030] [nas] [info] UE switches to state [MM-REGISTER-INITIATED]
[2023-01-09 12:04:15.030] [rrc] [debug] Sending RRC Setup Request
[2023-01-09 12:04:15.031] [rrc] [info] RRC connection established
[2023-01-09 12:04:15.031] [rrc] [info] UE switches to state [RRC-CONNECTED]
[2023-01-09 12:04:15.031] [nas] [info] UE switches to state [CM-CONNECTED]
[2023-01-09 12:04:15.062] [nas] [debug] Authentication Request received
[2023-01-09 12:04:15.117] [nas] [debug] Security Mode Command received
[2023-01-09 12:04:15.117] [nas] [debug] Selected integrity[2] ciphering[0]
[2023-01-09 12:04:15.332] [nas] [debug] Registration accept received
[2023-01-09 12:04:15.332] [nas] [info] UE switches to state [MM-REGISTERED/NORMAL-SERVICE]
[2023-01-09 12:04:15.332] [nas] [info] UE switches to state [5U1-UPDATED]
[2023-01-09 12:04:15.332] [nas] [debug] Sending Registration Complete
[2023-01-09 12:04:15.332] [nas] [info] Initial Registration is successful
[2023-01-09 12:04:15.332] [nas] [debug] Sending PDU Session Establishment Request
[2023-01-09 12:04:15.332] [nas] [debug] UAC access attempt is allowed for identity[0], category[MO_sig]
[2023-01-09 12:04:15.566] [nas] [debug] PDU Session Establishment Accept received
[2023-01-09 12:04:15.566] [nas] [info] PDU Session establishment is successful PSI[1]
[2023-01-09 12:04:15.651] [app] [info] Connection setup for PDU session[1] is successful, TUN interface[uesimtun124, 10.60.0.219] is up.
[2023-01-09 12:04:31.288] [nas] [debug] De-registration required due to [NORMAL]
[2023-01-09 12:04:31.298] [nas] [debug] Starting de-registration procedure due to [NORMAL]
[2023-01-09 12:04:31.298] [nas] [debug] Performing local release of PDU session[1]
[2023-01-09 12:04:31.298] [nas] [info] UE switches to state [MM-DEREGISTER-INITIATED]
[2023-01-09 12:04:31.503] [rrc] [debug] RRC Release received
[2023-01-09 12:04:31.503] [nas] [debug] De-registration accept received
[2023-01-09 12:04:31.503] [nas] [info] UE switches to state [MM-DEREGISTERED/PS]
[2023-01-09 12:04:31.503] [nas] [info] De-registration is successful
[2023-01-09 12:04:31.503] [nas] [info] UE switches to state [CM-IDLE]
[2023-01-09 12:04:31.503] [nas] [info] UE switches to state [MM-DEREGISTERED/NORMAL-SERVICE]
[2023-01-09 12:04:31.503] [nas] [debug] Initial registration required due to [MM-DEREG-NORMAL-SERVICE]
[2023-01-09 12:04:31.503] [nas] [debug] UAC access attempt is allowed for identity[0], category[MO_sig]
[2023-01-09 12:04:31.503] [nas] [debug] Sending Initial Registration
[2023-01-09 12:04:31.503] [nas] [debug] Deleting NAS security context
[2023-01-09 12:04:31.503] [nas] [info] UE switches to state [MM-REGISTER-INITIATED]
[2023-01-09 12:04:31.503] [rrc] [debug] Sending RRC Setup Request
[2023-01-09 12:04:31.503] [rrc] [info] RRC connection established
[2023-01-09 12:04:31.503] [rrc] [info] UE switches to state [RRC-CONNECTED]
[2023-01-09 12:04:31.504] [nas] [info] UE switches to state [CM-CONNECTED]
[2023-01-09 12:04:31.715] [nas] [debug] Authentication Request received
[2023-01-09 12:04:31.721] [nas] [debug] Security Mode Command received
[2023-01-09 12:04:31.721] [nas] [debug] Selected integrity[2] ciphering[0]
[2023-01-09 12:04:31.749] [nas] [debug] Registration accept received
[2023-01-09 12:04:31.749] [nas] [info] UE switches to state [MM-REGISTERED/NORMAL-SERVICE]
[2023-01-09 12:04:31.749] [nas] [debug] Sending Registration Complete
[2023-01-09 12:04:31.749] [nas] [info] Initial Registration is successful
[2023-01-09 12:04:31.749] [nas] [debug] Sending PDU Session Establishment Request
[2023-01-09 12:04:31.749] [nas] [debug] UAC access attempt is allowed for identity[0], category[MO_sig]
[2023-01-09 12:04:31.988] [nas] [debug] PDU Session Establishment Accept received
[2023-01-09 12:04:31.988] [nas] [info] PDU Session establishment is successful PSI[1]
[2023-01-09 12:04:32.063] [app] [info] Connection setup for PDU session[1] is successful, TUN interface[uesimtun97, 10.60.1.23] is up.
[2023-01-09 12:05:00.387] [nas] [debug] Sending PDU Session Release Request for PSI[1]
[2023-01-09 12:05:00.475] [nas] [debug] PDU Session Release Command received
[2023-01-09 12:05:00.475] [nas] [debug] Performing local release of PDU session[1]
[2023-01-09 12:05:00.669] [nas] [debug] Sending PDU Session Establishment Request
[2023-01-09 12:05:00.677] [nas] [debug] UAC access attempt is allowed for identity[0], category[MO_sig]
[2023-01-09 12:05:00.791] [nas] [debug] PDU Session Establishment Accept received
[2023-01-09 12:05:00.791] [nas] [info] PDU Session establishment is successful PSI[1]
[2023-01-09 12:05:00.875] [app] [info] Connection setup for PDU session[1] is successful, TUN interface[uesimtun66, 10.60.1.123] is up.
[2023-01-09 12:05:08.536] [nas] [warning] PDU session release procedure could not start: PS[2] is not active already
[2023-01-09 12:05:14.579] [nas] [debug] Sending PDU Session Release Request for PSI[1]
[2023-01-09 12:05:14.677] [nas] [debug] PDU Session Release Command received
[2023-01-09 12:05:14.677] [nas] [debug] Performing local release of PDU session[1]
[2023-01-09 12:05:14.982] [nas] [debug] Sending PDU Session Establishment Request
[2023-01-09 12:05:14.982] [nas] [debug] UAC access attempt is allowed for identity[0], category[MO_sig]
[2023-01-09 12:05:15.166] [nas] [debug] PDU Session Establishment Accept received
[2023-01-09 12:05:15.166] [nas] [info] PDU Session establishment is successful PSI[1]
[2023-01-09 12:05:15.241] [app] [info] Connection setup for PDU session[1] is successful, TUN interface[uesimtun19, 10.60.1.157] is up.
[2023-01-09 12:05:22.663] [nas] [debug] Sending PDU Session Establishment Request
[2023-01-09 12:05:22.768] [nas] [error] No response from RRC from UAC checks, considering access attempt is barred
[2023-01-09 12:05:39.128] [nas] [warning] Retransmitting PDU Session Establishment Request due to T3580 expiry
[2023-01-09 12:05:39.143] [nas] [debug] UAC access attempt is allowed for identity[0], category[MO_sig]
[2023-01-09 12:05:39.387] [nas] [debug] PDU Session Establishment Accept received
[2023-01-09 12:05:39.387] [nas] [info] PDU Session establishment is successful PSI[2]
[2023-01-09 12:05:39.628] [app] [info] Connection setup for PDU session[2] is successful, TUN interface[uesimtun52, 10.60.1.233] is up.
[2023-01-09 12:05:51.823] [nas] [debug] Sending PDU Session Release Request for PSI[1]
[2023-01-09 12:05:51.823] [nas] [debug] Sending PDU Session Release Request for PSI[2]
[2023-01-09 12:05:52.041] [nas] [error] PDU Session Release Reject received [REQUEST_REJECTED_UNSPECIFIED]
[2023-01-09 12:05:52.042] [nas] [error] PS release reject received without being requested
[2023-01-09 12:05:52.042] [nas] [warning] Sending SM Cause[MESSAGE_TYPE_NOT_COMPATIBLE_WITH_THE_PROTOCOL_STATE] for PSI[1]
[2023-01-09 12:05:52.049] [nas] [debug] PDU Session Release Command received
[2023-01-09 12:05:52.049] [nas] [debug] Performing local release of PDU session[2]
[2023-01-09 12:05:58.857] [nas] [debug] Sending PDU Session Release Request for PSI[1]
[2023-01-09 12:05:59.053] [nas] [error] PDU Session Release Reject received [REQUEST_REJECTED_UNSPECIFIED]
[2023-01-09 12:05:59.053] [nas] [error] PS release reject received without being requested
[2023-01-09 12:05:59.053] [nas] [warning] Sending SM Cause[MESSAGE_TYPE_NOT_COMPATIBLE_WITH_THE_PROTOCOL_STATE] for PSI[1]
[2023-01-09 12:06:04.897] [nas] [debug] Sending PDU Session Release Request for PSI[1]
[2023-01-09 12:06:05.110] [nas] [error] PDU Session Release Reject received [REQUEST_REJECTED_UNSPECIFIED]
[2023-01-09 12:06:05.110] [nas] [error] PS release reject received without being requested
[2023-01-09 12:06:05.110] [nas] [warning] Sending SM Cause[MESSAGE_TYPE_NOT_COMPATIBLE_WITH_THE_PROTOCOL_STATE] for PSI[1]
[2023-01-09 12:06:14.928] [nas] [debug] Sending PDU Session Release Request for PSI[1]
[2023-01-09 12:06:15.113] [nas] [error] PDU Session Release Reject received [REQUEST_REJECTED_UNSPECIFIED]
[2023-01-09 12:06:15.113] [nas] [error] PS release reject received without being requested
[2023-01-09 12:06:15.113] [nas] [warning] Sending SM Cause[MESSAGE_TYPE_NOT_COMPATIBLE_WITH_THE_PROTOCOL_STATE] for PSI[1]
[2023-01-09 12:06:29.969] [nas] [debug] De-registration required due to [NORMAL]
[2023-01-09 12:06:29.979] [nas] [debug] Starting de-registration procedure due to [NORMAL]
[2023-01-09 12:06:29.979] [nas] [debug] Performing local release of PDU session[1]
[2023-01-09 12:06:29.979] [nas] [info] UE switches to state [MM-DEREGISTER-INITIATED]
[2023-01-09 12:06:30.000] [rrc] [debug] RRC Release received
[2023-01-09 12:06:30.000] [nas] [debug] De-registration accept received
[2023-01-09 12:06:30.000] [nas] [info] UE switches to state [MM-DEREGISTERED/PS]
[2023-01-09 12:06:30.000] [nas] [info] De-registration is successful
[2023-01-09 12:06:30.000] [nas] [info] UE switches to state [CM-IDLE]
[2023-01-09 12:06:30.000] [nas] [info] UE switches to state [MM-DEREGISTERED/NORMAL-SERVICE]
[2023-01-09 12:06:30.000] [nas] [debug] Initial registration required due to [MM-DEREG-NORMAL-SERVICE]
[2023-01-09 12:06:30.000] [nas] [debug] UAC access attempt is allowed for identity[0], category[MO_sig]
[2023-01-09 12:06:30.000] [nas] [debug] Sending Initial Registration
[2023-01-09 12:06:30.000] [nas] [debug] Deleting NAS security context
[2023-01-09 12:06:30.000] [nas] [info] UE switches to state [MM-REGISTER-INITIATED]
[2023-01-09 12:06:30.000] [rrc] [debug] Sending RRC Setup Request
[2023-01-09 12:06:30.000] [rrc] [info] RRC connection established
[2023-01-09 12:06:30.000] [rrc] [info] UE switches to state [RRC-CONNECTED]
[2023-01-09 12:06:30.001] [nas] [info] UE switches to state [CM-CONNECTED]
[2023-01-09 12:06:30.036] [nas] [debug] Authentication Request received
[2023-01-09 12:06:30.056] [nas] [debug] Security Mode Command received
[2023-01-09 12:06:30.056] [nas] [debug] Selected integrity[2] ciphering[0]
[2023-01-09 12:06:30.092] [nas] [debug] Registration accept received
[2023-01-09 12:06:30.092] [nas] [info] UE switches to state [MM-REGISTERED/NORMAL-SERVICE]
[2023-01-09 12:06:30.092] [nas] [debug] Sending Registration Complete
[2023-01-09 12:06:30.092] [nas] [info] Initial Registration is successful
[2023-01-09 12:06:30.092] [nas] [debug] Sending PDU Session Establishment Request
[2023-01-09 12:06:30.092] [nas] [debug] UAC access attempt is allowed for identity[0], category[MO_sig]
[2023-01-09 12:06:30.161] [nas] [debug] PDU Session Establishment Accept received
[2023-01-09 12:06:30.161] [nas] [info] PDU Session establishment is successful PSI[1]
[2023-01-09 12:06:30.323] [app] [info] Connection setup for PDU session[1] is successful, TUN interface[uesimtun19, 10.60.2.117] is up.
[2023-01-09 12:07:02.027] [nas] [debug] Sending PDU Session Establishment Request
[2023-01-09 12:07:02.128] [nas] [error] No response from RRC from UAC checks, considering access attempt is barred
[2023-01-09 12:07:18.249] [nas] [warning] Retransmitting PDU Session Establishment Request due to T3580 expiry
[2023-01-09 12:07:18.249] [nas] [debug] UAC access attempt is allowed for identity[0], category[MO_sig]
[2023-01-09 12:07:18.282] [nas] [debug] PDU Session Establishment Accept received
[2023-01-09 12:07:18.282] [nas] [info] PDU Session establishment is successful PSI[2]
[2023-01-09 12:07:18.372] [app] [info] Connection setup for PDU session[2] is successful, TUN interface[uesimtun30, 10.60.2.236] is up.
[2023-01-09 12:07:36.194] [nas] [debug] Sending PDU Session Establishment Request
[2023-01-09 12:07:36.295] [nas] [error] No response from RRC from UAC checks, considering access attempt is barred
[2023-01-09 12:07:52.324] [nas] [warning] Retransmitting PDU Session Establishment Request due to T3580 expiry
[2023-01-09 12:07:52.334] [nas] [debug] UAC access attempt is allowed for identity[0], category[MO_sig]
[2023-01-09 12:07:52.440] [nas] [debug] PDU Session Establishment Accept received
[2023-01-09 12:07:52.440] [nas] [info] PDU Session establishment is successful PSI[3]
[2023-01-09 12:07:52.564] [app] [info] Connection setup for PDU session[3] is successful, TUN interface[uesimtun33, 10.60.3.75] is up.
[2023-01-09 12:08:04.369] [nas] [warning] PDU session release procedure could not start: PS[4] is not active already
[2023-01-09 12:08:09.404] [nas] [debug] Sending PDU Session Establishment Request
[2023-01-09 12:08:09.505] [nas] [error] No response from RRC from UAC checks, considering access attempt is barred
[2023-01-09 12:08:26.363] [nas] [warning] Retransmitting PDU Session Establishment Request due to T3580 expiry
[2023-01-09 12:08:26.363] [nas] [debug] UAC access attempt is allowed for identity[0], category[MO_sig]
[2023-01-09 12:08:26.592] [nas] [debug] PDU Session Establishment Accept received
[2023-01-09 12:08:26.592] [nas] [info] PDU Session establishment is successful PSI[4]
[2023-01-09 12:08:26.692] [app] [info] Connection setup for PDU session[4] is successful, TUN interface[uesimtun2, 10.60.3.154] is up.
[2023-01-09 12:08:35.638] [nas] [debug] De-registration required due to [NORMAL]
[2023-01-09 12:08:35.656] [nas] [debug] Starting de-registration procedure due to [NORMAL]
[2023-01-09 12:08:35.656] [nas] [debug] Performing local release of PDU session[1]
[2023-01-09 12:08:35.656] [nas] [debug] Performing local release of PDU session[2]
[2023-01-09 12:08:35.656] [nas] [debug] Performing local release of PDU session[3]
[2023-01-09 12:08:35.656] [nas] [debug] Performing local release of PDU session[4]
[2023-01-09 12:08:35.656] [nas] [info] UE switches to state [MM-DEREGISTER-INITIATED]
[2023-01-09 12:08:35.870] [nas] [debug] De-registration accept received
[2023-01-09 12:08:35.870] [nas] [info] UE switches to state [MM-DEREGISTERED/PS]
[2023-01-09 12:08:35.870] [nas] [info] De-registration is successful
[2023-01-09 12:08:35.870] [nas] [info] UE switches to state [MM-DEREGISTERED/NORMAL-SERVICE]
[2023-01-09 12:08:35.870] [nas] [debug] Initial registration required due to [MM-DEREG-NORMAL-SERVICE]
[2023-01-09 12:08:35.870] [nas] [debug] Sending Initial Registration
[2023-01-09 12:08:35.871] [nas] [debug] Deleting NAS security context
[2023-01-09 12:08:35.871] [nas] [info] UE switches to state [MM-REGISTER-INITIATED]
[2023-01-09 12:08:35.871] [rrc] [debug] RRC Release received
[2023-01-09 12:08:35.872] [nas] [info] UE switches to state [CM-IDLE]
[2023-01-09 12:08:35.872] [nas] [info] UE switches to state [MM-DEREGISTERED/PS]
[2023-01-09 12:08:35.872] [nas] [info] UE switches to state [5U2-NOT-UPDATED]
[2023-01-09 12:08:35.872] [nas] [info] UE switches to state [MM-DEREGISTERED/ATTEMPTING-REGISTRATION]
[2023-01-09 12:08:46.387] [nas] [debug] NAS timer[3511] expired [1]
[2023-01-09 12:08:46.387] [nas] [debug] Initial registration required due to [T3511-EXPIRY-IN-ATT-REG]
[2023-01-09 12:08:46.401] [nas] [debug] UAC access attempt is allowed for identity[0], category[MO_sig]
[2023-01-09 12:08:46.401] [nas] [debug] Sending Initial Registration
[2023-01-09 12:08:46.401] [rrc] [debug] Sending RRC Setup Request
[2023-01-09 12:08:46.401] [nas] [info] UE switches to state [MM-REGISTER-INITIATED]
[2023-01-09 12:08:46.404] [rrc] [info] RRC connection established
[2023-01-09 12:08:46.404] [rrc] [info] UE switches to state [RRC-CONNECTED]
[2023-01-09 12:08:46.405] [nas] [info] UE switches to state [CM-CONNECTED]
[2023-01-09 12:08:46.587] [nas] [debug] Authentication Request received
[2023-01-09 12:08:46.780] [nas] [debug] Security Mode Command received
[2023-01-09 12:08:46.780] [nas] [debug] Selected integrity[2] ciphering[0]
[2023-01-09 12:08:46.820] [nas] [debug] Registration accept received
[2023-01-09 12:08:46.820] [nas] [info] UE switches to state [MM-REGISTERED/NORMAL-SERVICE]
[2023-01-09 12:08:46.820] [nas] [info] UE switches to state [5U1-UPDATED]
[2023-01-09 12:08:46.820] [nas] [debug] Sending Registration Complete
[2023-01-09 12:08:46.820] [nas] [info] Initial Registration is successful
[2023-01-09 12:08:46.820] [nas] [debug] Sending PDU Session Establishment Request
[2023-01-09 12:08:46.828] [nas] [debug] UAC access attempt is allowed for identity[0], category[MO_sig]
[2023-01-09 12:08:46.896] [nas] [debug] PDU Session Establishment Accept received
[2023-01-09 12:08:46.896] [nas] [info] PDU Session establishment is successful PSI[1]
[2023-01-09 12:08:46.962] [app] [info] Connection setup for PDU session[1] is successful, TUN interface[uesimtun41, 10.60.3.208] is up.
[2023-01-09 12:09:10.800] [nas] [debug] Sending PDU Session Release Request for PSI[1]
[2023-01-09 12:09:23.860] [nas] [warning] PDU session release procedure could not start: PS[2] is not active already
[2023-01-09 12:09:27.433] [nas] [warning] Retransmitting PDU Session Release Request due to T3582 expiry
[2023-01-09 12:09:35.896] [nas] [debug] Sending PDU Session Establishment Request
[2023-01-09 12:09:35.997] [nas] [error] No response from RRC from UAC checks, considering access attempt is barred
[2023-01-09 12:09:43.453] [nas] [warning] Retransmitting PDU Session Release Request due to T3582 expiry
[2023-01-09 12:09:52.468] [nas] [warning] Retransmitting PDU Session Establishment Request due to T3580 expiry
[2023-01-09 12:09:52.481] [nas] [debug] UAC access attempt is allowed for identity[0], category[MO_sig]
[2023-01-09 12:09:59.475] [nas] [warning] Retransmitting PDU Session Release Request due to T3582 expiry
