UERANSIM v3.2.6
[2023-01-09 12:02:58.975] [nas] [info] UE switches to state [MM-DEREGISTERED/PLMN-SEARCH]
[2023-01-09 12:02:58.977] [rrc] [debug] New signal detected for cell[1], total [1] cells in coverage
[2023-01-09 12:02:58.979] [nas] [info] Selected plmn[208/93]
[2023-01-09 12:02:58.979] [rrc] [info] Selected cell plmn[208/93] tac[1] category[SUITABLE]
[2023-01-09 12:02:58.979] [nas] [info] UE switches to state [MM-DEREGISTERED/PS]
[2023-01-09 12:02:58.979] [nas] [info] UE switches to state [MM-DEREGISTERED/NORMAL-SERVICE]
[2023-01-09 12:02:58.979] [nas] [debug] Initial registration required due to [MM-DEREG-NORMAL-SERVICE]
[2023-01-09 12:02:58.980] [nas] [debug] UAC access attempt is allowed for identity[0], category[MO_sig]
[2023-01-09 12:02:58.980] [nas] [debug] Sending Initial Registration
[2023-01-09 12:02:58.980] [nas] [info] UE switches to state [MM-REGISTER-INITIATED]
[2023-01-09 12:02:58.981] [rrc] [debug] Sending RRC Setup Request
[2023-01-09 12:02:58.981] [rrc] [info] RRC connection established
[2023-01-09 12:02:58.981] [rrc] [info] UE switches to state [RRC-CONNECTED]
[2023-01-09 12:02:58.981] [nas] [info] UE switches to state [CM-CONNECTED]
[2023-01-09 12:02:58.998] [nas] [debug] Authentication Request received
[2023-01-09 12:02:59.005] [nas] [debug] Security Mode Command received
[2023-01-09 12:02:59.005] [nas] [debug] Selected integrity[2] ciphering[0]
[2023-01-09 12:02:59.031] [nas] [debug] Registration accept received
[2023-01-09 12:02:59.031] [nas] [info] UE switches to state [MM-REGISTERED/NORMAL-SERVICE]
[2023-01-09 12:02:59.031] [nas] [debug] Sending Registration Complete
[2023-01-09 12:02:59.031] [nas] [info] Initial Registration is successful
[2023-01-09 12:02:59.031] [nas] [debug] Sending PDU Session Establishment Request
[2023-01-09 12:02:59.033] [nas] [debug] UAC access attempt is allowed for identity[0], category[MO_sig]
[2023-01-09 12:02:59.269] [nas] [debug] PDU Session Establishment Accept received
[2023-01-09 12:02:59.269] [nas] [info] PDU Session establishment is successful PSI[1]
[2023-01-09 12:02:59.302] [app] [info] Connection setup for PDU session[1] is successful, TUN interface[uesimtun47, 10.60.0.48] is up.
[2023-01-09 12:03:54.880] [nas] [debug] Sending PDU Session Release Request for PSI[1]
[2023-01-09 12:03:55.220] [nas] [debug] PDU Session Release Command received
[2023-01-09 12:03:55.220] [nas] [debug] Performing local release of PDU session[1]
[2023-01-09 12:03:55.388] [nas] [debug] Sending PDU Session Establishment Request
[2023-01-09 12:03:55.418] [nas] [debug] UAC access attempt is allowed for identity[0], category[MO_sig]
[2023-01-09 12:03:55.605] [nas] [debug] PDU Session Establishment Accept received
[2023-01-09 12:03:55.605] [nas] [info] PDU Session establishment is successful PSI[1]
[2023-01-09 12:03:55.762] [app] [info] Connection setup for PDU session[1] is successful, TUN interface[uesimtun78, 10.60.0.145] is up.
[2023-01-09 12:04:03.962] [nas] [debug] De-registration required due to [NORMAL]
[2023-01-09 12:04:03.972] [nas] [debug] Starting de-registration procedure due to [NORMAL]
[2023-01-09 12:04:03.973] [nas] [debug] Performing local release of PDU session[1]
[2023-01-09 12:04:03.973] [nas] [info] UE switches to state [MM-DEREGISTER-INITIATED]
[2023-01-09 12:04:04.062] [nas] [debug] De-registration accept received
[2023-01-09 12:04:04.062] [nas] [info] UE switches to state [MM-DEREGISTERED/PS]
[2023-01-09 12:04:04.062] [nas] [info] De-registration is successful
[2023-01-09 12:04:04.062] [nas] [info] UE switches to state [MM-DEREGISTERED/NORMAL-SERVICE]
[2023-01-09 12:04:04.062] [nas] [debug] Initial registration required due to [MM-DEREG-NORMAL-SERVICE]
[2023-01-09 12:04:04.062] [nas] [debug] Sending Initial Registration
[2023-01-09 12:04:04.062] [nas] [debug] Deleting NAS security context
[2023-01-09 12:04:04.062] [nas] [info] UE switches to state [MM-REGISTER-INITIATED]
[2023-01-09 12:04:04.063] [rrc] [debug] RRC Release received
[2023-01-09 12:04:04.063] [nas] [info] UE switches to state [CM-IDLE]
[2023-01-09 12:04:04.063] [nas] [info] UE switches to state [MM-DEREGISTERED/PS]
[2023-01-09 12:04:04.063] [nas] [info] UE switches to state [5U2-NOT-UPDATED]
[2023-01-09 12:04:04.063] [nas] [info] UE switches to state [MM-DEREGISTERED/ATTEMPTING-REGISTRATION]
[2023-01-09 12:04:14.064] [nas] [debug] NAS timer[3511] expired [1]
[2023-01-09 12:04:14.064] [nas] [debug] Initial registration required due to [T3511-EXPIRY-IN-ATT-REG]
[2023-01-09 12:04:14.064] [nas] [debug] UAC access attempt is allowed for identity[0], category[MO_sig]
[2023-01-09 12:04:14.064] [nas] [debug] Sending Initial Registration
[2023-01-09 12:04:14.064] [rrc] [debug] Sending RRC Setup Request
[2023-01-09 12:04:14.064] [nas] [info] UE switches to state [MM-REGISTER-INITIATED]
[2023-01-09 12:04:14.066] [rrc] [info] RRC connection established
[2023-01-09 12:04:14.066] [rrc] [info] UE switches to state [RRC-CONNECTED]
[2023-01-09 12:04:14.066] [nas] [info] UE switches to state [CM-CONNECTED]
[2023-01-09 12:04:14.122] [nas] [debug] Authentication Request received
[2023-01-09 12:04:14.199] [nas] [debug] Security Mode Command received
[2023-01-09 12:04:14.199] [nas] [debug] Selected integrity[2] ciphering[0]
[2023-01-09 12:04:14.287] [nas] [debug] Registration accept received
[2023-01-09 12:04:14.287] [nas] [info] UE switches to state [MM-REGISTERED/NORMAL-SERVICE]
[2023-01-09 12:04:14.287] [nas] [info] UE switches to state [5U1-UPDATED]
[2023-01-09 12:04:14.287] [nas] [debug] Sending Registration Complete
[2023-01-09 12:04:14.287] [nas] [info] Initial Registration is successful
[2023-01-09 12:04:14.287] [nas] [debug] Sending PDU Session Establishment Request
[2023-01-09 12:04:14.295] [nas] [debug] UAC access attempt is allowed for identity[0], category[MO_sig]
[2023-01-09 12:04:14.366] [nas] [debug] PDU Session Establishment Accept received
[2023-01-09 12:04:14.366] [nas] [info] PDU Session establishment is successful PSI[1]
[2023-01-09 12:04:14.504] [app] [info] Connection setup for PDU session[1] is successful, TUN interface[uesimtun120, 10.60.0.215] is up.
[2023-01-09 12:04:29.016] [nas] [debug] Sending PDU Session Establishment Request
[2023-01-09 12:04:29.123] [nas] [error] No response from RRC from UAC checks, considering access attempt is barred
[2023-01-09 12:04:45.145] [nas] [warning] Retransmitting PDU Session Establishment Request due to T3580 expiry
[2023-01-09 12:04:45.145] [nas] [debug] UAC access attempt is allowed for identity[0], category[MO_sig]
[2023-01-09 12:04:45.307] [nas] [debug] PDU Session Establishment Accept received
[2023-01-09 12:04:45.307] [nas] [info] PDU Session establishment is successful PSI[2]
[2023-01-09 12:04:45.511] [app] [info] Connection setup for PDU session[2] is successful, TUN interface[uesimtun127, 10.60.1.78] is up.
[2023-01-09 12:05:02.286] [nas] [warning] PDU session release procedure could not start: PS[3] is not active already
[2023-01-09 12:05:11.319] [nas] [debug] Sending PDU Session Establishment Request
[2023-01-09 12:05:11.420] [nas] [error] No response from RRC from UAC checks, considering access attempt is barred
[2023-01-09 12:05:28.196] [nas] [warning] Retransmitting PDU Session Establishment Request due to T3580 expiry
[2023-01-09 12:05:28.200] [nas] [debug] UAC access attempt is allowed for identity[0], category[MO_sig]
[2023-01-09 12:05:28.341] [nas] [debug] PDU Session Establishment Accept received
[2023-01-09 12:05:28.341] [nas] [info] PDU Session establishment is successful PSI[3]
[2023-01-09 12:05:28.456] [app] [info] Connection setup for PDU session[3] is successful, TUN interface[uesimtun50, 10.60.1.202] is up.
[2023-01-09 12:05:43.535] [nas] [debug] Sending PDU Session Release Request for PSI[1]
[2023-01-09 12:05:43.535] [nas] [debug] Sending PDU Session Release Request for PSI[2]
[2023-01-09 12:05:43.535] [nas] [debug] Sending PDU Session Release Request for PSI[3]
[2023-01-09 12:05:43.593] [nas] [debug] PDU Session Release Command received
[2023-01-09 12:05:43.593] [nas] [debug] Performing local release of PDU session[1]
[2023-01-09 12:05:43.600] [nas] [error] PDU Session Release Reject received [REQUEST_REJECTED_UNSPECIFIED]
[2023-01-09 12:05:43.600] [nas] [error] PS release reject received without being requested
[2023-01-09 12:05:43.600] [nas] [warning] Sending SM Cause[MESSAGE_TYPE_NOT_COMPATIBLE_WITH_THE_PROTOCOL_STATE] for PSI[2]
[2023-01-09 12:05:43.608] [nas] [error] PDU Session Release Reject received [REQUEST_REJECTED_UNSPECIFIED]
[2023-01-09 12:05:43.608] [nas] [error] PS release reject received without being requested
[2023-01-09 12:05:43.608] [nas] [warning] Sending SM Cause[MESSAGE_TYPE_NOT_COMPATIBLE_WITH_THE_PROTOCOL_STATE] for PSI[3]
[2023-01-09 12:05:56.576] [nas] [debug] Sending PDU Session Release Request for PSI[2]
[2023-01-09 12:05:56.576] [nas] [debug] Sending PDU Session Release Request for PSI[3]
[2023-01-09 12:05:56.688] [nas] [error] PDU Session Release Reject received [REQUEST_REJECTED_UNSPECIFIED]
[2023-01-09 12:05:56.688] [nas] [error] PS release reject received without being requested
[2023-01-09 12:05:56.688] [nas] [warning] Sending SM Cause[MESSAGE_TYPE_NOT_COMPATIBLE_WITH_THE_PROTOCOL_STATE] for PSI[2]
[2023-01-09 12:05:56.690] [nas] [error] PDU Session Release Reject received [REQUEST_REJECTED_UNSPECIFIED]
[2023-01-09 12:05:56.690] [nas] [error] PS release reject received without being requested
[2023-01-09 12:05:56.690] [nas] [warning] Sending SM Cause[MESSAGE_TYPE_NOT_COMPATIBLE_WITH_THE_PROTOCOL_STATE] for PSI[3]
[2023-01-09 12:06:07.621] [nas] [debug] Sending PDU Session Establishment Request
[2023-01-09 12:06:07.723] [nas] [error] No response from RRC from UAC checks, considering access attempt is barred
[2023-01-09 12:06:24.265] [nas] [warning] Retransmitting PDU Session Establishment Request due to T3580 expiry
[2023-01-09 12:06:24.268] [nas] [debug] UAC access attempt is allowed for identity[0], category[MO_sig]
[2023-01-09 12:06:24.404] [nas] [debug] PDU Session Establishment Accept received
[2023-01-09 12:06:24.405] [nas] [info] PDU Session establishment is successful PSI[1]
[2023-01-09 12:06:24.545] [app] [info] Connection setup for PDU session[1] is successful, TUN interface[uesimtun134, 10.60.2.97] is up.
[2023-01-09 12:06:37.826] [nas] [debug] Sending PDU Session Release Request for PSI[2]
[2023-01-09 12:06:37.842] [nas] [error] PDU Session Release Reject received [REQUEST_REJECTED_UNSPECIFIED]
[2023-01-09 12:06:37.842] [nas] [error] PS release reject received without being requested
[2023-01-09 12:06:37.842] [nas] [warning] Sending SM Cause[MESSAGE_TYPE_NOT_COMPATIBLE_WITH_THE_PROTOCOL_STATE] for PSI[2]
[2023-01-09 12:06:45.867] [nas] [debug] De-registration required due to [NORMAL]
[2023-01-09 12:06:45.874] [nas] [debug] Starting de-registration procedure due to [NORMAL]
[2023-01-09 12:06:45.874] [nas] [debug] Performing local release of PDU session[1]
[2023-01-09 12:06:45.874] [nas] [debug] Performing local release of PDU session[2]
[2023-01-09 12:06:45.874] [nas] [debug] Performing local release of PDU session[3]
[2023-01-09 12:06:45.874] [nas] [info] UE switches to state [MM-DEREGISTER-INITIATED]
[2023-01-09 12:06:46.064] [nas] [debug] De-registration accept received
[2023-01-09 12:06:46.064] [nas] [info] UE switches to state [MM-DEREGISTERED/PS]
[2023-01-09 12:06:46.064] [nas] [info] De-registration is successful
[2023-01-09 12:06:46.064] [nas] [info] UE switches to state [MM-DEREGISTERED/NORMAL-SERVICE]
[2023-01-09 12:06:46.064] [nas] [debug] Initial registration required due to [MM-DEREG-NORMAL-SERVICE]
[2023-01-09 12:06:46.064] [nas] [debug] Sending Initial Registration
[2023-01-09 12:06:46.064] [nas] [debug] Deleting NAS security context
[2023-01-09 12:06:46.064] [nas] [info] UE switches to state [MM-REGISTER-INITIATED]
[2023-01-09 12:06:46.068] [rrc] [debug] RRC Release received
[2023-01-09 12:06:46.068] [nas] [info] UE switches to state [CM-IDLE]
[2023-01-09 12:06:46.068] [nas] [info] UE switches to state [MM-DEREGISTERED/PS]
[2023-01-09 12:06:46.068] [nas] [info] UE switches to state [5U2-NOT-UPDATED]
[2023-01-09 12:06:46.068] [nas] [info] UE switches to state [MM-DEREGISTERED/ATTEMPTING-REGISTRATION]
[2023-01-09 12:06:56.307] [nas] [debug] NAS timer[3511] expired [1]
[2023-01-09 12:06:56.307] [nas] [debug] Initial registration required due to [T3511-EXPIRY-IN-ATT-REG]
[2023-01-09 12:06:56.307] [nas] [debug] UAC access attempt is allowed for identity[0], category[MO_sig]
[2023-01-09 12:06:56.307] [nas] [debug] Sending Initial Registration
[2023-01-09 12:06:56.307] [nas] [info] UE switches to state [MM-REGISTER-INITIATED]
[2023-01-09 12:06:56.307] [rrc] [debug] Sending RRC Setup Request
[2023-01-09 12:06:56.307] [rrc] [info] RRC connection established
[2023-01-09 12:06:56.307] [rrc] [info] UE switches to state [RRC-CONNECTED]
[2023-01-09 12:06:56.307] [nas] [info] UE switches to state [CM-CONNECTED]
[2023-01-09 12:06:56.473] [nas] [debug] Authentication Request received
[2023-01-09 12:06:56.502] [nas] [debug] Security Mode Command received
[2023-01-09 12:06:56.503] [nas] [debug] Selected integrity[2] ciphering[0]
[2023-01-09 12:06:56.540] [nas] [debug] Registration accept received
[2023-01-09 12:06:56.540] [nas] [info] UE switches to state [MM-REGISTERED/NORMAL-SERVICE]
[2023-01-09 12:06:56.540] [nas] [info] UE switches to state [5U1-UPDATED]
[2023-01-09 12:06:56.540] [nas] [debug] Sending Registration Complete
[2023-01-09 12:06:56.540] [nas] [info] Initial Registration is successful
[2023-01-09 12:06:56.540] [nas] [debug] Sending PDU Session Establishment Request
[2023-01-09 12:06:56.540] [nas] [debug] UAC access attempt is allowed for identity[0], category[MO_sig]
[2023-01-09 12:06:56.596] [nas] [debug] PDU Session Establishment Accept received
[2023-01-09 12:06:56.596] [nas] [info] PDU Session establishment is successful PSI[1]
[2023-01-09 12:06:56.734] [app] [info] Connection setup for PDU session[1] is successful, TUN interface[uesimtun112, 10.60.2.188] is up.
[2023-01-09 12:07:14.958] [nas] [debug] Sending PDU Session Release Request for PSI[1]
[2023-01-09 12:07:15.077] [nas] [error] PDU Session Release Reject received [REQUEST_REJECTED_UNSPECIFIED]
[2023-01-09 12:07:15.077] [nas] [error] PS release reject received without being requested
[2023-01-09 12:07:15.077] [nas] [warning] Sending SM Cause[MESSAGE_TYPE_NOT_COMPATIBLE_WITH_THE_PROTOCOL_STATE] for PSI[1]
[2023-01-09 12:07:29.000] [nas] [debug] Sending PDU Session Release Request for PSI[1]
[2023-01-09 12:07:29.195] [nas] [error] PDU Session Release Reject received [REQUEST_REJECTED_UNSPECIFIED]
[2023-01-09 12:07:29.195] [nas] [error] PS release reject received without being requested
[2023-01-09 12:07:29.195] [nas] [warning] Sending SM Cause[MESSAGE_TYPE_NOT_COMPATIBLE_WITH_THE_PROTOCOL_STATE] for PSI[1]
[2023-01-09 12:07:43.080] [nas] [warning] PDU session release procedure could not start: PS[2] is not active already
[2023-01-09 12:07:49.145] [nas] [debug] Sending PDU Session Release Request for PSI[1]
[2023-01-09 12:07:49.180] [nas] [error] PDU Session Release Reject received [REQUEST_REJECTED_UNSPECIFIED]
[2023-01-09 12:07:49.180] [nas] [error] PS release reject received without being requested
[2023-01-09 12:07:49.180] [nas] [warning] Sending SM Cause[MESSAGE_TYPE_NOT_COMPATIBLE_WITH_THE_PROTOCOL_STATE] for PSI[1]
[2023-01-09 12:08:00.180] [nas] [debug] De-registration required due to [NORMAL]
[2023-01-09 12:08:00.190] [nas] [debug] Starting de-registration procedure due to [NORMAL]
[2023-01-09 12:08:00.190] [nas] [debug] Performing local release of PDU session[1]
[2023-01-09 12:08:00.190] [nas] [info] UE switches to state [MM-DEREGISTER-INITIATED]
[2023-01-09 12:08:00.213] [nas] [debug] De-registration accept received
[2023-01-09 12:08:00.213] [nas] [info] UE switches to state [MM-DEREGISTERED/PS]
[2023-01-09 12:08:00.213] [nas] [info] De-registration is successful
[2023-01-09 12:08:00.213] [nas] [info] UE switches to state [MM-DEREGISTERED/NORMAL-SERVICE]
[2023-01-09 12:08:00.213] [nas] [debug] Initial registration required due to [MM-DEREG-NORMAL-SERVICE]
[2023-01-09 12:08:00.213] [nas] [debug] Sending Initial Registration
[2023-01-09 12:08:00.213] [nas] [debug] Deleting NAS security context
[2023-01-09 12:08:00.213] [nas] [info] UE switches to state [MM-REGISTER-INITIATED]
[2023-01-09 12:08:00.218] [rrc] [debug] RRC Release received
[2023-01-09 12:08:00.219] [nas] [info] UE switches to state [CM-IDLE]
[2023-01-09 12:08:00.219] [nas] [info] UE switches to state [MM-DEREGISTERED/PS]
[2023-01-09 12:08:00.219] [nas] [info] UE switches to state [5U2-NOT-UPDATED]
[2023-01-09 12:08:00.219] [nas] [info] UE switches to state [MM-DEREGISTERED/ATTEMPTING-REGISTRATION]
[2023-01-09 12:08:10.393] [nas] [debug] NAS timer[3511] expired [1]
[2023-01-09 12:08:10.393] [nas] [debug] Initial registration required due to [T3511-EXPIRY-IN-ATT-REG]
[2023-01-09 12:08:10.394] [nas] [debug] UAC access attempt is allowed for identity[0], category[MO_sig]
[2023-01-09 12:08:10.394] [nas] [debug] Sending Initial Registration
[2023-01-09 12:08:10.394] [nas] [info] UE switches to state [MM-REGISTER-INITIATED]
[2023-01-09 12:08:10.394] [rrc] [debug] Sending RRC Setup Request
[2023-01-09 12:08:10.395] [rrc] [info] RRC connection established
[2023-01-09 12:08:10.395] [rrc] [info] UE switches to state [RRC-CONNECTED]
[2023-01-09 12:08:10.395] [nas] [info] UE switches to state [CM-CONNECTED]
[2023-01-09 12:08:10.592] [nas] [debug] Authentication Request received
[2023-01-09 12:08:10.620] [nas] [debug] Security Mode Command received
[2023-01-09 12:08:10.620] [nas] [debug] Selected integrity[2] ciphering[0]
[2023-01-09 12:08:11.844] [nas] [debug] Registration accept received
[2023-01-09 12:08:11.844] [nas] [info] UE switches to state [MM-REGISTERED/NORMAL-SERVICE]
[2023-01-09 12:08:11.844] [nas] [info] UE switches to state [5U1-UPDATED]
[2023-01-09 12:08:11.844] [nas] [debug] Sending Registration Complete
[2023-01-09 12:08:11.844] [nas] [info] Initial Registration is successful
[2023-01-09 12:08:11.844] [nas] [debug] Sending PDU Session Establishment Request
[2023-01-09 12:08:11.844] [nas] [debug] UAC access attempt is allowed for identity[0], category[MO_sig]
[2023-01-09 12:08:11.913] [nas] [debug] PDU Session Establishment Accept received
[2023-01-09 12:08:11.913] [nas] [info] PDU Session establishment is successful PSI[1]
[2023-01-09 12:08:11.990] [app] [info] Connection setup for PDU session[1] is successful, TUN interface[uesimtun65, 10.60.3.116] is up.
[2023-01-09 12:08:31.277] [nas] [debug] Sending PDU Session Release Request for PSI[1]
[2023-01-09 12:08:31.427] [nas] [error] PDU Session Release Reject received [REQUEST_REJECTED_UNSPECIFIED]
[2023-01-09 12:08:31.427] [nas] [error] PS release reject received without being requested
[2023-01-09 12:08:31.427] [nas] [warning] Sending SM Cause[MESSAGE_TYPE_NOT_COMPATIBLE_WITH_THE_PROTOCOL_STATE] for PSI[1]
[2023-01-09 12:08:40.316] [nas] [debug] Sending PDU Session Establishment Request
[2023-01-09 12:08:40.417] [nas] [error] No response from RRC from UAC checks, considering access attempt is barred
[2023-01-09 12:08:56.452] [nas] [warning] Retransmitting PDU Session Establishment Request due to T3580 expiry
[2023-01-09 12:08:56.454] [nas] [debug] UAC access attempt is allowed for identity[0], category[MO_sig]
[2023-01-09 12:08:56.576] [nas] [debug] PDU Session Establishment Accept received
[2023-01-09 12:08:56.576] [nas] [info] PDU Session establishment is successful PSI[2]
[2023-01-09 12:08:56.682] [app] [info] Connection setup for PDU session[2] is successful, TUN interface[uesimtun104, 10.60.3.231] is up.
[2023-01-09 12:09:10.475] [nas] [debug] De-registration required due to [NORMAL]
[2023-01-09 12:09:10.485] [nas] [debug] Starting de-registration procedure due to [NORMAL]
[2023-01-09 12:09:10.485] [nas] [debug] Performing local release of PDU session[1]
[2023-01-09 12:09:10.485] [nas] [debug] Performing local release of PDU session[2]
[2023-01-09 12:09:10.485] [nas] [info] UE switches to state [MM-DEREGISTER-INITIATED]
[2023-01-09 12:09:25.500] [nas] [debug] NAS timer[3521] expired [1]
[2023-01-09 12:09:25.500] [nas] [debug] Retransmitting De-registration Request due to T3521 expiry
[2023-01-09 12:09:40.515] [nas] [debug] NAS timer[3521] expired [2]
[2023-01-09 12:09:40.515] [nas] [debug] Retransmitting De-registration Request due to T3521 expiry
[2023-01-09 12:09:43.536] [nas] [debug] Sending PDU Session Establishment Request
[2023-01-09 12:09:43.637] [nas] [error] No response from RRC from UAC checks, considering access attempt is barred
[2023-01-09 12:09:55.530] [nas] [debug] NAS timer[3521] expired [3]
[2023-01-09 12:09:55.530] [nas] [debug] Retransmitting De-registration Request due to T3521 expiry
[2023-01-09 12:10:00.535] [nas] [warning] Retransmitting PDU Session Establishment Request due to T3580 expiry
[2023-01-09 12:10:00.536] [nas] [debug] UAC access attempt is allowed for identity[0], category[MO_sig]
