UERANSIM v3.2.6
[2023-01-09 12:02:35.937] [nas] [info] UE switches to state [MM-DEREGISTERED/PLMN-SEARCH]
[2023-01-09 12:02:35.939] [rrc] [debug] New signal detected for cell[1], total [1] cells in coverage
[2023-01-09 12:02:35.940] [nas] [info] Selected plmn[208/93]
[2023-01-09 12:02:35.940] [rrc] [info] Selected cell plmn[208/93] tac[1] category[SUITABLE]
[2023-01-09 12:02:35.940] [nas] [info] UE switches to state [MM-DEREGISTERED/PS]
[2023-01-09 12:02:35.940] [nas] [info] UE switches to state [MM-DEREGISTERED/NORMAL-SERVICE]
[2023-01-09 12:02:35.940] [nas] [debug] Initial registration required due to [MM-DEREG-NORMAL-SERVICE]
[2023-01-09 12:02:35.940] [nas] [debug] UAC access attempt is allowed for identity[0], category[MO_sig]
[2023-01-09 12:02:35.940] [nas] [debug] Sending Initial Registration
[2023-01-09 12:02:35.940] [nas] [info] UE switches to state [MM-REGISTER-INITIATED]
[2023-01-09 12:02:35.941] [rrc] [debug] Sending RRC Setup Request
[2023-01-09 12:02:35.943] [rrc] [info] RRC connection established
[2023-01-09 12:02:35.943] [rrc] [info] UE switches to state [RRC-CONNECTED]
[2023-01-09 12:02:35.943] [nas] [info] UE switches to state [CM-CONNECTED]
[2023-01-09 12:02:35.961] [nas] [debug] Authentication Request received
[2023-01-09 12:02:35.966] [nas] [debug] Security Mode Command received
[2023-01-09 12:02:35.966] [nas] [debug] Selected integrity[2] ciphering[0]
[2023-01-09 12:02:35.993] [nas] [debug] Registration accept received
[2023-01-09 12:02:35.993] [nas] [info] UE switches to state [MM-REGISTERED/NORMAL-SERVICE]
[2023-01-09 12:02:35.993] [nas] [debug] Sending Registration Complete
[2023-01-09 12:02:35.993] [nas] [info] Initial Registration is successful
[2023-01-09 12:02:35.993] [nas] [debug] Sending PDU Session Establishment Request
[2023-01-09 12:02:35.993] [nas] [debug] UAC access attempt is allowed for identity[0], category[MO_sig]
[2023-01-09 12:02:36.231] [nas] [debug] PDU Session Establishment Accept received
[2023-01-09 12:02:36.231] [nas] [info] PDU Session establishment is successful PSI[1]
[2023-01-09 12:02:36.270] [app] [info] Connection setup for PDU session[1] is successful, TUN interface[uesimtun24, 10.60.0.25] is up.
[2023-01-09 12:03:53.035] [nas] [debug] Sending PDU Session Establishment Request
[2023-01-09 12:03:53.154] [nas] [error] No response from RRC from UAC checks, considering access attempt is barred
[2023-01-09 12:04:10.034] [nas] [warning] Retransmitting PDU Session Establishment Request due to T3580 expiry
[2023-01-09 12:04:10.037] [nas] [debug] UAC access attempt is allowed for identity[0], category[MO_sig]
[2023-01-09 12:04:10.203] [nas] [debug] PDU Session Establishment Accept received
[2023-01-09 12:04:10.203] [nas] [info] PDU Session establishment is successful PSI[2]
[2023-01-09 12:04:10.576] [app] [info] Connection setup for PDU session[2] is successful, TUN interface[uesimtun98, 10.60.0.190] is up.
[2023-01-09 12:04:28.248] [nas] [debug] De-registration required due to [NORMAL]
[2023-01-09 12:04:28.259] [nas] [debug] Starting de-registration procedure due to [NORMAL]
[2023-01-09 12:04:28.259] [nas] [debug] Performing local release of PDU session[1]
[2023-01-09 12:04:28.259] [nas] [debug] Performing local release of PDU session[2]
[2023-01-09 12:04:28.259] [nas] [info] UE switches to state [MM-DEREGISTER-INITIATED]
[2023-01-09 12:04:28.319] [nas] [debug] De-registration accept received
[2023-01-09 12:04:28.319] [nas] [info] UE switches to state [MM-DEREGISTERED/PS]
[2023-01-09 12:04:28.319] [nas] [info] De-registration is successful
[2023-01-09 12:04:28.319] [nas] [info] UE switches to state [MM-DEREGISTERED/NORMAL-SERVICE]
[2023-01-09 12:04:28.319] [nas] [debug] Initial registration required due to [MM-DEREG-NORMAL-SERVICE]
[2023-01-09 12:04:28.319] [nas] [debug] Sending Initial Registration
[2023-01-09 12:04:28.319] [nas] [debug] Deleting NAS security context
[2023-01-09 12:04:28.319] [nas] [info] UE switches to state [MM-REGISTER-INITIATED]
[2023-01-09 12:04:28.322] [rrc] [debug] RRC Release received
[2023-01-09 12:04:28.322] [nas] [info] UE switches to state [CM-IDLE]
[2023-01-09 12:04:28.322] [nas] [info] UE switches to state [MM-DEREGISTERED/PS]
[2023-01-09 12:04:28.322] [nas] [info] UE switches to state [5U2-NOT-UPDATED]
[2023-01-09 12:04:28.322] [nas] [info] UE switches to state [MM-DEREGISTERED/ATTEMPTING-REGISTRATION]
[2023-01-09 12:04:39.065] [nas] [debug] NAS timer[3511] expired [1]
[2023-01-09 12:04:39.065] [nas] [debug] Initial registration required due to [T3511-EXPIRY-IN-ATT-REG]
[2023-01-09 12:04:39.067] [nas] [debug] UAC access attempt is allowed for identity[0], category[MO_sig]
[2023-01-09 12:04:39.067] [nas] [debug] Sending Initial Registration
[2023-01-09 12:04:39.067] [nas] [info] UE switches to state [MM-REGISTER-INITIATED]
[2023-01-09 12:04:39.067] [rrc] [debug] Sending RRC Setup Request
[2023-01-09 12:04:39.069] [rrc] [info] RRC connection established
[2023-01-09 12:04:39.069] [rrc] [info] UE switches to state [RRC-CONNECTED]
[2023-01-09 12:04:39.069] [nas] [info] UE switches to state [CM-CONNECTED]
[2023-01-09 12:04:39.395] [nas] [debug] Authentication Request received
[2023-01-09 12:04:39.487] [nas] [debug] Security Mode Command received
[2023-01-09 12:04:39.487] [nas] [debug] Selected integrity[2] ciphering[0]
[2023-01-09 12:04:39.554] [nas] [debug] Registration accept received
[2023-01-09 12:04:39.554] [nas] [info] UE switches to state [MM-REGISTERED/NORMAL-SERVICE]
[2023-01-09 12:04:39.554] [nas] [info] UE switches to state [5U1-UPDATED]
[2023-01-09 12:04:39.554] [nas] [debug] Sending Registration Complete
[2023-01-09 12:04:39.554] [nas] [info] Initial Registration is successful
[2023-01-09 12:04:39.554] [nas] [debug] Sending PDU Session Establishment Request
[2023-01-09 12:04:39.556] [nas] [debug] UAC access attempt is allowed for identity[0], category[MO_sig]
[2023-01-09 12:04:39.604] [nas] [debug] PDU Session Establishment Accept received
[2023-01-09 12:04:39.604] [nas] [info] PDU Session establishment is successful PSI[1]
[2023-01-09 12:04:39.769] [app] [info] Connection setup for PDU session[1] is successful, TUN interface[uesimtun82, 10.60.1.53] is up.
[2023-01-09 12:05:02.320] [nas] [debug] Sending PDU Session Release Request for PSI[1]
[2023-01-09 12:05:02.412] [nas] [error] PDU Session Release Reject received [REQUEST_REJECTED_UNSPECIFIED]
[2023-01-09 12:05:02.412] [nas] [error] PS release reject received without being requested
[2023-01-09 12:05:02.412] [nas] [warning] Sending SM Cause[MESSAGE_TYPE_NOT_COMPATIBLE_WITH_THE_PROTOCOL_STATE] for PSI[1]
[2023-01-09 12:05:13.358] [nas] [debug] Sending PDU Session Establishment Request
[2023-01-09 12:05:13.459] [nas] [error] No response from RRC from UAC checks, considering access attempt is barred
[2023-01-09 12:05:30.119] [nas] [warning] Retransmitting PDU Session Establishment Request due to T3580 expiry
[2023-01-09 12:05:30.120] [nas] [debug] UAC access attempt is allowed for identity[0], category[MO_sig]
[2023-01-09 12:05:30.226] [nas] [debug] PDU Session Establishment Accept received
[2023-01-09 12:05:30.226] [nas] [info] PDU Session establishment is successful PSI[2]
[2023-01-09 12:05:30.484] [app] [info] Connection setup for PDU session[2] is successful, TUN interface[uesimtun13, 10.60.1.209] is up.
[2023-01-09 12:05:39.546] [nas] [debug] Sending PDU Session Release Request for PSI[1]
[2023-01-09 12:05:39.546] [nas] [debug] Sending PDU Session Release Request for PSI[2]
[2023-01-09 12:05:39.701] [nas] [error] PDU Session Release Reject received [REQUEST_REJECTED_UNSPECIFIED]
[2023-01-09 12:05:39.701] [nas] [error] PS release reject received without being requested
[2023-01-09 12:05:39.701] [nas] [warning] Sending SM Cause[MESSAGE_TYPE_NOT_COMPATIBLE_WITH_THE_PROTOCOL_STATE] for PSI[1]
[2023-01-09 12:05:39.706] [nas] [error] PDU Session Release Reject received [REQUEST_REJECTED_UNSPECIFIED]
[2023-01-09 12:05:39.706] [nas] [error] PS release reject received without being requested
[2023-01-09 12:05:39.706] [nas] [warning] Sending SM Cause[MESSAGE_TYPE_NOT_COMPATIBLE_WITH_THE_PROTOCOL_STATE] for PSI[2]
[2023-01-09 12:05:50.667] [nas] [debug] Sending PDU Session Release Request for PSI[2]
[2023-01-09 12:05:50.795] [nas] [error] PDU Session Release Reject received [REQUEST_REJECTED_UNSPECIFIED]
[2023-01-09 12:05:50.795] [nas] [error] PS release reject received without being requested
[2023-01-09 12:05:50.795] [nas] [warning] Sending SM Cause[MESSAGE_TYPE_NOT_COMPATIBLE_WITH_THE_PROTOCOL_STATE] for PSI[2]
[2023-01-09 12:06:04.710] [nas] [debug] Sending PDU Session Establishment Request
[2023-01-09 12:06:04.811] [nas] [error] No response from RRC from UAC checks, considering access attempt is barred
[2023-01-09 12:06:21.175] [nas] [warning] Retransmitting PDU Session Establishment Request due to T3580 expiry
[2023-01-09 12:06:21.176] [nas] [debug] UAC access attempt is allowed for identity[0], category[MO_sig]
[2023-01-09 12:06:21.402] [nas] [debug] PDU Session Establishment Accept received
[2023-01-09 12:06:21.402] [nas] [info] PDU Session establishment is successful PSI[3]
[2023-01-09 12:06:21.462] [app] [info] Connection setup for PDU session[3] is successful, TUN interface[uesimtun6, 10.60.2.82] is up.
[2023-01-09 12:06:37.872] [nas] [debug] Sending PDU Session Establishment Request
[2023-01-09 12:06:37.973] [nas] [error] No response from RRC from UAC checks, considering access attempt is barred
[2023-01-09 12:06:54.213] [nas] [warning] Retransmitting PDU Session Establishment Request due to T3580 expiry
[2023-01-09 12:06:54.213] [nas] [debug] UAC access attempt is allowed for identity[0], category[MO_sig]
[2023-01-09 12:06:54.420] [nas] [debug] PDU Session Establishment Accept received
[2023-01-09 12:06:54.420] [nas] [info] PDU Session establishment is successful PSI[4]
[2023-01-09 12:06:54.495] [app] [info] Connection setup for PDU session[4] is successful, TUN interface[uesimtun30, 10.60.2.176] is up.
[2023-01-09 12:07:10.061] [nas] [debug] Sending PDU Session Release Request for PSI[4]
[2023-01-09 12:07:10.077] [nas] [error] PDU Session Release Reject received [REQUEST_REJECTED_UNSPECIFIED]
[2023-01-09 12:07:10.077] [nas] [error] PS release reject received without being requested
[2023-01-09 12:07:10.078] [nas] [warning] Sending SM Cause[MESSAGE_TYPE_NOT_COMPATIBLE_WITH_THE_PROTOCOL_STATE] for PSI[4]
[2023-01-09 12:07:16.095] [nas] [debug] De-registration required due to [NORMAL]
[2023-01-09 12:07:16.105] [nas] [debug] Starting de-registration procedure due to [NORMAL]
[2023-01-09 12:07:16.105] [nas] [debug] Performing local release of PDU session[1]
[2023-01-09 12:07:16.105] [nas] [debug] Performing local release of PDU session[2]
[2023-01-09 12:07:16.105] [nas] [debug] Performing local release of PDU session[3]
[2023-01-09 12:07:16.105] [nas] [debug] Performing local release of PDU session[4]
[2023-01-09 12:07:16.105] [nas] [info] UE switches to state [MM-DEREGISTER-INITIATED]
[2023-01-09 12:07:16.119] [nas] [debug] De-registration accept received
[2023-01-09 12:07:16.119] [nas] [info] UE switches to state [MM-DEREGISTERED/PS]
[2023-01-09 12:07:16.119] [nas] [info] De-registration is successful
[2023-01-09 12:07:16.119] [nas] [info] UE switches to state [MM-DEREGISTERED/NORMAL-SERVICE]
[2023-01-09 12:07:16.119] [nas] [debug] Initial registration required due to [MM-DEREG-NORMAL-SERVICE]
[2023-01-09 12:07:16.119] [nas] [debug] Sending Initial Registration
[2023-01-09 12:07:16.119] [nas] [debug] Deleting NAS security context
[2023-01-09 12:07:16.119] [nas] [info] UE switches to state [MM-REGISTER-INITIATED]
[2023-01-09 12:07:16.120] [rrc] [debug] RRC Release received
[2023-01-09 12:07:16.120] [nas] [info] UE switches to state [CM-IDLE]
[2023-01-09 12:07:16.120] [nas] [info] UE switches to state [MM-DEREGISTERED/PS]
[2023-01-09 12:07:16.120] [nas] [info] UE switches to state [5U2-NOT-UPDATED]
[2023-01-09 12:07:16.120] [nas] [info] UE switches to state [MM-DEREGISTERED/ATTEMPTING-REGISTRATION]
[2023-01-09 12:07:26.252] [nas] [debug] NAS timer[3511] expired [1]
[2023-01-09 12:07:26.252] [nas] [debug] Initial registration required due to [T3511-EXPIRY-IN-ATT-REG]
[2023-01-09 12:07:26.252] [nas] [debug] UAC access attempt is allowed for identity[0], category[MO_sig]
[2023-01-09 12:07:26.252] [nas] [debug] Sending Initial Registration
[2023-01-09 12:07:26.252] [nas] [info] UE switches to state [MM-REGISTER-INITIATED]
[2023-01-09 12:07:26.252] [rrc] [debug] Sending RRC Setup Request
[2023-01-09 12:07:26.253] [rrc] [info] RRC connection established
[2023-01-09 12:07:26.253] [rrc] [info] UE switches to state [RRC-CONNECTED]
[2023-01-09 12:07:26.253] [nas] [info] UE switches to state [CM-CONNECTED]
[2023-01-09 12:07:26.321] [nas] [debug] Authentication Request received
[2023-01-09 12:07:26.526] [nas] [debug] Security Mode Command received
[2023-01-09 12:07:26.526] [nas] [debug] Selected integrity[2] ciphering[0]
[2023-01-09 12:07:26.586] [nas] [debug] Registration accept received
[2023-01-09 12:07:26.586] [nas] [info] UE switches to state [MM-REGISTERED/NORMAL-SERVICE]
[2023-01-09 12:07:26.586] [nas] [info] UE switches to state [5U1-UPDATED]
[2023-01-09 12:07:26.586] [nas] [debug] Sending Registration Complete
[2023-01-09 12:07:26.586] [nas] [info] Initial Registration is successful
[2023-01-09 12:07:26.586] [nas] [debug] Sending PDU Session Establishment Request
[2023-01-09 12:07:26.593] [nas] [debug] UAC access attempt is allowed for identity[0], category[MO_sig]
[2023-01-09 12:07:26.818] [nas] [debug] PDU Session Establishment Accept received
[2023-01-09 12:07:26.818] [nas] [info] PDU Session establishment is successful PSI[1]
[2023-01-09 12:07:26.871] [app] [info] Connection setup for PDU session[1] is successful, TUN interface[uesimtun61, 10.60.3.7] is up.
[2023-01-09 12:07:44.141] [nas] [debug] Sending PDU Session Release Request for PSI[1]
[2023-01-09 12:07:44.162] [nas] [error] PDU Session Release Reject received [REQUEST_REJECTED_UNSPECIFIED]
[2023-01-09 12:07:44.162] [nas] [error] PS release reject received without being requested
[2023-01-09 12:07:44.162] [nas] [warning] Sending SM Cause[MESSAGE_TYPE_NOT_COMPATIBLE_WITH_THE_PROTOCOL_STATE] for PSI[1]
[2023-01-09 12:07:50.209] [nas] [debug] Sending PDU Session Establishment Request
[2023-01-09 12:07:50.310] [nas] [error] No response from RRC from UAC checks, considering access attempt is barred
[2023-01-09 12:08:06.342] [nas] [warning] Retransmitting PDU Session Establishment Request due to T3580 expiry
[2023-01-09 12:08:06.348] [nas] [debug] UAC access attempt is allowed for identity[0], category[MO_sig]
[2023-01-09 12:08:07.363] [nas] [debug] PDU Session Establishment Accept received
[2023-01-09 12:08:07.363] [nas] [info] PDU Session establishment is successful PSI[2]
[2023-01-09 12:08:07.566] [app] [info] Connection setup for PDU session[2] is successful, TUN interface[uesimtun17, 10.60.3.105] is up.
[2023-01-09 12:08:24.378] [nas] [debug] Sending PDU Session Establishment Request
[2023-01-09 12:08:24.479] [nas] [error] No response from RRC from UAC checks, considering access attempt is barred
[2023-01-09 12:08:41.378] [nas] [warning] Retransmitting PDU Session Establishment Request due to T3580 expiry
[2023-01-09 12:08:41.381] [nas] [debug] UAC access attempt is allowed for identity[0], category[MO_sig]
[2023-01-09 12:08:41.526] [nas] [debug] PDU Session Establishment Accept received
[2023-01-09 12:08:41.526] [nas] [info] PDU Session establishment is successful PSI[3]
[2023-01-09 12:08:41.577] [app] [info] Connection setup for PDU session[3] is successful, TUN interface[uesimtun29, 10.60.3.197] is up.
[2023-01-09 12:08:53.626] [nas] [debug] Sending PDU Session Release Request for PSI[2]
[2023-01-09 12:08:53.710] [nas] [error] PDU Session Release Reject received [REQUEST_REJECTED_UNSPECIFIED]
[2023-01-09 12:08:53.710] [nas] [error] PS release reject received without being requested
[2023-01-09 12:08:53.710] [nas] [warning] Sending SM Cause[MESSAGE_TYPE_NOT_COMPATIBLE_WITH_THE_PROTOCOL_STATE] for PSI[2]
[2023-01-09 12:09:07.665] [nas] [debug] Sending PDU Session Establishment Request
[2023-01-09 12:09:07.767] [nas] [error] No response from RRC from UAC checks, considering access attempt is barred
[2023-01-09 12:09:24.426] [nas] [warning] Retransmitting PDU Session Establishment Request due to T3580 expiry
[2023-01-09 12:09:24.431] [nas] [debug] UAC access attempt is allowed for identity[0], category[MO_sig]
[2023-01-09 12:09:33.816] [nas] [debug] Sending PDU Session Release Request for PSI[1]
[2023-01-09 12:09:33.816] [nas] [debug] Sending PDU Session Release Request for PSI[2]
[2023-01-09 12:09:33.816] [nas] [debug] Sending PDU Session Release Request for PSI[3]
[2023-01-09 12:09:39.874] [nas] [debug] Sending PDU Session Release Request for PSI[1]
[2023-01-09 12:09:39.874] [nas] [debug] Sending PDU Session Release Request for PSI[2]
[2023-01-09 12:09:39.874] [nas] [debug] Sending PDU Session Release Request for PSI[3]
[2023-01-09 12:09:40.448] [nas] [warning] Retransmitting PDU Session Establishment Request due to T3580 expiry
[2023-01-09 12:09:40.448] [nas] [debug] UAC access attempt is allowed for identity[0], category[MO_sig]
[2023-01-09 12:09:50.459] [nas] [warning] Retransmitting PDU Session Release Request due to T3582 expiry
[2023-01-09 12:09:50.459] [nas] [warning] Retransmitting PDU Session Release Request due to T3582 expiry
[2023-01-09 12:09:50.459] [nas] [warning] Retransmitting PDU Session Release Request due to T3582 expiry
[2023-01-09 12:09:52.915] [nas] [debug] Sending PDU Session Release Request for PSI[1]
[2023-01-09 12:09:52.915] [nas] [debug] Sending PDU Session Release Request for PSI[2]
[2023-01-09 12:09:52.915] [nas] [debug] Sending PDU Session Release Request for PSI[3]
[2023-01-09 12:09:56.467] [nas] [warning] Retransmitting PDU Session Establishment Request due to T3580 expiry
[2023-01-09 12:09:56.468] [nas] [debug] UAC access attempt is allowed for identity[0], category[MO_sig]
[2023-01-09 12:09:56.468] [nas] [warning] Retransmitting PDU Session Release Request due to T3582 expiry
[2023-01-09 12:09:56.468] [nas] [warning] Retransmitting PDU Session Release Request due to T3582 expiry
[2023-01-09 12:09:56.468] [nas] [warning] Retransmitting PDU Session Release Request due to T3582 expiry
[2023-01-09 12:10:01.947] [nas] [debug] De-registration required due to [NORMAL]
[2023-01-09 12:10:01.957] [nas] [debug] Starting de-registration procedure due to [NORMAL]
[2023-01-09 12:10:01.957] [nas] [debug] Performing local release of PDU session[1]
[2023-01-09 12:10:01.957] [nas] [debug] Performing local release of PDU session[2]
[2023-01-09 12:10:01.957] [nas] [debug] Performing local release of PDU session[3]
[2023-01-09 12:10:01.957] [nas] [info] UE switches to state [MM-DEREGISTER-INITIATED]
