UERANSIM v3.2.6
[2023-01-09 12:02:21.911] [nas] [info] UE switches to state [MM-DEREGISTERED/PLMN-SEARCH]
[2023-01-09 12:02:21.913] [rrc] [debug] New signal detected for cell[1], total [1] cells in coverage
[2023-01-09 12:02:21.913] [nas] [info] Selected plmn[208/93]
[2023-01-09 12:02:21.913] [rrc] [info] Selected cell plmn[208/93] tac[1] category[SUITABLE]
[2023-01-09 12:02:21.913] [nas] [info] UE switches to state [MM-DEREGISTERED/PS]
[2023-01-09 12:02:21.913] [nas] [info] UE switches to state [MM-DEREGISTERED/NORMAL-SERVICE]
[2023-01-09 12:02:21.913] [nas] [debug] Initial registration required due to [MM-DEREG-NORMAL-SERVICE]
[2023-01-09 12:02:21.916] [nas] [debug] UAC access attempt is allowed for identity[0], category[MO_sig]
[2023-01-09 12:02:21.916] [nas] [debug] Sending Initial Registration
[2023-01-09 12:02:21.916] [nas] [info] UE switches to state [MM-REGISTER-INITIATED]
[2023-01-09 12:02:21.916] [rrc] [debug] Sending RRC Setup Request
[2023-01-09 12:02:21.916] [rrc] [info] RRC connection established
[2023-01-09 12:02:21.917] [rrc] [info] UE switches to state [RRC-CONNECTED]
[2023-01-09 12:02:21.917] [nas] [info] UE switches to state [CM-CONNECTED]
[2023-01-09 12:02:21.931] [nas] [debug] Authentication Request received
[2023-01-09 12:02:21.945] [nas] [debug] Security Mode Command received
[2023-01-09 12:02:21.945] [nas] [debug] Selected integrity[2] ciphering[0]
[2023-01-09 12:02:21.969] [nas] [debug] Registration accept received
[2023-01-09 12:02:21.969] [nas] [info] UE switches to state [MM-REGISTERED/NORMAL-SERVICE]
[2023-01-09 12:02:21.969] [nas] [debug] Sending Registration Complete
[2023-01-09 12:02:21.969] [nas] [info] Initial Registration is successful
[2023-01-09 12:02:21.969] [nas] [debug] Sending PDU Session Establishment Request
[2023-01-09 12:02:21.969] [nas] [debug] UAC access attempt is allowed for identity[0], category[MO_sig]
[2023-01-09 12:02:22.211] [nas] [debug] PDU Session Establishment Accept received
[2023-01-09 12:02:22.213] [nas] [info] PDU Session establishment is successful PSI[1]
[2023-01-09 12:02:22.245] [app] [info] Connection setup for PDU session[1] is successful, TUN interface[uesimtun10, 10.60.0.11] is up.
[2023-01-09 12:03:52.862] [nas] [debug] Sending PDU Session Establishment Request
[2023-01-09 12:03:52.976] [nas] [error] No response from RRC from UAC checks, considering access attempt is barred
[2023-01-09 12:04:09.024] [nas] [warning] Retransmitting PDU Session Establishment Request due to T3580 expiry
[2023-01-09 12:04:09.027] [nas] [debug] UAC access attempt is allowed for identity[0], category[MO_sig]
[2023-01-09 12:04:09.157] [nas] [debug] PDU Session Establishment Accept received
[2023-01-09 12:04:09.157] [nas] [info] PDU Session establishment is successful PSI[2]
[2023-01-09 12:04:09.539] [app] [info] Connection setup for PDU session[2] is successful, TUN interface[uesimtun62, 10.60.0.175] is up.
[2023-01-09 12:04:27.082] [nas] [debug] Sending PDU Session Release Request for PSI[2]
[2023-01-09 12:04:27.298] [nas] [debug] PDU Session Release Command received
[2023-01-09 12:04:27.298] [nas] [debug] Performing local release of PDU session[2]
[2023-01-09 12:04:42.142] [nas] [debug] Sending PDU Session Establishment Request
[2023-01-09 12:04:42.246] [nas] [error] No response from RRC from UAC checks, considering access attempt is barred
[2023-01-09 12:04:59.094] [nas] [warning] Retransmitting PDU Session Establishment Request due to T3580 expiry
[2023-01-09 12:04:59.096] [nas] [debug] UAC access attempt is allowed for identity[0], category[MO_sig]
[2023-01-09 12:04:59.350] [nas] [debug] PDU Session Establishment Accept received
[2023-01-09 12:04:59.350] [nas] [info] PDU Session establishment is successful PSI[2]
[2023-01-09 12:04:59.690] [app] [info] Connection setup for PDU session[2] is successful, TUN interface[uesimtun11, 10.60.1.112] is up.
[2023-01-09 12:05:08.317] [nas] [debug] Sending PDU Session Release Request for PSI[1]
[2023-01-09 12:05:08.317] [nas] [debug] Sending PDU Session Release Request for PSI[2]
[2023-01-09 12:05:08.381] [nas] [debug] PDU Session Release Command received
[2023-01-09 12:05:08.381] [nas] [debug] Performing local release of PDU session[1]
[2023-01-09 12:05:08.397] [nas] [debug] PDU Session Release Command received
[2023-01-09 12:05:08.397] [nas] [debug] Performing local release of PDU session[2]
[2023-01-09 12:05:09.292] [nas] [debug] Sending PDU Session Establishment Request
[2023-01-09 12:05:09.294] [nas] [debug] UAC access attempt is allowed for identity[0], category[MO_sig]
[2023-01-09 12:05:09.494] [nas] [debug] PDU Session Establishment Accept received
[2023-01-09 12:05:09.494] [nas] [info] PDU Session establishment is successful PSI[1]
[2023-01-09 12:05:09.567] [app] [info] Connection setup for PDU session[1] is successful, TUN interface[uesimtun6, 10.60.1.146] is up.
[2023-01-09 12:05:22.392] [nas] [debug] Sending PDU Session Release Request for PSI[1]
[2023-01-09 12:05:22.552] [nas] [debug] PDU Session Release Command received
[2023-01-09 12:05:22.552] [nas] [debug] Performing local release of PDU session[1]
[2023-01-09 12:05:23.606] [nas] [debug] Sending PDU Session Establishment Request
[2023-01-09 12:05:23.608] [nas] [debug] UAC access attempt is allowed for identity[0], category[MO_sig]
[2023-01-09 12:05:23.690] [nas] [debug] PDU Session Establishment Accept received
[2023-01-09 12:05:23.690] [nas] [info] PDU Session establishment is successful PSI[1]
[2023-01-09 12:05:23.808] [app] [info] Connection setup for PDU session[1] is successful, TUN interface[uesimtun97, 10.60.1.191] is up.
[2023-01-09 12:05:29.425] [nas] [debug] Sending PDU Session Release Request for PSI[1]
[2023-01-09 12:05:29.481] [nas] [debug] PDU Session Release Command received
[2023-01-09 12:05:29.481] [nas] [debug] Performing local release of PDU session[1]
[2023-01-09 12:05:30.212] [nas] [debug] Sending PDU Session Establishment Request
[2023-01-09 12:05:30.213] [nas] [debug] UAC access attempt is allowed for identity[0], category[MO_sig]
[2023-01-09 12:05:30.340] [nas] [debug] PDU Session Establishment Accept received
[2023-01-09 12:05:30.340] [nas] [info] PDU Session establishment is successful PSI[1]
[2023-01-09 12:05:30.535] [app] [info] Connection setup for PDU session[1] is successful, TUN interface[uesimtun90, 10.60.1.212] is up.
[2023-01-09 12:05:35.461] [nas] [debug] Sending PDU Session Release Request for PSI[1]
[2023-01-09 12:05:35.622] [nas] [debug] PDU Session Release Command received
[2023-01-09 12:05:35.622] [nas] [debug] Performing local release of PDU session[1]
[2023-01-09 12:05:35.719] [nas] [debug] Sending PDU Session Establishment Request
[2023-01-09 12:05:35.722] [nas] [debug] UAC access attempt is allowed for identity[0], category[MO_sig]
[2023-01-09 12:05:35.870] [nas] [debug] PDU Session Establishment Accept received
[2023-01-09 12:05:35.870] [nas] [info] PDU Session establishment is successful PSI[1]
[2023-01-09 12:05:35.994] [app] [info] Connection setup for PDU session[1] is successful, TUN interface[uesimtun90, 10.60.1.225] is up.
[2023-01-09 12:05:45.501] [nas] [debug] De-registration required due to [NORMAL]
[2023-01-09 12:05:45.511] [nas] [debug] Starting de-registration procedure due to [NORMAL]
[2023-01-09 12:05:45.511] [nas] [debug] Performing local release of PDU session[1]
[2023-01-09 12:05:45.511] [nas] [info] UE switches to state [MM-DEREGISTER-INITIATED]
[2023-01-09 12:05:45.604] [nas] [debug] De-registration accept received
[2023-01-09 12:05:45.604] [nas] [info] UE switches to state [MM-DEREGISTERED/PS]
[2023-01-09 12:05:45.604] [nas] [info] De-registration is successful
[2023-01-09 12:05:45.604] [nas] [info] UE switches to state [MM-DEREGISTERED/NORMAL-SERVICE]
[2023-01-09 12:05:45.604] [nas] [debug] Initial registration required due to [MM-DEREG-NORMAL-SERVICE]
[2023-01-09 12:05:45.604] [nas] [debug] Sending Initial Registration
[2023-01-09 12:05:45.604] [nas] [debug] Deleting NAS security context
[2023-01-09 12:05:45.604] [nas] [info] UE switches to state [MM-REGISTER-INITIATED]
[2023-01-09 12:05:45.608] [rrc] [debug] RRC Release received
[2023-01-09 12:05:45.608] [nas] [info] UE switches to state [CM-IDLE]
[2023-01-09 12:05:45.608] [nas] [info] UE switches to state [MM-DEREGISTERED/PS]
[2023-01-09 12:05:45.608] [nas] [info] UE switches to state [5U2-NOT-UPDATED]
[2023-01-09 12:05:45.608] [nas] [info] UE switches to state [MM-DEREGISTERED/ATTEMPTING-REGISTRATION]
[2023-01-09 12:05:56.159] [nas] [debug] NAS timer[3511] expired [1]
[2023-01-09 12:05:56.159] [nas] [debug] Initial registration required due to [T3511-EXPIRY-IN-ATT-REG]
[2023-01-09 12:05:56.159] [nas] [debug] UAC access attempt is allowed for identity[0], category[MO_sig]
[2023-01-09 12:05:56.159] [nas] [debug] Sending Initial Registration
[2023-01-09 12:05:56.159] [nas] [info] UE switches to state [MM-REGISTER-INITIATED]
[2023-01-09 12:05:56.159] [rrc] [debug] Sending RRC Setup Request
[2023-01-09 12:05:56.163] [rrc] [info] RRC connection established
[2023-01-09 12:05:56.163] [rrc] [info] UE switches to state [RRC-CONNECTED]
[2023-01-09 12:05:56.163] [nas] [info] UE switches to state [CM-CONNECTED]
[2023-01-09 12:05:56.416] [nas] [debug] Authentication Request received
[2023-01-09 12:05:56.422] [nas] [debug] Security Mode Command received
[2023-01-09 12:05:56.422] [nas] [debug] Selected integrity[2] ciphering[0]
[2023-01-09 12:05:56.453] [nas] [debug] Registration accept received
[2023-01-09 12:05:56.453] [nas] [info] UE switches to state [MM-REGISTERED/NORMAL-SERVICE]
[2023-01-09 12:05:56.453] [nas] [info] UE switches to state [5U1-UPDATED]
[2023-01-09 12:05:56.453] [nas] [debug] Sending Registration Complete
[2023-01-09 12:05:56.453] [nas] [info] Initial Registration is successful
[2023-01-09 12:05:56.453] [nas] [debug] Sending PDU Session Establishment Request
[2023-01-09 12:05:56.453] [nas] [debug] UAC access attempt is allowed for identity[0], category[MO_sig]
[2023-01-09 12:05:56.692] [nas] [debug] PDU Session Establishment Accept received
[2023-01-09 12:05:56.692] [nas] [info] PDU Session establishment is successful PSI[1]
[2023-01-09 12:05:56.779] [app] [info] Connection setup for PDU session[1] is successful, TUN interface[uesimtun47, 10.60.2.22] is up.
[2023-01-09 12:06:10.585] [nas] [debug] Sending PDU Session Release Request for PSI[1]
[2023-01-09 12:06:10.805] [nas] [error] PDU Session Release Reject received [REQUEST_REJECTED_UNSPECIFIED]
[2023-01-09 12:06:10.805] [nas] [error] PS release reject received without being requested
[2023-01-09 12:06:10.805] [nas] [warning] Sending SM Cause[MESSAGE_TYPE_NOT_COMPATIBLE_WITH_THE_PROTOCOL_STATE] for PSI[1]
[2023-01-09 12:06:18.627] [nas] [debug] De-registration required due to [NORMAL]
[2023-01-09 12:06:18.636] [nas] [debug] Starting de-registration procedure due to [NORMAL]
[2023-01-09 12:06:18.636] [nas] [debug] Performing local release of PDU session[1]
[2023-01-09 12:06:18.636] [nas] [info] UE switches to state [MM-DEREGISTER-INITIATED]
[2023-01-09 12:06:18.646] [nas] [debug] De-registration accept received
[2023-01-09 12:06:18.646] [nas] [info] UE switches to state [MM-DEREGISTERED/PS]
[2023-01-09 12:06:18.646] [nas] [info] De-registration is successful
[2023-01-09 12:06:18.646] [nas] [info] UE switches to state [MM-DEREGISTERED/NORMAL-SERVICE]
[2023-01-09 12:06:18.646] [nas] [debug] Initial registration required due to [MM-DEREG-NORMAL-SERVICE]
[2023-01-09 12:06:18.646] [nas] [debug] Sending Initial Registration
[2023-01-09 12:06:18.646] [nas] [debug] Deleting NAS security context
[2023-01-09 12:06:18.646] [nas] [info] UE switches to state [MM-REGISTER-INITIATED]
[2023-01-09 12:06:18.648] [rrc] [debug] RRC Release received
[2023-01-09 12:06:18.648] [nas] [info] UE switches to state [CM-IDLE]
[2023-01-09 12:06:18.648] [nas] [info] UE switches to state [MM-DEREGISTERED/PS]
[2023-01-09 12:06:18.648] [nas] [info] UE switches to state [5U2-NOT-UPDATED]
[2023-01-09 12:06:18.648] [nas] [info] UE switches to state [MM-DEREGISTERED/ATTEMPTING-REGISTRATION]
[2023-01-09 12:06:29.199] [nas] [debug] NAS timer[3511] expired [1]
[2023-01-09 12:06:29.199] [nas] [debug] Initial registration required due to [T3511-EXPIRY-IN-ATT-REG]
[2023-01-09 12:06:29.199] [nas] [debug] UAC access attempt is allowed for identity[0], category[MO_sig]
[2023-01-09 12:06:29.199] [nas] [debug] Sending Initial Registration
[2023-01-09 12:06:29.199] [nas] [info] UE switches to state [MM-REGISTER-INITIATED]
[2023-01-09 12:06:29.199] [rrc] [debug] Sending RRC Setup Request
[2023-01-09 12:06:29.201] [rrc] [info] RRC connection established
[2023-01-09 12:06:29.201] [rrc] [info] UE switches to state [RRC-CONNECTED]
[2023-01-09 12:06:29.201] [nas] [info] UE switches to state [CM-CONNECTED]
[2023-01-09 12:06:29.308] [nas] [debug] Authentication Request received
[2023-01-09 12:06:29.351] [nas] [debug] Security Mode Command received
[2023-01-09 12:06:29.351] [nas] [debug] Selected integrity[2] ciphering[0]
[2023-01-09 12:06:29.399] [nas] [debug] Registration accept received
[2023-01-09 12:06:29.399] [nas] [info] UE switches to state [MM-REGISTERED/NORMAL-SERVICE]
[2023-01-09 12:06:29.399] [nas] [info] UE switches to state [5U1-UPDATED]
[2023-01-09 12:06:29.399] [nas] [debug] Sending Registration Complete
[2023-01-09 12:06:29.399] [nas] [info] Initial Registration is successful
[2023-01-09 12:06:29.399] [nas] [debug] Sending PDU Session Establishment Request
[2023-01-09 12:06:29.399] [nas] [debug] UAC access attempt is allowed for identity[0], category[MO_sig]
[2023-01-09 12:06:29.462] [nas] [debug] PDU Session Establishment Accept received
[2023-01-09 12:06:29.462] [nas] [info] PDU Session establishment is successful PSI[1]
[2023-01-09 12:06:29.607] [app] [info] Connection setup for PDU session[1] is successful, TUN interface[uesimtun138, 10.60.2.115] is up.
[2023-01-09 12:06:51.688] [nas] [debug] Sending PDU Session Release Request for PSI[1]
[2023-01-09 12:06:51.903] [nas] [error] PDU Session Release Reject received [REQUEST_REJECTED_UNSPECIFIED]
[2023-01-09 12:06:51.903] [nas] [error] PS release reject received without being requested
[2023-01-09 12:06:51.903] [nas] [warning] Sending SM Cause[MESSAGE_TYPE_NOT_COMPATIBLE_WITH_THE_PROTOCOL_STATE] for PSI[1]
[2023-01-09 12:07:00.751] [nas] [debug] Sending PDU Session Release Request for PSI[1]
[2023-01-09 12:07:00.766] [nas] [error] PDU Session Release Reject received [REQUEST_REJECTED_UNSPECIFIED]
[2023-01-09 12:07:00.766] [nas] [error] PS release reject received without being requested
[2023-01-09 12:07:00.766] [nas] [warning] Sending SM Cause[MESSAGE_TYPE_NOT_COMPATIBLE_WITH_THE_PROTOCOL_STATE] for PSI[1]
[2023-01-09 12:07:12.815] [nas] [debug] Sending PDU Session Release Request for PSI[1]
[2023-01-09 12:07:12.899] [nas] [error] PDU Session Release Reject received [REQUEST_REJECTED_UNSPECIFIED]
[2023-01-09 12:07:12.899] [nas] [error] PS release reject received without being requested
[2023-01-09 12:07:12.899] [nas] [warning] Sending SM Cause[MESSAGE_TYPE_NOT_COMPATIBLE_WITH_THE_PROTOCOL_STATE] for PSI[1]
[2023-01-09 12:07:23.847] [nas] [debug] Sending PDU Session Release Request for PSI[1]
[2023-01-09 12:07:23.987] [nas] [error] PDU Session Release Reject received [REQUEST_REJECTED_UNSPECIFIED]
[2023-01-09 12:07:23.987] [nas] [error] PS release reject received without being requested
[2023-01-09 12:07:23.987] [nas] [warning] Sending SM Cause[MESSAGE_TYPE_NOT_COMPATIBLE_WITH_THE_PROTOCOL_STATE] for PSI[1]
[2023-01-09 12:07:31.011] [nas] [debug] Sending PDU Session Release Request for PSI[1]
[2023-01-09 12:07:31.084] [nas] [error] PDU Session Release Reject received [REQUEST_REJECTED_UNSPECIFIED]
[2023-01-09 12:07:31.084] [nas] [error] PS release reject received without being requested
[2023-01-09 12:07:31.084] [nas] [warning] Sending SM Cause[MESSAGE_TYPE_NOT_COMPATIBLE_WITH_THE_PROTOCOL_STATE] for PSI[1]
[2023-01-09 12:07:42.108] [nas] [warning] PDU session release procedure could not start: PS[2] is not active already
[2023-01-09 12:07:55.144] [nas] [debug] Sending PDU Session Release Request for PSI[1]
[2023-01-09 12:07:55.159] [nas] [error] PDU Session Release Reject received [REQUEST_REJECTED_UNSPECIFIED]
[2023-01-09 12:07:55.159] [nas] [error] PS release reject received without being requested
[2023-01-09 12:07:55.159] [nas] [warning] Sending SM Cause[MESSAGE_TYPE_NOT_COMPATIBLE_WITH_THE_PROTOCOL_STATE] for PSI[1]
[2023-01-09 12:08:06.178] [nas] [debug] De-registration required due to [NORMAL]
[2023-01-09 12:08:06.187] [nas] [debug] Starting de-registration procedure due to [NORMAL]
[2023-01-09 12:08:06.187] [nas] [debug] Performing local release of PDU session[1]
[2023-01-09 12:08:06.187] [nas] [info] UE switches to state [MM-DEREGISTER-INITIATED]
[2023-01-09 12:08:07.310] [nas] [debug] De-registration accept received
[2023-01-09 12:08:07.310] [nas] [info] UE switches to state [MM-DEREGISTERED/PS]
[2023-01-09 12:08:07.310] [nas] [info] De-registration is successful
[2023-01-09 12:08:07.310] [nas] [info] UE switches to state [MM-DEREGISTERED/NORMAL-SERVICE]
[2023-01-09 12:08:07.310] [nas] [debug] Initial registration required due to [MM-DEREG-NORMAL-SERVICE]
[2023-01-09 12:08:07.310] [nas] [debug] Sending Initial Registration
[2023-01-09 12:08:07.310] [nas] [debug] Deleting NAS security context
[2023-01-09 12:08:07.310] [nas] [info] UE switches to state [MM-REGISTER-INITIATED]
[2023-01-09 12:08:07.313] [rrc] [debug] RRC Release received
[2023-01-09 12:08:07.314] [nas] [info] UE switches to state [CM-IDLE]
[2023-01-09 12:08:07.314] [nas] [info] UE switches to state [MM-DEREGISTERED/PS]
[2023-01-09 12:08:07.314] [nas] [info] UE switches to state [5U2-NOT-UPDATED]
[2023-01-09 12:08:07.314] [nas] [info] UE switches to state [MM-DEREGISTERED/ATTEMPTING-REGISTRATION]
[2023-01-09 12:08:17.338] [nas] [debug] NAS timer[3511] expired [1]
[2023-01-09 12:08:17.338] [nas] [debug] Initial registration required due to [T3511-EXPIRY-IN-ATT-REG]
[2023-01-09 12:08:17.338] [nas] [debug] UAC access attempt is allowed for identity[0], category[MO_sig]
[2023-01-09 12:08:17.338] [nas] [debug] Sending Initial Registration
[2023-01-09 12:08:17.338] [nas] [info] UE switches to state [MM-REGISTER-INITIATED]
[2023-01-09 12:08:17.338] [rrc] [debug] Sending RRC Setup Request
[2023-01-09 12:08:17.338] [rrc] [info] RRC connection established
[2023-01-09 12:08:17.338] [rrc] [info] UE switches to state [RRC-CONNECTED]
[2023-01-09 12:08:17.339] [nas] [info] UE switches to state [CM-CONNECTED]
[2023-01-09 12:08:17.531] [nas] [debug] Authentication Request received
[2023-01-09 12:08:17.549] [nas] [debug] Security Mode Command received
[2023-01-09 12:08:17.550] [nas] [debug] Selected integrity[2] ciphering[0]
[2023-01-09 12:08:17.578] [nas] [debug] Registration accept received
[2023-01-09 12:08:17.578] [nas] [info] UE switches to state [MM-REGISTERED/NORMAL-SERVICE]
[2023-01-09 12:08:17.578] [nas] [info] UE switches to state [5U1-UPDATED]
[2023-01-09 12:08:17.578] [nas] [debug] Sending Registration Complete
[2023-01-09 12:08:17.578] [nas] [info] Initial Registration is successful
[2023-01-09 12:08:17.578] [nas] [debug] Sending PDU Session Establishment Request
[2023-01-09 12:08:17.578] [nas] [debug] UAC access attempt is allowed for identity[0], category[MO_sig]
[2023-01-09 12:08:17.638] [nas] [debug] PDU Session Establishment Accept received
[2023-01-09 12:08:17.638] [nas] [info] PDU Session establishment is successful PSI[1]
[2023-01-09 12:08:17.740] [app] [info] Connection setup for PDU session[1] is successful, TUN interface[uesimtun157, 10.60.3.129] is up.
[2023-01-09 12:08:40.250] [nas] [debug] Sending PDU Session Release Request for PSI[1]
[2023-01-09 12:08:40.323] [nas] [error] PDU Session Release Reject received [REQUEST_REJECTED_UNSPECIFIED]
[2023-01-09 12:08:40.323] [nas] [error] PS release reject received without being requested
[2023-01-09 12:08:40.323] [nas] [warning] Sending SM Cause[MESSAGE_TYPE_NOT_COMPATIBLE_WITH_THE_PROTOCOL_STATE] for PSI[1]
[2023-01-09 12:08:48.289] [nas] [debug] De-registration required due to [NORMAL]
[2023-01-09 12:08:48.302] [nas] [debug] Starting de-registration procedure due to [NORMAL]
[2023-01-09 12:08:48.302] [nas] [debug] Performing local release of PDU session[1]
[2023-01-09 12:08:48.302] [nas] [info] UE switches to state [MM-DEREGISTER-INITIATED]
[2023-01-09 12:08:48.501] [nas] [debug] De-registration accept received
[2023-01-09 12:08:48.501] [nas] [info] UE switches to state [MM-DEREGISTERED/PS]
[2023-01-09 12:08:48.501] [nas] [info] De-registration is successful
[2023-01-09 12:08:48.501] [nas] [info] UE switches to state [MM-DEREGISTERED/NORMAL-SERVICE]
[2023-01-09 12:08:48.501] [nas] [debug] Initial registration required due to [MM-DEREG-NORMAL-SERVICE]
[2023-01-09 12:08:48.501] [nas] [debug] Sending Initial Registration
[2023-01-09 12:08:48.501] [nas] [debug] Deleting NAS security context
[2023-01-09 12:08:48.501] [nas] [info] UE switches to state [MM-REGISTER-INITIATED]
[2023-01-09 12:08:48.501] [rrc] [debug] RRC Release received
[2023-01-09 12:08:48.501] [nas] [info] UE switches to state [CM-IDLE]
[2023-01-09 12:08:48.501] [nas] [info] UE switches to state [MM-DEREGISTERED/PS]
[2023-01-09 12:08:48.501] [nas] [info] UE switches to state [5U2-NOT-UPDATED]
[2023-01-09 12:08:48.501] [nas] [info] UE switches to state [MM-DEREGISTERED/ATTEMPTING-REGISTRATION]
[2023-01-09 12:08:59.385] [nas] [debug] NAS timer[3511] expired [1]
[2023-01-09 12:08:59.385] [nas] [debug] Initial registration required due to [T3511-EXPIRY-IN-ATT-REG]
[2023-01-09 12:08:59.385] [nas] [debug] UAC access attempt is allowed for identity[0], category[MO_sig]
[2023-01-09 12:08:59.385] [nas] [debug] Sending Initial Registration
[2023-01-09 12:08:59.386] [nas] [info] UE switches to state [MM-REGISTER-INITIATED]
[2023-01-09 12:08:59.386] [rrc] [debug] Sending RRC Setup Request
[2023-01-09 12:08:59.386] [rrc] [info] RRC connection established
[2023-01-09 12:08:59.386] [rrc] [info] UE switches to state [RRC-CONNECTED]
[2023-01-09 12:08:59.386] [nas] [info] UE switches to state [CM-CONNECTED]
[2023-01-09 12:08:59.623] [nas] [debug] Authentication Request received
[2023-01-09 12:08:59.637] [nas] [debug] Security Mode Command received
[2023-01-09 12:08:59.637] [nas] [debug] Selected integrity[2] ciphering[0]
[2023-01-09 12:08:59.866] [nas] [debug] Registration accept received
[2023-01-09 12:08:59.866] [nas] [info] UE switches to state [MM-REGISTERED/NORMAL-SERVICE]
[2023-01-09 12:08:59.866] [nas] [info] UE switches to state [5U1-UPDATED]
[2023-01-09 12:08:59.866] [nas] [debug] Sending Registration Complete
[2023-01-09 12:08:59.866] [nas] [info] Initial Registration is successful
[2023-01-09 12:08:59.866] [nas] [debug] Sending PDU Session Establishment Request
[2023-01-09 12:08:59.866] [nas] [debug] UAC access attempt is allowed for identity[0], category[MO_sig]
[2023-01-09 12:09:00.106] [nas] [debug] PDU Session Establishment Accept received
[2023-01-09 12:09:00.106] [nas] [info] PDU Session establishment is successful PSI[1]
[2023-01-09 12:09:00.204] [app] [info] Connection setup for PDU session[1] is successful, TUN interface[uesimtun147, 10.60.3.240] is up.
[2023-01-09 12:09:22.352] [nas] [debug] Sending PDU Session Establishment Request
[2023-01-09 12:09:22.453] [nas] [error] No response from RRC from UAC checks, considering access attempt is barred
[2023-01-09 12:09:38.483] [nas] [warning] Retransmitting PDU Session Establishment Request due to T3580 expiry
[2023-01-09 12:09:38.483] [nas] [debug] UAC access attempt is allowed for identity[0], category[MO_sig]
[2023-01-09 12:09:54.499] [nas] [warning] Retransmitting PDU Session Establishment Request due to T3580 expiry
[2023-01-09 12:09:54.499] [nas] [debug] UAC access attempt is allowed for identity[0], category[MO_sig]
[2023-01-09 12:09:56.517] [nas] [debug] Sending PDU Session Release Request for PSI[1]
