UERANSIM v3.2.6
[2023-01-09 12:02:33.933] [nas] [info] UE switches to state [MM-DEREGISTERED/PLMN-SEARCH]
[2023-01-09 12:02:33.935] [rrc] [debug] New signal detected for cell[1], total [1] cells in coverage
[2023-01-09 12:02:33.935] [nas] [info] Selected plmn[208/93]
[2023-01-09 12:02:33.935] [rrc] [info] Selected cell plmn[208/93] tac[1] category[SUITABLE]
[2023-01-09 12:02:33.935] [nas] [info] UE switches to state [MM-DEREGISTERED/PS]
[2023-01-09 12:02:33.935] [nas] [info] UE switches to state [MM-DEREGISTERED/NORMAL-SERVICE]
[2023-01-09 12:02:33.935] [nas] [debug] Initial registration required due to [MM-DEREG-NORMAL-SERVICE]
[2023-01-09 12:02:33.935] [nas] [debug] UAC access attempt is allowed for identity[0], category[MO_sig]
[2023-01-09 12:02:33.935] [nas] [debug] Sending Initial Registration
[2023-01-09 12:02:33.935] [nas] [info] UE switches to state [MM-REGISTER-INITIATED]
[2023-01-09 12:02:33.935] [rrc] [debug] Sending RRC Setup Request
[2023-01-09 12:02:33.936] [rrc] [info] RRC connection established
[2023-01-09 12:02:33.936] [rrc] [info] UE switches to state [RRC-CONNECTED]
[2023-01-09 12:02:33.936] [nas] [info] UE switches to state [CM-CONNECTED]
[2023-01-09 12:02:33.950] [nas] [debug] Authentication Request received
[2023-01-09 12:02:33.958] [nas] [debug] Security Mode Command received
[2023-01-09 12:02:33.958] [nas] [debug] Selected integrity[2] ciphering[0]
[2023-01-09 12:02:33.987] [nas] [debug] Registration accept received
[2023-01-09 12:02:33.987] [nas] [info] UE switches to state [MM-REGISTERED/NORMAL-SERVICE]
[2023-01-09 12:02:33.987] [nas] [debug] Sending Registration Complete
[2023-01-09 12:02:33.987] [nas] [info] Initial Registration is successful
[2023-01-09 12:02:33.987] [nas] [debug] Sending PDU Session Establishment Request
[2023-01-09 12:02:33.989] [nas] [debug] UAC access attempt is allowed for identity[0], category[MO_sig]
[2023-01-09 12:02:34.232] [nas] [debug] PDU Session Establishment Accept received
[2023-01-09 12:02:34.232] [nas] [info] PDU Session establishment is successful PSI[1]
[2023-01-09 12:02:34.264] [app] [info] Connection setup for PDU session[1] is successful, TUN interface[uesimtun21, 10.60.0.22] is up.
[2023-01-09 12:03:52.865] [nas] [debug] Sending PDU Session Release Request for PSI[1]
[2023-01-09 12:03:53.112] [nas] [debug] PDU Session Release Command received
[2023-01-09 12:03:53.112] [nas] [debug] Performing local release of PDU session[1]
[2023-01-09 12:03:53.206] [nas] [debug] Sending PDU Session Establishment Request
[2023-01-09 12:03:53.206] [nas] [debug] UAC access attempt is allowed for identity[0], category[MO_sig]
[2023-01-09 12:03:53.526] [nas] [debug] PDU Session Establishment Accept received
[2023-01-09 12:03:53.526] [nas] [info] PDU Session establishment is successful PSI[1]
[2023-01-09 12:03:53.932] [app] [info] Connection setup for PDU session[1] is successful, TUN interface[uesimtun50, 10.60.0.114] is up.
[2023-01-09 12:04:05.982] [nas] [debug] Sending PDU Session Establishment Request
[2023-01-09 12:04:06.087] [nas] [error] No response from RRC from UAC checks, considering access attempt is barred
[2023-01-09 12:04:22.124] [nas] [warning] Retransmitting PDU Session Establishment Request due to T3580 expiry
[2023-01-09 12:04:22.124] [nas] [debug] UAC access attempt is allowed for identity[0], category[MO_sig]
[2023-01-09 12:04:22.243] [nas] [debug] PDU Session Establishment Accept received
[2023-01-09 12:04:22.244] [nas] [info] PDU Session establishment is successful PSI[2]
[2023-01-09 12:04:22.360] [app] [info] Connection setup for PDU session[2] is successful, TUN interface[uesimtun15, 10.60.0.249] is up.
[2023-01-09 12:04:36.140] [nas] [debug] Sending PDU Session Release Request for PSI[1]
[2023-01-09 12:04:36.140] [nas] [debug] Sending PDU Session Release Request for PSI[2]
[2023-01-09 12:04:36.366] [nas] [error] PDU Session Release Reject received [REQUEST_REJECTED_UNSPECIFIED]
[2023-01-09 12:04:36.366] [nas] [error] PS release reject received without being requested
[2023-01-09 12:04:36.366] [nas] [warning] Sending SM Cause[MESSAGE_TYPE_NOT_COMPATIBLE_WITH_THE_PROTOCOL_STATE] for PSI[1]
[2023-01-09 12:04:36.385] [nas] [error] PDU Session Release Reject received [REQUEST_REJECTED_UNSPECIFIED]
[2023-01-09 12:04:36.385] [nas] [error] PS release reject received without being requested
[2023-01-09 12:04:36.385] [nas] [warning] Sending SM Cause[MESSAGE_TYPE_NOT_COMPATIBLE_WITH_THE_PROTOCOL_STATE] for PSI[2]
[2023-01-09 12:04:45.342] [nas] [debug] Sending PDU Session Release Request for PSI[2]
[2023-01-09 12:04:45.417] [nas] [error] PDU Session Release Reject received [REQUEST_REJECTED_UNSPECIFIED]
[2023-01-09 12:04:45.417] [nas] [error] PS release reject received without being requested
[2023-01-09 12:04:45.417] [nas] [warning] Sending SM Cause[MESSAGE_TYPE_NOT_COMPATIBLE_WITH_THE_PROTOCOL_STATE] for PSI[2]
[2023-01-09 12:04:55.384] [nas] [debug] Sending PDU Session Release Request for PSI[1]
[2023-01-09 12:04:55.384] [nas] [debug] Sending PDU Session Release Request for PSI[2]
[2023-01-09 12:04:55.418] [nas] [error] PDU Session Release Reject received [REQUEST_REJECTED_UNSPECIFIED]
[2023-01-09 12:04:55.418] [nas] [error] PS release reject received without being requested
[2023-01-09 12:04:55.418] [nas] [warning] Sending SM Cause[MESSAGE_TYPE_NOT_COMPATIBLE_WITH_THE_PROTOCOL_STATE] for PSI[1]
[2023-01-09 12:04:55.421] [nas] [error] PDU Session Release Reject received [REQUEST_REJECTED_UNSPECIFIED]
[2023-01-09 12:04:55.421] [nas] [error] PS release reject received without being requested
[2023-01-09 12:04:55.421] [nas] [warning] Sending SM Cause[MESSAGE_TYPE_NOT_COMPATIBLE_WITH_THE_PROTOCOL_STATE] for PSI[2]
[2023-01-09 12:05:01.452] [nas] [debug] Sending PDU Session Establishment Request
[2023-01-09 12:05:01.553] [nas] [error] No response from RRC from UAC checks, considering access attempt is barred
[2023-01-09 12:05:18.194] [nas] [warning] Retransmitting PDU Session Establishment Request due to T3580 expiry
[2023-01-09 12:05:18.198] [nas] [debug] UAC access attempt is allowed for identity[0], category[MO_sig]
[2023-01-09 12:05:18.353] [nas] [debug] PDU Session Establishment Accept received
[2023-01-09 12:05:18.353] [nas] [info] PDU Session establishment is successful PSI[3]
[2023-01-09 12:05:18.461] [app] [info] Connection setup for PDU session[3] is successful, TUN interface[uesimtun111, 10.60.1.169] is up.
[2023-01-09 12:05:27.611] [nas] [debug] De-registration required due to [NORMAL]
[2023-01-09 12:05:27.622] [nas] [debug] Starting de-registration procedure due to [NORMAL]
[2023-01-09 12:05:27.622] [nas] [debug] Performing local release of PDU session[1]
[2023-01-09 12:05:27.622] [nas] [debug] Performing local release of PDU session[2]
[2023-01-09 12:05:27.622] [nas] [debug] Performing local release of PDU session[3]
[2023-01-09 12:05:27.622] [nas] [info] UE switches to state [MM-DEREGISTER-INITIATED]
[2023-01-09 12:05:27.636] [nas] [debug] De-registration accept received
[2023-01-09 12:05:27.636] [nas] [info] UE switches to state [MM-DEREGISTERED/PS]
[2023-01-09 12:05:27.636] [nas] [info] De-registration is successful
[2023-01-09 12:05:27.636] [nas] [info] UE switches to state [MM-DEREGISTERED/NORMAL-SERVICE]
[2023-01-09 12:05:27.636] [nas] [debug] Initial registration required due to [MM-DEREG-NORMAL-SERVICE]
[2023-01-09 12:05:27.636] [nas] [debug] Sending Initial Registration
[2023-01-09 12:05:27.636] [nas] [debug] Deleting NAS security context
[2023-01-09 12:05:27.636] [nas] [info] UE switches to state [MM-REGISTER-INITIATED]
[2023-01-09 12:05:27.643] [rrc] [debug] RRC Release received
[2023-01-09 12:05:27.646] [nas] [info] UE switches to state [CM-IDLE]
[2023-01-09 12:05:27.646] [nas] [info] UE switches to state [MM-DEREGISTERED/PS]
[2023-01-09 12:05:27.646] [nas] [info] UE switches to state [5U2-NOT-UPDATED]
[2023-01-09 12:05:27.646] [nas] [info] UE switches to state [MM-DEREGISTERED/ATTEMPTING-REGISTRATION]
[2023-01-09 12:05:38.218] [nas] [debug] NAS timer[3511] expired [1]
[2023-01-09 12:05:38.218] [nas] [debug] Initial registration required due to [T3511-EXPIRY-IN-ATT-REG]
[2023-01-09 12:05:38.220] [nas] [debug] UAC access attempt is allowed for identity[0], category[MO_sig]
[2023-01-09 12:05:38.220] [nas] [debug] Sending Initial Registration
[2023-01-09 12:05:38.220] [nas] [info] UE switches to state [MM-REGISTER-INITIATED]
[2023-01-09 12:05:38.220] [rrc] [debug] Sending RRC Setup Request
[2023-01-09 12:05:38.220] [rrc] [info] RRC connection established
[2023-01-09 12:05:38.221] [rrc] [info] UE switches to state [RRC-CONNECTED]
[2023-01-09 12:05:38.221] [nas] [info] UE switches to state [CM-CONNECTED]
[2023-01-09 12:05:38.242] [nas] [debug] Authentication Request received
[2023-01-09 12:05:38.250] [nas] [debug] Security Mode Command received
[2023-01-09 12:05:38.250] [nas] [debug] Selected integrity[2] ciphering[0]
[2023-01-09 12:05:38.276] [nas] [debug] Registration accept received
[2023-01-09 12:05:38.276] [nas] [info] UE switches to state [MM-REGISTERED/NORMAL-SERVICE]
[2023-01-09 12:05:38.276] [nas] [info] UE switches to state [5U1-UPDATED]
[2023-01-09 12:05:38.276] [nas] [debug] Sending Registration Complete
[2023-01-09 12:05:38.276] [nas] [info] Initial Registration is successful
[2023-01-09 12:05:38.276] [nas] [debug] Sending PDU Session Establishment Request
[2023-01-09 12:05:38.276] [nas] [debug] UAC access attempt is allowed for identity[0], category[MO_sig]
[2023-01-09 12:05:38.519] [nas] [debug] PDU Session Establishment Accept received
[2023-01-09 12:05:38.519] [nas] [info] PDU Session establishment is successful PSI[1]
[2023-01-09 12:05:38.560] [app] [info] Connection setup for PDU session[1] is successful, TUN interface[uesimtun32, 10.60.1.230] is up.
[2023-01-09 12:05:56.662] [nas] [debug] Sending PDU Session Establishment Request
[2023-01-09 12:05:56.763] [nas] [error] No response from RRC from UAC checks, considering access attempt is barred
[2023-01-09 12:06:13.264] [nas] [warning] Retransmitting PDU Session Establishment Request due to T3580 expiry
[2023-01-09 12:06:13.268] [nas] [debug] UAC access attempt is allowed for identity[0], category[MO_sig]
[2023-01-09 12:06:13.461] [nas] [debug] PDU Session Establishment Accept received
[2023-01-09 12:06:13.467] [nas] [info] PDU Session establishment is successful PSI[2]
[2023-01-09 12:06:13.533] [app] [info] Connection setup for PDU session[2] is successful, TUN interface[uesimtun3, 10.60.2.64] is up.
[2023-01-09 12:06:24.898] [nas] [warning] PDU session release procedure could not start: PS[3] is not active already
[2023-01-09 12:06:38.947] [nas] [debug] Sending PDU Session Release Request for PSI[1]
[2023-01-09 12:06:38.947] [nas] [debug] Sending PDU Session Release Request for PSI[2]
[2023-01-09 12:06:39.132] [nas] [error] PDU Session Release Reject received [REQUEST_REJECTED_UNSPECIFIED]
[2023-01-09 12:06:39.132] [nas] [error] PS release reject received without being requested
[2023-01-09 12:06:39.132] [nas] [warning] Sending SM Cause[MESSAGE_TYPE_NOT_COMPATIBLE_WITH_THE_PROTOCOL_STATE] for PSI[1]
[2023-01-09 12:06:39.139] [nas] [error] PDU Session Release Reject received [REQUEST_REJECTED_UNSPECIFIED]
[2023-01-09 12:06:39.139] [nas] [error] PS release reject received without being requested
[2023-01-09 12:06:39.139] [nas] [warning] Sending SM Cause[MESSAGE_TYPE_NOT_COMPATIBLE_WITH_THE_PROTOCOL_STATE] for PSI[2]
[2023-01-09 12:06:44.981] [nas] [debug] De-registration required due to [NORMAL]
[2023-01-09 12:06:44.991] [nas] [debug] Starting de-registration procedure due to [NORMAL]
[2023-01-09 12:06:44.991] [nas] [debug] Performing local release of PDU session[1]
[2023-01-09 12:06:44.991] [nas] [debug] Performing local release of PDU session[2]
[2023-01-09 12:06:44.991] [nas] [info] UE switches to state [MM-DEREGISTER-INITIATED]
[2023-01-09 12:06:45.127] [nas] [debug] De-registration accept received
[2023-01-09 12:06:45.127] [nas] [info] UE switches to state [MM-DEREGISTERED/PS]
[2023-01-09 12:06:45.127] [nas] [info] De-registration is successful
[2023-01-09 12:06:45.127] [nas] [info] UE switches to state [MM-DEREGISTERED/NORMAL-SERVICE]
[2023-01-09 12:06:45.127] [nas] [debug] Initial registration required due to [MM-DEREG-NORMAL-SERVICE]
[2023-01-09 12:06:45.127] [nas] [debug] Sending Initial Registration
[2023-01-09 12:06:45.127] [nas] [debug] Deleting NAS security context
[2023-01-09 12:06:45.127] [nas] [info] UE switches to state [MM-REGISTER-INITIATED]
[2023-01-09 12:06:45.134] [rrc] [debug] RRC Release received
[2023-01-09 12:06:45.134] [nas] [info] UE switches to state [CM-IDLE]
[2023-01-09 12:06:45.134] [nas] [info] UE switches to state [MM-DEREGISTERED/PS]
[2023-01-09 12:06:45.134] [nas] [info] UE switches to state [5U2-NOT-UPDATED]
[2023-01-09 12:06:45.134] [nas] [info] UE switches to state [MM-DEREGISTERED/ATTEMPTING-REGISTRATION]
[2023-01-09 12:06:55.318] [nas] [debug] NAS timer[3511] expired [1]
[2023-01-09 12:06:55.318] [nas] [debug] Initial registration required due to [T3511-EXPIRY-IN-ATT-REG]
[2023-01-09 12:06:55.318] [nas] [debug] UAC access attempt is allowed for identity[0], category[MO_sig]
[2023-01-09 12:06:55.318] [nas] [debug] Sending Initial Registration
[2023-01-09 12:06:55.318] [nas] [info] UE switches to state [MM-REGISTER-INITIATED]
[2023-01-09 12:06:55.318] [rrc] [debug] Sending RRC Setup Request
[2023-01-09 12:06:55.319] [rrc] [info] RRC connection established
[2023-01-09 12:06:55.319] [rrc] [info] UE switches to state [RRC-CONNECTED]
[2023-01-09 12:06:55.319] [nas] [info] UE switches to state [CM-CONNECTED]
[2023-01-09 12:06:55.528] [nas] [debug] Authentication Request received
[2023-01-09 12:06:55.572] [nas] [debug] Security Mode Command received
[2023-01-09 12:06:55.572] [nas] [debug] Selected integrity[2] ciphering[0]
[2023-01-09 12:06:55.637] [nas] [debug] Registration accept received
[2023-01-09 12:06:55.637] [nas] [info] UE switches to state [MM-REGISTERED/NORMAL-SERVICE]
[2023-01-09 12:06:55.637] [nas] [info] UE switches to state [5U1-UPDATED]
[2023-01-09 12:06:55.637] [nas] [debug] Sending Registration Complete
[2023-01-09 12:06:55.637] [nas] [info] Initial Registration is successful
[2023-01-09 12:06:55.637] [nas] [debug] Sending PDU Session Establishment Request
[2023-01-09 12:06:55.644] [nas] [debug] UAC access attempt is allowed for identity[0], category[MO_sig]
[2023-01-09 12:06:55.744] [nas] [debug] PDU Session Establishment Accept received
[2023-01-09 12:06:55.744] [nas] [info] PDU Session establishment is successful PSI[1]
[2023-01-09 12:06:55.831] [app] [info] Connection setup for PDU session[1] is successful, TUN interface[uesimtun99, 10.60.2.183] is up.
[2023-01-09 12:07:17.101] [nas] [warning] PDU session release procedure could not start: PS[2] is not active already
[2023-01-09 12:07:28.165] [nas] [debug] Sending PDU Session Release Request for PSI[1]
[2023-01-09 12:07:28.184] [nas] [error] PDU Session Release Reject received [REQUEST_REJECTED_UNSPECIFIED]
[2023-01-09 12:07:28.184] [nas] [error] PS release reject received without being requested
[2023-01-09 12:07:28.184] [nas] [warning] Sending SM Cause[MESSAGE_TYPE_NOT_COMPATIBLE_WITH_THE_PROTOCOL_STATE] for PSI[1]
[2023-01-09 12:07:35.204] [nas] [debug] Sending PDU Session Establishment Request
[2023-01-09 12:07:35.305] [nas] [error] No response from RRC from UAC checks, considering access attempt is barred
[2023-01-09 12:07:51.388] [nas] [warning] Retransmitting PDU Session Establishment Request due to T3580 expiry
[2023-01-09 12:07:51.392] [nas] [debug] UAC access attempt is allowed for identity[0], category[MO_sig]
[2023-01-09 12:07:51.583] [nas] [debug] PDU Session Establishment Accept received
[2023-01-09 12:07:51.583] [nas] [info] PDU Session establishment is successful PSI[2]
[2023-01-09 12:07:51.745] [app] [info] Connection setup for PDU session[2] is successful, TUN interface[uesimtun47, 10.60.3.68] is up.
[2023-01-09 12:08:08.413] [nas] [debug] Sending PDU Session Release Request for PSI[1]
[2023-01-09 12:08:08.430] [nas] [error] PDU Session Release Reject received [REQUEST_REJECTED_UNSPECIFIED]
[2023-01-09 12:08:08.430] [nas] [error] PS release reject received without being requested
[2023-01-09 12:08:08.430] [nas] [warning] Sending SM Cause[MESSAGE_TYPE_NOT_COMPATIBLE_WITH_THE_PROTOCOL_STATE] for PSI[1]
[2023-01-09 12:08:16.445] [nas] [debug] Sending PDU Session Release Request for PSI[1]
[2023-01-09 12:08:16.445] [nas] [debug] Sending PDU Session Release Request for PSI[2]
[2023-01-09 12:08:16.466] [nas] [error] PDU Session Release Reject received [REQUEST_REJECTED_UNSPECIFIED]
[2023-01-09 12:08:16.466] [nas] [error] PS release reject received without being requested
[2023-01-09 12:08:16.466] [nas] [warning] Sending SM Cause[MESSAGE_TYPE_NOT_COMPATIBLE_WITH_THE_PROTOCOL_STATE] for PSI[1]
[2023-01-09 12:08:16.476] [nas] [error] PDU Session Release Reject received [REQUEST_REJECTED_UNSPECIFIED]
[2023-01-09 12:08:16.476] [nas] [error] PS release reject received without being requested
[2023-01-09 12:08:16.476] [nas] [warning] Sending SM Cause[MESSAGE_TYPE_NOT_COMPATIBLE_WITH_THE_PROTOCOL_STATE] for PSI[2]
[2023-01-09 12:08:25.516] [nas] [debug] Sending PDU Session Release Request for PSI[1]
[2023-01-09 12:08:25.516] [nas] [debug] Sending PDU Session Release Request for PSI[2]
[2023-01-09 12:08:25.688] [nas] [error] PDU Session Release Reject received [REQUEST_REJECTED_UNSPECIFIED]
[2023-01-09 12:08:25.688] [nas] [error] PS release reject received without being requested
[2023-01-09 12:08:25.688] [nas] [warning] Sending SM Cause[MESSAGE_TYPE_NOT_COMPATIBLE_WITH_THE_PROTOCOL_STATE] for PSI[1]
[2023-01-09 12:08:25.694] [nas] [error] PDU Session Release Reject received [REQUEST_REJECTED_UNSPECIFIED]
[2023-01-09 12:08:25.694] [nas] [error] PS release reject received without being requested
[2023-01-09 12:08:25.694] [nas] [warning] Sending SM Cause[MESSAGE_TYPE_NOT_COMPATIBLE_WITH_THE_PROTOCOL_STATE] for PSI[2]
[2023-01-09 12:08:34.549] [nas] [debug] De-registration required due to [NORMAL]
[2023-01-09 12:08:34.558] [nas] [debug] Starting de-registration procedure due to [NORMAL]
[2023-01-09 12:08:34.558] [nas] [debug] Performing local release of PDU session[1]
[2023-01-09 12:08:34.558] [nas] [debug] Performing local release of PDU session[2]
[2023-01-09 12:08:34.558] [nas] [info] UE switches to state [MM-DEREGISTER-INITIATED]
[2023-01-09 12:08:34.691] [nas] [debug] De-registration accept received
[2023-01-09 12:08:34.691] [nas] [info] UE switches to state [MM-DEREGISTERED/PS]
[2023-01-09 12:08:34.691] [nas] [info] De-registration is successful
[2023-01-09 12:08:34.691] [nas] [info] UE switches to state [MM-DEREGISTERED/NORMAL-SERVICE]
[2023-01-09 12:08:34.691] [nas] [debug] Initial registration required due to [MM-DEREG-NORMAL-SERVICE]
[2023-01-09 12:08:34.691] [nas] [debug] Sending Initial Registration
[2023-01-09 12:08:34.691] [nas] [debug] Deleting NAS security context
[2023-01-09 12:08:34.691] [nas] [info] UE switches to state [MM-REGISTER-INITIATED]
[2023-01-09 12:08:34.693] [rrc] [debug] RRC Release received
[2023-01-09 12:08:34.693] [nas] [info] UE switches to state [CM-IDLE]
[2023-01-09 12:08:34.693] [nas] [info] UE switches to state [MM-DEREGISTERED/PS]
[2023-01-09 12:08:34.693] [nas] [info] UE switches to state [5U2-NOT-UPDATED]
[2023-01-09 12:08:34.693] [nas] [info] UE switches to state [MM-DEREGISTERED/ATTEMPTING-REGISTRATION]
[2023-01-09 12:08:45.498] [nas] [debug] NAS timer[3511] expired [1]
[2023-01-09 12:08:45.498] [nas] [debug] Initial registration required due to [T3511-EXPIRY-IN-ATT-REG]
[2023-01-09 12:08:45.498] [nas] [debug] UAC access attempt is allowed for identity[0], category[MO_sig]
[2023-01-09 12:08:45.498] [nas] [debug] Sending Initial Registration
[2023-01-09 12:08:45.498] [nas] [info] UE switches to state [MM-REGISTER-INITIATED]
[2023-01-09 12:08:45.498] [rrc] [debug] Sending RRC Setup Request
[2023-01-09 12:08:45.498] [rrc] [info] RRC connection established
[2023-01-09 12:08:45.498] [rrc] [info] UE switches to state [RRC-CONNECTED]
[2023-01-09 12:08:45.498] [nas] [info] UE switches to state [CM-CONNECTED]
[2023-01-09 12:08:45.539] [nas] [debug] Authentication Request received
[2023-01-09 12:08:45.544] [nas] [debug] Security Mode Command received
[2023-01-09 12:08:45.544] [nas] [debug] Selected integrity[2] ciphering[0]
[2023-01-09 12:08:45.567] [nas] [debug] Registration accept received
[2023-01-09 12:08:45.567] [nas] [info] UE switches to state [MM-REGISTERED/NORMAL-SERVICE]
[2023-01-09 12:08:45.567] [nas] [info] UE switches to state [5U1-UPDATED]
[2023-01-09 12:08:45.567] [nas] [debug] Sending Registration Complete
[2023-01-09 12:08:45.567] [nas] [info] Initial Registration is successful
[2023-01-09 12:08:45.567] [nas] [debug] Sending PDU Session Establishment Request
[2023-01-09 12:08:45.571] [nas] [debug] UAC access attempt is allowed for identity[0], category[MO_sig]
[2023-01-09 12:08:45.808] [nas] [debug] PDU Session Establishment Accept received
[2023-01-09 12:08:45.808] [nas] [info] PDU Session establishment is successful PSI[1]
[2023-01-09 12:08:45.921] [app] [info] Connection setup for PDU session[1] is successful, TUN interface[uesimtun47, 10.60.3.205] is up.
[2023-01-09 12:08:59.594] [nas] [debug] Sending PDU Session Release Request for PSI[1]
[2023-01-09 12:08:59.630] [nas] [error] PDU Session Release Reject received [REQUEST_REJECTED_UNSPECIFIED]
[2023-01-09 12:08:59.630] [nas] [error] PS release reject received without being requested
[2023-01-09 12:08:59.630] [nas] [warning] Sending SM Cause[MESSAGE_TYPE_NOT_COMPATIBLE_WITH_THE_PROTOCOL_STATE] for PSI[1]
[2023-01-09 12:09:11.691] [nas] [debug] Sending PDU Session Release Request for PSI[1]
[2023-01-09 12:09:16.718] [nas] [debug] Sending PDU Session Release Request for PSI[1]
[2023-01-09 12:09:28.557] [nas] [warning] Retransmitting PDU Session Release Request due to T3582 expiry
[2023-01-09 12:09:28.755] [nas] [debug] Sending PDU Session Establishment Request
[2023-01-09 12:09:28.856] [nas] [error] No response from RRC from UAC checks, considering access attempt is barred
[2023-01-09 12:09:33.562] [nas] [warning] Retransmitting PDU Session Release Request due to T3582 expiry
[2023-01-09 12:09:44.573] [nas] [warning] Retransmitting PDU Session Release Request due to T3582 expiry
[2023-01-09 12:09:45.574] [nas] [warning] Retransmitting PDU Session Establishment Request due to T3580 expiry
[2023-01-09 12:09:45.574] [nas] [debug] UAC access attempt is allowed for identity[0], category[MO_sig]
[2023-01-09 12:09:49.582] [nas] [warning] Retransmitting PDU Session Release Request due to T3582 expiry
[2023-01-09 12:09:59.940] [nas] [warning] PDU session release procedure could not start: PS[2] is not active already
[2023-01-09 12:10:00.593] [nas] [warning] Retransmitting PDU Session Release Request due to T3582 expiry
[2023-01-09 12:10:01.594] [nas] [warning] Retransmitting PDU Session Establishment Request due to T3580 expiry
[2023-01-09 12:10:01.594] [nas] [debug] UAC access attempt is allowed for identity[0], category[MO_sig]
