UERANSIM v3.2.6
[2023-01-09 12:02:14.901] [nas] [info] UE switches to state [MM-DEREGISTERED/PLMN-SEARCH]
[2023-01-09 12:02:14.902] [rrc] [debug] New signal detected for cell[1], total [1] cells in coverage
[2023-01-09 12:02:14.902] [nas] [info] Selected plmn[208/93]
[2023-01-09 12:02:14.902] [rrc] [info] Selected cell plmn[208/93] tac[1] category[SUITABLE]
[2023-01-09 12:02:14.902] [nas] [info] UE switches to state [MM-DEREGISTERED/PS]
[2023-01-09 12:02:14.902] [nas] [info] UE switches to state [MM-DEREGISTERED/NORMAL-SERVICE]
[2023-01-09 12:02:14.902] [nas] [debug] Initial registration required due to [MM-DEREG-NORMAL-SERVICE]
[2023-01-09 12:02:14.902] [nas] [debug] UAC access attempt is allowed for identity[0], category[MO_sig]
[2023-01-09 12:02:14.902] [nas] [debug] Sending Initial Registration
[2023-01-09 12:02:14.902] [nas] [info] UE switches to state [MM-REGISTER-INITIATED]
[2023-01-09 12:02:14.902] [rrc] [debug] Sending RRC Setup Request
[2023-01-09 12:02:14.902] [rrc] [info] RRC connection established
[2023-01-09 12:02:14.902] [rrc] [info] UE switches to state [RRC-CONNECTED]
[2023-01-09 12:02:14.903] [nas] [info] UE switches to state [CM-CONNECTED]
[2023-01-09 12:02:14.922] [nas] [debug] Authentication Request received
[2023-01-09 12:02:14.930] [nas] [debug] Security Mode Command received
[2023-01-09 12:02:14.930] [nas] [debug] Selected integrity[2] ciphering[0]
[2023-01-09 12:02:14.957] [nas] [debug] Registration accept received
[2023-01-09 12:02:14.957] [nas] [info] UE switches to state [MM-REGISTERED/NORMAL-SERVICE]
[2023-01-09 12:02:14.957] [nas] [debug] Sending Registration Complete
[2023-01-09 12:02:14.957] [nas] [info] Initial Registration is successful
[2023-01-09 12:02:14.957] [nas] [debug] Sending PDU Session Establishment Request
[2023-01-09 12:02:14.957] [nas] [debug] UAC access attempt is allowed for identity[0], category[MO_sig]
[2023-01-09 12:02:15.191] [nas] [debug] PDU Session Establishment Accept received
[2023-01-09 12:02:15.191] [nas] [info] PDU Session establishment is successful PSI[1]
[2023-01-09 12:02:15.212] [app] [info] Connection setup for PDU session[1] is successful, TUN interface[uesimtun3, 10.60.0.4] is up.
[2023-01-09 12:03:52.843] [nas] [debug] Sending PDU Session Establishment Request
[2023-01-09 12:03:52.995] [nas] [error] No response from RRC from UAC checks, considering access attempt is barred
[2023-01-09 12:04:09.023] [nas] [warning] Retransmitting PDU Session Establishment Request due to T3580 expiry
[2023-01-09 12:04:09.023] [nas] [debug] UAC access attempt is allowed for identity[0], category[MO_sig]
[2023-01-09 12:04:09.128] [nas] [debug] PDU Session Establishment Accept received
[2023-01-09 12:04:09.128] [nas] [info] PDU Session establishment is successful PSI[2]
[2023-01-09 12:04:09.547] [app] [info] Connection setup for PDU session[2] is successful, TUN interface[uesimtun15, 10.60.0.174] is up.
[2023-01-09 12:04:22.064] [nas] [debug] De-registration required due to [NORMAL]
[2023-01-09 12:04:22.075] [nas] [debug] Starting de-registration procedure due to [NORMAL]
[2023-01-09 12:04:22.075] [nas] [debug] Performing local release of PDU session[1]
[2023-01-09 12:04:22.075] [nas] [debug] Performing local release of PDU session[2]
[2023-01-09 12:04:22.075] [nas] [info] UE switches to state [MM-DEREGISTER-INITIATED]
[2023-01-09 12:04:22.177] [nas] [debug] De-registration accept received
[2023-01-09 12:04:22.177] [nas] [info] UE switches to state [MM-DEREGISTERED/PS]
[2023-01-09 12:04:22.177] [nas] [info] De-registration is successful
[2023-01-09 12:04:22.177] [nas] [info] UE switches to state [MM-DEREGISTERED/NORMAL-SERVICE]
[2023-01-09 12:04:22.177] [nas] [debug] Initial registration required due to [MM-DEREG-NORMAL-SERVICE]
[2023-01-09 12:04:22.177] [nas] [debug] Sending Initial Registration
[2023-01-09 12:04:22.177] [nas] [debug] Deleting NAS security context
[2023-01-09 12:04:22.177] [nas] [info] UE switches to state [MM-REGISTER-INITIATED]
[2023-01-09 12:04:22.178] [rrc] [debug] RRC Release received
[2023-01-09 12:04:22.178] [nas] [info] UE switches to state [CM-IDLE]
[2023-01-09 12:04:22.178] [nas] [info] UE switches to state [MM-DEREGISTERED/PS]
[2023-01-09 12:04:22.178] [nas] [info] UE switches to state [5U2-NOT-UPDATED]
[2023-01-09 12:04:22.178] [nas] [info] UE switches to state [MM-DEREGISTERED/ATTEMPTING-REGISTRATION]
[2023-01-09 12:04:33.048] [nas] [debug] NAS timer[3511] expired [1]
[2023-01-09 12:04:33.048] [nas] [debug] Initial registration required due to [T3511-EXPIRY-IN-ATT-REG]
[2023-01-09 12:04:33.048] [nas] [debug] UAC access attempt is allowed for identity[0], category[MO_sig]
[2023-01-09 12:04:33.048] [nas] [debug] Sending Initial Registration
[2023-01-09 12:04:33.048] [nas] [info] UE switches to state [MM-REGISTER-INITIATED]
[2023-01-09 12:04:33.048] [rrc] [debug] Sending RRC Setup Request
[2023-01-09 12:04:33.049] [rrc] [info] RRC connection established
[2023-01-09 12:04:33.049] [rrc] [info] UE switches to state [RRC-CONNECTED]
[2023-01-09 12:04:33.049] [nas] [info] UE switches to state [CM-CONNECTED]
[2023-01-09 12:04:33.274] [nas] [debug] Authentication Request received
[2023-01-09 12:04:33.306] [nas] [debug] Security Mode Command received
[2023-01-09 12:04:33.306] [nas] [debug] Selected integrity[2] ciphering[0]
[2023-01-09 12:04:33.334] [nas] [debug] Registration accept received
[2023-01-09 12:04:33.334] [nas] [info] UE switches to state [MM-REGISTERED/NORMAL-SERVICE]
[2023-01-09 12:04:33.334] [nas] [info] UE switches to state [5U1-UPDATED]
[2023-01-09 12:04:33.334] [nas] [debug] Sending Registration Complete
[2023-01-09 12:04:33.334] [nas] [info] Initial Registration is successful
[2023-01-09 12:04:33.334] [nas] [debug] Sending PDU Session Establishment Request
[2023-01-09 12:04:33.337] [nas] [debug] UAC access attempt is allowed for identity[0], category[MO_sig]
[2023-01-09 12:04:33.580] [nas] [debug] PDU Session Establishment Accept received
[2023-01-09 12:04:33.580] [nas] [info] PDU Session establishment is successful PSI[1]
[2023-01-09 12:04:33.631] [app] [info] Connection setup for PDU session[1] is successful, TUN interface[uesimtun100, 10.60.1.27] is up.
[2023-01-09 12:04:56.166] [nas] [warning] PDU session release procedure could not start: PS[2] is not active already
[2023-01-09 12:05:10.225] [nas] [debug] Sending PDU Session Release Request for PSI[1]
[2023-01-09 12:05:10.373] [nas] [error] PDU Session Release Reject received [REQUEST_REJECTED_UNSPECIFIED]
[2023-01-09 12:05:10.373] [nas] [error] PS release reject received without being requested
[2023-01-09 12:05:10.373] [nas] [warning] Sending SM Cause[MESSAGE_TYPE_NOT_COMPATIBLE_WITH_THE_PROTOCOL_STATE] for PSI[1]
[2023-01-09 12:05:17.276] [nas] [debug] Sending PDU Session Release Request for PSI[1]
[2023-01-09 12:05:17.356] [nas] [error] PDU Session Release Reject received [REQUEST_REJECTED_UNSPECIFIED]
[2023-01-09 12:05:17.356] [nas] [error] PS release reject received without being requested
[2023-01-09 12:05:17.356] [nas] [warning] Sending SM Cause[MESSAGE_TYPE_NOT_COMPATIBLE_WITH_THE_PROTOCOL_STATE] for PSI[1]
[2023-01-09 12:05:23.481] [nas] [warning] PDU session release procedure could not start: PS[2] is not active already
[2023-01-09 12:05:36.529] [nas] [debug] Sending PDU Session Release Request for PSI[1]
[2023-01-09 12:05:36.633] [nas] [error] PDU Session Release Reject received [REQUEST_REJECTED_UNSPECIFIED]
[2023-01-09 12:05:36.633] [nas] [error] PS release reject received without being requested
[2023-01-09 12:05:36.633] [nas] [warning] Sending SM Cause[MESSAGE_TYPE_NOT_COMPATIBLE_WITH_THE_PROTOCOL_STATE] for PSI[1]
[2023-01-09 12:05:51.587] [nas] [debug] Sending PDU Session Establishment Request
[2023-01-09 12:05:51.688] [nas] [error] No response from RRC from UAC checks, considering access attempt is barred
[2023-01-09 12:06:08.161] [nas] [warning] Retransmitting PDU Session Establishment Request due to T3580 expiry
[2023-01-09 12:06:08.161] [nas] [debug] UAC access attempt is allowed for identity[0], category[MO_sig]
[2023-01-09 12:06:08.198] [nas] [debug] PDU Session Establishment Accept received
[2023-01-09 12:06:08.198] [nas] [info] PDU Session establishment is successful PSI[2]
[2023-01-09 12:06:08.232] [app] [info] Connection setup for PDU session[2] is successful, TUN interface[uesimtun124, 10.60.2.53] is up.
[2023-01-09 12:06:23.744] [nas] [debug] De-registration required due to [NORMAL]
[2023-01-09 12:06:23.756] [nas] [debug] Starting de-registration procedure due to [NORMAL]
[2023-01-09 12:06:23.756] [nas] [debug] Performing local release of PDU session[1]
[2023-01-09 12:06:23.756] [nas] [debug] Performing local release of PDU session[2]
[2023-01-09 12:06:23.756] [nas] [info] UE switches to state [MM-DEREGISTER-INITIATED]
[2023-01-09 12:06:23.966] [nas] [debug] De-registration accept received
[2023-01-09 12:06:23.966] [nas] [info] UE switches to state [MM-DEREGISTERED/PS]
[2023-01-09 12:06:23.966] [nas] [info] De-registration is successful
[2023-01-09 12:06:23.966] [nas] [info] UE switches to state [MM-DEREGISTERED/NORMAL-SERVICE]
[2023-01-09 12:06:23.966] [nas] [debug] Initial registration required due to [MM-DEREG-NORMAL-SERVICE]
[2023-01-09 12:06:23.966] [nas] [debug] Sending Initial Registration
[2023-01-09 12:06:23.966] [nas] [debug] Deleting NAS security context
[2023-01-09 12:06:23.966] [nas] [info] UE switches to state [MM-REGISTER-INITIATED]
[2023-01-09 12:06:23.967] [rrc] [debug] RRC Release received
[2023-01-09 12:06:23.967] [nas] [info] UE switches to state [CM-IDLE]
[2023-01-09 12:06:23.967] [nas] [info] UE switches to state [MM-DEREGISTERED/PS]
[2023-01-09 12:06:23.967] [nas] [info] UE switches to state [5U2-NOT-UPDATED]
[2023-01-09 12:06:23.967] [nas] [info] UE switches to state [MM-DEREGISTERED/ATTEMPTING-REGISTRATION]
[2023-01-09 12:06:34.193] [nas] [debug] NAS timer[3511] expired [1]
[2023-01-09 12:06:34.193] [nas] [debug] Initial registration required due to [T3511-EXPIRY-IN-ATT-REG]
[2023-01-09 12:06:34.199] [nas] [debug] UAC access attempt is allowed for identity[0], category[MO_sig]
[2023-01-09 12:06:34.199] [nas] [debug] Sending Initial Registration
[2023-01-09 12:06:34.199] [rrc] [debug] Sending RRC Setup Request
[2023-01-09 12:06:34.199] [nas] [info] UE switches to state [MM-REGISTER-INITIATED]
[2023-01-09 12:06:34.200] [rrc] [info] RRC connection established
[2023-01-09 12:06:34.200] [rrc] [info] UE switches to state [RRC-CONNECTED]
[2023-01-09 12:06:34.200] [nas] [info] UE switches to state [CM-CONNECTED]
[2023-01-09 12:06:34.463] [nas] [debug] Authentication Request received
[2023-01-09 12:06:34.486] [nas] [debug] Security Mode Command received
[2023-01-09 12:06:34.486] [nas] [debug] Selected integrity[2] ciphering[0]
[2023-01-09 12:06:34.549] [nas] [debug] Registration accept received
[2023-01-09 12:06:34.549] [nas] [info] UE switches to state [MM-REGISTERED/NORMAL-SERVICE]
[2023-01-09 12:06:34.549] [nas] [info] UE switches to state [5U1-UPDATED]
[2023-01-09 12:06:34.549] [nas] [debug] Sending Registration Complete
[2023-01-09 12:06:34.549] [nas] [info] Initial Registration is successful
[2023-01-09 12:06:34.549] [nas] [debug] Sending PDU Session Establishment Request
[2023-01-09 12:06:34.551] [nas] [debug] UAC access attempt is allowed for identity[0], category[MO_sig]
[2023-01-09 12:06:34.592] [nas] [debug] PDU Session Establishment Accept received
[2023-01-09 12:06:34.592] [nas] [info] PDU Session establishment is successful PSI[1]
[2023-01-09 12:06:34.657] [app] [info] Connection setup for PDU session[1] is successful, TUN interface[uesimtun26, 10.60.2.129] is up.
[2023-01-09 12:06:57.830] [nas] [debug] Sending PDU Session Establishment Request
[2023-01-09 12:06:57.932] [nas] [error] No response from RRC from UAC checks, considering access attempt is barred
[2023-01-09 12:07:14.240] [nas] [warning] Retransmitting PDU Session Establishment Request due to T3580 expiry
[2023-01-09 12:07:14.240] [nas] [debug] UAC access attempt is allowed for identity[0], category[MO_sig]
[2023-01-09 12:07:14.480] [nas] [debug] PDU Session Establishment Accept received
[2023-01-09 12:07:14.480] [nas] [info] PDU Session establishment is successful PSI[2]
[2023-01-09 12:07:14.653] [app] [info] Connection setup for PDU session[2] is successful, TUN interface[uesimtun37, 10.60.2.225] is up.
[2023-01-09 12:07:32.002] [nas] [debug] Sending PDU Session Establishment Request
[2023-01-09 12:07:32.103] [nas] [error] No response from RRC from UAC checks, considering access attempt is barred
[2023-01-09 12:07:48.274] [nas] [warning] Retransmitting PDU Session Establishment Request due to T3580 expiry
[2023-01-09 12:07:48.274] [nas] [debug] UAC access attempt is allowed for identity[0], category[MO_sig]
[2023-01-09 12:07:48.309] [nas] [debug] PDU Session Establishment Accept received
[2023-01-09 12:07:48.309] [nas] [info] PDU Session establishment is successful PSI[3]
[2023-01-09 12:07:48.339] [app] [info] Connection setup for PDU session[3] is successful, TUN interface[uesimtun92, 10.60.3.62] is up.
[2023-01-09 12:08:04.167] [nas] [debug] Sending PDU Session Release Request for PSI[1]
[2023-01-09 12:08:04.167] [nas] [debug] Sending PDU Session Release Request for PSI[2]
[2023-01-09 12:08:04.167] [nas] [debug] Sending PDU Session Release Request for PSI[3]
[2023-01-09 12:08:04.184] [nas] [error] PDU Session Release Reject received [REQUEST_REJECTED_UNSPECIFIED]
[2023-01-09 12:08:04.184] [nas] [error] PS release reject received without being requested
[2023-01-09 12:08:04.184] [nas] [warning] Sending SM Cause[MESSAGE_TYPE_NOT_COMPATIBLE_WITH_THE_PROTOCOL_STATE] for PSI[1]
[2023-01-09 12:08:04.189] [nas] [error] PDU Session Release Reject received [REQUEST_REJECTED_UNSPECIFIED]
[2023-01-09 12:08:04.189] [nas] [error] PS release reject received without being requested
[2023-01-09 12:08:04.189] [nas] [warning] Sending SM Cause[MESSAGE_TYPE_NOT_COMPATIBLE_WITH_THE_PROTOCOL_STATE] for PSI[2]
[2023-01-09 12:08:04.198] [nas] [error] PDU Session Release Reject received [REQUEST_REJECTED_UNSPECIFIED]
[2023-01-09 12:08:04.198] [nas] [error] PS release reject received without being requested
[2023-01-09 12:08:04.198] [nas] [warning] Sending SM Cause[MESSAGE_TYPE_NOT_COMPATIBLE_WITH_THE_PROTOCOL_STATE] for PSI[3]
[2023-01-09 12:08:18.208] [nas] [debug] Sending PDU Session Establishment Request
[2023-01-09 12:08:18.309] [nas] [error] No response from RRC from UAC checks, considering access attempt is barred
[2023-01-09 12:08:34.337] [nas] [warning] Retransmitting PDU Session Establishment Request due to T3580 expiry
[2023-01-09 12:08:34.337] [nas] [debug] UAC access attempt is allowed for identity[0], category[MO_sig]
[2023-01-09 12:08:34.379] [nas] [debug] PDU Session Establishment Accept received
[2023-01-09 12:08:34.379] [nas] [info] PDU Session establishment is successful PSI[4]
[2023-01-09 12:08:34.486] [app] [info] Connection setup for PDU session[4] is successful, TUN interface[uesimtun162, 10.60.3.173] is up.
[2023-01-09 12:08:43.448] [nas] [debug] Sending PDU Session Release Request for PSI[1]
[2023-01-09 12:08:43.609] [nas] [error] PDU Session Release Reject received [REQUEST_REJECTED_UNSPECIFIED]
[2023-01-09 12:08:43.609] [nas] [error] PS release reject received without being requested
[2023-01-09 12:08:43.609] [nas] [warning] Sending SM Cause[MESSAGE_TYPE_NOT_COMPATIBLE_WITH_THE_PROTOCOL_STATE] for PSI[1]
[2023-01-09 12:08:51.505] [nas] [debug] Sending PDU Session Release Request for PSI[1]
[2023-01-09 12:08:51.675] [nas] [error] PDU Session Release Reject received [REQUEST_REJECTED_UNSPECIFIED]
[2023-01-09 12:08:51.675] [nas] [error] PS release reject received without being requested
[2023-01-09 12:08:51.675] [nas] [warning] Sending SM Cause[MESSAGE_TYPE_NOT_COMPATIBLE_WITH_THE_PROTOCOL_STATE] for PSI[1]
[2023-01-09 12:09:06.551] [nas] [debug] Sending PDU Session Establishment Request
[2023-01-09 12:09:06.652] [nas] [error] No response from RRC from UAC checks, considering access attempt is barred
[2023-01-09 12:09:23.412] [nas] [warning] Retransmitting PDU Session Establishment Request due to T3580 expiry
[2023-01-09 12:09:23.416] [nas] [debug] UAC access attempt is allowed for identity[0], category[MO_sig]
[2023-01-09 12:09:37.755] [nas] [warning] PDU session release procedure could not start: PS[6] is not active already
[2023-01-09 12:09:39.430] [nas] [warning] Retransmitting PDU Session Establishment Request due to T3580 expiry
[2023-01-09 12:09:39.432] [nas] [debug] UAC access attempt is allowed for identity[0], category[MO_sig]
[2023-01-09 12:09:48.829] [nas] [debug] Sending PDU Session Release Request for PSI[1]
[2023-01-09 12:09:55.446] [nas] [warning] Retransmitting PDU Session Establishment Request due to T3580 expiry
[2023-01-09 12:09:55.448] [nas] [debug] UAC access attempt is allowed for identity[0], category[MO_sig]
