UERANSIM v3.2.6
[2023-01-09 12:03:51.065] [nas] [info] UE switches to state [MM-DEREGISTERED/PLMN-SEARCH]
[2023-01-09 12:03:51.071] [rrc] [debug] New signal detected for cell[1], total [1] cells in coverage
[2023-01-09 12:03:51.072] [nas] [info] Selected plmn[208/93]
[2023-01-09 12:03:51.072] [rrc] [info] Selected cell plmn[208/93] tac[1] category[SUITABLE]
[2023-01-09 12:03:51.072] [nas] [info] UE switches to state [MM-DEREGISTERED/PS]
[2023-01-09 12:03:51.072] [nas] [info] UE switches to state [MM-DEREGISTERED/NORMAL-SERVICE]
[2023-01-09 12:03:51.072] [nas] [debug] Initial registration required due to [MM-DEREG-NORMAL-SERVICE]
[2023-01-09 12:03:51.073] [nas] [debug] UAC access attempt is allowed for identity[0], category[MO_sig]
[2023-01-09 12:03:51.073] [nas] [debug] Sending Initial Registration
[2023-01-09 12:03:51.073] [nas] [info] UE switches to state [MM-REGISTER-INITIATED]
[2023-01-09 12:03:51.073] [rrc] [debug] Sending RRC Setup Request
[2023-01-09 12:03:51.073] [rrc] [info] RRC connection established
[2023-01-09 12:03:51.073] [rrc] [info] UE switches to state [RRC-CONNECTED]
[2023-01-09 12:03:51.073] [nas] [info] UE switches to state [CM-CONNECTED]
[2023-01-09 12:03:51.089] [nas] [debug] Authentication Request received
[2023-01-09 12:03:51.095] [nas] [debug] Security Mode Command received
[2023-01-09 12:03:51.095] [nas] [debug] Selected integrity[2] ciphering[0]
[2023-01-09 12:03:51.120] [nas] [debug] Registration accept received
[2023-01-09 12:03:51.120] [nas] [info] UE switches to state [MM-REGISTERED/NORMAL-SERVICE]
[2023-01-09 12:03:51.120] [nas] [debug] Sending Registration Complete
[2023-01-09 12:03:51.120] [nas] [info] Initial Registration is successful
[2023-01-09 12:03:51.120] [nas] [debug] Sending PDU Session Establishment Request
[2023-01-09 12:03:51.121] [nas] [debug] UAC access attempt is allowed for identity[0], category[MO_sig]
[2023-01-09 12:03:51.354] [nas] [debug] PDU Session Establishment Accept received
[2023-01-09 12:03:51.354] [nas] [info] PDU Session establishment is successful PSI[1]
[2023-01-09 12:03:51.401] [app] [info] Connection setup for PDU session[1] is successful, TUN interface[uesimtun99, 10.60.0.100] is up.
[2023-01-09 12:03:53.517] [nas] [debug] Sending PDU Session Release Request for PSI[1]
[2023-01-09 12:03:53.844] [nas] [debug] PDU Session Release Command received
[2023-01-09 12:03:53.844] [nas] [debug] Performing local release of PDU session[1]
[2023-01-09 12:03:54.368] [nas] [debug] Sending PDU Session Establishment Request
[2023-01-09 12:03:54.369] [nas] [debug] UAC access attempt is allowed for identity[0], category[MO_sig]
[2023-01-09 12:03:54.799] [nas] [debug] PDU Session Establishment Accept received
[2023-01-09 12:03:54.799] [nas] [info] PDU Session establishment is successful PSI[1]
[2023-01-09 12:03:55.087] [app] [info] Connection setup for PDU session[1] is successful, TUN interface[uesimtun42, 10.60.0.130] is up.
[2023-01-09 12:04:06.607] [nas] [debug] Sending PDU Session Release Request for PSI[1]
[2023-01-09 12:04:06.750] [nas] [debug] PDU Session Release Command received
[2023-01-09 12:04:06.750] [nas] [debug] Performing local release of PDU session[1]
[2023-01-09 12:04:07.581] [nas] [debug] Sending PDU Session Establishment Request
[2023-01-09 12:04:07.583] [nas] [debug] UAC access attempt is allowed for identity[0], category[MO_sig]
[2023-01-09 12:04:07.644] [nas] [debug] PDU Session Establishment Accept received
[2023-01-09 12:04:07.644] [nas] [info] PDU Session establishment is successful PSI[1]
[2023-01-09 12:04:07.731] [app] [info] Connection setup for PDU session[1] is successful, TUN interface[uesimtun69, 10.60.0.172] is up.
[2023-01-09 12:04:15.649] [nas] [debug] De-registration required due to [NORMAL]
[2023-01-09 12:04:15.658] [nas] [debug] Starting de-registration procedure due to [NORMAL]
[2023-01-09 12:04:15.658] [nas] [debug] Performing local release of PDU session[1]
[2023-01-09 12:04:15.658] [nas] [info] UE switches to state [MM-DEREGISTER-INITIATED]
[2023-01-09 12:04:15.782] [nas] [debug] De-registration accept received
[2023-01-09 12:04:15.782] [nas] [info] UE switches to state [MM-DEREGISTERED/PS]
[2023-01-09 12:04:15.782] [nas] [info] De-registration is successful
[2023-01-09 12:04:15.782] [nas] [info] UE switches to state [MM-DEREGISTERED/NORMAL-SERVICE]
[2023-01-09 12:04:15.782] [nas] [debug] Initial registration required due to [MM-DEREG-NORMAL-SERVICE]
[2023-01-09 12:04:15.782] [nas] [debug] Sending Initial Registration
[2023-01-09 12:04:15.782] [nas] [debug] Deleting NAS security context
[2023-01-09 12:04:15.782] [nas] [info] UE switches to state [MM-REGISTER-INITIATED]
[2023-01-09 12:04:15.783] [rrc] [debug] RRC Release received
[2023-01-09 12:04:15.783] [nas] [info] UE switches to state [CM-IDLE]
[2023-01-09 12:04:15.783] [nas] [info] UE switches to state [MM-DEREGISTERED/PS]
[2023-01-09 12:04:15.783] [nas] [info] UE switches to state [5U2-NOT-UPDATED]
[2023-01-09 12:04:15.783] [nas] [info] UE switches to state [MM-DEREGISTERED/ATTEMPTING-REGISTRATION]
[2023-01-09 12:04:26.108] [nas] [debug] NAS timer[3511] expired [1]
[2023-01-09 12:04:26.108] [nas] [debug] Initial registration required due to [T3511-EXPIRY-IN-ATT-REG]
[2023-01-09 12:04:26.110] [nas] [debug] UAC access attempt is allowed for identity[0], category[MO_sig]
[2023-01-09 12:04:26.110] [nas] [debug] Sending Initial Registration
[2023-01-09 12:04:26.110] [nas] [info] UE switches to state [MM-REGISTER-INITIATED]
[2023-01-09 12:04:26.110] [rrc] [debug] Sending RRC Setup Request
[2023-01-09 12:04:26.111] [rrc] [info] RRC connection established
[2023-01-09 12:04:26.111] [rrc] [info] UE switches to state [RRC-CONNECTED]
[2023-01-09 12:04:26.111] [nas] [info] UE switches to state [CM-CONNECTED]
[2023-01-09 12:04:26.134] [nas] [debug] Authentication Request received
[2023-01-09 12:04:26.141] [nas] [debug] Security Mode Command received
[2023-01-09 12:04:26.141] [nas] [debug] Selected integrity[2] ciphering[0]
[2023-01-09 12:04:26.167] [nas] [debug] Registration accept received
[2023-01-09 12:04:26.167] [nas] [info] UE switches to state [MM-REGISTERED/NORMAL-SERVICE]
[2023-01-09 12:04:26.167] [nas] [info] UE switches to state [5U1-UPDATED]
[2023-01-09 12:04:26.167] [nas] [debug] Sending Registration Complete
[2023-01-09 12:04:26.167] [nas] [info] Initial Registration is successful
[2023-01-09 12:04:26.167] [nas] [debug] Sending PDU Session Establishment Request
[2023-01-09 12:04:26.170] [nas] [debug] UAC access attempt is allowed for identity[0], category[MO_sig]
[2023-01-09 12:04:26.413] [nas] [debug] PDU Session Establishment Accept received
[2023-01-09 12:04:26.413] [nas] [info] PDU Session establishment is successful PSI[1]
[2023-01-09 12:04:26.517] [app] [info] Connection setup for PDU session[1] is successful, TUN interface[uesimtun59, 10.60.1.5] is up.
[2023-01-09 12:04:46.721] [nas] [debug] Sending PDU Session Establishment Request
[2023-01-09 12:04:46.822] [nas] [error] No response from RRC from UAC checks, considering access attempt is barred
[2023-01-09 12:05:03.165] [nas] [warning] Retransmitting PDU Session Establishment Request due to T3580 expiry
[2023-01-09 12:05:03.165] [nas] [debug] UAC access attempt is allowed for identity[0], category[MO_sig]
[2023-01-09 12:05:03.414] [nas] [debug] PDU Session Establishment Accept received
[2023-01-09 12:05:03.415] [nas] [info] PDU Session establishment is successful PSI[2]
[2023-01-09 12:05:03.545] [app] [info] Connection setup for PDU session[2] is successful, TUN interface[uesimtun103, 10.60.1.130] is up.
[2023-01-09 12:05:11.875] [nas] [debug] Sending PDU Session Establishment Request
[2023-01-09 12:05:11.976] [nas] [error] No response from RRC from UAC checks, considering access attempt is barred
[2023-01-09 12:05:28.193] [nas] [warning] Retransmitting PDU Session Establishment Request due to T3580 expiry
[2023-01-09 12:05:28.200] [nas] [debug] UAC access attempt is allowed for identity[0], category[MO_sig]
[2023-01-09 12:05:28.300] [nas] [debug] PDU Session Establishment Accept received
[2023-01-09 12:05:28.305] [nas] [info] PDU Session establishment is successful PSI[3]
[2023-01-09 12:05:28.462] [app] [info] Connection setup for PDU session[3] is successful, TUN interface[uesimtun15, 10.60.1.201] is up.
[2023-01-09 12:05:45.039] [nas] [debug] De-registration required due to [NORMAL]
[2023-01-09 12:05:45.049] [nas] [debug] Starting de-registration procedure due to [NORMAL]
[2023-01-09 12:05:45.049] [nas] [debug] Performing local release of PDU session[1]
[2023-01-09 12:05:45.049] [nas] [debug] Performing local release of PDU session[2]
[2023-01-09 12:05:45.049] [nas] [debug] Performing local release of PDU session[3]
[2023-01-09 12:05:45.049] [nas] [info] UE switches to state [MM-DEREGISTER-INITIATED]
[2023-01-09 12:05:45.101] [nas] [debug] De-registration accept received
[2023-01-09 12:05:45.101] [nas] [info] UE switches to state [MM-DEREGISTERED/PS]
[2023-01-09 12:05:45.101] [nas] [info] De-registration is successful
[2023-01-09 12:05:45.101] [nas] [info] UE switches to state [MM-DEREGISTERED/NORMAL-SERVICE]
[2023-01-09 12:05:45.101] [nas] [debug] Initial registration required due to [MM-DEREG-NORMAL-SERVICE]
[2023-01-09 12:05:45.101] [nas] [debug] Sending Initial Registration
[2023-01-09 12:05:45.101] [nas] [debug] Deleting NAS security context
[2023-01-09 12:05:45.101] [nas] [info] UE switches to state [MM-REGISTER-INITIATED]
[2023-01-09 12:05:45.107] [rrc] [debug] RRC Release received
[2023-01-09 12:05:45.107] [nas] [info] UE switches to state [CM-IDLE]
[2023-01-09 12:05:45.107] [nas] [info] UE switches to state [MM-DEREGISTERED/PS]
[2023-01-09 12:05:45.107] [nas] [info] UE switches to state [5U2-NOT-UPDATED]
[2023-01-09 12:05:45.107] [nas] [info] UE switches to state [MM-DEREGISTERED/ATTEMPTING-REGISTRATION]
[2023-01-09 12:05:55.229] [nas] [debug] NAS timer[3511] expired [1]
[2023-01-09 12:05:55.229] [nas] [debug] Initial registration required due to [T3511-EXPIRY-IN-ATT-REG]
[2023-01-09 12:05:55.232] [nas] [debug] UAC access attempt is allowed for identity[0], category[MO_sig]
[2023-01-09 12:05:55.232] [nas] [debug] Sending Initial Registration
[2023-01-09 12:05:55.232] [rrc] [debug] Sending RRC Setup Request
[2023-01-09 12:05:55.232] [nas] [info] UE switches to state [MM-REGISTER-INITIATED]
[2023-01-09 12:05:55.232] [rrc] [info] RRC connection established
[2023-01-09 12:05:55.232] [rrc] [info] UE switches to state [RRC-CONNECTED]
[2023-01-09 12:05:55.232] [nas] [info] UE switches to state [CM-CONNECTED]
[2023-01-09 12:05:55.368] [nas] [debug] Authentication Request received
[2023-01-09 12:05:55.387] [nas] [debug] Security Mode Command received
[2023-01-09 12:05:55.387] [nas] [debug] Selected integrity[2] ciphering[0]
[2023-01-09 12:05:55.444] [nas] [debug] Registration accept received
[2023-01-09 12:05:55.444] [nas] [info] UE switches to state [MM-REGISTERED/NORMAL-SERVICE]
[2023-01-09 12:05:55.444] [nas] [info] UE switches to state [5U1-UPDATED]
[2023-01-09 12:05:55.444] [nas] [debug] Sending Registration Complete
[2023-01-09 12:05:55.444] [nas] [info] Initial Registration is successful
[2023-01-09 12:05:55.444] [nas] [debug] Sending PDU Session Establishment Request
[2023-01-09 12:05:55.449] [nas] [debug] UAC access attempt is allowed for identity[0], category[MO_sig]
[2023-01-09 12:05:55.524] [nas] [debug] PDU Session Establishment Accept received
[2023-01-09 12:05:55.524] [nas] [info] PDU Session establishment is successful PSI[1]
[2023-01-09 12:05:55.627] [app] [info] Connection setup for PDU session[1] is successful, TUN interface[uesimtun98, 10.60.2.20] is up.
[2023-01-09 12:06:15.103] [nas] [debug] Sending PDU Session Establishment Request
[2023-01-09 12:06:15.204] [nas] [error] No response from RRC from UAC checks, considering access attempt is barred
[2023-01-09 12:06:31.270] [nas] [warning] Retransmitting PDU Session Establishment Request due to T3580 expiry
[2023-01-09 12:06:31.270] [nas] [debug] UAC access attempt is allowed for identity[0], category[MO_sig]
[2023-01-09 12:06:31.515] [nas] [debug] PDU Session Establishment Accept received
[2023-01-09 12:06:31.515] [nas] [info] PDU Session establishment is successful PSI[2]
[2023-01-09 12:06:31.647] [app] [info] Connection setup for PDU session[2] is successful, TUN interface[uesimtun144, 10.60.2.122] is up.
[2023-01-09 12:06:41.266] [nas] [debug] Sending PDU Session Release Request for PSI[1]
[2023-01-09 12:06:41.266] [nas] [debug] Sending PDU Session Release Request for PSI[2]
[2023-01-09 12:06:41.282] [nas] [debug] PDU Session Release Command received
[2023-01-09 12:06:41.282] [nas] [debug] Performing local release of PDU session[1]
[2023-01-09 12:06:41.294] [nas] [debug] PDU Session Release Command received
[2023-01-09 12:06:41.294] [nas] [debug] Performing local release of PDU session[2]
[2023-01-09 12:06:41.766] [nas] [debug] Sending PDU Session Establishment Request
[2023-01-09 12:06:41.766] [nas] [debug] UAC access attempt is allowed for identity[0], category[MO_sig]
[2023-01-09 12:06:41.852] [nas] [debug] PDU Session Establishment Accept received
[2023-01-09 12:06:41.852] [nas] [info] PDU Session establishment is successful PSI[1]
[2023-01-09 12:06:41.948] [app] [info] Connection setup for PDU session[1] is successful, TUN interface[uesimtun5, 10.60.2.146] is up.
[2023-01-09 12:06:48.316] [nas] [debug] Sending PDU Session Release Request for PSI[1]
[2023-01-09 12:06:48.442] [nas] [debug] PDU Session Release Command received
[2023-01-09 12:06:48.442] [nas] [debug] Performing local release of PDU session[1]
[2023-01-09 12:06:49.475] [nas] [debug] Sending PDU Session Establishment Request
[2023-01-09 12:06:49.476] [nas] [debug] UAC access attempt is allowed for identity[0], category[MO_sig]
[2023-01-09 12:06:49.702] [nas] [debug] PDU Session Establishment Accept received
[2023-01-09 12:06:49.702] [nas] [info] PDU Session establishment is successful PSI[1]
[2023-01-09 12:06:49.822] [app] [info] Connection setup for PDU session[1] is successful, TUN interface[uesimtun87, 10.60.2.164] is up.
[2023-01-09 12:06:56.362] [nas] [debug] De-registration required due to [NORMAL]
[2023-01-09 12:06:56.373] [nas] [debug] Starting de-registration procedure due to [NORMAL]
[2023-01-09 12:06:56.373] [nas] [debug] Performing local release of PDU session[1]
[2023-01-09 12:06:56.373] [nas] [info] UE switches to state [MM-DEREGISTER-INITIATED]
[2023-01-09 12:06:56.480] [rrc] [debug] RRC Release received
[2023-01-09 12:06:56.480] [nas] [debug] De-registration accept received
[2023-01-09 12:06:56.480] [nas] [info] UE switches to state [MM-DEREGISTERED/PS]
[2023-01-09 12:06:56.480] [nas] [info] De-registration is successful
[2023-01-09 12:06:56.480] [nas] [info] UE switches to state [CM-IDLE]
[2023-01-09 12:06:56.480] [nas] [info] UE switches to state [MM-DEREGISTERED/NORMAL-SERVICE]
[2023-01-09 12:06:56.480] [nas] [debug] Initial registration required due to [MM-DEREG-NORMAL-SERVICE]
[2023-01-09 12:06:56.488] [nas] [debug] UAC access attempt is allowed for identity[0], category[MO_sig]
[2023-01-09 12:06:56.488] [nas] [debug] Sending Initial Registration
[2023-01-09 12:06:56.488] [rrc] [debug] Sending RRC Setup Request
[2023-01-09 12:06:56.489] [rrc] [info] RRC connection established
[2023-01-09 12:06:56.489] [rrc] [info] UE switches to state [RRC-CONNECTED]
[2023-01-09 12:06:56.489] [nas] [debug] Deleting NAS security context
[2023-01-09 12:06:56.489] [nas] [info] UE switches to state [MM-REGISTER-INITIATED]
[2023-01-09 12:06:56.489] [nas] [info] UE switches to state [CM-CONNECTED]
[2023-01-09 12:06:56.553] [nas] [debug] Authentication Request received
[2023-01-09 12:06:56.603] [nas] [debug] Security Mode Command received
[2023-01-09 12:06:56.603] [nas] [debug] Selected integrity[2] ciphering[0]
[2023-01-09 12:06:56.826] [nas] [debug] Registration accept received
[2023-01-09 12:06:56.826] [nas] [info] UE switches to state [MM-REGISTERED/NORMAL-SERVICE]
[2023-01-09 12:06:56.826] [nas] [debug] Sending Registration Complete
[2023-01-09 12:06:56.826] [nas] [info] Initial Registration is successful
[2023-01-09 12:06:56.826] [nas] [debug] Sending PDU Session Establishment Request
[2023-01-09 12:06:56.828] [nas] [debug] UAC access attempt is allowed for identity[0], category[MO_sig]
[2023-01-09 12:06:56.885] [nas] [debug] PDU Session Establishment Accept received
[2023-01-09 12:06:56.885] [nas] [info] PDU Session establishment is successful PSI[1]
[2023-01-09 12:06:56.984] [app] [info] Connection setup for PDU session[1] is successful, TUN interface[uesimtun73, 10.60.2.189] is up.
[2023-01-09 12:07:23.460] [nas] [warning] PDU session release procedure could not start: PS[2] is not active already
[2023-01-09 12:07:38.530] [nas] [debug] Sending PDU Session Release Request for PSI[1]
[2023-01-09 12:07:38.758] [nas] [error] PDU Session Release Reject received [REQUEST_REJECTED_UNSPECIFIED]
[2023-01-09 12:07:38.758] [nas] [error] PS release reject received without being requested
[2023-01-09 12:07:38.758] [nas] [warning] Sending SM Cause[MESSAGE_TYPE_NOT_COMPATIBLE_WITH_THE_PROTOCOL_STATE] for PSI[1]
[2023-01-09 12:07:49.567] [nas] [debug] Sending PDU Session Establishment Request
[2023-01-09 12:07:49.668] [nas] [error] No response from RRC from UAC checks, considering access attempt is barred
[2023-01-09 12:08:06.379] [nas] [warning] Retransmitting PDU Session Establishment Request due to T3580 expiry
[2023-01-09 12:08:06.384] [nas] [debug] UAC access attempt is allowed for identity[0], category[MO_sig]
[2023-01-09 12:08:07.416] [nas] [debug] PDU Session Establishment Accept received
[2023-01-09 12:08:07.416] [nas] [info] PDU Session establishment is successful PSI[2]
[2023-01-09 12:08:07.497] [app] [info] Connection setup for PDU session[2] is successful, TUN interface[uesimtun23, 10.60.3.106] is up.
[2023-01-09 12:08:19.798] [nas] [debug] Sending PDU Session Release Request for PSI[1]
[2023-01-09 12:08:19.920] [nas] [error] PDU Session Release Reject received [REQUEST_REJECTED_UNSPECIFIED]
[2023-01-09 12:08:19.920] [nas] [error] PS release reject received without being requested
[2023-01-09 12:08:19.920] [nas] [warning] Sending SM Cause[MESSAGE_TYPE_NOT_COMPATIBLE_WITH_THE_PROTOCOL_STATE] for PSI[1]
[2023-01-09 12:08:30.925] [nas] [debug] Sending PDU Session Release Request for PSI[1]
[2023-01-09 12:08:30.979] [nas] [error] PDU Session Release Reject received [REQUEST_REJECTED_UNSPECIFIED]
[2023-01-09 12:08:30.979] [nas] [error] PS release reject received without being requested
[2023-01-09 12:08:30.979] [nas] [warning] Sending SM Cause[MESSAGE_TYPE_NOT_COMPATIBLE_WITH_THE_PROTOCOL_STATE] for PSI[1]
[2023-01-09 12:08:35.975] [nas] [debug] Sending PDU Session Release Request for PSI[1]
[2023-01-09 12:08:35.975] [nas] [debug] Sending PDU Session Release Request for PSI[2]
[2023-01-09 12:08:36.141] [nas] [error] PDU Session Release Reject received [REQUEST_REJECTED_UNSPECIFIED]
[2023-01-09 12:08:36.141] [nas] [error] PS release reject received without being requested
[2023-01-09 12:08:36.141] [nas] [warning] Sending SM Cause[MESSAGE_TYPE_NOT_COMPATIBLE_WITH_THE_PROTOCOL_STATE] for PSI[1]
[2023-01-09 12:08:36.149] [nas] [error] PDU Session Release Reject received [REQUEST_REJECTED_UNSPECIFIED]
[2023-01-09 12:08:36.149] [nas] [error] PS release reject received without being requested
[2023-01-09 12:08:36.149] [nas] [warning] Sending SM Cause[MESSAGE_TYPE_NOT_COMPATIBLE_WITH_THE_PROTOCOL_STATE] for PSI[2]
[2023-01-09 12:08:46.066] [nas] [debug] Sending PDU Session Release Request for PSI[1]
[2023-01-09 12:08:46.066] [nas] [debug] Sending PDU Session Release Request for PSI[2]
[2023-01-09 12:08:46.240] [nas] [error] PDU Session Release Reject received [REQUEST_REJECTED_UNSPECIFIED]
[2023-01-09 12:08:46.240] [nas] [error] PS release reject received without being requested
[2023-01-09 12:08:46.240] [nas] [warning] Sending SM Cause[MESSAGE_TYPE_NOT_COMPATIBLE_WITH_THE_PROTOCOL_STATE] for PSI[1]
[2023-01-09 12:08:46.246] [nas] [error] PDU Session Release Reject received [REQUEST_REJECTED_UNSPECIFIED]
[2023-01-09 12:08:46.246] [nas] [error] PS release reject received without being requested
[2023-01-09 12:08:46.246] [nas] [warning] Sending SM Cause[MESSAGE_TYPE_NOT_COMPATIBLE_WITH_THE_PROTOCOL_STATE] for PSI[2]
[2023-01-09 12:08:56.139] [nas] [warning] PDU session release procedure could not start: PS[3] is not active already
[2023-01-09 12:09:05.168] [nas] [debug] Sending PDU Session Establishment Request
[2023-01-09 12:09:05.269] [nas] [error] No response from RRC from UAC checks, considering access attempt is barred
[2023-01-09 12:09:21.464] [nas] [warning] Retransmitting PDU Session Establishment Request due to T3580 expiry
[2023-01-09 12:09:21.466] [nas] [debug] UAC access attempt is allowed for identity[0], category[MO_sig]
[2023-01-09 12:09:30.336] [nas] [debug] De-registration required due to [NORMAL]
[2023-01-09 12:09:30.346] [nas] [debug] Starting de-registration procedure due to [NORMAL]
[2023-01-09 12:09:30.346] [nas] [debug] Performing local release of PDU session[1]
[2023-01-09 12:09:30.346] [nas] [debug] Performing local release of PDU session[2]
[2023-01-09 12:09:30.346] [nas] [info] UE switches to state [MM-DEREGISTER-INITIATED]
[2023-01-09 12:09:37.482] [nas] [warning] Retransmitting PDU Session Establishment Request due to T3580 expiry
[2023-01-09 12:09:37.484] [nas] [debug] UAC access attempt is allowed for identity[0], category[MO_sig]
[2023-01-09 12:09:45.490] [nas] [debug] NAS timer[3521] expired [1]
[2023-01-09 12:09:45.490] [nas] [debug] Retransmitting De-registration Request due to T3521 expiry
[2023-01-09 12:09:53.498] [nas] [warning] Retransmitting PDU Session Establishment Request due to T3580 expiry
[2023-01-09 12:09:53.499] [nas] [debug] UAC access attempt is allowed for identity[0], category[MO_sig]
[2023-01-09 12:10:00.412] [nas] [warning] PDU session release procedure could not start: PS[1] is not active already
[2023-01-09 12:10:00.505] [nas] [debug] NAS timer[3521] expired [2]
[2023-01-09 12:10:00.505] [nas] [debug] Retransmitting De-registration Request due to T3521 expiry
