UERANSIM v3.2.6
[2023-01-09 12:02:48.960] [nas] [info] UE switches to state [MM-DEREGISTERED/PLMN-SEARCH]
[2023-01-09 12:02:48.961] [rrc] [debug] New signal detected for cell[1], total [1] cells in coverage
[2023-01-09 12:02:48.963] [nas] [info] Selected plmn[208/93]
[2023-01-09 12:02:48.963] [rrc] [info] Selected cell plmn[208/93] tac[1] category[SUITABLE]
[2023-01-09 12:02:48.963] [nas] [info] UE switches to state [MM-DEREGISTERED/PS]
[2023-01-09 12:02:48.963] [nas] [info] UE switches to state [MM-DEREGISTERED/NORMAL-SERVICE]
[2023-01-09 12:02:48.963] [nas] [debug] Initial registration required due to [MM-DEREG-NORMAL-SERVICE]
[2023-01-09 12:02:48.963] [nas] [debug] UAC access attempt is allowed for identity[0], category[MO_sig]
[2023-01-09 12:02:48.963] [nas] [debug] Sending Initial Registration
[2023-01-09 12:02:48.963] [nas] [info] UE switches to state [MM-REGISTER-INITIATED]
[2023-01-09 12:02:48.963] [rrc] [debug] Sending RRC Setup Request
[2023-01-09 12:02:48.964] [rrc] [info] RRC connection established
[2023-01-09 12:02:48.964] [rrc] [info] UE switches to state [RRC-CONNECTED]
[2023-01-09 12:02:48.964] [nas] [info] UE switches to state [CM-CONNECTED]
[2023-01-09 12:02:48.979] [nas] [debug] Authentication Request received
[2023-01-09 12:02:48.984] [nas] [debug] Security Mode Command received
[2023-01-09 12:02:48.984] [nas] [debug] Selected integrity[2] ciphering[0]
[2023-01-09 12:02:49.008] [nas] [debug] Registration accept received
[2023-01-09 12:02:49.008] [nas] [info] UE switches to state [MM-REGISTERED/NORMAL-SERVICE]
[2023-01-09 12:02:49.008] [nas] [debug] Sending Registration Complete
[2023-01-09 12:02:49.008] [nas] [info] Initial Registration is successful
[2023-01-09 12:02:49.009] [nas] [debug] Sending PDU Session Establishment Request
[2023-01-09 12:02:49.009] [nas] [debug] UAC access attempt is allowed for identity[0], category[MO_sig]
[2023-01-09 12:02:49.241] [nas] [debug] PDU Session Establishment Accept received
[2023-01-09 12:02:49.241] [nas] [info] PDU Session establishment is successful PSI[1]
[2023-01-09 12:02:49.260] [app] [info] Connection setup for PDU session[1] is successful, TUN interface[uesimtun37, 10.60.0.38] is up.
[2023-01-09 12:03:54.095] [nas] [debug] Sending PDU Session Release Request for PSI[1]
[2023-01-09 12:03:54.469] [nas] [debug] PDU Session Release Command received
[2023-01-09 12:03:54.469] [nas] [debug] Performing local release of PDU session[1]
[2023-01-09 12:03:55.020] [nas] [debug] Sending PDU Session Establishment Request
[2023-01-09 12:03:55.024] [nas] [debug] UAC access attempt is allowed for identity[0], category[MO_sig]
[2023-01-09 12:03:55.323] [nas] [debug] PDU Session Establishment Accept received
[2023-01-09 12:03:55.323] [nas] [info] PDU Session establishment is successful PSI[1]
[2023-01-09 12:03:55.533] [app] [info] Connection setup for PDU session[1] is successful, TUN interface[uesimtun69, 10.60.0.140] is up.
[2023-01-09 12:04:03.171] [nas] [debug] De-registration required due to [NORMAL]
[2023-01-09 12:04:03.181] [nas] [debug] Starting de-registration procedure due to [NORMAL]
[2023-01-09 12:04:03.181] [nas] [debug] Performing local release of PDU session[1]
[2023-01-09 12:04:03.181] [nas] [info] UE switches to state [MM-DEREGISTER-INITIATED]
[2023-01-09 12:04:03.386] [nas] [debug] De-registration accept received
[2023-01-09 12:04:03.386] [nas] [info] UE switches to state [MM-DEREGISTERED/PS]
[2023-01-09 12:04:03.386] [nas] [info] De-registration is successful
[2023-01-09 12:04:03.386] [nas] [info] UE switches to state [MM-DEREGISTERED/NORMAL-SERVICE]
[2023-01-09 12:04:03.386] [nas] [debug] Initial registration required due to [MM-DEREG-NORMAL-SERVICE]
[2023-01-09 12:04:03.386] [nas] [debug] Sending Initial Registration
[2023-01-09 12:04:03.386] [nas] [debug] Deleting NAS security context
[2023-01-09 12:04:03.386] [nas] [info] UE switches to state [MM-REGISTER-INITIATED]
[2023-01-09 12:04:03.387] [rrc] [debug] RRC Release received
[2023-01-09 12:04:03.387] [nas] [info] UE switches to state [CM-IDLE]
[2023-01-09 12:04:03.387] [nas] [info] UE switches to state [MM-DEREGISTERED/PS]
[2023-01-09 12:04:03.387] [nas] [info] UE switches to state [5U2-NOT-UPDATED]
[2023-01-09 12:04:03.387] [nas] [info] UE switches to state [MM-DEREGISTERED/ATTEMPTING-REGISTRATION]
[2023-01-09 12:04:14.048] [nas] [debug] NAS timer[3511] expired [1]
[2023-01-09 12:04:14.048] [nas] [debug] Initial registration required due to [T3511-EXPIRY-IN-ATT-REG]
[2023-01-09 12:04:14.048] [nas] [debug] UAC access attempt is allowed for identity[0], category[MO_sig]
[2023-01-09 12:04:14.048] [nas] [debug] Sending Initial Registration
[2023-01-09 12:04:14.048] [nas] [info] UE switches to state [MM-REGISTER-INITIATED]
[2023-01-09 12:04:14.048] [rrc] [debug] Sending RRC Setup Request
[2023-01-09 12:04:14.049] [rrc] [info] RRC connection established
[2023-01-09 12:04:14.049] [rrc] [info] UE switches to state [RRC-CONNECTED]
[2023-01-09 12:04:14.049] [nas] [info] UE switches to state [CM-CONNECTED]
[2023-01-09 12:04:14.091] [nas] [debug] Authentication Request received
[2023-01-09 12:04:14.110] [nas] [debug] Security Mode Command received
[2023-01-09 12:04:14.110] [nas] [debug] Selected integrity[2] ciphering[0]
[2023-01-09 12:04:14.194] [nas] [debug] Registration accept received
[2023-01-09 12:04:14.194] [nas] [info] UE switches to state [MM-REGISTERED/NORMAL-SERVICE]
[2023-01-09 12:04:14.194] [nas] [info] UE switches to state [5U1-UPDATED]
[2023-01-09 12:04:14.194] [nas] [debug] Sending Registration Complete
[2023-01-09 12:04:14.194] [nas] [info] Initial Registration is successful
[2023-01-09 12:04:14.194] [nas] [debug] Sending PDU Session Establishment Request
[2023-01-09 12:04:14.194] [nas] [debug] UAC access attempt is allowed for identity[0], category[MO_sig]
[2023-01-09 12:04:14.270] [nas] [debug] PDU Session Establishment Accept received
[2023-01-09 12:04:14.270] [nas] [info] PDU Session establishment is successful PSI[1]
[2023-01-09 12:04:14.453] [app] [info] Connection setup for PDU session[1] is successful, TUN interface[uesimtun119, 10.60.0.214] is up.
[2023-01-09 12:04:33.227] [nas] [debug] Sending PDU Session Establishment Request
[2023-01-09 12:04:33.328] [nas] [error] No response from RRC from UAC checks, considering access attempt is barred
[2023-01-09 12:04:50.118] [nas] [warning] Retransmitting PDU Session Establishment Request due to T3580 expiry
[2023-01-09 12:04:50.118] [nas] [debug] UAC access attempt is allowed for identity[0], category[MO_sig]
[2023-01-09 12:04:50.247] [nas] [debug] PDU Session Establishment Accept received
[2023-01-09 12:04:50.247] [nas] [info] PDU Session establishment is successful PSI[2]
[2023-01-09 12:04:50.368] [app] [info] Connection setup for PDU session[2] is successful, TUN interface[uesimtun79, 10.60.1.90] is up.
[2023-01-09 12:04:59.556] [nas] [debug] Sending PDU Session Release Request for PSI[2]
[2023-01-09 12:04:59.640] [nas] [error] PDU Session Release Reject received [REQUEST_REJECTED_UNSPECIFIED]
[2023-01-09 12:04:59.640] [nas] [error] PS release reject received without being requested
[2023-01-09 12:04:59.640] [nas] [warning] Sending SM Cause[MESSAGE_TYPE_NOT_COMPATIBLE_WITH_THE_PROTOCOL_STATE] for PSI[2]
[2023-01-09 12:05:14.641] [nas] [debug] Sending PDU Session Release Request for PSI[1]
[2023-01-09 12:05:14.642] [nas] [debug] Sending PDU Session Release Request for PSI[2]
[2023-01-09 12:05:14.690] [nas] [error] PDU Session Release Reject received [REQUEST_REJECTED_UNSPECIFIED]
[2023-01-09 12:05:14.690] [nas] [error] PS release reject received without being requested
[2023-01-09 12:05:14.690] [nas] [warning] Sending SM Cause[MESSAGE_TYPE_NOT_COMPATIBLE_WITH_THE_PROTOCOL_STATE] for PSI[1]
[2023-01-09 12:05:14.696] [nas] [error] PDU Session Release Reject received [REQUEST_REJECTED_UNSPECIFIED]
[2023-01-09 12:05:14.696] [nas] [error] PS release reject received without being requested
[2023-01-09 12:05:14.696] [nas] [warning] Sending SM Cause[MESSAGE_TYPE_NOT_COMPATIBLE_WITH_THE_PROTOCOL_STATE] for PSI[2]
[2023-01-09 12:05:25.685] [nas] [debug] Sending PDU Session Establishment Request
[2023-01-09 12:05:25.794] [nas] [error] No response from RRC from UAC checks, considering access attempt is barred
[2023-01-09 12:05:42.182] [nas] [warning] Retransmitting PDU Session Establishment Request due to T3580 expiry
[2023-01-09 12:05:42.182] [nas] [debug] UAC access attempt is allowed for identity[0], category[MO_sig]
[2023-01-09 12:05:42.456] [nas] [debug] PDU Session Establishment Accept received
[2023-01-09 12:05:42.456] [nas] [info] PDU Session establishment is successful PSI[3]
[2023-01-09 12:05:42.629] [app] [info] Connection setup for PDU session[3] is successful, TUN interface[uesimtun33, 10.60.1.242] is up.
[2023-01-09 12:06:00.853] [nas] [debug] De-registration required due to [NORMAL]
[2023-01-09 12:06:00.863] [nas] [debug] Starting de-registration procedure due to [NORMAL]
[2023-01-09 12:06:00.863] [nas] [debug] Performing local release of PDU session[1]
[2023-01-09 12:06:00.863] [nas] [debug] Performing local release of PDU session[2]
[2023-01-09 12:06:00.863] [nas] [debug] Performing local release of PDU session[3]
[2023-01-09 12:06:00.863] [nas] [info] UE switches to state [MM-DEREGISTER-INITIATED]
[2023-01-09 12:06:00.901] [nas] [debug] De-registration accept received
[2023-01-09 12:06:00.901] [nas] [info] UE switches to state [MM-DEREGISTERED/PS]
[2023-01-09 12:06:00.901] [nas] [info] De-registration is successful
[2023-01-09 12:06:00.901] [nas] [info] UE switches to state [MM-DEREGISTERED/NORMAL-SERVICE]
[2023-01-09 12:06:00.901] [nas] [debug] Initial registration required due to [MM-DEREG-NORMAL-SERVICE]
[2023-01-09 12:06:00.901] [nas] [debug] Sending Initial Registration
[2023-01-09 12:06:00.901] [nas] [debug] Deleting NAS security context
[2023-01-09 12:06:00.901] [nas] [info] UE switches to state [MM-REGISTER-INITIATED]
[2023-01-09 12:06:00.902] [rrc] [debug] RRC Release received
[2023-01-09 12:06:00.902] [nas] [info] UE switches to state [CM-IDLE]
[2023-01-09 12:06:00.902] [nas] [info] UE switches to state [MM-DEREGISTERED/PS]
[2023-01-09 12:06:00.902] [nas] [info] UE switches to state [5U2-NOT-UPDATED]
[2023-01-09 12:06:00.902] [nas] [info] UE switches to state [MM-DEREGISTERED/ATTEMPTING-REGISTRATION]
[2023-01-09 12:06:11.217] [nas] [debug] NAS timer[3511] expired [1]
[2023-01-09 12:06:11.217] [nas] [debug] Initial registration required due to [T3511-EXPIRY-IN-ATT-REG]
[2023-01-09 12:06:11.217] [nas] [debug] UAC access attempt is allowed for identity[0], category[MO_sig]
[2023-01-09 12:06:11.217] [nas] [debug] Sending Initial Registration
[2023-01-09 12:06:11.217] [nas] [info] UE switches to state [MM-REGISTER-INITIATED]
[2023-01-09 12:06:11.217] [rrc] [debug] Sending RRC Setup Request
[2023-01-09 12:06:11.217] [rrc] [info] RRC connection established
[2023-01-09 12:06:11.217] [rrc] [info] UE switches to state [RRC-CONNECTED]
[2023-01-09 12:06:11.217] [nas] [info] UE switches to state [CM-CONNECTED]
[2023-01-09 12:06:11.308] [nas] [debug] Authentication Request received
[2023-01-09 12:06:11.328] [nas] [debug] Security Mode Command received
[2023-01-09 12:06:11.328] [nas] [debug] Selected integrity[2] ciphering[0]
[2023-01-09 12:06:11.400] [nas] [debug] Registration accept received
[2023-01-09 12:06:11.400] [nas] [info] UE switches to state [MM-REGISTERED/NORMAL-SERVICE]
[2023-01-09 12:06:11.400] [nas] [info] UE switches to state [5U1-UPDATED]
[2023-01-09 12:06:11.400] [nas] [debug] Sending Registration Complete
[2023-01-09 12:06:11.400] [nas] [info] Initial Registration is successful
[2023-01-09 12:06:11.400] [nas] [debug] Sending PDU Session Establishment Request
[2023-01-09 12:06:11.400] [nas] [debug] UAC access attempt is allowed for identity[0], category[MO_sig]
[2023-01-09 12:06:11.534] [nas] [debug] PDU Session Establishment Accept received
[2023-01-09 12:06:11.534] [nas] [info] PDU Session establishment is successful PSI[1]
[2023-01-09 12:06:11.760] [app] [info] Connection setup for PDU session[1] is successful, TUN interface[uesimtun94, 10.60.2.60] is up.
[2023-01-09 12:06:32.915] [nas] [debug] Sending PDU Session Establishment Request
[2023-01-09 12:06:33.017] [nas] [error] No response from RRC from UAC checks, considering access attempt is barred
[2023-01-09 12:06:49.264] [nas] [warning] Retransmitting PDU Session Establishment Request due to T3580 expiry
[2023-01-09 12:06:49.266] [nas] [debug] UAC access attempt is allowed for identity[0], category[MO_sig]
[2023-01-09 12:06:49.301] [nas] [debug] PDU Session Establishment Accept received
[2023-01-09 12:06:49.306] [nas] [info] PDU Session establishment is successful PSI[2]
[2023-01-09 12:06:49.361] [app] [info] Connection setup for PDU session[2] is successful, TUN interface[uesimtun77, 10.60.2.162] is up.
[2023-01-09 12:07:07.088] [nas] [debug] Sending PDU Session Release Request for PSI[2]
[2023-01-09 12:07:07.169] [nas] [error] PDU Session Release Reject received [REQUEST_REJECTED_UNSPECIFIED]
[2023-01-09 12:07:07.169] [nas] [error] PS release reject received without being requested
[2023-01-09 12:07:07.169] [nas] [warning] Sending SM Cause[MESSAGE_TYPE_NOT_COMPATIBLE_WITH_THE_PROTOCOL_STATE] for PSI[2]
[2023-01-09 12:07:18.124] [nas] [debug] Sending PDU Session Establishment Request
[2023-01-09 12:07:18.225] [nas] [error] No response from RRC from UAC checks, considering access attempt is barred
[2023-01-09 12:07:34.318] [nas] [warning] Retransmitting PDU Session Establishment Request due to T3580 expiry
[2023-01-09 12:07:34.320] [nas] [debug] UAC access attempt is allowed for identity[0], category[MO_sig]
[2023-01-09 12:07:34.351] [nas] [debug] PDU Session Establishment Accept received
[2023-01-09 12:07:34.355] [nas] [info] PDU Session establishment is successful PSI[3]
[2023-01-09 12:07:34.435] [app] [info] Connection setup for PDU session[3] is successful, TUN interface[uesimtun146, 10.60.3.30] is up.
[2023-01-09 12:07:43.288] [nas] [debug] Sending PDU Session Release Request for PSI[1]
[2023-01-09 12:07:43.288] [nas] [debug] Sending PDU Session Release Request for PSI[2]
[2023-01-09 12:07:43.288] [nas] [debug] Sending PDU Session Release Request for PSI[3]
[2023-01-09 12:07:43.462] [nas] [error] PDU Session Release Reject received [REQUEST_REJECTED_UNSPECIFIED]
[2023-01-09 12:07:43.462] [nas] [error] PS release reject received without being requested
[2023-01-09 12:07:43.462] [nas] [warning] Sending SM Cause[MESSAGE_TYPE_NOT_COMPATIBLE_WITH_THE_PROTOCOL_STATE] for PSI[1]
[2023-01-09 12:07:43.465] [nas] [error] PDU Session Release Reject received [REQUEST_REJECTED_UNSPECIFIED]
[2023-01-09 12:07:43.465] [nas] [error] PS release reject received without being requested
[2023-01-09 12:07:43.465] [nas] [warning] Sending SM Cause[MESSAGE_TYPE_NOT_COMPATIBLE_WITH_THE_PROTOCOL_STATE] for PSI[2]
[2023-01-09 12:07:43.469] [nas] [error] PDU Session Release Reject received [REQUEST_REJECTED_UNSPECIFIED]
[2023-01-09 12:07:43.469] [nas] [error] PS release reject received without being requested
[2023-01-09 12:07:43.469] [nas] [warning] Sending SM Cause[MESSAGE_TYPE_NOT_COMPATIBLE_WITH_THE_PROTOCOL_STATE] for PSI[3]
[2023-01-09 12:07:56.373] [nas] [debug] Sending PDU Session Release Request for PSI[2]
[2023-01-09 12:07:56.409] [nas] [error] PDU Session Release Reject received [REQUEST_REJECTED_UNSPECIFIED]
[2023-01-09 12:07:56.409] [nas] [error] PS release reject received without being requested
[2023-01-09 12:07:56.409] [nas] [warning] Sending SM Cause[MESSAGE_TYPE_NOT_COMPATIBLE_WITH_THE_PROTOCOL_STATE] for PSI[2]
[2023-01-09 12:08:04.403] [nas] [debug] Sending PDU Session Establishment Request
[2023-01-09 12:08:04.504] [nas] [error] No response from RRC from UAC checks, considering access attempt is barred
[2023-01-09 12:08:21.394] [nas] [warning] Retransmitting PDU Session Establishment Request due to T3580 expiry
[2023-01-09 12:08:21.396] [nas] [debug] UAC access attempt is allowed for identity[0], category[MO_sig]
[2023-01-09 12:08:21.434] [nas] [debug] PDU Session Establishment Accept received
[2023-01-09 12:08:21.434] [nas] [info] PDU Session establishment is successful PSI[4]
[2023-01-09 12:08:21.695] [app] [info] Connection setup for PDU session[4] is successful, TUN interface[uesimtun39, 10.60.3.140] is up.
[2023-01-09 12:08:32.581] [nas] [debug] Sending PDU Session Release Request for PSI[1]
[2023-01-09 12:08:32.581] [nas] [debug] Sending PDU Session Release Request for PSI[2]
[2023-01-09 12:08:32.581] [nas] [debug] Sending PDU Session Release Request for PSI[3]
[2023-01-09 12:08:32.581] [nas] [debug] Sending PDU Session Release Request for PSI[4]
[2023-01-09 12:08:32.633] [nas] [error] PDU Session Release Reject received [REQUEST_REJECTED_UNSPECIFIED]
[2023-01-09 12:08:32.633] [nas] [error] PS release reject received without being requested
[2023-01-09 12:08:32.633] [nas] [warning] Sending SM Cause[MESSAGE_TYPE_NOT_COMPATIBLE_WITH_THE_PROTOCOL_STATE] for PSI[1]
[2023-01-09 12:08:32.637] [nas] [error] PDU Session Release Reject received [REQUEST_REJECTED_UNSPECIFIED]
[2023-01-09 12:08:32.637] [nas] [error] PS release reject received without being requested
[2023-01-09 12:08:32.637] [nas] [warning] Sending SM Cause[MESSAGE_TYPE_NOT_COMPATIBLE_WITH_THE_PROTOCOL_STATE] for PSI[2]
[2023-01-09 12:08:32.639] [nas] [error] PDU Session Release Reject received [REQUEST_REJECTED_UNSPECIFIED]
[2023-01-09 12:08:32.640] [nas] [error] PS release reject received without being requested
[2023-01-09 12:08:32.640] [nas] [warning] Sending SM Cause[MESSAGE_TYPE_NOT_COMPATIBLE_WITH_THE_PROTOCOL_STATE] for PSI[3]
[2023-01-09 12:08:32.647] [nas] [error] PDU Session Release Reject received [REQUEST_REJECTED_UNSPECIFIED]
[2023-01-09 12:08:32.647] [nas] [error] PS release reject received without being requested
[2023-01-09 12:08:32.647] [nas] [warning] Sending SM Cause[MESSAGE_TYPE_NOT_COMPATIBLE_WITH_THE_PROTOCOL_STATE] for PSI[4]
[2023-01-09 12:08:45.649] [nas] [debug] Sending PDU Session Release Request for PSI[3]
[2023-01-09 12:08:45.805] [nas] [error] PDU Session Release Reject received [REQUEST_REJECTED_UNSPECIFIED]
[2023-01-09 12:08:45.805] [nas] [error] PS release reject received without being requested
[2023-01-09 12:08:45.805] [nas] [warning] Sending SM Cause[MESSAGE_TYPE_NOT_COMPATIBLE_WITH_THE_PROTOCOL_STATE] for PSI[3]
[2023-01-09 12:08:58.731] [nas] [debug] Sending PDU Session Release Request for PSI[1]
[2023-01-09 12:08:58.731] [nas] [debug] Sending PDU Session Release Request for PSI[2]
[2023-01-09 12:08:58.731] [nas] [debug] Sending PDU Session Release Request for PSI[3]
[2023-01-09 12:08:58.731] [nas] [debug] Sending PDU Session Release Request for PSI[4]
[2023-01-09 12:08:58.849] [nas] [error] PDU Session Release Reject received [REQUEST_REJECTED_UNSPECIFIED]
[2023-01-09 12:08:58.849] [nas] [error] PS release reject received without being requested
[2023-01-09 12:08:58.849] [nas] [warning] Sending SM Cause[MESSAGE_TYPE_NOT_COMPATIBLE_WITH_THE_PROTOCOL_STATE] for PSI[1]
[2023-01-09 12:08:58.852] [nas] [error] PDU Session Release Reject received [REQUEST_REJECTED_UNSPECIFIED]
[2023-01-09 12:08:58.852] [nas] [error] PS release reject received without being requested
[2023-01-09 12:08:58.852] [nas] [warning] Sending SM Cause[MESSAGE_TYPE_NOT_COMPATIBLE_WITH_THE_PROTOCOL_STATE] for PSI[2]
[2023-01-09 12:08:58.857] [nas] [error] PDU Session Release Reject received [REQUEST_REJECTED_UNSPECIFIED]
[2023-01-09 12:08:58.857] [nas] [error] PS release reject received without being requested
[2023-01-09 12:08:58.857] [nas] [warning] Sending SM Cause[MESSAGE_TYPE_NOT_COMPATIBLE_WITH_THE_PROTOCOL_STATE] for PSI[3]
[2023-01-09 12:08:58.863] [nas] [error] PDU Session Release Reject received [REQUEST_REJECTED_UNSPECIFIED]
[2023-01-09 12:08:58.863] [nas] [error] PS release reject received without being requested
[2023-01-09 12:08:58.863] [nas] [warning] Sending SM Cause[MESSAGE_TYPE_NOT_COMPATIBLE_WITH_THE_PROTOCOL_STATE] for PSI[4]
[2023-01-09 12:09:07.780] [nas] [debug] Sending PDU Session Release Request for PSI[1]
[2023-01-09 12:09:07.780] [nas] [debug] Sending PDU Session Release Request for PSI[2]
[2023-01-09 12:09:07.780] [nas] [debug] Sending PDU Session Release Request for PSI[3]
[2023-01-09 12:09:07.780] [nas] [debug] Sending PDU Session Release Request for PSI[4]
[2023-01-09 12:09:17.813] [nas] [debug] Sending PDU Session Release Request for PSI[1]
[2023-01-09 12:09:17.813] [nas] [debug] Sending PDU Session Release Request for PSI[2]
[2023-01-09 12:09:17.813] [nas] [debug] Sending PDU Session Release Request for PSI[3]
[2023-01-09 12:09:17.813] [nas] [debug] Sending PDU Session Release Request for PSI[4]
[2023-01-09 12:09:24.470] [nas] [warning] Retransmitting PDU Session Release Request due to T3582 expiry
[2023-01-09 12:09:24.470] [nas] [warning] Retransmitting PDU Session Release Request due to T3582 expiry
[2023-01-09 12:09:24.470] [nas] [warning] Retransmitting PDU Session Release Request due to T3582 expiry
[2023-01-09 12:09:24.470] [nas] [warning] Retransmitting PDU Session Release Request due to T3582 expiry
[2023-01-09 12:09:30.855] [nas] [debug] De-registration required due to [NORMAL]
[2023-01-09 12:09:30.865] [nas] [debug] Starting de-registration procedure due to [NORMAL]
[2023-01-09 12:09:30.865] [nas] [debug] Performing local release of PDU session[1]
[2023-01-09 12:09:30.865] [nas] [debug] Performing local release of PDU session[2]
[2023-01-09 12:09:30.865] [nas] [debug] Performing local release of PDU session[3]
[2023-01-09 12:09:30.865] [nas] [debug] Performing local release of PDU session[4]
[2023-01-09 12:09:30.865] [nas] [info] UE switches to state [MM-DEREGISTER-INITIATED]
[2023-01-09 12:09:34.480] [nas] [warning] Retransmitting PDU Session Release Request due to T3582 expiry
[2023-01-09 12:09:34.480] [nas] [warning] Retransmitting PDU Session Release Request due to T3582 expiry
[2023-01-09 12:09:34.480] [nas] [warning] Retransmitting PDU Session Release Request due to T3582 expiry
[2023-01-09 12:09:34.480] [nas] [warning] Retransmitting PDU Session Release Request due to T3582 expiry
[2023-01-09 12:09:40.486] [nas] [warning] Retransmitting PDU Session Release Request due to T3582 expiry
[2023-01-09 12:09:40.486] [nas] [warning] Retransmitting PDU Session Release Request due to T3582 expiry
[2023-01-09 12:09:40.486] [nas] [warning] Retransmitting PDU Session Release Request due to T3582 expiry
[2023-01-09 12:09:40.486] [nas] [warning] Retransmitting PDU Session Release Request due to T3582 expiry
[2023-01-09 12:09:46.492] [nas] [debug] NAS timer[3521] expired [1]
[2023-01-09 12:09:46.492] [nas] [debug] Retransmitting De-registration Request due to T3521 expiry
[2023-01-09 12:09:50.496] [nas] [warning] Retransmitting PDU Session Release Request due to T3582 expiry
[2023-01-09 12:09:50.496] [nas] [warning] Retransmitting PDU Session Release Request due to T3582 expiry
[2023-01-09 12:09:50.496] [nas] [warning] Retransmitting PDU Session Release Request due to T3582 expiry
[2023-01-09 12:09:50.496] [nas] [warning] Retransmitting PDU Session Release Request due to T3582 expiry
[2023-01-09 12:09:56.502] [nas] [warning] Retransmitting PDU Session Release Request due to T3582 expiry
[2023-01-09 12:09:56.502] [nas] [warning] Retransmitting PDU Session Release Request due to T3582 expiry
[2023-01-09 12:09:56.502] [nas] [warning] Retransmitting PDU Session Release Request due to T3582 expiry
[2023-01-09 12:09:56.502] [nas] [warning] Retransmitting PDU Session Release Request due to T3582 expiry
[2023-01-09 12:10:00.910] [nas] [debug] Sending PDU Session Establishment Request
[2023-01-09 12:10:01.011] [nas] [error] No response from RRC from UAC checks, considering access attempt is barred
[2023-01-09 12:10:01.508] [nas] [debug] NAS timer[3521] expired [2]
[2023-01-09 12:10:01.508] [nas] [debug] Retransmitting De-registration Request due to T3521 expiry
