UERANSIM v3.2.6
[2023-01-09 12:03:31.030] [nas] [info] UE switches to state [MM-DEREGISTERED/PLMN-SEARCH]
[2023-01-09 12:03:31.035] [rrc] [debug] New signal detected for cell[1], total [1] cells in coverage
[2023-01-09 12:03:31.036] [nas] [info] Selected plmn[208/93]
[2023-01-09 12:03:31.036] [rrc] [info] Selected cell plmn[208/93] tac[1] category[SUITABLE]
[2023-01-09 12:03:31.036] [nas] [info] UE switches to state [MM-DEREGISTERED/PS]
[2023-01-09 12:03:31.036] [nas] [info] UE switches to state [MM-DEREGISTERED/NORMAL-SERVICE]
[2023-01-09 12:03:31.036] [nas] [debug] Initial registration required due to [MM-DEREG-NORMAL-SERVICE]
[2023-01-09 12:03:31.036] [nas] [debug] UAC access attempt is allowed for identity[0], category[MO_sig]
[2023-01-09 12:03:31.036] [nas] [debug] Sending Initial Registration
[2023-01-09 12:03:31.036] [nas] [info] UE switches to state [MM-REGISTER-INITIATED]
[2023-01-09 12:03:31.036] [rrc] [debug] Sending RRC Setup Request
[2023-01-09 12:03:31.037] [rrc] [info] RRC connection established
[2023-01-09 12:03:31.037] [rrc] [info] UE switches to state [RRC-CONNECTED]
[2023-01-09 12:03:31.037] [nas] [info] UE switches to state [CM-CONNECTED]
[2023-01-09 12:03:31.057] [nas] [debug] Authentication Request received
[2023-01-09 12:03:31.063] [nas] [debug] Security Mode Command received
[2023-01-09 12:03:31.063] [nas] [debug] Selected integrity[2] ciphering[0]
[2023-01-09 12:03:31.097] [nas] [debug] Registration accept received
[2023-01-09 12:03:31.097] [nas] [info] UE switches to state [MM-REGISTERED/NORMAL-SERVICE]
[2023-01-09 12:03:31.097] [nas] [debug] Sending Registration Complete
[2023-01-09 12:03:31.097] [nas] [info] Initial Registration is successful
[2023-01-09 12:03:31.097] [nas] [debug] Sending PDU Session Establishment Request
[2023-01-09 12:03:31.097] [nas] [debug] UAC access attempt is allowed for identity[0], category[MO_sig]
[2023-01-09 12:03:31.333] [nas] [debug] PDU Session Establishment Accept received
[2023-01-09 12:03:31.333] [nas] [info] PDU Session establishment is successful PSI[1]
[2023-01-09 12:03:31.377] [app] [info] Connection setup for PDU session[1] is successful, TUN interface[uesimtun78, 10.60.0.79] is up.
[2023-01-09 12:03:52.437] [nas] [debug] De-registration required due to [NORMAL]
[2023-01-09 12:03:52.447] [nas] [debug] Starting de-registration procedure due to [NORMAL]
[2023-01-09 12:03:52.447] [nas] [debug] Performing local release of PDU session[1]
[2023-01-09 12:03:52.447] [nas] [info] UE switches to state [MM-DEREGISTER-INITIATED]
[2023-01-09 12:03:52.688] [rrc] [debug] RRC Release received
[2023-01-09 12:03:52.688] [nas] [debug] De-registration accept received
[2023-01-09 12:03:52.688] [nas] [info] UE switches to state [MM-DEREGISTERED/PS]
[2023-01-09 12:03:52.688] [nas] [info] De-registration is successful
[2023-01-09 12:03:52.688] [nas] [info] UE switches to state [CM-IDLE]
[2023-01-09 12:03:52.688] [nas] [info] UE switches to state [MM-DEREGISTERED/NORMAL-SERVICE]
[2023-01-09 12:03:52.688] [nas] [debug] Initial registration required due to [MM-DEREG-NORMAL-SERVICE]
[2023-01-09 12:03:52.694] [nas] [debug] UAC access attempt is allowed for identity[0], category[MO_sig]
[2023-01-09 12:03:52.694] [nas] [debug] Sending Initial Registration
[2023-01-09 12:03:52.694] [nas] [debug] Deleting NAS security context
[2023-01-09 12:03:52.694] [nas] [info] UE switches to state [MM-REGISTER-INITIATED]
[2023-01-09 12:03:52.694] [rrc] [debug] Sending RRC Setup Request
[2023-01-09 12:03:52.695] [rrc] [info] RRC connection established
[2023-01-09 12:03:52.695] [rrc] [info] UE switches to state [RRC-CONNECTED]
[2023-01-09 12:03:52.695] [nas] [info] UE switches to state [CM-CONNECTED]
[2023-01-09 12:03:53.190] [nas] [debug] Authentication Request received
[2023-01-09 12:03:53.464] [nas] [debug] Security Mode Command received
[2023-01-09 12:03:53.464] [nas] [debug] Selected integrity[2] ciphering[0]
[2023-01-09 12:03:53.751] [nas] [debug] Registration accept received
[2023-01-09 12:03:53.751] [nas] [info] UE switches to state [MM-REGISTERED/NORMAL-SERVICE]
[2023-01-09 12:03:53.751] [nas] [debug] Sending Registration Complete
[2023-01-09 12:03:53.751] [nas] [info] Initial Registration is successful
[2023-01-09 12:03:53.751] [nas] [debug] Sending PDU Session Establishment Request
[2023-01-09 12:03:53.752] [nas] [debug] UAC access attempt is allowed for identity[0], category[MO_sig]
[2023-01-09 12:03:54.150] [nas] [debug] PDU Session Establishment Accept received
[2023-01-09 12:03:54.150] [nas] [info] PDU Session establishment is successful PSI[1]
[2023-01-09 12:03:54.430] [app] [info] Connection setup for PDU session[1] is successful, TUN interface[uesimtun44, 10.60.0.121] is up.
[2023-01-09 12:04:22.521] [nas] [debug] Sending PDU Session Establishment Request
[2023-01-09 12:04:22.622] [nas] [error] No response from RRC from UAC checks, considering access attempt is barred
[2023-01-09 12:04:39.128] [nas] [warning] Retransmitting PDU Session Establishment Request due to T3580 expiry
[2023-01-09 12:04:39.129] [nas] [debug] UAC access attempt is allowed for identity[0], category[MO_sig]
[2023-01-09 12:04:39.375] [nas] [debug] PDU Session Establishment Accept received
[2023-01-09 12:04:39.375] [nas] [info] PDU Session establishment is successful PSI[2]
[2023-01-09 12:04:39.674] [app] [info] Connection setup for PDU session[2] is successful, TUN interface[uesimtun51, 10.60.1.51] is up.
[2023-01-09 12:04:47.687] [nas] [debug] Sending PDU Session Release Request for PSI[1]
[2023-01-09 12:04:47.688] [nas] [debug] Sending PDU Session Release Request for PSI[2]
[2023-01-09 12:04:47.709] [nas] [error] PDU Session Release Reject received [REQUEST_REJECTED_UNSPECIFIED]
[2023-01-09 12:04:47.709] [nas] [error] PS release reject received without being requested
[2023-01-09 12:04:47.709] [nas] [warning] Sending SM Cause[MESSAGE_TYPE_NOT_COMPATIBLE_WITH_THE_PROTOCOL_STATE] for PSI[1]
[2023-01-09 12:04:47.714] [nas] [error] PDU Session Release Reject received [REQUEST_REJECTED_UNSPECIFIED]
[2023-01-09 12:04:47.714] [nas] [error] PS release reject received without being requested
[2023-01-09 12:04:47.714] [nas] [warning] Sending SM Cause[MESSAGE_TYPE_NOT_COMPATIBLE_WITH_THE_PROTOCOL_STATE] for PSI[2]
[2023-01-09 12:04:58.742] [nas] [debug] Sending PDU Session Establishment Request
[2023-01-09 12:04:58.843] [nas] [error] No response from RRC from UAC checks, considering access attempt is barred
[2023-01-09 12:05:15.168] [nas] [warning] Retransmitting PDU Session Establishment Request due to T3580 expiry
[2023-01-09 12:05:15.168] [nas] [debug] UAC access attempt is allowed for identity[0], category[MO_sig]
[2023-01-09 12:05:15.241] [nas] [debug] PDU Session Establishment Accept received
[2023-01-09 12:05:15.241] [nas] [info] PDU Session establishment is successful PSI[3]
[2023-01-09 12:05:15.390] [app] [info] Connection setup for PDU session[3] is successful, TUN interface[uesimtun85, 10.60.1.159] is up.
[2023-01-09 12:05:32.911] [nas] [debug] Sending PDU Session Establishment Request
[2023-01-09 12:05:33.014] [nas] [error] No response from RRC from UAC checks, considering access attempt is barred
[2023-01-09 12:05:49.210] [nas] [warning] Retransmitting PDU Session Establishment Request due to T3580 expiry
[2023-01-09 12:05:49.210] [nas] [debug] UAC access attempt is allowed for identity[0], category[MO_sig]
[2023-01-09 12:05:49.346] [nas] [debug] PDU Session Establishment Accept received
[2023-01-09 12:05:49.346] [nas] [info] PDU Session establishment is successful PSI[4]
[2023-01-09 12:05:49.396] [app] [info] Connection setup for PDU session[4] is successful, TUN interface[uesimtun95, 10.60.2.5] is up.
[2023-01-09 12:06:08.077] [nas] [debug] Sending PDU Session Establishment Request
[2023-01-09 12:06:08.178] [nas] [error] No response from RRC from UAC checks, considering access attempt is barred
[2023-01-09 12:06:24.253] [nas] [warning] Retransmitting PDU Session Establishment Request due to T3580 expiry
[2023-01-09 12:06:24.258] [nas] [debug] UAC access attempt is allowed for identity[0], category[MO_sig]
[2023-01-09 12:06:24.331] [nas] [debug] PDU Session Establishment Accept received
[2023-01-09 12:06:24.331] [nas] [info] PDU Session establishment is successful PSI[5]
[2023-01-09 12:06:24.467] [app] [info] Connection setup for PDU session[5] is successful, TUN interface[uesimtun124, 10.60.2.95] is up.
[2023-01-09 12:06:42.254] [nas] [debug] Sending PDU Session Release Request for PSI[1]
[2023-01-09 12:06:42.254] [nas] [debug] Sending PDU Session Release Request for PSI[2]
[2023-01-09 12:06:42.254] [nas] [debug] Sending PDU Session Release Request for PSI[3]
[2023-01-09 12:06:42.254] [nas] [debug] Sending PDU Session Release Request for PSI[4]
[2023-01-09 12:06:42.254] [nas] [debug] Sending PDU Session Release Request for PSI[5]
[2023-01-09 12:06:42.390] [nas] [error] PDU Session Release Reject received [REQUEST_REJECTED_UNSPECIFIED]
[2023-01-09 12:06:42.390] [nas] [error] PS release reject received without being requested
[2023-01-09 12:06:42.390] [nas] [warning] Sending SM Cause[MESSAGE_TYPE_NOT_COMPATIBLE_WITH_THE_PROTOCOL_STATE] for PSI[1]
[2023-01-09 12:06:42.397] [nas] [error] PDU Session Release Reject received [REQUEST_REJECTED_UNSPECIFIED]
[2023-01-09 12:06:42.397] [nas] [error] PS release reject received without being requested
[2023-01-09 12:06:42.397] [nas] [warning] Sending SM Cause[MESSAGE_TYPE_NOT_COMPATIBLE_WITH_THE_PROTOCOL_STATE] for PSI[2]
[2023-01-09 12:06:42.403] [nas] [error] PDU Session Release Reject received [REQUEST_REJECTED_UNSPECIFIED]
[2023-01-09 12:06:42.403] [nas] [error] PS release reject received without being requested
[2023-01-09 12:06:42.403] [nas] [warning] Sending SM Cause[MESSAGE_TYPE_NOT_COMPATIBLE_WITH_THE_PROTOCOL_STATE] for PSI[3]
[2023-01-09 12:06:42.408] [nas] [debug] PDU Session Release Command received
[2023-01-09 12:06:42.408] [nas] [debug] Performing local release of PDU session[4]
[2023-01-09 12:06:42.416] [nas] [error] PDU Session Release Reject received [REQUEST_REJECTED_UNSPECIFIED]
[2023-01-09 12:06:42.416] [nas] [error] PS release reject received without being requested
[2023-01-09 12:06:42.416] [nas] [warning] Sending SM Cause[MESSAGE_TYPE_NOT_COMPATIBLE_WITH_THE_PROTOCOL_STATE] for PSI[5]
[2023-01-09 12:06:50.288] [nas] [debug] De-registration required due to [NORMAL]
[2023-01-09 12:06:50.298] [nas] [debug] Starting de-registration procedure due to [NORMAL]
[2023-01-09 12:06:50.298] [nas] [debug] Performing local release of PDU session[1]
[2023-01-09 12:06:50.298] [nas] [debug] Performing local release of PDU session[2]
[2023-01-09 12:06:50.298] [nas] [debug] Performing local release of PDU session[3]
[2023-01-09 12:06:50.298] [nas] [debug] Performing local release of PDU session[5]
[2023-01-09 12:06:50.298] [nas] [info] UE switches to state [MM-DEREGISTER-INITIATED]
[2023-01-09 12:06:50.412] [nas] [debug] De-registration accept received
[2023-01-09 12:06:50.412] [nas] [info] UE switches to state [MM-DEREGISTERED/PS]
[2023-01-09 12:06:50.412] [nas] [info] De-registration is successful
[2023-01-09 12:06:50.412] [nas] [info] UE switches to state [MM-DEREGISTERED/NORMAL-SERVICE]
[2023-01-09 12:06:50.412] [nas] [debug] Initial registration required due to [MM-DEREG-NORMAL-SERVICE]
[2023-01-09 12:06:50.412] [nas] [debug] Sending Initial Registration
[2023-01-09 12:06:50.412] [nas] [debug] Deleting NAS security context
[2023-01-09 12:06:50.412] [nas] [info] UE switches to state [MM-REGISTER-INITIATED]
[2023-01-09 12:06:50.431] [rrc] [debug] RRC Release received
[2023-01-09 12:06:50.431] [nas] [info] UE switches to state [CM-IDLE]
[2023-01-09 12:06:50.431] [nas] [info] UE switches to state [MM-DEREGISTERED/PS]
[2023-01-09 12:06:50.431] [nas] [info] UE switches to state [5U2-NOT-UPDATED]
[2023-01-09 12:06:50.431] [nas] [info] UE switches to state [MM-DEREGISTERED/ATTEMPTING-REGISTRATION]
[2023-01-09 12:07:01.310] [nas] [debug] NAS timer[3511] expired [1]
[2023-01-09 12:07:01.310] [nas] [debug] Initial registration required due to [T3511-EXPIRY-IN-ATT-REG]
[2023-01-09 12:07:01.310] [nas] [debug] UAC access attempt is allowed for identity[0], category[MO_sig]
[2023-01-09 12:07:01.310] [nas] [debug] Sending Initial Registration
[2023-01-09 12:07:01.310] [nas] [info] UE switches to state [MM-REGISTER-INITIATED]
[2023-01-09 12:07:01.310] [rrc] [debug] Sending RRC Setup Request
[2023-01-09 12:07:01.310] [rrc] [info] RRC connection established
[2023-01-09 12:07:01.310] [rrc] [info] UE switches to state [RRC-CONNECTED]
[2023-01-09 12:07:01.310] [nas] [info] UE switches to state [CM-CONNECTED]
[2023-01-09 12:07:01.526] [nas] [debug] Authentication Request received
[2023-01-09 12:07:01.542] [nas] [debug] Security Mode Command received
[2023-01-09 12:07:01.542] [nas] [debug] Selected integrity[2] ciphering[0]
[2023-01-09 12:07:01.591] [nas] [debug] Registration accept received
[2023-01-09 12:07:01.591] [nas] [info] UE switches to state [MM-REGISTERED/NORMAL-SERVICE]
[2023-01-09 12:07:01.591] [nas] [info] UE switches to state [5U1-UPDATED]
[2023-01-09 12:07:01.591] [nas] [debug] Sending Registration Complete
[2023-01-09 12:07:01.591] [nas] [info] Initial Registration is successful
[2023-01-09 12:07:01.591] [nas] [debug] Sending PDU Session Establishment Request
[2023-01-09 12:07:01.591] [nas] [debug] UAC access attempt is allowed for identity[0], category[MO_sig]
[2023-01-09 12:07:01.833] [nas] [debug] PDU Session Establishment Accept received
[2023-01-09 12:07:01.833] [nas] [info] PDU Session establishment is successful PSI[1]
[2023-01-09 12:07:01.908] [app] [info] Connection setup for PDU session[1] is successful, TUN interface[uesimtun55, 10.60.2.204] is up.
[2023-01-09 12:07:22.343] [nas] [debug] Sending PDU Session Establishment Request
[2023-01-09 12:07:22.444] [nas] [error] No response from RRC from UAC checks, considering access attempt is barred
[2023-01-09 12:07:38.480] [nas] [warning] Retransmitting PDU Session Establishment Request due to T3580 expiry
[2023-01-09 12:07:38.484] [nas] [debug] UAC access attempt is allowed for identity[0], category[MO_sig]
[2023-01-09 12:07:38.715] [nas] [debug] PDU Session Establishment Accept received
[2023-01-09 12:07:38.715] [nas] [info] PDU Session establishment is successful PSI[2]
[2023-01-09 12:07:38.839] [app] [info] Connection setup for PDU session[2] is successful, TUN interface[uesimtun155, 10.60.3.41] is up.
[2023-01-09 12:07:57.500] [nas] [debug] Sending PDU Session Establishment Request
[2023-01-09 12:07:57.601] [nas] [error] No response from RRC from UAC checks, considering access attempt is barred
[2023-01-09 12:08:13.632] [nas] [warning] Retransmitting PDU Session Establishment Request due to T3580 expiry
[2023-01-09 12:08:13.638] [nas] [debug] UAC access attempt is allowed for identity[0], category[MO_sig]
[2023-01-09 12:08:13.815] [nas] [debug] PDU Session Establishment Accept received
[2023-01-09 12:08:13.815] [nas] [info] PDU Session establishment is successful PSI[3]
[2023-01-09 12:08:13.938] [app] [info] Connection setup for PDU session[3] is successful, TUN interface[uesimtun131, 10.60.3.121] is up.
[2023-01-09 12:08:23.729] [nas] [debug] Sending PDU Session Release Request for PSI[1]
[2023-01-09 12:08:23.729] [nas] [debug] Sending PDU Session Release Request for PSI[2]
[2023-01-09 12:08:23.729] [nas] [debug] Sending PDU Session Release Request for PSI[3]
[2023-01-09 12:08:23.865] [nas] [error] PDU Session Release Reject received [REQUEST_REJECTED_UNSPECIFIED]
[2023-01-09 12:08:23.865] [nas] [error] PS release reject received without being requested
[2023-01-09 12:08:23.865] [nas] [warning] Sending SM Cause[MESSAGE_TYPE_NOT_COMPATIBLE_WITH_THE_PROTOCOL_STATE] for PSI[1]
[2023-01-09 12:08:23.870] [nas] [error] PDU Session Release Reject received [REQUEST_REJECTED_UNSPECIFIED]
[2023-01-09 12:08:23.870] [nas] [error] PS release reject received without being requested
[2023-01-09 12:08:23.870] [nas] [warning] Sending SM Cause[MESSAGE_TYPE_NOT_COMPATIBLE_WITH_THE_PROTOCOL_STATE] for PSI[2]
[2023-01-09 12:08:23.875] [nas] [error] PDU Session Release Reject received [REQUEST_REJECTED_UNSPECIFIED]
[2023-01-09 12:08:23.875] [nas] [error] PS release reject received without being requested
[2023-01-09 12:08:23.875] [nas] [warning] Sending SM Cause[MESSAGE_TYPE_NOT_COMPATIBLE_WITH_THE_PROTOCOL_STATE] for PSI[3]
[2023-01-09 12:08:38.782] [nas] [debug] De-registration required due to [NORMAL]
[2023-01-09 12:08:38.792] [nas] [debug] Starting de-registration procedure due to [NORMAL]
[2023-01-09 12:08:38.792] [nas] [debug] Performing local release of PDU session[1]
[2023-01-09 12:08:38.792] [nas] [debug] Performing local release of PDU session[2]
[2023-01-09 12:08:38.792] [nas] [debug] Performing local release of PDU session[3]
[2023-01-09 12:08:38.792] [nas] [info] UE switches to state [MM-DEREGISTER-INITIATED]
[2023-01-09 12:08:38.862] [nas] [debug] De-registration accept received
[2023-01-09 12:08:38.862] [nas] [info] UE switches to state [MM-DEREGISTERED/PS]
[2023-01-09 12:08:38.862] [nas] [info] De-registration is successful
[2023-01-09 12:08:38.862] [nas] [info] UE switches to state [MM-DEREGISTERED/NORMAL-SERVICE]
[2023-01-09 12:08:38.862] [nas] [debug] Initial registration required due to [MM-DEREG-NORMAL-SERVICE]
[2023-01-09 12:08:38.862] [nas] [debug] Sending Initial Registration
[2023-01-09 12:08:38.862] [nas] [debug] Deleting NAS security context
[2023-01-09 12:08:38.862] [nas] [info] UE switches to state [MM-REGISTER-INITIATED]
[2023-01-09 12:08:38.864] [rrc] [debug] RRC Release received
[2023-01-09 12:08:38.864] [nas] [info] UE switches to state [CM-IDLE]
[2023-01-09 12:08:38.864] [nas] [info] UE switches to state [MM-DEREGISTERED/PS]
[2023-01-09 12:08:38.864] [nas] [info] UE switches to state [5U2-NOT-UPDATED]
[2023-01-09 12:08:38.864] [nas] [info] UE switches to state [MM-DEREGISTERED/ATTEMPTING-REGISTRATION]
[2023-01-09 12:08:49.688] [nas] [debug] NAS timer[3511] expired [1]
[2023-01-09 12:08:49.688] [nas] [debug] Initial registration required due to [T3511-EXPIRY-IN-ATT-REG]
[2023-01-09 12:08:49.688] [nas] [debug] UAC access attempt is allowed for identity[0], category[MO_sig]
[2023-01-09 12:08:49.688] [nas] [debug] Sending Initial Registration
[2023-01-09 12:08:49.688] [nas] [info] UE switches to state [MM-REGISTER-INITIATED]
[2023-01-09 12:08:49.688] [rrc] [debug] Sending RRC Setup Request
[2023-01-09 12:08:49.688] [rrc] [info] RRC connection established
[2023-01-09 12:08:49.688] [rrc] [info] UE switches to state [RRC-CONNECTED]
[2023-01-09 12:08:49.688] [nas] [info] UE switches to state [CM-CONNECTED]
[2023-01-09 12:08:49.734] [nas] [debug] Authentication Request received
[2023-01-09 12:08:49.750] [nas] [debug] Security Mode Command received
[2023-01-09 12:08:49.750] [nas] [debug] Selected integrity[2] ciphering[0]
[2023-01-09 12:08:49.780] [nas] [debug] Registration accept received
[2023-01-09 12:08:49.780] [nas] [info] UE switches to state [MM-REGISTERED/NORMAL-SERVICE]
[2023-01-09 12:08:49.780] [nas] [info] UE switches to state [5U1-UPDATED]
[2023-01-09 12:08:49.780] [nas] [debug] Sending Registration Complete
[2023-01-09 12:08:49.780] [nas] [info] Initial Registration is successful
[2023-01-09 12:08:49.780] [nas] [debug] Sending PDU Session Establishment Request
[2023-01-09 12:08:49.783] [nas] [debug] UAC access attempt is allowed for identity[0], category[MO_sig]
[2023-01-09 12:08:50.013] [nas] [debug] PDU Session Establishment Accept received
[2023-01-09 12:08:50.017] [nas] [info] PDU Session establishment is successful PSI[1]
[2023-01-09 12:08:50.075] [app] [info] Connection setup for PDU session[1] is successful, TUN interface[uesimtun32, 10.60.3.213] is up.
[2023-01-09 12:09:05.863] [nas] [debug] Sending PDU Session Release Request for PSI[1]
[2023-01-09 12:09:14.911] [nas] [debug] Sending PDU Session Release Request for PSI[1]
[2023-01-09 12:09:20.950] [nas] [debug] Sending PDU Session Release Request for PSI[1]
[2023-01-09 12:09:22.725] [nas] [warning] Retransmitting PDU Session Release Request due to T3582 expiry
[2023-01-09 12:09:31.734] [nas] [warning] Retransmitting PDU Session Release Request due to T3582 expiry
[2023-01-09 12:09:34.019] [nas] [debug] Sending PDU Session Release Request for PSI[1]
[2023-01-09 12:09:37.740] [nas] [warning] Retransmitting PDU Session Release Request due to T3582 expiry
[2023-01-09 12:09:38.741] [nas] [warning] Retransmitting PDU Session Release Request due to T3582 expiry
[2023-01-09 12:09:47.750] [nas] [warning] Retransmitting PDU Session Release Request due to T3582 expiry
[2023-01-09 12:09:48.064] [nas] [debug] Sending PDU Session Establishment Request
[2023-01-09 12:09:48.165] [nas] [error] No response from RRC from UAC checks, considering access attempt is barred
[2023-01-09 12:09:50.753] [nas] [warning] Retransmitting PDU Session Release Request due to T3582 expiry
[2023-01-09 12:09:53.756] [nas] [warning] Retransmitting PDU Session Release Request due to T3582 expiry
[2023-01-09 12:09:54.757] [nas] [warning] Retransmitting PDU Session Release Request due to T3582 expiry
