UERANSIM v3.2.6
[2023-01-09 12:02:38.943] [nas] [info] UE switches to state [MM-DEREGISTERED/PLMN-SEARCH]
[2023-01-09 12:02:38.944] [rrc] [debug] New signal detected for cell[1], total [1] cells in coverage
[2023-01-09 12:02:38.945] [nas] [info] Selected plmn[208/93]
[2023-01-09 12:02:38.945] [rrc] [info] Selected cell plmn[208/93] tac[1] category[SUITABLE]
[2023-01-09 12:02:38.945] [nas] [info] UE switches to state [MM-DEREGISTERED/PS]
[2023-01-09 12:02:38.945] [nas] [info] UE switches to state [MM-DEREGISTERED/NORMAL-SERVICE]
[2023-01-09 12:02:38.945] [nas] [debug] Initial registration required due to [MM-DEREG-NORMAL-SERVICE]
[2023-01-09 12:02:38.945] [nas] [debug] UAC access attempt is allowed for identity[0], category[MO_sig]
[2023-01-09 12:02:38.945] [nas] [debug] Sending Initial Registration
[2023-01-09 12:02:38.945] [rrc] [debug] Sending RRC Setup Request
[2023-01-09 12:02:38.945] [nas] [info] UE switches to state [MM-REGISTER-INITIATED]
[2023-01-09 12:02:38.945] [rrc] [info] RRC connection established
[2023-01-09 12:02:38.945] [rrc] [info] UE switches to state [RRC-CONNECTED]
[2023-01-09 12:02:38.945] [nas] [info] UE switches to state [CM-CONNECTED]
[2023-01-09 12:02:38.962] [nas] [debug] Authentication Request received
[2023-01-09 12:02:38.967] [nas] [debug] Security Mode Command received
[2023-01-09 12:02:38.967] [nas] [debug] Selected integrity[2] ciphering[0]
[2023-01-09 12:02:38.992] [nas] [debug] Registration accept received
[2023-01-09 12:02:38.992] [nas] [info] UE switches to state [MM-REGISTERED/NORMAL-SERVICE]
[2023-01-09 12:02:38.992] [nas] [debug] Sending Registration Complete
[2023-01-09 12:02:38.992] [nas] [info] Initial Registration is successful
[2023-01-09 12:02:38.992] [nas] [debug] Sending PDU Session Establishment Request
[2023-01-09 12:02:38.992] [nas] [debug] UAC access attempt is allowed for identity[0], category[MO_sig]
[2023-01-09 12:02:39.231] [nas] [debug] PDU Session Establishment Accept received
[2023-01-09 12:02:39.231] [nas] [info] PDU Session establishment is successful PSI[1]
[2023-01-09 12:02:39.263] [app] [info] Connection setup for PDU session[1] is successful, TUN interface[uesimtun27, 10.60.0.28] is up.
[2023-01-09 12:03:54.697] [nas] [debug] Sending PDU Session Release Request for PSI[1]
[2023-01-09 12:03:55.100] [nas] [debug] PDU Session Release Command received
[2023-01-09 12:03:55.100] [nas] [debug] Performing local release of PDU session[1]
[2023-01-09 12:03:55.398] [nas] [debug] Sending PDU Session Establishment Request
[2023-01-09 12:03:55.420] [nas] [debug] UAC access attempt is allowed for identity[0], category[MO_sig]
[2023-01-09 12:03:55.645] [nas] [debug] PDU Session Establishment Accept received
[2023-01-09 12:03:55.645] [nas] [info] PDU Session establishment is successful PSI[1]
[2023-01-09 12:03:55.762] [app] [info] Connection setup for PDU session[1] is successful, TUN interface[uesimtun79, 10.60.0.146] is up.
[2023-01-09 12:04:02.851] [nas] [debug] Sending PDU Session Establishment Request
[2023-01-09 12:04:02.952] [nas] [error] No response from RRC from UAC checks, considering access attempt is barred
[2023-01-09 12:04:19.056] [nas] [warning] Retransmitting PDU Session Establishment Request due to T3580 expiry
[2023-01-09 12:04:19.056] [nas] [debug] UAC access attempt is allowed for identity[0], category[MO_sig]
[2023-01-09 12:04:19.088] [nas] [debug] PDU Session Establishment Accept received
[2023-01-09 12:04:19.088] [nas] [info] PDU Session establishment is successful PSI[2]
[2023-01-09 12:04:19.445] [app] [info] Connection setup for PDU session[2] is successful, TUN interface[uesimtun126, 10.60.0.226] is up.
[2023-01-09 12:04:37.017] [nas] [debug] Sending PDU Session Release Request for PSI[1]
[2023-01-09 12:04:37.017] [nas] [debug] Sending PDU Session Release Request for PSI[2]
[2023-01-09 12:04:37.159] [nas] [debug] PDU Session Release Command received
[2023-01-09 12:04:37.160] [nas] [debug] Performing local release of PDU session[1]
[2023-01-09 12:04:37.172] [nas] [error] PDU Session Release Reject received [REQUEST_REJECTED_UNSPECIFIED]
[2023-01-09 12:04:37.172] [nas] [error] PS release reject received without being requested
[2023-01-09 12:04:37.172] [nas] [warning] Sending SM Cause[MESSAGE_TYPE_NOT_COMPATIBLE_WITH_THE_PROTOCOL_STATE] for PSI[2]
[2023-01-09 12:04:50.097] [nas] [debug] Sending PDU Session Release Request for PSI[2]
[2023-01-09 12:04:50.216] [nas] [error] PDU Session Release Reject received [REQUEST_REJECTED_UNSPECIFIED]
[2023-01-09 12:04:50.216] [nas] [error] PS release reject received without being requested
[2023-01-09 12:04:50.216] [nas] [warning] Sending SM Cause[MESSAGE_TYPE_NOT_COMPATIBLE_WITH_THE_PROTOCOL_STATE] for PSI[2]
[2023-01-09 12:05:02.135] [nas] [debug] Sending PDU Session Establishment Request
[2023-01-09 12:05:02.239] [nas] [error] No response from RRC from UAC checks, considering access attempt is barred
[2023-01-09 12:05:18.139] [nas] [warning] Retransmitting PDU Session Establishment Request due to T3580 expiry
[2023-01-09 12:05:18.139] [nas] [debug] UAC access attempt is allowed for identity[0], category[MO_sig]
[2023-01-09 12:05:18.291] [nas] [debug] PDU Session Establishment Accept received
[2023-01-09 12:05:18.291] [nas] [info] PDU Session establishment is successful PSI[1]
[2023-01-09 12:05:18.447] [app] [info] Connection setup for PDU session[1] is successful, TUN interface[uesimtun49, 10.60.1.167] is up.
[2023-01-09 12:05:34.464] [nas] [debug] Sending PDU Session Release Request for PSI[2]
[2023-01-09 12:05:34.610] [nas] [error] PDU Session Release Reject received [REQUEST_REJECTED_UNSPECIFIED]
[2023-01-09 12:05:34.610] [nas] [error] PS release reject received without being requested
[2023-01-09 12:05:34.610] [nas] [warning] Sending SM Cause[MESSAGE_TYPE_NOT_COMPATIBLE_WITH_THE_PROTOCOL_STATE] for PSI[2]
[2023-01-09 12:05:49.512] [nas] [debug] De-registration required due to [NORMAL]
[2023-01-09 12:05:49.522] [nas] [debug] Starting de-registration procedure due to [NORMAL]
[2023-01-09 12:05:49.522] [nas] [debug] Performing local release of PDU session[1]
[2023-01-09 12:05:49.522] [nas] [debug] Performing local release of PDU session[2]
[2023-01-09 12:05:49.522] [nas] [info] UE switches to state [MM-DEREGISTER-INITIATED]
[2023-01-09 12:05:49.569] [nas] [debug] De-registration accept received
[2023-01-09 12:05:49.569] [nas] [info] UE switches to state [MM-DEREGISTERED/PS]
[2023-01-09 12:05:49.569] [nas] [info] De-registration is successful
[2023-01-09 12:05:49.569] [nas] [info] UE switches to state [MM-DEREGISTERED/NORMAL-SERVICE]
[2023-01-09 12:05:49.569] [nas] [debug] Initial registration required due to [MM-DEREG-NORMAL-SERVICE]
[2023-01-09 12:05:49.569] [nas] [debug] Sending Initial Registration
[2023-01-09 12:05:49.569] [nas] [debug] Deleting NAS security context
[2023-01-09 12:05:49.569] [nas] [info] UE switches to state [MM-REGISTER-INITIATED]
[2023-01-09 12:05:49.576] [rrc] [debug] RRC Release received
[2023-01-09 12:05:49.576] [nas] [info] UE switches to state [CM-IDLE]
[2023-01-09 12:05:49.576] [nas] [info] UE switches to state [MM-DEREGISTERED/PS]
[2023-01-09 12:05:49.576] [nas] [info] UE switches to state [5U2-NOT-UPDATED]
[2023-01-09 12:05:49.577] [nas] [info] UE switches to state [MM-DEREGISTERED/ATTEMPTING-REGISTRATION]
[2023-01-09 12:06:00.194] [nas] [debug] NAS timer[3511] expired [1]
[2023-01-09 12:06:00.194] [nas] [debug] Initial registration required due to [T3511-EXPIRY-IN-ATT-REG]
[2023-01-09 12:06:00.194] [nas] [debug] UAC access attempt is allowed for identity[0], category[MO_sig]
[2023-01-09 12:06:00.194] [nas] [debug] Sending Initial Registration
[2023-01-09 12:06:00.194] [nas] [info] UE switches to state [MM-REGISTER-INITIATED]
[2023-01-09 12:06:00.194] [rrc] [debug] Sending RRC Setup Request
[2023-01-09 12:06:00.194] [rrc] [info] RRC connection established
[2023-01-09 12:06:00.194] [rrc] [info] UE switches to state [RRC-CONNECTED]
[2023-01-09 12:06:00.194] [nas] [info] UE switches to state [CM-CONNECTED]
[2023-01-09 12:06:00.210] [nas] [debug] Authentication Request received
[2023-01-09 12:06:00.216] [nas] [debug] Security Mode Command received
[2023-01-09 12:06:00.216] [nas] [debug] Selected integrity[2] ciphering[0]
[2023-01-09 12:06:00.237] [nas] [debug] Registration accept received
[2023-01-09 12:06:00.237] [nas] [info] UE switches to state [MM-REGISTERED/NORMAL-SERVICE]
[2023-01-09 12:06:00.237] [nas] [info] UE switches to state [5U1-UPDATED]
[2023-01-09 12:06:00.237] [nas] [debug] Sending Registration Complete
[2023-01-09 12:06:00.237] [nas] [info] Initial Registration is successful
[2023-01-09 12:06:00.237] [nas] [debug] Sending PDU Session Establishment Request
[2023-01-09 12:06:00.237] [nas] [debug] UAC access attempt is allowed for identity[0], category[MO_sig]
[2023-01-09 12:06:00.472] [nas] [debug] PDU Session Establishment Accept received
[2023-01-09 12:06:00.473] [nas] [info] PDU Session establishment is successful PSI[1]
[2023-01-09 12:06:00.553] [app] [info] Connection setup for PDU session[1] is successful, TUN interface[uesimtun68, 10.60.2.29] is up.
[2023-01-09 12:06:23.585] [nas] [debug] De-registration required due to [NORMAL]
[2023-01-09 12:06:23.595] [nas] [debug] Starting de-registration procedure due to [NORMAL]
[2023-01-09 12:06:23.595] [nas] [debug] Performing local release of PDU session[1]
[2023-01-09 12:06:23.596] [nas] [info] UE switches to state [MM-DEREGISTER-INITIATED]
[2023-01-09 12:06:23.748] [nas] [debug] De-registration accept received
[2023-01-09 12:06:23.748] [nas] [info] UE switches to state [MM-DEREGISTERED/PS]
[2023-01-09 12:06:23.748] [nas] [info] De-registration is successful
[2023-01-09 12:06:23.748] [nas] [info] UE switches to state [MM-DEREGISTERED/NORMAL-SERVICE]
[2023-01-09 12:06:23.748] [nas] [debug] Initial registration required due to [MM-DEREG-NORMAL-SERVICE]
[2023-01-09 12:06:23.748] [nas] [debug] Sending Initial Registration
[2023-01-09 12:06:23.748] [nas] [debug] Deleting NAS security context
[2023-01-09 12:06:23.748] [nas] [info] UE switches to state [MM-REGISTER-INITIATED]
[2023-01-09 12:06:23.749] [rrc] [debug] RRC Release received
[2023-01-09 12:06:23.749] [nas] [info] UE switches to state [CM-IDLE]
[2023-01-09 12:06:23.749] [nas] [info] UE switches to state [MM-DEREGISTERED/PS]
[2023-01-09 12:06:23.749] [nas] [info] UE switches to state [5U2-NOT-UPDATED]
[2023-01-09 12:06:23.749] [nas] [info] UE switches to state [MM-DEREGISTERED/ATTEMPTING-REGISTRATION]
[2023-01-09 12:06:34.241] [nas] [debug] NAS timer[3511] expired [1]
[2023-01-09 12:06:34.241] [nas] [debug] Initial registration required due to [T3511-EXPIRY-IN-ATT-REG]
[2023-01-09 12:06:34.242] [nas] [debug] UAC access attempt is allowed for identity[0], category[MO_sig]
[2023-01-09 12:06:34.242] [nas] [debug] Sending Initial Registration
[2023-01-09 12:06:34.242] [nas] [info] UE switches to state [MM-REGISTER-INITIATED]
[2023-01-09 12:06:34.243] [rrc] [debug] Sending RRC Setup Request
[2023-01-09 12:06:34.243] [rrc] [info] RRC connection established
[2023-01-09 12:06:34.243] [rrc] [info] UE switches to state [RRC-CONNECTED]
[2023-01-09 12:06:34.244] [nas] [info] UE switches to state [CM-CONNECTED]
[2023-01-09 12:06:34.503] [nas] [debug] Authentication Request received
[2023-01-09 12:06:34.557] [nas] [debug] Security Mode Command received
[2023-01-09 12:06:34.557] [nas] [debug] Selected integrity[2] ciphering[0]
[2023-01-09 12:06:34.620] [nas] [debug] Registration accept received
[2023-01-09 12:06:34.620] [nas] [info] UE switches to state [MM-REGISTERED/NORMAL-SERVICE]
[2023-01-09 12:06:34.620] [nas] [info] UE switches to state [5U1-UPDATED]
[2023-01-09 12:06:34.620] [nas] [debug] Sending Registration Complete
[2023-01-09 12:06:34.620] [nas] [info] Initial Registration is successful
[2023-01-09 12:06:34.620] [nas] [debug] Sending PDU Session Establishment Request
[2023-01-09 12:06:34.645] [nas] [debug] UAC access attempt is allowed for identity[0], category[MO_sig]
[2023-01-09 12:06:34.855] [nas] [debug] PDU Session Establishment Accept received
[2023-01-09 12:06:34.855] [nas] [info] PDU Session establishment is successful PSI[1]
[2023-01-09 12:06:34.935] [app] [info] Connection setup for PDU session[1] is successful, TUN interface[uesimtun90, 10.60.2.130] is up.
[2023-01-09 12:06:51.666] [nas] [debug] Sending PDU Session Release Request for PSI[1]
[2023-01-09 12:06:51.687] [nas] [debug] PDU Session Release Command received
[2023-01-09 12:06:51.687] [nas] [debug] Performing local release of PDU session[1]
[2023-01-09 12:06:52.231] [nas] [debug] Sending PDU Session Establishment Request
[2023-01-09 12:06:52.232] [nas] [debug] UAC access attempt is allowed for identity[0], category[MO_sig]
[2023-01-09 12:06:52.373] [nas] [debug] PDU Session Establishment Accept received
[2023-01-09 12:06:52.373] [nas] [info] PDU Session establishment is successful PSI[1]
[2023-01-09 12:06:52.444] [app] [info] Connection setup for PDU session[1] is successful, TUN interface[uesimtun39, 10.60.2.172] is up.
[2023-01-09 12:07:03.755] [nas] [debug] Sending PDU Session Establishment Request
[2023-01-09 12:07:03.856] [nas] [error] No response from RRC from UAC checks, considering access attempt is barred
[2023-01-09 12:07:20.294] [nas] [warning] Retransmitting PDU Session Establishment Request due to T3580 expiry
[2023-01-09 12:07:20.296] [nas] [debug] UAC access attempt is allowed for identity[0], category[MO_sig]
[2023-01-09 12:07:20.384] [nas] [debug] PDU Session Establishment Accept received
[2023-01-09 12:07:20.384] [nas] [info] PDU Session establishment is successful PSI[2]
[2023-01-09 12:07:20.554] [app] [info] Connection setup for PDU session[2] is successful, TUN interface[uesimtun2, 10.60.2.244] is up.
[2023-01-09 12:07:34.976] [nas] [debug] Sending PDU Session Release Request for PSI[1]
[2023-01-09 12:07:34.996] [nas] [error] PDU Session Release Reject received [REQUEST_REJECTED_UNSPECIFIED]
[2023-01-09 12:07:34.996] [nas] [error] PS release reject received without being requested
[2023-01-09 12:07:34.996] [nas] [warning] Sending SM Cause[MESSAGE_TYPE_NOT_COMPATIBLE_WITH_THE_PROTOCOL_STATE] for PSI[1]
[2023-01-09 12:07:50.016] [nas] [debug] De-registration required due to [NORMAL]
[2023-01-09 12:07:50.025] [nas] [debug] Starting de-registration procedure due to [NORMAL]
[2023-01-09 12:07:50.025] [nas] [debug] Performing local release of PDU session[1]
[2023-01-09 12:07:50.025] [nas] [debug] Performing local release of PDU session[2]
[2023-01-09 12:07:50.025] [nas] [info] UE switches to state [MM-DEREGISTER-INITIATED]
[2023-01-09 12:07:50.040] [rrc] [debug] RRC Release received
[2023-01-09 12:07:50.040] [nas] [debug] De-registration accept received
[2023-01-09 12:07:50.040] [nas] [info] UE switches to state [MM-DEREGISTERED/PS]
[2023-01-09 12:07:50.040] [nas] [info] De-registration is successful
[2023-01-09 12:07:50.040] [nas] [info] UE switches to state [CM-IDLE]
[2023-01-09 12:07:50.040] [nas] [info] UE switches to state [MM-DEREGISTERED/NORMAL-SERVICE]
[2023-01-09 12:07:50.040] [nas] [debug] Initial registration required due to [MM-DEREG-NORMAL-SERVICE]
[2023-01-09 12:07:50.040] [nas] [debug] UAC access attempt is allowed for identity[0], category[MO_sig]
[2023-01-09 12:07:50.040] [nas] [debug] Sending Initial Registration
[2023-01-09 12:07:50.040] [nas] [debug] Deleting NAS security context
[2023-01-09 12:07:50.040] [nas] [info] UE switches to state [MM-REGISTER-INITIATED]
[2023-01-09 12:07:50.040] [rrc] [debug] Sending RRC Setup Request
[2023-01-09 12:07:50.044] [rrc] [info] RRC connection established
[2023-01-09 12:07:50.044] [rrc] [info] UE switches to state [RRC-CONNECTED]
[2023-01-09 12:07:50.044] [nas] [info] UE switches to state [CM-CONNECTED]
[2023-01-09 12:07:50.266] [nas] [debug] Authentication Request received
[2023-01-09 12:07:50.275] [nas] [debug] Security Mode Command received
[2023-01-09 12:07:50.275] [nas] [debug] Selected integrity[2] ciphering[0]
[2023-01-09 12:07:50.305] [nas] [debug] Registration accept received
[2023-01-09 12:07:50.305] [nas] [info] UE switches to state [MM-REGISTERED/NORMAL-SERVICE]
[2023-01-09 12:07:50.305] [nas] [debug] Sending Registration Complete
[2023-01-09 12:07:50.305] [nas] [info] Initial Registration is successful
[2023-01-09 12:07:50.305] [nas] [debug] Sending PDU Session Establishment Request
[2023-01-09 12:07:50.308] [nas] [debug] UAC access attempt is allowed for identity[0], category[MO_sig]
[2023-01-09 12:07:50.543] [nas] [debug] PDU Session Establishment Accept received
[2023-01-09 12:07:50.543] [nas] [info] PDU Session establishment is successful PSI[1]
[2023-01-09 12:07:50.715] [app] [info] Connection setup for PDU session[1] is successful, TUN interface[uesimtun2, 10.60.3.64] is up.
[2023-01-09 12:08:19.091] [nas] [debug] Sending PDU Session Release Request for PSI[1]
[2023-01-09 12:08:19.114] [nas] [error] PDU Session Release Reject received [REQUEST_REJECTED_UNSPECIFIED]
[2023-01-09 12:08:19.114] [nas] [error] PS release reject received without being requested
[2023-01-09 12:08:19.114] [nas] [warning] Sending SM Cause[MESSAGE_TYPE_NOT_COMPATIBLE_WITH_THE_PROTOCOL_STATE] for PSI[1]
[2023-01-09 12:08:26.121] [nas] [debug] De-registration required due to [NORMAL]
[2023-01-09 12:08:26.135] [nas] [debug] Starting de-registration procedure due to [NORMAL]
[2023-01-09 12:08:26.135] [nas] [debug] Performing local release of PDU session[1]
[2023-01-09 12:08:26.135] [nas] [info] UE switches to state [MM-DEREGISTER-INITIATED]
[2023-01-09 12:08:26.333] [nas] [debug] De-registration accept received
[2023-01-09 12:08:26.333] [nas] [info] UE switches to state [MM-DEREGISTERED/PS]
[2023-01-09 12:08:26.333] [nas] [info] De-registration is successful
[2023-01-09 12:08:26.333] [nas] [info] UE switches to state [MM-DEREGISTERED/NORMAL-SERVICE]
[2023-01-09 12:08:26.333] [nas] [debug] Initial registration required due to [MM-DEREG-NORMAL-SERVICE]
[2023-01-09 12:08:26.333] [nas] [debug] Sending Initial Registration
[2023-01-09 12:08:26.333] [nas] [debug] Deleting NAS security context
[2023-01-09 12:08:26.333] [nas] [info] UE switches to state [MM-REGISTER-INITIATED]
[2023-01-09 12:08:26.334] [rrc] [debug] RRC Release received
[2023-01-09 12:08:26.335] [nas] [info] UE switches to state [CM-IDLE]
[2023-01-09 12:08:26.335] [nas] [info] UE switches to state [MM-DEREGISTERED/PS]
[2023-01-09 12:08:26.335] [nas] [info] UE switches to state [5U2-NOT-UPDATED]
[2023-01-09 12:08:26.335] [nas] [info] UE switches to state [MM-DEREGISTERED/ATTEMPTING-REGISTRATION]
[2023-01-09 12:08:36.388] [nas] [debug] NAS timer[3511] expired [1]
[2023-01-09 12:08:36.388] [nas] [debug] Initial registration required due to [T3511-EXPIRY-IN-ATT-REG]
[2023-01-09 12:08:36.395] [nas] [debug] UAC access attempt is allowed for identity[0], category[MO_sig]
[2023-01-09 12:08:36.395] [nas] [debug] Sending Initial Registration
[2023-01-09 12:08:36.395] [rrc] [debug] Sending RRC Setup Request
[2023-01-09 12:08:36.395] [nas] [info] UE switches to state [MM-REGISTER-INITIATED]
[2023-01-09 12:08:36.396] [rrc] [info] RRC connection established
[2023-01-09 12:08:36.396] [rrc] [info] UE switches to state [RRC-CONNECTED]
[2023-01-09 12:08:36.396] [nas] [info] UE switches to state [CM-CONNECTED]
[2023-01-09 12:08:36.672] [nas] [debug] Authentication Request received
[2023-01-09 12:08:36.748] [nas] [debug] Security Mode Command received
[2023-01-09 12:08:36.748] [nas] [debug] Selected integrity[2] ciphering[0]
[2023-01-09 12:08:36.793] [nas] [debug] Registration accept received
[2023-01-09 12:08:36.793] [nas] [info] UE switches to state [MM-REGISTERED/NORMAL-SERVICE]
[2023-01-09 12:08:36.793] [nas] [info] UE switches to state [5U1-UPDATED]
[2023-01-09 12:08:36.793] [nas] [debug] Sending Registration Complete
[2023-01-09 12:08:36.793] [nas] [info] Initial Registration is successful
[2023-01-09 12:08:36.793] [nas] [debug] Sending PDU Session Establishment Request
[2023-01-09 12:08:36.801] [nas] [debug] UAC access attempt is allowed for identity[0], category[MO_sig]
[2023-01-09 12:08:37.037] [nas] [debug] PDU Session Establishment Accept received
[2023-01-09 12:08:37.037] [nas] [info] PDU Session establishment is successful PSI[1]
[2023-01-09 12:08:37.138] [app] [info] Connection setup for PDU session[1] is successful, TUN interface[uesimtun33, 10.60.3.187] is up.
[2023-01-09 12:08:58.191] [nas] [debug] Sending PDU Session Establishment Request
[2023-01-09 12:08:58.292] [nas] [error] No response from RRC from UAC checks, considering access attempt is barred
[2023-01-09 12:09:14.443] [nas] [warning] Retransmitting PDU Session Establishment Request due to T3580 expiry
[2023-01-09 12:09:14.443] [nas] [debug] UAC access attempt is allowed for identity[0], category[MO_sig]
[2023-01-09 12:09:24.346] [nas] [debug] Sending PDU Session Release Request for PSI[1]
[2023-01-09 12:09:30.462] [nas] [warning] Retransmitting PDU Session Establishment Request due to T3580 expiry
[2023-01-09 12:09:30.469] [nas] [debug] UAC access attempt is allowed for identity[0], category[MO_sig]
[2023-01-09 12:09:38.406] [nas] [debug] Sending PDU Session Establishment Request
[2023-01-09 12:09:38.511] [nas] [error] No response from RRC from UAC checks, considering access attempt is barred
[2023-01-09 12:09:40.519] [nas] [warning] Retransmitting PDU Session Release Request due to T3582 expiry
[2023-01-09 12:09:46.525] [nas] [warning] Retransmitting PDU Session Establishment Request due to T3580 expiry
[2023-01-09 12:09:46.528] [nas] [debug] UAC access attempt is allowed for identity[0], category[MO_sig]
[2023-01-09 12:09:54.535] [nas] [warning] Retransmitting PDU Session Establishment Request due to T3580 expiry
[2023-01-09 12:09:54.535] [nas] [debug] UAC access attempt is allowed for identity[0], category[MO_sig]
[2023-01-09 12:09:56.537] [nas] [warning] Retransmitting PDU Session Release Request due to T3582 expiry
[2023-01-09 12:10:02.543] [nas] [warning] Retransmitting PDU Session Establishment Request due to T3580 expiry
[2023-01-09 12:10:02.544] [nas] [debug] UAC access attempt is allowed for identity[0], category[MO_sig]
