UERANSIM v3.2.6
[2023-01-09 12:02:24.917] [nas] [info] UE switches to state [MM-DEREGISTERED/PLMN-SEARCH]
[2023-01-09 12:02:24.918] [rrc] [debug] New signal detected for cell[1], total [1] cells in coverage
[2023-01-09 12:02:24.918] [nas] [info] Selected plmn[208/93]
[2023-01-09 12:02:24.918] [rrc] [info] Selected cell plmn[208/93] tac[1] category[SUITABLE]
[2023-01-09 12:02:24.918] [nas] [info] UE switches to state [MM-DEREGISTERED/PS]
[2023-01-09 12:02:24.918] [nas] [info] UE switches to state [MM-DEREGISTERED/NORMAL-SERVICE]
[2023-01-09 12:02:24.918] [nas] [debug] Initial registration required due to [MM-DEREG-NORMAL-SERVICE]
[2023-01-09 12:02:24.918] [nas] [debug] UAC access attempt is allowed for identity[0], category[MO_sig]
[2023-01-09 12:02:24.918] [nas] [debug] Sending Initial Registration
[2023-01-09 12:02:24.918] [nas] [info] UE switches to state [MM-REGISTER-INITIATED]
[2023-01-09 12:02:24.918] [rrc] [debug] Sending RRC Setup Request
[2023-01-09 12:02:24.918] [rrc] [info] RRC connection established
[2023-01-09 12:02:24.918] [rrc] [info] UE switches to state [RRC-CONNECTED]
[2023-01-09 12:02:24.919] [nas] [info] UE switches to state [CM-CONNECTED]
[2023-01-09 12:02:24.934] [nas] [debug] Authentication Request received
[2023-01-09 12:02:24.939] [nas] [debug] Security Mode Command received
[2023-01-09 12:02:24.939] [nas] [debug] Selected integrity[2] ciphering[0]
[2023-01-09 12:02:24.965] [nas] [debug] Registration accept received
[2023-01-09 12:02:24.965] [nas] [info] UE switches to state [MM-REGISTERED/NORMAL-SERVICE]
[2023-01-09 12:02:24.965] [nas] [debug] Sending Registration Complete
[2023-01-09 12:02:24.965] [nas] [info] Initial Registration is successful
[2023-01-09 12:02:24.965] [nas] [debug] Sending PDU Session Establishment Request
[2023-01-09 12:02:24.965] [nas] [debug] UAC access attempt is allowed for identity[0], category[MO_sig]
[2023-01-09 12:02:25.199] [nas] [debug] PDU Session Establishment Accept received
[2023-01-09 12:02:25.199] [nas] [info] PDU Session establishment is successful PSI[1]
[2023-01-09 12:02:25.229] [app] [info] Connection setup for PDU session[1] is successful, TUN interface[uesimtun13, 10.60.0.14] is up.
[2023-01-09 12:03:54.696] [nas] [debug] Sending PDU Session Release Request for PSI[1]
[2023-01-09 12:03:55.085] [nas] [debug] PDU Session Release Command received
[2023-01-09 12:03:55.085] [nas] [debug] Performing local release of PDU session[1]
[2023-01-09 12:03:55.210] [nas] [debug] Sending PDU Session Establishment Request
[2023-01-09 12:03:55.211] [nas] [debug] UAC access attempt is allowed for identity[0], category[MO_sig]
[2023-01-09 12:03:55.469] [nas] [debug] PDU Session Establishment Accept received
[2023-01-09 12:03:55.469] [nas] [info] PDU Session establishment is successful PSI[1]
[2023-01-09 12:03:55.588] [app] [info] Connection setup for PDU session[1] is successful, TUN interface[uesimtun70, 10.60.0.142] is up.
[2023-01-09 12:04:03.727] [nas] [debug] De-registration required due to [NORMAL]
[2023-01-09 12:04:03.737] [nas] [debug] Starting de-registration procedure due to [NORMAL]
[2023-01-09 12:04:03.737] [nas] [debug] Performing local release of PDU session[1]
[2023-01-09 12:04:03.737] [nas] [info] UE switches to state [MM-DEREGISTER-INITIATED]
[2023-01-09 12:04:03.852] [nas] [debug] De-registration accept received
[2023-01-09 12:04:03.852] [nas] [info] UE switches to state [MM-DEREGISTERED/PS]
[2023-01-09 12:04:03.852] [nas] [info] De-registration is successful
[2023-01-09 12:04:03.852] [nas] [info] UE switches to state [MM-DEREGISTERED/NORMAL-SERVICE]
[2023-01-09 12:04:03.852] [nas] [debug] Initial registration required due to [MM-DEREG-NORMAL-SERVICE]
[2023-01-09 12:04:03.852] [nas] [debug] Sending Initial Registration
[2023-01-09 12:04:03.852] [nas] [debug] Deleting NAS security context
[2023-01-09 12:04:03.852] [nas] [info] UE switches to state [MM-REGISTER-INITIATED]
[2023-01-09 12:04:03.852] [rrc] [debug] RRC Release received
[2023-01-09 12:04:03.852] [nas] [info] UE switches to state [CM-IDLE]
[2023-01-09 12:04:03.853] [nas] [info] UE switches to state [MM-DEREGISTERED/PS]
[2023-01-09 12:04:03.853] [nas] [info] UE switches to state [5U2-NOT-UPDATED]
[2023-01-09 12:04:03.853] [nas] [info] UE switches to state [MM-DEREGISTERED/ATTEMPTING-REGISTRATION]
[2023-01-09 12:04:14.034] [nas] [debug] NAS timer[3511] expired [1]
[2023-01-09 12:04:14.034] [nas] [debug] Initial registration required due to [T3511-EXPIRY-IN-ATT-REG]
[2023-01-09 12:04:14.036] [nas] [debug] UAC access attempt is allowed for identity[0], category[MO_sig]
[2023-01-09 12:04:14.036] [nas] [debug] Sending Initial Registration
[2023-01-09 12:04:14.036] [nas] [info] UE switches to state [MM-REGISTER-INITIATED]
[2023-01-09 12:04:14.036] [rrc] [debug] Sending RRC Setup Request
[2023-01-09 12:04:14.036] [rrc] [info] RRC connection established
[2023-01-09 12:04:14.036] [rrc] [info] UE switches to state [RRC-CONNECTED]
[2023-01-09 12:04:14.037] [nas] [info] UE switches to state [CM-CONNECTED]
[2023-01-09 12:04:14.077] [nas] [debug] Authentication Request received
[2023-01-09 12:04:14.101] [nas] [debug] Security Mode Command received
[2023-01-09 12:04:14.101] [nas] [debug] Selected integrity[2] ciphering[0]
[2023-01-09 12:04:14.166] [nas] [debug] Registration accept received
[2023-01-09 12:04:14.166] [nas] [info] UE switches to state [MM-REGISTERED/NORMAL-SERVICE]
[2023-01-09 12:04:14.166] [nas] [info] UE switches to state [5U1-UPDATED]
[2023-01-09 12:04:14.166] [nas] [debug] Sending Registration Complete
[2023-01-09 12:04:14.166] [nas] [info] Initial Registration is successful
[2023-01-09 12:04:14.166] [nas] [debug] Sending PDU Session Establishment Request
[2023-01-09 12:04:14.176] [nas] [debug] UAC access attempt is allowed for identity[0], category[MO_sig]
[2023-01-09 12:04:14.240] [nas] [debug] PDU Session Establishment Accept received
[2023-01-09 12:04:14.240] [nas] [info] PDU Session establishment is successful PSI[1]
[2023-01-09 12:04:14.274] [app] [info] Connection setup for PDU session[1] is successful, TUN interface[uesimtun42, 10.60.0.213] is up.
[2023-01-09 12:04:28.878] [nas] [debug] Sending PDU Session Release Request for PSI[1]
[2023-01-09 12:04:29.078] [nas] [debug] PDU Session Release Command received
[2023-01-09 12:04:29.078] [nas] [debug] Performing local release of PDU session[1]
[2023-01-09 12:04:29.350] [nas] [debug] Sending PDU Session Establishment Request
[2023-01-09 12:04:29.351] [nas] [debug] UAC access attempt is allowed for identity[0], category[MO_sig]
[2023-01-09 12:04:29.420] [nas] [debug] PDU Session Establishment Accept received
[2023-01-09 12:04:29.420] [nas] [info] PDU Session establishment is successful PSI[1]
[2023-01-09 12:04:29.546] [app] [info] Connection setup for PDU session[1] is successful, TUN interface[uesimtun42, 10.60.1.15] is up.
[2023-01-09 12:04:41.926] [nas] [debug] Sending PDU Session Release Request for PSI[1]
[2023-01-09 12:04:42.034] [nas] [debug] PDU Session Release Command received
[2023-01-09 12:04:42.034] [nas] [debug] Performing local release of PDU session[1]
[2023-01-09 12:04:42.564] [nas] [debug] Sending PDU Session Establishment Request
[2023-01-09 12:04:42.566] [nas] [debug] UAC access attempt is allowed for identity[0], category[MO_sig]
[2023-01-09 12:04:42.747] [nas] [debug] PDU Session Establishment Accept received
[2023-01-09 12:04:42.747] [nas] [info] PDU Session establishment is successful PSI[1]
[2023-01-09 12:04:42.869] [app] [info] Connection setup for PDU session[1] is successful, TUN interface[uesimtun36, 10.60.1.67] is up.
[2023-01-09 12:04:48.978] [nas] [debug] Sending PDU Session Release Request for PSI[1]
[2023-01-09 12:04:49.165] [nas] [error] PDU Session Release Reject received [REQUEST_REJECTED_UNSPECIFIED]
[2023-01-09 12:04:49.165] [nas] [error] PS release reject received without being requested
[2023-01-09 12:04:49.165] [nas] [warning] Sending SM Cause[MESSAGE_TYPE_NOT_COMPATIBLE_WITH_THE_PROTOCOL_STATE] for PSI[1]
[2023-01-09 12:05:01.018] [nas] [debug] Sending PDU Session Establishment Request
[2023-01-09 12:05:01.124] [nas] [error] No response from RRC from UAC checks, considering access attempt is barred
[2023-01-09 12:05:17.155] [nas] [warning] Retransmitting PDU Session Establishment Request due to T3580 expiry
[2023-01-09 12:05:17.158] [nas] [debug] UAC access attempt is allowed for identity[0], category[MO_sig]
[2023-01-09 12:05:17.324] [nas] [debug] PDU Session Establishment Accept received
[2023-01-09 12:05:17.324] [nas] [info] PDU Session establishment is successful PSI[2]
[2023-01-09 12:05:17.477] [app] [info] Connection setup for PDU session[2] is successful, TUN interface[uesimtun33, 10.60.1.162] is up.
[2023-01-09 12:05:26.183] [nas] [debug] Sending PDU Session Release Request for PSI[1]
[2023-01-09 12:05:26.183] [nas] [debug] Sending PDU Session Release Request for PSI[2]
[2023-01-09 12:05:26.220] [nas] [error] PDU Session Release Reject received [REQUEST_REJECTED_UNSPECIFIED]
[2023-01-09 12:05:26.220] [nas] [error] PS release reject received without being requested
[2023-01-09 12:05:26.220] [nas] [warning] Sending SM Cause[MESSAGE_TYPE_NOT_COMPATIBLE_WITH_THE_PROTOCOL_STATE] for PSI[1]
[2023-01-09 12:05:26.232] [nas] [error] PDU Session Release Reject received [REQUEST_REJECTED_UNSPECIFIED]
[2023-01-09 12:05:26.232] [nas] [error] PS release reject received without being requested
[2023-01-09 12:05:26.232] [nas] [warning] Sending SM Cause[MESSAGE_TYPE_NOT_COMPATIBLE_WITH_THE_PROTOCOL_STATE] for PSI[2]
[2023-01-09 12:05:37.230] [nas] [debug] Sending PDU Session Release Request for PSI[2]
[2023-01-09 12:05:37.389] [nas] [error] PDU Session Release Reject received [REQUEST_REJECTED_UNSPECIFIED]
[2023-01-09 12:05:37.389] [nas] [error] PS release reject received without being requested
[2023-01-09 12:05:37.389] [nas] [warning] Sending SM Cause[MESSAGE_TYPE_NOT_COMPATIBLE_WITH_THE_PROTOCOL_STATE] for PSI[2]
[2023-01-09 12:05:42.274] [nas] [debug] De-registration required due to [NORMAL]
[2023-01-09 12:05:42.284] [nas] [debug] Starting de-registration procedure due to [NORMAL]
[2023-01-09 12:05:42.284] [nas] [debug] Performing local release of PDU session[1]
[2023-01-09 12:05:42.284] [nas] [debug] Performing local release of PDU session[2]
[2023-01-09 12:05:42.284] [nas] [info] UE switches to state [MM-DEREGISTER-INITIATED]
[2023-01-09 12:05:42.509] [nas] [debug] De-registration accept received
[2023-01-09 12:05:42.509] [nas] [info] UE switches to state [MM-DEREGISTERED/PS]
[2023-01-09 12:05:42.509] [nas] [info] De-registration is successful
[2023-01-09 12:05:42.509] [nas] [info] UE switches to state [MM-DEREGISTERED/NORMAL-SERVICE]
[2023-01-09 12:05:42.509] [nas] [debug] Initial registration required due to [MM-DEREG-NORMAL-SERVICE]
[2023-01-09 12:05:42.509] [nas] [debug] Sending Initial Registration
[2023-01-09 12:05:42.509] [nas] [debug] Deleting NAS security context
[2023-01-09 12:05:42.509] [nas] [info] UE switches to state [MM-REGISTER-INITIATED]
[2023-01-09 12:05:42.509] [rrc] [debug] RRC Release received
[2023-01-09 12:05:42.509] [nas] [info] UE switches to state [CM-IDLE]
[2023-01-09 12:05:42.509] [nas] [info] UE switches to state [MM-DEREGISTERED/PS]
[2023-01-09 12:05:42.509] [nas] [info] UE switches to state [5U2-NOT-UPDATED]
[2023-01-09 12:05:42.509] [nas] [info] UE switches to state [MM-DEREGISTERED/ATTEMPTING-REGISTRATION]
[2023-01-09 12:05:53.197] [nas] [debug] NAS timer[3511] expired [1]
[2023-01-09 12:05:53.197] [nas] [debug] Initial registration required due to [T3511-EXPIRY-IN-ATT-REG]
[2023-01-09 12:05:53.198] [nas] [debug] UAC access attempt is allowed for identity[0], category[MO_sig]
[2023-01-09 12:05:53.198] [nas] [debug] Sending Initial Registration
[2023-01-09 12:05:53.198] [nas] [info] UE switches to state [MM-REGISTER-INITIATED]
[2023-01-09 12:05:53.198] [rrc] [debug] Sending RRC Setup Request
[2023-01-09 12:05:53.204] [rrc] [info] RRC connection established
[2023-01-09 12:05:53.204] [rrc] [info] UE switches to state [RRC-CONNECTED]
[2023-01-09 12:05:53.204] [nas] [info] UE switches to state [CM-CONNECTED]
[2023-01-09 12:05:53.326] [nas] [debug] Authentication Request received
[2023-01-09 12:05:53.346] [nas] [debug] Security Mode Command received
[2023-01-09 12:05:53.346] [nas] [debug] Selected integrity[2] ciphering[0]
[2023-01-09 12:05:53.392] [nas] [debug] Registration accept received
[2023-01-09 12:05:53.392] [nas] [info] UE switches to state [MM-REGISTERED/NORMAL-SERVICE]
[2023-01-09 12:05:53.392] [nas] [info] UE switches to state [5U1-UPDATED]
[2023-01-09 12:05:53.392] [nas] [debug] Sending Registration Complete
[2023-01-09 12:05:53.392] [nas] [info] Initial Registration is successful
[2023-01-09 12:05:53.392] [nas] [debug] Sending PDU Session Establishment Request
[2023-01-09 12:05:53.393] [nas] [debug] UAC access attempt is allowed for identity[0], category[MO_sig]
[2023-01-09 12:05:53.467] [nas] [debug] PDU Session Establishment Accept received
[2023-01-09 12:05:53.467] [nas] [info] PDU Session establishment is successful PSI[1]
[2023-01-09 12:05:53.605] [app] [info] Connection setup for PDU session[1] is successful, TUN interface[uesimtun31, 10.60.2.14] is up.
[2023-01-09 12:06:08.351] [nas] [debug] De-registration required due to [NORMAL]
[2023-01-09 12:06:08.364] [nas] [debug] Starting de-registration procedure due to [NORMAL]
[2023-01-09 12:06:08.364] [nas] [debug] Performing local release of PDU session[1]
[2023-01-09 12:06:08.364] [nas] [info] UE switches to state [MM-DEREGISTER-INITIATED]
[2023-01-09 12:06:08.429] [nas] [debug] De-registration accept received
[2023-01-09 12:06:08.429] [nas] [info] UE switches to state [MM-DEREGISTERED/PS]
[2023-01-09 12:06:08.429] [nas] [info] De-registration is successful
[2023-01-09 12:06:08.429] [nas] [info] UE switches to state [MM-DEREGISTERED/NORMAL-SERVICE]
[2023-01-09 12:06:08.429] [nas] [debug] Initial registration required due to [MM-DEREG-NORMAL-SERVICE]
[2023-01-09 12:06:08.429] [nas] [debug] Sending Initial Registration
[2023-01-09 12:06:08.429] [nas] [debug] Deleting NAS security context
[2023-01-09 12:06:08.429] [nas] [info] UE switches to state [MM-REGISTER-INITIATED]
[2023-01-09 12:06:08.429] [rrc] [debug] RRC Release received
[2023-01-09 12:06:08.429] [nas] [info] UE switches to state [CM-IDLE]
[2023-01-09 12:06:08.429] [nas] [info] UE switches to state [MM-DEREGISTERED/PS]
[2023-01-09 12:06:08.429] [nas] [info] UE switches to state [5U2-NOT-UPDATED]
[2023-01-09 12:06:08.429] [nas] [info] UE switches to state [MM-DEREGISTERED/ATTEMPTING-REGISTRATION]
[2023-01-09 12:06:19.224] [nas] [debug] NAS timer[3511] expired [1]
[2023-01-09 12:06:19.224] [nas] [debug] Initial registration required due to [T3511-EXPIRY-IN-ATT-REG]
[2023-01-09 12:06:19.226] [nas] [debug] UAC access attempt is allowed for identity[0], category[MO_sig]
[2023-01-09 12:06:19.226] [nas] [debug] Sending Initial Registration
[2023-01-09 12:06:19.226] [rrc] [debug] Sending RRC Setup Request
[2023-01-09 12:06:19.226] [nas] [info] UE switches to state [MM-REGISTER-INITIATED]
[2023-01-09 12:06:19.232] [rrc] [info] RRC connection established
[2023-01-09 12:06:19.232] [rrc] [info] UE switches to state [RRC-CONNECTED]
[2023-01-09 12:06:19.235] [nas] [info] UE switches to state [CM-CONNECTED]
[2023-01-09 12:06:19.373] [nas] [debug] Authentication Request received
[2023-01-09 12:06:19.417] [nas] [debug] Security Mode Command received
[2023-01-09 12:06:19.417] [nas] [debug] Selected integrity[2] ciphering[0]
[2023-01-09 12:06:19.465] [nas] [debug] Registration accept received
[2023-01-09 12:06:19.465] [nas] [info] UE switches to state [MM-REGISTERED/NORMAL-SERVICE]
[2023-01-09 12:06:19.465] [nas] [info] UE switches to state [5U1-UPDATED]
[2023-01-09 12:06:19.465] [nas] [debug] Sending Registration Complete
[2023-01-09 12:06:19.465] [nas] [info] Initial Registration is successful
[2023-01-09 12:06:19.465] [nas] [debug] Sending PDU Session Establishment Request
[2023-01-09 12:06:19.468] [nas] [debug] UAC access attempt is allowed for identity[0], category[MO_sig]
[2023-01-09 12:06:19.566] [nas] [debug] PDU Session Establishment Accept received
[2023-01-09 12:06:19.566] [nas] [info] PDU Session establishment is successful PSI[1]
[2023-01-09 12:06:19.688] [app] [info] Connection setup for PDU session[1] is successful, TUN interface[uesimtun47, 10.60.2.79] is up.
[2023-01-09 12:06:36.436] [nas] [debug] De-registration required due to [NORMAL]
[2023-01-09 12:06:36.446] [nas] [debug] Starting de-registration procedure due to [NORMAL]
[2023-01-09 12:06:36.446] [nas] [debug] Performing local release of PDU session[1]
[2023-01-09 12:06:36.446] [nas] [info] UE switches to state [MM-DEREGISTER-INITIATED]
[2023-01-09 12:06:36.653] [nas] [debug] De-registration accept received
[2023-01-09 12:06:36.653] [nas] [info] UE switches to state [MM-DEREGISTERED/PS]
[2023-01-09 12:06:36.653] [nas] [info] De-registration is successful
[2023-01-09 12:06:36.653] [nas] [info] UE switches to state [MM-DEREGISTERED/NORMAL-SERVICE]
[2023-01-09 12:06:36.653] [nas] [debug] Initial registration required due to [MM-DEREG-NORMAL-SERVICE]
[2023-01-09 12:06:36.653] [nas] [debug] Sending Initial Registration
[2023-01-09 12:06:36.653] [nas] [debug] Deleting NAS security context
[2023-01-09 12:06:36.653] [nas] [info] UE switches to state [MM-REGISTER-INITIATED]
[2023-01-09 12:06:36.657] [rrc] [debug] RRC Release received
[2023-01-09 12:06:36.657] [nas] [info] UE switches to state [CM-IDLE]
[2023-01-09 12:06:36.657] [nas] [info] UE switches to state [MM-DEREGISTERED/PS]
[2023-01-09 12:06:36.657] [nas] [info] UE switches to state [5U2-NOT-UPDATED]
[2023-01-09 12:06:36.657] [nas] [info] UE switches to state [MM-DEREGISTERED/ATTEMPTING-REGISTRATION]
[2023-01-09 12:06:47.265] [nas] [debug] NAS timer[3511] expired [1]
[2023-01-09 12:06:47.265] [nas] [debug] Initial registration required due to [T3511-EXPIRY-IN-ATT-REG]
[2023-01-09 12:06:47.268] [nas] [debug] UAC access attempt is allowed for identity[0], category[MO_sig]
[2023-01-09 12:06:47.268] [nas] [debug] Sending Initial Registration
[2023-01-09 12:06:47.268] [rrc] [debug] Sending RRC Setup Request
[2023-01-09 12:06:47.268] [nas] [info] UE switches to state [MM-REGISTER-INITIATED]
[2023-01-09 12:06:47.269] [rrc] [info] RRC connection established
[2023-01-09 12:06:47.269] [rrc] [info] UE switches to state [RRC-CONNECTED]
[2023-01-09 12:06:47.269] [nas] [info] UE switches to state [CM-CONNECTED]
[2023-01-09 12:06:47.483] [nas] [debug] Authentication Request received
[2023-01-09 12:06:47.497] [nas] [debug] Security Mode Command received
[2023-01-09 12:06:47.497] [nas] [debug] Selected integrity[2] ciphering[0]
[2023-01-09 12:06:47.539] [nas] [debug] Registration accept received
[2023-01-09 12:06:47.539] [nas] [info] UE switches to state [MM-REGISTERED/NORMAL-SERVICE]
[2023-01-09 12:06:47.539] [nas] [info] UE switches to state [5U1-UPDATED]
[2023-01-09 12:06:47.539] [nas] [debug] Sending Registration Complete
[2023-01-09 12:06:47.539] [nas] [info] Initial Registration is successful
[2023-01-09 12:06:47.539] [nas] [debug] Sending PDU Session Establishment Request
[2023-01-09 12:06:47.546] [nas] [debug] UAC access attempt is allowed for identity[0], category[MO_sig]
[2023-01-09 12:06:47.780] [nas] [debug] PDU Session Establishment Accept received
[2023-01-09 12:06:47.780] [nas] [info] PDU Session establishment is successful PSI[1]
[2023-01-09 12:06:47.867] [app] [info] Connection setup for PDU session[1] is successful, TUN interface[uesimtun12, 10.60.2.158] is up.
[2023-01-09 12:07:06.525] [nas] [debug] Sending PDU Session Release Request for PSI[1]
[2023-01-09 12:07:06.714] [nas] [error] PDU Session Release Reject received [REQUEST_REJECTED_UNSPECIFIED]
[2023-01-09 12:07:06.714] [nas] [error] PS release reject received without being requested
[2023-01-09 12:07:06.714] [nas] [warning] Sending SM Cause[MESSAGE_TYPE_NOT_COMPATIBLE_WITH_THE_PROTOCOL_STATE] for PSI[1]
[2023-01-09 12:07:14.659] [nas] [debug] Sending PDU Session Release Request for PSI[1]
[2023-01-09 12:07:14.844] [nas] [error] PDU Session Release Reject received [REQUEST_REJECTED_UNSPECIFIED]
[2023-01-09 12:07:14.844] [nas] [error] PS release reject received without being requested
[2023-01-09 12:07:14.844] [nas] [warning] Sending SM Cause[MESSAGE_TYPE_NOT_COMPATIBLE_WITH_THE_PROTOCOL_STATE] for PSI[1]
[2023-01-09 12:07:24.729] [nas] [debug] Sending PDU Session Release Request for PSI[1]
[2023-01-09 12:07:24.956] [nas] [error] PDU Session Release Reject received [REQUEST_REJECTED_UNSPECIFIED]
[2023-01-09 12:07:24.956] [nas] [error] PS release reject received without being requested
[2023-01-09 12:07:24.956] [nas] [warning] Sending SM Cause[MESSAGE_TYPE_NOT_COMPATIBLE_WITH_THE_PROTOCOL_STATE] for PSI[1]
[2023-01-09 12:07:39.896] [nas] [debug] De-registration required due to [NORMAL]
[2023-01-09 12:07:39.904] [nas] [debug] Starting de-registration procedure due to [NORMAL]
[2023-01-09 12:07:39.904] [nas] [debug] Performing local release of PDU session[1]
[2023-01-09 12:07:39.904] [nas] [info] UE switches to state [MM-DEREGISTER-INITIATED]
[2023-01-09 12:07:39.959] [nas] [debug] De-registration accept received
[2023-01-09 12:07:39.959] [nas] [info] UE switches to state [MM-DEREGISTERED/PS]
[2023-01-09 12:07:39.959] [nas] [info] De-registration is successful
[2023-01-09 12:07:39.959] [nas] [info] UE switches to state [MM-DEREGISTERED/NORMAL-SERVICE]
[2023-01-09 12:07:39.959] [nas] [debug] Initial registration required due to [MM-DEREG-NORMAL-SERVICE]
[2023-01-09 12:07:39.959] [nas] [debug] Sending Initial Registration
[2023-01-09 12:07:39.959] [nas] [debug] Deleting NAS security context
[2023-01-09 12:07:39.959] [nas] [info] UE switches to state [MM-REGISTER-INITIATED]
[2023-01-09 12:07:39.966] [rrc] [debug] RRC Release received
[2023-01-09 12:07:39.967] [nas] [info] UE switches to state [CM-IDLE]
[2023-01-09 12:07:39.967] [nas] [info] UE switches to state [MM-DEREGISTERED/PS]
[2023-01-09 12:07:39.967] [nas] [info] UE switches to state [5U2-NOT-UPDATED]
[2023-01-09 12:07:39.967] [nas] [info] UE switches to state [MM-DEREGISTERED/ATTEMPTING-REGISTRATION]
[2023-01-09 12:07:50.334] [nas] [debug] NAS timer[3511] expired [1]
[2023-01-09 12:07:50.334] [nas] [debug] Initial registration required due to [T3511-EXPIRY-IN-ATT-REG]
[2023-01-09 12:07:50.334] [nas] [debug] UAC access attempt is allowed for identity[0], category[MO_sig]
[2023-01-09 12:07:50.334] [nas] [debug] Sending Initial Registration
[2023-01-09 12:07:50.335] [nas] [info] UE switches to state [MM-REGISTER-INITIATED]
[2023-01-09 12:07:50.335] [rrc] [debug] Sending RRC Setup Request
[2023-01-09 12:07:50.336] [rrc] [info] RRC connection established
[2023-01-09 12:07:50.336] [rrc] [info] UE switches to state [RRC-CONNECTED]
[2023-01-09 12:07:50.336] [nas] [info] UE switches to state [CM-CONNECTED]
[2023-01-09 12:07:50.635] [nas] [debug] Authentication Request received
[2023-01-09 12:07:50.841] [nas] [debug] Security Mode Command received
[2023-01-09 12:07:50.841] [nas] [debug] Selected integrity[2] ciphering[0]
[2023-01-09 12:07:50.868] [nas] [debug] Registration accept received
[2023-01-09 12:07:50.868] [nas] [info] UE switches to state [MM-REGISTERED/NORMAL-SERVICE]
[2023-01-09 12:07:50.868] [nas] [info] UE switches to state [5U1-UPDATED]
[2023-01-09 12:07:50.868] [nas] [debug] Sending Registration Complete
[2023-01-09 12:07:50.868] [nas] [info] Initial Registration is successful
[2023-01-09 12:07:50.868] [nas] [debug] Sending PDU Session Establishment Request
[2023-01-09 12:07:50.871] [nas] [debug] UAC access attempt is allowed for identity[0], category[MO_sig]
[2023-01-09 12:07:51.103] [nas] [debug] PDU Session Establishment Accept received
[2023-01-09 12:07:51.103] [nas] [info] PDU Session establishment is successful PSI[1]
[2023-01-09 12:07:51.193] [app] [info] Connection setup for PDU session[1] is successful, TUN interface[uesimtun39, 10.60.3.67] is up.
[2023-01-09 12:08:05.967] [nas] [debug] Sending PDU Session Release Request for PSI[1]
[2023-01-09 12:08:06.074] [nas] [error] PDU Session Release Reject received [REQUEST_REJECTED_UNSPECIFIED]
[2023-01-09 12:08:06.074] [nas] [error] PS release reject received without being requested
[2023-01-09 12:08:06.074] [nas] [warning] Sending SM Cause[MESSAGE_TYPE_NOT_COMPATIBLE_WITH_THE_PROTOCOL_STATE] for PSI[1]
[2023-01-09 12:08:20.004] [nas] [debug] De-registration required due to [NORMAL]
[2023-01-09 12:08:20.014] [nas] [debug] Starting de-registration procedure due to [NORMAL]
[2023-01-09 12:08:20.014] [nas] [debug] Performing local release of PDU session[1]
[2023-01-09 12:08:20.014] [nas] [info] UE switches to state [MM-DEREGISTER-INITIATED]
[2023-01-09 12:08:20.133] [nas] [debug] De-registration accept received
[2023-01-09 12:08:20.133] [nas] [info] UE switches to state [MM-DEREGISTERED/PS]
[2023-01-09 12:08:20.133] [nas] [info] De-registration is successful
[2023-01-09 12:08:20.133] [nas] [info] UE switches to state [MM-DEREGISTERED/NORMAL-SERVICE]
[2023-01-09 12:08:20.133] [nas] [debug] Initial registration required due to [MM-DEREG-NORMAL-SERVICE]
[2023-01-09 12:08:20.133] [nas] [debug] Sending Initial Registration
[2023-01-09 12:08:20.133] [nas] [debug] Deleting NAS security context
[2023-01-09 12:08:20.133] [nas] [info] UE switches to state [MM-REGISTER-INITIATED]
[2023-01-09 12:08:20.134] [rrc] [debug] RRC Release received
[2023-01-09 12:08:20.134] [nas] [info] UE switches to state [CM-IDLE]
[2023-01-09 12:08:20.134] [nas] [info] UE switches to state [MM-DEREGISTERED/PS]
[2023-01-09 12:08:20.134] [nas] [info] UE switches to state [5U2-NOT-UPDATED]
[2023-01-09 12:08:20.134] [nas] [info] UE switches to state [MM-DEREGISTERED/ATTEMPTING-REGISTRATION]
[2023-01-09 12:08:30.385] [nas] [debug] NAS timer[3511] expired [1]
[2023-01-09 12:08:30.385] [nas] [debug] Initial registration required due to [T3511-EXPIRY-IN-ATT-REG]
[2023-01-09 12:08:30.387] [nas] [debug] UAC access attempt is allowed for identity[0], category[MO_sig]
[2023-01-09 12:08:30.387] [nas] [debug] Sending Initial Registration
[2023-01-09 12:08:30.387] [rrc] [debug] Sending RRC Setup Request
[2023-01-09 12:08:30.387] [nas] [info] UE switches to state [MM-REGISTER-INITIATED]
[2023-01-09 12:08:30.387] [rrc] [info] RRC connection established
[2023-01-09 12:08:30.387] [rrc] [info] UE switches to state [RRC-CONNECTED]
[2023-01-09 12:08:30.388] [nas] [info] UE switches to state [CM-CONNECTED]
[2023-01-09 12:08:30.597] [nas] [debug] Authentication Request received
[2023-01-09 12:08:30.620] [nas] [debug] Security Mode Command received
[2023-01-09 12:08:30.621] [nas] [debug] Selected integrity[2] ciphering[0]
[2023-01-09 12:08:30.667] [nas] [debug] Registration accept received
[2023-01-09 12:08:30.667] [nas] [info] UE switches to state [MM-REGISTERED/NORMAL-SERVICE]
[2023-01-09 12:08:30.667] [nas] [info] UE switches to state [5U1-UPDATED]
[2023-01-09 12:08:30.667] [nas] [debug] Sending Registration Complete
[2023-01-09 12:08:30.667] [nas] [info] Initial Registration is successful
[2023-01-09 12:08:30.667] [nas] [debug] Sending PDU Session Establishment Request
[2023-01-09 12:08:30.669] [nas] [debug] UAC access attempt is allowed for identity[0], category[MO_sig]
[2023-01-09 12:08:30.727] [nas] [debug] PDU Session Establishment Accept received
[2023-01-09 12:08:30.727] [nas] [info] PDU Session establishment is successful PSI[1]
[2023-01-09 12:08:30.812] [app] [info] Connection setup for PDU session[1] is successful, TUN interface[uesimtun91, 10.60.3.162] is up.
[2023-01-09 12:08:52.073] [nas] [debug] De-registration required due to [NORMAL]
[2023-01-09 12:08:52.083] [nas] [debug] Starting de-registration procedure due to [NORMAL]
[2023-01-09 12:08:52.083] [nas] [debug] Performing local release of PDU session[1]
[2023-01-09 12:08:52.083] [nas] [info] UE switches to state [MM-DEREGISTER-INITIATED]
[2023-01-09 12:08:52.218] [nas] [debug] De-registration accept received
[2023-01-09 12:08:52.218] [nas] [info] UE switches to state [MM-DEREGISTERED/PS]
[2023-01-09 12:08:52.218] [nas] [info] De-registration is successful
[2023-01-09 12:08:52.218] [nas] [info] UE switches to state [MM-DEREGISTERED/NORMAL-SERVICE]
[2023-01-09 12:08:52.218] [nas] [debug] Initial registration required due to [MM-DEREG-NORMAL-SERVICE]
[2023-01-09 12:08:52.218] [nas] [debug] Sending Initial Registration
[2023-01-09 12:08:52.218] [nas] [debug] Deleting NAS security context
[2023-01-09 12:08:52.218] [nas] [info] UE switches to state [MM-REGISTER-INITIATED]
[2023-01-09 12:08:52.218] [rrc] [debug] RRC Release received
[2023-01-09 12:08:52.218] [nas] [info] UE switches to state [CM-IDLE]
[2023-01-09 12:08:52.218] [nas] [info] UE switches to state [MM-DEREGISTERED/PS]
[2023-01-09 12:08:52.218] [nas] [info] UE switches to state [5U2-NOT-UPDATED]
[2023-01-09 12:08:52.218] [nas] [info] UE switches to state [MM-DEREGISTERED/ATTEMPTING-REGISTRATION]
[2023-01-09 12:09:02.423] [nas] [debug] NAS timer[3511] expired [1]
[2023-01-09 12:09:02.423] [nas] [debug] Initial registration required due to [T3511-EXPIRY-IN-ATT-REG]
[2023-01-09 12:09:02.423] [nas] [debug] UAC access attempt is allowed for identity[0], category[MO_sig]
[2023-01-09 12:09:02.423] [nas] [debug] Sending Initial Registration
[2023-01-09 12:09:02.423] [nas] [info] UE switches to state [MM-REGISTER-INITIATED]
[2023-01-09 12:09:02.423] [rrc] [debug] Sending RRC Setup Request
[2023-01-09 12:09:02.423] [rrc] [info] RRC connection established
[2023-01-09 12:09:02.423] [rrc] [info] UE switches to state [RRC-CONNECTED]
[2023-01-09 12:09:02.423] [nas] [info] UE switches to state [CM-CONNECTED]
[2023-01-09 12:09:02.514] [nas] [debug] Authentication Request received
[2023-01-09 12:09:02.573] [nas] [debug] Security Mode Command received
[2023-01-09 12:09:02.573] [nas] [debug] Selected integrity[2] ciphering[0]
[2023-01-09 12:09:02.613] [nas] [debug] Registration accept received
[2023-01-09 12:09:02.613] [nas] [info] UE switches to state [MM-REGISTERED/NORMAL-SERVICE]
[2023-01-09 12:09:02.613] [nas] [info] UE switches to state [5U1-UPDATED]
[2023-01-09 12:09:02.613] [nas] [debug] Sending Registration Complete
[2023-01-09 12:09:02.613] [nas] [info] Initial Registration is successful
[2023-01-09 12:09:02.613] [nas] [debug] Sending PDU Session Establishment Request
[2023-01-09 12:09:02.622] [nas] [debug] UAC access attempt is allowed for identity[0], category[MO_sig]
[2023-01-09 12:09:02.674] [nas] [debug] PDU Session Establishment Accept received
[2023-01-09 12:09:02.674] [nas] [info] PDU Session establishment is successful PSI[1]
[2023-01-09 12:09:02.880] [app] [info] Connection setup for PDU session[1] is successful, TUN interface[uesimtun157, 10.60.3.250] is up.
[2023-01-09 12:09:24.145] [nas] [debug] Sending PDU Session Establishment Request
[2023-01-09 12:09:24.246] [nas] [error] No response from RRC from UAC checks, considering access attempt is barred
[2023-01-09 12:09:40.466] [nas] [warning] Retransmitting PDU Session Establishment Request due to T3580 expiry
[2023-01-09 12:09:40.470] [nas] [debug] UAC access attempt is allowed for identity[0], category[MO_sig]
[2023-01-09 12:09:49.295] [nas] [debug] De-registration required due to [NORMAL]
[2023-01-09 12:09:49.305] [nas] [debug] Starting de-registration procedure due to [NORMAL]
[2023-01-09 12:09:49.306] [nas] [debug] Performing local release of PDU session[1]
[2023-01-09 12:09:49.306] [nas] [info] UE switches to state [MM-DEREGISTER-INITIATED]
[2023-01-09 12:09:56.482] [nas] [warning] Retransmitting PDU Session Establishment Request due to T3580 expiry
[2023-01-09 12:09:56.484] [nas] [debug] UAC access attempt is allowed for identity[0], category[MO_sig]
