UERANSIM v3.2.6
[2023-01-09 12:03:39.043] [nas] [info] UE switches to state [MM-DEREGISTERED/PLMN-SEARCH]
[2023-01-09 12:03:39.050] [rrc] [debug] New signal detected for cell[1], total [1] cells in coverage
[2023-01-09 12:03:39.050] [nas] [info] Selected plmn[208/93]
[2023-01-09 12:03:39.051] [rrc] [info] Selected cell plmn[208/93] tac[1] category[SUITABLE]
[2023-01-09 12:03:39.051] [nas] [info] UE switches to state [MM-DEREGISTERED/PS]
[2023-01-09 12:03:39.051] [nas] [info] UE switches to state [MM-DEREGISTERED/NORMAL-SERVICE]
[2023-01-09 12:03:39.051] [nas] [debug] Initial registration required due to [MM-DEREG-NORMAL-SERVICE]
[2023-01-09 12:03:39.051] [nas] [debug] UAC access attempt is allowed for identity[0], category[MO_sig]
[2023-01-09 12:03:39.051] [nas] [debug] Sending Initial Registration
[2023-01-09 12:03:39.051] [nas] [info] UE switches to state [MM-REGISTER-INITIATED]
[2023-01-09 12:03:39.052] [rrc] [debug] Sending RRC Setup Request
[2023-01-09 12:03:39.052] [rrc] [info] RRC connection established
[2023-01-09 12:03:39.052] [rrc] [info] UE switches to state [RRC-CONNECTED]
[2023-01-09 12:03:39.053] [nas] [info] UE switches to state [CM-CONNECTED]
[2023-01-09 12:03:39.067] [nas] [debug] Authentication Request received
[2023-01-09 12:03:39.075] [nas] [debug] Security Mode Command received
[2023-01-09 12:03:39.075] [nas] [debug] Selected integrity[2] ciphering[0]
[2023-01-09 12:03:39.107] [nas] [debug] Registration accept received
[2023-01-09 12:03:39.107] [nas] [info] UE switches to state [MM-REGISTERED/NORMAL-SERVICE]
[2023-01-09 12:03:39.107] [nas] [debug] Sending Registration Complete
[2023-01-09 12:03:39.107] [nas] [info] Initial Registration is successful
[2023-01-09 12:03:39.107] [nas] [debug] Sending PDU Session Establishment Request
[2023-01-09 12:03:39.107] [nas] [debug] UAC access attempt is allowed for identity[0], category[MO_sig]
[2023-01-09 12:03:39.345] [nas] [debug] PDU Session Establishment Accept received
[2023-01-09 12:03:39.345] [nas] [info] PDU Session establishment is successful PSI[1]
[2023-01-09 12:03:39.384] [app] [info] Connection setup for PDU session[1] is successful, TUN interface[uesimtun87, 10.60.0.88] is up.
[2023-01-09 12:03:52.391] [nas] [debug] Sending PDU Session Release Request for PSI[1]
[2023-01-09 12:03:52.637] [nas] [debug] PDU Session Release Command received
[2023-01-09 12:03:52.637] [nas] [debug] Performing local release of PDU session[1]
[2023-01-09 12:03:53.359] [nas] [debug] Sending PDU Session Establishment Request
[2023-01-09 12:03:53.367] [nas] [debug] UAC access attempt is allowed for identity[0], category[MO_sig]
[2023-01-09 12:03:53.704] [nas] [debug] PDU Session Establishment Accept received
[2023-01-09 12:03:53.704] [nas] [info] PDU Session establishment is successful PSI[1]
[2023-01-09 12:03:54.076] [app] [info] Connection setup for PDU session[1] is successful, TUN interface[uesimtun52, 10.60.0.117] is up.
[2023-01-09 12:03:59.507] [nas] [warning] PDU session release procedure could not start: PS[2] is not active already
[2023-01-09 12:04:04.588] [nas] [debug] Sending PDU Session Establishment Request
[2023-01-09 12:04:04.689] [nas] [error] No response from RRC from UAC checks, considering access attempt is barred
[2023-01-09 12:04:21.098] [nas] [warning] Retransmitting PDU Session Establishment Request due to T3580 expiry
[2023-01-09 12:04:21.100] [nas] [debug] UAC access attempt is allowed for identity[0], category[MO_sig]
[2023-01-09 12:04:21.351] [nas] [debug] PDU Session Establishment Accept received
[2023-01-09 12:04:21.351] [nas] [info] PDU Session establishment is successful PSI[2]
[2023-01-09 12:04:21.483] [app] [info] Connection setup for PDU session[2] is successful, TUN interface[uesimtun45, 10.60.0.244] is up.
[2023-01-09 12:04:31.744] [nas] [debug] Sending PDU Session Establishment Request
[2023-01-09 12:04:31.845] [nas] [error] No response from RRC from UAC checks, considering access attempt is barred
[2023-01-09 12:04:48.129] [nas] [warning] Retransmitting PDU Session Establishment Request due to T3580 expiry
[2023-01-09 12:04:48.131] [nas] [debug] UAC access attempt is allowed for identity[0], category[MO_sig]
[2023-01-09 12:04:48.218] [nas] [debug] PDU Session Establishment Accept received
[2023-01-09 12:04:48.218] [nas] [info] PDU Session establishment is successful PSI[3]
[2023-01-09 12:04:48.341] [app] [info] Connection setup for PDU session[3] is successful, TUN interface[uesimtun69, 10.60.1.84] is up.
[2023-01-09 12:05:04.906] [nas] [debug] Sending PDU Session Establishment Request
[2023-01-09 12:05:05.007] [nas] [error] No response from RRC from UAC checks, considering access attempt is barred
[2023-01-09 12:05:21.177] [nas] [warning] Retransmitting PDU Session Establishment Request due to T3580 expiry
[2023-01-09 12:05:21.180] [nas] [debug] UAC access attempt is allowed for identity[0], category[MO_sig]
[2023-01-09 12:05:21.278] [nas] [debug] PDU Session Establishment Accept received
[2023-01-09 12:05:21.278] [nas] [info] PDU Session establishment is successful PSI[4]
[2023-01-09 12:05:21.411] [app] [info] Connection setup for PDU session[4] is successful, TUN interface[uesimtun118, 10.60.1.178] is up.
[2023-01-09 12:05:39.074] [nas] [debug] Sending PDU Session Release Request for PSI[1]
[2023-01-09 12:05:39.074] [nas] [debug] Sending PDU Session Release Request for PSI[2]
[2023-01-09 12:05:39.074] [nas] [debug] Sending PDU Session Release Request for PSI[3]
[2023-01-09 12:05:39.074] [nas] [debug] Sending PDU Session Release Request for PSI[4]
[2023-01-09 12:05:39.092] [nas] [debug] PDU Session Release Command received
[2023-01-09 12:05:39.092] [nas] [debug] Performing local release of PDU session[1]
[2023-01-09 12:05:39.107] [nas] [debug] PDU Session Release Command received
[2023-01-09 12:05:39.107] [nas] [debug] Performing local release of PDU session[2]
[2023-01-09 12:05:39.111] [nas] [error] PDU Session Release Reject received [REQUEST_REJECTED_UNSPECIFIED]
[2023-01-09 12:05:39.111] [nas] [error] PS release reject received without being requested
[2023-01-09 12:05:39.111] [nas] [warning] Sending SM Cause[MESSAGE_TYPE_NOT_COMPATIBLE_WITH_THE_PROTOCOL_STATE] for PSI[3]
[2023-01-09 12:05:39.117] [nas] [error] PDU Session Release Reject received [REQUEST_REJECTED_UNSPECIFIED]
[2023-01-09 12:05:39.117] [nas] [error] PS release reject received without being requested
[2023-01-09 12:05:39.117] [nas] [warning] Sending SM Cause[MESSAGE_TYPE_NOT_COMPATIBLE_WITH_THE_PROTOCOL_STATE] for PSI[4]
[2023-01-09 12:05:45.174] [nas] [debug] Sending PDU Session Release Request for PSI[3]
[2023-01-09 12:05:45.318] [nas] [error] PDU Session Release Reject received [REQUEST_REJECTED_UNSPECIFIED]
[2023-01-09 12:05:45.318] [nas] [error] PS release reject received without being requested
[2023-01-09 12:05:45.318] [nas] [warning] Sending SM Cause[MESSAGE_TYPE_NOT_COMPATIBLE_WITH_THE_PROTOCOL_STATE] for PSI[3]
[2023-01-09 12:05:59.271] [nas] [warning] PDU session release procedure could not start: PS[1] is not active already
[2023-01-09 12:06:08.343] [nas] [debug] De-registration required due to [NORMAL]
[2023-01-09 12:06:08.353] [nas] [debug] Starting de-registration procedure due to [NORMAL]
[2023-01-09 12:06:08.353] [nas] [debug] Performing local release of PDU session[3]
[2023-01-09 12:06:08.353] [nas] [debug] Performing local release of PDU session[4]
[2023-01-09 12:06:08.353] [nas] [info] UE switches to state [MM-DEREGISTER-INITIATED]
[2023-01-09 12:06:08.422] [nas] [debug] De-registration accept received
[2023-01-09 12:06:08.422] [nas] [info] UE switches to state [MM-DEREGISTERED/PS]
[2023-01-09 12:06:08.422] [nas] [info] De-registration is successful
[2023-01-09 12:06:08.422] [nas] [info] UE switches to state [MM-DEREGISTERED/NORMAL-SERVICE]
[2023-01-09 12:06:08.422] [nas] [debug] Initial registration required due to [MM-DEREG-NORMAL-SERVICE]
[2023-01-09 12:06:08.422] [nas] [debug] Sending Initial Registration
[2023-01-09 12:06:08.422] [nas] [debug] Deleting NAS security context
[2023-01-09 12:06:08.422] [nas] [info] UE switches to state [MM-REGISTER-INITIATED]
[2023-01-09 12:06:08.429] [rrc] [debug] RRC Release received
[2023-01-09 12:06:08.429] [nas] [info] UE switches to state [CM-IDLE]
[2023-01-09 12:06:08.429] [nas] [info] UE switches to state [MM-DEREGISTERED/PS]
[2023-01-09 12:06:08.429] [nas] [info] UE switches to state [5U2-NOT-UPDATED]
[2023-01-09 12:06:08.429] [nas] [info] UE switches to state [MM-DEREGISTERED/ATTEMPTING-REGISTRATION]
[2023-01-09 12:06:19.258] [nas] [debug] NAS timer[3511] expired [1]
[2023-01-09 12:06:19.258] [nas] [debug] Initial registration required due to [T3511-EXPIRY-IN-ATT-REG]
[2023-01-09 12:06:19.258] [nas] [debug] UAC access attempt is allowed for identity[0], category[MO_sig]
[2023-01-09 12:06:19.258] [nas] [debug] Sending Initial Registration
[2023-01-09 12:06:19.258] [nas] [info] UE switches to state [MM-REGISTER-INITIATED]
[2023-01-09 12:06:19.258] [rrc] [debug] Sending RRC Setup Request
[2023-01-09 12:06:19.258] [rrc] [info] RRC connection established
[2023-01-09 12:06:19.258] [rrc] [info] UE switches to state [RRC-CONNECTED]
[2023-01-09 12:06:19.258] [nas] [info] UE switches to state [CM-CONNECTED]
[2023-01-09 12:06:19.405] [nas] [debug] Authentication Request received
[2023-01-09 12:06:19.429] [nas] [debug] Security Mode Command received
[2023-01-09 12:06:19.429] [nas] [debug] Selected integrity[2] ciphering[0]
[2023-01-09 12:06:19.515] [nas] [debug] Registration accept received
[2023-01-09 12:06:19.515] [nas] [info] UE switches to state [MM-REGISTERED/NORMAL-SERVICE]
[2023-01-09 12:06:19.515] [nas] [info] UE switches to state [5U1-UPDATED]
[2023-01-09 12:06:19.515] [nas] [debug] Sending Registration Complete
[2023-01-09 12:06:19.515] [nas] [info] Initial Registration is successful
[2023-01-09 12:06:19.515] [nas] [debug] Sending PDU Session Establishment Request
[2023-01-09 12:06:19.520] [nas] [debug] UAC access attempt is allowed for identity[0], category[MO_sig]
[2023-01-09 12:06:19.631] [nas] [debug] PDU Session Establishment Accept received
[2023-01-09 12:06:19.631] [nas] [info] PDU Session establishment is successful PSI[1]
[2023-01-09 12:06:19.709] [app] [info] Connection setup for PDU session[1] is successful, TUN interface[uesimtun77, 10.60.2.81] is up.
[2023-01-09 12:06:42.409] [nas] [debug] De-registration required due to [NORMAL]
[2023-01-09 12:06:42.420] [nas] [debug] Starting de-registration procedure due to [NORMAL]
[2023-01-09 12:06:42.420] [nas] [debug] Performing local release of PDU session[1]
[2023-01-09 12:06:42.420] [nas] [info] UE switches to state [MM-DEREGISTER-INITIATED]
[2023-01-09 12:06:42.471] [rrc] [debug] RRC Release received
[2023-01-09 12:06:42.471] [nas] [debug] De-registration accept received
[2023-01-09 12:06:42.471] [nas] [info] UE switches to state [MM-DEREGISTERED/PS]
[2023-01-09 12:06:42.471] [nas] [info] De-registration is successful
[2023-01-09 12:06:42.471] [nas] [info] UE switches to state [CM-IDLE]
[2023-01-09 12:06:42.471] [nas] [info] UE switches to state [MM-DEREGISTERED/NORMAL-SERVICE]
[2023-01-09 12:06:42.471] [nas] [debug] Initial registration required due to [MM-DEREG-NORMAL-SERVICE]
[2023-01-09 12:06:42.477] [nas] [debug] UAC access attempt is allowed for identity[0], category[MO_sig]
[2023-01-09 12:06:42.477] [nas] [debug] Sending Initial Registration
[2023-01-09 12:06:42.477] [rrc] [debug] Sending RRC Setup Request
[2023-01-09 12:06:42.477] [nas] [debug] Deleting NAS security context
[2023-01-09 12:06:42.477] [nas] [info] UE switches to state [MM-REGISTER-INITIATED]
[2023-01-09 12:06:42.480] [rrc] [info] RRC connection established
[2023-01-09 12:06:42.480] [rrc] [info] UE switches to state [RRC-CONNECTED]
[2023-01-09 12:06:42.481] [nas] [info] UE switches to state [CM-CONNECTED]
[2023-01-09 12:06:42.697] [nas] [debug] Authentication Request received
[2023-01-09 12:06:42.703] [nas] [debug] Security Mode Command received
[2023-01-09 12:06:42.703] [nas] [debug] Selected integrity[2] ciphering[0]
[2023-01-09 12:06:42.729] [nas] [debug] Registration accept received
[2023-01-09 12:06:42.729] [nas] [info] UE switches to state [MM-REGISTERED/NORMAL-SERVICE]
[2023-01-09 12:06:42.729] [nas] [debug] Sending Registration Complete
[2023-01-09 12:06:42.730] [nas] [info] Initial Registration is successful
[2023-01-09 12:06:42.730] [nas] [debug] Sending PDU Session Establishment Request
[2023-01-09 12:06:42.732] [nas] [debug] UAC access attempt is allowed for identity[0], category[MO_sig]
[2023-01-09 12:06:42.962] [nas] [debug] PDU Session Establishment Accept received
[2023-01-09 12:06:42.962] [nas] [info] PDU Session establishment is successful PSI[1]
[2023-01-09 12:06:43.018] [app] [info] Connection setup for PDU session[1] is successful, TUN interface[uesimtun42, 10.60.2.149] is up.
[2023-01-09 12:07:07.529] [nas] [debug] Sending PDU Session Establishment Request
[2023-01-09 12:07:07.630] [nas] [error] No response from RRC from UAC checks, considering access attempt is barred
[2023-01-09 12:07:24.349] [nas] [warning] Retransmitting PDU Session Establishment Request due to T3580 expiry
[2023-01-09 12:07:24.352] [nas] [debug] UAC access attempt is allowed for identity[0], category[MO_sig]
[2023-01-09 12:07:24.460] [nas] [debug] PDU Session Establishment Accept received
[2023-01-09 12:07:24.460] [nas] [info] PDU Session establishment is successful PSI[2]
[2023-01-09 12:07:24.502] [app] [info] Connection setup for PDU session[2] is successful, TUN interface[uesimtun125, 10.60.3.0] is up.
[2023-01-09 12:07:36.713] [nas] [debug] Sending PDU Session Release Request for PSI[1]
[2023-01-09 12:07:36.713] [nas] [debug] Sending PDU Session Release Request for PSI[2]
[2023-01-09 12:07:36.864] [nas] [error] PDU Session Release Reject received [REQUEST_REJECTED_UNSPECIFIED]
[2023-01-09 12:07:36.864] [nas] [error] PS release reject received without being requested
[2023-01-09 12:07:36.864] [nas] [warning] Sending SM Cause[MESSAGE_TYPE_NOT_COMPATIBLE_WITH_THE_PROTOCOL_STATE] for PSI[1]
[2023-01-09 12:07:36.871] [nas] [error] PDU Session Release Reject received [REQUEST_REJECTED_UNSPECIFIED]
[2023-01-09 12:07:36.871] [nas] [error] PS release reject received without being requested
[2023-01-09 12:07:36.871] [nas] [warning] Sending SM Cause[MESSAGE_TYPE_NOT_COMPATIBLE_WITH_THE_PROTOCOL_STATE] for PSI[2]
[2023-01-09 12:07:46.756] [nas] [debug] Sending PDU Session Release Request for PSI[1]
[2023-01-09 12:07:46.756] [nas] [debug] Sending PDU Session Release Request for PSI[2]
[2023-01-09 12:07:46.822] [nas] [error] PDU Session Release Reject received [REQUEST_REJECTED_UNSPECIFIED]
[2023-01-09 12:07:46.823] [nas] [error] PS release reject received without being requested
[2023-01-09 12:07:46.823] [nas] [warning] Sending SM Cause[MESSAGE_TYPE_NOT_COMPATIBLE_WITH_THE_PROTOCOL_STATE] for PSI[1]
[2023-01-09 12:07:46.826] [nas] [error] PDU Session Release Reject received [REQUEST_REJECTED_UNSPECIFIED]
[2023-01-09 12:07:46.826] [nas] [error] PS release reject received without being requested
[2023-01-09 12:07:46.826] [nas] [warning] Sending SM Cause[MESSAGE_TYPE_NOT_COMPATIBLE_WITH_THE_PROTOCOL_STATE] for PSI[2]
[2023-01-09 12:07:53.787] [nas] [debug] Sending PDU Session Release Request for PSI[1]
[2023-01-09 12:07:53.787] [nas] [debug] Sending PDU Session Release Request for PSI[2]
[2023-01-09 12:07:53.851] [nas] [error] PDU Session Release Reject received [REQUEST_REJECTED_UNSPECIFIED]
[2023-01-09 12:07:53.851] [nas] [error] PS release reject received without being requested
[2023-01-09 12:07:53.851] [nas] [warning] Sending SM Cause[MESSAGE_TYPE_NOT_COMPATIBLE_WITH_THE_PROTOCOL_STATE] for PSI[1]
[2023-01-09 12:07:53.855] [nas] [error] PDU Session Release Reject received [REQUEST_REJECTED_UNSPECIFIED]
[2023-01-09 12:07:53.855] [nas] [error] PS release reject received without being requested
[2023-01-09 12:07:53.856] [nas] [warning] Sending SM Cause[MESSAGE_TYPE_NOT_COMPATIBLE_WITH_THE_PROTOCOL_STATE] for PSI[2]
[2023-01-09 12:08:04.823] [nas] [debug] Sending PDU Session Establishment Request
[2023-01-09 12:08:04.924] [nas] [error] No response from RRC from UAC checks, considering access attempt is barred
[2023-01-09 12:08:21.419] [nas] [warning] Retransmitting PDU Session Establishment Request due to T3580 expiry
[2023-01-09 12:08:21.419] [nas] [debug] UAC access attempt is allowed for identity[0], category[MO_sig]
[2023-01-09 12:08:21.484] [nas] [debug] PDU Session Establishment Accept received
[2023-01-09 12:08:21.484] [nas] [info] PDU Session establishment is successful PSI[3]
[2023-01-09 12:08:21.777] [app] [info] Connection setup for PDU session[3] is successful, TUN interface[uesimtun58, 10.60.3.141] is up.
[2023-01-09 12:08:36.993] [nas] [debug] Sending PDU Session Release Request for PSI[1]
[2023-01-09 12:08:36.993] [nas] [debug] Sending PDU Session Release Request for PSI[2]
[2023-01-09 12:08:36.993] [nas] [debug] Sending PDU Session Release Request for PSI[3]
[2023-01-09 12:08:37.040] [nas] [error] PDU Session Release Reject received [REQUEST_REJECTED_UNSPECIFIED]
[2023-01-09 12:08:37.041] [nas] [error] PS release reject received without being requested
[2023-01-09 12:08:37.041] [nas] [warning] Sending SM Cause[MESSAGE_TYPE_NOT_COMPATIBLE_WITH_THE_PROTOCOL_STATE] for PSI[1]
[2023-01-09 12:08:37.052] [nas] [error] PDU Session Release Reject received [REQUEST_REJECTED_UNSPECIFIED]
[2023-01-09 12:08:37.052] [nas] [error] PS release reject received without being requested
[2023-01-09 12:08:37.052] [nas] [warning] Sending SM Cause[MESSAGE_TYPE_NOT_COMPATIBLE_WITH_THE_PROTOCOL_STATE] for PSI[2]
[2023-01-09 12:08:37.052] [nas] [error] PDU Session Release Reject received [REQUEST_REJECTED_UNSPECIFIED]
[2023-01-09 12:08:37.052] [nas] [error] PS release reject received without being requested
[2023-01-09 12:08:37.052] [nas] [warning] Sending SM Cause[MESSAGE_TYPE_NOT_COMPATIBLE_WITH_THE_PROTOCOL_STATE] for PSI[3]
[2023-01-09 12:08:50.112] [nas] [debug] Sending PDU Session Release Request for PSI[1]
[2023-01-09 12:08:50.233] [nas] [error] PDU Session Release Reject received [REQUEST_REJECTED_UNSPECIFIED]
[2023-01-09 12:08:50.233] [nas] [error] PS release reject received without being requested
[2023-01-09 12:08:50.233] [nas] [warning] Sending SM Cause[MESSAGE_TYPE_NOT_COMPATIBLE_WITH_THE_PROTOCOL_STATE] for PSI[1]
[2023-01-09 12:08:56.145] [nas] [debug] Sending PDU Session Release Request for PSI[1]
[2023-01-09 12:08:56.145] [nas] [debug] Sending PDU Session Release Request for PSI[2]
[2023-01-09 12:08:56.145] [nas] [debug] Sending PDU Session Release Request for PSI[3]
[2023-01-09 12:08:56.315] [nas] [error] PDU Session Release Reject received [REQUEST_REJECTED_UNSPECIFIED]
[2023-01-09 12:08:56.315] [nas] [error] PS release reject received without being requested
[2023-01-09 12:08:56.315] [nas] [warning] Sending SM Cause[MESSAGE_TYPE_NOT_COMPATIBLE_WITH_THE_PROTOCOL_STATE] for PSI[1]
[2023-01-09 12:08:56.319] [nas] [error] PDU Session Release Reject received [REQUEST_REJECTED_UNSPECIFIED]
[2023-01-09 12:08:56.319] [nas] [error] PS release reject received without being requested
[2023-01-09 12:08:56.319] [nas] [warning] Sending SM Cause[MESSAGE_TYPE_NOT_COMPATIBLE_WITH_THE_PROTOCOL_STATE] for PSI[2]
[2023-01-09 12:08:56.321] [nas] [error] PDU Session Release Reject received [REQUEST_REJECTED_UNSPECIFIED]
[2023-01-09 12:08:56.321] [nas] [error] PS release reject received without being requested
[2023-01-09 12:08:56.321] [nas] [warning] Sending SM Cause[MESSAGE_TYPE_NOT_COMPATIBLE_WITH_THE_PROTOCOL_STATE] for PSI[3]
[2023-01-09 12:09:09.197] [nas] [warning] PDU session release procedure could not start: PS[4] is not active already
[2023-01-09 12:09:17.241] [nas] [debug] Sending PDU Session Establishment Request
[2023-01-09 12:09:17.342] [nas] [error] No response from RRC from UAC checks, considering access attempt is barred
[2023-01-09 12:09:33.505] [nas] [warning] Retransmitting PDU Session Establishment Request due to T3580 expiry
[2023-01-09 12:09:33.507] [nas] [debug] UAC access attempt is allowed for identity[0], category[MO_sig]
[2023-01-09 12:09:47.414] [nas] [debug] De-registration required due to [NORMAL]
[2023-01-09 12:09:47.424] [nas] [debug] Starting de-registration procedure due to [NORMAL]
[2023-01-09 12:09:47.424] [nas] [debug] Performing local release of PDU session[1]
[2023-01-09 12:09:47.424] [nas] [debug] Performing local release of PDU session[2]
[2023-01-09 12:09:47.424] [nas] [debug] Performing local release of PDU session[3]
[2023-01-09 12:09:47.424] [nas] [info] UE switches to state [MM-DEREGISTER-INITIATED]
[2023-01-09 12:09:49.521] [nas] [warning] Retransmitting PDU Session Establishment Request due to T3580 expiry
[2023-01-09 12:09:49.524] [nas] [debug] UAC access attempt is allowed for identity[0], category[MO_sig]
[2023-01-09 12:10:02.534] [nas] [debug] NAS timer[3521] expired [1]
[2023-01-09 12:10:02.534] [nas] [debug] Retransmitting De-registration Request due to T3521 expiry
