UERANSIM v3.2.6
[2023-01-09 12:02:25.918] [nas] [info] UE switches to state [MM-DEREGISTERED/PLMN-SEARCH]
[2023-01-09 12:02:25.920] [rrc] [debug] New signal detected for cell[1], total [1] cells in coverage
[2023-01-09 12:02:25.920] [nas] [info] Selected plmn[208/93]
[2023-01-09 12:02:25.920] [rrc] [info] Selected cell plmn[208/93] tac[1] category[SUITABLE]
[2023-01-09 12:02:25.920] [nas] [info] UE switches to state [MM-DEREGISTERED/PS]
[2023-01-09 12:02:25.920] [nas] [info] UE switches to state [MM-DEREGISTERED/NORMAL-SERVICE]
[2023-01-09 12:02:25.920] [nas] [debug] Initial registration required due to [MM-DEREG-NORMAL-SERVICE]
[2023-01-09 12:02:25.920] [nas] [debug] UAC access attempt is allowed for identity[0], category[MO_sig]
[2023-01-09 12:02:25.920] [nas] [debug] Sending Initial Registration
[2023-01-09 12:02:25.920] [nas] [info] UE switches to state [MM-REGISTER-INITIATED]
[2023-01-09 12:02:25.920] [rrc] [debug] Sending RRC Setup Request
[2023-01-09 12:02:25.921] [rrc] [info] RRC connection established
[2023-01-09 12:02:25.921] [rrc] [info] UE switches to state [RRC-CONNECTED]
[2023-01-09 12:02:25.921] [nas] [info] UE switches to state [CM-CONNECTED]
[2023-01-09 12:02:25.938] [nas] [debug] Authentication Request received
[2023-01-09 12:02:25.945] [nas] [debug] Security Mode Command received
[2023-01-09 12:02:25.945] [nas] [debug] Selected integrity[2] ciphering[0]
[2023-01-09 12:02:25.968] [nas] [debug] Registration accept received
[2023-01-09 12:02:25.968] [nas] [info] UE switches to state [MM-REGISTERED/NORMAL-SERVICE]
[2023-01-09 12:02:25.968] [nas] [debug] Sending Registration Complete
[2023-01-09 12:02:25.968] [nas] [info] Initial Registration is successful
[2023-01-09 12:02:25.968] [nas] [debug] Sending PDU Session Establishment Request
[2023-01-09 12:02:25.969] [nas] [debug] UAC access attempt is allowed for identity[0], category[MO_sig]
[2023-01-09 12:02:26.211] [nas] [debug] PDU Session Establishment Accept received
[2023-01-09 12:02:26.211] [nas] [info] PDU Session establishment is successful PSI[1]
[2023-01-09 12:02:26.240] [app] [info] Connection setup for PDU session[1] is successful, TUN interface[uesimtun14, 10.60.0.15] is up.
[2023-01-09 12:03:52.365] [nas] [debug] Sending PDU Session Establishment Request
[2023-01-09 12:03:52.472] [nas] [error] No response from RRC from UAC checks, considering access attempt is barred
[2023-01-09 12:04:09.024] [nas] [warning] Retransmitting PDU Session Establishment Request due to T3580 expiry
[2023-01-09 12:04:09.027] [nas] [debug] UAC access attempt is allowed for identity[0], category[MO_sig]
[2023-01-09 12:04:09.190] [nas] [debug] PDU Session Establishment Accept received
[2023-01-09 12:04:09.190] [nas] [info] PDU Session establishment is successful PSI[2]
[2023-01-09 12:04:09.591] [app] [info] Connection setup for PDU session[2] is successful, TUN interface[uesimtun70, 10.60.0.176] is up.
[2023-01-09 12:04:21.541] [nas] [debug] Sending PDU Session Release Request for PSI[1]
[2023-01-09 12:04:21.541] [nas] [debug] Sending PDU Session Release Request for PSI[2]
[2023-01-09 12:04:21.590] [nas] [debug] PDU Session Release Command received
[2023-01-09 12:04:21.590] [nas] [debug] Performing local release of PDU session[1]
[2023-01-09 12:04:21.595] [nas] [debug] PDU Session Release Command received
[2023-01-09 12:04:21.595] [nas] [debug] Performing local release of PDU session[2]
[2023-01-09 12:04:22.658] [nas] [debug] Sending PDU Session Establishment Request
[2023-01-09 12:04:22.661] [nas] [debug] UAC access attempt is allowed for identity[0], category[MO_sig]
[2023-01-09 12:04:22.719] [nas] [debug] PDU Session Establishment Accept received
[2023-01-09 12:04:22.719] [nas] [info] PDU Session establishment is successful PSI[1]
[2023-01-09 12:04:22.842] [app] [info] Connection setup for PDU session[1] is successful, TUN interface[uesimtun89, 10.60.0.252] is up.
[2023-01-09 12:04:36.583] [nas] [debug] De-registration required due to [NORMAL]
[2023-01-09 12:04:36.590] [nas] [debug] Starting de-registration procedure due to [NORMAL]
[2023-01-09 12:04:36.590] [nas] [debug] Performing local release of PDU session[1]
[2023-01-09 12:04:36.590] [nas] [info] UE switches to state [MM-DEREGISTER-INITIATED]
[2023-01-09 12:04:36.637] [rrc] [debug] RRC Release received
[2023-01-09 12:04:36.637] [nas] [debug] De-registration accept received
[2023-01-09 12:04:36.637] [nas] [info] UE switches to state [MM-DEREGISTERED/PS]
[2023-01-09 12:04:36.637] [nas] [info] De-registration is successful
[2023-01-09 12:04:36.637] [nas] [info] UE switches to state [CM-IDLE]
[2023-01-09 12:04:36.637] [nas] [info] UE switches to state [MM-DEREGISTERED/NORMAL-SERVICE]
[2023-01-09 12:04:36.637] [nas] [debug] Initial registration required due to [MM-DEREG-NORMAL-SERVICE]
[2023-01-09 12:04:36.645] [nas] [debug] UAC access attempt is allowed for identity[0], category[MO_sig]
[2023-01-09 12:04:36.645] [nas] [debug] Sending Initial Registration
[2023-01-09 12:04:36.645] [nas] [debug] Deleting NAS security context
[2023-01-09 12:04:36.645] [nas] [info] UE switches to state [MM-REGISTER-INITIATED]
[2023-01-09 12:04:36.645] [rrc] [debug] Sending RRC Setup Request
[2023-01-09 12:04:36.651] [rrc] [info] RRC connection established
[2023-01-09 12:04:36.651] [rrc] [info] UE switches to state [RRC-CONNECTED]
[2023-01-09 12:04:36.651] [nas] [info] UE switches to state [CM-CONNECTED]
[2023-01-09 12:04:36.862] [nas] [debug] Authentication Request received
[2023-01-09 12:04:36.870] [nas] [debug] Security Mode Command received
[2023-01-09 12:04:36.870] [nas] [debug] Selected integrity[2] ciphering[0]
[2023-01-09 12:04:36.896] [nas] [debug] Registration accept received
[2023-01-09 12:04:36.896] [nas] [info] UE switches to state [MM-REGISTERED/NORMAL-SERVICE]
[2023-01-09 12:04:36.896] [nas] [debug] Sending Registration Complete
[2023-01-09 12:04:36.896] [nas] [info] Initial Registration is successful
[2023-01-09 12:04:36.896] [nas] [debug] Sending PDU Session Establishment Request
[2023-01-09 12:04:36.896] [nas] [debug] UAC access attempt is allowed for identity[0], category[MO_sig]
[2023-01-09 12:04:37.142] [nas] [debug] PDU Session Establishment Accept received
[2023-01-09 12:04:37.142] [nas] [info] PDU Session establishment is successful PSI[1]
[2023-01-09 12:04:37.288] [app] [info] Connection setup for PDU session[1] is successful, TUN interface[uesimtun65, 10.60.1.40] is up.
[2023-01-09 12:05:10.641] [nas] [debug] Sending PDU Session Establishment Request
[2023-01-09 12:05:10.742] [nas] [error] No response from RRC from UAC checks, considering access attempt is barred
[2023-01-09 12:05:27.112] [nas] [warning] Retransmitting PDU Session Establishment Request due to T3580 expiry
[2023-01-09 12:05:27.112] [nas] [debug] UAC access attempt is allowed for identity[0], category[MO_sig]
[2023-01-09 12:05:27.292] [nas] [debug] PDU Session Establishment Accept received
[2023-01-09 12:05:27.292] [nas] [info] PDU Session establishment is successful PSI[2]
[2023-01-09 12:05:27.381] [app] [info] Connection setup for PDU session[2] is successful, TUN interface[uesimtun132, 10.60.1.200] is up.
[2023-01-09 12:05:42.823] [nas] [debug] Sending PDU Session Release Request for PSI[1]
[2023-01-09 12:05:42.823] [nas] [debug] Sending PDU Session Release Request for PSI[2]
[2023-01-09 12:05:42.845] [nas] [error] PDU Session Release Reject received [REQUEST_REJECTED_UNSPECIFIED]
[2023-01-09 12:05:42.845] [nas] [error] PS release reject received without being requested
[2023-01-09 12:05:42.845] [nas] [warning] Sending SM Cause[MESSAGE_TYPE_NOT_COMPATIBLE_WITH_THE_PROTOCOL_STATE] for PSI[1]
[2023-01-09 12:05:42.856] [nas] [error] PDU Session Release Reject received [REQUEST_REJECTED_UNSPECIFIED]
[2023-01-09 12:05:42.856] [nas] [error] PS release reject received without being requested
[2023-01-09 12:05:42.856] [nas] [warning] Sending SM Cause[MESSAGE_TYPE_NOT_COMPATIBLE_WITH_THE_PROTOCOL_STATE] for PSI[2]
[2023-01-09 12:05:55.861] [nas] [debug] Sending PDU Session Establishment Request
[2023-01-09 12:05:55.962] [nas] [error] No response from RRC from UAC checks, considering access attempt is barred
[2023-01-09 12:06:12.169] [nas] [warning] Retransmitting PDU Session Establishment Request due to T3580 expiry
[2023-01-09 12:06:12.175] [nas] [debug] UAC access attempt is allowed for identity[0], category[MO_sig]
[2023-01-09 12:06:12.241] [nas] [debug] PDU Session Establishment Accept received
[2023-01-09 12:06:12.241] [nas] [info] PDU Session establishment is successful PSI[3]
[2023-01-09 12:06:12.341] [app] [info] Connection setup for PDU session[3] is successful, TUN interface[uesimtun43, 10.60.2.61] is up.
[2023-01-09 12:06:22.026] [nas] [debug] Sending PDU Session Establishment Request
[2023-01-09 12:06:22.128] [nas] [error] No response from RRC from UAC checks, considering access attempt is barred
[2023-01-09 12:06:38.200] [nas] [warning] Retransmitting PDU Session Establishment Request due to T3580 expiry
[2023-01-09 12:06:38.204] [nas] [debug] UAC access attempt is allowed for identity[0], category[MO_sig]
[2023-01-09 12:06:38.390] [nas] [debug] PDU Session Establishment Accept received
[2023-01-09 12:06:38.390] [nas] [info] PDU Session establishment is successful PSI[4]
[2023-01-09 12:06:38.493] [app] [info] Connection setup for PDU session[4] is successful, TUN interface[uesimtun25, 10.60.2.138] is up.
[2023-01-09 12:06:51.174] [nas] [debug] De-registration required due to [NORMAL]
[2023-01-09 12:06:51.183] [nas] [debug] Starting de-registration procedure due to [NORMAL]
[2023-01-09 12:06:51.183] [nas] [debug] Performing local release of PDU session[1]
[2023-01-09 12:06:51.183] [nas] [debug] Performing local release of PDU session[2]
[2023-01-09 12:06:51.183] [nas] [debug] Performing local release of PDU session[3]
[2023-01-09 12:06:51.183] [nas] [debug] Performing local release of PDU session[4]
[2023-01-09 12:06:51.183] [nas] [info] UE switches to state [MM-DEREGISTER-INITIATED]
[2023-01-09 12:06:51.201] [nas] [debug] De-registration accept received
[2023-01-09 12:06:51.201] [nas] [info] UE switches to state [MM-DEREGISTERED/PS]
[2023-01-09 12:06:51.201] [nas] [info] De-registration is successful
[2023-01-09 12:06:51.201] [nas] [info] UE switches to state [MM-DEREGISTERED/NORMAL-SERVICE]
[2023-01-09 12:06:51.201] [nas] [debug] Initial registration required due to [MM-DEREG-NORMAL-SERVICE]
[2023-01-09 12:06:51.201] [nas] [debug] Sending Initial Registration
[2023-01-09 12:06:51.201] [nas] [debug] Deleting NAS security context
[2023-01-09 12:06:51.201] [nas] [info] UE switches to state [MM-REGISTER-INITIATED]
[2023-01-09 12:06:51.202] [rrc] [debug] RRC Release received
[2023-01-09 12:06:51.202] [nas] [info] UE switches to state [CM-IDLE]
[2023-01-09 12:06:51.202] [nas] [info] UE switches to state [MM-DEREGISTERED/PS]
[2023-01-09 12:06:51.202] [nas] [info] UE switches to state [5U2-NOT-UPDATED]
[2023-01-09 12:06:51.202] [nas] [info] UE switches to state [MM-DEREGISTERED/ATTEMPTING-REGISTRATION]
[2023-01-09 12:07:01.228] [nas] [debug] NAS timer[3511] expired [1]
[2023-01-09 12:07:01.228] [nas] [debug] Initial registration required due to [T3511-EXPIRY-IN-ATT-REG]
[2023-01-09 12:07:01.231] [nas] [debug] UAC access attempt is allowed for identity[0], category[MO_sig]
[2023-01-09 12:07:01.231] [nas] [debug] Sending Initial Registration
[2023-01-09 12:07:01.231] [rrc] [debug] Sending RRC Setup Request
[2023-01-09 12:07:01.231] [nas] [info] UE switches to state [MM-REGISTER-INITIATED]
[2023-01-09 12:07:01.231] [rrc] [info] RRC connection established
[2023-01-09 12:07:01.231] [rrc] [info] UE switches to state [RRC-CONNECTED]
[2023-01-09 12:07:01.231] [nas] [info] UE switches to state [CM-CONNECTED]
[2023-01-09 12:07:01.246] [nas] [debug] Authentication Request received
[2023-01-09 12:07:01.251] [nas] [debug] Security Mode Command received
[2023-01-09 12:07:01.251] [nas] [debug] Selected integrity[2] ciphering[0]
[2023-01-09 12:07:01.276] [nas] [debug] Registration accept received
[2023-01-09 12:07:01.276] [nas] [info] UE switches to state [MM-REGISTERED/NORMAL-SERVICE]
[2023-01-09 12:07:01.276] [nas] [info] UE switches to state [5U1-UPDATED]
[2023-01-09 12:07:01.276] [nas] [debug] Sending Registration Complete
[2023-01-09 12:07:01.277] [nas] [info] Initial Registration is successful
[2023-01-09 12:07:01.277] [nas] [debug] Sending PDU Session Establishment Request
[2023-01-09 12:07:01.277] [nas] [debug] UAC access attempt is allowed for identity[0], category[MO_sig]
[2023-01-09 12:07:01.514] [nas] [debug] PDU Session Establishment Accept received
[2023-01-09 12:07:01.514] [nas] [info] PDU Session establishment is successful PSI[1]
[2023-01-09 12:07:01.646] [app] [info] Connection setup for PDU session[1] is successful, TUN interface[uesimtun127, 10.60.2.203] is up.
[2023-01-09 12:07:17.209] [nas] [debug] Sending PDU Session Establishment Request
[2023-01-09 12:07:17.310] [nas] [error] No response from RRC from UAC checks, considering access attempt is barred
[2023-01-09 12:07:33.339] [nas] [warning] Retransmitting PDU Session Establishment Request due to T3580 expiry
[2023-01-09 12:07:33.341] [nas] [debug] UAC access attempt is allowed for identity[0], category[MO_sig]
[2023-01-09 12:07:33.475] [nas] [debug] PDU Session Establishment Accept received
[2023-01-09 12:07:33.475] [nas] [info] PDU Session establishment is successful PSI[2]
[2023-01-09 12:07:33.575] [app] [info] Connection setup for PDU session[2] is successful, TUN interface[uesimtun143, 10.60.3.29] is up.
[2023-01-09 12:07:50.371] [nas] [debug] Sending PDU Session Release Request for PSI[1]
[2023-01-09 12:07:50.371] [nas] [debug] Sending PDU Session Release Request for PSI[2]
[2023-01-09 12:07:50.621] [nas] [error] PDU Session Release Reject received [REQUEST_REJECTED_UNSPECIFIED]
[2023-01-09 12:07:50.621] [nas] [error] PS release reject received without being requested
[2023-01-09 12:07:50.621] [nas] [warning] Sending SM Cause[MESSAGE_TYPE_NOT_COMPATIBLE_WITH_THE_PROTOCOL_STATE] for PSI[1]
[2023-01-09 12:07:50.621] [nas] [error] PDU Session Release Reject received [REQUEST_REJECTED_UNSPECIFIED]
[2023-01-09 12:07:50.621] [nas] [error] PS release reject received without being requested
[2023-01-09 12:07:50.621] [nas] [warning] Sending SM Cause[MESSAGE_TYPE_NOT_COMPATIBLE_WITH_THE_PROTOCOL_STATE] for PSI[2]
[2023-01-09 12:08:03.410] [nas] [debug] Sending PDU Session Release Request for PSI[1]
[2023-01-09 12:08:03.410] [nas] [debug] Sending PDU Session Release Request for PSI[2]
[2023-01-09 12:08:03.608] [nas] [error] PDU Session Release Reject received [REQUEST_REJECTED_UNSPECIFIED]
[2023-01-09 12:08:03.608] [nas] [error] PS release reject received without being requested
[2023-01-09 12:08:03.608] [nas] [warning] Sending SM Cause[MESSAGE_TYPE_NOT_COMPATIBLE_WITH_THE_PROTOCOL_STATE] for PSI[1]
[2023-01-09 12:08:03.610] [nas] [error] PDU Session Release Reject received [REQUEST_REJECTED_UNSPECIFIED]
[2023-01-09 12:08:03.610] [nas] [error] PS release reject received without being requested
[2023-01-09 12:08:03.610] [nas] [warning] Sending SM Cause[MESSAGE_TYPE_NOT_COMPATIBLE_WITH_THE_PROTOCOL_STATE] for PSI[2]
[2023-01-09 12:08:17.457] [nas] [warning] PDU session release procedure could not start: PS[3] is not active already
[2023-01-09 12:08:22.525] [nas] [debug] De-registration required due to [NORMAL]
[2023-01-09 12:08:22.535] [nas] [debug] Starting de-registration procedure due to [NORMAL]
[2023-01-09 12:08:22.535] [nas] [debug] Performing local release of PDU session[1]
[2023-01-09 12:08:22.535] [nas] [debug] Performing local release of PDU session[2]
[2023-01-09 12:08:22.535] [nas] [info] UE switches to state [MM-DEREGISTER-INITIATED]
[2023-01-09 12:08:22.700] [nas] [debug] De-registration accept received
[2023-01-09 12:08:22.700] [nas] [info] UE switches to state [MM-DEREGISTERED/PS]
[2023-01-09 12:08:22.700] [nas] [info] De-registration is successful
[2023-01-09 12:08:22.700] [nas] [info] UE switches to state [MM-DEREGISTERED/NORMAL-SERVICE]
[2023-01-09 12:08:22.700] [nas] [debug] Initial registration required due to [MM-DEREG-NORMAL-SERVICE]
[2023-01-09 12:08:22.700] [nas] [debug] Sending Initial Registration
[2023-01-09 12:08:22.700] [nas] [debug] Deleting NAS security context
[2023-01-09 12:08:22.700] [nas] [info] UE switches to state [MM-REGISTER-INITIATED]
[2023-01-09 12:08:22.701] [rrc] [debug] RRC Release received
[2023-01-09 12:08:22.701] [nas] [info] UE switches to state [CM-IDLE]
[2023-01-09 12:08:22.701] [nas] [info] UE switches to state [MM-DEREGISTERED/PS]
[2023-01-09 12:08:22.701] [nas] [info] UE switches to state [5U2-NOT-UPDATED]
[2023-01-09 12:08:22.701] [nas] [info] UE switches to state [MM-DEREGISTERED/ATTEMPTING-REGISTRATION]
[2023-01-09 12:08:33.402] [nas] [debug] NAS timer[3511] expired [1]
[2023-01-09 12:08:33.402] [nas] [debug] Initial registration required due to [T3511-EXPIRY-IN-ATT-REG]
[2023-01-09 12:08:33.402] [nas] [debug] UAC access attempt is allowed for identity[0], category[MO_sig]
[2023-01-09 12:08:33.402] [nas] [debug] Sending Initial Registration
[2023-01-09 12:08:33.402] [nas] [info] UE switches to state [MM-REGISTER-INITIATED]
[2023-01-09 12:08:33.402] [rrc] [debug] Sending RRC Setup Request
[2023-01-09 12:08:33.403] [rrc] [info] RRC connection established
[2023-01-09 12:08:33.403] [rrc] [info] UE switches to state [RRC-CONNECTED]
[2023-01-09 12:08:33.403] [nas] [info] UE switches to state [CM-CONNECTED]
[2023-01-09 12:08:33.615] [nas] [debug] Authentication Request received
[2023-01-09 12:08:33.651] [nas] [debug] Security Mode Command received
[2023-01-09 12:08:33.651] [nas] [debug] Selected integrity[2] ciphering[0]
[2023-01-09 12:08:33.732] [nas] [debug] Registration accept received
[2023-01-09 12:08:33.732] [nas] [info] UE switches to state [MM-REGISTERED/NORMAL-SERVICE]
[2023-01-09 12:08:33.732] [nas] [info] UE switches to state [5U1-UPDATED]
[2023-01-09 12:08:33.732] [nas] [debug] Sending Registration Complete
[2023-01-09 12:08:33.732] [nas] [info] Initial Registration is successful
[2023-01-09 12:08:33.732] [nas] [debug] Sending PDU Session Establishment Request
[2023-01-09 12:08:33.741] [nas] [debug] UAC access attempt is allowed for identity[0], category[MO_sig]
[2023-01-09 12:08:33.832] [nas] [debug] PDU Session Establishment Accept received
[2023-01-09 12:08:33.832] [nas] [info] PDU Session establishment is successful PSI[1]
[2023-01-09 12:08:34.004] [app] [info] Connection setup for PDU session[1] is successful, TUN interface[uesimtun143, 10.60.3.171] is up.
[2023-01-09 12:08:56.666] [nas] [debug] Sending PDU Session Establishment Request
[2023-01-09 12:08:56.767] [nas] [error] No response from RRC from UAC checks, considering access attempt is barred
[2023-01-09 12:09:13.456] [nas] [warning] Retransmitting PDU Session Establishment Request due to T3580 expiry
[2023-01-09 12:09:13.458] [nas] [debug] UAC access attempt is allowed for identity[0], category[MO_sig]
[2023-01-09 12:09:25.832] [nas] [debug] Sending PDU Session Establishment Request
[2023-01-09 12:09:25.934] [nas] [error] No response from RRC from UAC checks, considering access attempt is barred
[2023-01-09 12:09:29.481] [nas] [warning] Retransmitting PDU Session Establishment Request due to T3580 expiry
[2023-01-09 12:09:29.483] [nas] [debug] UAC access attempt is allowed for identity[0], category[MO_sig]
[2023-01-09 12:09:42.496] [nas] [warning] Retransmitting PDU Session Establishment Request due to T3580 expiry
[2023-01-09 12:09:42.499] [nas] [debug] UAC access attempt is allowed for identity[0], category[MO_sig]
[2023-01-09 12:09:45.499] [nas] [warning] Retransmitting PDU Session Establishment Request due to T3580 expiry
[2023-01-09 12:09:45.499] [nas] [debug] UAC access attempt is allowed for identity[0], category[MO_sig]
[2023-01-09 12:09:51.000] [nas] [debug] Sending PDU Session Establishment Request
[2023-01-09 12:09:51.101] [nas] [error] No response from RRC from UAC checks, considering access attempt is barred
[2023-01-09 12:09:58.515] [nas] [warning] Retransmitting PDU Session Establishment Request due to T3580 expiry
[2023-01-09 12:09:58.517] [nas] [debug] UAC access attempt is allowed for identity[0], category[MO_sig]
[2023-01-09 12:10:01.522] [nas] [warning] Retransmitting PDU Session Establishment Request due to T3580 expiry
[2023-01-09 12:10:01.524] [nas] [debug] UAC access attempt is allowed for identity[0], category[MO_sig]
