UERANSIM v3.2.6
[2023-01-09 12:02:29.927] [nas] [info] UE switches to state [MM-DEREGISTERED/PLMN-SEARCH]
[2023-01-09 12:02:29.928] [rrc] [debug] New signal detected for cell[1], total [1] cells in coverage
[2023-01-09 12:02:29.929] [nas] [info] Selected plmn[208/93]
[2023-01-09 12:02:29.929] [rrc] [info] Selected cell plmn[208/93] tac[1] category[SUITABLE]
[2023-01-09 12:02:29.930] [nas] [info] UE switches to state [MM-DEREGISTERED/PS]
[2023-01-09 12:02:29.930] [nas] [info] UE switches to state [MM-DEREGISTERED/NORMAL-SERVICE]
[2023-01-09 12:02:29.930] [nas] [debug] Initial registration required due to [MM-DEREG-NORMAL-SERVICE]
[2023-01-09 12:02:29.930] [nas] [debug] UAC access attempt is allowed for identity[0], category[MO_sig]
[2023-01-09 12:02:29.930] [nas] [debug] Sending Initial Registration
[2023-01-09 12:02:29.930] [nas] [info] UE switches to state [MM-REGISTER-INITIATED]
[2023-01-09 12:02:29.930] [rrc] [debug] Sending RRC Setup Request
[2023-01-09 12:02:29.930] [rrc] [info] RRC connection established
[2023-01-09 12:02:29.930] [rrc] [info] UE switches to state [RRC-CONNECTED]
[2023-01-09 12:02:29.931] [nas] [info] UE switches to state [CM-CONNECTED]
[2023-01-09 12:02:29.949] [nas] [debug] Authentication Request received
[2023-01-09 12:02:29.955] [nas] [debug] Security Mode Command received
[2023-01-09 12:02:29.955] [nas] [debug] Selected integrity[2] ciphering[0]
[2023-01-09 12:02:29.979] [nas] [debug] Registration accept received
[2023-01-09 12:02:29.979] [nas] [info] UE switches to state [MM-REGISTERED/NORMAL-SERVICE]
[2023-01-09 12:02:29.979] [nas] [debug] Sending Registration Complete
[2023-01-09 12:02:29.979] [nas] [info] Initial Registration is successful
[2023-01-09 12:02:29.979] [nas] [debug] Sending PDU Session Establishment Request
[2023-01-09 12:02:29.981] [nas] [debug] UAC access attempt is allowed for identity[0], category[MO_sig]
[2023-01-09 12:02:30.217] [nas] [debug] PDU Session Establishment Accept received
[2023-01-09 12:02:30.217] [nas] [info] PDU Session establishment is successful PSI[1]
[2023-01-09 12:02:30.232] [app] [info] Connection setup for PDU session[1] is successful, TUN interface[uesimtun18, 10.60.0.19] is up.
[2023-01-09 12:03:52.343] [nas] [debug] Sending PDU Session Release Request for PSI[1]
[2023-01-09 12:03:52.509] [nas] [debug] PDU Session Release Command received
[2023-01-09 12:03:52.509] [nas] [debug] Performing local release of PDU session[1]
[2023-01-09 12:03:53.604] [nas] [debug] Sending PDU Session Establishment Request
[2023-01-09 12:03:53.615] [nas] [debug] UAC access attempt is allowed for identity[0], category[MO_sig]
[2023-01-09 12:03:53.972] [nas] [debug] PDU Session Establishment Accept received
[2023-01-09 12:03:53.972] [nas] [info] PDU Session establishment is successful PSI[1]
[2023-01-09 12:03:54.349] [app] [info] Connection setup for PDU session[1] is successful, TUN interface[uesimtun19, 10.60.0.119] is up.
[2023-01-09 12:04:04.443] [nas] [debug] Sending PDU Session Establishment Request
[2023-01-09 12:04:04.550] [nas] [error] No response from RRC from UAC checks, considering access attempt is barred
[2023-01-09 12:04:21.045] [nas] [warning] Retransmitting PDU Session Establishment Request due to T3580 expiry
[2023-01-09 12:04:21.047] [nas] [debug] UAC access attempt is allowed for identity[0], category[MO_sig]
[2023-01-09 12:04:21.291] [nas] [debug] PDU Session Establishment Accept received
[2023-01-09 12:04:21.291] [nas] [info] PDU Session establishment is successful PSI[2]
[2023-01-09 12:04:21.458] [app] [info] Connection setup for PDU session[2] is successful, TUN interface[uesimtun80, 10.60.0.242] is up.
[2023-01-09 12:04:38.638] [nas] [debug] Sending PDU Session Release Request for PSI[1]
[2023-01-09 12:04:38.638] [nas] [debug] Sending PDU Session Release Request for PSI[2]
[2023-01-09 12:04:38.704] [nas] [error] PDU Session Release Reject received [REQUEST_REJECTED_UNSPECIFIED]
[2023-01-09 12:04:38.704] [nas] [error] PS release reject received without being requested
[2023-01-09 12:04:38.704] [nas] [warning] Sending SM Cause[MESSAGE_TYPE_NOT_COMPATIBLE_WITH_THE_PROTOCOL_STATE] for PSI[1]
[2023-01-09 12:04:38.715] [nas] [debug] PDU Session Release Command received
[2023-01-09 12:04:38.715] [nas] [debug] Performing local release of PDU session[2]
[2023-01-09 12:04:43.678] [nas] [debug] Sending PDU Session Establishment Request
[2023-01-09 12:04:43.780] [nas] [error] No response from RRC from UAC checks, considering access attempt is barred
[2023-01-09 12:05:00.097] [nas] [warning] Retransmitting PDU Session Establishment Request due to T3580 expiry
[2023-01-09 12:05:00.100] [nas] [debug] UAC access attempt is allowed for identity[0], category[MO_sig]
[2023-01-09 12:05:00.249] [nas] [debug] PDU Session Establishment Accept received
[2023-01-09 12:05:00.249] [nas] [info] PDU Session establishment is successful PSI[2]
[2023-01-09 12:05:00.376] [app] [info] Connection setup for PDU session[2] is successful, TUN interface[uesimtun26, 10.60.1.119] is up.
[2023-01-09 12:05:14.869] [nas] [debug] De-registration required due to [NORMAL]
[2023-01-09 12:05:14.882] [nas] [debug] Starting de-registration procedure due to [NORMAL]
[2023-01-09 12:05:14.882] [nas] [debug] Performing local release of PDU session[1]
[2023-01-09 12:05:14.882] [nas] [debug] Performing local release of PDU session[2]
[2023-01-09 12:05:14.882] [nas] [info] UE switches to state [MM-DEREGISTER-INITIATED]
[2023-01-09 12:05:14.920] [nas] [debug] De-registration accept received
[2023-01-09 12:05:14.920] [nas] [info] UE switches to state [MM-DEREGISTERED/PS]
[2023-01-09 12:05:14.920] [nas] [info] De-registration is successful
[2023-01-09 12:05:14.920] [nas] [info] UE switches to state [MM-DEREGISTERED/NORMAL-SERVICE]
[2023-01-09 12:05:14.920] [nas] [debug] Initial registration required due to [MM-DEREG-NORMAL-SERVICE]
[2023-01-09 12:05:14.920] [nas] [debug] Sending Initial Registration
[2023-01-09 12:05:14.920] [nas] [debug] Deleting NAS security context
[2023-01-09 12:05:14.920] [nas] [info] UE switches to state [MM-REGISTER-INITIATED]
[2023-01-09 12:05:14.926] [rrc] [debug] RRC Release received
[2023-01-09 12:05:14.926] [nas] [info] UE switches to state [CM-IDLE]
[2023-01-09 12:05:14.926] [nas] [info] UE switches to state [MM-DEREGISTERED/PS]
[2023-01-09 12:05:14.926] [nas] [info] UE switches to state [5U2-NOT-UPDATED]
[2023-01-09 12:05:14.926] [nas] [info] UE switches to state [MM-DEREGISTERED/ATTEMPTING-REGISTRATION]
[2023-01-09 12:05:25.133] [nas] [debug] NAS timer[3511] expired [1]
[2023-01-09 12:05:25.133] [nas] [debug] Initial registration required due to [T3511-EXPIRY-IN-ATT-REG]
[2023-01-09 12:05:25.133] [nas] [debug] UAC access attempt is allowed for identity[0], category[MO_sig]
[2023-01-09 12:05:25.133] [nas] [debug] Sending Initial Registration
[2023-01-09 12:05:25.133] [nas] [info] UE switches to state [MM-REGISTER-INITIATED]
[2023-01-09 12:05:25.133] [rrc] [debug] Sending RRC Setup Request
[2023-01-09 12:05:25.134] [rrc] [info] RRC connection established
[2023-01-09 12:05:25.134] [rrc] [info] UE switches to state [RRC-CONNECTED]
[2023-01-09 12:05:25.134] [nas] [info] UE switches to state [CM-CONNECTED]
[2023-01-09 12:05:25.149] [nas] [debug] Authentication Request received
[2023-01-09 12:05:25.156] [nas] [debug] Security Mode Command received
[2023-01-09 12:05:25.156] [nas] [debug] Selected integrity[2] ciphering[0]
[2023-01-09 12:05:25.185] [nas] [debug] Registration accept received
[2023-01-09 12:05:25.186] [nas] [info] UE switches to state [MM-REGISTERED/NORMAL-SERVICE]
[2023-01-09 12:05:25.186] [nas] [info] UE switches to state [5U1-UPDATED]
[2023-01-09 12:05:25.186] [nas] [debug] Sending Registration Complete
[2023-01-09 12:05:25.186] [nas] [info] Initial Registration is successful
[2023-01-09 12:05:25.186] [nas] [debug] Sending PDU Session Establishment Request
[2023-01-09 12:05:25.188] [nas] [debug] UAC access attempt is allowed for identity[0], category[MO_sig]
[2023-01-09 12:05:25.264] [nas] [debug] PDU Session Establishment Accept received
[2023-01-09 12:05:25.264] [nas] [info] PDU Session establishment is successful PSI[1]
[2023-01-09 12:05:25.370] [app] [info] Connection setup for PDU session[1] is successful, TUN interface[uesimtun137, 10.60.1.196] is up.
[2023-01-09 12:05:47.930] [nas] [debug] Sending PDU Session Establishment Request
[2023-01-09 12:05:48.031] [nas] [error] No response from RRC from UAC checks, considering access attempt is barred
[2023-01-09 12:06:04.184] [nas] [warning] Retransmitting PDU Session Establishment Request due to T3580 expiry
[2023-01-09 12:06:04.184] [nas] [debug] UAC access attempt is allowed for identity[0], category[MO_sig]
[2023-01-09 12:06:04.320] [nas] [debug] PDU Session Establishment Accept received
[2023-01-09 12:06:04.320] [nas] [info] PDU Session establishment is successful PSI[2]
[2023-01-09 12:06:04.418] [app] [info] Connection setup for PDU session[2] is successful, TUN interface[uesimtun54, 10.60.2.43] is up.
[2023-01-09 12:06:13.105] [nas] [debug] De-registration required due to [NORMAL]
[2023-01-09 12:06:13.116] [nas] [debug] Starting de-registration procedure due to [NORMAL]
[2023-01-09 12:06:13.116] [nas] [debug] Performing local release of PDU session[1]
[2023-01-09 12:06:13.116] [nas] [debug] Performing local release of PDU session[2]
[2023-01-09 12:06:13.116] [nas] [info] UE switches to state [MM-DEREGISTER-INITIATED]
[2023-01-09 12:06:13.215] [nas] [debug] De-registration accept received
[2023-01-09 12:06:13.215] [nas] [info] UE switches to state [MM-DEREGISTERED/PS]
[2023-01-09 12:06:13.215] [nas] [info] De-registration is successful
[2023-01-09 12:06:13.215] [nas] [info] UE switches to state [MM-DEREGISTERED/NORMAL-SERVICE]
[2023-01-09 12:06:13.215] [nas] [debug] Initial registration required due to [MM-DEREG-NORMAL-SERVICE]
[2023-01-09 12:06:13.215] [nas] [debug] Sending Initial Registration
[2023-01-09 12:06:13.215] [nas] [debug] Deleting NAS security context
[2023-01-09 12:06:13.215] [nas] [info] UE switches to state [MM-REGISTER-INITIATED]
[2023-01-09 12:06:13.218] [rrc] [debug] RRC Release received
[2023-01-09 12:06:13.218] [nas] [info] UE switches to state [CM-IDLE]
[2023-01-09 12:06:13.218] [nas] [info] UE switches to state [MM-DEREGISTERED/PS]
[2023-01-09 12:06:13.218] [nas] [info] UE switches to state [5U2-NOT-UPDATED]
[2023-01-09 12:06:13.218] [nas] [info] UE switches to state [MM-DEREGISTERED/ATTEMPTING-REGISTRATION]
[2023-01-09 12:06:24.207] [nas] [debug] NAS timer[3511] expired [1]
[2023-01-09 12:06:24.207] [nas] [debug] Initial registration required due to [T3511-EXPIRY-IN-ATT-REG]
[2023-01-09 12:06:24.208] [nas] [debug] UAC access attempt is allowed for identity[0], category[MO_sig]
[2023-01-09 12:06:24.208] [nas] [debug] Sending Initial Registration
[2023-01-09 12:06:24.208] [nas] [info] UE switches to state [MM-REGISTER-INITIATED]
[2023-01-09 12:06:24.208] [rrc] [debug] Sending RRC Setup Request
[2023-01-09 12:06:24.208] [rrc] [info] RRC connection established
[2023-01-09 12:06:24.208] [rrc] [info] UE switches to state [RRC-CONNECTED]
[2023-01-09 12:06:24.209] [nas] [info] UE switches to state [CM-CONNECTED]
[2023-01-09 12:06:24.223] [nas] [debug] Authentication Request received
[2023-01-09 12:06:24.229] [nas] [debug] Security Mode Command received
[2023-01-09 12:06:24.229] [nas] [debug] Selected integrity[2] ciphering[0]
[2023-01-09 12:06:24.256] [nas] [debug] Registration accept received
[2023-01-09 12:06:24.256] [nas] [info] UE switches to state [MM-REGISTERED/NORMAL-SERVICE]
[2023-01-09 12:06:24.256] [nas] [info] UE switches to state [5U1-UPDATED]
[2023-01-09 12:06:24.256] [nas] [debug] Sending Registration Complete
[2023-01-09 12:06:24.256] [nas] [info] Initial Registration is successful
[2023-01-09 12:06:24.256] [nas] [debug] Sending PDU Session Establishment Request
[2023-01-09 12:06:24.258] [nas] [debug] UAC access attempt is allowed for identity[0], category[MO_sig]
[2023-01-09 12:06:24.375] [nas] [debug] PDU Session Establishment Accept received
[2023-01-09 12:06:24.375] [nas] [info] PDU Session establishment is successful PSI[1]
[2023-01-09 12:06:24.516] [app] [info] Connection setup for PDU session[1] is successful, TUN interface[uesimtun129, 10.60.2.96] is up.
[2023-01-09 12:06:45.212] [nas] [debug] De-registration required due to [NORMAL]
[2023-01-09 12:06:45.223] [nas] [debug] Starting de-registration procedure due to [NORMAL]
[2023-01-09 12:06:45.223] [nas] [debug] Performing local release of PDU session[1]
[2023-01-09 12:06:45.223] [nas] [info] UE switches to state [MM-DEREGISTER-INITIATED]
[2023-01-09 12:06:45.370] [nas] [debug] De-registration accept received
[2023-01-09 12:06:45.370] [nas] [info] UE switches to state [MM-DEREGISTERED/PS]
[2023-01-09 12:06:45.370] [nas] [info] De-registration is successful
[2023-01-09 12:06:45.370] [nas] [info] UE switches to state [MM-DEREGISTERED/NORMAL-SERVICE]
[2023-01-09 12:06:45.370] [nas] [debug] Initial registration required due to [MM-DEREG-NORMAL-SERVICE]
[2023-01-09 12:06:45.370] [nas] [debug] Sending Initial Registration
[2023-01-09 12:06:45.370] [nas] [debug] Deleting NAS security context
[2023-01-09 12:06:45.370] [nas] [info] UE switches to state [MM-REGISTER-INITIATED]
[2023-01-09 12:06:45.371] [rrc] [debug] RRC Release received
[2023-01-09 12:06:45.371] [nas] [info] UE switches to state [CM-IDLE]
[2023-01-09 12:06:45.371] [nas] [info] UE switches to state [MM-DEREGISTERED/PS]
[2023-01-09 12:06:45.371] [nas] [info] UE switches to state [5U2-NOT-UPDATED]
[2023-01-09 12:06:45.371] [nas] [info] UE switches to state [MM-DEREGISTERED/ATTEMPTING-REGISTRATION]
[2023-01-09 12:06:56.242] [nas] [debug] NAS timer[3511] expired [1]
[2023-01-09 12:06:56.242] [nas] [debug] Initial registration required due to [T3511-EXPIRY-IN-ATT-REG]
[2023-01-09 12:06:56.243] [nas] [debug] UAC access attempt is allowed for identity[0], category[MO_sig]
[2023-01-09 12:06:56.243] [nas] [debug] Sending Initial Registration
[2023-01-09 12:06:56.243] [nas] [info] UE switches to state [MM-REGISTER-INITIATED]
[2023-01-09 12:06:56.243] [rrc] [debug] Sending RRC Setup Request
[2023-01-09 12:06:56.247] [rrc] [info] RRC connection established
[2023-01-09 12:06:56.247] [rrc] [info] UE switches to state [RRC-CONNECTED]
[2023-01-09 12:06:56.247] [nas] [info] UE switches to state [CM-CONNECTED]
[2023-01-09 12:06:56.269] [nas] [debug] Authentication Request received
[2023-01-09 12:06:56.282] [nas] [debug] Security Mode Command received
[2023-01-09 12:06:56.282] [nas] [debug] Selected integrity[2] ciphering[0]
[2023-01-09 12:06:56.323] [nas] [debug] Registration accept received
[2023-01-09 12:06:56.323] [nas] [info] UE switches to state [MM-REGISTERED/NORMAL-SERVICE]
[2023-01-09 12:06:56.323] [nas] [info] UE switches to state [5U1-UPDATED]
[2023-01-09 12:06:56.323] [nas] [debug] Sending Registration Complete
[2023-01-09 12:06:56.323] [nas] [info] Initial Registration is successful
[2023-01-09 12:06:56.323] [nas] [debug] Sending PDU Session Establishment Request
[2023-01-09 12:06:56.323] [nas] [debug] UAC access attempt is allowed for identity[0], category[MO_sig]
[2023-01-09 12:06:56.425] [nas] [debug] PDU Session Establishment Accept received
[2023-01-09 12:06:56.425] [nas] [info] PDU Session establishment is successful PSI[1]
[2023-01-09 12:06:56.554] [app] [info] Connection setup for PDU session[1] is successful, TUN interface[uesimtun87, 10.60.2.186] is up.
[2023-01-09 12:07:13.293] [nas] [debug] Sending PDU Session Release Request for PSI[1]
[2023-01-09 12:07:13.309] [nas] [error] PDU Session Release Reject received [REQUEST_REJECTED_UNSPECIFIED]
[2023-01-09 12:07:13.309] [nas] [error] PS release reject received without being requested
[2023-01-09 12:07:13.309] [nas] [warning] Sending SM Cause[MESSAGE_TYPE_NOT_COMPATIBLE_WITH_THE_PROTOCOL_STATE] for PSI[1]
[2023-01-09 12:07:22.400] [nas] [warning] PDU session release procedure could not start: PS[2] is not active already
[2023-01-09 12:07:28.456] [nas] [debug] Sending PDU Session Release Request for PSI[1]
[2023-01-09 12:07:28.501] [nas] [error] PDU Session Release Reject received [REQUEST_REJECTED_UNSPECIFIED]
[2023-01-09 12:07:28.501] [nas] [error] PS release reject received without being requested
[2023-01-09 12:07:28.501] [nas] [warning] Sending SM Cause[MESSAGE_TYPE_NOT_COMPATIBLE_WITH_THE_PROTOCOL_STATE] for PSI[1]
[2023-01-09 12:07:41.525] [nas] [debug] Sending PDU Session Establishment Request
[2023-01-09 12:07:41.626] [nas] [error] No response from RRC from UAC checks, considering access attempt is barred
[2023-01-09 12:07:58.312] [nas] [warning] Retransmitting PDU Session Establishment Request due to T3580 expiry
[2023-01-09 12:07:58.315] [nas] [debug] UAC access attempt is allowed for identity[0], category[MO_sig]
[2023-01-09 12:07:58.438] [nas] [debug] PDU Session Establishment Accept received
[2023-01-09 12:07:58.438] [nas] [info] PDU Session establishment is successful PSI[2]
[2023-01-09 12:07:58.511] [app] [info] Connection setup for PDU session[2] is successful, TUN interface[uesimtun86, 10.60.3.85] is up.
[2023-01-09 12:08:09.715] [nas] [debug] Sending PDU Session Release Request for PSI[1]
[2023-01-09 12:08:09.715] [nas] [debug] Sending PDU Session Release Request for PSI[2]
[2023-01-09 12:08:09.742] [nas] [error] PDU Session Release Reject received [REQUEST_REJECTED_UNSPECIFIED]
[2023-01-09 12:08:09.742] [nas] [error] PS release reject received without being requested
[2023-01-09 12:08:09.742] [nas] [warning] Sending SM Cause[MESSAGE_TYPE_NOT_COMPATIBLE_WITH_THE_PROTOCOL_STATE] for PSI[1]
[2023-01-09 12:08:09.752] [nas] [error] PDU Session Release Reject received [REQUEST_REJECTED_UNSPECIFIED]
[2023-01-09 12:08:09.752] [nas] [error] PS release reject received without being requested
[2023-01-09 12:08:09.752] [nas] [warning] Sending SM Cause[MESSAGE_TYPE_NOT_COMPATIBLE_WITH_THE_PROTOCOL_STATE] for PSI[2]
[2023-01-09 12:08:15.778] [nas] [debug] Sending PDU Session Establishment Request
[2023-01-09 12:08:15.879] [nas] [error] No response from RRC from UAC checks, considering access attempt is barred
[2023-01-09 12:08:32.355] [nas] [warning] Retransmitting PDU Session Establishment Request due to T3580 expiry
[2023-01-09 12:08:32.355] [nas] [debug] UAC access attempt is allowed for identity[0], category[MO_sig]
[2023-01-09 12:08:32.421] [nas] [debug] PDU Session Establishment Accept received
[2023-01-09 12:08:32.421] [nas] [info] PDU Session establishment is successful PSI[3]
[2023-01-09 12:08:32.493] [app] [info] Connection setup for PDU session[3] is successful, TUN interface[uesimtun116, 10.60.3.166] is up.
[2023-01-09 12:08:48.936] [nas] [debug] Sending PDU Session Release Request for PSI[1]
[2023-01-09 12:08:48.936] [nas] [debug] Sending PDU Session Release Request for PSI[2]
[2023-01-09 12:08:48.936] [nas] [debug] Sending PDU Session Release Request for PSI[3]
[2023-01-09 12:08:48.950] [nas] [error] PDU Session Release Reject received [REQUEST_REJECTED_UNSPECIFIED]
[2023-01-09 12:08:48.950] [nas] [error] PS release reject received without being requested
[2023-01-09 12:08:48.950] [nas] [warning] Sending SM Cause[MESSAGE_TYPE_NOT_COMPATIBLE_WITH_THE_PROTOCOL_STATE] for PSI[1]
[2023-01-09 12:08:48.957] [nas] [error] PDU Session Release Reject received [REQUEST_REJECTED_UNSPECIFIED]
[2023-01-09 12:08:48.957] [nas] [error] PS release reject received without being requested
[2023-01-09 12:08:48.957] [nas] [warning] Sending SM Cause[MESSAGE_TYPE_NOT_COMPATIBLE_WITH_THE_PROTOCOL_STATE] for PSI[2]
[2023-01-09 12:08:48.962] [nas] [error] PDU Session Release Reject received [REQUEST_REJECTED_UNSPECIFIED]
[2023-01-09 12:08:48.962] [nas] [error] PS release reject received without being requested
[2023-01-09 12:08:48.962] [nas] [warning] Sending SM Cause[MESSAGE_TYPE_NOT_COMPATIBLE_WITH_THE_PROTOCOL_STATE] for PSI[3]
[2023-01-09 12:09:01.018] [nas] [debug] Sending PDU Session Release Request for PSI[1]
[2023-01-09 12:09:01.018] [nas] [debug] Sending PDU Session Release Request for PSI[2]
[2023-01-09 12:09:01.018] [nas] [debug] Sending PDU Session Release Request for PSI[3]
[2023-01-09 12:09:01.066] [nas] [error] PDU Session Release Reject received [REQUEST_REJECTED_UNSPECIFIED]
[2023-01-09 12:09:01.066] [nas] [error] PS release reject received without being requested
[2023-01-09 12:09:01.067] [nas] [warning] Sending SM Cause[MESSAGE_TYPE_NOT_COMPATIBLE_WITH_THE_PROTOCOL_STATE] for PSI[1]
[2023-01-09 12:09:01.076] [nas] [error] PDU Session Release Reject received [REQUEST_REJECTED_UNSPECIFIED]
[2023-01-09 12:09:01.076] [nas] [error] PS release reject received without being requested
[2023-01-09 12:09:01.076] [nas] [warning] Sending SM Cause[MESSAGE_TYPE_NOT_COMPATIBLE_WITH_THE_PROTOCOL_STATE] for PSI[2]
[2023-01-09 12:09:01.076] [nas] [error] PDU Session Release Reject received [REQUEST_REJECTED_UNSPECIFIED]
[2023-01-09 12:09:01.076] [nas] [error] PS release reject received without being requested
[2023-01-09 12:09:01.076] [nas] [warning] Sending SM Cause[MESSAGE_TYPE_NOT_COMPATIBLE_WITH_THE_PROTOCOL_STATE] for PSI[3]
[2023-01-09 12:09:13.064] [nas] [debug] Sending PDU Session Release Request for PSI[1]
[2023-01-09 12:09:13.064] [nas] [debug] Sending PDU Session Release Request for PSI[2]
[2023-01-09 12:09:13.064] [nas] [debug] Sending PDU Session Release Request for PSI[3]
[2023-01-09 12:09:21.104] [nas] [warning] PDU session release procedure could not start: PS[4] is not active already
[2023-01-09 12:09:29.423] [nas] [warning] Retransmitting PDU Session Release Request due to T3582 expiry
[2023-01-09 12:09:29.423] [nas] [warning] Retransmitting PDU Session Release Request due to T3582 expiry
[2023-01-09 12:09:29.423] [nas] [warning] Retransmitting PDU Session Release Request due to T3582 expiry
[2023-01-09 12:09:34.144] [nas] [debug] De-registration required due to [NORMAL]
[2023-01-09 12:09:34.153] [nas] [debug] Starting de-registration procedure due to [NORMAL]
[2023-01-09 12:09:34.153] [nas] [debug] Performing local release of PDU session[1]
[2023-01-09 12:09:34.153] [nas] [debug] Performing local release of PDU session[2]
[2023-01-09 12:09:34.153] [nas] [debug] Performing local release of PDU session[3]
[2023-01-09 12:09:34.153] [nas] [info] UE switches to state [MM-DEREGISTER-INITIATED]
[2023-01-09 12:09:45.445] [nas] [warning] Retransmitting PDU Session Release Request due to T3582 expiry
[2023-01-09 12:09:45.445] [nas] [warning] Retransmitting PDU Session Release Request due to T3582 expiry
[2023-01-09 12:09:45.445] [nas] [warning] Retransmitting PDU Session Release Request due to T3582 expiry
[2023-01-09 12:09:49.450] [nas] [debug] NAS timer[3521] expired [1]
[2023-01-09 12:09:49.450] [nas] [debug] Retransmitting De-registration Request due to T3521 expiry
[2023-01-09 12:10:01.464] [nas] [warning] Retransmitting PDU Session Release Request due to T3582 expiry
[2023-01-09 12:10:01.464] [nas] [warning] Retransmitting PDU Session Release Request due to T3582 expiry
[2023-01-09 12:10:01.464] [nas] [warning] Retransmitting PDU Session Release Request due to T3582 expiry
