UERANSIM v3.2.6
[2023-01-09 12:03:24.019] [nas] [info] UE switches to state [MM-DEREGISTERED/PLMN-SEARCH]
[2023-01-09 12:03:24.019] [rrc] [debug] New signal detected for cell[1], total [1] cells in coverage
[2023-01-09 12:03:24.024] [nas] [info] Selected plmn[208/93]
[2023-01-09 12:03:24.024] [rrc] [info] Selected cell plmn[208/93] tac[1] category[SUITABLE]
[2023-01-09 12:03:24.024] [nas] [info] UE switches to state [MM-DEREGISTERED/PS]
[2023-01-09 12:03:24.024] [nas] [info] UE switches to state [MM-DEREGISTERED/NORMAL-SERVICE]
[2023-01-09 12:03:24.024] [nas] [debug] Initial registration required due to [MM-DEREG-NORMAL-SERVICE]
[2023-01-09 12:03:24.024] [nas] [debug] UAC access attempt is allowed for identity[0], category[MO_sig]
[2023-01-09 12:03:24.024] [nas] [debug] Sending Initial Registration
[2023-01-09 12:03:24.024] [nas] [info] UE switches to state [MM-REGISTER-INITIATED]
[2023-01-09 12:03:24.024] [rrc] [debug] Sending RRC Setup Request
[2023-01-09 12:03:24.024] [rrc] [info] RRC connection established
[2023-01-09 12:03:24.024] [rrc] [info] UE switches to state [RRC-CONNECTED]
[2023-01-09 12:03:24.024] [nas] [info] UE switches to state [CM-CONNECTED]
[2023-01-09 12:03:24.040] [nas] [debug] Authentication Request received
[2023-01-09 12:03:24.046] [nas] [debug] Security Mode Command received
[2023-01-09 12:03:24.046] [nas] [debug] Selected integrity[2] ciphering[0]
[2023-01-09 12:03:24.074] [nas] [debug] Registration accept received
[2023-01-09 12:03:24.074] [nas] [info] UE switches to state [MM-REGISTERED/NORMAL-SERVICE]
[2023-01-09 12:03:24.074] [nas] [debug] Sending Registration Complete
[2023-01-09 12:03:24.074] [nas] [info] Initial Registration is successful
[2023-01-09 12:03:24.074] [nas] [debug] Sending PDU Session Establishment Request
[2023-01-09 12:03:24.075] [nas] [debug] UAC access attempt is allowed for identity[0], category[MO_sig]
[2023-01-09 12:03:24.309] [nas] [debug] PDU Session Establishment Accept received
[2023-01-09 12:03:24.309] [nas] [info] PDU Session establishment is successful PSI[1]
[2023-01-09 12:03:24.345] [app] [info] Connection setup for PDU session[1] is successful, TUN interface[uesimtun72, 10.60.0.73] is up.
[2023-01-09 12:03:54.436] [nas] [debug] Sending PDU Session Establishment Request
[2023-01-09 12:03:54.581] [nas] [error] No response from RRC from UAC checks, considering access attempt is barred
[2023-01-09 12:04:11.076] [nas] [warning] Retransmitting PDU Session Establishment Request due to T3580 expiry
[2023-01-09 12:04:11.081] [nas] [debug] UAC access attempt is allowed for identity[0], category[MO_sig]
[2023-01-09 12:04:11.430] [nas] [debug] PDU Session Establishment Accept received
[2023-01-09 12:04:11.430] [nas] [info] PDU Session establishment is successful PSI[2]
[2023-01-09 12:04:11.628] [app] [info] Connection setup for PDU session[2] is successful, TUN interface[uesimtun112, 10.60.0.205] is up.
[2023-01-09 12:04:19.676] [nas] [debug] Sending PDU Session Release Request for PSI[1]
[2023-01-09 12:04:19.676] [nas] [debug] Sending PDU Session Release Request for PSI[2]
[2023-01-09 12:04:19.771] [nas] [debug] PDU Session Release Command received
[2023-01-09 12:04:19.771] [nas] [debug] Performing local release of PDU session[1]
[2023-01-09 12:04:19.776] [nas] [debug] PDU Session Release Command received
[2023-01-09 12:04:19.776] [nas] [debug] Performing local release of PDU session[2]
[2023-01-09 12:04:20.158] [nas] [debug] Sending PDU Session Establishment Request
[2023-01-09 12:04:20.188] [nas] [debug] UAC access attempt is allowed for identity[0], category[MO_sig]
[2023-01-09 12:04:20.347] [nas] [debug] PDU Session Establishment Accept received
[2023-01-09 12:04:20.347] [nas] [info] PDU Session establishment is successful PSI[1]
[2023-01-09 12:04:20.460] [app] [info] Connection setup for PDU session[1] is successful, TUN interface[uesimtun122, 10.60.0.241] is up.
[2023-01-09 12:04:29.738] [nas] [debug] Sending PDU Session Release Request for PSI[1]
[2023-01-09 12:04:29.945] [nas] [debug] PDU Session Release Command received
[2023-01-09 12:04:29.945] [nas] [debug] Performing local release of PDU session[1]
[2023-01-09 12:04:30.097] [nas] [debug] Sending PDU Session Establishment Request
[2023-01-09 12:04:30.111] [nas] [debug] UAC access attempt is allowed for identity[0], category[MO_sig]
[2023-01-09 12:04:30.207] [nas] [debug] PDU Session Establishment Accept received
[2023-01-09 12:04:30.207] [nas] [info] PDU Session establishment is successful PSI[1]
[2023-01-09 12:04:30.319] [app] [info] Connection setup for PDU session[1] is successful, TUN interface[uesimtun75, 10.60.1.18] is up.
[2023-01-09 12:04:38.835] [nas] [warning] PDU session release procedure could not start: PS[2] is not active already
[2023-01-09 12:04:53.890] [nas] [debug] Sending PDU Session Establishment Request
[2023-01-09 12:04:53.991] [nas] [error] No response from RRC from UAC checks, considering access attempt is barred
[2023-01-09 12:05:10.140] [nas] [warning] Retransmitting PDU Session Establishment Request due to T3580 expiry
[2023-01-09 12:05:10.148] [nas] [debug] UAC access attempt is allowed for identity[0], category[MO_sig]
[2023-01-09 12:05:10.327] [nas] [debug] PDU Session Establishment Accept received
[2023-01-09 12:05:10.327] [nas] [info] PDU Session establishment is successful PSI[2]
[2023-01-09 12:05:10.418] [app] [info] Connection setup for PDU session[2] is successful, TUN interface[uesimtun92, 10.60.1.148] is up.
[2023-01-09 12:05:23.068] [nas] [debug] Sending PDU Session Release Request for PSI[1]
[2023-01-09 12:05:23.068] [nas] [debug] Sending PDU Session Release Request for PSI[2]
[2023-01-09 12:05:23.174] [nas] [error] PDU Session Release Reject received [REQUEST_REJECTED_UNSPECIFIED]
[2023-01-09 12:05:23.174] [nas] [error] PS release reject received without being requested
[2023-01-09 12:05:23.174] [nas] [warning] Sending SM Cause[MESSAGE_TYPE_NOT_COMPATIBLE_WITH_THE_PROTOCOL_STATE] for PSI[1]
[2023-01-09 12:05:23.184] [nas] [error] PDU Session Release Reject received [REQUEST_REJECTED_UNSPECIFIED]
[2023-01-09 12:05:23.184] [nas] [error] PS release reject received without being requested
[2023-01-09 12:05:23.184] [nas] [warning] Sending SM Cause[MESSAGE_TYPE_NOT_COMPATIBLE_WITH_THE_PROTOCOL_STATE] for PSI[2]
[2023-01-09 12:05:30.146] [nas] [debug] Sending PDU Session Release Request for PSI[1]
[2023-01-09 12:05:30.221] [nas] [error] PDU Session Release Reject received [REQUEST_REJECTED_UNSPECIFIED]
[2023-01-09 12:05:30.221] [nas] [error] PS release reject received without being requested
[2023-01-09 12:05:30.221] [nas] [warning] Sending SM Cause[MESSAGE_TYPE_NOT_COMPATIBLE_WITH_THE_PROTOCOL_STATE] for PSI[1]
[2023-01-09 12:05:40.264] [nas] [debug] Sending PDU Session Release Request for PSI[1]
[2023-01-09 12:05:40.377] [nas] [error] PDU Session Release Reject received [REQUEST_REJECTED_UNSPECIFIED]
[2023-01-09 12:05:40.377] [nas] [error] PS release reject received without being requested
[2023-01-09 12:05:40.377] [nas] [warning] Sending SM Cause[MESSAGE_TYPE_NOT_COMPATIBLE_WITH_THE_PROTOCOL_STATE] for PSI[1]
[2023-01-09 12:05:47.315] [nas] [debug] Sending PDU Session Release Request for PSI[1]
[2023-01-09 12:05:47.379] [nas] [error] PDU Session Release Reject received [REQUEST_REJECTED_UNSPECIFIED]
[2023-01-09 12:05:47.379] [nas] [error] PS release reject received without being requested
[2023-01-09 12:05:47.379] [nas] [warning] Sending SM Cause[MESSAGE_TYPE_NOT_COMPATIBLE_WITH_THE_PROTOCOL_STATE] for PSI[1]
[2023-01-09 12:06:01.386] [nas] [debug] Sending PDU Session Release Request for PSI[2]
[2023-01-09 12:06:01.455] [nas] [error] PDU Session Release Reject received [REQUEST_REJECTED_UNSPECIFIED]
[2023-01-09 12:06:01.455] [nas] [error] PS release reject received without being requested
[2023-01-09 12:06:01.455] [nas] [warning] Sending SM Cause[MESSAGE_TYPE_NOT_COMPATIBLE_WITH_THE_PROTOCOL_STATE] for PSI[2]
[2023-01-09 12:06:11.472] [nas] [debug] Sending PDU Session Establishment Request
[2023-01-09 12:06:11.589] [nas] [error] No response from RRC from UAC checks, considering access attempt is barred
[2023-01-09 12:06:28.232] [nas] [warning] Retransmitting PDU Session Establishment Request due to T3580 expiry
[2023-01-09 12:06:28.249] [nas] [debug] UAC access attempt is allowed for identity[0], category[MO_sig]
[2023-01-09 12:06:28.465] [nas] [debug] PDU Session Establishment Accept received
[2023-01-09 12:06:28.466] [nas] [info] PDU Session establishment is successful PSI[3]
[2023-01-09 12:06:28.659] [app] [info] Connection setup for PDU session[3] is successful, TUN interface[uesimtun11, 10.60.2.107] is up.
[2023-01-09 12:06:36.655] [nas] [debug] Sending PDU Session Establishment Request
[2023-01-09 12:06:36.758] [nas] [error] No response from RRC from UAC checks, considering access attempt is barred
[2023-01-09 12:06:53.261] [nas] [warning] Retransmitting PDU Session Establishment Request due to T3580 expiry
[2023-01-09 12:06:53.261] [nas] [debug] UAC access attempt is allowed for identity[0], category[MO_sig]
[2023-01-09 12:06:53.419] [nas] [debug] PDU Session Establishment Accept received
[2023-01-09 12:06:53.419] [nas] [info] PDU Session establishment is successful PSI[4]
[2023-01-09 12:06:53.455] [app] [info] Connection setup for PDU session[4] is successful, TUN interface[uesimtun8, 10.60.2.175] is up.
[2023-01-09 12:07:01.815] [nas] [debug] Sending PDU Session Establishment Request
[2023-01-09 12:07:01.916] [nas] [error] No response from RRC from UAC checks, considering access attempt is barred
[2023-01-09 12:07:18.292] [nas] [warning] Retransmitting PDU Session Establishment Request due to T3580 expiry
[2023-01-09 12:07:18.302] [nas] [debug] UAC access attempt is allowed for identity[0], category[MO_sig]
[2023-01-09 12:07:18.519] [nas] [debug] PDU Session Establishment Accept received
[2023-01-09 12:07:18.519] [nas] [info] PDU Session establishment is successful PSI[5]
[2023-01-09 12:07:18.628] [app] [info] Connection setup for PDU session[5] is successful, TUN interface[uesimtun45, 10.60.2.237] is up.
[2023-01-09 12:07:32.981] [nas] [debug] Sending PDU Session Release Request for PSI[1]
[2023-01-09 12:07:32.982] [nas] [debug] Sending PDU Session Release Request for PSI[2]
[2023-01-09 12:07:32.982] [nas] [debug] Sending PDU Session Release Request for PSI[3]
[2023-01-09 12:07:32.982] [nas] [debug] Sending PDU Session Release Request for PSI[4]
[2023-01-09 12:07:32.982] [nas] [debug] Sending PDU Session Release Request for PSI[5]
[2023-01-09 12:07:33.174] [nas] [error] PDU Session Release Reject received [REQUEST_REJECTED_UNSPECIFIED]
[2023-01-09 12:07:33.174] [nas] [error] PS release reject received without being requested
[2023-01-09 12:07:33.174] [nas] [warning] Sending SM Cause[MESSAGE_TYPE_NOT_COMPATIBLE_WITH_THE_PROTOCOL_STATE] for PSI[1]
[2023-01-09 12:07:33.179] [nas] [error] PDU Session Release Reject received [REQUEST_REJECTED_UNSPECIFIED]
[2023-01-09 12:07:33.179] [nas] [error] PS release reject received without being requested
[2023-01-09 12:07:33.179] [nas] [warning] Sending SM Cause[MESSAGE_TYPE_NOT_COMPATIBLE_WITH_THE_PROTOCOL_STATE] for PSI[2]
[2023-01-09 12:07:33.184] [nas] [error] PDU Session Release Reject received [REQUEST_REJECTED_UNSPECIFIED]
[2023-01-09 12:07:33.184] [nas] [error] PS release reject received without being requested
[2023-01-09 12:07:33.184] [nas] [warning] Sending SM Cause[MESSAGE_TYPE_NOT_COMPATIBLE_WITH_THE_PROTOCOL_STATE] for PSI[3]
[2023-01-09 12:07:33.189] [nas] [error] PDU Session Release Reject received [REQUEST_REJECTED_UNSPECIFIED]
[2023-01-09 12:07:33.189] [nas] [error] PS release reject received without being requested
[2023-01-09 12:07:33.189] [nas] [warning] Sending SM Cause[MESSAGE_TYPE_NOT_COMPATIBLE_WITH_THE_PROTOCOL_STATE] for PSI[4]
[2023-01-09 12:07:33.196] [nas] [debug] PDU Session Release Command received
[2023-01-09 12:07:33.196] [nas] [debug] Performing local release of PDU session[5]
[2023-01-09 12:07:46.020] [nas] [debug] De-registration required due to [NORMAL]
[2023-01-09 12:07:46.030] [nas] [debug] Starting de-registration procedure due to [NORMAL]
[2023-01-09 12:07:46.030] [nas] [debug] Performing local release of PDU session[1]
[2023-01-09 12:07:46.030] [nas] [debug] Performing local release of PDU session[2]
[2023-01-09 12:07:46.030] [nas] [debug] Performing local release of PDU session[3]
[2023-01-09 12:07:46.030] [nas] [debug] Performing local release of PDU session[4]
[2023-01-09 12:07:46.030] [nas] [info] UE switches to state [MM-DEREGISTER-INITIATED]
[2023-01-09 12:07:46.045] [nas] [debug] De-registration accept received
[2023-01-09 12:07:46.045] [nas] [info] UE switches to state [MM-DEREGISTERED/PS]
[2023-01-09 12:07:46.045] [nas] [info] De-registration is successful
[2023-01-09 12:07:46.045] [nas] [info] UE switches to state [MM-DEREGISTERED/NORMAL-SERVICE]
[2023-01-09 12:07:46.045] [nas] [debug] Initial registration required due to [MM-DEREG-NORMAL-SERVICE]
[2023-01-09 12:07:46.045] [nas] [debug] Sending Initial Registration
[2023-01-09 12:07:46.045] [nas] [debug] Deleting NAS security context
[2023-01-09 12:07:46.045] [nas] [info] UE switches to state [MM-REGISTER-INITIATED]
[2023-01-09 12:07:46.046] [rrc] [debug] RRC Release received
[2023-01-09 12:07:46.046] [nas] [info] UE switches to state [CM-IDLE]
[2023-01-09 12:07:46.046] [nas] [info] UE switches to state [MM-DEREGISTERED/PS]
[2023-01-09 12:07:46.046] [nas] [info] UE switches to state [5U2-NOT-UPDATED]
[2023-01-09 12:07:46.046] [nas] [info] UE switches to state [MM-DEREGISTERED/ATTEMPTING-REGISTRATION]
[2023-01-09 12:07:56.336] [nas] [debug] NAS timer[3511] expired [1]
[2023-01-09 12:07:56.336] [nas] [debug] Initial registration required due to [T3511-EXPIRY-IN-ATT-REG]
[2023-01-09 12:07:56.344] [nas] [debug] UAC access attempt is allowed for identity[0], category[MO_sig]
[2023-01-09 12:07:56.344] [nas] [debug] Sending Initial Registration
[2023-01-09 12:07:56.344] [rrc] [debug] Sending RRC Setup Request
[2023-01-09 12:07:56.344] [nas] [info] UE switches to state [MM-REGISTER-INITIATED]
[2023-01-09 12:07:56.351] [rrc] [info] RRC connection established
[2023-01-09 12:07:56.351] [rrc] [info] UE switches to state [RRC-CONNECTED]
[2023-01-09 12:07:56.356] [nas] [info] UE switches to state [CM-CONNECTED]
[2023-01-09 12:07:56.441] [nas] [debug] Authentication Request received
[2023-01-09 12:07:56.462] [nas] [debug] Security Mode Command received
[2023-01-09 12:07:56.462] [nas] [debug] Selected integrity[2] ciphering[0]
[2023-01-09 12:07:56.520] [nas] [debug] Registration accept received
[2023-01-09 12:07:56.520] [nas] [info] UE switches to state [MM-REGISTERED/NORMAL-SERVICE]
[2023-01-09 12:07:56.520] [nas] [info] UE switches to state [5U1-UPDATED]
[2023-01-09 12:07:56.520] [nas] [debug] Sending Registration Complete
[2023-01-09 12:07:56.520] [nas] [info] Initial Registration is successful
[2023-01-09 12:07:56.520] [nas] [debug] Sending PDU Session Establishment Request
[2023-01-09 12:07:56.524] [nas] [debug] UAC access attempt is allowed for identity[0], category[MO_sig]
[2023-01-09 12:07:56.601] [nas] [debug] PDU Session Establishment Accept received
[2023-01-09 12:07:56.601] [nas] [info] PDU Session establishment is successful PSI[1]
[2023-01-09 12:07:56.715] [app] [info] Connection setup for PDU session[1] is successful, TUN interface[uesimtun161, 10.60.3.84] is up.
[2023-01-09 12:08:19.100] [nas] [debug] Sending PDU Session Release Request for PSI[1]
[2023-01-09 12:08:19.124] [nas] [debug] PDU Session Release Command received
[2023-01-09 12:08:19.124] [nas] [debug] Performing local release of PDU session[1]
[2023-01-09 12:08:19.192] [nas] [debug] Sending PDU Session Establishment Request
[2023-01-09 12:08:19.192] [nas] [debug] UAC access attempt is allowed for identity[0], category[MO_sig]
[2023-01-09 12:08:19.363] [nas] [debug] PDU Session Establishment Accept received
[2023-01-09 12:08:19.363] [nas] [info] PDU Session establishment is successful PSI[1]
[2023-01-09 12:08:19.463] [app] [info] Connection setup for PDU session[1] is successful, TUN interface[uesimtun161, 10.60.3.135] is up.
[2023-01-09 12:08:30.135] [nas] [debug] Sending PDU Session Establishment Request
[2023-01-09 12:08:30.236] [nas] [error] No response from RRC from UAC checks, considering access attempt is barred
[2023-01-09 12:08:46.399] [nas] [warning] Retransmitting PDU Session Establishment Request due to T3580 expiry
[2023-01-09 12:08:46.401] [nas] [debug] UAC access attempt is allowed for identity[0], category[MO_sig]
[2023-01-09 12:08:46.514] [nas] [debug] PDU Session Establishment Accept received
[2023-01-09 12:08:46.514] [nas] [info] PDU Session establishment is successful PSI[2]
[2023-01-09 12:08:46.542] [app] [info] Connection setup for PDU session[2] is successful, TUN interface[uesimtun50, 10.60.3.206] is up.
[2023-01-09 12:09:05.300] [nas] [debug] Sending PDU Session Release Request for PSI[1]
[2023-01-09 12:09:05.300] [nas] [debug] Sending PDU Session Release Request for PSI[2]
[2023-01-09 12:09:14.317] [nas] [error] PDU Session Release Reject received [REQUEST_REJECTED_UNSPECIFIED]
[2023-01-09 12:09:14.317] [nas] [error] PS release reject received without being requested
[2023-01-09 12:09:14.317] [nas] [warning] Sending SM Cause[MESSAGE_TYPE_NOT_COMPATIBLE_WITH_THE_PROTOCOL_STATE] for PSI[1]
[2023-01-09 12:09:15.360] [nas] [debug] Sending PDU Session Release Request for PSI[1]
[2023-01-09 12:09:15.360] [nas] [debug] Sending PDU Session Release Request for PSI[2]
[2023-01-09 12:09:21.441] [nas] [warning] Retransmitting PDU Session Release Request due to T3582 expiry
[2023-01-09 12:09:23.326] [nas] [error] PDU Session Release Reject received [REQUEST_REJECTED_UNSPECIFIED]
[2023-01-09 12:09:23.326] [nas] [error] PS release reject received without being requested
[2023-01-09 12:09:23.326] [nas] [warning] Sending SM Cause[MESSAGE_TYPE_NOT_COMPATIBLE_WITH_THE_PROTOCOL_STATE] for PSI[2]
[2023-01-09 12:09:25.452] [nas] [debug] Sending PDU Session Release Request for PSI[2]
[2023-01-09 12:09:31.470] [nas] [warning] Retransmitting PDU Session Release Request due to T3582 expiry
[2023-01-09 12:09:31.470] [nas] [warning] Retransmitting PDU Session Release Request due to T3582 expiry
[2023-01-09 12:09:38.503] [nas] [debug] Sending PDU Session Establishment Request
[2023-01-09 12:09:38.604] [nas] [error] No response from RRC from UAC checks, considering access attempt is barred
[2023-01-09 12:09:41.482] [nas] [warning] Retransmitting PDU Session Release Request due to T3582 expiry
[2023-01-09 12:09:47.488] [nas] [warning] Retransmitting PDU Session Release Request due to T3582 expiry
[2023-01-09 12:09:47.488] [nas] [warning] Retransmitting PDU Session Release Request due to T3582 expiry
[2023-01-09 12:09:55.499] [nas] [warning] Retransmitting PDU Session Establishment Request due to T3580 expiry
[2023-01-09 12:09:55.500] [nas] [debug] UAC access attempt is allowed for identity[0], category[MO_sig]
[2023-01-09 12:09:57.501] [nas] [warning] Retransmitting PDU Session Release Request due to T3582 expiry
[2023-01-09 12:10:03.507] [nas] [warning] Retransmitting PDU Session Release Request due to T3582 expiry
[2023-01-09 12:10:03.507] [nas] [warning] Retransmitting PDU Session Release Request due to T3582 expiry
