UERANSIM v3.2.6
[2023-01-09 12:02:15.903] [nas] [info] UE switches to state [MM-DEREGISTERED/PLMN-SEARCH]
[2023-01-09 12:02:15.904] [rrc] [debug] New signal detected for cell[1], total [1] cells in coverage
[2023-01-09 12:02:15.904] [nas] [info] Selected plmn[208/93]
[2023-01-09 12:02:18.404] [rrc] [info] Selected cell plmn[208/93] tac[1] category[SUITABLE]
[2023-01-09 12:02:18.404] [nas] [info] UE switches to state [MM-DEREGISTERED/PS]
[2023-01-09 12:02:18.404] [nas] [info] UE switches to state [MM-DEREGISTERED/NORMAL-SERVICE]
[2023-01-09 12:02:18.404] [nas] [debug] Initial registration required due to [MM-DEREG-NORMAL-SERVICE]
[2023-01-09 12:02:18.406] [nas] [debug] UAC access attempt is allowed for identity[0], category[MO_sig]
[2023-01-09 12:02:18.406] [nas] [debug] Sending Initial Registration
[2023-01-09 12:02:18.406] [rrc] [debug] Sending RRC Setup Request
[2023-01-09 12:02:18.406] [nas] [info] UE switches to state [MM-REGISTER-INITIATED]
[2023-01-09 12:02:18.407] [rrc] [info] RRC connection established
[2023-01-09 12:02:18.407] [rrc] [info] UE switches to state [RRC-CONNECTED]
[2023-01-09 12:02:18.407] [nas] [info] UE switches to state [CM-CONNECTED]
[2023-01-09 12:02:18.421] [nas] [debug] Authentication Request received
[2023-01-09 12:02:18.427] [nas] [debug] Security Mode Command received
[2023-01-09 12:02:18.427] [nas] [debug] Selected integrity[2] ciphering[0]
[2023-01-09 12:02:18.450] [nas] [debug] Registration accept received
[2023-01-09 12:02:18.450] [nas] [info] UE switches to state [MM-REGISTERED/NORMAL-SERVICE]
[2023-01-09 12:02:18.450] [nas] [debug] Sending Registration Complete
[2023-01-09 12:02:18.450] [nas] [info] Initial Registration is successful
[2023-01-09 12:02:18.450] [nas] [debug] Sending PDU Session Establishment Request
[2023-01-09 12:02:18.450] [nas] [debug] UAC access attempt is allowed for identity[0], category[MO_sig]
[2023-01-09 12:02:18.684] [nas] [debug] PDU Session Establishment Accept received
[2023-01-09 12:02:18.686] [nas] [info] PDU Session establishment is successful PSI[1]
[2023-01-09 12:02:18.715] [app] [info] Connection setup for PDU session[1] is successful, TUN interface[uesimtun6, 10.60.0.7] is up.
[2023-01-09 12:03:52.087] [nas] [debug] De-registration required due to [NORMAL]
[2023-01-09 12:03:52.097] [nas] [debug] Starting de-registration procedure due to [NORMAL]
[2023-01-09 12:03:52.097] [nas] [debug] Performing local release of PDU session[1]
[2023-01-09 12:03:52.097] [nas] [info] UE switches to state [MM-DEREGISTER-INITIATED]
[2023-01-09 12:03:52.109] [rrc] [debug] RRC Release received
[2023-01-09 12:03:52.109] [nas] [debug] De-registration accept received
[2023-01-09 12:03:52.109] [nas] [info] UE switches to state [MM-DEREGISTERED/PS]
[2023-01-09 12:03:52.109] [nas] [info] De-registration is successful
[2023-01-09 12:03:52.109] [nas] [info] UE switches to state [CM-IDLE]
[2023-01-09 12:03:52.109] [nas] [info] UE switches to state [MM-DEREGISTERED/NORMAL-SERVICE]
[2023-01-09 12:03:52.109] [nas] [debug] Initial registration required due to [MM-DEREG-NORMAL-SERVICE]
[2023-01-09 12:03:52.109] [nas] [debug] UAC access attempt is allowed for identity[0], category[MO_sig]
[2023-01-09 12:03:52.109] [nas] [debug] Sending Initial Registration
[2023-01-09 12:03:52.109] [nas] [debug] Deleting NAS security context
[2023-01-09 12:03:52.109] [nas] [info] UE switches to state [MM-REGISTER-INITIATED]
[2023-01-09 12:03:52.109] [rrc] [debug] Sending RRC Setup Request
[2023-01-09 12:03:52.109] [rrc] [info] RRC connection established
[2023-01-09 12:03:52.109] [rrc] [info] UE switches to state [RRC-CONNECTED]
[2023-01-09 12:03:52.109] [nas] [info] UE switches to state [CM-CONNECTED]
[2023-01-09 12:03:52.204] [nas] [debug] Authentication Request received
[2023-01-09 12:03:52.256] [nas] [debug] Security Mode Command received
[2023-01-09 12:03:52.256] [nas] [debug] Selected integrity[2] ciphering[0]
[2023-01-09 12:03:52.326] [nas] [debug] Registration accept received
[2023-01-09 12:03:52.326] [nas] [info] UE switches to state [MM-REGISTERED/NORMAL-SERVICE]
[2023-01-09 12:03:52.326] [nas] [debug] Sending Registration Complete
[2023-01-09 12:03:52.326] [nas] [info] Initial Registration is successful
[2023-01-09 12:03:52.326] [nas] [debug] Sending PDU Session Establishment Request
[2023-01-09 12:03:52.326] [nas] [debug] UAC access attempt is allowed for identity[0], category[MO_sig]
[2023-01-09 12:03:52.495] [nas] [debug] PDU Session Establishment Accept received
[2023-01-09 12:03:52.495] [nas] [info] PDU Session establishment is successful PSI[1]
[2023-01-09 12:03:52.784] [app] [info] Connection setup for PDU session[1] is successful, TUN interface[uesimtun0, 10.60.0.101] is up.
[2023-01-09 12:04:22.150] [nas] [debug] De-registration required due to [NORMAL]
[2023-01-09 12:04:22.160] [nas] [debug] Starting de-registration procedure due to [NORMAL]
[2023-01-09 12:04:22.160] [nas] [debug] Performing local release of PDU session[1]
[2023-01-09 12:04:22.160] [nas] [info] UE switches to state [MM-DEREGISTER-INITIATED]
[2023-01-09 12:04:22.255] [rrc] [debug] RRC Release received
[2023-01-09 12:04:22.255] [nas] [debug] De-registration accept received
[2023-01-09 12:04:22.255] [nas] [info] UE switches to state [MM-DEREGISTERED/PS]
[2023-01-09 12:04:22.255] [nas] [info] De-registration is successful
[2023-01-09 12:04:22.255] [nas] [info] UE switches to state [CM-IDLE]
[2023-01-09 12:04:22.255] [nas] [info] UE switches to state [MM-DEREGISTERED/NORMAL-SERVICE]
[2023-01-09 12:04:22.255] [nas] [debug] Initial registration required due to [MM-DEREG-NORMAL-SERVICE]
[2023-01-09 12:04:22.256] [nas] [debug] UAC access attempt is allowed for identity[0], category[MO_sig]
[2023-01-09 12:04:22.256] [nas] [debug] Sending Initial Registration
[2023-01-09 12:04:22.256] [nas] [debug] Deleting NAS security context
[2023-01-09 12:04:22.256] [nas] [info] UE switches to state [MM-REGISTER-INITIATED]
[2023-01-09 12:04:22.256] [rrc] [debug] Sending RRC Setup Request
[2023-01-09 12:04:22.259] [rrc] [info] RRC connection established
[2023-01-09 12:04:22.259] [rrc] [info] UE switches to state [RRC-CONNECTED]
[2023-01-09 12:04:22.259] [nas] [info] UE switches to state [CM-CONNECTED]
[2023-01-09 12:04:22.313] [nas] [debug] Authentication Request received
[2023-01-09 12:04:22.356] [nas] [debug] Security Mode Command received
[2023-01-09 12:04:22.356] [nas] [debug] Selected integrity[2] ciphering[0]
[2023-01-09 12:04:22.589] [nas] [debug] Registration accept received
[2023-01-09 12:04:22.589] [nas] [info] UE switches to state [MM-REGISTERED/NORMAL-SERVICE]
[2023-01-09 12:04:22.589] [nas] [debug] Sending Registration Complete
[2023-01-09 12:04:22.589] [nas] [info] Initial Registration is successful
[2023-01-09 12:04:22.589] [nas] [debug] Sending PDU Session Establishment Request
[2023-01-09 12:04:22.594] [nas] [debug] UAC access attempt is allowed for identity[0], category[MO_sig]
[2023-01-09 12:04:22.683] [nas] [debug] PDU Session Establishment Accept received
[2023-01-09 12:04:22.683] [nas] [info] PDU Session establishment is successful PSI[1]
[2023-01-09 12:04:22.840] [app] [info] Connection setup for PDU session[1] is successful, TUN interface[uesimtun66, 10.60.0.251] is up.
[2023-01-09 12:04:53.286] [nas] [warning] PDU session release procedure could not start: PS[2] is not active already
[2023-01-09 12:05:00.378] [nas] [debug] Sending PDU Session Release Request for PSI[1]
[2023-01-09 12:05:00.470] [nas] [debug] PDU Session Release Command received
[2023-01-09 12:05:00.470] [nas] [debug] Performing local release of PDU session[1]
[2023-01-09 12:05:01.087] [nas] [debug] Sending PDU Session Establishment Request
[2023-01-09 12:05:01.088] [nas] [debug] UAC access attempt is allowed for identity[0], category[MO_sig]
[2023-01-09 12:05:01.127] [nas] [debug] PDU Session Establishment Accept received
[2023-01-09 12:05:01.127] [nas] [info] PDU Session establishment is successful PSI[1]
[2023-01-09 12:05:01.191] [app] [info] Connection setup for PDU session[1] is successful, TUN interface[uesimtun74, 10.60.1.124] is up.
[2023-01-09 12:05:14.435] [nas] [debug] Sending PDU Session Establishment Request
[2023-01-09 12:05:14.536] [nas] [error] No response from RRC from UAC checks, considering access attempt is barred
[2023-01-09 12:05:31.113] [nas] [warning] Retransmitting PDU Session Establishment Request due to T3580 expiry
[2023-01-09 12:05:31.116] [nas] [debug] UAC access attempt is allowed for identity[0], category[MO_sig]
[2023-01-09 12:05:31.267] [nas] [debug] PDU Session Establishment Accept received
[2023-01-09 12:05:31.267] [nas] [info] PDU Session establishment is successful PSI[2]
[2023-01-09 12:05:31.285] [app] [info] Connection setup for PDU session[2] is successful, TUN interface[uesimtun78, 10.60.1.214] is up.
[2023-01-09 12:05:39.686] [nas] [debug] Sending PDU Session Release Request for PSI[1]
[2023-01-09 12:05:39.686] [nas] [debug] Sending PDU Session Release Request for PSI[2]
[2023-01-09 12:05:39.722] [nas] [error] PDU Session Release Reject received [REQUEST_REJECTED_UNSPECIFIED]
[2023-01-09 12:05:39.722] [nas] [error] PS release reject received without being requested
[2023-01-09 12:05:39.722] [nas] [warning] Sending SM Cause[MESSAGE_TYPE_NOT_COMPATIBLE_WITH_THE_PROTOCOL_STATE] for PSI[1]
[2023-01-09 12:05:39.732] [nas] [debug] PDU Session Release Command received
[2023-01-09 12:05:39.732] [nas] [debug] Performing local release of PDU session[2]
[2023-01-09 12:05:52.723] [nas] [debug] De-registration required due to [NORMAL]
[2023-01-09 12:05:52.733] [nas] [debug] Starting de-registration procedure due to [NORMAL]
[2023-01-09 12:05:52.733] [nas] [debug] Performing local release of PDU session[1]
[2023-01-09 12:05:52.733] [nas] [info] UE switches to state [MM-DEREGISTER-INITIATED]
[2023-01-09 12:05:52.768] [nas] [debug] De-registration accept received
[2023-01-09 12:05:52.768] [nas] [info] UE switches to state [MM-DEREGISTERED/PS]
[2023-01-09 12:05:52.768] [nas] [info] De-registration is successful
[2023-01-09 12:05:52.768] [nas] [info] UE switches to state [MM-DEREGISTERED/NORMAL-SERVICE]
[2023-01-09 12:05:52.768] [nas] [debug] Initial registration required due to [MM-DEREG-NORMAL-SERVICE]
[2023-01-09 12:05:52.768] [nas] [debug] Sending Initial Registration
[2023-01-09 12:05:52.768] [nas] [debug] Deleting NAS security context
[2023-01-09 12:05:52.768] [nas] [info] UE switches to state [MM-REGISTER-INITIATED]
[2023-01-09 12:05:52.770] [rrc] [debug] RRC Release received
[2023-01-09 12:05:52.770] [nas] [info] UE switches to state [CM-IDLE]
[2023-01-09 12:05:52.770] [nas] [info] UE switches to state [MM-DEREGISTERED/PS]
[2023-01-09 12:05:52.770] [nas] [info] UE switches to state [5U2-NOT-UPDATED]
[2023-01-09 12:05:52.771] [nas] [info] UE switches to state [MM-DEREGISTERED/ATTEMPTING-REGISTRATION]
[2023-01-09 12:06:03.152] [nas] [debug] NAS timer[3511] expired [1]
[2023-01-09 12:06:03.152] [nas] [debug] Initial registration required due to [T3511-EXPIRY-IN-ATT-REG]
[2023-01-09 12:06:03.162] [nas] [debug] UAC access attempt is allowed for identity[0], category[MO_sig]
[2023-01-09 12:06:03.162] [nas] [debug] Sending Initial Registration
[2023-01-09 12:06:03.162] [rrc] [debug] Sending RRC Setup Request
[2023-01-09 12:06:03.162] [nas] [info] UE switches to state [MM-REGISTER-INITIATED]
[2023-01-09 12:06:03.163] [rrc] [info] RRC connection established
[2023-01-09 12:06:03.163] [rrc] [info] UE switches to state [RRC-CONNECTED]
[2023-01-09 12:06:03.163] [nas] [info] UE switches to state [CM-CONNECTED]
[2023-01-09 12:06:03.369] [nas] [debug] Authentication Request received
[2023-01-09 12:06:03.415] [nas] [debug] Security Mode Command received
[2023-01-09 12:06:03.415] [nas] [debug] Selected integrity[2] ciphering[0]
[2023-01-09 12:06:03.461] [nas] [debug] Registration accept received
[2023-01-09 12:06:03.461] [nas] [info] UE switches to state [MM-REGISTERED/NORMAL-SERVICE]
[2023-01-09 12:06:03.461] [nas] [info] UE switches to state [5U1-UPDATED]
[2023-01-09 12:06:03.461] [nas] [debug] Sending Registration Complete
[2023-01-09 12:06:03.461] [nas] [info] Initial Registration is successful
[2023-01-09 12:06:03.461] [nas] [debug] Sending PDU Session Establishment Request
[2023-01-09 12:06:03.463] [nas] [debug] UAC access attempt is allowed for identity[0], category[MO_sig]
[2023-01-09 12:06:03.533] [nas] [debug] PDU Session Establishment Accept received
[2023-01-09 12:06:03.533] [nas] [info] PDU Session establishment is successful PSI[1]
[2023-01-09 12:06:03.609] [app] [info] Connection setup for PDU session[1] is successful, TUN interface[uesimtun39, 10.60.2.40] is up.
[2023-01-09 12:06:24.789] [nas] [debug] De-registration required due to [NORMAL]
[2023-01-09 12:06:24.799] [nas] [debug] Starting de-registration procedure due to [NORMAL]
[2023-01-09 12:06:24.799] [nas] [debug] Performing local release of PDU session[1]
[2023-01-09 12:06:24.799] [nas] [info] UE switches to state [MM-DEREGISTER-INITIATED]
[2023-01-09 12:06:24.814] [nas] [debug] De-registration accept received
[2023-01-09 12:06:24.814] [nas] [info] UE switches to state [MM-DEREGISTERED/PS]
[2023-01-09 12:06:24.814] [nas] [info] De-registration is successful
[2023-01-09 12:06:24.814] [nas] [info] UE switches to state [MM-DEREGISTERED/NORMAL-SERVICE]
[2023-01-09 12:06:24.814] [nas] [debug] Initial registration required due to [MM-DEREG-NORMAL-SERVICE]
[2023-01-09 12:06:24.814] [nas] [debug] Sending Initial Registration
[2023-01-09 12:06:24.814] [nas] [debug] Deleting NAS security context
[2023-01-09 12:06:24.814] [nas] [info] UE switches to state [MM-REGISTER-INITIATED]
[2023-01-09 12:06:24.815] [rrc] [debug] RRC Release received
[2023-01-09 12:06:24.815] [nas] [info] UE switches to state [CM-IDLE]
[2023-01-09 12:06:24.815] [nas] [info] UE switches to state [MM-DEREGISTERED/PS]
[2023-01-09 12:06:24.815] [nas] [info] UE switches to state [5U2-NOT-UPDATED]
[2023-01-09 12:06:24.815] [nas] [info] UE switches to state [MM-DEREGISTERED/ATTEMPTING-REGISTRATION]
[2023-01-09 12:06:35.184] [nas] [debug] NAS timer[3511] expired [1]
[2023-01-09 12:06:35.184] [nas] [debug] Initial registration required due to [T3511-EXPIRY-IN-ATT-REG]
[2023-01-09 12:06:35.184] [nas] [debug] UAC access attempt is allowed for identity[0], category[MO_sig]
[2023-01-09 12:06:35.184] [nas] [debug] Sending Initial Registration
[2023-01-09 12:06:35.184] [nas] [info] UE switches to state [MM-REGISTER-INITIATED]
[2023-01-09 12:06:35.184] [rrc] [debug] Sending RRC Setup Request
[2023-01-09 12:06:35.184] [rrc] [info] RRC connection established
[2023-01-09 12:06:35.184] [rrc] [info] UE switches to state [RRC-CONNECTED]
[2023-01-09 12:06:35.184] [nas] [info] UE switches to state [CM-CONNECTED]
[2023-01-09 12:06:35.289] [nas] [debug] Authentication Request received
[2023-01-09 12:06:35.295] [nas] [debug] Security Mode Command received
[2023-01-09 12:06:35.295] [nas] [debug] Selected integrity[2] ciphering[0]
[2023-01-09 12:06:35.327] [nas] [debug] Registration accept received
[2023-01-09 12:06:35.327] [nas] [info] UE switches to state [MM-REGISTERED/NORMAL-SERVICE]
[2023-01-09 12:06:35.327] [nas] [info] UE switches to state [5U1-UPDATED]
[2023-01-09 12:06:35.327] [nas] [debug] Sending Registration Complete
[2023-01-09 12:06:35.327] [nas] [info] Initial Registration is successful
[2023-01-09 12:06:35.327] [nas] [debug] Sending PDU Session Establishment Request
[2023-01-09 12:06:35.327] [nas] [debug] UAC access attempt is allowed for identity[0], category[MO_sig]
[2023-01-09 12:06:35.384] [nas] [debug] PDU Session Establishment Accept received
[2023-01-09 12:06:35.384] [nas] [info] PDU Session establishment is successful PSI[1]
[2023-01-09 12:06:35.469] [app] [info] Connection setup for PDU session[1] is successful, TUN interface[uesimtun49, 10.60.2.131] is up.
[2023-01-09 12:06:50.857] [nas] [debug] Sending PDU Session Establishment Request
[2023-01-09 12:06:50.958] [nas] [error] No response from RRC from UAC checks, considering access attempt is barred
[2023-01-09 12:07:07.218] [nas] [warning] Retransmitting PDU Session Establishment Request due to T3580 expiry
[2023-01-09 12:07:07.222] [nas] [debug] UAC access attempt is allowed for identity[0], category[MO_sig]
[2023-01-09 12:07:07.431] [nas] [debug] PDU Session Establishment Accept received
[2023-01-09 12:07:07.431] [nas] [info] PDU Session establishment is successful PSI[2]
[2023-01-09 12:07:07.503] [app] [info] Connection setup for PDU session[2] is successful, TUN interface[uesimtun33, 10.60.2.218] is up.
[2023-01-09 12:07:26.027] [nas] [debug] Sending PDU Session Establishment Request
[2023-01-09 12:07:26.128] [nas] [error] No response from RRC from UAC checks, considering access attempt is barred
[2023-01-09 12:07:42.254] [nas] [warning] Retransmitting PDU Session Establishment Request due to T3580 expiry
[2023-01-09 12:07:42.254] [nas] [debug] UAC access attempt is allowed for identity[0], category[MO_sig]
[2023-01-09 12:07:42.363] [nas] [debug] PDU Session Establishment Accept received
[2023-01-09 12:07:42.364] [nas] [info] PDU Session establishment is successful PSI[3]
[2023-01-09 12:07:42.422] [app] [info] Connection setup for PDU session[3] is successful, TUN interface[uesimtun3, 10.60.3.50] is up.
[2023-01-09 12:07:52.187] [nas] [debug] De-registration required due to [NORMAL]
[2023-01-09 12:07:52.197] [nas] [debug] Starting de-registration procedure due to [NORMAL]
[2023-01-09 12:07:52.197] [nas] [debug] Performing local release of PDU session[1]
[2023-01-09 12:07:52.197] [nas] [debug] Performing local release of PDU session[2]
[2023-01-09 12:07:52.197] [nas] [debug] Performing local release of PDU session[3]
[2023-01-09 12:07:52.197] [nas] [info] UE switches to state [MM-DEREGISTER-INITIATED]
[2023-01-09 12:07:52.332] [nas] [debug] De-registration accept received
[2023-01-09 12:07:52.332] [nas] [info] UE switches to state [MM-DEREGISTERED/PS]
[2023-01-09 12:07:52.332] [nas] [info] De-registration is successful
[2023-01-09 12:07:52.332] [nas] [info] UE switches to state [MM-DEREGISTERED/NORMAL-SERVICE]
[2023-01-09 12:07:52.332] [nas] [debug] Initial registration required due to [MM-DEREG-NORMAL-SERVICE]
[2023-01-09 12:07:52.332] [nas] [debug] Sending Initial Registration
[2023-01-09 12:07:52.332] [nas] [debug] Deleting NAS security context
[2023-01-09 12:07:52.332] [nas] [info] UE switches to state [MM-REGISTER-INITIATED]
[2023-01-09 12:07:52.339] [rrc] [debug] RRC Release received
[2023-01-09 12:07:52.340] [nas] [info] UE switches to state [CM-IDLE]
[2023-01-09 12:07:52.340] [nas] [info] UE switches to state [MM-DEREGISTERED/PS]
[2023-01-09 12:07:52.340] [nas] [info] UE switches to state [5U2-NOT-UPDATED]
[2023-01-09 12:07:52.340] [nas] [info] UE switches to state [MM-DEREGISTERED/ATTEMPTING-REGISTRATION]
[2023-01-09 12:08:03.278] [nas] [debug] NAS timer[3511] expired [1]
[2023-01-09 12:08:03.278] [nas] [debug] Initial registration required due to [T3511-EXPIRY-IN-ATT-REG]
[2023-01-09 12:08:03.281] [nas] [debug] UAC access attempt is allowed for identity[0], category[MO_sig]
[2023-01-09 12:08:03.281] [nas] [debug] Sending Initial Registration
[2023-01-09 12:08:03.281] [rrc] [debug] Sending RRC Setup Request
[2023-01-09 12:08:03.281] [nas] [info] UE switches to state [MM-REGISTER-INITIATED]
[2023-01-09 12:08:03.281] [rrc] [info] RRC connection established
[2023-01-09 12:08:03.281] [rrc] [info] UE switches to state [RRC-CONNECTED]
[2023-01-09 12:08:03.281] [nas] [info] UE switches to state [CM-CONNECTED]
[2023-01-09 12:08:03.331] [nas] [debug] Authentication Request received
[2023-01-09 12:08:03.339] [nas] [debug] Security Mode Command received
[2023-01-09 12:08:03.339] [nas] [debug] Selected integrity[2] ciphering[0]
[2023-01-09 12:08:03.360] [nas] [debug] Registration accept received
[2023-01-09 12:08:03.360] [nas] [info] UE switches to state [MM-REGISTERED/NORMAL-SERVICE]
[2023-01-09 12:08:03.360] [nas] [info] UE switches to state [5U1-UPDATED]
[2023-01-09 12:08:03.360] [nas] [debug] Sending Registration Complete
[2023-01-09 12:08:03.360] [nas] [info] Initial Registration is successful
[2023-01-09 12:08:03.360] [nas] [debug] Sending PDU Session Establishment Request
[2023-01-09 12:08:03.360] [nas] [debug] UAC access attempt is allowed for identity[0], category[MO_sig]
[2023-01-09 12:08:03.604] [nas] [debug] PDU Session Establishment Accept received
[2023-01-09 12:08:03.604] [nas] [info] PDU Session establishment is successful PSI[1]
[2023-01-09 12:08:03.729] [app] [info] Connection setup for PDU session[1] is successful, TUN interface[uesimtun59, 10.60.3.100] is up.
[2023-01-09 12:08:20.269] [nas] [debug] Sending PDU Session Establishment Request
[2023-01-09 12:08:20.371] [nas] [error] No response from RRC from UAC checks, considering access attempt is barred
[2023-01-09 12:08:36.408] [nas] [warning] Retransmitting PDU Session Establishment Request due to T3580 expiry
[2023-01-09 12:08:36.415] [nas] [debug] UAC access attempt is allowed for identity[0], category[MO_sig]
[2023-01-09 12:08:36.666] [nas] [debug] PDU Session Establishment Accept received
[2023-01-09 12:08:36.666] [nas] [info] PDU Session establishment is successful PSI[2]
[2023-01-09 12:08:36.839] [app] [info] Connection setup for PDU session[2] is successful, TUN interface[uesimtun13, 10.60.3.184] is up.
[2023-01-09 12:08:55.452] [nas] [debug] Sending PDU Session Establishment Request
[2023-01-09 12:08:55.556] [nas] [error] No response from RRC from UAC checks, considering access attempt is barred
[2023-01-09 12:09:11.452] [nas] [warning] Retransmitting PDU Session Establishment Request due to T3580 expiry
[2023-01-09 12:09:11.454] [nas] [debug] UAC access attempt is allowed for identity[0], category[MO_sig]
[2023-01-09 12:09:26.618] [nas] [debug] Sending PDU Session Release Request for PSI[1]
[2023-01-09 12:09:26.618] [nas] [debug] Sending PDU Session Release Request for PSI[2]
[2023-01-09 12:09:27.475] [nas] [warning] Retransmitting PDU Session Establishment Request due to T3580 expiry
[2023-01-09 12:09:27.483] [nas] [debug] UAC access attempt is allowed for identity[0], category[MO_sig]
[2023-01-09 12:09:38.664] [nas] [debug] Sending PDU Session Release Request for PSI[1]
[2023-01-09 12:09:38.664] [nas] [debug] Sending PDU Session Release Request for PSI[2]
[2023-01-09 12:09:43.500] [nas] [warning] Retransmitting PDU Session Establishment Request due to T3580 expiry
[2023-01-09 12:09:43.500] [nas] [debug] UAC access attempt is allowed for identity[0], category[MO_sig]
[2023-01-09 12:09:43.500] [nas] [warning] Retransmitting PDU Session Release Request due to T3582 expiry
[2023-01-09 12:09:43.500] [nas] [warning] Retransmitting PDU Session Release Request due to T3582 expiry
[2023-01-09 12:09:45.695] [nas] [debug] De-registration required due to [NORMAL]
[2023-01-09 12:09:45.705] [nas] [debug] Starting de-registration procedure due to [NORMAL]
[2023-01-09 12:09:45.705] [nas] [debug] Performing local release of PDU session[1]
[2023-01-09 12:09:45.705] [nas] [debug] Performing local release of PDU session[2]
[2023-01-09 12:09:45.705] [nas] [info] UE switches to state [MM-DEREGISTER-INITIATED]
[2023-01-09 12:09:55.514] [nas] [warning] Retransmitting PDU Session Release Request due to T3582 expiry
[2023-01-09 12:09:55.514] [nas] [warning] Retransmitting PDU Session Release Request due to T3582 expiry
[2023-01-09 12:09:59.518] [nas] [warning] Retransmitting PDU Session Establishment Request due to T3580 expiry
[2023-01-09 12:09:59.521] [nas] [debug] UAC access attempt is allowed for identity[0], category[MO_sig]
[2023-01-09 12:09:59.521] [nas] [warning] Retransmitting PDU Session Release Request due to T3582 expiry
[2023-01-09 12:09:59.521] [nas] [warning] Retransmitting PDU Session Release Request due to T3582 expiry
[2023-01-09 12:10:01.520] [nas] [debug] NAS timer[3521] expired [1]
[2023-01-09 12:10:01.520] [nas] [debug] Retransmitting De-registration Request due to T3521 expiry
