UERANSIM v3.2.6
[2023-01-09 12:03:22.014] [nas] [info] UE switches to state [MM-DEREGISTERED/PLMN-SEARCH]
[2023-01-09 12:03:22.019] [rrc] [debug] New signal detected for cell[1], total [1] cells in coverage
[2023-01-09 12:03:22.020] [nas] [info] Selected plmn[208/93]
[2023-01-09 12:03:22.020] [rrc] [info] Selected cell plmn[208/93] tac[1] category[SUITABLE]
[2023-01-09 12:03:22.020] [nas] [info] UE switches to state [MM-DEREGISTERED/PS]
[2023-01-09 12:03:22.020] [nas] [info] UE switches to state [MM-DEREGISTERED/NORMAL-SERVICE]
[2023-01-09 12:03:22.020] [nas] [debug] Initial registration required due to [MM-DEREG-NORMAL-SERVICE]
[2023-01-09 12:03:22.021] [nas] [debug] UAC access attempt is allowed for identity[0], category[MO_sig]
[2023-01-09 12:03:22.021] [nas] [debug] Sending Initial Registration
[2023-01-09 12:03:22.021] [nas] [info] UE switches to state [MM-REGISTER-INITIATED]
[2023-01-09 12:03:22.021] [rrc] [debug] Sending RRC Setup Request
[2023-01-09 12:03:22.023] [rrc] [info] RRC connection established
[2023-01-09 12:03:22.023] [rrc] [info] UE switches to state [RRC-CONNECTED]
[2023-01-09 12:03:22.023] [nas] [info] UE switches to state [CM-CONNECTED]
[2023-01-09 12:03:22.061] [nas] [debug] Authentication Request received
[2023-01-09 12:03:22.071] [nas] [debug] Security Mode Command received
[2023-01-09 12:03:22.071] [nas] [debug] Selected integrity[2] ciphering[0]
[2023-01-09 12:03:22.097] [nas] [debug] Registration accept received
[2023-01-09 12:03:22.097] [nas] [info] UE switches to state [MM-REGISTERED/NORMAL-SERVICE]
[2023-01-09 12:03:22.097] [nas] [debug] Sending Registration Complete
[2023-01-09 12:03:22.098] [nas] [info] Initial Registration is successful
[2023-01-09 12:03:22.098] [nas] [debug] Sending PDU Session Establishment Request
[2023-01-09 12:03:22.098] [nas] [debug] UAC access attempt is allowed for identity[0], category[MO_sig]
[2023-01-09 12:03:22.334] [nas] [debug] PDU Session Establishment Accept received
[2023-01-09 12:03:22.334] [nas] [info] PDU Session establishment is successful PSI[1]
[2023-01-09 12:03:22.373] [app] [info] Connection setup for PDU session[1] is successful, TUN interface[uesimtun70, 10.60.0.71] is up.
[2023-01-09 12:03:55.165] [nas] [debug] Sending PDU Session Release Request for PSI[1]
[2023-01-09 12:03:55.427] [nas] [debug] PDU Session Release Command received
[2023-01-09 12:03:55.427] [nas] [debug] Performing local release of PDU session[1]
[2023-01-09 12:03:56.145] [nas] [debug] Sending PDU Session Establishment Request
[2023-01-09 12:03:56.147] [nas] [debug] UAC access attempt is allowed for identity[0], category[MO_sig]
[2023-01-09 12:03:56.340] [nas] [debug] PDU Session Establishment Accept received
[2023-01-09 12:03:56.340] [nas] [info] PDU Session establishment is successful PSI[1]
[2023-01-09 12:03:56.452] [app] [info] Connection setup for PDU session[1] is successful, TUN interface[uesimtun90, 10.60.0.151] is up.
[2023-01-09 12:04:03.239] [nas] [debug] Sending PDU Session Establishment Request
[2023-01-09 12:04:03.341] [nas] [error] No response from RRC from UAC checks, considering access attempt is barred
[2023-01-09 12:04:20.082] [nas] [warning] Retransmitting PDU Session Establishment Request due to T3580 expiry
[2023-01-09 12:04:20.082] [nas] [debug] UAC access attempt is allowed for identity[0], category[MO_sig]
[2023-01-09 12:04:20.204] [nas] [debug] PDU Session Establishment Accept received
[2023-01-09 12:04:20.204] [nas] [info] PDU Session establishment is successful PSI[2]
[2023-01-09 12:04:20.290] [app] [info] Connection setup for PDU session[2] is successful, TUN interface[uesimtun71, 10.60.0.237] is up.
[2023-01-09 12:04:37.463] [nas] [debug] Sending PDU Session Establishment Request
[2023-01-09 12:04:37.564] [nas] [error] No response from RRC from UAC checks, considering access attempt is barred
[2023-01-09 12:04:54.135] [nas] [warning] Retransmitting PDU Session Establishment Request due to T3580 expiry
[2023-01-09 12:04:54.135] [nas] [debug] UAC access attempt is allowed for identity[0], category[MO_sig]
[2023-01-09 12:04:54.194] [nas] [debug] PDU Session Establishment Accept received
[2023-01-09 12:04:54.194] [nas] [info] PDU Session establishment is successful PSI[3]
[2023-01-09 12:04:54.383] [app] [info] Connection setup for PDU session[3] is successful, TUN interface[uesimtun109, 10.60.1.100] is up.
[2023-01-09 12:05:04.640] [nas] [debug] Sending PDU Session Establishment Request
[2023-01-09 12:05:04.741] [nas] [error] No response from RRC from UAC checks, considering access attempt is barred
[2023-01-09 12:05:21.173] [nas] [warning] Retransmitting PDU Session Establishment Request due to T3580 expiry
[2023-01-09 12:05:21.175] [nas] [debug] UAC access attempt is allowed for identity[0], category[MO_sig]
[2023-01-09 12:05:21.249] [nas] [debug] PDU Session Establishment Accept received
[2023-01-09 12:05:21.249] [nas] [info] PDU Session establishment is successful PSI[4]
[2023-01-09 12:05:21.406] [app] [info] Connection setup for PDU session[4] is successful, TUN interface[uesimtun93, 10.60.1.177] is up.
[2023-01-09 12:05:29.813] [nas] [debug] De-registration required due to [NORMAL]
[2023-01-09 12:05:29.823] [nas] [debug] Starting de-registration procedure due to [NORMAL]
[2023-01-09 12:05:29.823] [nas] [debug] Performing local release of PDU session[1]
[2023-01-09 12:05:29.823] [nas] [debug] Performing local release of PDU session[2]
[2023-01-09 12:05:29.823] [nas] [debug] Performing local release of PDU session[3]
[2023-01-09 12:05:29.823] [nas] [debug] Performing local release of PDU session[4]
[2023-01-09 12:05:29.823] [nas] [info] UE switches to state [MM-DEREGISTER-INITIATED]
[2023-01-09 12:05:29.957] [nas] [debug] De-registration accept received
[2023-01-09 12:05:29.957] [nas] [info] UE switches to state [MM-DEREGISTERED/PS]
[2023-01-09 12:05:29.957] [nas] [info] De-registration is successful
[2023-01-09 12:05:29.957] [nas] [info] UE switches to state [MM-DEREGISTERED/NORMAL-SERVICE]
[2023-01-09 12:05:29.957] [nas] [debug] Initial registration required due to [MM-DEREG-NORMAL-SERVICE]
[2023-01-09 12:05:29.957] [nas] [debug] Sending Initial Registration
[2023-01-09 12:05:29.957] [nas] [debug] Deleting NAS security context
[2023-01-09 12:05:29.957] [nas] [info] UE switches to state [MM-REGISTER-INITIATED]
[2023-01-09 12:05:29.962] [rrc] [debug] RRC Release received
[2023-01-09 12:05:29.962] [nas] [info] UE switches to state [CM-IDLE]
[2023-01-09 12:05:29.962] [nas] [info] UE switches to state [MM-DEREGISTERED/PS]
[2023-01-09 12:05:29.962] [nas] [info] UE switches to state [5U2-NOT-UPDATED]
[2023-01-09 12:05:29.962] [nas] [info] UE switches to state [MM-DEREGISTERED/ATTEMPTING-REGISTRATION]
[2023-01-09 12:05:40.195] [nas] [debug] NAS timer[3511] expired [1]
[2023-01-09 12:05:40.195] [nas] [debug] Initial registration required due to [T3511-EXPIRY-IN-ATT-REG]
[2023-01-09 12:05:40.201] [nas] [debug] UAC access attempt is allowed for identity[0], category[MO_sig]
[2023-01-09 12:05:40.201] [nas] [debug] Sending Initial Registration
[2023-01-09 12:05:40.201] [rrc] [debug] Sending RRC Setup Request
[2023-01-09 12:05:40.201] [nas] [info] UE switches to state [MM-REGISTER-INITIATED]
[2023-01-09 12:05:40.204] [rrc] [info] RRC connection established
[2023-01-09 12:05:40.204] [rrc] [info] UE switches to state [RRC-CONNECTED]
[2023-01-09 12:05:40.204] [nas] [info] UE switches to state [CM-CONNECTED]
[2023-01-09 12:05:40.404] [nas] [debug] Authentication Request received
[2023-01-09 12:05:40.423] [nas] [debug] Security Mode Command received
[2023-01-09 12:05:40.423] [nas] [debug] Selected integrity[2] ciphering[0]
[2023-01-09 12:05:40.484] [nas] [debug] Registration accept received
[2023-01-09 12:05:40.484] [nas] [info] UE switches to state [MM-REGISTERED/NORMAL-SERVICE]
[2023-01-09 12:05:40.484] [nas] [info] UE switches to state [5U1-UPDATED]
[2023-01-09 12:05:40.484] [nas] [debug] Sending Registration Complete
[2023-01-09 12:05:40.484] [nas] [info] Initial Registration is successful
[2023-01-09 12:05:40.484] [nas] [debug] Sending PDU Session Establishment Request
[2023-01-09 12:05:40.486] [nas] [debug] UAC access attempt is allowed for identity[0], category[MO_sig]
[2023-01-09 12:05:40.532] [nas] [debug] PDU Session Establishment Accept received
[2023-01-09 12:05:40.532] [nas] [info] PDU Session establishment is successful PSI[1]
[2023-01-09 12:05:40.646] [app] [info] Connection setup for PDU session[1] is successful, TUN interface[uesimtun25, 10.60.1.237] is up.
[2023-01-09 12:05:54.866] [nas] [debug] De-registration required due to [NORMAL]
[2023-01-09 12:05:54.876] [nas] [debug] Starting de-registration procedure due to [NORMAL]
[2023-01-09 12:05:54.876] [nas] [debug] Performing local release of PDU session[1]
[2023-01-09 12:05:54.876] [nas] [info] UE switches to state [MM-DEREGISTER-INITIATED]
[2023-01-09 12:05:54.888] [nas] [debug] De-registration accept received
[2023-01-09 12:05:54.888] [nas] [info] UE switches to state [MM-DEREGISTERED/PS]
[2023-01-09 12:05:54.888] [nas] [info] De-registration is successful
[2023-01-09 12:05:54.888] [nas] [info] UE switches to state [MM-DEREGISTERED/NORMAL-SERVICE]
[2023-01-09 12:05:54.888] [nas] [debug] Initial registration required due to [MM-DEREG-NORMAL-SERVICE]
[2023-01-09 12:05:54.888] [nas] [debug] Sending Initial Registration
[2023-01-09 12:05:54.888] [nas] [debug] Deleting NAS security context
[2023-01-09 12:05:54.888] [nas] [info] UE switches to state [MM-REGISTER-INITIATED]
[2023-01-09 12:05:54.894] [rrc] [debug] RRC Release received
[2023-01-09 12:05:54.894] [nas] [info] UE switches to state [CM-IDLE]
[2023-01-09 12:05:54.894] [nas] [info] UE switches to state [MM-DEREGISTERED/PS]
[2023-01-09 12:05:54.894] [nas] [info] UE switches to state [5U2-NOT-UPDATED]
[2023-01-09 12:05:54.894] [nas] [info] UE switches to state [MM-DEREGISTERED/ATTEMPTING-REGISTRATION]
[2023-01-09 12:06:05.223] [nas] [debug] NAS timer[3511] expired [1]
[2023-01-09 12:06:05.223] [nas] [debug] Initial registration required due to [T3511-EXPIRY-IN-ATT-REG]
[2023-01-09 12:06:05.224] [nas] [debug] UAC access attempt is allowed for identity[0], category[MO_sig]
[2023-01-09 12:06:05.224] [nas] [debug] Sending Initial Registration
[2023-01-09 12:06:05.224] [nas] [info] UE switches to state [MM-REGISTER-INITIATED]
[2023-01-09 12:06:05.224] [rrc] [debug] Sending RRC Setup Request
[2023-01-09 12:06:05.224] [rrc] [info] RRC connection established
[2023-01-09 12:06:05.224] [rrc] [info] UE switches to state [RRC-CONNECTED]
[2023-01-09 12:06:05.224] [nas] [info] UE switches to state [CM-CONNECTED]
[2023-01-09 12:06:05.391] [nas] [debug] Authentication Request received
[2023-01-09 12:06:05.406] [nas] [debug] Security Mode Command received
[2023-01-09 12:06:05.406] [nas] [debug] Selected integrity[2] ciphering[0]
[2023-01-09 12:06:05.437] [nas] [debug] Registration accept received
[2023-01-09 12:06:05.437] [nas] [info] UE switches to state [MM-REGISTERED/NORMAL-SERVICE]
[2023-01-09 12:06:05.437] [nas] [info] UE switches to state [5U1-UPDATED]
[2023-01-09 12:06:05.437] [nas] [debug] Sending Registration Complete
[2023-01-09 12:06:05.437] [nas] [info] Initial Registration is successful
[2023-01-09 12:06:05.437] [nas] [debug] Sending PDU Session Establishment Request
[2023-01-09 12:06:05.445] [nas] [debug] UAC access attempt is allowed for identity[0], category[MO_sig]
[2023-01-09 12:06:05.685] [nas] [debug] PDU Session Establishment Accept received
[2023-01-09 12:06:05.685] [nas] [info] PDU Session establishment is successful PSI[1]
[2023-01-09 12:06:05.730] [app] [info] Connection setup for PDU session[1] is successful, TUN interface[uesimtun120, 10.60.2.49] is up.
[2023-01-09 12:06:20.923] [nas] [debug] De-registration required due to [NORMAL]
[2023-01-09 12:06:20.933] [nas] [debug] Starting de-registration procedure due to [NORMAL]
[2023-01-09 12:06:20.933] [nas] [debug] Performing local release of PDU session[1]
[2023-01-09 12:06:20.933] [nas] [info] UE switches to state [MM-DEREGISTER-INITIATED]
[2023-01-09 12:06:20.945] [nas] [debug] De-registration accept received
[2023-01-09 12:06:20.945] [nas] [info] UE switches to state [MM-DEREGISTERED/PS]
[2023-01-09 12:06:20.945] [nas] [info] De-registration is successful
[2023-01-09 12:06:20.945] [nas] [info] UE switches to state [MM-DEREGISTERED/NORMAL-SERVICE]
[2023-01-09 12:06:20.945] [nas] [debug] Initial registration required due to [MM-DEREG-NORMAL-SERVICE]
[2023-01-09 12:06:20.945] [nas] [debug] Sending Initial Registration
[2023-01-09 12:06:20.945] [nas] [debug] Deleting NAS security context
[2023-01-09 12:06:20.945] [nas] [info] UE switches to state [MM-REGISTER-INITIATED]
[2023-01-09 12:06:20.949] [rrc] [debug] RRC Release received
[2023-01-09 12:06:20.949] [nas] [info] UE switches to state [CM-IDLE]
[2023-01-09 12:06:20.949] [nas] [info] UE switches to state [MM-DEREGISTERED/PS]
[2023-01-09 12:06:20.949] [nas] [info] UE switches to state [5U2-NOT-UPDATED]
[2023-01-09 12:06:20.949] [nas] [info] UE switches to state [MM-DEREGISTERED/ATTEMPTING-REGISTRATION]
[2023-01-09 12:06:31.250] [nas] [debug] NAS timer[3511] expired [1]
[2023-01-09 12:06:31.250] [nas] [debug] Initial registration required due to [T3511-EXPIRY-IN-ATT-REG]
[2023-01-09 12:06:31.250] [nas] [debug] UAC access attempt is allowed for identity[0], category[MO_sig]
[2023-01-09 12:06:31.250] [nas] [debug] Sending Initial Registration
[2023-01-09 12:06:31.250] [nas] [info] UE switches to state [MM-REGISTER-INITIATED]
[2023-01-09 12:06:31.250] [rrc] [debug] Sending RRC Setup Request
[2023-01-09 12:06:31.250] [rrc] [info] RRC connection established
[2023-01-09 12:06:31.250] [rrc] [info] UE switches to state [RRC-CONNECTED]
[2023-01-09 12:06:31.250] [nas] [info] UE switches to state [CM-CONNECTED]
[2023-01-09 12:06:31.527] [nas] [debug] Authentication Request received
[2023-01-09 12:06:31.564] [nas] [debug] Security Mode Command received
[2023-01-09 12:06:31.564] [nas] [debug] Selected integrity[2] ciphering[0]
[2023-01-09 12:06:31.593] [nas] [debug] Registration accept received
[2023-01-09 12:06:31.594] [nas] [info] UE switches to state [MM-REGISTERED/NORMAL-SERVICE]
[2023-01-09 12:06:31.594] [nas] [info] UE switches to state [5U1-UPDATED]
[2023-01-09 12:06:31.594] [nas] [debug] Sending Registration Complete
[2023-01-09 12:06:31.594] [nas] [info] Initial Registration is successful
[2023-01-09 12:06:31.594] [nas] [debug] Sending PDU Session Establishment Request
[2023-01-09 12:06:31.594] [nas] [debug] UAC access attempt is allowed for identity[0], category[MO_sig]
[2023-01-09 12:06:31.678] [nas] [debug] PDU Session Establishment Accept received
[2023-01-09 12:06:31.678] [nas] [info] PDU Session establishment is successful PSI[1]
[2023-01-09 12:06:31.828] [app] [info] Connection setup for PDU session[1] is successful, TUN interface[uesimtun145, 10.60.2.123] is up.
[2023-01-09 12:06:54.015] [nas] [debug] Sending PDU Session Release Request for PSI[1]
[2023-01-09 12:06:54.161] [nas] [error] PDU Session Release Reject received [REQUEST_REJECTED_UNSPECIFIED]
[2023-01-09 12:06:54.161] [nas] [error] PS release reject received without being requested
[2023-01-09 12:06:54.161] [nas] [warning] Sending SM Cause[MESSAGE_TYPE_NOT_COMPATIBLE_WITH_THE_PROTOCOL_STATE] for PSI[1]
[2023-01-09 12:07:00.041] [nas] [debug] Sending PDU Session Release Request for PSI[1]
[2023-01-09 12:07:00.122] [nas] [error] PDU Session Release Reject received [REQUEST_REJECTED_UNSPECIFIED]
[2023-01-09 12:07:00.122] [nas] [error] PS release reject received without being requested
[2023-01-09 12:07:00.122] [nas] [warning] Sending SM Cause[MESSAGE_TYPE_NOT_COMPATIBLE_WITH_THE_PROTOCOL_STATE] for PSI[1]
[2023-01-09 12:07:05.072] [nas] [debug] Sending PDU Session Establishment Request
[2023-01-09 12:07:05.174] [nas] [error] No response from RRC from UAC checks, considering access attempt is barred
[2023-01-09 12:07:21.309] [nas] [warning] Retransmitting PDU Session Establishment Request due to T3580 expiry
[2023-01-09 12:07:21.312] [nas] [debug] UAC access attempt is allowed for identity[0], category[MO_sig]
[2023-01-09 12:07:21.398] [nas] [debug] PDU Session Establishment Accept received
[2023-01-09 12:07:21.398] [nas] [info] PDU Session establishment is successful PSI[2]
[2023-01-09 12:07:21.597] [app] [info] Connection setup for PDU session[2] is successful, TUN interface[uesimtun78, 10.60.2.246] is up.
[2023-01-09 12:07:38.242] [nas] [debug] Sending PDU Session Establishment Request
[2023-01-09 12:07:38.344] [nas] [error] No response from RRC from UAC checks, considering access attempt is barred
[2023-01-09 12:07:54.377] [nas] [warning] Retransmitting PDU Session Establishment Request due to T3580 expiry
[2023-01-09 12:07:54.377] [nas] [debug] UAC access attempt is allowed for identity[0], category[MO_sig]
[2023-01-09 12:07:54.572] [nas] [debug] PDU Session Establishment Accept received
[2023-01-09 12:07:54.572] [nas] [info] PDU Session establishment is successful PSI[3]
[2023-01-09 12:07:54.709] [app] [info] Connection setup for PDU session[3] is successful, TUN interface[uesimtun52, 10.60.3.81] is up.
[2023-01-09 12:08:10.426] [nas] [debug] De-registration required due to [NORMAL]
[2023-01-09 12:08:10.436] [nas] [debug] Starting de-registration procedure due to [NORMAL]
[2023-01-09 12:08:10.436] [nas] [debug] Performing local release of PDU session[1]
[2023-01-09 12:08:10.436] [nas] [debug] Performing local release of PDU session[2]
[2023-01-09 12:08:10.436] [nas] [debug] Performing local release of PDU session[3]
[2023-01-09 12:08:10.436] [nas] [info] UE switches to state [MM-DEREGISTER-INITIATED]
[2023-01-09 12:08:10.559] [nas] [debug] De-registration accept received
[2023-01-09 12:08:10.559] [nas] [info] UE switches to state [MM-DEREGISTERED/PS]
[2023-01-09 12:08:10.559] [nas] [info] De-registration is successful
[2023-01-09 12:08:10.559] [nas] [info] UE switches to state [MM-DEREGISTERED/NORMAL-SERVICE]
[2023-01-09 12:08:10.559] [nas] [debug] Initial registration required due to [MM-DEREG-NORMAL-SERVICE]
[2023-01-09 12:08:10.559] [nas] [debug] Sending Initial Registration
[2023-01-09 12:08:10.559] [nas] [debug] Deleting NAS security context
[2023-01-09 12:08:10.559] [nas] [info] UE switches to state [MM-REGISTER-INITIATED]
[2023-01-09 12:08:10.564] [rrc] [debug] RRC Release received
[2023-01-09 12:08:10.564] [nas] [info] UE switches to state [CM-IDLE]
[2023-01-09 12:08:10.564] [nas] [info] UE switches to state [MM-DEREGISTERED/PS]
[2023-01-09 12:08:10.564] [nas] [info] UE switches to state [5U2-NOT-UPDATED]
[2023-01-09 12:08:10.564] [nas] [info] UE switches to state [MM-DEREGISTERED/ATTEMPTING-REGISTRATION]
[2023-01-09 12:08:21.407] [nas] [debug] NAS timer[3511] expired [1]
[2023-01-09 12:08:21.407] [nas] [debug] Initial registration required due to [T3511-EXPIRY-IN-ATT-REG]
[2023-01-09 12:08:21.407] [nas] [debug] UAC access attempt is allowed for identity[0], category[MO_sig]
[2023-01-09 12:08:21.407] [nas] [debug] Sending Initial Registration
[2023-01-09 12:08:21.407] [nas] [info] UE switches to state [MM-REGISTER-INITIATED]
[2023-01-09 12:08:21.407] [rrc] [debug] Sending RRC Setup Request
[2023-01-09 12:08:21.407] [rrc] [info] RRC connection established
[2023-01-09 12:08:21.407] [rrc] [info] UE switches to state [RRC-CONNECTED]
[2023-01-09 12:08:21.407] [nas] [info] UE switches to state [CM-CONNECTED]
[2023-01-09 12:08:21.518] [nas] [debug] Authentication Request received
[2023-01-09 12:08:21.607] [nas] [debug] Security Mode Command received
[2023-01-09 12:08:21.607] [nas] [debug] Selected integrity[2] ciphering[0]
[2023-01-09 12:08:21.667] [nas] [debug] Registration accept received
[2023-01-09 12:08:21.667] [nas] [info] UE switches to state [MM-REGISTERED/NORMAL-SERVICE]
[2023-01-09 12:08:21.667] [nas] [info] UE switches to state [5U1-UPDATED]
[2023-01-09 12:08:21.667] [nas] [debug] Sending Registration Complete
[2023-01-09 12:08:21.667] [nas] [info] Initial Registration is successful
[2023-01-09 12:08:21.667] [nas] [debug] Sending PDU Session Establishment Request
[2023-01-09 12:08:21.668] [nas] [debug] UAC access attempt is allowed for identity[0], category[MO_sig]
[2023-01-09 12:08:21.907] [nas] [debug] PDU Session Establishment Accept received
[2023-01-09 12:08:21.907] [nas] [info] PDU Session establishment is successful PSI[1]
[2023-01-09 12:08:22.001] [app] [info] Connection setup for PDU session[1] is successful, TUN interface[uesimtun177, 10.60.3.145] is up.
[2023-01-09 12:08:35.520] [nas] [debug] Sending PDU Session Establishment Request
[2023-01-09 12:08:35.645] [nas] [error] No response from RRC from UAC checks, considering access attempt is barred
[2023-01-09 12:08:52.443] [nas] [warning] Retransmitting PDU Session Establishment Request due to T3580 expiry
[2023-01-09 12:08:52.448] [nas] [debug] UAC access attempt is allowed for identity[0], category[MO_sig]
[2023-01-09 12:08:52.492] [nas] [debug] PDU Session Establishment Accept received
[2023-01-09 12:08:52.492] [nas] [info] PDU Session establishment is successful PSI[2]
[2023-01-09 12:08:52.561] [app] [info] Connection setup for PDU session[2] is successful, TUN interface[uesimtun14, 10.60.3.222] is up.
[2023-01-09 12:09:00.778] [nas] [debug] De-registration required due to [NORMAL]
[2023-01-09 12:09:00.792] [nas] [debug] Starting de-registration procedure due to [NORMAL]
[2023-01-09 12:09:00.792] [nas] [debug] Performing local release of PDU session[1]
[2023-01-09 12:09:00.792] [nas] [debug] Performing local release of PDU session[2]
[2023-01-09 12:09:00.792] [nas] [info] UE switches to state [MM-DEREGISTER-INITIATED]
[2023-01-09 12:09:00.963] [rrc] [debug] RRC Release received
[2023-01-09 12:09:00.963] [nas] [debug] De-registration accept received
[2023-01-09 12:09:00.963] [nas] [info] UE switches to state [MM-DEREGISTERED/PS]
[2023-01-09 12:09:00.963] [nas] [info] De-registration is successful
[2023-01-09 12:09:00.963] [nas] [info] UE switches to state [CM-IDLE]
[2023-01-09 12:09:00.964] [nas] [info] UE switches to state [MM-DEREGISTERED/NORMAL-SERVICE]
[2023-01-09 12:09:00.964] [nas] [debug] Initial registration required due to [MM-DEREG-NORMAL-SERVICE]
[2023-01-09 12:09:00.967] [nas] [debug] UAC access attempt is allowed for identity[0], category[MO_sig]
[2023-01-09 12:09:00.967] [nas] [debug] Sending Initial Registration
[2023-01-09 12:09:00.969] [rrc] [debug] Sending RRC Setup Request
[2023-01-09 12:09:00.969] [nas] [debug] Deleting NAS security context
[2023-01-09 12:09:00.969] [nas] [info] UE switches to state [MM-REGISTER-INITIATED]
[2023-01-09 12:09:00.969] [rrc] [info] RRC connection established
[2023-01-09 12:09:00.969] [rrc] [info] UE switches to state [RRC-CONNECTED]
[2023-01-09 12:09:00.969] [nas] [info] UE switches to state [CM-CONNECTED]
[2023-01-09 12:09:01.052] [nas] [debug] Authentication Request received
[2023-01-09 12:09:01.077] [nas] [debug] Security Mode Command received
[2023-01-09 12:09:01.077] [nas] [debug] Selected integrity[2] ciphering[0]
[2023-01-09 12:09:01.309] [nas] [debug] Registration accept received
[2023-01-09 12:09:01.309] [nas] [info] UE switches to state [MM-REGISTERED/NORMAL-SERVICE]
[2023-01-09 12:09:01.309] [nas] [debug] Sending Registration Complete
[2023-01-09 12:09:01.309] [nas] [info] Initial Registration is successful
[2023-01-09 12:09:01.309] [nas] [debug] Sending PDU Session Establishment Request
[2023-01-09 12:09:01.313] [nas] [debug] UAC access attempt is allowed for identity[0], category[MO_sig]
[2023-01-09 12:09:01.552] [nas] [debug] PDU Session Establishment Accept received
[2023-01-09 12:09:01.552] [nas] [info] PDU Session establishment is successful PSI[1]
[2023-01-09 12:09:01.645] [app] [info] Connection setup for PDU session[1] is successful, TUN interface[uesimtun108, 10.60.3.246] is up.
[2023-01-09 12:09:25.898] [nas] [debug] Sending PDU Session Release Request for PSI[1]
[2023-01-09 12:09:38.944] [nas] [debug] De-registration required due to [NORMAL]
[2023-01-09 12:09:38.954] [nas] [debug] Starting de-registration procedure due to [NORMAL]
[2023-01-09 12:09:38.954] [nas] [debug] Performing local release of PDU session[1]
[2023-01-09 12:09:38.954] [nas] [info] UE switches to state [MM-DEREGISTER-INITIATED]
[2023-01-09 12:09:42.499] [nas] [warning] Retransmitting PDU Session Release Request due to T3582 expiry
[2023-01-09 12:09:54.515] [nas] [debug] NAS timer[3521] expired [1]
[2023-01-09 12:09:54.515] [nas] [debug] Retransmitting De-registration Request due to T3521 expiry
[2023-01-09 12:09:58.521] [nas] [warning] Retransmitting PDU Session Release Request due to T3582 expiry
