UERANSIM v3.2.6
[2023-08-15 21:03:54.410] [sctp] [info] Trying to establish SCTP connection... (192.168.5.5:31412)
[2023-08-15 21:03:54.413] [sctp] [info] SCTP connection established (192.168.5.5:31412)
[2023-08-15 21:03:54.413] [sctp] [debug] SCTP association setup ascId[5]
[2023-08-15 21:03:54.413] [ngap] [debug] Sending NG Setup Request
[2023-08-15 21:03:54.415] [ngap] [debug] NG Setup Response received
[2023-08-15 21:03:54.415] [ngap] [info] NG Setup procedure is successful
[2023-08-15 21:04:38.095] [rrc] [debug] UE[1] new signal detected
[2023-08-15 21:04:38.095] [rrc] [info] RRC Setup for UE[1]
[2023-08-15 21:04:38.096] [ngap] [debug] Initial NAS message received from UE[1]
[2023-08-15 21:04:38.953] [ngap] [debug] Initial Context Setup Request received
[2023-08-15 21:04:39.761] [ngap] [info] PDU session resource(s) setup for UE[1] count[1]
[2023-08-15 21:04:40.228] [ngap] [info] PDU session resource(s) released for UE[1] count[1]
[2023-08-15 21:04:40.829] [ngap] [info] PDU session resource(s) setup for UE[1] count[1]
[2023-08-15 21:04:46.240] [ngap] [info] PDU session resource(s) released for UE[1] count[1]
[2023-08-15 21:04:47.329] [ngap] [info] PDU session resource(s) setup for UE[1] count[1]
[2023-08-15 21:04:52.315] [ngap] [debug] UE Context Release Command received
[2023-08-15 21:04:52.315] [rrc] [info] Releasing RRC connection for UE[1]
[2023-08-15 21:04:52.317] [ngap] [warning] Sending an error indication with cause: radio-network/unknown-local-UE-NGAP-ID
[2023-08-15 21:05:03.123] [rrc] [info] RRC Setup for UE[1]
[2023-08-15 21:05:03.123] [ngap] [debug] Initial NAS message received from UE[1]
[2023-08-15 21:05:04.020] [ngap] [debug] Initial Context Setup Request received
[2023-08-15 21:05:04.829] [ngap] [info] PDU session resource(s) setup for UE[1] count[1]
[2023-08-15 21:05:10.302] [ngap] [info] PDU session resource(s) released for UE[1] count[1]
[2023-08-15 21:05:11.617] [ngap] [info] PDU session resource(s) setup for UE[1] count[1]
[2023-08-15 21:05:16.357] [ngap] [info] PDU session resource(s) released for UE[1] count[1]
[2023-08-15 21:05:17.226] [ngap] [info] PDU session resource(s) setup for UE[1] count[1]
[2023-08-15 21:05:22.406] [ngap] [info] PDU session resource(s) released for UE[1] count[1]
[2023-08-15 21:05:23.826] [ngap] [info] PDU session resource(s) setup for UE[1] count[1]
[2023-08-15 21:05:28.457] [ngap] [info] PDU session resource(s) released for UE[1] count[1]
[2023-08-15 21:05:29.417] [ngap] [info] PDU session resource(s) setup for UE[1] count[1]
[2023-08-15 21:05:34.513] [ngap] [info] PDU session resource(s) released for UE[1] count[1]
[2023-08-15 21:05:35.928] [ngap] [info] PDU session resource(s) setup for UE[1] count[1]
[2023-08-15 21:05:40.556] [ngap] [info] PDU session resource(s) released for UE[1] count[1]
[2023-08-15 21:05:41.527] [ngap] [info] PDU session resource(s) setup for UE[1] count[1]
[2023-08-15 21:05:46.610] [ngap] [info] PDU session resource(s) released for UE[1] count[1]
[2023-08-15 21:05:48.014] [ngap] [info] PDU session resource(s) setup for UE[1] count[1]
[2023-08-15 21:05:52.637] [ngap] [info] PDU session resource(s) released for UE[1] count[1]
[2023-08-15 21:05:53.532] [ngap] [info] PDU session resource(s) setup for UE[1] count[1]
[2023-08-15 21:05:58.696] [ngap] [debug] UE Context Release Command received
[2023-08-15 21:05:58.696] [rrc] [info] Releasing RRC connection for UE[1]
[2023-08-15 21:05:58.697] [ngap] [warning] Sending an error indication with cause: radio-network/unknown-local-UE-NGAP-ID
[2023-08-15 21:06:09.199] [rrc] [info] RRC Setup for UE[1]
[2023-08-15 21:06:09.199] [ngap] [debug] Initial NAS message received from UE[1]
[2023-08-15 21:06:10.119] [ngap] [debug] Initial Context Setup Request received
[2023-08-15 21:06:10.928] [ngap] [info] PDU session resource(s) setup for UE[1] count[1]
[2023-08-15 21:06:16.717] [ngap] [info] PDU session resource(s) released for UE[1] count[1]
[2023-08-15 21:06:17.717] [ngap] [info] PDU session resource(s) setup for UE[1] count[1]
[2023-08-15 21:06:24.349] [rls] [debug] UE[1] signal lost
