UERANSIM v3.2.6
[2023-01-10 08:45:44.697] [nas] [info] UE switches to state [MM-DEREGISTERED/PLMN-SEARCH]
[2023-01-10 08:45:44.705] [rrc] [debug] New signal detected for cell[1], total [1] cells in coverage
[2023-01-10 08:45:44.705] [nas] [info] Selected plmn[208/93]
[2023-01-10 08:45:44.706] [rrc] [info] Selected cell plmn[208/93] tac[1] category[SUITABLE]
[2023-01-10 08:45:44.706] [nas] [info] UE switches to state [MM-DEREGISTERED/PS]
[2023-01-10 08:45:44.706] [nas] [info] UE switches to state [MM-DEREGISTERED/NORMAL-SERVICE]
[2023-01-10 08:45:44.706] [nas] [debug] Initial registration required due to [MM-DEREG-NORMAL-SERVICE]
[2023-01-10 08:45:44.706] [nas] [debug] UAC access attempt is allowed for identity[0], category[MO_sig]
[2023-01-10 08:45:44.706] [nas] [debug] Sending Initial Registration
[2023-01-10 08:45:44.706] [nas] [info] UE switches to state [MM-REGISTER-INITIATED]
[2023-01-10 08:45:44.706] [rrc] [debug] Sending RRC Setup Request
[2023-01-10 08:45:44.706] [rrc] [info] RRC connection established
[2023-01-10 08:45:44.706] [rrc] [info] UE switches to state [RRC-CONNECTED]
[2023-01-10 08:45:44.706] [nas] [info] UE switches to state [CM-CONNECTED]
[2023-01-10 08:45:44.724] [nas] [debug] Authentication Request received
[2023-01-10 08:45:44.724] [nas] [debug] Sending Authentication Failure due to SQN out of range
[2023-01-10 08:45:44.736] [nas] [debug] Authentication Request received
[2023-01-10 08:45:44.743] [nas] [debug] Security Mode Command received
[2023-01-10 08:45:44.743] [nas] [debug] Selected integrity[2] ciphering[0]
[2023-01-10 08:45:44.770] [nas] [debug] Registration accept received
[2023-01-10 08:45:44.770] [nas] [info] UE switches to state [MM-REGISTERED/NORMAL-SERVICE]
[2023-01-10 08:45:44.770] [nas] [debug] Sending Registration Complete
[2023-01-10 08:45:44.770] [nas] [info] Initial Registration is successful
[2023-01-10 08:45:44.770] [nas] [debug] Sending PDU Session Establishment Request
[2023-01-10 08:45:44.770] [nas] [debug] UAC access attempt is allowed for identity[0], category[MO_sig]
[2023-01-10 08:45:45.011] [nas] [debug] PDU Session Establishment Accept received
[2023-01-10 08:45:45.011] [nas] [info] PDU Session establishment is successful PSI[1]
[2023-01-10 08:45:45.034] [app] [info] Connection setup for PDU session[1] is successful, TUN interface[uesimtun85, 10.60.0.90] is up.
[2023-01-10 08:46:17.487] [nas] [debug] Sending PDU Session Establishment Request
[2023-01-10 08:46:17.593] [nas] [error] No response from RRC from UAC checks, considering access attempt is barred
[2023-01-10 08:46:18.056] [nas] [debug] Sending PDU Session Release Request for PSI[1]
[2023-01-10 08:46:18.721] [rrc] [debug] Signal lost for cell[1], total [0] cells in coverage
[2023-01-10 08:46:18.721] [nas] [error] Radio link failure detected
[2023-01-10 08:46:18.721] [nas] [info] UE switches to state [CM-IDLE]
[2023-01-10 08:46:18.721] [nas] [info] UE switches to state [MM-REGISTERED/PS]
[2023-01-10 08:46:18.721] [nas] [info] UE switches to state [MM-REGISTERED/PLMN-SEARCH]
[2023-01-10 08:46:18.721] [nas] [error] PLMN selection failure, no cells in coverage
[2023-01-10 08:46:19.711] [rrc] [warning] Acceptable cell selection failed, no cell is in coverage
[2023-01-10 08:46:19.711] [rrc] [error] Cell selection failure, no suitable or acceptable cell found
[2023-01-10 08:46:21.031] [nas] [error] PLMN selection failure, no cells in coverage
[2023-01-10 08:46:23.233] [nas] [error] PLMN selection failure, no cells in coverage
[2023-01-10 08:46:24.334] [nas] [info] UE switches to state [MM-REGISTERED/NO-CELL-AVAILABLE]
[2023-01-10 08:46:33.746] [nas] [warning] Retransmitting PDU Session Establishment Request due to T3580 expiry
[2023-01-10 08:46:33.749] [nas] [error] UAC access attempt is barred for identity[0], category[MO_sig]
[2023-01-10 08:46:34.747] [nas] [warning] Retransmitting PDU Session Release Request due to T3582 expiry
[2023-01-10 08:46:34.747] [nas] [debug] NAS Transport aborted, no active cell
[2023-01-10 08:46:49.723] [rrc] [warning] Acceptable cell selection failed, no cell is in coverage
[2023-01-10 08:46:49.723] [rrc] [error] Cell selection failure, no suitable or acceptable cell found
[2023-01-10 08:46:49.762] [nas] [warning] Retransmitting PDU Session Establishment Request due to T3580 expiry
[2023-01-10 08:46:49.764] [nas] [error] UAC access attempt is barred for identity[0], category[MO_sig]
[2023-01-10 08:46:50.763] [nas] [warning] Retransmitting PDU Session Release Request due to T3582 expiry
[2023-01-10 08:46:50.763] [nas] [debug] NAS Transport aborted, no active cell
[2023-01-10 08:46:54.061] [nas] [error] PLMN selection failure, no cells in coverage
[2023-01-10 08:47:05.778] [nas] [warning] Retransmitting PDU Session Establishment Request due to T3580 expiry
[2023-01-10 08:47:05.778] [nas] [error] UAC access attempt is barred for identity[0], category[MO_sig]
[2023-01-10 08:47:06.779] [nas] [warning] Retransmitting PDU Session Release Request due to T3582 expiry
[2023-01-10 08:47:06.779] [nas] [debug] NAS Transport aborted, no active cell
[2023-01-10 08:47:19.736] [rrc] [warning] Acceptable cell selection failed, no cell is in coverage
[2023-01-10 08:47:19.736] [rrc] [error] Cell selection failure, no suitable or acceptable cell found
[2023-01-10 08:47:21.795] [nas] [warning] Retransmitting PDU Session Establishment Request due to T3580 expiry
[2023-01-10 08:47:21.795] [nas] [error] UAC access attempt is barred for identity[0], category[MO_sig]
[2023-01-10 08:47:22.796] [nas] [warning] Retransmitting PDU Session Release Request due to T3582 expiry
[2023-01-10 08:47:22.796] [nas] [debug] NAS Transport aborted, no active cell
[2023-01-10 08:47:24.890] [nas] [error] PLMN selection failure, no cells in coverage
[2023-01-10 08:47:37.812] [nas] [error] PDU Session Establishment procedure failure, no response from the network after 5 attempts
[2023-01-10 08:47:37.812] [nas] [debug] Aborting SM procedure for PTI[1], PSI[2]
[2023-01-10 08:47:38.814] [nas] [error] PDU Session Release procedure failure, no response from the network after 5 attempts
[2023-01-10 08:47:38.814] [nas] [debug] Aborting SM procedure for PTI[2], PSI[1]
[2023-01-10 08:47:38.814] [nas] [debug] Performing local release of PDU session[1]
[2023-01-10 08:47:38.814] [nas] [debug] Mobility registration updating required due to [PS-STATUS-INFORM]
[2023-01-10 08:47:49.748] [rrc] [warning] Acceptable cell selection failed, no cell is in coverage
[2023-01-10 08:47:49.748] [rrc] [error] Cell selection failure, no suitable or acceptable cell found
[2023-01-10 08:47:55.719] [nas] [error] PLMN selection failure, no cells in coverage
[2023-01-10 08:48:18.673] [nas] [debug] De-registration required due to [NORMAL]
[2023-01-10 08:48:19.760] [rrc] [warning] Acceptable cell selection failed, no cell is in coverage
[2023-01-10 08:48:19.760] [rrc] [error] Cell selection failure, no suitable or acceptable cell found
[2023-01-10 08:48:26.547] [nas] [error] PLMN selection failure, no cells in coverage
[2023-01-10 08:48:49.772] [rrc] [warning] Acceptable cell selection failed, no cell is in coverage
[2023-01-10 08:48:49.772] [rrc] [error] Cell selection failure, no suitable or acceptable cell found
[2023-01-10 08:48:57.375] [nas] [error] PLMN selection failure, no cells in coverage
[2023-01-10 08:49:19.784] [rrc] [warning] Acceptable cell selection failed, no cell is in coverage
[2023-01-10 08:49:19.784] [rrc] [error] Cell selection failure, no suitable or acceptable cell found
[2023-01-10 08:49:28.204] [nas] [error] PLMN selection failure, no cells in coverage
[2023-01-10 08:49:49.796] [rrc] [warning] Acceptable cell selection failed, no cell is in coverage
[2023-01-10 08:49:49.796] [rrc] [error] Cell selection failure, no suitable or acceptable cell found
[2023-01-10 08:49:59.032] [nas] [error] PLMN selection failure, no cells in coverage
[2023-01-10 08:50:19.808] [rrc] [warning] Acceptable cell selection failed, no cell is in coverage
[2023-01-10 08:50:19.808] [rrc] [error] Cell selection failure, no suitable or acceptable cell found
[2023-01-10 08:50:29.860] [nas] [error] PLMN selection failure, no cells in coverage
[2023-01-10 08:50:49.820] [rrc] [warning] Acceptable cell selection failed, no cell is in coverage
[2023-01-10 08:50:49.820] [rrc] [error] Cell selection failure, no suitable or acceptable cell found
[2023-01-10 08:51:00.688] [nas] [error] PLMN selection failure, no cells in coverage
[2023-01-10 08:51:19.832] [rrc] [warning] Acceptable cell selection failed, no cell is in coverage
[2023-01-10 08:51:19.832] [rrc] [error] Cell selection failure, no suitable or acceptable cell found
[2023-01-10 08:51:31.516] [nas] [error] PLMN selection failure, no cells in coverage
[2023-01-10 08:51:49.844] [rrc] [warning] Acceptable cell selection failed, no cell is in coverage
[2023-01-10 08:51:49.844] [rrc] [error] Cell selection failure, no suitable or acceptable cell found
[2023-01-10 08:52:02.344] [nas] [error] PLMN selection failure, no cells in coverage
[2023-01-10 08:52:19.856] [rrc] [warning] Acceptable cell selection failed, no cell is in coverage
[2023-01-10 08:52:19.856] [rrc] [error] Cell selection failure, no suitable or acceptable cell found
[2023-01-10 08:52:33.172] [nas] [error] PLMN selection failure, no cells in coverage
[2023-01-10 08:52:49.868] [rrc] [warning] Acceptable cell selection failed, no cell is in coverage
[2023-01-10 08:52:49.868] [rrc] [error] Cell selection failure, no suitable or acceptable cell found
[2023-01-10 08:53:04.001] [nas] [error] PLMN selection failure, no cells in coverage
[2023-01-10 08:53:19.880] [rrc] [warning] Acceptable cell selection failed, no cell is in coverage
[2023-01-10 08:53:19.880] [rrc] [error] Cell selection failure, no suitable or acceptable cell found
[2023-01-10 08:53:34.829] [nas] [error] PLMN selection failure, no cells in coverage
[2023-01-10 08:53:49.892] [rrc] [warning] Acceptable cell selection failed, no cell is in coverage
[2023-01-10 08:53:49.892] [rrc] [error] Cell selection failure, no suitable or acceptable cell found
[2023-01-10 08:54:05.657] [nas] [error] PLMN selection failure, no cells in coverage
[2023-01-10 08:54:19.904] [rrc] [warning] Acceptable cell selection failed, no cell is in coverage
[2023-01-10 08:54:19.904] [rrc] [error] Cell selection failure, no suitable or acceptable cell found
[2023-01-10 08:54:36.486] [nas] [error] PLMN selection failure, no cells in coverage
[2023-01-10 08:54:49.916] [rrc] [warning] Acceptable cell selection failed, no cell is in coverage
[2023-01-10 08:54:49.916] [rrc] [error] Cell selection failure, no suitable or acceptable cell found
[2023-01-10 08:55:07.314] [nas] [error] PLMN selection failure, no cells in coverage
[2023-01-10 08:55:19.928] [rrc] [warning] Acceptable cell selection failed, no cell is in coverage
[2023-01-10 08:55:19.928] [rrc] [error] Cell selection failure, no suitable or acceptable cell found
[2023-01-10 08:55:38.142] [nas] [error] PLMN selection failure, no cells in coverage
[2023-01-10 08:55:49.940] [rrc] [warning] Acceptable cell selection failed, no cell is in coverage
[2023-01-10 08:55:49.940] [rrc] [error] Cell selection failure, no suitable or acceptable cell found
[2023-01-10 08:56:08.970] [nas] [error] PLMN selection failure, no cells in coverage
[2023-01-10 08:56:19.952] [rrc] [warning] Acceptable cell selection failed, no cell is in coverage
[2023-01-10 08:56:19.952] [rrc] [error] Cell selection failure, no suitable or acceptable cell found
[2023-01-10 08:56:39.798] [nas] [error] PLMN selection failure, no cells in coverage
[2023-01-10 08:56:49.964] [rrc] [warning] Acceptable cell selection failed, no cell is in coverage
[2023-01-10 08:56:49.964] [rrc] [error] Cell selection failure, no suitable or acceptable cell found
[2023-01-10 08:57:10.626] [nas] [error] PLMN selection failure, no cells in coverage
[2023-01-10 08:57:19.976] [rrc] [warning] Acceptable cell selection failed, no cell is in coverage
[2023-01-10 08:57:19.976] [rrc] [error] Cell selection failure, no suitable or acceptable cell found
[2023-01-10 08:57:41.454] [nas] [error] PLMN selection failure, no cells in coverage
[2023-01-10 08:57:49.988] [rrc] [warning] Acceptable cell selection failed, no cell is in coverage
[2023-01-10 08:57:49.988] [rrc] [error] Cell selection failure, no suitable or acceptable cell found
[2023-01-10 08:58:12.282] [nas] [error] PLMN selection failure, no cells in coverage
[2023-01-10 08:58:20.000] [rrc] [warning] Acceptable cell selection failed, no cell is in coverage
[2023-01-10 08:58:20.000] [rrc] [error] Cell selection failure, no suitable or acceptable cell found
[2023-01-10 08:58:43.111] [nas] [error] PLMN selection failure, no cells in coverage
[2023-01-10 08:58:50.012] [rrc] [warning] Acceptable cell selection failed, no cell is in coverage
[2023-01-10 08:58:50.012] [rrc] [error] Cell selection failure, no suitable or acceptable cell found
[2023-01-10 08:59:13.940] [nas] [error] PLMN selection failure, no cells in coverage
[2023-01-10 08:59:20.024] [rrc] [warning] Acceptable cell selection failed, no cell is in coverage
[2023-01-10 08:59:20.024] [rrc] [error] Cell selection failure, no suitable or acceptable cell found
[2023-01-10 08:59:44.768] [nas] [error] PLMN selection failure, no cells in coverage
[2023-01-10 08:59:50.036] [rrc] [warning] Acceptable cell selection failed, no cell is in coverage
[2023-01-10 08:59:50.036] [rrc] [error] Cell selection failure, no suitable or acceptable cell found
[2023-01-10 09:00:15.596] [nas] [error] PLMN selection failure, no cells in coverage
[2023-01-10 09:00:20.048] [rrc] [warning] Acceptable cell selection failed, no cell is in coverage
[2023-01-10 09:00:20.048] [rrc] [error] Cell selection failure, no suitable or acceptable cell found
[2023-01-10 09:00:46.424] [nas] [error] PLMN selection failure, no cells in coverage
[2023-01-10 09:00:50.061] [rrc] [warning] Acceptable cell selection failed, no cell is in coverage
[2023-01-10 09:00:50.061] [rrc] [error] Cell selection failure, no suitable or acceptable cell found
[2023-01-10 09:01:17.252] [nas] [error] PLMN selection failure, no cells in coverage
[2023-01-10 09:01:20.073] [rrc] [warning] Acceptable cell selection failed, no cell is in coverage
[2023-01-10 09:01:20.073] [rrc] [error] Cell selection failure, no suitable or acceptable cell found
[2023-01-10 09:01:48.080] [nas] [error] PLMN selection failure, no cells in coverage
[2023-01-10 09:01:50.085] [rrc] [warning] Acceptable cell selection failed, no cell is in coverage
[2023-01-10 09:01:50.085] [rrc] [error] Cell selection failure, no suitable or acceptable cell found
[2023-01-10 09:02:18.908] [nas] [error] PLMN selection failure, no cells in coverage
[2023-01-10 09:02:20.097] [rrc] [warning] Acceptable cell selection failed, no cell is in coverage
[2023-01-10 09:02:20.097] [rrc] [error] Cell selection failure, no suitable or acceptable cell found
[2023-01-10 09:02:49.736] [nas] [error] PLMN selection failure, no cells in coverage
[2023-01-10 09:02:50.109] [rrc] [warning] Acceptable cell selection failed, no cell is in coverage
[2023-01-10 09:02:50.109] [rrc] [error] Cell selection failure, no suitable or acceptable cell found
[2023-01-10 09:03:20.121] [rrc] [warning] Acceptable cell selection failed, no cell is in coverage
[2023-01-10 09:03:20.121] [rrc] [error] Cell selection failure, no suitable or acceptable cell found
[2023-01-10 09:03:20.565] [nas] [error] PLMN selection failure, no cells in coverage
[2023-01-10 09:03:50.133] [rrc] [warning] Acceptable cell selection failed, no cell is in coverage
[2023-01-10 09:03:50.133] [rrc] [error] Cell selection failure, no suitable or acceptable cell found
[2023-01-10 09:03:51.393] [nas] [error] PLMN selection failure, no cells in coverage
[2023-01-10 09:04:20.145] [rrc] [warning] Acceptable cell selection failed, no cell is in coverage
[2023-01-10 09:04:20.145] [rrc] [error] Cell selection failure, no suitable or acceptable cell found
[2023-01-10 09:04:22.221] [nas] [error] PLMN selection failure, no cells in coverage
[2023-01-10 09:04:50.157] [rrc] [warning] Acceptable cell selection failed, no cell is in coverage
[2023-01-10 09:04:50.157] [rrc] [error] Cell selection failure, no suitable or acceptable cell found
[2023-01-10 09:04:53.050] [nas] [error] PLMN selection failure, no cells in coverage
[2023-01-10 09:05:20.169] [rrc] [warning] Acceptable cell selection failed, no cell is in coverage
[2023-01-10 09:05:20.169] [rrc] [error] Cell selection failure, no suitable or acceptable cell found
[2023-01-10 09:05:23.878] [nas] [error] PLMN selection failure, no cells in coverage
[2023-01-10 09:05:50.181] [rrc] [warning] Acceptable cell selection failed, no cell is in coverage
[2023-01-10 09:05:50.181] [rrc] [error] Cell selection failure, no suitable or acceptable cell found
[2023-01-10 09:05:54.706] [nas] [error] PLMN selection failure, no cells in coverage
[2023-01-10 09:06:20.193] [rrc] [warning] Acceptable cell selection failed, no cell is in coverage
[2023-01-10 09:06:20.193] [rrc] [error] Cell selection failure, no suitable or acceptable cell found
[2023-01-10 09:06:25.534] [nas] [error] PLMN selection failure, no cells in coverage
[2023-01-10 09:06:50.205] [rrc] [warning] Acceptable cell selection failed, no cell is in coverage
[2023-01-10 09:06:50.205] [rrc] [error] Cell selection failure, no suitable or acceptable cell found
