UERANSIM v3.2.6
[2023-01-10 08:44:26.617] [nas] [info] UE switches to state [MM-DEREGISTERED/PLMN-SEARCH]
[2023-01-10 08:44:26.621] [rrc] [debug] New signal detected for cell[1], total [1] cells in coverage
[2023-01-10 08:44:26.621] [nas] [info] Selected plmn[208/93]
[2023-01-10 08:44:26.621] [rrc] [info] Selected cell plmn[208/93] tac[1] category[SUITABLE]
[2023-01-10 08:44:26.622] [nas] [info] UE switches to state [MM-DEREGISTERED/PS]
[2023-01-10 08:44:26.622] [nas] [info] UE switches to state [MM-DEREGISTERED/NORMAL-SERVICE]
[2023-01-10 08:44:26.622] [nas] [debug] Initial registration required due to [MM-DEREG-NORMAL-SERVICE]
[2023-01-10 08:44:26.622] [nas] [debug] UAC access attempt is allowed for identity[0], category[MO_sig]
[2023-01-10 08:44:26.622] [nas] [debug] Sending Initial Registration
[2023-01-10 08:44:26.622] [nas] [info] UE switches to state [MM-REGISTER-INITIATED]
[2023-01-10 08:44:26.622] [rrc] [debug] Sending RRC Setup Request
[2023-01-10 08:44:26.623] [rrc] [info] RRC connection established
[2023-01-10 08:44:26.623] [rrc] [info] UE switches to state [RRC-CONNECTED]
[2023-01-10 08:44:26.623] [nas] [info] UE switches to state [CM-CONNECTED]
[2023-01-10 08:44:26.639] [nas] [debug] Authentication Request received
[2023-01-10 08:44:26.639] [nas] [debug] Sending Authentication Failure due to SQN out of range
[2023-01-10 08:44:26.653] [nas] [debug] Authentication Request received
[2023-01-10 08:44:26.661] [nas] [debug] Security Mode Command received
[2023-01-10 08:44:26.661] [nas] [debug] Selected integrity[2] ciphering[0]
[2023-01-10 08:44:26.685] [nas] [debug] Registration accept received
[2023-01-10 08:44:26.686] [nas] [info] UE switches to state [MM-REGISTERED/NORMAL-SERVICE]
[2023-01-10 08:44:26.686] [nas] [debug] Sending Registration Complete
[2023-01-10 08:44:26.686] [nas] [info] Initial Registration is successful
[2023-01-10 08:44:26.686] [nas] [debug] Sending PDU Session Establishment Request
[2023-01-10 08:44:26.686] [nas] [debug] UAC access attempt is allowed for identity[0], category[MO_sig]
[2023-01-10 08:44:26.924] [nas] [debug] PDU Session Establishment Accept received
[2023-01-10 08:44:26.924] [nas] [info] PDU Session establishment is successful PSI[1]
[2023-01-10 08:44:26.945] [app] [info] Connection setup for PDU session[1] is successful, TUN interface[uesimtun46, 10.60.0.51] is up.
[2023-01-10 08:46:16.004] [nas] [debug] Sending PDU Session Release Request for PSI[1]
[2023-01-10 08:46:16.155] [nas] [debug] PDU Session Release Command received
[2023-01-10 08:46:16.155] [nas] [debug] Performing local release of PDU session[1]
[2023-01-10 08:46:16.367] [nas] [debug] Sending PDU Session Establishment Request
[2023-01-10 08:46:16.482] [nas] [error] No response from RRC from UAC checks, considering access attempt is barred
[2023-01-10 08:46:18.770] [rrc] [debug] Signal lost for cell[1], total [0] cells in coverage
[2023-01-10 08:46:18.770] [nas] [error] Radio link failure detected
[2023-01-10 08:46:18.770] [nas] [info] UE switches to state [CM-IDLE]
[2023-01-10 08:46:18.770] [nas] [info] UE switches to state [MM-REGISTERED/PS]
[2023-01-10 08:46:18.770] [nas] [info] UE switches to state [MM-REGISTERED/PLMN-SEARCH]
[2023-01-10 08:46:18.770] [nas] [error] PLMN selection failure, no cells in coverage
[2023-01-10 08:46:19.164] [rrc] [warning] Acceptable cell selection failed, no cell is in coverage
[2023-01-10 08:46:19.164] [rrc] [error] Cell selection failure, no suitable or acceptable cell found
[2023-01-10 08:46:21.126] [nas] [error] PLMN selection failure, no cells in coverage
[2023-01-10 08:46:23.328] [nas] [error] PLMN selection failure, no cells in coverage
[2023-01-10 08:46:24.429] [nas] [info] UE switches to state [MM-REGISTERED/NO-CELL-AVAILABLE]
[2023-01-10 08:46:32.757] [nas] [warning] Retransmitting PDU Session Establishment Request due to T3580 expiry
[2023-01-10 08:46:32.758] [nas] [error] UAC access attempt is barred for identity[0], category[MO_sig]
[2023-01-10 08:46:48.773] [nas] [warning] Retransmitting PDU Session Establishment Request due to T3580 expiry
[2023-01-10 08:46:48.773] [nas] [error] UAC access attempt is barred for identity[0], category[MO_sig]
[2023-01-10 08:46:49.176] [rrc] [warning] Acceptable cell selection failed, no cell is in coverage
[2023-01-10 08:46:49.176] [rrc] [error] Cell selection failure, no suitable or acceptable cell found
[2023-01-10 08:46:54.159] [nas] [error] PLMN selection failure, no cells in coverage
[2023-01-10 08:47:04.798] [nas] [warning] Retransmitting PDU Session Establishment Request due to T3580 expiry
[2023-01-10 08:47:04.798] [nas] [error] UAC access attempt is barred for identity[0], category[MO_sig]
[2023-01-10 08:47:19.188] [rrc] [warning] Acceptable cell selection failed, no cell is in coverage
[2023-01-10 08:47:19.188] [rrc] [error] Cell selection failure, no suitable or acceptable cell found
[2023-01-10 08:47:20.816] [nas] [warning] Retransmitting PDU Session Establishment Request due to T3580 expiry
[2023-01-10 08:47:20.816] [nas] [error] UAC access attempt is barred for identity[0], category[MO_sig]
[2023-01-10 08:47:24.988] [nas] [error] PLMN selection failure, no cells in coverage
[2023-01-10 08:47:36.832] [nas] [error] PDU Session Establishment procedure failure, no response from the network after 5 attempts
[2023-01-10 08:47:36.832] [nas] [debug] Aborting SM procedure for PTI[1], PSI[1]
[2023-01-10 08:47:49.200] [rrc] [warning] Acceptable cell selection failed, no cell is in coverage
[2023-01-10 08:47:49.200] [rrc] [error] Cell selection failure, no suitable or acceptable cell found
[2023-01-10 08:47:55.817] [nas] [error] PLMN selection failure, no cells in coverage
[2023-01-10 08:48:16.714] [nas] [debug] De-registration required due to [NORMAL]
[2023-01-10 08:48:19.225] [rrc] [warning] Acceptable cell selection failed, no cell is in coverage
[2023-01-10 08:48:19.225] [rrc] [error] Cell selection failure, no suitable or acceptable cell found
[2023-01-10 08:48:26.645] [nas] [error] PLMN selection failure, no cells in coverage
[2023-01-10 08:48:49.237] [rrc] [warning] Acceptable cell selection failed, no cell is in coverage
[2023-01-10 08:48:49.237] [rrc] [error] Cell selection failure, no suitable or acceptable cell found
[2023-01-10 08:48:57.474] [nas] [error] PLMN selection failure, no cells in coverage
[2023-01-10 08:49:19.249] [rrc] [warning] Acceptable cell selection failed, no cell is in coverage
[2023-01-10 08:49:19.249] [rrc] [error] Cell selection failure, no suitable or acceptable cell found
[2023-01-10 08:49:28.302] [nas] [error] PLMN selection failure, no cells in coverage
[2023-01-10 08:49:49.261] [rrc] [warning] Acceptable cell selection failed, no cell is in coverage
[2023-01-10 08:49:49.261] [rrc] [error] Cell selection failure, no suitable or acceptable cell found
[2023-01-10 08:49:59.131] [nas] [error] PLMN selection failure, no cells in coverage
[2023-01-10 08:50:19.273] [rrc] [warning] Acceptable cell selection failed, no cell is in coverage
[2023-01-10 08:50:19.273] [rrc] [error] Cell selection failure, no suitable or acceptable cell found
[2023-01-10 08:50:29.959] [nas] [error] PLMN selection failure, no cells in coverage
[2023-01-10 08:50:49.285] [rrc] [warning] Acceptable cell selection failed, no cell is in coverage
[2023-01-10 08:50:49.285] [rrc] [error] Cell selection failure, no suitable or acceptable cell found
[2023-01-10 08:51:00.788] [nas] [error] PLMN selection failure, no cells in coverage
[2023-01-10 08:51:19.297] [rrc] [warning] Acceptable cell selection failed, no cell is in coverage
[2023-01-10 08:51:19.297] [rrc] [error] Cell selection failure, no suitable or acceptable cell found
[2023-01-10 08:51:31.616] [nas] [error] PLMN selection failure, no cells in coverage
[2023-01-10 08:51:49.310] [rrc] [warning] Acceptable cell selection failed, no cell is in coverage
[2023-01-10 08:51:49.310] [rrc] [error] Cell selection failure, no suitable or acceptable cell found
[2023-01-10 08:52:02.444] [nas] [error] PLMN selection failure, no cells in coverage
[2023-01-10 08:52:19.322] [rrc] [warning] Acceptable cell selection failed, no cell is in coverage
[2023-01-10 08:52:19.322] [rrc] [error] Cell selection failure, no suitable or acceptable cell found
[2023-01-10 08:52:33.272] [nas] [error] PLMN selection failure, no cells in coverage
[2023-01-10 08:52:49.334] [rrc] [warning] Acceptable cell selection failed, no cell is in coverage
[2023-01-10 08:52:49.334] [rrc] [error] Cell selection failure, no suitable or acceptable cell found
[2023-01-10 08:53:04.100] [nas] [error] PLMN selection failure, no cells in coverage
[2023-01-10 08:53:19.346] [rrc] [warning] Acceptable cell selection failed, no cell is in coverage
[2023-01-10 08:53:19.346] [rrc] [error] Cell selection failure, no suitable or acceptable cell found
[2023-01-10 08:53:34.930] [nas] [error] PLMN selection failure, no cells in coverage
[2023-01-10 08:53:49.358] [rrc] [warning] Acceptable cell selection failed, no cell is in coverage
[2023-01-10 08:53:49.358] [rrc] [error] Cell selection failure, no suitable or acceptable cell found
[2023-01-10 08:54:05.758] [nas] [error] PLMN selection failure, no cells in coverage
[2023-01-10 08:54:19.370] [rrc] [warning] Acceptable cell selection failed, no cell is in coverage
[2023-01-10 08:54:19.370] [rrc] [error] Cell selection failure, no suitable or acceptable cell found
[2023-01-10 08:54:36.586] [nas] [error] PLMN selection failure, no cells in coverage
[2023-01-10 08:54:49.382] [rrc] [warning] Acceptable cell selection failed, no cell is in coverage
[2023-01-10 08:54:49.382] [rrc] [error] Cell selection failure, no suitable or acceptable cell found
[2023-01-10 08:55:07.414] [nas] [error] PLMN selection failure, no cells in coverage
[2023-01-10 08:55:19.394] [rrc] [warning] Acceptable cell selection failed, no cell is in coverage
[2023-01-10 08:55:19.394] [rrc] [error] Cell selection failure, no suitable or acceptable cell found
[2023-01-10 08:55:38.242] [nas] [error] PLMN selection failure, no cells in coverage
[2023-01-10 08:55:49.406] [rrc] [warning] Acceptable cell selection failed, no cell is in coverage
[2023-01-10 08:55:49.406] [rrc] [error] Cell selection failure, no suitable or acceptable cell found
[2023-01-10 08:56:09.070] [nas] [error] PLMN selection failure, no cells in coverage
[2023-01-10 08:56:19.418] [rrc] [warning] Acceptable cell selection failed, no cell is in coverage
[2023-01-10 08:56:19.418] [rrc] [error] Cell selection failure, no suitable or acceptable cell found
[2023-01-10 08:56:39.898] [nas] [error] PLMN selection failure, no cells in coverage
[2023-01-10 08:56:49.430] [rrc] [warning] Acceptable cell selection failed, no cell is in coverage
[2023-01-10 08:56:49.430] [rrc] [error] Cell selection failure, no suitable or acceptable cell found
[2023-01-10 08:57:10.726] [nas] [error] PLMN selection failure, no cells in coverage
[2023-01-10 08:57:19.442] [rrc] [warning] Acceptable cell selection failed, no cell is in coverage
[2023-01-10 08:57:19.442] [rrc] [error] Cell selection failure, no suitable or acceptable cell found
[2023-01-10 08:57:41.554] [nas] [error] PLMN selection failure, no cells in coverage
[2023-01-10 08:57:49.454] [rrc] [warning] Acceptable cell selection failed, no cell is in coverage
[2023-01-10 08:57:49.454] [rrc] [error] Cell selection failure, no suitable or acceptable cell found
[2023-01-10 08:58:12.382] [nas] [error] PLMN selection failure, no cells in coverage
[2023-01-10 08:58:19.466] [rrc] [warning] Acceptable cell selection failed, no cell is in coverage
[2023-01-10 08:58:19.466] [rrc] [error] Cell selection failure, no suitable or acceptable cell found
[2023-01-10 08:58:43.210] [nas] [error] PLMN selection failure, no cells in coverage
[2023-01-10 08:58:49.478] [rrc] [warning] Acceptable cell selection failed, no cell is in coverage
[2023-01-10 08:58:49.478] [rrc] [error] Cell selection failure, no suitable or acceptable cell found
[2023-01-10 08:59:14.038] [nas] [error] PLMN selection failure, no cells in coverage
[2023-01-10 08:59:19.491] [rrc] [warning] Acceptable cell selection failed, no cell is in coverage
[2023-01-10 08:59:19.491] [rrc] [error] Cell selection failure, no suitable or acceptable cell found
[2023-01-10 08:59:44.866] [nas] [error] PLMN selection failure, no cells in coverage
[2023-01-10 08:59:49.503] [rrc] [warning] Acceptable cell selection failed, no cell is in coverage
[2023-01-10 08:59:49.503] [rrc] [error] Cell selection failure, no suitable or acceptable cell found
[2023-01-10 09:00:15.694] [nas] [error] PLMN selection failure, no cells in coverage
[2023-01-10 09:00:19.515] [rrc] [warning] Acceptable cell selection failed, no cell is in coverage
[2023-01-10 09:00:19.515] [rrc] [error] Cell selection failure, no suitable or acceptable cell found
[2023-01-10 09:00:46.522] [nas] [error] PLMN selection failure, no cells in coverage
[2023-01-10 09:00:49.527] [rrc] [warning] Acceptable cell selection failed, no cell is in coverage
[2023-01-10 09:00:49.527] [rrc] [error] Cell selection failure, no suitable or acceptable cell found
[2023-01-10 09:01:17.350] [nas] [error] PLMN selection failure, no cells in coverage
[2023-01-10 09:01:19.539] [rrc] [warning] Acceptable cell selection failed, no cell is in coverage
[2023-01-10 09:01:19.539] [rrc] [error] Cell selection failure, no suitable or acceptable cell found
[2023-01-10 09:01:48.178] [nas] [error] PLMN selection failure, no cells in coverage
[2023-01-10 09:01:49.551] [rrc] [warning] Acceptable cell selection failed, no cell is in coverage
[2023-01-10 09:01:49.551] [rrc] [error] Cell selection failure, no suitable or acceptable cell found
[2023-01-10 09:02:19.006] [nas] [error] PLMN selection failure, no cells in coverage
[2023-01-10 09:02:19.563] [rrc] [warning] Acceptable cell selection failed, no cell is in coverage
[2023-01-10 09:02:19.563] [rrc] [error] Cell selection failure, no suitable or acceptable cell found
[2023-01-10 09:02:49.575] [rrc] [warning] Acceptable cell selection failed, no cell is in coverage
[2023-01-10 09:02:49.575] [rrc] [error] Cell selection failure, no suitable or acceptable cell found
[2023-01-10 09:02:49.834] [nas] [error] PLMN selection failure, no cells in coverage
[2023-01-10 09:03:19.587] [rrc] [warning] Acceptable cell selection failed, no cell is in coverage
[2023-01-10 09:03:19.587] [rrc] [error] Cell selection failure, no suitable or acceptable cell found
[2023-01-10 09:03:20.662] [nas] [error] PLMN selection failure, no cells in coverage
[2023-01-10 09:03:49.599] [rrc] [warning] Acceptable cell selection failed, no cell is in coverage
[2023-01-10 09:03:49.599] [rrc] [error] Cell selection failure, no suitable or acceptable cell found
[2023-01-10 09:03:51.490] [nas] [error] PLMN selection failure, no cells in coverage
[2023-01-10 09:04:19.611] [rrc] [warning] Acceptable cell selection failed, no cell is in coverage
[2023-01-10 09:04:19.611] [rrc] [error] Cell selection failure, no suitable or acceptable cell found
[2023-01-10 09:04:22.319] [nas] [error] PLMN selection failure, no cells in coverage
[2023-01-10 09:04:49.623] [rrc] [warning] Acceptable cell selection failed, no cell is in coverage
[2023-01-10 09:04:49.623] [rrc] [error] Cell selection failure, no suitable or acceptable cell found
[2023-01-10 09:04:53.148] [nas] [error] PLMN selection failure, no cells in coverage
[2023-01-10 09:05:19.635] [rrc] [warning] Acceptable cell selection failed, no cell is in coverage
[2023-01-10 09:05:19.635] [rrc] [error] Cell selection failure, no suitable or acceptable cell found
[2023-01-10 09:05:23.976] [nas] [error] PLMN selection failure, no cells in coverage
[2023-01-10 09:05:49.647] [rrc] [warning] Acceptable cell selection failed, no cell is in coverage
[2023-01-10 09:05:49.647] [rrc] [error] Cell selection failure, no suitable or acceptable cell found
[2023-01-10 09:05:54.804] [nas] [error] PLMN selection failure, no cells in coverage
[2023-01-10 09:06:19.659] [rrc] [warning] Acceptable cell selection failed, no cell is in coverage
[2023-01-10 09:06:19.659] [rrc] [error] Cell selection failure, no suitable or acceptable cell found
[2023-01-10 09:06:25.632] [nas] [error] PLMN selection failure, no cells in coverage
[2023-01-10 09:06:49.671] [rrc] [warning] Acceptable cell selection failed, no cell is in coverage
[2023-01-10 09:06:49.671] [rrc] [error] Cell selection failure, no suitable or acceptable cell found
