UERANSIM v3.2.6
[2023-01-29 22:59:05.008] [rrc] [debug] New signal detected for cell[1], total [1] cells in coverage
[2023-01-29 22:59:05.008] [nas] [info] UE switches to state [MM-DEREGISTERED/PLMN-SEARCH]
[2023-01-29 22:59:05.009] [nas] [info] Selected plmn[208/93]
[2023-01-29 22:59:05.009] [rrc] [info] Selected cell plmn[208/93] tac[1] category[SUITABLE]
[2023-01-29 22:59:05.009] [nas] [info] UE switches to state [MM-DEREGISTERED/PS]
[2023-01-29 22:59:05.009] [nas] [info] UE switches to state [MM-DEREGISTERED/NORMAL-SERVICE]
[2023-01-29 22:59:05.009] [nas] [debug] Initial registration required due to [MM-DEREG-NORMAL-SERVICE]
[2023-01-29 22:59:05.009] [nas] [debug] UAC access attempt is allowed for identity[0], category[MO_sig]
[2023-01-29 22:59:05.009] [nas] [debug] Sending Initial Registration
[2023-01-29 22:59:05.009] [nas] [info] UE switches to state [MM-REGISTER-INITIATED]
[2023-01-29 22:59:05.009] [rrc] [debug] Sending RRC Setup Request
[2023-01-29 22:59:05.009] [rrc] [info] RRC connection established
[2023-01-29 22:59:05.009] [rrc] [info] UE switches to state [RRC-CONNECTED]
[2023-01-29 22:59:05.009] [nas] [info] UE switches to state [CM-CONNECTED]
[2023-01-29 22:59:05.409] [nas] [debug] Authentication Request received
[2023-01-29 22:59:05.420] [nas] [debug] Security Mode Command received
[2023-01-29 22:59:05.420] [nas] [debug] Selected integrity[2] ciphering[0]
[2023-01-29 22:59:06.798] [nas] [debug] Registration accept received
[2023-01-29 22:59:06.798] [nas] [info] UE switches to state [MM-REGISTERED/NORMAL-SERVICE]
[2023-01-29 22:59:06.798] [nas] [debug] Sending Registration Complete
[2023-01-29 22:59:06.798] [nas] [info] Initial Registration is successful
[2023-01-29 22:59:06.798] [nas] [debug] Sending PDU Session Establishment Request
[2023-01-29 22:59:06.798] [nas] [debug] UAC access attempt is allowed for identity[0], category[MO_sig]
[2023-01-29 22:59:08.596] [nas] [debug] PDU Session Establishment Accept received
[2023-01-29 22:59:08.596] [nas] [info] PDU Session establishment is successful PSI[1]
[2023-01-29 22:59:08.622] [app] [info] Connection setup for PDU session[1] is successful, TUN interface[uesimtun0, 10.1.0.34] is up.
[2023-01-29 22:59:12.050] [nas] [debug] Sending PDU Session Establishment Request
[2023-01-29 22:59:12.151] [nas] [error] No response from RRC from UAC checks, considering access attempt is barred
[2023-01-29 22:59:29.046] [nas] [warning] Retransmitting PDU Session Establishment Request due to T3580 expiry
[2023-01-29 22:59:29.046] [nas] [debug] UAC access attempt is allowed for identity[0], category[MO_sig]
[2023-01-29 22:59:30.500] [nas] [debug] PDU Session Establishment Accept received
[2023-01-29 22:59:30.500] [nas] [info] PDU Session establishment is successful PSI[2]
[2023-01-29 22:59:30.537] [app] [info] Connection setup for PDU session[2] is successful, TUN interface[uesimtun1, 10.1.0.35] is up.
[2023-01-29 22:59:32.199] [nas] [debug] Sending PDU Session Establishment Request
[2023-01-29 22:59:32.300] [nas] [error] No response from RRC from UAC checks, considering access attempt is barred
[2023-01-29 22:59:49.075] [nas] [warning] Retransmitting PDU Session Establishment Request due to T3580 expiry
[2023-01-29 22:59:49.075] [nas] [debug] UAC access attempt is allowed for identity[0], category[MO_sig]
[2023-01-29 22:59:50.490] [nas] [debug] PDU Session Establishment Accept received
[2023-01-29 22:59:50.490] [nas] [info] PDU Session establishment is successful PSI[3]
[2023-01-29 22:59:50.524] [app] [info] Connection setup for PDU session[3] is successful, TUN interface[uesimtun2, 10.1.0.36] is up.
[2023-01-29 22:59:52.377] [nas] [debug] Sending PDU Session Release Request for PSI[3]
[2023-01-29 22:59:52.407] [nas] [debug] PDU Session Release Command received
[2023-01-29 22:59:52.407] [nas] [debug] Performing local release of PDU session[3]
[2023-01-29 22:59:57.443] [nas] [debug] Sending PDU Session Establishment Request
[2023-01-29 22:59:57.544] [nas] [error] No response from RRC from UAC checks, considering access attempt is barred
[2023-01-29 23:00:14.108] [nas] [warning] Retransmitting PDU Session Establishment Request due to T3580 expiry
[2023-01-29 23:00:14.109] [nas] [debug] UAC access attempt is allowed for identity[0], category[MO_sig]
[2023-01-29 23:00:15.313] [nas] [debug] PDU Session Establishment Accept received
[2023-01-29 23:00:15.313] [nas] [info] PDU Session establishment is successful PSI[3]
[2023-01-29 23:00:15.346] [app] [info] Connection setup for PDU session[3] is successful, TUN interface[uesimtun2, 10.1.0.37] is up.
[2023-01-29 23:00:17.618] [nas] [debug] Sending PDU Session Release Request for PSI[2]
[2023-01-29 23:00:17.651] [nas] [debug] PDU Session Release Command received
[2023-01-29 23:00:17.651] [nas] [debug] Performing local release of PDU session[2]
[2023-01-29 23:00:22.687] [nas] [debug] Sending PDU Session Release Request for PSI[1]
[2023-01-29 23:00:22.687] [nas] [debug] Sending PDU Session Release Request for PSI[3]
[2023-01-29 23:00:22.703] [nas] [debug] PDU Session Release Command received
[2023-01-29 23:00:22.703] [nas] [debug] Performing local release of PDU session[1]
[2023-01-29 23:00:22.719] [nas] [debug] PDU Session Release Command received
[2023-01-29 23:00:22.719] [nas] [debug] Performing local release of PDU session[3]
[2023-01-29 23:00:23.223] [nas] [debug] Sending PDU Session Establishment Request
[2023-01-29 23:00:23.224] [nas] [debug] UAC access attempt is allowed for identity[0], category[MO_sig]
[2023-01-29 23:00:24.402] [nas] [debug] PDU Session Establishment Accept received
[2023-01-29 23:00:24.402] [nas] [info] PDU Session establishment is successful PSI[1]
[2023-01-29 23:00:24.425] [app] [info] Connection setup for PDU session[1] is successful, TUN interface[uesimtun0, 10.1.0.38] is up.
[2023-01-29 23:00:27.713] [nas] [debug] Sending PDU Session Release Request for PSI[1]
[2023-01-29 23:00:27.732] [nas] [debug] PDU Session Release Command received
[2023-01-29 23:00:27.732] [nas] [debug] Performing local release of PDU session[1]
[2023-01-29 23:00:28.731] [nas] [debug] Sending PDU Session Establishment Request
[2023-01-29 23:00:28.731] [nas] [debug] UAC access attempt is allowed for identity[0], category[MO_sig]
[2023-01-29 23:00:29.809] [nas] [debug] PDU Session Establishment Accept received
[2023-01-29 23:00:29.809] [nas] [info] PDU Session establishment is successful PSI[1]
[2023-01-29 23:00:29.843] [app] [info] Connection setup for PDU session[1] is successful, TUN interface[uesimtun0, 10.1.0.39] is up.
[2023-01-29 23:00:32.739] [nas] [debug] De-registration required due to [NORMAL]
[2023-01-29 23:00:32.749] [nas] [debug] Starting de-registration procedure due to [NORMAL]
[2023-01-29 23:00:32.749] [nas] [debug] Performing local release of PDU session[1]
[2023-01-29 23:00:32.749] [nas] [info] UE switches to state [MM-DEREGISTER-INITIATED]
[2023-01-29 23:00:32.765] [nas] [debug] De-registration accept received
[2023-01-29 23:00:32.765] [nas] [info] UE switches to state [MM-DEREGISTERED/PS]
[2023-01-29 23:00:32.765] [nas] [info] De-registration is successful
[2023-01-29 23:00:32.765] [nas] [info] UE switches to state [MM-DEREGISTERED/NORMAL-SERVICE]
[2023-01-29 23:00:32.765] [nas] [debug] Initial registration required due to [MM-DEREG-NORMAL-SERVICE]
[2023-01-29 23:00:32.765] [nas] [debug] Sending Initial Registration
[2023-01-29 23:00:32.765] [nas] [debug] Deleting NAS security context
[2023-01-29 23:00:32.765] [nas] [info] UE switches to state [MM-REGISTER-INITIATED]
[2023-01-29 23:00:32.769] [rrc] [debug] RRC Release received
[2023-01-29 23:00:32.769] [nas] [info] UE switches to state [CM-IDLE]
[2023-01-29 23:00:32.769] [nas] [info] UE switches to state [MM-DEREGISTERED/PS]
[2023-01-29 23:00:32.769] [nas] [info] UE switches to state [5U2-NOT-UPDATED]
[2023-01-29 23:00:32.769] [nas] [info] UE switches to state [MM-DEREGISTERED/ATTEMPTING-REGISTRATION]
[2023-01-29 23:00:43.144] [nas] [debug] NAS timer[3511] expired [1]
[2023-01-29 23:00:43.144] [nas] [debug] Initial registration required due to [T3511-EXPIRY-IN-ATT-REG]
[2023-01-29 23:00:43.144] [nas] [debug] UAC access attempt is allowed for identity[0], category[MO_sig]
[2023-01-29 23:00:43.144] [nas] [debug] Sending Initial Registration
[2023-01-29 23:00:43.144] [nas] [info] UE switches to state [MM-REGISTER-INITIATED]
[2023-01-29 23:00:43.144] [rrc] [debug] Sending RRC Setup Request
[2023-01-29 23:00:43.144] [rrc] [info] RRC connection established
[2023-01-29 23:00:43.144] [rrc] [info] UE switches to state [RRC-CONNECTED]
[2023-01-29 23:00:43.144] [nas] [info] UE switches to state [CM-CONNECTED]
[2023-01-29 23:00:43.509] [nas] [debug] Authentication Request received
[2023-01-29 23:00:43.590] [nas] [debug] Security Mode Command received
[2023-01-29 23:00:43.590] [nas] [debug] Selected integrity[2] ciphering[0]
[2023-01-29 23:00:44.898] [nas] [debug] Registration accept received
[2023-01-29 23:00:44.898] [nas] [info] UE switches to state [MM-REGISTERED/NORMAL-SERVICE]
[2023-01-29 23:00:44.898] [nas] [info] UE switches to state [5U1-UPDATED]
[2023-01-29 23:00:44.898] [nas] [debug] Sending Registration Complete
[2023-01-29 23:00:44.898] [nas] [info] Initial Registration is successful
[2023-01-29 23:00:44.898] [nas] [debug] Sending PDU Session Establishment Request
[2023-01-29 23:00:44.898] [nas] [debug] UAC access attempt is allowed for identity[0], category[MO_sig]
[2023-01-29 23:00:46.614] [nas] [debug] PDU Session Establishment Accept received
[2023-01-29 23:00:46.614] [nas] [info] PDU Session establishment is successful PSI[1]
[2023-01-29 23:00:46.640] [app] [info] Connection setup for PDU session[1] is successful, TUN interface[uesimtun0, 10.1.0.40] is up.
