UERANSIM v3.2.6
[2023-01-10 08:45:06.658] [nas] [info] UE switches to state [MM-DEREGISTERED/PLMN-SEARCH]
[2023-01-10 08:45:06.658] [rrc] [debug] New signal detected for cell[1], total [1] cells in coverage
[2023-01-10 08:45:06.663] [nas] [info] Selected plmn[208/93]
[2023-01-10 08:45:06.664] [rrc] [info] Selected cell plmn[208/93] tac[1] category[SUITABLE]
[2023-01-10 08:45:06.664] [nas] [info] UE switches to state [MM-DEREGISTERED/PS]
[2023-01-10 08:45:06.664] [nas] [info] UE switches to state [MM-DEREGISTERED/NORMAL-SERVICE]
[2023-01-10 08:45:06.664] [nas] [debug] Initial registration required due to [MM-DEREG-NORMAL-SERVICE]
[2023-01-10 08:45:06.665] [nas] [debug] UAC access attempt is allowed for identity[0], category[MO_sig]
[2023-01-10 08:45:06.665] [nas] [debug] Sending Initial Registration
[2023-01-10 08:45:06.665] [nas] [info] UE switches to state [MM-REGISTER-INITIATED]
[2023-01-10 08:45:06.665] [rrc] [debug] Sending RRC Setup Request
[2023-01-10 08:45:06.666] [rrc] [info] RRC connection established
[2023-01-10 08:45:06.666] [rrc] [info] UE switches to state [RRC-CONNECTED]
[2023-01-10 08:45:06.666] [nas] [info] UE switches to state [CM-CONNECTED]
[2023-01-10 08:45:06.684] [nas] [debug] Authentication Request received
[2023-01-10 08:45:06.685] [nas] [debug] Sending Authentication Failure due to SQN out of range
[2023-01-10 08:45:06.697] [nas] [debug] Authentication Request received
[2023-01-10 08:45:06.704] [nas] [debug] Security Mode Command received
[2023-01-10 08:45:06.704] [nas] [debug] Selected integrity[2] ciphering[0]
[2023-01-10 08:45:06.729] [nas] [debug] Registration accept received
[2023-01-10 08:45:06.729] [nas] [info] UE switches to state [MM-REGISTERED/NORMAL-SERVICE]
[2023-01-10 08:45:06.729] [nas] [debug] Sending Registration Complete
[2023-01-10 08:45:06.729] [nas] [info] Initial Registration is successful
[2023-01-10 08:45:06.729] [nas] [debug] Sending PDU Session Establishment Request
[2023-01-10 08:45:06.729] [nas] [debug] UAC access attempt is allowed for identity[0], category[MO_sig]
[2023-01-10 08:45:06.966] [nas] [debug] PDU Session Establishment Accept received
[2023-01-10 08:45:06.966] [nas] [info] PDU Session establishment is successful PSI[1]
[2023-01-10 08:45:06.996] [app] [info] Connection setup for PDU session[1] is successful, TUN interface[uesimtun66, 10.60.0.71] is up.
[2023-01-10 08:46:16.573] [nas] [debug] De-registration required due to [NORMAL]
[2023-01-10 08:46:16.586] [nas] [debug] Starting de-registration procedure due to [NORMAL]
[2023-01-10 08:46:16.586] [nas] [debug] Performing local release of PDU session[1]
[2023-01-10 08:46:16.586] [nas] [info] UE switches to state [MM-DEREGISTER-INITIATED]
[2023-01-10 08:46:16.748] [rrc] [debug] RRC Release received
[2023-01-10 08:46:16.748] [nas] [debug] De-registration accept received
[2023-01-10 08:46:16.748] [nas] [info] UE switches to state [MM-DEREGISTERED/PS]
[2023-01-10 08:46:16.748] [nas] [info] De-registration is successful
[2023-01-10 08:46:16.748] [nas] [info] UE switches to state [CM-IDLE]
[2023-01-10 08:46:16.748] [nas] [info] UE switches to state [MM-DEREGISTERED/NORMAL-SERVICE]
[2023-01-10 08:46:16.748] [nas] [debug] Initial registration required due to [MM-DEREG-NORMAL-SERVICE]
[2023-01-10 08:46:16.750] [nas] [debug] UAC access attempt is allowed for identity[0], category[MO_sig]
[2023-01-10 08:46:16.750] [nas] [debug] Sending Initial Registration
[2023-01-10 08:46:16.750] [rrc] [debug] Sending RRC Setup Request
[2023-01-10 08:46:16.750] [nas] [debug] Deleting NAS security context
[2023-01-10 08:46:16.750] [nas] [info] UE switches to state [MM-REGISTER-INITIATED]
[2023-01-10 08:46:16.754] [rrc] [info] RRC connection established
[2023-01-10 08:46:16.754] [rrc] [info] UE switches to state [RRC-CONNECTED]
[2023-01-10 08:46:16.754] [nas] [info] UE switches to state [CM-CONNECTED]
[2023-01-10 08:46:16.893] [nas] [debug] De-registration required due to [NORMAL]
[2023-01-10 08:46:16.902] [nas] [warning] De-registration could not be triggered. UE is already de-registered
[2023-01-10 08:46:18.369] [rrc] [debug] Signal lost for cell[1], total [0] cells in coverage
[2023-01-10 08:46:18.369] [nas] [error] Radio link failure detected
[2023-01-10 08:46:18.369] [nas] [info] UE switches to state [CM-IDLE]
[2023-01-10 08:46:18.369] [nas] [info] UE switches to state [MM-DEREGISTERED/PS]
[2023-01-10 08:46:18.369] [nas] [info] UE switches to state [5U2-NOT-UPDATED]
[2023-01-10 08:46:18.369] [nas] [info] UE switches to state [MM-DEREGISTERED/ATTEMPTING-REGISTRATION]
[2023-01-10 08:46:18.369] [nas] [info] UE switches to state [MM-DEREGISTERED/PS]
[2023-01-10 08:46:18.369] [nas] [info] UE switches to state [MM-DEREGISTERED/PLMN-SEARCH]
[2023-01-10 08:46:18.369] [nas] [error] PLMN selection failure, no cells in coverage
[2023-01-10 08:46:19.187] [rrc] [warning] Acceptable cell selection failed, no cell is in coverage
[2023-01-10 08:46:19.187] [rrc] [error] Cell selection failure, no suitable or acceptable cell found
[2023-01-10 08:46:20.430] [nas] [error] PLMN selection failure, no cells in coverage
[2023-01-10 08:46:22.632] [nas] [error] PLMN selection failure, no cells in coverage
[2023-01-10 08:46:23.733] [nas] [info] UE switches to state [MM-DEREGISTERED/NO-CELL-AVAILABLE]
[2023-01-10 08:46:49.199] [rrc] [warning] Acceptable cell selection failed, no cell is in coverage
[2023-01-10 08:46:49.199] [rrc] [error] Cell selection failure, no suitable or acceptable cell found
[2023-01-10 08:46:53.460] [nas] [error] PLMN selection failure, no cells in coverage
[2023-01-10 08:47:19.211] [rrc] [warning] Acceptable cell selection failed, no cell is in coverage
[2023-01-10 08:47:19.211] [rrc] [error] Cell selection failure, no suitable or acceptable cell found
[2023-01-10 08:47:24.288] [nas] [error] PLMN selection failure, no cells in coverage
[2023-01-10 08:47:49.223] [rrc] [warning] Acceptable cell selection failed, no cell is in coverage
[2023-01-10 08:47:49.223] [rrc] [error] Cell selection failure, no suitable or acceptable cell found
[2023-01-10 08:47:55.116] [nas] [error] PLMN selection failure, no cells in coverage
[2023-01-10 08:48:17.306] [nas] [debug] De-registration required due to [NORMAL]
[2023-01-10 08:48:19.235] [rrc] [warning] Acceptable cell selection failed, no cell is in coverage
[2023-01-10 08:48:19.235] [rrc] [error] Cell selection failure, no suitable or acceptable cell found
[2023-01-10 08:48:25.944] [nas] [error] PLMN selection failure, no cells in coverage
[2023-01-10 08:48:49.247] [rrc] [warning] Acceptable cell selection failed, no cell is in coverage
[2023-01-10 08:48:49.247] [rrc] [error] Cell selection failure, no suitable or acceptable cell found
[2023-01-10 08:48:56.772] [nas] [error] PLMN selection failure, no cells in coverage
[2023-01-10 08:49:19.259] [rrc] [warning] Acceptable cell selection failed, no cell is in coverage
[2023-01-10 08:49:19.259] [rrc] [error] Cell selection failure, no suitable or acceptable cell found
[2023-01-10 08:49:27.600] [nas] [error] PLMN selection failure, no cells in coverage
[2023-01-10 08:49:49.271] [rrc] [warning] Acceptable cell selection failed, no cell is in coverage
[2023-01-10 08:49:49.271] [rrc] [error] Cell selection failure, no suitable or acceptable cell found
[2023-01-10 08:49:58.428] [nas] [error] PLMN selection failure, no cells in coverage
[2023-01-10 08:50:19.283] [rrc] [warning] Acceptable cell selection failed, no cell is in coverage
[2023-01-10 08:50:19.283] [rrc] [error] Cell selection failure, no suitable or acceptable cell found
[2023-01-10 08:50:29.256] [nas] [error] PLMN selection failure, no cells in coverage
[2023-01-10 08:50:49.295] [rrc] [warning] Acceptable cell selection failed, no cell is in coverage
[2023-01-10 08:50:49.295] [rrc] [error] Cell selection failure, no suitable or acceptable cell found
[2023-01-10 08:51:00.084] [nas] [error] PLMN selection failure, no cells in coverage
[2023-01-10 08:51:19.307] [rrc] [warning] Acceptable cell selection failed, no cell is in coverage
[2023-01-10 08:51:19.307] [rrc] [error] Cell selection failure, no suitable or acceptable cell found
[2023-01-10 08:51:30.912] [nas] [error] PLMN selection failure, no cells in coverage
[2023-01-10 08:51:49.319] [rrc] [warning] Acceptable cell selection failed, no cell is in coverage
[2023-01-10 08:51:49.319] [rrc] [error] Cell selection failure, no suitable or acceptable cell found
[2023-01-10 08:52:01.740] [nas] [error] PLMN selection failure, no cells in coverage
[2023-01-10 08:52:19.331] [rrc] [warning] Acceptable cell selection failed, no cell is in coverage
[2023-01-10 08:52:19.331] [rrc] [error] Cell selection failure, no suitable or acceptable cell found
[2023-01-10 08:52:32.569] [nas] [error] PLMN selection failure, no cells in coverage
[2023-01-10 08:52:49.344] [rrc] [warning] Acceptable cell selection failed, no cell is in coverage
[2023-01-10 08:52:49.344] [rrc] [error] Cell selection failure, no suitable or acceptable cell found
[2023-01-10 08:53:03.397] [nas] [error] PLMN selection failure, no cells in coverage
[2023-01-10 08:53:19.356] [rrc] [warning] Acceptable cell selection failed, no cell is in coverage
[2023-01-10 08:53:19.356] [rrc] [error] Cell selection failure, no suitable or acceptable cell found
[2023-01-10 08:53:34.225] [nas] [error] PLMN selection failure, no cells in coverage
[2023-01-10 08:53:49.368] [rrc] [warning] Acceptable cell selection failed, no cell is in coverage
[2023-01-10 08:53:49.368] [rrc] [error] Cell selection failure, no suitable or acceptable cell found
[2023-01-10 08:54:05.054] [nas] [error] PLMN selection failure, no cells in coverage
[2023-01-10 08:54:19.380] [rrc] [warning] Acceptable cell selection failed, no cell is in coverage
[2023-01-10 08:54:19.380] [rrc] [error] Cell selection failure, no suitable or acceptable cell found
[2023-01-10 08:54:35.882] [nas] [error] PLMN selection failure, no cells in coverage
[2023-01-10 08:54:49.392] [rrc] [warning] Acceptable cell selection failed, no cell is in coverage
[2023-01-10 08:54:49.392] [rrc] [error] Cell selection failure, no suitable or acceptable cell found
[2023-01-10 08:55:06.710] [nas] [error] PLMN selection failure, no cells in coverage
[2023-01-10 08:55:19.404] [rrc] [warning] Acceptable cell selection failed, no cell is in coverage
[2023-01-10 08:55:19.404] [rrc] [error] Cell selection failure, no suitable or acceptable cell found
[2023-01-10 08:55:37.538] [nas] [error] PLMN selection failure, no cells in coverage
[2023-01-10 08:55:49.416] [rrc] [warning] Acceptable cell selection failed, no cell is in coverage
[2023-01-10 08:55:49.416] [rrc] [error] Cell selection failure, no suitable or acceptable cell found
[2023-01-10 08:56:08.366] [nas] [error] PLMN selection failure, no cells in coverage
[2023-01-10 08:56:19.428] [rrc] [warning] Acceptable cell selection failed, no cell is in coverage
[2023-01-10 08:56:19.428] [rrc] [error] Cell selection failure, no suitable or acceptable cell found
[2023-01-10 08:56:39.194] [nas] [error] PLMN selection failure, no cells in coverage
[2023-01-10 08:56:49.440] [rrc] [warning] Acceptable cell selection failed, no cell is in coverage
[2023-01-10 08:56:49.440] [rrc] [error] Cell selection failure, no suitable or acceptable cell found
[2023-01-10 08:57:10.022] [nas] [error] PLMN selection failure, no cells in coverage
[2023-01-10 08:57:19.452] [rrc] [warning] Acceptable cell selection failed, no cell is in coverage
[2023-01-10 08:57:19.452] [rrc] [error] Cell selection failure, no suitable or acceptable cell found
[2023-01-10 08:57:40.851] [nas] [error] PLMN selection failure, no cells in coverage
[2023-01-10 08:57:49.464] [rrc] [warning] Acceptable cell selection failed, no cell is in coverage
[2023-01-10 08:57:49.464] [rrc] [error] Cell selection failure, no suitable or acceptable cell found
[2023-01-10 08:58:11.680] [nas] [error] PLMN selection failure, no cells in coverage
[2023-01-10 08:58:19.476] [rrc] [warning] Acceptable cell selection failed, no cell is in coverage
[2023-01-10 08:58:19.476] [rrc] [error] Cell selection failure, no suitable or acceptable cell found
[2023-01-10 08:58:42.509] [nas] [error] PLMN selection failure, no cells in coverage
[2023-01-10 08:58:49.488] [rrc] [warning] Acceptable cell selection failed, no cell is in coverage
[2023-01-10 08:58:49.488] [rrc] [error] Cell selection failure, no suitable or acceptable cell found
[2023-01-10 08:59:13.337] [nas] [error] PLMN selection failure, no cells in coverage
[2023-01-10 08:59:19.500] [rrc] [warning] Acceptable cell selection failed, no cell is in coverage
[2023-01-10 08:59:19.500] [rrc] [error] Cell selection failure, no suitable or acceptable cell found
[2023-01-10 08:59:44.165] [nas] [error] PLMN selection failure, no cells in coverage
[2023-01-10 08:59:49.512] [rrc] [warning] Acceptable cell selection failed, no cell is in coverage
[2023-01-10 08:59:49.512] [rrc] [error] Cell selection failure, no suitable or acceptable cell found
[2023-01-10 09:00:14.993] [nas] [error] PLMN selection failure, no cells in coverage
[2023-01-10 09:00:19.524] [rrc] [warning] Acceptable cell selection failed, no cell is in coverage
[2023-01-10 09:00:19.524] [rrc] [error] Cell selection failure, no suitable or acceptable cell found
[2023-01-10 09:00:45.821] [nas] [error] PLMN selection failure, no cells in coverage
[2023-01-10 09:00:49.536] [rrc] [warning] Acceptable cell selection failed, no cell is in coverage
[2023-01-10 09:00:49.536] [rrc] [error] Cell selection failure, no suitable or acceptable cell found
[2023-01-10 09:01:16.649] [nas] [error] PLMN selection failure, no cells in coverage
[2023-01-10 09:01:19.548] [rrc] [warning] Acceptable cell selection failed, no cell is in coverage
[2023-01-10 09:01:19.548] [rrc] [error] Cell selection failure, no suitable or acceptable cell found
[2023-01-10 09:01:47.478] [nas] [error] PLMN selection failure, no cells in coverage
[2023-01-10 09:01:49.560] [rrc] [warning] Acceptable cell selection failed, no cell is in coverage
[2023-01-10 09:01:49.560] [rrc] [error] Cell selection failure, no suitable or acceptable cell found
[2023-01-10 09:02:18.306] [nas] [error] PLMN selection failure, no cells in coverage
[2023-01-10 09:02:19.572] [rrc] [warning] Acceptable cell selection failed, no cell is in coverage
[2023-01-10 09:02:19.572] [rrc] [error] Cell selection failure, no suitable or acceptable cell found
[2023-01-10 09:02:49.134] [nas] [error] PLMN selection failure, no cells in coverage
[2023-01-10 09:02:49.584] [rrc] [warning] Acceptable cell selection failed, no cell is in coverage
[2023-01-10 09:02:49.584] [rrc] [error] Cell selection failure, no suitable or acceptable cell found
[2023-01-10 09:03:19.596] [rrc] [warning] Acceptable cell selection failed, no cell is in coverage
[2023-01-10 09:03:19.596] [rrc] [error] Cell selection failure, no suitable or acceptable cell found
[2023-01-10 09:03:19.962] [nas] [error] PLMN selection failure, no cells in coverage
[2023-01-10 09:03:49.608] [rrc] [warning] Acceptable cell selection failed, no cell is in coverage
[2023-01-10 09:03:49.608] [rrc] [error] Cell selection failure, no suitable or acceptable cell found
[2023-01-10 09:03:50.790] [nas] [error] PLMN selection failure, no cells in coverage
[2023-01-10 09:04:19.621] [rrc] [warning] Acceptable cell selection failed, no cell is in coverage
[2023-01-10 09:04:19.621] [rrc] [error] Cell selection failure, no suitable or acceptable cell found
[2023-01-10 09:04:21.618] [nas] [error] PLMN selection failure, no cells in coverage
[2023-01-10 09:04:49.633] [rrc] [warning] Acceptable cell selection failed, no cell is in coverage
[2023-01-10 09:04:49.633] [rrc] [error] Cell selection failure, no suitable or acceptable cell found
[2023-01-10 09:04:52.446] [nas] [error] PLMN selection failure, no cells in coverage
[2023-01-10 09:05:19.645] [rrc] [warning] Acceptable cell selection failed, no cell is in coverage
[2023-01-10 09:05:19.645] [rrc] [error] Cell selection failure, no suitable or acceptable cell found
[2023-01-10 09:05:23.274] [nas] [error] PLMN selection failure, no cells in coverage
[2023-01-10 09:05:49.657] [rrc] [warning] Acceptable cell selection failed, no cell is in coverage
[2023-01-10 09:05:49.657] [rrc] [error] Cell selection failure, no suitable or acceptable cell found
[2023-01-10 09:05:54.102] [nas] [error] PLMN selection failure, no cells in coverage
[2023-01-10 09:06:19.669] [rrc] [warning] Acceptable cell selection failed, no cell is in coverage
[2023-01-10 09:06:19.669] [rrc] [error] Cell selection failure, no suitable or acceptable cell found
[2023-01-10 09:06:24.930] [nas] [error] PLMN selection failure, no cells in coverage
[2023-01-10 09:06:49.682] [rrc] [warning] Acceptable cell selection failed, no cell is in coverage
[2023-01-10 09:06:49.682] [rrc] [error] Cell selection failure, no suitable or acceptable cell found
