UERANSIM v3.2.6
[2023-01-10 08:44:40.630] [nas] [info] UE switches to state [MM-DEREGISTERED/PLMN-SEARCH]
[2023-01-10 08:44:40.630] [rrc] [debug] New signal detected for cell[1], total [1] cells in coverage
[2023-01-10 08:44:40.636] [nas] [info] Selected plmn[208/93]
[2023-01-10 08:44:40.636] [rrc] [info] Selected cell plmn[208/93] tac[1] category[SUITABLE]
[2023-01-10 08:44:40.637] [nas] [info] UE switches to state [MM-DEREGISTERED/PS]
[2023-01-10 08:44:40.637] [nas] [info] UE switches to state [MM-DEREGISTERED/NORMAL-SERVICE]
[2023-01-10 08:44:40.637] [nas] [debug] Initial registration required due to [MM-DEREG-NORMAL-SERVICE]
[2023-01-10 08:44:40.637] [nas] [debug] UAC access attempt is allowed for identity[0], category[MO_sig]
[2023-01-10 08:44:40.637] [nas] [debug] Sending Initial Registration
[2023-01-10 08:44:40.637] [nas] [info] UE switches to state [MM-REGISTER-INITIATED]
[2023-01-10 08:44:40.637] [rrc] [debug] Sending RRC Setup Request
[2023-01-10 08:44:40.638] [rrc] [info] RRC connection established
[2023-01-10 08:44:40.638] [rrc] [info] UE switches to state [RRC-CONNECTED]
[2023-01-10 08:44:40.638] [nas] [info] UE switches to state [CM-CONNECTED]
[2023-01-10 08:44:40.654] [nas] [debug] Authentication Request received
[2023-01-10 08:44:40.654] [nas] [debug] Sending Authentication Failure due to SQN out of range
[2023-01-10 08:44:40.667] [nas] [debug] Authentication Request received
[2023-01-10 08:44:40.673] [nas] [debug] Security Mode Command received
[2023-01-10 08:44:40.673] [nas] [debug] Selected integrity[2] ciphering[0]
[2023-01-10 08:44:40.702] [nas] [debug] Registration accept received
[2023-01-10 08:44:40.702] [nas] [info] UE switches to state [MM-REGISTERED/NORMAL-SERVICE]
[2023-01-10 08:44:40.702] [nas] [debug] Sending Registration Complete
[2023-01-10 08:44:40.702] [nas] [info] Initial Registration is successful
[2023-01-10 08:44:40.702] [nas] [debug] Sending PDU Session Establishment Request
[2023-01-10 08:44:40.702] [nas] [debug] UAC access attempt is allowed for identity[0], category[MO_sig]
[2023-01-10 08:44:40.940] [nas] [debug] PDU Session Establishment Accept received
[2023-01-10 08:44:40.940] [nas] [info] PDU Session establishment is successful PSI[1]
[2023-01-10 08:44:40.962] [app] [info] Connection setup for PDU session[1] is successful, TUN interface[uesimtun53, 10.60.0.58] is up.
[2023-01-10 08:46:18.166] [nas] [debug] De-registration required due to [NORMAL]
[2023-01-10 08:46:18.176] [nas] [debug] Starting de-registration procedure due to [NORMAL]
[2023-01-10 08:46:18.176] [nas] [debug] Performing local release of PDU session[1]
[2023-01-10 08:46:18.176] [nas] [info] UE switches to state [MM-DEREGISTER-INITIATED]
[2023-01-10 08:46:18.392] [nas] [debug] De-registration required due to [NORMAL]
[2023-01-10 08:46:18.515] [rrc] [debug] Signal lost for cell[1], total [0] cells in coverage
[2023-01-10 08:46:18.515] [nas] [error] Radio link failure detected
[2023-01-10 08:46:18.515] [nas] [info] UE switches to state [CM-IDLE]
[2023-01-10 08:46:18.515] [nas] [info] UE switches to state [MM-DEREGISTERED/PS]
[2023-01-10 08:46:18.515] [nas] [info] UE switches to state [MM-DEREGISTERED/PLMN-SEARCH]
[2023-01-10 08:46:18.516] [nas] [error] PLMN selection failure, no cells in coverage
[2023-01-10 08:46:20.679] [rrc] [warning] Acceptable cell selection failed, no cell is in coverage
[2023-01-10 08:46:20.679] [rrc] [error] Cell selection failure, no suitable or acceptable cell found
[2023-01-10 08:46:20.823] [nas] [error] PLMN selection failure, no cells in coverage
[2023-01-10 08:46:23.025] [nas] [error] PLMN selection failure, no cells in coverage
[2023-01-10 08:46:24.126] [nas] [info] UE switches to state [MM-DEREGISTERED/NO-CELL-AVAILABLE]
[2023-01-10 08:46:50.691] [rrc] [warning] Acceptable cell selection failed, no cell is in coverage
[2023-01-10 08:46:50.691] [rrc] [error] Cell selection failure, no suitable or acceptable cell found
[2023-01-10 08:46:53.853] [nas] [error] PLMN selection failure, no cells in coverage
[2023-01-10 08:47:20.703] [rrc] [warning] Acceptable cell selection failed, no cell is in coverage
[2023-01-10 08:47:20.703] [rrc] [error] Cell selection failure, no suitable or acceptable cell found
[2023-01-10 08:47:24.682] [nas] [error] PLMN selection failure, no cells in coverage
[2023-01-10 08:47:50.715] [rrc] [warning] Acceptable cell selection failed, no cell is in coverage
[2023-01-10 08:47:50.715] [rrc] [error] Cell selection failure, no suitable or acceptable cell found
[2023-01-10 08:47:55.510] [nas] [error] PLMN selection failure, no cells in coverage
[2023-01-10 08:48:18.667] [nas] [debug] De-registration required due to [NORMAL]
[2023-01-10 08:48:20.727] [rrc] [warning] Acceptable cell selection failed, no cell is in coverage
[2023-01-10 08:48:20.727] [rrc] [error] Cell selection failure, no suitable or acceptable cell found
[2023-01-10 08:48:26.338] [nas] [error] PLMN selection failure, no cells in coverage
[2023-01-10 08:48:50.739] [rrc] [warning] Acceptable cell selection failed, no cell is in coverage
[2023-01-10 08:48:50.739] [rrc] [error] Cell selection failure, no suitable or acceptable cell found
[2023-01-10 08:48:57.166] [nas] [error] PLMN selection failure, no cells in coverage
[2023-01-10 08:49:20.751] [rrc] [warning] Acceptable cell selection failed, no cell is in coverage
[2023-01-10 08:49:20.751] [rrc] [error] Cell selection failure, no suitable or acceptable cell found
[2023-01-10 08:49:27.994] [nas] [error] PLMN selection failure, no cells in coverage
[2023-01-10 08:49:50.763] [rrc] [warning] Acceptable cell selection failed, no cell is in coverage
[2023-01-10 08:49:50.763] [rrc] [error] Cell selection failure, no suitable or acceptable cell found
[2023-01-10 08:49:58.823] [nas] [error] PLMN selection failure, no cells in coverage
[2023-01-10 08:50:20.775] [rrc] [warning] Acceptable cell selection failed, no cell is in coverage
[2023-01-10 08:50:20.775] [rrc] [error] Cell selection failure, no suitable or acceptable cell found
[2023-01-10 08:50:29.652] [nas] [error] PLMN selection failure, no cells in coverage
[2023-01-10 08:50:50.787] [rrc] [warning] Acceptable cell selection failed, no cell is in coverage
[2023-01-10 08:50:50.787] [rrc] [error] Cell selection failure, no suitable or acceptable cell found
[2023-01-10 08:51:00.480] [nas] [error] PLMN selection failure, no cells in coverage
[2023-01-10 08:51:20.799] [rrc] [warning] Acceptable cell selection failed, no cell is in coverage
[2023-01-10 08:51:20.799] [rrc] [error] Cell selection failure, no suitable or acceptable cell found
[2023-01-10 08:51:31.310] [nas] [error] PLMN selection failure, no cells in coverage
[2023-01-10 08:51:50.812] [rrc] [warning] Acceptable cell selection failed, no cell is in coverage
[2023-01-10 08:51:50.812] [rrc] [error] Cell selection failure, no suitable or acceptable cell found
[2023-01-10 08:52:02.138] [nas] [error] PLMN selection failure, no cells in coverage
[2023-01-10 08:52:20.825] [rrc] [warning] Acceptable cell selection failed, no cell is in coverage
[2023-01-10 08:52:20.825] [rrc] [error] Cell selection failure, no suitable or acceptable cell found
[2023-01-10 08:52:32.966] [nas] [error] PLMN selection failure, no cells in coverage
[2023-01-10 08:52:50.838] [rrc] [warning] Acceptable cell selection failed, no cell is in coverage
[2023-01-10 08:52:50.838] [rrc] [error] Cell selection failure, no suitable or acceptable cell found
[2023-01-10 08:53:03.794] [nas] [error] PLMN selection failure, no cells in coverage
[2023-01-10 08:53:20.850] [rrc] [warning] Acceptable cell selection failed, no cell is in coverage
[2023-01-10 08:53:20.850] [rrc] [error] Cell selection failure, no suitable or acceptable cell found
[2023-01-10 08:53:34.622] [nas] [error] PLMN selection failure, no cells in coverage
[2023-01-10 08:53:50.862] [rrc] [warning] Acceptable cell selection failed, no cell is in coverage
[2023-01-10 08:53:50.862] [rrc] [error] Cell selection failure, no suitable or acceptable cell found
[2023-01-10 08:54:05.450] [nas] [error] PLMN selection failure, no cells in coverage
[2023-01-10 08:54:20.874] [rrc] [warning] Acceptable cell selection failed, no cell is in coverage
[2023-01-10 08:54:20.874] [rrc] [error] Cell selection failure, no suitable or acceptable cell found
[2023-01-10 08:54:36.278] [nas] [error] PLMN selection failure, no cells in coverage
[2023-01-10 08:54:50.886] [rrc] [warning] Acceptable cell selection failed, no cell is in coverage
[2023-01-10 08:54:50.886] [rrc] [error] Cell selection failure, no suitable or acceptable cell found
[2023-01-10 08:55:07.107] [nas] [error] PLMN selection failure, no cells in coverage
[2023-01-10 08:55:20.898] [rrc] [warning] Acceptable cell selection failed, no cell is in coverage
[2023-01-10 08:55:20.898] [rrc] [error] Cell selection failure, no suitable or acceptable cell found
[2023-01-10 08:55:37.935] [nas] [error] PLMN selection failure, no cells in coverage
[2023-01-10 08:55:50.910] [rrc] [warning] Acceptable cell selection failed, no cell is in coverage
[2023-01-10 08:55:50.910] [rrc] [error] Cell selection failure, no suitable or acceptable cell found
[2023-01-10 08:56:08.763] [nas] [error] PLMN selection failure, no cells in coverage
[2023-01-10 08:56:20.922] [rrc] [warning] Acceptable cell selection failed, no cell is in coverage
[2023-01-10 08:56:20.922] [rrc] [error] Cell selection failure, no suitable or acceptable cell found
[2023-01-10 08:56:39.591] [nas] [error] PLMN selection failure, no cells in coverage
[2023-01-10 08:56:50.934] [rrc] [warning] Acceptable cell selection failed, no cell is in coverage
[2023-01-10 08:56:50.934] [rrc] [error] Cell selection failure, no suitable or acceptable cell found
[2023-01-10 08:57:10.419] [nas] [error] PLMN selection failure, no cells in coverage
[2023-01-10 08:57:20.946] [rrc] [warning] Acceptable cell selection failed, no cell is in coverage
[2023-01-10 08:57:20.946] [rrc] [error] Cell selection failure, no suitable or acceptable cell found
[2023-01-10 08:57:41.247] [nas] [error] PLMN selection failure, no cells in coverage
[2023-01-10 08:57:50.959] [rrc] [warning] Acceptable cell selection failed, no cell is in coverage
[2023-01-10 08:57:50.959] [rrc] [error] Cell selection failure, no suitable or acceptable cell found
[2023-01-10 08:58:12.075] [nas] [error] PLMN selection failure, no cells in coverage
[2023-01-10 08:58:20.971] [rrc] [warning] Acceptable cell selection failed, no cell is in coverage
[2023-01-10 08:58:20.971] [rrc] [error] Cell selection failure, no suitable or acceptable cell found
[2023-01-10 08:58:42.904] [nas] [error] PLMN selection failure, no cells in coverage
[2023-01-10 08:58:50.983] [rrc] [warning] Acceptable cell selection failed, no cell is in coverage
[2023-01-10 08:58:50.983] [rrc] [error] Cell selection failure, no suitable or acceptable cell found
[2023-01-10 08:59:13.732] [nas] [error] PLMN selection failure, no cells in coverage
[2023-01-10 08:59:20.995] [rrc] [warning] Acceptable cell selection failed, no cell is in coverage
[2023-01-10 08:59:20.995] [rrc] [error] Cell selection failure, no suitable or acceptable cell found
[2023-01-10 08:59:44.560] [nas] [error] PLMN selection failure, no cells in coverage
[2023-01-10 08:59:51.007] [rrc] [warning] Acceptable cell selection failed, no cell is in coverage
[2023-01-10 08:59:51.007] [rrc] [error] Cell selection failure, no suitable or acceptable cell found
[2023-01-10 09:00:15.388] [nas] [error] PLMN selection failure, no cells in coverage
[2023-01-10 09:00:21.019] [rrc] [warning] Acceptable cell selection failed, no cell is in coverage
[2023-01-10 09:00:21.019] [rrc] [error] Cell selection failure, no suitable or acceptable cell found
[2023-01-10 09:00:46.216] [nas] [error] PLMN selection failure, no cells in coverage
[2023-01-10 09:00:51.031] [rrc] [warning] Acceptable cell selection failed, no cell is in coverage
[2023-01-10 09:00:51.031] [rrc] [error] Cell selection failure, no suitable or acceptable cell found
[2023-01-10 09:01:17.044] [nas] [error] PLMN selection failure, no cells in coverage
[2023-01-10 09:01:21.043] [rrc] [warning] Acceptable cell selection failed, no cell is in coverage
[2023-01-10 09:01:21.043] [rrc] [error] Cell selection failure, no suitable or acceptable cell found
[2023-01-10 09:01:47.873] [nas] [error] PLMN selection failure, no cells in coverage
[2023-01-10 09:01:51.055] [rrc] [warning] Acceptable cell selection failed, no cell is in coverage
[2023-01-10 09:01:51.055] [rrc] [error] Cell selection failure, no suitable or acceptable cell found
[2023-01-10 09:02:18.701] [nas] [error] PLMN selection failure, no cells in coverage
[2023-01-10 09:02:21.067] [rrc] [warning] Acceptable cell selection failed, no cell is in coverage
[2023-01-10 09:02:21.067] [rrc] [error] Cell selection failure, no suitable or acceptable cell found
[2023-01-10 09:02:49.529] [nas] [error] PLMN selection failure, no cells in coverage
[2023-01-10 09:02:51.079] [rrc] [warning] Acceptable cell selection failed, no cell is in coverage
[2023-01-10 09:02:51.079] [rrc] [error] Cell selection failure, no suitable or acceptable cell found
[2023-01-10 09:03:20.359] [nas] [error] PLMN selection failure, no cells in coverage
[2023-01-10 09:03:21.092] [rrc] [warning] Acceptable cell selection failed, no cell is in coverage
[2023-01-10 09:03:21.092] [rrc] [error] Cell selection failure, no suitable or acceptable cell found
[2023-01-10 09:03:51.104] [rrc] [warning] Acceptable cell selection failed, no cell is in coverage
[2023-01-10 09:03:51.104] [rrc] [error] Cell selection failure, no suitable or acceptable cell found
[2023-01-10 09:03:51.187] [nas] [error] PLMN selection failure, no cells in coverage
[2023-01-10 09:04:21.116] [rrc] [warning] Acceptable cell selection failed, no cell is in coverage
[2023-01-10 09:04:21.116] [rrc] [error] Cell selection failure, no suitable or acceptable cell found
[2023-01-10 09:04:22.015] [nas] [error] PLMN selection failure, no cells in coverage
[2023-01-10 09:04:51.128] [rrc] [warning] Acceptable cell selection failed, no cell is in coverage
[2023-01-10 09:04:51.128] [rrc] [error] Cell selection failure, no suitable or acceptable cell found
[2023-01-10 09:04:52.843] [nas] [error] PLMN selection failure, no cells in coverage
[2023-01-10 09:05:21.140] [rrc] [warning] Acceptable cell selection failed, no cell is in coverage
[2023-01-10 09:05:21.140] [rrc] [error] Cell selection failure, no suitable or acceptable cell found
[2023-01-10 09:05:23.671] [nas] [error] PLMN selection failure, no cells in coverage
[2023-01-10 09:05:51.152] [rrc] [warning] Acceptable cell selection failed, no cell is in coverage
[2023-01-10 09:05:51.152] [rrc] [error] Cell selection failure, no suitable or acceptable cell found
[2023-01-10 09:05:54.499] [nas] [error] PLMN selection failure, no cells in coverage
[2023-01-10 09:06:21.164] [rrc] [warning] Acceptable cell selection failed, no cell is in coverage
[2023-01-10 09:06:21.164] [rrc] [error] Cell selection failure, no suitable or acceptable cell found
[2023-01-10 09:06:25.327] [nas] [error] PLMN selection failure, no cells in coverage
[2023-01-10 09:06:51.176] [rrc] [warning] Acceptable cell selection failed, no cell is in coverage
[2023-01-10 09:06:51.176] [rrc] [error] Cell selection failure, no suitable or acceptable cell found
