UERANSIM v3.2.6
[2023-01-10 08:44:08.598] [nas] [info] UE switches to state [MM-DEREGISTERED/PLMN-SEARCH]
[2023-01-10 08:44:08.601] [rrc] [debug] New signal detected for cell[1], total [1] cells in coverage
[2023-01-10 08:44:08.601] [nas] [info] Selected plmn[208/93]
[2023-01-10 08:44:11.099] [rrc] [info] Selected cell plmn[208/93] tac[1] category[SUITABLE]
[2023-01-10 08:44:11.099] [nas] [info] UE switches to state [MM-DEREGISTERED/PS]
[2023-01-10 08:44:11.099] [nas] [info] UE switches to state [MM-DEREGISTERED/NORMAL-SERVICE]
[2023-01-10 08:44:11.099] [nas] [debug] Initial registration required due to [MM-DEREG-NORMAL-SERVICE]
[2023-01-10 08:44:11.100] [nas] [debug] UAC access attempt is allowed for identity[0], category[MO_sig]
[2023-01-10 08:44:11.100] [nas] [debug] Sending Initial Registration
[2023-01-10 08:44:11.100] [nas] [info] UE switches to state [MM-REGISTER-INITIATED]
[2023-01-10 08:44:11.100] [rrc] [debug] Sending RRC Setup Request
[2023-01-10 08:44:11.101] [rrc] [info] RRC connection established
[2023-01-10 08:44:11.101] [rrc] [info] UE switches to state [RRC-CONNECTED]
[2023-01-10 08:44:11.101] [nas] [info] UE switches to state [CM-CONNECTED]
[2023-01-10 08:44:11.133] [nas] [debug] Authentication Request received
[2023-01-10 08:44:11.133] [nas] [debug] Sending Authentication Failure due to SQN out of range
[2023-01-10 08:44:11.147] [nas] [debug] Authentication Request received
[2023-01-10 08:44:11.156] [nas] [debug] Security Mode Command received
[2023-01-10 08:44:11.157] [nas] [debug] Selected integrity[2] ciphering[0]
[2023-01-10 08:44:11.184] [nas] [debug] Registration accept received
[2023-01-10 08:44:11.184] [nas] [info] UE switches to state [MM-REGISTERED/NORMAL-SERVICE]
[2023-01-10 08:44:11.184] [nas] [debug] Sending Registration Complete
[2023-01-10 08:44:11.184] [nas] [info] Initial Registration is successful
[2023-01-10 08:44:11.184] [nas] [debug] Sending PDU Session Establishment Request
[2023-01-10 08:44:11.186] [nas] [debug] UAC access attempt is allowed for identity[0], category[MO_sig]
[2023-01-10 08:44:11.420] [nas] [debug] PDU Session Establishment Accept received
[2023-01-10 08:44:11.420] [nas] [info] PDU Session establishment is successful PSI[1]
[2023-01-10 08:44:11.437] [app] [info] Connection setup for PDU session[1] is successful, TUN interface[uesimtun38, 10.60.0.43] is up.
[2023-01-10 08:46:17.282] [nas] [debug] De-registration required due to [NORMAL]
[2023-01-10 08:46:17.291] [nas] [debug] Starting de-registration procedure due to [NORMAL]
[2023-01-10 08:46:17.291] [nas] [debug] Performing local release of PDU session[1]
[2023-01-10 08:46:17.291] [nas] [info] UE switches to state [MM-DEREGISTER-INITIATED]
[2023-01-10 08:46:17.505] [nas] [debug] De-registration required due to [NORMAL]
[2023-01-10 08:46:18.118] [rrc] [debug] Signal lost for cell[1], total [0] cells in coverage
[2023-01-10 08:46:18.118] [nas] [error] Radio link failure detected
[2023-01-10 08:46:18.118] [nas] [info] UE switches to state [CM-IDLE]
[2023-01-10 08:46:18.118] [nas] [info] UE switches to state [MM-DEREGISTERED/PS]
[2023-01-10 08:46:18.118] [nas] [info] UE switches to state [MM-DEREGISTERED/PLMN-SEARCH]
[2023-01-10 08:46:18.119] [nas] [error] PLMN selection failure, no cells in coverage
[2023-01-10 08:46:18.650] [rrc] [warning] Acceptable cell selection failed, no cell is in coverage
[2023-01-10 08:46:18.650] [rrc] [error] Cell selection failure, no suitable or acceptable cell found
[2023-01-10 08:46:20.722] [nas] [error] PLMN selection failure, no cells in coverage
[2023-01-10 08:46:22.924] [nas] [error] PLMN selection failure, no cells in coverage
[2023-01-10 08:46:24.025] [nas] [info] UE switches to state [MM-DEREGISTERED/NO-CELL-AVAILABLE]
[2023-01-10 08:46:48.662] [rrc] [warning] Acceptable cell selection failed, no cell is in coverage
[2023-01-10 08:46:48.662] [rrc] [error] Cell selection failure, no suitable or acceptable cell found
[2023-01-10 08:46:53.753] [nas] [error] PLMN selection failure, no cells in coverage
[2023-01-10 08:47:18.674] [rrc] [warning] Acceptable cell selection failed, no cell is in coverage
[2023-01-10 08:47:18.674] [rrc] [error] Cell selection failure, no suitable or acceptable cell found
[2023-01-10 08:47:24.581] [nas] [error] PLMN selection failure, no cells in coverage
[2023-01-10 08:47:48.686] [rrc] [warning] Acceptable cell selection failed, no cell is in coverage
[2023-01-10 08:47:48.686] [rrc] [error] Cell selection failure, no suitable or acceptable cell found
[2023-01-10 08:47:55.411] [nas] [error] PLMN selection failure, no cells in coverage
[2023-01-10 08:48:17.820] [nas] [debug] De-registration required due to [NORMAL]
[2023-01-10 08:48:18.698] [rrc] [warning] Acceptable cell selection failed, no cell is in coverage
[2023-01-10 08:48:18.698] [rrc] [error] Cell selection failure, no suitable or acceptable cell found
[2023-01-10 08:48:26.239] [nas] [error] PLMN selection failure, no cells in coverage
[2023-01-10 08:48:48.710] [rrc] [warning] Acceptable cell selection failed, no cell is in coverage
[2023-01-10 08:48:48.710] [rrc] [error] Cell selection failure, no suitable or acceptable cell found
[2023-01-10 08:48:57.067] [nas] [error] PLMN selection failure, no cells in coverage
[2023-01-10 08:49:18.724] [rrc] [warning] Acceptable cell selection failed, no cell is in coverage
[2023-01-10 08:49:18.724] [rrc] [error] Cell selection failure, no suitable or acceptable cell found
[2023-01-10 08:49:27.895] [nas] [error] PLMN selection failure, no cells in coverage
[2023-01-10 08:49:48.736] [rrc] [warning] Acceptable cell selection failed, no cell is in coverage
[2023-01-10 08:49:48.736] [rrc] [error] Cell selection failure, no suitable or acceptable cell found
[2023-01-10 08:49:58.724] [nas] [error] PLMN selection failure, no cells in coverage
[2023-01-10 08:50:18.748] [rrc] [warning] Acceptable cell selection failed, no cell is in coverage
[2023-01-10 08:50:18.748] [rrc] [error] Cell selection failure, no suitable or acceptable cell found
[2023-01-10 08:50:29.552] [nas] [error] PLMN selection failure, no cells in coverage
[2023-01-10 08:50:48.760] [rrc] [warning] Acceptable cell selection failed, no cell is in coverage
[2023-01-10 08:50:48.760] [rrc] [error] Cell selection failure, no suitable or acceptable cell found
[2023-01-10 08:51:00.380] [nas] [error] PLMN selection failure, no cells in coverage
[2023-01-10 08:51:18.772] [rrc] [warning] Acceptable cell selection failed, no cell is in coverage
[2023-01-10 08:51:18.772] [rrc] [error] Cell selection failure, no suitable or acceptable cell found
[2023-01-10 08:51:31.208] [nas] [error] PLMN selection failure, no cells in coverage
[2023-01-10 08:51:48.784] [rrc] [warning] Acceptable cell selection failed, no cell is in coverage
[2023-01-10 08:51:48.784] [rrc] [error] Cell selection failure, no suitable or acceptable cell found
[2023-01-10 08:52:02.037] [nas] [error] PLMN selection failure, no cells in coverage
[2023-01-10 08:52:18.796] [rrc] [warning] Acceptable cell selection failed, no cell is in coverage
[2023-01-10 08:52:18.796] [rrc] [error] Cell selection failure, no suitable or acceptable cell found
[2023-01-10 08:52:32.865] [nas] [error] PLMN selection failure, no cells in coverage
[2023-01-10 08:52:48.808] [rrc] [warning] Acceptable cell selection failed, no cell is in coverage
[2023-01-10 08:52:48.808] [rrc] [error] Cell selection failure, no suitable or acceptable cell found
[2023-01-10 08:53:03.693] [nas] [error] PLMN selection failure, no cells in coverage
[2023-01-10 08:53:18.820] [rrc] [warning] Acceptable cell selection failed, no cell is in coverage
[2023-01-10 08:53:18.820] [rrc] [error] Cell selection failure, no suitable or acceptable cell found
[2023-01-10 08:53:34.521] [nas] [error] PLMN selection failure, no cells in coverage
[2023-01-10 08:53:48.832] [rrc] [warning] Acceptable cell selection failed, no cell is in coverage
[2023-01-10 08:53:48.832] [rrc] [error] Cell selection failure, no suitable or acceptable cell found
[2023-01-10 08:54:05.349] [nas] [error] PLMN selection failure, no cells in coverage
[2023-01-10 08:54:18.844] [rrc] [warning] Acceptable cell selection failed, no cell is in coverage
[2023-01-10 08:54:18.844] [rrc] [error] Cell selection failure, no suitable or acceptable cell found
[2023-01-10 08:54:36.177] [nas] [error] PLMN selection failure, no cells in coverage
[2023-01-10 08:54:48.856] [rrc] [warning] Acceptable cell selection failed, no cell is in coverage
[2023-01-10 08:54:48.856] [rrc] [error] Cell selection failure, no suitable or acceptable cell found
[2023-01-10 08:55:07.005] [nas] [error] PLMN selection failure, no cells in coverage
[2023-01-10 08:55:18.868] [rrc] [warning] Acceptable cell selection failed, no cell is in coverage
[2023-01-10 08:55:18.868] [rrc] [error] Cell selection failure, no suitable or acceptable cell found
[2023-01-10 08:55:37.833] [nas] [error] PLMN selection failure, no cells in coverage
[2023-01-10 08:55:48.880] [rrc] [warning] Acceptable cell selection failed, no cell is in coverage
[2023-01-10 08:55:48.880] [rrc] [error] Cell selection failure, no suitable or acceptable cell found
[2023-01-10 08:56:08.662] [nas] [error] PLMN selection failure, no cells in coverage
[2023-01-10 08:56:18.892] [rrc] [warning] Acceptable cell selection failed, no cell is in coverage
[2023-01-10 08:56:18.892] [rrc] [error] Cell selection failure, no suitable or acceptable cell found
[2023-01-10 08:56:39.490] [nas] [error] PLMN selection failure, no cells in coverage
[2023-01-10 08:56:48.904] [rrc] [warning] Acceptable cell selection failed, no cell is in coverage
[2023-01-10 08:56:48.904] [rrc] [error] Cell selection failure, no suitable or acceptable cell found
[2023-01-10 08:57:10.318] [nas] [error] PLMN selection failure, no cells in coverage
[2023-01-10 08:57:18.916] [rrc] [warning] Acceptable cell selection failed, no cell is in coverage
[2023-01-10 08:57:18.916] [rrc] [error] Cell selection failure, no suitable or acceptable cell found
[2023-01-10 08:57:41.146] [nas] [error] PLMN selection failure, no cells in coverage
[2023-01-10 08:57:48.928] [rrc] [warning] Acceptable cell selection failed, no cell is in coverage
[2023-01-10 08:57:48.928] [rrc] [error] Cell selection failure, no suitable or acceptable cell found
[2023-01-10 08:58:11.975] [nas] [error] PLMN selection failure, no cells in coverage
[2023-01-10 08:58:18.941] [rrc] [warning] Acceptable cell selection failed, no cell is in coverage
[2023-01-10 08:58:18.941] [rrc] [error] Cell selection failure, no suitable or acceptable cell found
[2023-01-10 08:58:42.803] [nas] [error] PLMN selection failure, no cells in coverage
[2023-01-10 08:58:48.953] [rrc] [warning] Acceptable cell selection failed, no cell is in coverage
[2023-01-10 08:58:48.953] [rrc] [error] Cell selection failure, no suitable or acceptable cell found
[2023-01-10 08:59:13.631] [nas] [error] PLMN selection failure, no cells in coverage
[2023-01-10 08:59:18.965] [rrc] [warning] Acceptable cell selection failed, no cell is in coverage
[2023-01-10 08:59:18.965] [rrc] [error] Cell selection failure, no suitable or acceptable cell found
[2023-01-10 08:59:44.459] [nas] [error] PLMN selection failure, no cells in coverage
[2023-01-10 08:59:48.977] [rrc] [warning] Acceptable cell selection failed, no cell is in coverage
[2023-01-10 08:59:48.977] [rrc] [error] Cell selection failure, no suitable or acceptable cell found
[2023-01-10 09:00:15.287] [nas] [error] PLMN selection failure, no cells in coverage
[2023-01-10 09:00:18.989] [rrc] [warning] Acceptable cell selection failed, no cell is in coverage
[2023-01-10 09:00:18.989] [rrc] [error] Cell selection failure, no suitable or acceptable cell found
[2023-01-10 09:00:46.115] [nas] [error] PLMN selection failure, no cells in coverage
[2023-01-10 09:00:49.002] [rrc] [warning] Acceptable cell selection failed, no cell is in coverage
[2023-01-10 09:00:49.002] [rrc] [error] Cell selection failure, no suitable or acceptable cell found
[2023-01-10 09:01:16.943] [nas] [error] PLMN selection failure, no cells in coverage
[2023-01-10 09:01:19.014] [rrc] [warning] Acceptable cell selection failed, no cell is in coverage
[2023-01-10 09:01:19.014] [rrc] [error] Cell selection failure, no suitable or acceptable cell found
[2023-01-10 09:01:47.771] [nas] [error] PLMN selection failure, no cells in coverage
[2023-01-10 09:01:49.026] [rrc] [warning] Acceptable cell selection failed, no cell is in coverage
[2023-01-10 09:01:49.026] [rrc] [error] Cell selection failure, no suitable or acceptable cell found
[2023-01-10 09:02:18.599] [nas] [error] PLMN selection failure, no cells in coverage
[2023-01-10 09:02:19.038] [rrc] [warning] Acceptable cell selection failed, no cell is in coverage
[2023-01-10 09:02:19.038] [rrc] [error] Cell selection failure, no suitable or acceptable cell found
[2023-01-10 09:02:49.051] [rrc] [warning] Acceptable cell selection failed, no cell is in coverage
[2023-01-10 09:02:49.051] [rrc] [error] Cell selection failure, no suitable or acceptable cell found
[2023-01-10 09:02:49.427] [nas] [error] PLMN selection failure, no cells in coverage
[2023-01-10 09:03:19.063] [rrc] [warning] Acceptable cell selection failed, no cell is in coverage
[2023-01-10 09:03:19.063] [rrc] [error] Cell selection failure, no suitable or acceptable cell found
[2023-01-10 09:03:20.255] [nas] [error] PLMN selection failure, no cells in coverage
[2023-01-10 09:03:49.075] [rrc] [warning] Acceptable cell selection failed, no cell is in coverage
[2023-01-10 09:03:49.075] [rrc] [error] Cell selection failure, no suitable or acceptable cell found
[2023-01-10 09:03:51.084] [nas] [error] PLMN selection failure, no cells in coverage
[2023-01-10 09:04:19.087] [rrc] [warning] Acceptable cell selection failed, no cell is in coverage
[2023-01-10 09:04:19.087] [rrc] [error] Cell selection failure, no suitable or acceptable cell found
[2023-01-10 09:04:21.912] [nas] [error] PLMN selection failure, no cells in coverage
[2023-01-10 09:04:49.099] [rrc] [warning] Acceptable cell selection failed, no cell is in coverage
[2023-01-10 09:04:49.099] [rrc] [error] Cell selection failure, no suitable or acceptable cell found
[2023-01-10 09:04:52.740] [nas] [error] PLMN selection failure, no cells in coverage
[2023-01-10 09:05:19.111] [rrc] [warning] Acceptable cell selection failed, no cell is in coverage
[2023-01-10 09:05:19.111] [rrc] [error] Cell selection failure, no suitable or acceptable cell found
[2023-01-10 09:05:23.568] [nas] [error] PLMN selection failure, no cells in coverage
[2023-01-10 09:05:49.123] [rrc] [warning] Acceptable cell selection failed, no cell is in coverage
[2023-01-10 09:05:49.123] [rrc] [error] Cell selection failure, no suitable or acceptable cell found
[2023-01-10 09:05:54.396] [nas] [error] PLMN selection failure, no cells in coverage
[2023-01-10 09:06:19.135] [rrc] [warning] Acceptable cell selection failed, no cell is in coverage
[2023-01-10 09:06:19.135] [rrc] [error] Cell selection failure, no suitable or acceptable cell found
[2023-01-10 09:06:25.224] [nas] [error] PLMN selection failure, no cells in coverage
[2023-01-10 09:06:49.147] [rrc] [warning] Acceptable cell selection failed, no cell is in coverage
[2023-01-10 09:06:49.147] [rrc] [error] Cell selection failure, no suitable or acceptable cell found
