UERANSIM v3.2.6
[2023-01-10 08:43:02.531] [nas] [info] UE switches to state [MM-DEREGISTERED/PLMN-SEARCH]
[2023-01-10 08:43:02.531] [rrc] [debug] New signal detected for cell[1], total [1] cells in coverage
[2023-01-10 08:43:02.532] [nas] [info] Selected plmn[208/93]
[2023-01-10 08:43:02.532] [rrc] [info] Selected cell plmn[208/93] tac[1] category[SUITABLE]
[2023-01-10 08:43:02.532] [nas] [info] UE switches to state [MM-DEREGISTERED/PS]
[2023-01-10 08:43:02.532] [nas] [info] UE switches to state [MM-DEREGISTERED/NORMAL-SERVICE]
[2023-01-10 08:43:02.532] [nas] [debug] Initial registration required due to [MM-DEREG-NORMAL-SERVICE]
[2023-01-10 08:43:02.532] [nas] [debug] UAC access attempt is allowed for identity[0], category[MO_sig]
[2023-01-10 08:43:02.532] [nas] [debug] Sending Initial Registration
[2023-01-10 08:43:02.532] [rrc] [debug] Sending RRC Setup Request
[2023-01-10 08:43:02.532] [nas] [info] UE switches to state [MM-REGISTER-INITIATED]
[2023-01-10 08:43:02.532] [rrc] [info] RRC connection established
[2023-01-10 08:43:02.532] [rrc] [info] UE switches to state [RRC-CONNECTED]
[2023-01-10 08:43:02.532] [nas] [info] UE switches to state [CM-CONNECTED]
[2023-01-10 08:43:02.549] [nas] [debug] Authentication Request received
[2023-01-10 08:43:02.549] [nas] [debug] Sending Authentication Failure due to SQN out of range
[2023-01-10 08:43:02.560] [nas] [debug] Authentication Request received
[2023-01-10 08:43:02.566] [nas] [debug] Security Mode Command received
[2023-01-10 08:43:02.566] [nas] [debug] Selected integrity[2] ciphering[0]
[2023-01-10 08:43:02.596] [nas] [debug] Registration accept received
[2023-01-10 08:43:02.596] [nas] [info] UE switches to state [MM-REGISTERED/NORMAL-SERVICE]
[2023-01-10 08:43:02.596] [nas] [debug] Sending Registration Complete
[2023-01-10 08:43:02.596] [nas] [info] Initial Registration is successful
[2023-01-10 08:43:02.596] [nas] [debug] Sending PDU Session Establishment Request
[2023-01-10 08:43:02.597] [nas] [debug] UAC access attempt is allowed for identity[0], category[MO_sig]
[2023-01-10 08:43:02.832] [nas] [debug] PDU Session Establishment Accept received
[2023-01-10 08:43:02.832] [nas] [info] PDU Session establishment is successful PSI[1]
[2023-01-10 08:43:02.854] [app] [info] Connection setup for PDU session[1] is successful, TUN interface[uesimtun4, 10.60.0.9] is up.
[2023-01-10 08:46:17.924] [nas] [debug] De-registration required due to [NORMAL]
[2023-01-10 08:46:17.934] [nas] [debug] Starting de-registration procedure due to [NORMAL]
[2023-01-10 08:46:17.934] [nas] [debug] Performing local release of PDU session[1]
[2023-01-10 08:46:17.934] [nas] [info] UE switches to state [MM-DEREGISTER-INITIATED]
[2023-01-10 08:46:18.108] [rrc] [debug] Signal lost for cell[1], total [0] cells in coverage
[2023-01-10 08:46:18.108] [nas] [error] Radio link failure detected
[2023-01-10 08:46:18.108] [nas] [info] UE switches to state [CM-IDLE]
[2023-01-10 08:46:18.108] [nas] [info] UE switches to state [MM-DEREGISTERED/PS]
[2023-01-10 08:46:18.108] [nas] [info] UE switches to state [MM-DEREGISTERED/PLMN-SEARCH]
[2023-01-10 08:46:18.108] [nas] [error] PLMN selection failure, no cells in coverage
[2023-01-10 08:46:20.115] [rrc] [warning] Acceptable cell selection failed, no cell is in coverage
[2023-01-10 08:46:20.115] [rrc] [error] Cell selection failure, no suitable or acceptable cell found
[2023-01-10 08:46:20.714] [nas] [error] PLMN selection failure, no cells in coverage
[2023-01-10 08:46:22.916] [nas] [error] PLMN selection failure, no cells in coverage
[2023-01-10 08:46:24.017] [nas] [info] UE switches to state [MM-DEREGISTERED/NO-CELL-AVAILABLE]
[2023-01-10 08:46:50.128] [rrc] [warning] Acceptable cell selection failed, no cell is in coverage
[2023-01-10 08:46:50.128] [rrc] [error] Cell selection failure, no suitable or acceptable cell found
[2023-01-10 08:46:53.744] [nas] [error] PLMN selection failure, no cells in coverage
[2023-01-10 08:47:20.140] [rrc] [warning] Acceptable cell selection failed, no cell is in coverage
[2023-01-10 08:47:20.140] [rrc] [error] Cell selection failure, no suitable or acceptable cell found
[2023-01-10 08:47:24.573] [nas] [error] PLMN selection failure, no cells in coverage
[2023-01-10 08:47:50.153] [rrc] [warning] Acceptable cell selection failed, no cell is in coverage
[2023-01-10 08:47:50.153] [rrc] [error] Cell selection failure, no suitable or acceptable cell found
[2023-01-10 08:47:55.401] [nas] [error] PLMN selection failure, no cells in coverage
[2023-01-10 08:48:18.439] [nas] [debug] De-registration required due to [NORMAL]
[2023-01-10 08:48:20.165] [rrc] [warning] Acceptable cell selection failed, no cell is in coverage
[2023-01-10 08:48:20.165] [rrc] [error] Cell selection failure, no suitable or acceptable cell found
[2023-01-10 08:48:26.230] [nas] [error] PLMN selection failure, no cells in coverage
[2023-01-10 08:48:50.177] [rrc] [warning] Acceptable cell selection failed, no cell is in coverage
[2023-01-10 08:48:50.177] [rrc] [error] Cell selection failure, no suitable or acceptable cell found
[2023-01-10 08:48:57.058] [nas] [error] PLMN selection failure, no cells in coverage
[2023-01-10 08:49:20.189] [rrc] [warning] Acceptable cell selection failed, no cell is in coverage
[2023-01-10 08:49:20.189] [rrc] [error] Cell selection failure, no suitable or acceptable cell found
[2023-01-10 08:49:27.886] [nas] [error] PLMN selection failure, no cells in coverage
[2023-01-10 08:49:50.201] [rrc] [warning] Acceptable cell selection failed, no cell is in coverage
[2023-01-10 08:49:50.201] [rrc] [error] Cell selection failure, no suitable or acceptable cell found
[2023-01-10 08:49:58.714] [nas] [error] PLMN selection failure, no cells in coverage
[2023-01-10 08:50:20.213] [rrc] [warning] Acceptable cell selection failed, no cell is in coverage
[2023-01-10 08:50:20.213] [rrc] [error] Cell selection failure, no suitable or acceptable cell found
[2023-01-10 08:50:29.543] [nas] [error] PLMN selection failure, no cells in coverage
[2023-01-10 08:50:50.225] [rrc] [warning] Acceptable cell selection failed, no cell is in coverage
[2023-01-10 08:50:50.225] [rrc] [error] Cell selection failure, no suitable or acceptable cell found
[2023-01-10 08:51:00.371] [nas] [error] PLMN selection failure, no cells in coverage
[2023-01-10 08:51:20.237] [rrc] [warning] Acceptable cell selection failed, no cell is in coverage
[2023-01-10 08:51:20.237] [rrc] [error] Cell selection failure, no suitable or acceptable cell found
[2023-01-10 08:51:31.199] [nas] [error] PLMN selection failure, no cells in coverage
[2023-01-10 08:51:50.249] [rrc] [warning] Acceptable cell selection failed, no cell is in coverage
[2023-01-10 08:51:50.250] [rrc] [error] Cell selection failure, no suitable or acceptable cell found
[2023-01-10 08:52:02.027] [nas] [error] PLMN selection failure, no cells in coverage
[2023-01-10 08:52:20.261] [rrc] [warning] Acceptable cell selection failed, no cell is in coverage
[2023-01-10 08:52:20.261] [rrc] [error] Cell selection failure, no suitable or acceptable cell found
[2023-01-10 08:52:32.856] [nas] [error] PLMN selection failure, no cells in coverage
[2023-01-10 08:52:50.273] [rrc] [warning] Acceptable cell selection failed, no cell is in coverage
[2023-01-10 08:52:50.273] [rrc] [error] Cell selection failure, no suitable or acceptable cell found
[2023-01-10 08:53:03.685] [nas] [error] PLMN selection failure, no cells in coverage
[2023-01-10 08:53:20.285] [rrc] [warning] Acceptable cell selection failed, no cell is in coverage
[2023-01-10 08:53:20.285] [rrc] [error] Cell selection failure, no suitable or acceptable cell found
[2023-01-10 08:53:34.513] [nas] [error] PLMN selection failure, no cells in coverage
[2023-01-10 08:53:50.297] [rrc] [warning] Acceptable cell selection failed, no cell is in coverage
[2023-01-10 08:53:50.297] [rrc] [error] Cell selection failure, no suitable or acceptable cell found
[2023-01-10 08:54:05.341] [nas] [error] PLMN selection failure, no cells in coverage
[2023-01-10 08:54:20.309] [rrc] [warning] Acceptable cell selection failed, no cell is in coverage
[2023-01-10 08:54:20.309] [rrc] [error] Cell selection failure, no suitable or acceptable cell found
[2023-01-10 08:54:36.169] [nas] [error] PLMN selection failure, no cells in coverage
[2023-01-10 08:54:50.322] [rrc] [warning] Acceptable cell selection failed, no cell is in coverage
[2023-01-10 08:54:50.322] [rrc] [error] Cell selection failure, no suitable or acceptable cell found
[2023-01-10 08:55:06.997] [nas] [error] PLMN selection failure, no cells in coverage
[2023-01-10 08:55:20.334] [rrc] [warning] Acceptable cell selection failed, no cell is in coverage
[2023-01-10 08:55:20.334] [rrc] [error] Cell selection failure, no suitable or acceptable cell found
[2023-01-10 08:55:37.825] [nas] [error] PLMN selection failure, no cells in coverage
[2023-01-10 08:55:50.346] [rrc] [warning] Acceptable cell selection failed, no cell is in coverage
[2023-01-10 08:55:50.346] [rrc] [error] Cell selection failure, no suitable or acceptable cell found
[2023-01-10 08:56:08.653] [nas] [error] PLMN selection failure, no cells in coverage
[2023-01-10 08:56:20.358] [rrc] [warning] Acceptable cell selection failed, no cell is in coverage
[2023-01-10 08:56:20.358] [rrc] [error] Cell selection failure, no suitable or acceptable cell found
[2023-01-10 08:56:39.481] [nas] [error] PLMN selection failure, no cells in coverage
[2023-01-10 08:56:50.370] [rrc] [warning] Acceptable cell selection failed, no cell is in coverage
[2023-01-10 08:56:50.370] [rrc] [error] Cell selection failure, no suitable or acceptable cell found
[2023-01-10 08:57:10.309] [nas] [error] PLMN selection failure, no cells in coverage
[2023-01-10 08:57:20.382] [rrc] [warning] Acceptable cell selection failed, no cell is in coverage
[2023-01-10 08:57:20.382] [rrc] [error] Cell selection failure, no suitable or acceptable cell found
[2023-01-10 08:57:41.137] [nas] [error] PLMN selection failure, no cells in coverage
[2023-01-10 08:57:50.394] [rrc] [warning] Acceptable cell selection failed, no cell is in coverage
[2023-01-10 08:57:50.394] [rrc] [error] Cell selection failure, no suitable or acceptable cell found
[2023-01-10 08:58:11.966] [nas] [error] PLMN selection failure, no cells in coverage
[2023-01-10 08:58:20.406] [rrc] [warning] Acceptable cell selection failed, no cell is in coverage
[2023-01-10 08:58:20.406] [rrc] [error] Cell selection failure, no suitable or acceptable cell found
[2023-01-10 08:58:42.795] [nas] [error] PLMN selection failure, no cells in coverage
[2023-01-10 08:58:50.418] [rrc] [warning] Acceptable cell selection failed, no cell is in coverage
[2023-01-10 08:58:50.418] [rrc] [error] Cell selection failure, no suitable or acceptable cell found
[2023-01-10 08:59:13.623] [nas] [error] PLMN selection failure, no cells in coverage
[2023-01-10 08:59:20.430] [rrc] [warning] Acceptable cell selection failed, no cell is in coverage
[2023-01-10 08:59:20.430] [rrc] [error] Cell selection failure, no suitable or acceptable cell found
[2023-01-10 08:59:44.453] [nas] [error] PLMN selection failure, no cells in coverage
[2023-01-10 08:59:50.442] [rrc] [warning] Acceptable cell selection failed, no cell is in coverage
[2023-01-10 08:59:50.442] [rrc] [error] Cell selection failure, no suitable or acceptable cell found
[2023-01-10 09:00:15.281] [nas] [error] PLMN selection failure, no cells in coverage
[2023-01-10 09:00:20.454] [rrc] [warning] Acceptable cell selection failed, no cell is in coverage
[2023-01-10 09:00:20.454] [rrc] [error] Cell selection failure, no suitable or acceptable cell found
[2023-01-10 09:00:46.109] [nas] [error] PLMN selection failure, no cells in coverage
[2023-01-10 09:00:50.466] [rrc] [warning] Acceptable cell selection failed, no cell is in coverage
[2023-01-10 09:00:50.466] [rrc] [error] Cell selection failure, no suitable or acceptable cell found
[2023-01-10 09:01:16.937] [nas] [error] PLMN selection failure, no cells in coverage
[2023-01-10 09:01:20.478] [rrc] [warning] Acceptable cell selection failed, no cell is in coverage
[2023-01-10 09:01:20.478] [rrc] [error] Cell selection failure, no suitable or acceptable cell found
[2023-01-10 09:01:47.765] [nas] [error] PLMN selection failure, no cells in coverage
[2023-01-10 09:01:50.490] [rrc] [warning] Acceptable cell selection failed, no cell is in coverage
[2023-01-10 09:01:50.490] [rrc] [error] Cell selection failure, no suitable or acceptable cell found
[2023-01-10 09:02:18.593] [nas] [error] PLMN selection failure, no cells in coverage
[2023-01-10 09:02:20.502] [rrc] [warning] Acceptable cell selection failed, no cell is in coverage
[2023-01-10 09:02:20.502] [rrc] [error] Cell selection failure, no suitable or acceptable cell found
[2023-01-10 09:02:49.421] [nas] [error] PLMN selection failure, no cells in coverage
[2023-01-10 09:02:50.514] [rrc] [warning] Acceptable cell selection failed, no cell is in coverage
[2023-01-10 09:02:50.514] [rrc] [error] Cell selection failure, no suitable or acceptable cell found
[2023-01-10 09:03:20.249] [nas] [error] PLMN selection failure, no cells in coverage
[2023-01-10 09:03:20.526] [rrc] [warning] Acceptable cell selection failed, no cell is in coverage
[2023-01-10 09:03:20.526] [rrc] [error] Cell selection failure, no suitable or acceptable cell found
[2023-01-10 09:03:50.538] [rrc] [warning] Acceptable cell selection failed, no cell is in coverage
[2023-01-10 09:03:50.538] [rrc] [error] Cell selection failure, no suitable or acceptable cell found
[2023-01-10 09:03:51.077] [nas] [error] PLMN selection failure, no cells in coverage
[2023-01-10 09:04:20.550] [rrc] [warning] Acceptable cell selection failed, no cell is in coverage
[2023-01-10 09:04:20.550] [rrc] [error] Cell selection failure, no suitable or acceptable cell found
[2023-01-10 09:04:21.905] [nas] [error] PLMN selection failure, no cells in coverage
[2023-01-10 09:04:50.562] [rrc] [warning] Acceptable cell selection failed, no cell is in coverage
[2023-01-10 09:04:50.562] [rrc] [error] Cell selection failure, no suitable or acceptable cell found
[2023-01-10 09:04:52.733] [nas] [error] PLMN selection failure, no cells in coverage
[2023-01-10 09:05:20.574] [rrc] [warning] Acceptable cell selection failed, no cell is in coverage
[2023-01-10 09:05:20.574] [rrc] [error] Cell selection failure, no suitable or acceptable cell found
[2023-01-10 09:05:23.561] [nas] [error] PLMN selection failure, no cells in coverage
[2023-01-10 09:05:50.586] [rrc] [warning] Acceptable cell selection failed, no cell is in coverage
[2023-01-10 09:05:50.586] [rrc] [error] Cell selection failure, no suitable or acceptable cell found
[2023-01-10 09:05:54.389] [nas] [error] PLMN selection failure, no cells in coverage
[2023-01-10 09:06:20.598] [rrc] [warning] Acceptable cell selection failed, no cell is in coverage
[2023-01-10 09:06:20.598] [rrc] [error] Cell selection failure, no suitable or acceptable cell found
[2023-01-10 09:06:25.217] [nas] [error] PLMN selection failure, no cells in coverage
[2023-01-10 09:06:50.610] [rrc] [warning] Acceptable cell selection failed, no cell is in coverage
[2023-01-10 09:06:50.610] [rrc] [error] Cell selection failure, no suitable or acceptable cell found
