UERANSIM v3.2.6
[2023-01-10 08:45:22.674] [nas] [info] UE switches to state [MM-DEREGISTERED/PLMN-SEARCH]
[2023-01-10 08:45:22.680] [rrc] [debug] New signal detected for cell[1], total [1] cells in coverage
[2023-01-10 08:45:22.680] [nas] [info] Selected plmn[208/93]
[2023-01-10 08:45:25.175] [rrc] [info] Selected cell plmn[208/93] tac[1] category[SUITABLE]
[2023-01-10 08:45:25.175] [nas] [info] UE switches to state [MM-DEREGISTERED/PS]
[2023-01-10 08:45:25.175] [nas] [info] UE switches to state [MM-DEREGISTERED/NORMAL-SERVICE]
[2023-01-10 08:45:25.175] [nas] [debug] Initial registration required due to [MM-DEREG-NORMAL-SERVICE]
[2023-01-10 08:45:25.176] [nas] [debug] UAC access attempt is allowed for identity[0], category[MO_sig]
[2023-01-10 08:45:25.176] [nas] [debug] Sending Initial Registration
[2023-01-10 08:45:25.176] [nas] [info] UE switches to state [MM-REGISTER-INITIATED]
[2023-01-10 08:45:25.176] [rrc] [debug] Sending RRC Setup Request
[2023-01-10 08:45:25.176] [rrc] [info] RRC connection established
[2023-01-10 08:45:25.176] [rrc] [info] UE switches to state [RRC-CONNECTED]
[2023-01-10 08:45:25.176] [nas] [info] UE switches to state [CM-CONNECTED]
[2023-01-10 08:45:25.195] [nas] [debug] Authentication Request received
[2023-01-10 08:45:25.195] [nas] [debug] Sending Authentication Failure due to SQN out of range
[2023-01-10 08:45:25.204] [nas] [debug] Authentication Request received
[2023-01-10 08:45:25.212] [nas] [debug] Security Mode Command received
[2023-01-10 08:45:25.212] [nas] [debug] Selected integrity[2] ciphering[0]
[2023-01-10 08:45:25.244] [nas] [debug] Registration accept received
[2023-01-10 08:45:25.244] [nas] [info] UE switches to state [MM-REGISTERED/NORMAL-SERVICE]
[2023-01-10 08:45:25.244] [nas] [debug] Sending Registration Complete
[2023-01-10 08:45:25.244] [nas] [info] Initial Registration is successful
[2023-01-10 08:45:25.244] [nas] [debug] Sending PDU Session Establishment Request
[2023-01-10 08:45:25.244] [nas] [debug] UAC access attempt is allowed for identity[0], category[MO_sig]
[2023-01-10 08:45:25.479] [nas] [debug] PDU Session Establishment Accept received
[2023-01-10 08:45:25.479] [nas] [info] PDU Session establishment is successful PSI[1]
[2023-01-10 08:45:25.502] [app] [info] Connection setup for PDU session[1] is successful, TUN interface[uesimtun74, 10.60.0.79] is up.
[2023-01-10 08:46:15.145] [nas] [debug] De-registration required due to [NORMAL]
[2023-01-10 08:46:15.155] [nas] [debug] Starting de-registration procedure due to [NORMAL]
[2023-01-10 08:46:15.155] [nas] [debug] Performing local release of PDU session[1]
[2023-01-10 08:46:15.155] [nas] [info] UE switches to state [MM-DEREGISTER-INITIATED]
[2023-01-10 08:46:15.223] [nas] [debug] De-registration accept received
[2023-01-10 08:46:15.223] [nas] [info] UE switches to state [MM-DEREGISTERED/PS]
[2023-01-10 08:46:15.223] [nas] [info] De-registration is successful
[2023-01-10 08:46:15.223] [nas] [info] UE switches to state [MM-DEREGISTERED/NORMAL-SERVICE]
[2023-01-10 08:46:15.223] [nas] [debug] Initial registration required due to [MM-DEREG-NORMAL-SERVICE]
[2023-01-10 08:46:15.223] [nas] [debug] Sending Initial Registration
[2023-01-10 08:46:15.223] [nas] [debug] Deleting NAS security context
[2023-01-10 08:46:15.223] [nas] [info] UE switches to state [MM-REGISTER-INITIATED]
[2023-01-10 08:46:15.237] [rrc] [debug] RRC Release received
[2023-01-10 08:46:15.237] [nas] [info] UE switches to state [CM-IDLE]
[2023-01-10 08:46:15.237] [nas] [info] UE switches to state [MM-DEREGISTERED/PS]
[2023-01-10 08:46:15.237] [nas] [info] UE switches to state [5U2-NOT-UPDATED]
[2023-01-10 08:46:15.237] [nas] [info] UE switches to state [MM-DEREGISTERED/ATTEMPTING-REGISTRATION]
[2023-01-10 08:46:15.868] [nas] [debug] De-registration required due to [NORMAL]
[2023-01-10 08:46:15.878] [nas] [warning] De-registration could not be triggered. UE is already de-registered
[2023-01-10 08:46:18.315] [rrc] [debug] Signal lost for cell[1], total [0] cells in coverage
[2023-01-10 08:46:18.315] [nas] [info] UE switches to state [MM-DEREGISTERED/PS]
[2023-01-10 08:46:18.315] [nas] [info] UE switches to state [MM-DEREGISTERED/PLMN-SEARCH]
[2023-01-10 08:46:18.315] [nas] [error] PLMN selection failure, no cells in coverage
[2023-01-10 08:46:20.198] [rrc] [warning] Acceptable cell selection failed, no cell is in coverage
[2023-01-10 08:46:20.198] [rrc] [error] Cell selection failure, no suitable or acceptable cell found
[2023-01-10 08:46:21.029] [nas] [error] PLMN selection failure, no cells in coverage
[2023-01-10 08:46:23.231] [nas] [error] PLMN selection failure, no cells in coverage
[2023-01-10 08:46:24.332] [nas] [info] UE switches to state [MM-DEREGISTERED/NO-CELL-AVAILABLE]
[2023-01-10 08:46:50.210] [rrc] [warning] Acceptable cell selection failed, no cell is in coverage
[2023-01-10 08:46:50.210] [rrc] [error] Cell selection failure, no suitable or acceptable cell found
[2023-01-10 08:46:54.059] [nas] [error] PLMN selection failure, no cells in coverage
[2023-01-10 08:47:20.223] [rrc] [warning] Acceptable cell selection failed, no cell is in coverage
[2023-01-10 08:47:20.223] [rrc] [error] Cell selection failure, no suitable or acceptable cell found
[2023-01-10 08:47:24.887] [nas] [error] PLMN selection failure, no cells in coverage
[2023-01-10 08:47:50.235] [rrc] [warning] Acceptable cell selection failed, no cell is in coverage
[2023-01-10 08:47:50.235] [rrc] [error] Cell selection failure, no suitable or acceptable cell found
[2023-01-10 08:47:55.715] [nas] [error] PLMN selection failure, no cells in coverage
[2023-01-10 08:48:16.206] [nas] [debug] De-registration required due to [NORMAL]
[2023-01-10 08:48:20.247] [rrc] [warning] Acceptable cell selection failed, no cell is in coverage
[2023-01-10 08:48:20.247] [rrc] [error] Cell selection failure, no suitable or acceptable cell found
[2023-01-10 08:48:26.543] [nas] [error] PLMN selection failure, no cells in coverage
[2023-01-10 08:48:50.259] [rrc] [warning] Acceptable cell selection failed, no cell is in coverage
[2023-01-10 08:48:50.259] [rrc] [error] Cell selection failure, no suitable or acceptable cell found
[2023-01-10 08:48:57.371] [nas] [error] PLMN selection failure, no cells in coverage
[2023-01-10 08:49:20.271] [rrc] [warning] Acceptable cell selection failed, no cell is in coverage
[2023-01-10 08:49:20.271] [rrc] [error] Cell selection failure, no suitable or acceptable cell found
[2023-01-10 08:49:28.200] [nas] [error] PLMN selection failure, no cells in coverage
[2023-01-10 08:49:50.283] [rrc] [warning] Acceptable cell selection failed, no cell is in coverage
[2023-01-10 08:49:50.283] [rrc] [error] Cell selection failure, no suitable or acceptable cell found
[2023-01-10 08:49:59.028] [nas] [error] PLMN selection failure, no cells in coverage
[2023-01-10 08:50:20.295] [rrc] [warning] Acceptable cell selection failed, no cell is in coverage
[2023-01-10 08:50:20.295] [rrc] [error] Cell selection failure, no suitable or acceptable cell found
[2023-01-10 08:50:29.856] [nas] [error] PLMN selection failure, no cells in coverage
[2023-01-10 08:50:50.307] [rrc] [warning] Acceptable cell selection failed, no cell is in coverage
[2023-01-10 08:50:50.307] [rrc] [error] Cell selection failure, no suitable or acceptable cell found
[2023-01-10 08:51:00.684] [nas] [error] PLMN selection failure, no cells in coverage
[2023-01-10 08:51:20.319] [rrc] [warning] Acceptable cell selection failed, no cell is in coverage
[2023-01-10 08:51:20.319] [rrc] [error] Cell selection failure, no suitable or acceptable cell found
[2023-01-10 08:51:31.512] [nas] [error] PLMN selection failure, no cells in coverage
[2023-01-10 08:51:50.331] [rrc] [warning] Acceptable cell selection failed, no cell is in coverage
[2023-01-10 08:51:50.331] [rrc] [error] Cell selection failure, no suitable or acceptable cell found
[2023-01-10 08:52:02.340] [nas] [error] PLMN selection failure, no cells in coverage
[2023-01-10 08:52:20.343] [rrc] [warning] Acceptable cell selection failed, no cell is in coverage
[2023-01-10 08:52:20.343] [rrc] [error] Cell selection failure, no suitable or acceptable cell found
[2023-01-10 08:52:33.168] [nas] [error] PLMN selection failure, no cells in coverage
[2023-01-10 08:52:50.355] [rrc] [warning] Acceptable cell selection failed, no cell is in coverage
[2023-01-10 08:52:50.355] [rrc] [error] Cell selection failure, no suitable or acceptable cell found
[2023-01-10 08:53:03.996] [nas] [error] PLMN selection failure, no cells in coverage
[2023-01-10 08:53:20.367] [rrc] [warning] Acceptable cell selection failed, no cell is in coverage
[2023-01-10 08:53:20.367] [rrc] [error] Cell selection failure, no suitable or acceptable cell found
[2023-01-10 08:53:34.824] [nas] [error] PLMN selection failure, no cells in coverage
[2023-01-10 08:53:50.379] [rrc] [warning] Acceptable cell selection failed, no cell is in coverage
[2023-01-10 08:53:50.379] [rrc] [error] Cell selection failure, no suitable or acceptable cell found
[2023-01-10 08:54:05.652] [nas] [error] PLMN selection failure, no cells in coverage
[2023-01-10 08:54:20.391] [rrc] [warning] Acceptable cell selection failed, no cell is in coverage
[2023-01-10 08:54:20.391] [rrc] [error] Cell selection failure, no suitable or acceptable cell found
[2023-01-10 08:54:36.480] [nas] [error] PLMN selection failure, no cells in coverage
[2023-01-10 08:54:50.403] [rrc] [warning] Acceptable cell selection failed, no cell is in coverage
[2023-01-10 08:54:50.403] [rrc] [error] Cell selection failure, no suitable or acceptable cell found
[2023-01-10 08:55:07.308] [nas] [error] PLMN selection failure, no cells in coverage
[2023-01-10 08:55:20.415] [rrc] [warning] Acceptable cell selection failed, no cell is in coverage
[2023-01-10 08:55:20.415] [rrc] [error] Cell selection failure, no suitable or acceptable cell found
[2023-01-10 08:55:38.136] [nas] [error] PLMN selection failure, no cells in coverage
[2023-01-10 08:55:50.427] [rrc] [warning] Acceptable cell selection failed, no cell is in coverage
[2023-01-10 08:55:50.427] [rrc] [error] Cell selection failure, no suitable or acceptable cell found
[2023-01-10 08:56:08.964] [nas] [error] PLMN selection failure, no cells in coverage
[2023-01-10 08:56:20.439] [rrc] [warning] Acceptable cell selection failed, no cell is in coverage
[2023-01-10 08:56:20.439] [rrc] [error] Cell selection failure, no suitable or acceptable cell found
[2023-01-10 08:56:39.792] [nas] [error] PLMN selection failure, no cells in coverage
[2023-01-10 08:56:50.451] [rrc] [warning] Acceptable cell selection failed, no cell is in coverage
[2023-01-10 08:56:50.451] [rrc] [error] Cell selection failure, no suitable or acceptable cell found
[2023-01-10 08:57:10.620] [nas] [error] PLMN selection failure, no cells in coverage
[2023-01-10 08:57:20.463] [rrc] [warning] Acceptable cell selection failed, no cell is in coverage
[2023-01-10 08:57:20.463] [rrc] [error] Cell selection failure, no suitable or acceptable cell found
[2023-01-10 08:57:41.448] [nas] [error] PLMN selection failure, no cells in coverage
[2023-01-10 08:57:50.475] [rrc] [warning] Acceptable cell selection failed, no cell is in coverage
[2023-01-10 08:57:50.475] [rrc] [error] Cell selection failure, no suitable or acceptable cell found
[2023-01-10 08:58:12.277] [nas] [error] PLMN selection failure, no cells in coverage
[2023-01-10 08:58:20.488] [rrc] [warning] Acceptable cell selection failed, no cell is in coverage
[2023-01-10 08:58:20.488] [rrc] [error] Cell selection failure, no suitable or acceptable cell found
[2023-01-10 08:58:43.106] [nas] [error] PLMN selection failure, no cells in coverage
[2023-01-10 08:58:50.500] [rrc] [warning] Acceptable cell selection failed, no cell is in coverage
[2023-01-10 08:58:50.500] [rrc] [error] Cell selection failure, no suitable or acceptable cell found
[2023-01-10 08:59:13.934] [nas] [error] PLMN selection failure, no cells in coverage
[2023-01-10 08:59:20.512] [rrc] [warning] Acceptable cell selection failed, no cell is in coverage
[2023-01-10 08:59:20.512] [rrc] [error] Cell selection failure, no suitable or acceptable cell found
[2023-01-10 08:59:44.762] [nas] [error] PLMN selection failure, no cells in coverage
[2023-01-10 08:59:50.524] [rrc] [warning] Acceptable cell selection failed, no cell is in coverage
[2023-01-10 08:59:50.524] [rrc] [error] Cell selection failure, no suitable or acceptable cell found
[2023-01-10 09:00:15.590] [nas] [error] PLMN selection failure, no cells in coverage
[2023-01-10 09:00:20.536] [rrc] [warning] Acceptable cell selection failed, no cell is in coverage
[2023-01-10 09:00:20.536] [rrc] [error] Cell selection failure, no suitable or acceptable cell found
[2023-01-10 09:00:46.418] [nas] [error] PLMN selection failure, no cells in coverage
[2023-01-10 09:00:50.550] [rrc] [warning] Acceptable cell selection failed, no cell is in coverage
[2023-01-10 09:00:50.550] [rrc] [error] Cell selection failure, no suitable or acceptable cell found
[2023-01-10 09:01:17.246] [nas] [error] PLMN selection failure, no cells in coverage
[2023-01-10 09:01:20.562] [rrc] [warning] Acceptable cell selection failed, no cell is in coverage
[2023-01-10 09:01:20.562] [rrc] [error] Cell selection failure, no suitable or acceptable cell found
[2023-01-10 09:01:48.074] [nas] [error] PLMN selection failure, no cells in coverage
[2023-01-10 09:01:50.574] [rrc] [warning] Acceptable cell selection failed, no cell is in coverage
[2023-01-10 09:01:50.574] [rrc] [error] Cell selection failure, no suitable or acceptable cell found
[2023-01-10 09:02:18.902] [nas] [error] PLMN selection failure, no cells in coverage
[2023-01-10 09:02:20.586] [rrc] [warning] Acceptable cell selection failed, no cell is in coverage
[2023-01-10 09:02:20.586] [rrc] [error] Cell selection failure, no suitable or acceptable cell found
[2023-01-10 09:02:49.730] [nas] [error] PLMN selection failure, no cells in coverage
[2023-01-10 09:02:50.598] [rrc] [warning] Acceptable cell selection failed, no cell is in coverage
[2023-01-10 09:02:50.598] [rrc] [error] Cell selection failure, no suitable or acceptable cell found
[2023-01-10 09:03:20.558] [nas] [error] PLMN selection failure, no cells in coverage
[2023-01-10 09:03:20.610] [rrc] [warning] Acceptable cell selection failed, no cell is in coverage
[2023-01-10 09:03:20.610] [rrc] [error] Cell selection failure, no suitable or acceptable cell found
[2023-01-10 09:03:50.622] [rrc] [warning] Acceptable cell selection failed, no cell is in coverage
[2023-01-10 09:03:50.622] [rrc] [error] Cell selection failure, no suitable or acceptable cell found
[2023-01-10 09:03:51.388] [nas] [error] PLMN selection failure, no cells in coverage
[2023-01-10 09:04:20.634] [rrc] [warning] Acceptable cell selection failed, no cell is in coverage
[2023-01-10 09:04:20.634] [rrc] [error] Cell selection failure, no suitable or acceptable cell found
[2023-01-10 09:04:22.216] [nas] [error] PLMN selection failure, no cells in coverage
[2023-01-10 09:04:50.646] [rrc] [warning] Acceptable cell selection failed, no cell is in coverage
[2023-01-10 09:04:50.646] [rrc] [error] Cell selection failure, no suitable or acceptable cell found
[2023-01-10 09:04:53.044] [nas] [error] PLMN selection failure, no cells in coverage
[2023-01-10 09:05:20.658] [rrc] [warning] Acceptable cell selection failed, no cell is in coverage
[2023-01-10 09:05:20.658] [rrc] [error] Cell selection failure, no suitable or acceptable cell found
[2023-01-10 09:05:23.872] [nas] [error] PLMN selection failure, no cells in coverage
[2023-01-10 09:05:50.670] [rrc] [warning] Acceptable cell selection failed, no cell is in coverage
[2023-01-10 09:05:50.670] [rrc] [error] Cell selection failure, no suitable or acceptable cell found
[2023-01-10 09:05:54.700] [nas] [error] PLMN selection failure, no cells in coverage
[2023-01-10 09:06:20.683] [rrc] [warning] Acceptable cell selection failed, no cell is in coverage
[2023-01-10 09:06:20.683] [rrc] [error] Cell selection failure, no suitable or acceptable cell found
[2023-01-10 09:06:25.528] [nas] [error] PLMN selection failure, no cells in coverage
[2023-01-10 09:06:50.695] [rrc] [warning] Acceptable cell selection failed, no cell is in coverage
[2023-01-10 09:06:50.695] [rrc] [error] Cell selection failure, no suitable or acceptable cell found
