UERANSIM v3.2.6
[2023-01-10 08:44:10.600] [nas] [info] UE switches to state [MM-DEREGISTERED/PLMN-SEARCH]
[2023-01-10 08:44:10.601] [rrc] [debug] New signal detected for cell[1], total [1] cells in coverage
[2023-01-10 08:44:10.607] [nas] [info] Selected plmn[208/93]
[2023-01-10 08:44:10.607] [rrc] [info] Selected cell plmn[208/93] tac[1] category[SUITABLE]
[2023-01-10 08:44:10.607] [nas] [info] UE switches to state [MM-DEREGISTERED/PS]
[2023-01-10 08:44:10.607] [nas] [info] UE switches to state [MM-DEREGISTERED/NORMAL-SERVICE]
[2023-01-10 08:44:10.607] [nas] [debug] Initial registration required due to [MM-DEREG-NORMAL-SERVICE]
[2023-01-10 08:44:10.610] [nas] [debug] UAC access attempt is allowed for identity[0], category[MO_sig]
[2023-01-10 08:44:10.610] [nas] [debug] Sending Initial Registration
[2023-01-10 08:44:10.610] [rrc] [debug] Sending RRC Setup Request
[2023-01-10 08:44:10.610] [nas] [info] UE switches to state [MM-REGISTER-INITIATED]
[2023-01-10 08:44:10.611] [rrc] [info] RRC connection established
[2023-01-10 08:44:10.611] [rrc] [info] UE switches to state [RRC-CONNECTED]
[2023-01-10 08:44:10.611] [nas] [info] UE switches to state [CM-CONNECTED]
[2023-01-10 08:44:10.626] [nas] [debug] Authentication Request received
[2023-01-10 08:44:10.626] [nas] [debug] Sending Authentication Failure due to SQN out of range
[2023-01-10 08:44:10.643] [nas] [debug] Authentication Request received
[2023-01-10 08:44:10.653] [nas] [debug] Security Mode Command received
[2023-01-10 08:44:10.653] [nas] [debug] Selected integrity[2] ciphering[0]
[2023-01-10 08:44:10.680] [nas] [debug] Registration accept received
[2023-01-10 08:44:10.681] [nas] [info] UE switches to state [MM-REGISTERED/NORMAL-SERVICE]
[2023-01-10 08:44:10.681] [nas] [debug] Sending Registration Complete
[2023-01-10 08:44:10.681] [nas] [info] Initial Registration is successful
[2023-01-10 08:44:10.681] [nas] [debug] Sending PDU Session Establishment Request
[2023-01-10 08:44:10.681] [nas] [debug] UAC access attempt is allowed for identity[0], category[MO_sig]
[2023-01-10 08:44:10.915] [nas] [debug] PDU Session Establishment Accept received
[2023-01-10 08:44:10.915] [nas] [info] PDU Session establishment is successful PSI[1]
[2023-01-10 08:44:10.939] [app] [info] Connection setup for PDU session[1] is successful, TUN interface[uesimtun37, 10.60.0.42] is up.
[2023-01-10 08:46:16.889] [nas] [debug] De-registration required due to [NORMAL]
[2023-01-10 08:46:16.902] [nas] [debug] Starting de-registration procedure due to [NORMAL]
[2023-01-10 08:46:16.902] [nas] [debug] Performing local release of PDU session[1]
[2023-01-10 08:46:16.902] [nas] [info] UE switches to state [MM-DEREGISTER-INITIATED]
[2023-01-10 08:46:17.350] [nas] [debug] De-registration required due to [NORMAL]
[2023-01-10 08:46:18.911] [rrc] [debug] Signal lost for cell[1], total [0] cells in coverage
[2023-01-10 08:46:18.911] [nas] [error] Radio link failure detected
[2023-01-10 08:46:18.911] [nas] [info] UE switches to state [CM-IDLE]
[2023-01-10 08:46:18.911] [nas] [info] UE switches to state [MM-DEREGISTERED/PS]
[2023-01-10 08:46:18.911] [nas] [info] UE switches to state [MM-DEREGISTERED/PLMN-SEARCH]
[2023-01-10 08:46:18.911] [nas] [error] PLMN selection failure, no cells in coverage
[2023-01-10 08:46:20.651] [rrc] [warning] Acceptable cell selection failed, no cell is in coverage
[2023-01-10 08:46:20.651] [rrc] [error] Cell selection failure, no suitable or acceptable cell found
[2023-01-10 08:46:21.620] [nas] [error] PLMN selection failure, no cells in coverage
[2023-01-10 08:46:23.822] [nas] [error] PLMN selection failure, no cells in coverage
[2023-01-10 08:46:24.923] [nas] [info] UE switches to state [MM-DEREGISTERED/NO-CELL-AVAILABLE]
[2023-01-10 08:46:50.663] [rrc] [warning] Acceptable cell selection failed, no cell is in coverage
[2023-01-10 08:46:50.663] [rrc] [error] Cell selection failure, no suitable or acceptable cell found
[2023-01-10 08:46:54.651] [nas] [error] PLMN selection failure, no cells in coverage
[2023-01-10 08:47:20.675] [rrc] [warning] Acceptable cell selection failed, no cell is in coverage
[2023-01-10 08:47:20.675] [rrc] [error] Cell selection failure, no suitable or acceptable cell found
[2023-01-10 08:47:25.479] [nas] [error] PLMN selection failure, no cells in coverage
[2023-01-10 08:47:50.687] [rrc] [warning] Acceptable cell selection failed, no cell is in coverage
[2023-01-10 08:47:50.687] [rrc] [error] Cell selection failure, no suitable or acceptable cell found
[2023-01-10 08:47:56.307] [nas] [error] PLMN selection failure, no cells in coverage
[2023-01-10 08:48:17.654] [nas] [debug] De-registration required due to [NORMAL]
[2023-01-10 08:48:20.699] [rrc] [warning] Acceptable cell selection failed, no cell is in coverage
[2023-01-10 08:48:20.699] [rrc] [error] Cell selection failure, no suitable or acceptable cell found
[2023-01-10 08:48:27.136] [nas] [error] PLMN selection failure, no cells in coverage
[2023-01-10 08:48:50.711] [rrc] [warning] Acceptable cell selection failed, no cell is in coverage
[2023-01-10 08:48:50.711] [rrc] [error] Cell selection failure, no suitable or acceptable cell found
[2023-01-10 08:48:57.964] [nas] [error] PLMN selection failure, no cells in coverage
[2023-01-10 08:49:20.723] [rrc] [warning] Acceptable cell selection failed, no cell is in coverage
[2023-01-10 08:49:20.723] [rrc] [error] Cell selection failure, no suitable or acceptable cell found
[2023-01-10 08:49:28.792] [nas] [error] PLMN selection failure, no cells in coverage
[2023-01-10 08:49:50.735] [rrc] [warning] Acceptable cell selection failed, no cell is in coverage
[2023-01-10 08:49:50.735] [rrc] [error] Cell selection failure, no suitable or acceptable cell found
[2023-01-10 08:49:59.620] [nas] [error] PLMN selection failure, no cells in coverage
[2023-01-10 08:50:20.747] [rrc] [warning] Acceptable cell selection failed, no cell is in coverage
[2023-01-10 08:50:20.747] [rrc] [error] Cell selection failure, no suitable or acceptable cell found
[2023-01-10 08:50:30.449] [nas] [error] PLMN selection failure, no cells in coverage
[2023-01-10 08:50:50.759] [rrc] [warning] Acceptable cell selection failed, no cell is in coverage
[2023-01-10 08:50:50.759] [rrc] [error] Cell selection failure, no suitable or acceptable cell found
[2023-01-10 08:51:01.277] [nas] [error] PLMN selection failure, no cells in coverage
[2023-01-10 08:51:20.771] [rrc] [warning] Acceptable cell selection failed, no cell is in coverage
[2023-01-10 08:51:20.771] [rrc] [error] Cell selection failure, no suitable or acceptable cell found
[2023-01-10 08:51:32.105] [nas] [error] PLMN selection failure, no cells in coverage
[2023-01-10 08:51:50.783] [rrc] [warning] Acceptable cell selection failed, no cell is in coverage
[2023-01-10 08:51:50.783] [rrc] [error] Cell selection failure, no suitable or acceptable cell found
[2023-01-10 08:52:02.933] [nas] [error] PLMN selection failure, no cells in coverage
[2023-01-10 08:52:20.795] [rrc] [warning] Acceptable cell selection failed, no cell is in coverage
[2023-01-10 08:52:20.795] [rrc] [error] Cell selection failure, no suitable or acceptable cell found
[2023-01-10 08:52:33.763] [nas] [error] PLMN selection failure, no cells in coverage
[2023-01-10 08:52:50.807] [rrc] [warning] Acceptable cell selection failed, no cell is in coverage
[2023-01-10 08:52:50.807] [rrc] [error] Cell selection failure, no suitable or acceptable cell found
[2023-01-10 08:53:04.592] [nas] [error] PLMN selection failure, no cells in coverage
[2023-01-10 08:53:20.820] [rrc] [warning] Acceptable cell selection failed, no cell is in coverage
[2023-01-10 08:53:20.820] [rrc] [error] Cell selection failure, no suitable or acceptable cell found
[2023-01-10 08:53:35.421] [nas] [error] PLMN selection failure, no cells in coverage
[2023-01-10 08:53:50.832] [rrc] [warning] Acceptable cell selection failed, no cell is in coverage
[2023-01-10 08:53:50.832] [rrc] [error] Cell selection failure, no suitable or acceptable cell found
[2023-01-10 08:54:06.250] [nas] [error] PLMN selection failure, no cells in coverage
[2023-01-10 08:54:20.844] [rrc] [warning] Acceptable cell selection failed, no cell is in coverage
[2023-01-10 08:54:20.844] [rrc] [error] Cell selection failure, no suitable or acceptable cell found
[2023-01-10 08:54:37.078] [nas] [error] PLMN selection failure, no cells in coverage
[2023-01-10 08:54:50.856] [rrc] [warning] Acceptable cell selection failed, no cell is in coverage
[2023-01-10 08:54:50.856] [rrc] [error] Cell selection failure, no suitable or acceptable cell found
[2023-01-10 08:55:07.906] [nas] [error] PLMN selection failure, no cells in coverage
[2023-01-10 08:55:20.868] [rrc] [warning] Acceptable cell selection failed, no cell is in coverage
[2023-01-10 08:55:20.868] [rrc] [error] Cell selection failure, no suitable or acceptable cell found
[2023-01-10 08:55:38.734] [nas] [error] PLMN selection failure, no cells in coverage
[2023-01-10 08:55:50.880] [rrc] [warning] Acceptable cell selection failed, no cell is in coverage
[2023-01-10 08:55:50.880] [rrc] [error] Cell selection failure, no suitable or acceptable cell found
[2023-01-10 08:56:09.562] [nas] [error] PLMN selection failure, no cells in coverage
[2023-01-10 08:56:20.892] [rrc] [warning] Acceptable cell selection failed, no cell is in coverage
[2023-01-10 08:56:20.892] [rrc] [error] Cell selection failure, no suitable or acceptable cell found
[2023-01-10 08:56:40.392] [nas] [error] PLMN selection failure, no cells in coverage
[2023-01-10 08:56:50.904] [rrc] [warning] Acceptable cell selection failed, no cell is in coverage
[2023-01-10 08:56:50.904] [rrc] [error] Cell selection failure, no suitable or acceptable cell found
[2023-01-10 08:57:11.220] [nas] [error] PLMN selection failure, no cells in coverage
[2023-01-10 08:57:20.916] [rrc] [warning] Acceptable cell selection failed, no cell is in coverage
[2023-01-10 08:57:20.916] [rrc] [error] Cell selection failure, no suitable or acceptable cell found
[2023-01-10 08:57:42.049] [nas] [error] PLMN selection failure, no cells in coverage
[2023-01-10 08:57:50.928] [rrc] [warning] Acceptable cell selection failed, no cell is in coverage
[2023-01-10 08:57:50.928] [rrc] [error] Cell selection failure, no suitable or acceptable cell found
[2023-01-10 08:58:12.877] [nas] [error] PLMN selection failure, no cells in coverage
[2023-01-10 08:58:20.940] [rrc] [warning] Acceptable cell selection failed, no cell is in coverage
[2023-01-10 08:58:20.941] [rrc] [error] Cell selection failure, no suitable or acceptable cell found
[2023-01-10 08:58:43.705] [nas] [error] PLMN selection failure, no cells in coverage
[2023-01-10 08:58:50.952] [rrc] [warning] Acceptable cell selection failed, no cell is in coverage
[2023-01-10 08:58:50.952] [rrc] [error] Cell selection failure, no suitable or acceptable cell found
[2023-01-10 08:59:14.533] [nas] [error] PLMN selection failure, no cells in coverage
[2023-01-10 08:59:20.964] [rrc] [warning] Acceptable cell selection failed, no cell is in coverage
[2023-01-10 08:59:20.964] [rrc] [error] Cell selection failure, no suitable or acceptable cell found
[2023-01-10 08:59:45.361] [nas] [error] PLMN selection failure, no cells in coverage
[2023-01-10 08:59:50.976] [rrc] [warning] Acceptable cell selection failed, no cell is in coverage
[2023-01-10 08:59:50.976] [rrc] [error] Cell selection failure, no suitable or acceptable cell found
[2023-01-10 09:00:16.189] [nas] [error] PLMN selection failure, no cells in coverage
[2023-01-10 09:00:20.988] [rrc] [warning] Acceptable cell selection failed, no cell is in coverage
[2023-01-10 09:00:20.988] [rrc] [error] Cell selection failure, no suitable or acceptable cell found
[2023-01-10 09:00:47.018] [nas] [error] PLMN selection failure, no cells in coverage
[2023-01-10 09:00:51.000] [rrc] [warning] Acceptable cell selection failed, no cell is in coverage
[2023-01-10 09:00:51.000] [rrc] [error] Cell selection failure, no suitable or acceptable cell found
[2023-01-10 09:01:17.846] [nas] [error] PLMN selection failure, no cells in coverage
[2023-01-10 09:01:21.012] [rrc] [warning] Acceptable cell selection failed, no cell is in coverage
[2023-01-10 09:01:21.012] [rrc] [error] Cell selection failure, no suitable or acceptable cell found
[2023-01-10 09:01:48.674] [nas] [error] PLMN selection failure, no cells in coverage
[2023-01-10 09:01:51.024] [rrc] [warning] Acceptable cell selection failed, no cell is in coverage
[2023-01-10 09:01:51.024] [rrc] [error] Cell selection failure, no suitable or acceptable cell found
[2023-01-10 09:02:19.502] [nas] [error] PLMN selection failure, no cells in coverage
[2023-01-10 09:02:21.036] [rrc] [warning] Acceptable cell selection failed, no cell is in coverage
[2023-01-10 09:02:21.036] [rrc] [error] Cell selection failure, no suitable or acceptable cell found
[2023-01-10 09:02:50.330] [nas] [error] PLMN selection failure, no cells in coverage
[2023-01-10 09:02:51.048] [rrc] [warning] Acceptable cell selection failed, no cell is in coverage
[2023-01-10 09:02:51.048] [rrc] [error] Cell selection failure, no suitable or acceptable cell found
[2023-01-10 09:03:21.061] [rrc] [warning] Acceptable cell selection failed, no cell is in coverage
[2023-01-10 09:03:21.061] [rrc] [error] Cell selection failure, no suitable or acceptable cell found
[2023-01-10 09:03:21.158] [nas] [error] PLMN selection failure, no cells in coverage
[2023-01-10 09:03:51.074] [rrc] [warning] Acceptable cell selection failed, no cell is in coverage
[2023-01-10 09:03:51.074] [rrc] [error] Cell selection failure, no suitable or acceptable cell found
[2023-01-10 09:03:51.986] [nas] [error] PLMN selection failure, no cells in coverage
[2023-01-10 09:04:21.086] [rrc] [warning] Acceptable cell selection failed, no cell is in coverage
[2023-01-10 09:04:21.086] [rrc] [error] Cell selection failure, no suitable or acceptable cell found
[2023-01-10 09:04:22.814] [nas] [error] PLMN selection failure, no cells in coverage
[2023-01-10 09:04:51.098] [rrc] [warning] Acceptable cell selection failed, no cell is in coverage
[2023-01-10 09:04:51.098] [rrc] [error] Cell selection failure, no suitable or acceptable cell found
[2023-01-10 09:04:53.642] [nas] [error] PLMN selection failure, no cells in coverage
[2023-01-10 09:05:21.110] [rrc] [warning] Acceptable cell selection failed, no cell is in coverage
[2023-01-10 09:05:21.110] [rrc] [error] Cell selection failure, no suitable or acceptable cell found
[2023-01-10 09:05:24.470] [nas] [error] PLMN selection failure, no cells in coverage
[2023-01-10 09:05:51.122] [rrc] [warning] Acceptable cell selection failed, no cell is in coverage
[2023-01-10 09:05:51.122] [rrc] [error] Cell selection failure, no suitable or acceptable cell found
[2023-01-10 09:05:55.298] [nas] [error] PLMN selection failure, no cells in coverage
[2023-01-10 09:06:21.135] [rrc] [warning] Acceptable cell selection failed, no cell is in coverage
[2023-01-10 09:06:21.135] [rrc] [error] Cell selection failure, no suitable or acceptable cell found
[2023-01-10 09:06:26.126] [nas] [error] PLMN selection failure, no cells in coverage
[2023-01-10 09:06:51.147] [rrc] [warning] Acceptable cell selection failed, no cell is in coverage
[2023-01-10 09:06:51.147] [rrc] [error] Cell selection failure, no suitable or acceptable cell found
