UERANSIM v3.2.6
[2023-01-10 08:43:16.548] [nas] [info] UE switches to state [MM-DEREGISTERED/PLMN-SEARCH]
[2023-01-10 08:43:16.548] [rrc] [debug] New signal detected for cell[1], total [1] cells in coverage
[2023-01-10 08:43:16.548] [nas] [info] Selected plmn[208/93]
[2023-01-10 08:43:16.548] [rrc] [info] Selected cell plmn[208/93] tac[1] category[SUITABLE]
[2023-01-10 08:43:16.548] [nas] [info] UE switches to state [MM-DEREGISTERED/PS]
[2023-01-10 08:43:16.548] [nas] [info] UE switches to state [MM-DEREGISTERED/NORMAL-SERVICE]
[2023-01-10 08:43:16.548] [nas] [debug] Initial registration required due to [MM-DEREG-NORMAL-SERVICE]
[2023-01-10 08:43:16.549] [nas] [debug] UAC access attempt is allowed for identity[0], category[MO_sig]
[2023-01-10 08:43:16.549] [nas] [debug] Sending Initial Registration
[2023-01-10 08:43:16.549] [nas] [info] UE switches to state [MM-REGISTER-INITIATED]
[2023-01-10 08:43:16.549] [rrc] [debug] Sending RRC Setup Request
[2023-01-10 08:43:16.549] [rrc] [info] RRC connection established
[2023-01-10 08:43:16.549] [rrc] [info] UE switches to state [RRC-CONNECTED]
[2023-01-10 08:43:16.549] [nas] [info] UE switches to state [CM-CONNECTED]
[2023-01-10 08:43:16.566] [nas] [debug] Authentication Request received
[2023-01-10 08:43:16.566] [nas] [debug] Sending Authentication Failure due to SQN out of range
[2023-01-10 08:43:16.579] [nas] [debug] Authentication Request received
[2023-01-10 08:43:16.584] [nas] [debug] Security Mode Command received
[2023-01-10 08:43:16.584] [nas] [debug] Selected integrity[2] ciphering[0]
[2023-01-10 08:43:16.612] [nas] [debug] Registration accept received
[2023-01-10 08:43:16.612] [nas] [info] UE switches to state [MM-REGISTERED/NORMAL-SERVICE]
[2023-01-10 08:43:16.612] [nas] [debug] Sending Registration Complete
[2023-01-10 08:43:16.612] [nas] [info] Initial Registration is successful
[2023-01-10 08:43:16.612] [nas] [debug] Sending PDU Session Establishment Request
[2023-01-10 08:43:16.614] [nas] [debug] UAC access attempt is allowed for identity[0], category[MO_sig]
[2023-01-10 08:43:16.866] [nas] [debug] PDU Session Establishment Accept received
[2023-01-10 08:43:16.866] [nas] [info] PDU Session establishment is successful PSI[1]
[2023-01-10 08:43:16.887] [app] [info] Connection setup for PDU session[1] is successful, TUN interface[uesimtun11, 10.60.0.16] is up.
[2023-01-10 08:46:18.009] [nas] [debug] De-registration required due to [NORMAL]
[2023-01-10 08:46:18.020] [nas] [debug] Starting de-registration procedure due to [NORMAL]
[2023-01-10 08:46:18.020] [nas] [debug] Performing local release of PDU session[1]
[2023-01-10 08:46:18.020] [nas] [info] UE switches to state [MM-DEREGISTER-INITIATED]
[2023-01-10 08:46:18.307] [nas] [debug] De-registration required due to [NORMAL]
[2023-01-10 08:46:18.520] [rrc] [debug] Signal lost for cell[1], total [0] cells in coverage
[2023-01-10 08:46:18.520] [nas] [error] Radio link failure detected
[2023-01-10 08:46:18.520] [nas] [info] UE switches to state [CM-IDLE]
[2023-01-10 08:46:18.520] [nas] [info] UE switches to state [MM-DEREGISTERED/PS]
[2023-01-10 08:46:18.520] [nas] [info] UE switches to state [MM-DEREGISTERED/PLMN-SEARCH]
[2023-01-10 08:46:18.520] [nas] [error] PLMN selection failure, no cells in coverage
[2023-01-10 08:46:19.122] [rrc] [warning] Acceptable cell selection failed, no cell is in coverage
[2023-01-10 08:46:19.122] [rrc] [error] Cell selection failure, no suitable or acceptable cell found
[2023-01-10 08:46:21.531] [nas] [error] PLMN selection failure, no cells in coverage
[2023-01-10 08:46:23.733] [nas] [info] UE switches to state [MM-DEREGISTERED/NO-CELL-AVAILABLE]
[2023-01-10 08:46:49.135] [rrc] [warning] Acceptable cell selection failed, no cell is in coverage
[2023-01-10 08:46:49.135] [rrc] [error] Cell selection failure, no suitable or acceptable cell found
[2023-01-10 08:46:52.359] [nas] [error] PLMN selection failure, no cells in coverage
[2023-01-10 08:47:19.147] [rrc] [warning] Acceptable cell selection failed, no cell is in coverage
[2023-01-10 08:47:19.147] [rrc] [error] Cell selection failure, no suitable or acceptable cell found
[2023-01-10 08:47:23.187] [nas] [error] PLMN selection failure, no cells in coverage
[2023-01-10 08:47:49.160] [rrc] [warning] Acceptable cell selection failed, no cell is in coverage
[2023-01-10 08:47:49.160] [rrc] [error] Cell selection failure, no suitable or acceptable cell found
[2023-01-10 08:47:54.015] [nas] [error] PLMN selection failure, no cells in coverage
[2023-01-10 08:48:18.561] [nas] [debug] De-registration required due to [NORMAL]
[2023-01-10 08:48:19.172] [rrc] [warning] Acceptable cell selection failed, no cell is in coverage
[2023-01-10 08:48:19.172] [rrc] [error] Cell selection failure, no suitable or acceptable cell found
[2023-01-10 08:48:24.843] [nas] [error] PLMN selection failure, no cells in coverage
[2023-01-10 08:48:49.184] [rrc] [warning] Acceptable cell selection failed, no cell is in coverage
[2023-01-10 08:48:49.184] [rrc] [error] Cell selection failure, no suitable or acceptable cell found
[2023-01-10 08:48:55.671] [nas] [error] PLMN selection failure, no cells in coverage
[2023-01-10 08:49:19.196] [rrc] [warning] Acceptable cell selection failed, no cell is in coverage
[2023-01-10 08:49:19.196] [rrc] [error] Cell selection failure, no suitable or acceptable cell found
[2023-01-10 08:49:26.499] [nas] [error] PLMN selection failure, no cells in coverage
[2023-01-10 08:49:49.209] [rrc] [warning] Acceptable cell selection failed, no cell is in coverage
[2023-01-10 08:49:49.209] [rrc] [error] Cell selection failure, no suitable or acceptable cell found
[2023-01-10 08:49:57.327] [nas] [error] PLMN selection failure, no cells in coverage
[2023-01-10 08:50:19.221] [rrc] [warning] Acceptable cell selection failed, no cell is in coverage
[2023-01-10 08:50:19.221] [rrc] [error] Cell selection failure, no suitable or acceptable cell found
[2023-01-10 08:50:28.155] [nas] [error] PLMN selection failure, no cells in coverage
[2023-01-10 08:50:49.233] [rrc] [warning] Acceptable cell selection failed, no cell is in coverage
[2023-01-10 08:50:49.233] [rrc] [error] Cell selection failure, no suitable or acceptable cell found
[2023-01-10 08:50:58.983] [nas] [error] PLMN selection failure, no cells in coverage
[2023-01-10 08:51:19.245] [rrc] [warning] Acceptable cell selection failed, no cell is in coverage
[2023-01-10 08:51:19.245] [rrc] [error] Cell selection failure, no suitable or acceptable cell found
[2023-01-10 08:51:29.811] [nas] [error] PLMN selection failure, no cells in coverage
[2023-01-10 08:51:49.258] [rrc] [warning] Acceptable cell selection failed, no cell is in coverage
[2023-01-10 08:51:49.258] [rrc] [error] Cell selection failure, no suitable or acceptable cell found
[2023-01-10 08:52:00.639] [nas] [error] PLMN selection failure, no cells in coverage
[2023-01-10 08:52:19.270] [rrc] [warning] Acceptable cell selection failed, no cell is in coverage
[2023-01-10 08:52:19.270] [rrc] [error] Cell selection failure, no suitable or acceptable cell found
[2023-01-10 08:52:31.469] [nas] [error] PLMN selection failure, no cells in coverage
[2023-01-10 08:52:49.282] [rrc] [warning] Acceptable cell selection failed, no cell is in coverage
[2023-01-10 08:52:49.282] [rrc] [error] Cell selection failure, no suitable or acceptable cell found
[2023-01-10 08:53:02.298] [nas] [error] PLMN selection failure, no cells in coverage
[2023-01-10 08:53:19.294] [rrc] [warning] Acceptable cell selection failed, no cell is in coverage
[2023-01-10 08:53:19.294] [rrc] [error] Cell selection failure, no suitable or acceptable cell found
[2023-01-10 08:53:33.126] [nas] [error] PLMN selection failure, no cells in coverage
[2023-01-10 08:53:49.306] [rrc] [warning] Acceptable cell selection failed, no cell is in coverage
[2023-01-10 08:53:49.306] [rrc] [error] Cell selection failure, no suitable or acceptable cell found
[2023-01-10 08:54:03.954] [nas] [error] PLMN selection failure, no cells in coverage
[2023-01-10 08:54:19.318] [rrc] [warning] Acceptable cell selection failed, no cell is in coverage
[2023-01-10 08:54:19.318] [rrc] [error] Cell selection failure, no suitable or acceptable cell found
[2023-01-10 08:54:34.782] [nas] [error] PLMN selection failure, no cells in coverage
[2023-01-10 08:54:49.330] [rrc] [warning] Acceptable cell selection failed, no cell is in coverage
[2023-01-10 08:54:49.330] [rrc] [error] Cell selection failure, no suitable or acceptable cell found
[2023-01-10 08:55:05.610] [nas] [error] PLMN selection failure, no cells in coverage
[2023-01-10 08:55:19.342] [rrc] [warning] Acceptable cell selection failed, no cell is in coverage
[2023-01-10 08:55:19.342] [rrc] [error] Cell selection failure, no suitable or acceptable cell found
[2023-01-10 08:55:36.438] [nas] [error] PLMN selection failure, no cells in coverage
[2023-01-10 08:55:49.354] [rrc] [warning] Acceptable cell selection failed, no cell is in coverage
[2023-01-10 08:55:49.354] [rrc] [error] Cell selection failure, no suitable or acceptable cell found
[2023-01-10 08:56:07.266] [nas] [error] PLMN selection failure, no cells in coverage
[2023-01-10 08:56:19.366] [rrc] [warning] Acceptable cell selection failed, no cell is in coverage
[2023-01-10 08:56:19.366] [rrc] [error] Cell selection failure, no suitable or acceptable cell found
[2023-01-10 08:56:38.094] [nas] [error] PLMN selection failure, no cells in coverage
[2023-01-10 08:56:49.378] [rrc] [warning] Acceptable cell selection failed, no cell is in coverage
[2023-01-10 08:56:49.378] [rrc] [error] Cell selection failure, no suitable or acceptable cell found
[2023-01-10 08:57:08.922] [nas] [error] PLMN selection failure, no cells in coverage
[2023-01-10 08:57:19.390] [rrc] [warning] Acceptable cell selection failed, no cell is in coverage
[2023-01-10 08:57:19.390] [rrc] [error] Cell selection failure, no suitable or acceptable cell found
[2023-01-10 08:57:39.750] [nas] [error] PLMN selection failure, no cells in coverage
[2023-01-10 08:57:49.402] [rrc] [warning] Acceptable cell selection failed, no cell is in coverage
[2023-01-10 08:57:49.402] [rrc] [error] Cell selection failure, no suitable or acceptable cell found
[2023-01-10 08:58:10.579] [nas] [error] PLMN selection failure, no cells in coverage
[2023-01-10 08:58:19.414] [rrc] [warning] Acceptable cell selection failed, no cell is in coverage
[2023-01-10 08:58:19.415] [rrc] [error] Cell selection failure, no suitable or acceptable cell found
[2023-01-10 08:58:41.408] [nas] [error] PLMN selection failure, no cells in coverage
[2023-01-10 08:58:49.426] [rrc] [warning] Acceptable cell selection failed, no cell is in coverage
[2023-01-10 08:58:49.426] [rrc] [error] Cell selection failure, no suitable or acceptable cell found
[2023-01-10 08:59:12.236] [nas] [error] PLMN selection failure, no cells in coverage
[2023-01-10 08:59:19.438] [rrc] [warning] Acceptable cell selection failed, no cell is in coverage
[2023-01-10 08:59:19.438] [rrc] [error] Cell selection failure, no suitable or acceptable cell found
[2023-01-10 08:59:43.064] [nas] [error] PLMN selection failure, no cells in coverage
[2023-01-10 08:59:49.450] [rrc] [warning] Acceptable cell selection failed, no cell is in coverage
[2023-01-10 08:59:49.450] [rrc] [error] Cell selection failure, no suitable or acceptable cell found
[2023-01-10 09:00:13.892] [nas] [error] PLMN selection failure, no cells in coverage
[2023-01-10 09:00:19.462] [rrc] [warning] Acceptable cell selection failed, no cell is in coverage
[2023-01-10 09:00:19.462] [rrc] [error] Cell selection failure, no suitable or acceptable cell found
[2023-01-10 09:00:44.720] [nas] [error] PLMN selection failure, no cells in coverage
[2023-01-10 09:00:49.474] [rrc] [warning] Acceptable cell selection failed, no cell is in coverage
[2023-01-10 09:00:49.474] [rrc] [error] Cell selection failure, no suitable or acceptable cell found
[2023-01-10 09:01:15.548] [nas] [error] PLMN selection failure, no cells in coverage
[2023-01-10 09:01:19.486] [rrc] [warning] Acceptable cell selection failed, no cell is in coverage
[2023-01-10 09:01:19.486] [rrc] [error] Cell selection failure, no suitable or acceptable cell found
[2023-01-10 09:01:46.377] [nas] [error] PLMN selection failure, no cells in coverage
[2023-01-10 09:01:49.498] [rrc] [warning] Acceptable cell selection failed, no cell is in coverage
[2023-01-10 09:01:49.498] [rrc] [error] Cell selection failure, no suitable or acceptable cell found
[2023-01-10 09:02:17.205] [nas] [error] PLMN selection failure, no cells in coverage
[2023-01-10 09:02:19.510] [rrc] [warning] Acceptable cell selection failed, no cell is in coverage
[2023-01-10 09:02:19.510] [rrc] [error] Cell selection failure, no suitable or acceptable cell found
[2023-01-10 09:02:48.033] [nas] [error] PLMN selection failure, no cells in coverage
[2023-01-10 09:02:49.522] [rrc] [warning] Acceptable cell selection failed, no cell is in coverage
[2023-01-10 09:02:49.522] [rrc] [error] Cell selection failure, no suitable or acceptable cell found
[2023-01-10 09:03:18.861] [nas] [error] PLMN selection failure, no cells in coverage
[2023-01-10 09:03:19.534] [rrc] [warning] Acceptable cell selection failed, no cell is in coverage
[2023-01-10 09:03:19.534] [rrc] [error] Cell selection failure, no suitable or acceptable cell found
[2023-01-10 09:03:49.546] [rrc] [warning] Acceptable cell selection failed, no cell is in coverage
[2023-01-10 09:03:49.546] [rrc] [error] Cell selection failure, no suitable or acceptable cell found
[2023-01-10 09:03:49.689] [nas] [error] PLMN selection failure, no cells in coverage
[2023-01-10 09:04:19.558] [rrc] [warning] Acceptable cell selection failed, no cell is in coverage
[2023-01-10 09:04:19.558] [rrc] [error] Cell selection failure, no suitable or acceptable cell found
[2023-01-10 09:04:20.517] [nas] [error] PLMN selection failure, no cells in coverage
[2023-01-10 09:04:49.570] [rrc] [warning] Acceptable cell selection failed, no cell is in coverage
[2023-01-10 09:04:49.570] [rrc] [error] Cell selection failure, no suitable or acceptable cell found
[2023-01-10 09:04:51.345] [nas] [error] PLMN selection failure, no cells in coverage
[2023-01-10 09:05:19.582] [rrc] [warning] Acceptable cell selection failed, no cell is in coverage
[2023-01-10 09:05:19.582] [rrc] [error] Cell selection failure, no suitable or acceptable cell found
[2023-01-10 09:05:22.173] [nas] [error] PLMN selection failure, no cells in coverage
[2023-01-10 09:05:49.594] [rrc] [warning] Acceptable cell selection failed, no cell is in coverage
[2023-01-10 09:05:49.594] [rrc] [error] Cell selection failure, no suitable or acceptable cell found
[2023-01-10 09:05:53.001] [nas] [error] PLMN selection failure, no cells in coverage
[2023-01-10 09:06:19.606] [rrc] [warning] Acceptable cell selection failed, no cell is in coverage
[2023-01-10 09:06:19.606] [rrc] [error] Cell selection failure, no suitable or acceptable cell found
[2023-01-10 09:06:23.829] [nas] [error] PLMN selection failure, no cells in coverage
[2023-01-10 09:06:49.618] [rrc] [warning] Acceptable cell selection failed, no cell is in coverage
[2023-01-10 09:06:49.618] [rrc] [error] Cell selection failure, no suitable or acceptable cell found
[2023-01-10 09:06:54.657] [nas] [error] PLMN selection failure, no cells in coverage
