UERANSIM v3.2.6
[2023-01-10 08:45:30.683] [nas] [info] UE switches to state [MM-DEREGISTERED/PLMN-SEARCH]
[2023-01-10 08:45:30.689] [rrc] [debug] New signal detected for cell[1], total [1] cells in coverage
[2023-01-10 08:45:30.689] [nas] [info] Selected plmn[208/93]
[2023-01-10 08:45:30.689] [rrc] [info] Selected cell plmn[208/93] tac[1] category[SUITABLE]
[2023-01-10 08:45:30.689] [nas] [info] UE switches to state [MM-DEREGISTERED/PS]
[2023-01-10 08:45:30.689] [nas] [info] UE switches to state [MM-DEREGISTERED/NORMAL-SERVICE]
[2023-01-10 08:45:30.689] [nas] [debug] Initial registration required due to [MM-DEREG-NORMAL-SERVICE]
[2023-01-10 08:45:30.689] [nas] [debug] UAC access attempt is allowed for identity[0], category[MO_sig]
[2023-01-10 08:45:30.689] [nas] [debug] Sending Initial Registration
[2023-01-10 08:45:30.689] [nas] [info] UE switches to state [MM-REGISTER-INITIATED]
[2023-01-10 08:45:30.689] [rrc] [debug] Sending RRC Setup Request
[2023-01-10 08:45:30.690] [rrc] [info] RRC connection established
[2023-01-10 08:45:30.690] [rrc] [info] UE switches to state [RRC-CONNECTED]
[2023-01-10 08:45:30.690] [nas] [info] UE switches to state [CM-CONNECTED]
[2023-01-10 08:45:30.706] [nas] [debug] Authentication Request received
[2023-01-10 08:45:30.706] [nas] [debug] Sending Authentication Failure due to SQN out of range
[2023-01-10 08:45:30.718] [nas] [debug] Authentication Request received
[2023-01-10 08:45:30.726] [nas] [debug] Security Mode Command received
[2023-01-10 08:45:30.726] [nas] [debug] Selected integrity[2] ciphering[0]
[2023-01-10 08:45:30.756] [nas] [debug] Registration accept received
[2023-01-10 08:45:30.756] [nas] [info] UE switches to state [MM-REGISTERED/NORMAL-SERVICE]
[2023-01-10 08:45:30.756] [nas] [debug] Sending Registration Complete
[2023-01-10 08:45:30.756] [nas] [info] Initial Registration is successful
[2023-01-10 08:45:30.756] [nas] [debug] Sending PDU Session Establishment Request
[2023-01-10 08:45:30.756] [nas] [debug] UAC access attempt is allowed for identity[0], category[MO_sig]
[2023-01-10 08:45:30.989] [nas] [debug] PDU Session Establishment Accept received
[2023-01-10 08:45:30.989] [nas] [info] PDU Session establishment is successful PSI[1]
[2023-01-10 08:45:31.016] [app] [info] Connection setup for PDU session[1] is successful, TUN interface[uesimtun78, 10.60.0.83] is up.
[2023-01-10 08:46:18.069] [nas] [debug] Sending PDU Session Establishment Request
[2023-01-10 08:46:18.206] [nas] [error] No response from RRC from UAC checks, considering access attempt is barred
[2023-01-10 08:46:18.503] [nas] [debug] Sending PDU Session Release Request for PSI[1]
[2023-01-10 08:46:18.721] [rrc] [debug] Signal lost for cell[1], total [0] cells in coverage
[2023-01-10 08:46:18.721] [nas] [error] Radio link failure detected
[2023-01-10 08:46:18.721] [nas] [info] UE switches to state [CM-IDLE]
[2023-01-10 08:46:18.721] [nas] [info] UE switches to state [MM-REGISTERED/PS]
[2023-01-10 08:46:18.721] [nas] [info] UE switches to state [MM-REGISTERED/PLMN-SEARCH]
[2023-01-10 08:46:18.721] [nas] [error] PLMN selection failure, no cells in coverage
[2023-01-10 08:46:20.723] [rrc] [warning] Acceptable cell selection failed, no cell is in coverage
[2023-01-10 08:46:20.723] [rrc] [error] Cell selection failure, no suitable or acceptable cell found
[2023-01-10 08:46:21.332] [nas] [error] PLMN selection failure, no cells in coverage
[2023-01-10 08:46:23.534] [nas] [error] PLMN selection failure, no cells in coverage
[2023-01-10 08:46:24.635] [nas] [info] UE switches to state [MM-REGISTERED/NO-CELL-AVAILABLE]
[2023-01-10 08:46:34.751] [nas] [warning] Retransmitting PDU Session Establishment Request due to T3580 expiry
[2023-01-10 08:46:34.751] [nas] [error] UAC access attempt is barred for identity[0], category[MO_sig]
[2023-01-10 08:46:34.751] [nas] [warning] Retransmitting PDU Session Release Request due to T3582 expiry
[2023-01-10 08:46:34.751] [nas] [debug] NAS Transport aborted, no active cell
[2023-01-10 08:46:50.735] [rrc] [warning] Acceptable cell selection failed, no cell is in coverage
[2023-01-10 08:46:50.735] [rrc] [error] Cell selection failure, no suitable or acceptable cell found
[2023-01-10 08:46:50.768] [nas] [warning] Retransmitting PDU Session Establishment Request due to T3580 expiry
[2023-01-10 08:46:50.769] [nas] [error] UAC access attempt is barred for identity[0], category[MO_sig]
[2023-01-10 08:46:50.769] [nas] [warning] Retransmitting PDU Session Release Request due to T3582 expiry
[2023-01-10 08:46:50.769] [nas] [debug] NAS Transport aborted, no active cell
[2023-01-10 08:46:54.363] [nas] [error] PLMN selection failure, no cells in coverage
[2023-01-10 08:47:06.784] [nas] [warning] Retransmitting PDU Session Establishment Request due to T3580 expiry
[2023-01-10 08:47:06.784] [nas] [error] UAC access attempt is barred for identity[0], category[MO_sig]
[2023-01-10 08:47:06.784] [nas] [warning] Retransmitting PDU Session Release Request due to T3582 expiry
[2023-01-10 08:47:06.784] [nas] [debug] NAS Transport aborted, no active cell
[2023-01-10 08:47:20.747] [rrc] [warning] Acceptable cell selection failed, no cell is in coverage
[2023-01-10 08:47:20.747] [rrc] [error] Cell selection failure, no suitable or acceptable cell found
[2023-01-10 08:47:22.821] [nas] [warning] Retransmitting PDU Session Establishment Request due to T3580 expiry
[2023-01-10 08:47:22.821] [nas] [error] UAC access attempt is barred for identity[0], category[MO_sig]
[2023-01-10 08:47:22.821] [nas] [warning] Retransmitting PDU Session Release Request due to T3582 expiry
[2023-01-10 08:47:22.821] [nas] [debug] NAS Transport aborted, no active cell
[2023-01-10 08:47:25.191] [nas] [error] PLMN selection failure, no cells in coverage
[2023-01-10 08:47:38.895] [nas] [error] PDU Session Establishment procedure failure, no response from the network after 5 attempts
[2023-01-10 08:47:38.895] [nas] [debug] Aborting SM procedure for PTI[1], PSI[2]
[2023-01-10 08:47:38.895] [nas] [error] PDU Session Release procedure failure, no response from the network after 5 attempts
[2023-01-10 08:47:38.895] [nas] [debug] Aborting SM procedure for PTI[2], PSI[1]
[2023-01-10 08:47:38.895] [nas] [debug] Performing local release of PDU session[1]
[2023-01-10 08:47:38.895] [nas] [debug] Mobility registration updating required due to [PS-STATUS-INFORM]
[2023-01-10 08:47:50.759] [rrc] [warning] Acceptable cell selection failed, no cell is in coverage
[2023-01-10 08:47:50.759] [rrc] [error] Cell selection failure, no suitable or acceptable cell found
[2023-01-10 08:47:56.026] [nas] [error] PLMN selection failure, no cells in coverage
[2023-01-10 08:48:19.050] [nas] [debug] De-registration required due to [NORMAL]
[2023-01-10 08:48:20.771] [rrc] [warning] Acceptable cell selection failed, no cell is in coverage
[2023-01-10 08:48:20.771] [rrc] [error] Cell selection failure, no suitable or acceptable cell found
[2023-01-10 08:48:26.855] [nas] [error] PLMN selection failure, no cells in coverage
[2023-01-10 08:48:50.783] [rrc] [warning] Acceptable cell selection failed, no cell is in coverage
[2023-01-10 08:48:50.783] [rrc] [error] Cell selection failure, no suitable or acceptable cell found
[2023-01-10 08:48:57.683] [nas] [error] PLMN selection failure, no cells in coverage
[2023-01-10 08:49:20.795] [rrc] [warning] Acceptable cell selection failed, no cell is in coverage
[2023-01-10 08:49:20.795] [rrc] [error] Cell selection failure, no suitable or acceptable cell found
[2023-01-10 08:49:28.511] [nas] [error] PLMN selection failure, no cells in coverage
[2023-01-10 08:49:50.807] [rrc] [warning] Acceptable cell selection failed, no cell is in coverage
[2023-01-10 08:49:50.807] [rrc] [error] Cell selection failure, no suitable or acceptable cell found
[2023-01-10 08:49:59.339] [nas] [error] PLMN selection failure, no cells in coverage
[2023-01-10 08:50:20.819] [rrc] [warning] Acceptable cell selection failed, no cell is in coverage
[2023-01-10 08:50:20.819] [rrc] [error] Cell selection failure, no suitable or acceptable cell found
[2023-01-10 08:50:30.167] [nas] [error] PLMN selection failure, no cells in coverage
[2023-01-10 08:50:50.831] [rrc] [warning] Acceptable cell selection failed, no cell is in coverage
[2023-01-10 08:50:50.831] [rrc] [error] Cell selection failure, no suitable or acceptable cell found
[2023-01-10 08:51:00.995] [nas] [error] PLMN selection failure, no cells in coverage
[2023-01-10 08:51:20.843] [rrc] [warning] Acceptable cell selection failed, no cell is in coverage
[2023-01-10 08:51:20.843] [rrc] [error] Cell selection failure, no suitable or acceptable cell found
[2023-01-10 08:51:31.823] [nas] [error] PLMN selection failure, no cells in coverage
[2023-01-10 08:51:50.855] [rrc] [warning] Acceptable cell selection failed, no cell is in coverage
[2023-01-10 08:51:50.855] [rrc] [error] Cell selection failure, no suitable or acceptable cell found
[2023-01-10 08:52:02.651] [nas] [error] PLMN selection failure, no cells in coverage
[2023-01-10 08:52:20.867] [rrc] [warning] Acceptable cell selection failed, no cell is in coverage
[2023-01-10 08:52:20.867] [rrc] [error] Cell selection failure, no suitable or acceptable cell found
[2023-01-10 08:52:33.479] [nas] [error] PLMN selection failure, no cells in coverage
[2023-01-10 08:52:50.879] [rrc] [warning] Acceptable cell selection failed, no cell is in coverage
[2023-01-10 08:52:50.879] [rrc] [error] Cell selection failure, no suitable or acceptable cell found
[2023-01-10 08:53:04.307] [nas] [error] PLMN selection failure, no cells in coverage
[2023-01-10 08:53:20.891] [rrc] [warning] Acceptable cell selection failed, no cell is in coverage
[2023-01-10 08:53:20.891] [rrc] [error] Cell selection failure, no suitable or acceptable cell found
[2023-01-10 08:53:35.135] [nas] [error] PLMN selection failure, no cells in coverage
[2023-01-10 08:53:50.903] [rrc] [warning] Acceptable cell selection failed, no cell is in coverage
[2023-01-10 08:53:50.903] [rrc] [error] Cell selection failure, no suitable or acceptable cell found
[2023-01-10 08:54:05.963] [nas] [error] PLMN selection failure, no cells in coverage
[2023-01-10 08:54:20.915] [rrc] [warning] Acceptable cell selection failed, no cell is in coverage
[2023-01-10 08:54:20.915] [rrc] [error] Cell selection failure, no suitable or acceptable cell found
[2023-01-10 08:54:36.791] [nas] [error] PLMN selection failure, no cells in coverage
[2023-01-10 08:54:50.927] [rrc] [warning] Acceptable cell selection failed, no cell is in coverage
[2023-01-10 08:54:50.927] [rrc] [error] Cell selection failure, no suitable or acceptable cell found
[2023-01-10 08:55:07.619] [nas] [error] PLMN selection failure, no cells in coverage
[2023-01-10 08:55:20.939] [rrc] [warning] Acceptable cell selection failed, no cell is in coverage
[2023-01-10 08:55:20.939] [rrc] [error] Cell selection failure, no suitable or acceptable cell found
[2023-01-10 08:55:38.447] [nas] [error] PLMN selection failure, no cells in coverage
[2023-01-10 08:55:50.951] [rrc] [warning] Acceptable cell selection failed, no cell is in coverage
[2023-01-10 08:55:50.951] [rrc] [error] Cell selection failure, no suitable or acceptable cell found
[2023-01-10 08:56:09.275] [nas] [error] PLMN selection failure, no cells in coverage
[2023-01-10 08:56:20.963] [rrc] [warning] Acceptable cell selection failed, no cell is in coverage
[2023-01-10 08:56:20.963] [rrc] [error] Cell selection failure, no suitable or acceptable cell found
[2023-01-10 08:56:40.104] [nas] [error] PLMN selection failure, no cells in coverage
[2023-01-10 08:56:50.975] [rrc] [warning] Acceptable cell selection failed, no cell is in coverage
[2023-01-10 08:56:50.975] [rrc] [error] Cell selection failure, no suitable or acceptable cell found
[2023-01-10 08:57:10.932] [nas] [error] PLMN selection failure, no cells in coverage
[2023-01-10 08:57:20.987] [rrc] [warning] Acceptable cell selection failed, no cell is in coverage
[2023-01-10 08:57:20.987] [rrc] [error] Cell selection failure, no suitable or acceptable cell found
[2023-01-10 08:57:41.760] [nas] [error] PLMN selection failure, no cells in coverage
[2023-01-10 08:57:50.999] [rrc] [warning] Acceptable cell selection failed, no cell is in coverage
[2023-01-10 08:57:50.999] [rrc] [error] Cell selection failure, no suitable or acceptable cell found
[2023-01-10 08:58:12.590] [nas] [error] PLMN selection failure, no cells in coverage
[2023-01-10 08:58:21.011] [rrc] [warning] Acceptable cell selection failed, no cell is in coverage
[2023-01-10 08:58:21.011] [rrc] [error] Cell selection failure, no suitable or acceptable cell found
[2023-01-10 08:58:43.418] [nas] [error] PLMN selection failure, no cells in coverage
[2023-01-10 08:58:51.023] [rrc] [warning] Acceptable cell selection failed, no cell is in coverage
[2023-01-10 08:58:51.023] [rrc] [error] Cell selection failure, no suitable or acceptable cell found
[2023-01-10 08:59:14.246] [nas] [error] PLMN selection failure, no cells in coverage
[2023-01-10 08:59:21.035] [rrc] [warning] Acceptable cell selection failed, no cell is in coverage
[2023-01-10 08:59:21.035] [rrc] [error] Cell selection failure, no suitable or acceptable cell found
[2023-01-10 08:59:45.074] [nas] [error] PLMN selection failure, no cells in coverage
[2023-01-10 08:59:51.047] [rrc] [warning] Acceptable cell selection failed, no cell is in coverage
[2023-01-10 08:59:51.047] [rrc] [error] Cell selection failure, no suitable or acceptable cell found
[2023-01-10 09:00:15.902] [nas] [error] PLMN selection failure, no cells in coverage
[2023-01-10 09:00:21.059] [rrc] [warning] Acceptable cell selection failed, no cell is in coverage
[2023-01-10 09:00:21.059] [rrc] [error] Cell selection failure, no suitable or acceptable cell found
[2023-01-10 09:00:46.730] [nas] [error] PLMN selection failure, no cells in coverage
[2023-01-10 09:00:51.071] [rrc] [warning] Acceptable cell selection failed, no cell is in coverage
[2023-01-10 09:00:51.071] [rrc] [error] Cell selection failure, no suitable or acceptable cell found
[2023-01-10 09:01:17.559] [nas] [error] PLMN selection failure, no cells in coverage
[2023-01-10 09:01:21.083] [rrc] [warning] Acceptable cell selection failed, no cell is in coverage
[2023-01-10 09:01:21.083] [rrc] [error] Cell selection failure, no suitable or acceptable cell found
[2023-01-10 09:01:48.388] [nas] [error] PLMN selection failure, no cells in coverage
[2023-01-10 09:01:51.095] [rrc] [warning] Acceptable cell selection failed, no cell is in coverage
[2023-01-10 09:01:51.095] [rrc] [error] Cell selection failure, no suitable or acceptable cell found
[2023-01-10 09:02:19.216] [nas] [error] PLMN selection failure, no cells in coverage
[2023-01-10 09:02:21.107] [rrc] [warning] Acceptable cell selection failed, no cell is in coverage
[2023-01-10 09:02:21.107] [rrc] [error] Cell selection failure, no suitable or acceptable cell found
[2023-01-10 09:02:50.044] [nas] [error] PLMN selection failure, no cells in coverage
[2023-01-10 09:02:51.119] [rrc] [warning] Acceptable cell selection failed, no cell is in coverage
[2023-01-10 09:02:51.119] [rrc] [error] Cell selection failure, no suitable or acceptable cell found
[2023-01-10 09:03:20.872] [nas] [error] PLMN selection failure, no cells in coverage
[2023-01-10 09:03:21.131] [rrc] [warning] Acceptable cell selection failed, no cell is in coverage
[2023-01-10 09:03:21.131] [rrc] [error] Cell selection failure, no suitable or acceptable cell found
[2023-01-10 09:03:51.143] [rrc] [warning] Acceptable cell selection failed, no cell is in coverage
[2023-01-10 09:03:51.143] [rrc] [error] Cell selection failure, no suitable or acceptable cell found
[2023-01-10 09:03:51.700] [nas] [error] PLMN selection failure, no cells in coverage
[2023-01-10 09:04:21.155] [rrc] [warning] Acceptable cell selection failed, no cell is in coverage
[2023-01-10 09:04:21.155] [rrc] [error] Cell selection failure, no suitable or acceptable cell found
[2023-01-10 09:04:22.528] [nas] [error] PLMN selection failure, no cells in coverage
[2023-01-10 09:04:51.167] [rrc] [warning] Acceptable cell selection failed, no cell is in coverage
[2023-01-10 09:04:51.167] [rrc] [error] Cell selection failure, no suitable or acceptable cell found
[2023-01-10 09:04:53.358] [nas] [error] PLMN selection failure, no cells in coverage
[2023-01-10 09:05:21.179] [rrc] [warning] Acceptable cell selection failed, no cell is in coverage
[2023-01-10 09:05:21.179] [rrc] [error] Cell selection failure, no suitable or acceptable cell found
[2023-01-10 09:05:24.188] [nas] [error] PLMN selection failure, no cells in coverage
[2023-01-10 09:05:51.191] [rrc] [warning] Acceptable cell selection failed, no cell is in coverage
[2023-01-10 09:05:51.191] [rrc] [error] Cell selection failure, no suitable or acceptable cell found
[2023-01-10 09:05:55.016] [nas] [error] PLMN selection failure, no cells in coverage
[2023-01-10 09:06:21.203] [rrc] [warning] Acceptable cell selection failed, no cell is in coverage
[2023-01-10 09:06:21.203] [rrc] [error] Cell selection failure, no suitable or acceptable cell found
[2023-01-10 09:06:25.844] [nas] [error] PLMN selection failure, no cells in coverage
[2023-01-10 09:06:51.215] [rrc] [warning] Acceptable cell selection failed, no cell is in coverage
[2023-01-10 09:06:51.215] [rrc] [error] Cell selection failure, no suitable or acceptable cell found
