UERANSIM v3.2.6
[2023-01-10 08:45:14.666] [nas] [info] UE switches to state [MM-DEREGISTERED/PLMN-SEARCH]
[2023-01-10 08:45:14.666] [rrc] [debug] New signal detected for cell[1], total [1] cells in coverage
[2023-01-10 08:45:14.671] [nas] [info] Selected plmn[208/93]
[2023-01-10 08:45:14.671] [rrc] [info] Selected cell plmn[208/93] tac[1] category[SUITABLE]
[2023-01-10 08:45:14.671] [nas] [info] UE switches to state [MM-DEREGISTERED/PS]
[2023-01-10 08:45:14.671] [nas] [info] UE switches to state [MM-DEREGISTERED/NORMAL-SERVICE]
[2023-01-10 08:45:14.671] [nas] [debug] Initial registration required due to [MM-DEREG-NORMAL-SERVICE]
[2023-01-10 08:45:14.671] [nas] [debug] UAC access attempt is allowed for identity[0], category[MO_sig]
[2023-01-10 08:45:14.672] [nas] [debug] Sending Initial Registration
[2023-01-10 08:45:14.672] [rrc] [debug] Sending RRC Setup Request
[2023-01-10 08:45:14.672] [nas] [info] UE switches to state [MM-REGISTER-INITIATED]
[2023-01-10 08:45:14.672] [rrc] [info] RRC connection established
[2023-01-10 08:45:14.672] [rrc] [info] UE switches to state [RRC-CONNECTED]
[2023-01-10 08:45:14.672] [nas] [info] UE switches to state [CM-CONNECTED]
[2023-01-10 08:45:14.701] [nas] [debug] Authentication Request received
[2023-01-10 08:45:14.701] [nas] [debug] Sending Authentication Failure due to SQN out of range
[2023-01-10 08:45:14.716] [nas] [debug] Authentication Request received
[2023-01-10 08:45:14.722] [nas] [debug] Security Mode Command received
[2023-01-10 08:45:14.722] [nas] [debug] Selected integrity[2] ciphering[0]
[2023-01-10 08:45:14.750] [nas] [debug] Registration accept received
[2023-01-10 08:45:14.750] [nas] [info] UE switches to state [MM-REGISTERED/NORMAL-SERVICE]
[2023-01-10 08:45:14.750] [nas] [debug] Sending Registration Complete
[2023-01-10 08:45:14.750] [nas] [info] Initial Registration is successful
[2023-01-10 08:45:14.750] [nas] [debug] Sending PDU Session Establishment Request
[2023-01-10 08:45:14.750] [nas] [debug] UAC access attempt is allowed for identity[0], category[MO_sig]
[2023-01-10 08:45:14.984] [nas] [debug] PDU Session Establishment Accept received
[2023-01-10 08:45:14.984] [nas] [info] PDU Session establishment is successful PSI[1]
[2023-01-10 08:45:15.010] [app] [info] Connection setup for PDU session[1] is successful, TUN interface[uesimtun69, 10.60.0.74] is up.
[2023-01-10 08:46:15.770] [nas] [debug] Sending PDU Session Release Request for PSI[1]
[2023-01-10 08:46:15.899] [nas] [debug] PDU Session Release Command received
[2023-01-10 08:46:15.899] [nas] [debug] Performing local release of PDU session[1]
[2023-01-10 08:46:16.051] [nas] [debug] Sending PDU Session Establishment Request
[2023-01-10 08:46:16.164] [nas] [error] No response from RRC from UAC checks, considering access attempt is barred
[2023-01-10 08:46:18.319] [rrc] [debug] Signal lost for cell[1], total [0] cells in coverage
[2023-01-10 08:46:18.319] [nas] [error] Radio link failure detected
[2023-01-10 08:46:18.319] [nas] [info] UE switches to state [CM-IDLE]
[2023-01-10 08:46:18.319] [nas] [info] UE switches to state [MM-REGISTERED/PS]
[2023-01-10 08:46:18.319] [nas] [info] UE switches to state [MM-REGISTERED/PLMN-SEARCH]
[2023-01-10 08:46:18.319] [nas] [error] PLMN selection failure, no cells in coverage
[2023-01-10 08:46:19.691] [rrc] [warning] Acceptable cell selection failed, no cell is in coverage
[2023-01-10 08:46:19.691] [rrc] [error] Cell selection failure, no suitable or acceptable cell found
[2023-01-10 08:46:20.730] [nas] [error] PLMN selection failure, no cells in coverage
[2023-01-10 08:46:22.932] [nas] [error] PLMN selection failure, no cells in coverage
[2023-01-10 08:46:24.033] [nas] [info] UE switches to state [MM-REGISTERED/NO-CELL-AVAILABLE]
[2023-01-10 08:46:32.752] [nas] [warning] Retransmitting PDU Session Establishment Request due to T3580 expiry
[2023-01-10 08:46:32.752] [nas] [error] UAC access attempt is barred for identity[0], category[MO_sig]
[2023-01-10 08:46:48.768] [nas] [warning] Retransmitting PDU Session Establishment Request due to T3580 expiry
[2023-01-10 08:46:48.768] [nas] [error] UAC access attempt is barred for identity[0], category[MO_sig]
[2023-01-10 08:46:49.705] [rrc] [warning] Acceptable cell selection failed, no cell is in coverage
[2023-01-10 08:46:49.705] [rrc] [error] Cell selection failure, no suitable or acceptable cell found
[2023-01-10 08:46:53.761] [nas] [error] PLMN selection failure, no cells in coverage
[2023-01-10 08:47:04.799] [nas] [warning] Retransmitting PDU Session Establishment Request due to T3580 expiry
[2023-01-10 08:47:04.799] [nas] [error] UAC access attempt is barred for identity[0], category[MO_sig]
[2023-01-10 08:47:19.717] [rrc] [warning] Acceptable cell selection failed, no cell is in coverage
[2023-01-10 08:47:19.717] [rrc] [error] Cell selection failure, no suitable or acceptable cell found
[2023-01-10 08:47:20.817] [nas] [warning] Retransmitting PDU Session Establishment Request due to T3580 expiry
[2023-01-10 08:47:20.817] [nas] [error] UAC access attempt is barred for identity[0], category[MO_sig]
[2023-01-10 08:47:24.589] [nas] [error] PLMN selection failure, no cells in coverage
[2023-01-10 08:47:36.834] [nas] [error] PDU Session Establishment procedure failure, no response from the network after 5 attempts
[2023-01-10 08:47:36.834] [nas] [debug] Aborting SM procedure for PTI[1], PSI[1]
[2023-01-10 08:47:49.729] [rrc] [warning] Acceptable cell selection failed, no cell is in coverage
[2023-01-10 08:47:49.729] [rrc] [error] Cell selection failure, no suitable or acceptable cell found
[2023-01-10 08:47:55.418] [nas] [error] PLMN selection failure, no cells in coverage
[2023-01-10 08:48:16.443] [nas] [debug] De-registration required due to [NORMAL]
[2023-01-10 08:48:19.741] [rrc] [warning] Acceptable cell selection failed, no cell is in coverage
[2023-01-10 08:48:19.741] [rrc] [error] Cell selection failure, no suitable or acceptable cell found
[2023-01-10 08:48:26.246] [nas] [error] PLMN selection failure, no cells in coverage
[2023-01-10 08:48:49.753] [rrc] [warning] Acceptable cell selection failed, no cell is in coverage
[2023-01-10 08:48:49.753] [rrc] [error] Cell selection failure, no suitable or acceptable cell found
[2023-01-10 08:48:57.074] [nas] [error] PLMN selection failure, no cells in coverage
[2023-01-10 08:49:19.765] [rrc] [warning] Acceptable cell selection failed, no cell is in coverage
[2023-01-10 08:49:19.765] [rrc] [error] Cell selection failure, no suitable or acceptable cell found
[2023-01-10 08:49:27.902] [nas] [error] PLMN selection failure, no cells in coverage
[2023-01-10 08:49:49.777] [rrc] [warning] Acceptable cell selection failed, no cell is in coverage
[2023-01-10 08:49:49.777] [rrc] [error] Cell selection failure, no suitable or acceptable cell found
[2023-01-10 08:49:58.730] [nas] [error] PLMN selection failure, no cells in coverage
[2023-01-10 08:50:19.789] [rrc] [warning] Acceptable cell selection failed, no cell is in coverage
[2023-01-10 08:50:19.789] [rrc] [error] Cell selection failure, no suitable or acceptable cell found
[2023-01-10 08:50:29.558] [nas] [error] PLMN selection failure, no cells in coverage
[2023-01-10 08:50:49.801] [rrc] [warning] Acceptable cell selection failed, no cell is in coverage
[2023-01-10 08:50:49.801] [rrc] [error] Cell selection failure, no suitable or acceptable cell found
[2023-01-10 08:51:00.386] [nas] [error] PLMN selection failure, no cells in coverage
[2023-01-10 08:51:19.813] [rrc] [warning] Acceptable cell selection failed, no cell is in coverage
[2023-01-10 08:51:19.813] [rrc] [error] Cell selection failure, no suitable or acceptable cell found
[2023-01-10 08:51:31.214] [nas] [error] PLMN selection failure, no cells in coverage
[2023-01-10 08:51:49.825] [rrc] [warning] Acceptable cell selection failed, no cell is in coverage
[2023-01-10 08:51:49.825] [rrc] [error] Cell selection failure, no suitable or acceptable cell found
[2023-01-10 08:52:02.042] [nas] [error] PLMN selection failure, no cells in coverage
[2023-01-10 08:52:19.837] [rrc] [warning] Acceptable cell selection failed, no cell is in coverage
[2023-01-10 08:52:19.837] [rrc] [error] Cell selection failure, no suitable or acceptable cell found
[2023-01-10 08:52:32.870] [nas] [error] PLMN selection failure, no cells in coverage
[2023-01-10 08:52:49.850] [rrc] [warning] Acceptable cell selection failed, no cell is in coverage
[2023-01-10 08:52:49.850] [rrc] [error] Cell selection failure, no suitable or acceptable cell found
[2023-01-10 08:53:03.700] [nas] [error] PLMN selection failure, no cells in coverage
[2023-01-10 08:53:19.862] [rrc] [warning] Acceptable cell selection failed, no cell is in coverage
[2023-01-10 08:53:19.862] [rrc] [error] Cell selection failure, no suitable or acceptable cell found
[2023-01-10 08:53:34.528] [nas] [error] PLMN selection failure, no cells in coverage
[2023-01-10 08:53:49.874] [rrc] [warning] Acceptable cell selection failed, no cell is in coverage
[2023-01-10 08:53:49.874] [rrc] [error] Cell selection failure, no suitable or acceptable cell found
[2023-01-10 08:54:05.357] [nas] [error] PLMN selection failure, no cells in coverage
[2023-01-10 08:54:19.886] [rrc] [warning] Acceptable cell selection failed, no cell is in coverage
[2023-01-10 08:54:19.886] [rrc] [error] Cell selection failure, no suitable or acceptable cell found
[2023-01-10 08:54:36.185] [nas] [error] PLMN selection failure, no cells in coverage
[2023-01-10 08:54:49.898] [rrc] [warning] Acceptable cell selection failed, no cell is in coverage
[2023-01-10 08:54:49.898] [rrc] [error] Cell selection failure, no suitable or acceptable cell found
[2023-01-10 08:55:07.013] [nas] [error] PLMN selection failure, no cells in coverage
[2023-01-10 08:55:19.910] [rrc] [warning] Acceptable cell selection failed, no cell is in coverage
[2023-01-10 08:55:19.910] [rrc] [error] Cell selection failure, no suitable or acceptable cell found
[2023-01-10 08:55:37.841] [nas] [error] PLMN selection failure, no cells in coverage
[2023-01-10 08:55:49.922] [rrc] [warning] Acceptable cell selection failed, no cell is in coverage
[2023-01-10 08:55:49.922] [rrc] [error] Cell selection failure, no suitable or acceptable cell found
[2023-01-10 08:56:08.669] [nas] [error] PLMN selection failure, no cells in coverage
[2023-01-10 08:56:19.934] [rrc] [warning] Acceptable cell selection failed, no cell is in coverage
[2023-01-10 08:56:19.934] [rrc] [error] Cell selection failure, no suitable or acceptable cell found
[2023-01-10 08:56:39.497] [nas] [error] PLMN selection failure, no cells in coverage
[2023-01-10 08:56:49.946] [rrc] [warning] Acceptable cell selection failed, no cell is in coverage
[2023-01-10 08:56:49.946] [rrc] [error] Cell selection failure, no suitable or acceptable cell found
[2023-01-10 08:57:10.325] [nas] [error] PLMN selection failure, no cells in coverage
[2023-01-10 08:57:19.959] [rrc] [warning] Acceptable cell selection failed, no cell is in coverage
[2023-01-10 08:57:19.959] [rrc] [error] Cell selection failure, no suitable or acceptable cell found
[2023-01-10 08:57:41.154] [nas] [error] PLMN selection failure, no cells in coverage
[2023-01-10 08:57:49.972] [rrc] [warning] Acceptable cell selection failed, no cell is in coverage
[2023-01-10 08:57:49.972] [rrc] [error] Cell selection failure, no suitable or acceptable cell found
[2023-01-10 08:58:11.983] [nas] [error] PLMN selection failure, no cells in coverage
[2023-01-10 08:58:19.984] [rrc] [warning] Acceptable cell selection failed, no cell is in coverage
[2023-01-10 08:58:19.984] [rrc] [error] Cell selection failure, no suitable or acceptable cell found
[2023-01-10 08:58:42.811] [nas] [error] PLMN selection failure, no cells in coverage
[2023-01-10 08:58:49.996] [rrc] [warning] Acceptable cell selection failed, no cell is in coverage
[2023-01-10 08:58:49.996] [rrc] [error] Cell selection failure, no suitable or acceptable cell found
[2023-01-10 08:59:13.639] [nas] [error] PLMN selection failure, no cells in coverage
[2023-01-10 08:59:20.008] [rrc] [warning] Acceptable cell selection failed, no cell is in coverage
[2023-01-10 08:59:20.008] [rrc] [error] Cell selection failure, no suitable or acceptable cell found
[2023-01-10 08:59:44.468] [nas] [error] PLMN selection failure, no cells in coverage
[2023-01-10 08:59:50.020] [rrc] [warning] Acceptable cell selection failed, no cell is in coverage
[2023-01-10 08:59:50.020] [rrc] [error] Cell selection failure, no suitable or acceptable cell found
[2023-01-10 09:00:15.296] [nas] [error] PLMN selection failure, no cells in coverage
[2023-01-10 09:00:20.032] [rrc] [warning] Acceptable cell selection failed, no cell is in coverage
[2023-01-10 09:00:20.032] [rrc] [error] Cell selection failure, no suitable or acceptable cell found
[2023-01-10 09:00:46.125] [nas] [error] PLMN selection failure, no cells in coverage
[2023-01-10 09:00:50.044] [rrc] [warning] Acceptable cell selection failed, no cell is in coverage
[2023-01-10 09:00:50.044] [rrc] [error] Cell selection failure, no suitable or acceptable cell found
[2023-01-10 09:01:16.953] [nas] [error] PLMN selection failure, no cells in coverage
[2023-01-10 09:01:20.056] [rrc] [warning] Acceptable cell selection failed, no cell is in coverage
[2023-01-10 09:01:20.056] [rrc] [error] Cell selection failure, no suitable or acceptable cell found
[2023-01-10 09:01:47.781] [nas] [error] PLMN selection failure, no cells in coverage
[2023-01-10 09:01:50.068] [rrc] [warning] Acceptable cell selection failed, no cell is in coverage
[2023-01-10 09:01:50.068] [rrc] [error] Cell selection failure, no suitable or acceptable cell found
[2023-01-10 09:02:18.609] [nas] [error] PLMN selection failure, no cells in coverage
[2023-01-10 09:02:20.080] [rrc] [warning] Acceptable cell selection failed, no cell is in coverage
[2023-01-10 09:02:20.080] [rrc] [error] Cell selection failure, no suitable or acceptable cell found
[2023-01-10 09:02:49.437] [nas] [error] PLMN selection failure, no cells in coverage
[2023-01-10 09:02:50.092] [rrc] [warning] Acceptable cell selection failed, no cell is in coverage
[2023-01-10 09:02:50.092] [rrc] [error] Cell selection failure, no suitable or acceptable cell found
[2023-01-10 09:03:20.104] [rrc] [warning] Acceptable cell selection failed, no cell is in coverage
[2023-01-10 09:03:20.104] [rrc] [error] Cell selection failure, no suitable or acceptable cell found
[2023-01-10 09:03:20.265] [nas] [error] PLMN selection failure, no cells in coverage
[2023-01-10 09:03:50.116] [rrc] [warning] Acceptable cell selection failed, no cell is in coverage
[2023-01-10 09:03:50.116] [rrc] [error] Cell selection failure, no suitable or acceptable cell found
[2023-01-10 09:03:51.093] [nas] [error] PLMN selection failure, no cells in coverage
[2023-01-10 09:04:20.128] [rrc] [warning] Acceptable cell selection failed, no cell is in coverage
[2023-01-10 09:04:20.128] [rrc] [error] Cell selection failure, no suitable or acceptable cell found
[2023-01-10 09:04:21.921] [nas] [error] PLMN selection failure, no cells in coverage
[2023-01-10 09:04:50.140] [rrc] [warning] Acceptable cell selection failed, no cell is in coverage
[2023-01-10 09:04:50.140] [rrc] [error] Cell selection failure, no suitable or acceptable cell found
[2023-01-10 09:04:52.750] [nas] [error] PLMN selection failure, no cells in coverage
[2023-01-10 09:05:20.152] [rrc] [warning] Acceptable cell selection failed, no cell is in coverage
[2023-01-10 09:05:20.152] [rrc] [error] Cell selection failure, no suitable or acceptable cell found
[2023-01-10 09:05:23.578] [nas] [error] PLMN selection failure, no cells in coverage
[2023-01-10 09:05:50.164] [rrc] [warning] Acceptable cell selection failed, no cell is in coverage
[2023-01-10 09:05:50.164] [rrc] [error] Cell selection failure, no suitable or acceptable cell found
[2023-01-10 09:05:54.406] [nas] [error] PLMN selection failure, no cells in coverage
[2023-01-10 09:06:20.176] [rrc] [warning] Acceptable cell selection failed, no cell is in coverage
[2023-01-10 09:06:20.176] [rrc] [error] Cell selection failure, no suitable or acceptable cell found
[2023-01-10 09:06:25.234] [nas] [error] PLMN selection failure, no cells in coverage
[2023-01-10 09:06:50.188] [rrc] [warning] Acceptable cell selection failed, no cell is in coverage
[2023-01-10 09:06:50.188] [rrc] [error] Cell selection failure, no suitable or acceptable cell found
