UERANSIM v3.2.6
[2023-01-10 08:46:12.726] [nas] [info] UE switches to state [MM-DEREGISTERED/PLMN-SEARCH]
[2023-01-10 08:46:12.734] [rrc] [debug] New signal detected for cell[1], total [1] cells in coverage
[2023-01-10 08:46:12.734] [nas] [info] Selected plmn[208/93]
[2023-01-10 08:46:12.734] [rrc] [info] Selected cell plmn[208/93] tac[1] category[SUITABLE]
[2023-01-10 08:46:12.734] [nas] [info] UE switches to state [MM-DEREGISTERED/PS]
[2023-01-10 08:46:12.734] [nas] [info] UE switches to state [MM-DEREGISTERED/NORMAL-SERVICE]
[2023-01-10 08:46:12.734] [nas] [debug] Initial registration required due to [MM-DEREG-NORMAL-SERVICE]
[2023-01-10 08:46:12.735] [nas] [debug] UAC access attempt is allowed for identity[0], category[MO_sig]
[2023-01-10 08:46:12.735] [nas] [debug] Sending Initial Registration
[2023-01-10 08:46:12.735] [nas] [info] UE switches to state [MM-REGISTER-INITIATED]
[2023-01-10 08:46:12.735] [rrc] [debug] Sending RRC Setup Request
[2023-01-10 08:46:12.735] [rrc] [info] RRC connection established
[2023-01-10 08:46:12.736] [rrc] [info] UE switches to state [RRC-CONNECTED]
[2023-01-10 08:46:12.736] [nas] [info] UE switches to state [CM-CONNECTED]
[2023-01-10 08:46:12.751] [nas] [debug] Authentication Request received
[2023-01-10 08:46:12.751] [nas] [debug] Sending Authentication Failure due to SQN out of range
[2023-01-10 08:46:12.763] [nas] [debug] Authentication Request received
[2023-01-10 08:46:12.772] [nas] [debug] Security Mode Command received
[2023-01-10 08:46:12.773] [nas] [debug] Selected integrity[2] ciphering[0]
[2023-01-10 08:46:12.800] [nas] [debug] Registration accept received
[2023-01-10 08:46:12.801] [nas] [info] UE switches to state [MM-REGISTERED/NORMAL-SERVICE]
[2023-01-10 08:46:12.801] [nas] [debug] Sending Registration Complete
[2023-01-10 08:46:12.801] [nas] [info] Initial Registration is successful
[2023-01-10 08:46:12.801] [nas] [debug] Sending PDU Session Establishment Request
[2023-01-10 08:46:12.801] [nas] [debug] UAC access attempt is allowed for identity[0], category[MO_sig]
[2023-01-10 08:46:13.034] [nas] [debug] PDU Session Establishment Accept received
[2023-01-10 08:46:13.034] [nas] [info] PDU Session establishment is successful PSI[1]
[2023-01-10 08:46:13.054] [app] [info] Connection setup for PDU session[1] is successful, TUN interface[uesimtun98, 10.60.0.103] is up.
[2023-01-10 08:46:14.957] [nas] [debug] Sending PDU Session Establishment Request
[2023-01-10 08:46:15.120] [nas] [error] No response from RRC from UAC checks, considering access attempt is barred
[2023-01-10 08:46:15.356] [nas] [debug] Sending PDU Session Release Request for PSI[1]
[2023-01-10 08:46:15.519] [nas] [debug] PDU Session Release Command received
[2023-01-10 08:46:15.519] [nas] [debug] Performing local release of PDU session[1]
[2023-01-10 08:46:15.632] [nas] [debug] Sending PDU Session Establishment Request
[2023-01-10 08:46:15.771] [nas] [error] No response from RRC from UAC checks, considering access attempt is barred
[2023-01-10 08:46:18.119] [rrc] [debug] Signal lost for cell[1], total [0] cells in coverage
[2023-01-10 08:46:18.119] [nas] [error] Radio link failure detected
[2023-01-10 08:46:18.119] [nas] [info] UE switches to state [CM-IDLE]
[2023-01-10 08:46:18.119] [nas] [info] UE switches to state [MM-REGISTERED/PS]
[2023-01-10 08:46:18.119] [nas] [info] UE switches to state [MM-REGISTERED/PLMN-SEARCH]
[2023-01-10 08:46:18.119] [nas] [error] PLMN selection failure, no cells in coverage
[2023-01-10 08:46:20.231] [rrc] [warning] Acceptable cell selection failed, no cell is in coverage
[2023-01-10 08:46:20.231] [rrc] [error] Cell selection failure, no suitable or acceptable cell found
[2023-01-10 08:46:20.433] [nas] [error] PLMN selection failure, no cells in coverage
[2023-01-10 08:46:22.635] [nas] [error] PLMN selection failure, no cells in coverage
[2023-01-10 08:46:23.736] [nas] [info] UE switches to state [MM-REGISTERED/NO-CELL-AVAILABLE]
[2023-01-10 08:46:31.812] [nas] [warning] Retransmitting PDU Session Establishment Request due to T3580 expiry
[2023-01-10 08:46:31.812] [nas] [error] UAC access attempt is barred for identity[0], category[MO_sig]
[2023-01-10 08:46:31.812] [nas] [warning] Retransmitting PDU Session Establishment Request due to T3580 expiry
[2023-01-10 08:46:31.812] [nas] [error] UAC access attempt is barred for identity[0], category[MO_sig]
[2023-01-10 08:46:47.831] [nas] [warning] Retransmitting PDU Session Establishment Request due to T3580 expiry
[2023-01-10 08:46:47.831] [nas] [error] UAC access attempt is barred for identity[0], category[MO_sig]
[2023-01-10 08:46:47.831] [nas] [warning] Retransmitting PDU Session Establishment Request due to T3580 expiry
[2023-01-10 08:46:47.831] [nas] [error] UAC access attempt is barred for identity[0], category[MO_sig]
[2023-01-10 08:46:50.243] [rrc] [warning] Acceptable cell selection failed, no cell is in coverage
[2023-01-10 08:46:50.243] [rrc] [error] Cell selection failure, no suitable or acceptable cell found
[2023-01-10 08:46:53.465] [nas] [error] PLMN selection failure, no cells in coverage
[2023-01-10 08:47:03.847] [nas] [warning] Retransmitting PDU Session Establishment Request due to T3580 expiry
[2023-01-10 08:47:03.848] [nas] [error] UAC access attempt is barred for identity[0], category[MO_sig]
[2023-01-10 08:47:03.848] [nas] [warning] Retransmitting PDU Session Establishment Request due to T3580 expiry
[2023-01-10 08:47:03.848] [nas] [error] UAC access attempt is barred for identity[0], category[MO_sig]
[2023-01-10 08:47:19.863] [nas] [warning] Retransmitting PDU Session Establishment Request due to T3580 expiry
[2023-01-10 08:47:19.863] [nas] [error] UAC access attempt is barred for identity[0], category[MO_sig]
[2023-01-10 08:47:19.863] [nas] [warning] Retransmitting PDU Session Establishment Request due to T3580 expiry
[2023-01-10 08:47:19.863] [nas] [error] UAC access attempt is barred for identity[0], category[MO_sig]
[2023-01-10 08:47:20.256] [rrc] [warning] Acceptable cell selection failed, no cell is in coverage
[2023-01-10 08:47:20.256] [rrc] [error] Cell selection failure, no suitable or acceptable cell found
[2023-01-10 08:47:24.294] [nas] [error] PLMN selection failure, no cells in coverage
[2023-01-10 08:47:35.879] [nas] [error] PDU Session Establishment procedure failure, no response from the network after 5 attempts
[2023-01-10 08:47:35.879] [nas] [debug] Aborting SM procedure for PTI[1], PSI[2]
[2023-01-10 08:47:35.879] [nas] [error] PDU Session Establishment procedure failure, no response from the network after 5 attempts
[2023-01-10 08:47:35.879] [nas] [debug] Aborting SM procedure for PTI[2], PSI[1]
[2023-01-10 08:47:50.268] [rrc] [warning] Acceptable cell selection failed, no cell is in coverage
[2023-01-10 08:47:50.268] [rrc] [error] Cell selection failure, no suitable or acceptable cell found
[2023-01-10 08:47:55.122] [nas] [error] PLMN selection failure, no cells in coverage
[2023-01-10 08:48:16.131] [nas] [debug] De-registration required due to [NORMAL]
[2023-01-10 08:48:20.281] [rrc] [warning] Acceptable cell selection failed, no cell is in coverage
[2023-01-10 08:48:20.281] [rrc] [error] Cell selection failure, no suitable or acceptable cell found
[2023-01-10 08:48:25.950] [nas] [error] PLMN selection failure, no cells in coverage
[2023-01-10 08:48:50.293] [rrc] [warning] Acceptable cell selection failed, no cell is in coverage
[2023-01-10 08:48:50.293] [rrc] [error] Cell selection failure, no suitable or acceptable cell found
[2023-01-10 08:48:56.778] [nas] [error] PLMN selection failure, no cells in coverage
[2023-01-10 08:49:20.305] [rrc] [warning] Acceptable cell selection failed, no cell is in coverage
[2023-01-10 08:49:20.305] [rrc] [error] Cell selection failure, no suitable or acceptable cell found
[2023-01-10 08:49:27.606] [nas] [error] PLMN selection failure, no cells in coverage
[2023-01-10 08:49:50.317] [rrc] [warning] Acceptable cell selection failed, no cell is in coverage
[2023-01-10 08:49:50.317] [rrc] [error] Cell selection failure, no suitable or acceptable cell found
[2023-01-10 08:49:58.434] [nas] [error] PLMN selection failure, no cells in coverage
[2023-01-10 08:50:20.329] [rrc] [warning] Acceptable cell selection failed, no cell is in coverage
[2023-01-10 08:50:20.329] [rrc] [error] Cell selection failure, no suitable or acceptable cell found
[2023-01-10 08:50:29.262] [nas] [error] PLMN selection failure, no cells in coverage
[2023-01-10 08:50:50.342] [rrc] [warning] Acceptable cell selection failed, no cell is in coverage
[2023-01-10 08:50:50.342] [rrc] [error] Cell selection failure, no suitable or acceptable cell found
[2023-01-10 08:51:00.090] [nas] [error] PLMN selection failure, no cells in coverage
[2023-01-10 08:51:20.354] [rrc] [warning] Acceptable cell selection failed, no cell is in coverage
[2023-01-10 08:51:20.354] [rrc] [error] Cell selection failure, no suitable or acceptable cell found
[2023-01-10 08:51:30.918] [nas] [error] PLMN selection failure, no cells in coverage
[2023-01-10 08:51:50.366] [rrc] [warning] Acceptable cell selection failed, no cell is in coverage
[2023-01-10 08:51:50.366] [rrc] [error] Cell selection failure, no suitable or acceptable cell found
[2023-01-10 08:52:01.746] [nas] [error] PLMN selection failure, no cells in coverage
[2023-01-10 08:52:20.378] [rrc] [warning] Acceptable cell selection failed, no cell is in coverage
[2023-01-10 08:52:20.378] [rrc] [error] Cell selection failure, no suitable or acceptable cell found
[2023-01-10 08:52:32.575] [nas] [error] PLMN selection failure, no cells in coverage
[2023-01-10 08:52:50.390] [rrc] [warning] Acceptable cell selection failed, no cell is in coverage
[2023-01-10 08:52:50.390] [rrc] [error] Cell selection failure, no suitable or acceptable cell found
[2023-01-10 08:53:03.403] [nas] [error] PLMN selection failure, no cells in coverage
[2023-01-10 08:53:20.402] [rrc] [warning] Acceptable cell selection failed, no cell is in coverage
[2023-01-10 08:53:20.402] [rrc] [error] Cell selection failure, no suitable or acceptable cell found
[2023-01-10 08:53:34.231] [nas] [error] PLMN selection failure, no cells in coverage
[2023-01-10 08:53:50.414] [rrc] [warning] Acceptable cell selection failed, no cell is in coverage
[2023-01-10 08:53:50.414] [rrc] [error] Cell selection failure, no suitable or acceptable cell found
[2023-01-10 08:54:05.059] [nas] [error] PLMN selection failure, no cells in coverage
[2023-01-10 08:54:20.426] [rrc] [warning] Acceptable cell selection failed, no cell is in coverage
[2023-01-10 08:54:20.426] [rrc] [error] Cell selection failure, no suitable or acceptable cell found
[2023-01-10 08:54:35.887] [nas] [error] PLMN selection failure, no cells in coverage
[2023-01-10 08:54:50.438] [rrc] [warning] Acceptable cell selection failed, no cell is in coverage
[2023-01-10 08:54:50.438] [rrc] [error] Cell selection failure, no suitable or acceptable cell found
[2023-01-10 08:55:06.716] [nas] [error] PLMN selection failure, no cells in coverage
[2023-01-10 08:55:20.450] [rrc] [warning] Acceptable cell selection failed, no cell is in coverage
[2023-01-10 08:55:20.450] [rrc] [error] Cell selection failure, no suitable or acceptable cell found
[2023-01-10 08:55:37.544] [nas] [error] PLMN selection failure, no cells in coverage
[2023-01-10 08:55:50.462] [rrc] [warning] Acceptable cell selection failed, no cell is in coverage
[2023-01-10 08:55:50.462] [rrc] [error] Cell selection failure, no suitable or acceptable cell found
[2023-01-10 08:56:08.372] [nas] [error] PLMN selection failure, no cells in coverage
[2023-01-10 08:56:20.474] [rrc] [warning] Acceptable cell selection failed, no cell is in coverage
[2023-01-10 08:56:20.474] [rrc] [error] Cell selection failure, no suitable or acceptable cell found
[2023-01-10 08:56:39.200] [nas] [error] PLMN selection failure, no cells in coverage
[2023-01-10 08:56:50.486] [rrc] [warning] Acceptable cell selection failed, no cell is in coverage
[2023-01-10 08:56:50.486] [rrc] [error] Cell selection failure, no suitable or acceptable cell found
[2023-01-10 08:57:10.029] [nas] [error] PLMN selection failure, no cells in coverage
[2023-01-10 08:57:20.498] [rrc] [warning] Acceptable cell selection failed, no cell is in coverage
[2023-01-10 08:57:20.498] [rrc] [error] Cell selection failure, no suitable or acceptable cell found
[2023-01-10 08:57:40.857] [nas] [error] PLMN selection failure, no cells in coverage
[2023-01-10 08:57:50.510] [rrc] [warning] Acceptable cell selection failed, no cell is in coverage
[2023-01-10 08:57:50.510] [rrc] [error] Cell selection failure, no suitable or acceptable cell found
[2023-01-10 08:58:11.685] [nas] [error] PLMN selection failure, no cells in coverage
[2023-01-10 08:58:20.522] [rrc] [warning] Acceptable cell selection failed, no cell is in coverage
[2023-01-10 08:58:20.522] [rrc] [error] Cell selection failure, no suitable or acceptable cell found
[2023-01-10 08:58:42.513] [nas] [error] PLMN selection failure, no cells in coverage
[2023-01-10 08:58:50.534] [rrc] [warning] Acceptable cell selection failed, no cell is in coverage
[2023-01-10 08:58:50.534] [rrc] [error] Cell selection failure, no suitable or acceptable cell found
[2023-01-10 08:59:13.341] [nas] [error] PLMN selection failure, no cells in coverage
[2023-01-10 08:59:20.546] [rrc] [warning] Acceptable cell selection failed, no cell is in coverage
[2023-01-10 08:59:20.546] [rrc] [error] Cell selection failure, no suitable or acceptable cell found
[2023-01-10 08:59:44.169] [nas] [error] PLMN selection failure, no cells in coverage
[2023-01-10 08:59:50.558] [rrc] [warning] Acceptable cell selection failed, no cell is in coverage
[2023-01-10 08:59:50.558] [rrc] [error] Cell selection failure, no suitable or acceptable cell found
[2023-01-10 09:00:14.998] [nas] [error] PLMN selection failure, no cells in coverage
[2023-01-10 09:00:20.570] [rrc] [warning] Acceptable cell selection failed, no cell is in coverage
[2023-01-10 09:00:20.570] [rrc] [error] Cell selection failure, no suitable or acceptable cell found
[2023-01-10 09:00:45.826] [nas] [error] PLMN selection failure, no cells in coverage
[2023-01-10 09:00:50.582] [rrc] [warning] Acceptable cell selection failed, no cell is in coverage
[2023-01-10 09:00:50.582] [rrc] [error] Cell selection failure, no suitable or acceptable cell found
[2023-01-10 09:01:16.654] [nas] [error] PLMN selection failure, no cells in coverage
[2023-01-10 09:01:20.594] [rrc] [warning] Acceptable cell selection failed, no cell is in coverage
[2023-01-10 09:01:20.594] [rrc] [error] Cell selection failure, no suitable or acceptable cell found
[2023-01-10 09:01:47.482] [nas] [error] PLMN selection failure, no cells in coverage
[2023-01-10 09:01:50.606] [rrc] [warning] Acceptable cell selection failed, no cell is in coverage
[2023-01-10 09:01:50.606] [rrc] [error] Cell selection failure, no suitable or acceptable cell found
[2023-01-10 09:02:18.310] [nas] [error] PLMN selection failure, no cells in coverage
[2023-01-10 09:02:20.618] [rrc] [warning] Acceptable cell selection failed, no cell is in coverage
[2023-01-10 09:02:20.618] [rrc] [error] Cell selection failure, no suitable or acceptable cell found
[2023-01-10 09:02:49.138] [nas] [error] PLMN selection failure, no cells in coverage
[2023-01-10 09:02:50.630] [rrc] [warning] Acceptable cell selection failed, no cell is in coverage
[2023-01-10 09:02:50.630] [rrc] [error] Cell selection failure, no suitable or acceptable cell found
[2023-01-10 09:03:19.966] [nas] [error] PLMN selection failure, no cells in coverage
[2023-01-10 09:03:20.642] [rrc] [warning] Acceptable cell selection failed, no cell is in coverage
[2023-01-10 09:03:20.642] [rrc] [error] Cell selection failure, no suitable or acceptable cell found
[2023-01-10 09:03:50.655] [rrc] [warning] Acceptable cell selection failed, no cell is in coverage
[2023-01-10 09:03:50.655] [rrc] [error] Cell selection failure, no suitable or acceptable cell found
[2023-01-10 09:03:50.794] [nas] [error] PLMN selection failure, no cells in coverage
[2023-01-10 09:04:20.667] [rrc] [warning] Acceptable cell selection failed, no cell is in coverage
[2023-01-10 09:04:20.667] [rrc] [error] Cell selection failure, no suitable or acceptable cell found
[2023-01-10 09:04:21.622] [nas] [error] PLMN selection failure, no cells in coverage
[2023-01-10 09:04:50.679] [rrc] [warning] Acceptable cell selection failed, no cell is in coverage
[2023-01-10 09:04:50.679] [rrc] [error] Cell selection failure, no suitable or acceptable cell found
[2023-01-10 09:04:52.450] [nas] [error] PLMN selection failure, no cells in coverage
[2023-01-10 09:05:20.691] [rrc] [warning] Acceptable cell selection failed, no cell is in coverage
[2023-01-10 09:05:20.691] [rrc] [error] Cell selection failure, no suitable or acceptable cell found
[2023-01-10 09:05:23.278] [nas] [error] PLMN selection failure, no cells in coverage
[2023-01-10 09:05:50.703] [rrc] [warning] Acceptable cell selection failed, no cell is in coverage
[2023-01-10 09:05:50.703] [rrc] [error] Cell selection failure, no suitable or acceptable cell found
[2023-01-10 09:05:54.106] [nas] [error] PLMN selection failure, no cells in coverage
[2023-01-10 09:06:20.715] [rrc] [warning] Acceptable cell selection failed, no cell is in coverage
[2023-01-10 09:06:20.715] [rrc] [error] Cell selection failure, no suitable or acceptable cell found
[2023-01-10 09:06:24.934] [nas] [error] PLMN selection failure, no cells in coverage
[2023-01-10 09:06:50.727] [rrc] [warning] Acceptable cell selection failed, no cell is in coverage
[2023-01-10 09:06:50.727] [rrc] [error] Cell selection failure, no suitable or acceptable cell found
