UERANSIM v3.2.6
[2023-01-10 07:18:07.765] [nas] [info] UE switches to state [MM-DEREGISTERED/PLMN-SEARCH]
[2023-01-10 07:18:07.765] [rrc] [debug] New signal detected for cell[1], total [1] cells in coverage
[2023-01-10 07:18:07.766] [nas] [info] Selected plmn[208/93]
[2023-01-10 07:18:07.766] [rrc] [info] Selected cell plmn[208/93] tac[1] category[SUITABLE]
[2023-01-10 07:18:07.766] [nas] [info] UE switches to state [MM-DEREGISTERED/PS]
[2023-01-10 07:18:07.766] [nas] [info] UE switches to state [MM-DEREGISTERED/NORMAL-SERVICE]
[2023-01-10 07:18:07.766] [nas] [debug] Initial registration required due to [MM-DEREG-NORMAL-SERVICE]
[2023-01-10 07:18:07.766] [nas] [debug] UAC access attempt is allowed for identity[0], category[MO_sig]
[2023-01-10 07:18:07.766] [nas] [debug] Sending Initial Registration
[2023-01-10 07:18:07.766] [nas] [info] UE switches to state [MM-REGISTER-INITIATED]
[2023-01-10 07:18:07.766] [rrc] [debug] Sending RRC Setup Request
[2023-01-10 07:18:07.766] [rrc] [info] RRC connection established
[2023-01-10 07:18:07.766] [rrc] [info] UE switches to state [RRC-CONNECTED]
[2023-01-10 07:18:07.766] [nas] [info] UE switches to state [CM-CONNECTED]
[2023-01-10 07:18:07.781] [nas] [debug] Authentication Request received
[2023-01-10 07:18:07.786] [nas] [debug] Security Mode Command received
[2023-01-10 07:18:07.786] [nas] [debug] Selected integrity[2] ciphering[0]
[2023-01-10 07:18:07.812] [nas] [debug] Registration accept received
[2023-01-10 07:18:07.812] [nas] [info] UE switches to state [MM-REGISTERED/NORMAL-SERVICE]
[2023-01-10 07:18:07.812] [nas] [debug] Sending Registration Complete
[2023-01-10 07:18:07.812] [nas] [info] Initial Registration is successful
[2023-01-10 07:18:07.812] [nas] [debug] Sending PDU Session Establishment Request
[2023-01-10 07:18:07.812] [nas] [debug] UAC access attempt is allowed for identity[0], category[MO_sig]
[2023-01-10 07:18:08.051] [nas] [debug] PDU Session Establishment Accept received
[2023-01-10 07:18:08.051] [nas] [info] PDU Session establishment is successful PSI[1]
[2023-01-10 07:18:08.065] [app] [info] Connection setup for PDU session[1] is successful, TUN interface[uesimtun2, 10.60.0.62] is up.
[2023-01-10 07:18:23.959] [nas] [debug] Sending PDU Session Release Request for PSI[1]
[2023-01-10 07:18:24.014] [nas] [debug] Sending PDU Session Release Request for PSI[1]
[2023-01-10 07:18:24.060] [nas] [debug] Sending PDU Session Establishment Request
[2023-01-10 07:18:24.167] [nas] [error] No response from RRC from UAC checks, considering access attempt is barred
[2023-01-10 07:18:24.193] [nas] [debug] PDU Session Release Command received
[2023-01-10 07:18:24.193] [nas] [debug] Performing local release of PDU session[1]
[2023-01-10 07:18:24.193] [nas] [error] PDU Session Release Reject received [REQUEST_REJECTED_UNSPECIFIED]
[2023-01-10 07:18:24.193] [nas] [error] PS release reject received without being requested
[2023-01-10 07:18:24.193] [nas] [warning] Sending SM Cause[MESSAGE_TYPE_NOT_COMPATIBLE_WITH_THE_PROTOCOL_STATE] for PSI[1]
[2023-01-10 07:18:24.226] [nas] [debug] Sending PDU Session Establishment Request
[2023-01-10 07:18:24.327] [nas] [error] No response from RRC from UAC checks, considering access attempt is barred
[2023-01-10 07:18:24.340] [nas] [error] MM Cause with invalid SM message type in DL NAS Transport, ignoring received message
[2023-01-10 07:18:40.798] [nas] [warning] Retransmitting PDU Session Establishment Request due to T3580 expiry
[2023-01-10 07:18:40.802] [nas] [debug] UAC access attempt is allowed for identity[0], category[MO_sig]
[2023-01-10 07:18:40.802] [nas] [warning] Retransmitting PDU Session Establishment Request due to T3580 expiry
[2023-01-10 07:18:40.802] [nas] [debug] UAC access attempt is allowed for identity[0], category[MO_sig]
[2023-01-10 07:18:40.991] [nas] [debug] PDU Session Establishment Accept received
[2023-01-10 07:18:40.991] [nas] [info] PDU Session establishment is successful PSI[1]
[2023-01-10 07:18:40.998] [nas] [debug] PDU Session Establishment Accept received
[2023-01-10 07:18:40.998] [nas] [info] PDU Session establishment is successful PSI[2]
[2023-01-10 07:18:41.002] [app] [info] Connection setup for PDU session[1] is successful, TUN interface[uesimtun5, 10.60.0.82] is up.
[2023-01-10 07:18:41.014] [app] [info] Connection setup for PDU session[2] is successful, TUN interface[uesimtun6, 10.60.0.83] is up.
[2023-01-10 07:18:44.378] [nas] [debug] Sending PDU Session Release Request for PSI[1]
[2023-01-10 07:18:44.378] [nas] [debug] Sending PDU Session Release Request for PSI[2]
[2023-01-10 07:18:44.385] [nas] [debug] De-registration required due to [NORMAL]
[2023-01-10 07:18:44.388] [nas] [debug] Starting de-registration procedure due to [NORMAL]
[2023-01-10 07:18:44.388] [nas] [debug] Performing local release of PDU session[1]
[2023-01-10 07:18:44.388] [nas] [debug] Performing local release of PDU session[2]
[2023-01-10 07:18:44.388] [nas] [info] UE switches to state [MM-DEREGISTER-INITIATED]
[2023-01-10 07:18:44.431] [nas] [error] PDU Session Release Reject received [REQUEST_REJECTED_UNSPECIFIED]
[2023-01-10 07:18:44.431] [nas] [error] PS release reject received without being requested
[2023-01-10 07:18:44.431] [nas] [warning] Sending SM Cause[MESSAGE_TYPE_NOT_COMPATIBLE_WITH_THE_PROTOCOL_STATE] for PSI[1]
[2023-01-10 07:18:44.438] [nas] [debug] PDU Session Release Command received
[2023-01-10 07:18:44.438] [nas] [error] PS[2] is already in inactive state, ignoring release command
[2023-01-10 07:18:44.438] [nas] [warning] Sending SM Cause[INVALID_PDU_SESSION_IDENTITY] for PSI[2]
[2023-01-10 07:18:44.445] [nas] [debug] De-registration accept received
[2023-01-10 07:18:44.445] [nas] [info] UE switches to state [MM-DEREGISTERED/PS]
[2023-01-10 07:18:44.445] [nas] [info] De-registration is successful
[2023-01-10 07:18:44.445] [nas] [info] UE switches to state [MM-DEREGISTERED/NORMAL-SERVICE]
[2023-01-10 07:18:44.445] [nas] [debug] Initial registration required due to [MM-DEREG-NORMAL-SERVICE]
[2023-01-10 07:18:44.445] [nas] [debug] Sending Initial Registration
[2023-01-10 07:18:44.445] [nas] [debug] Deleting NAS security context
[2023-01-10 07:18:44.445] [nas] [info] UE switches to state [MM-REGISTER-INITIATED]
[2023-01-10 07:18:44.445] [rrc] [debug] RRC Release received
[2023-01-10 07:18:44.445] [nas] [info] UE switches to state [CM-IDLE]
[2023-01-10 07:18:44.445] [nas] [info] UE switches to state [MM-DEREGISTERED/PS]
[2023-01-10 07:18:44.445] [nas] [info] UE switches to state [5U2-NOT-UPDATED]
[2023-01-10 07:18:44.445] [nas] [info] UE switches to state [MM-DEREGISTERED/ATTEMPTING-REGISTRATION]
[2023-01-10 07:18:54.812] [nas] [debug] NAS timer[3511] expired [1]
[2023-01-10 07:18:54.812] [nas] [debug] Initial registration required due to [T3511-EXPIRY-IN-ATT-REG]
[2023-01-10 07:18:54.812] [nas] [debug] UAC access attempt is allowed for identity[0], category[MO_sig]
[2023-01-10 07:18:54.812] [nas] [debug] Sending Initial Registration
[2023-01-10 07:18:54.812] [nas] [info] UE switches to state [MM-REGISTER-INITIATED]
[2023-01-10 07:18:54.812] [rrc] [debug] Sending RRC Setup Request
[2023-01-10 07:18:54.813] [rrc] [info] RRC connection established
[2023-01-10 07:18:54.813] [rrc] [info] UE switches to state [RRC-CONNECTED]
[2023-01-10 07:18:54.813] [nas] [info] UE switches to state [CM-CONNECTED]
[2023-01-10 07:18:54.844] [nas] [debug] Authentication Request received
[2023-01-10 07:18:54.858] [nas] [debug] Security Mode Command received
[2023-01-10 07:18:54.858] [nas] [debug] Selected integrity[2] ciphering[0]
[2023-01-10 07:18:54.924] [nas] [debug] Registration accept received
[2023-01-10 07:18:54.924] [nas] [info] UE switches to state [MM-REGISTERED/NORMAL-SERVICE]
[2023-01-10 07:18:54.924] [nas] [info] UE switches to state [5U1-UPDATED]
[2023-01-10 07:18:54.924] [nas] [debug] Sending Registration Complete
[2023-01-10 07:18:54.924] [nas] [info] Initial Registration is successful
[2023-01-10 07:18:54.924] [nas] [debug] Sending PDU Session Establishment Request
[2023-01-10 07:18:54.926] [nas] [debug] UAC access attempt is allowed for identity[0], category[MO_sig]
[2023-01-10 07:18:54.999] [nas] [debug] PDU Session Establishment Accept received
[2023-01-10 07:18:54.999] [nas] [info] PDU Session establishment is successful PSI[1]
[2023-01-10 07:18:55.009] [app] [info] Connection setup for PDU session[1] is successful, TUN interface[uesimtun1, 10.60.0.88] is up.
[2023-01-10 07:18:59.429] [nas] [debug] Sending PDU Session Establishment Request
[2023-01-10 07:18:59.530] [nas] [error] No response from RRC from UAC checks, considering access attempt is barred
[2023-01-10 07:18:59.536] [nas] [debug] De-registration required due to [NORMAL]
[2023-01-10 07:18:59.543] [nas] [debug] Sending PDU Session Release Request for PSI[1]
[2023-01-10 07:18:59.567] [nas] [debug] Sending PDU Session Release Request for PSI[1]
[2023-01-10 07:18:59.571] [nas] [debug] Starting de-registration procedure due to [NORMAL]
[2023-01-10 07:18:59.572] [nas] [debug] Performing local release of PDU session[1]
[2023-01-10 07:18:59.572] [nas] [info] UE switches to state [MM-DEREGISTER-INITIATED]
[2023-01-10 07:18:59.640] [nas] [debug] PDU Session Release Command received
[2023-01-10 07:18:59.640] [nas] [error] PS[1] is already in inactive state, ignoring release command
[2023-01-10 07:18:59.640] [nas] [warning] Sending SM Cause[INVALID_PDU_SESSION_IDENTITY] for PSI[1]
[2023-01-10 07:18:59.643] [nas] [error] PDU Session Release Reject received [REQUEST_REJECTED_UNSPECIFIED]
[2023-01-10 07:18:59.643] [nas] [error] PS release reject received without being requested
[2023-01-10 07:18:59.643] [nas] [warning] Sending SM Cause[MESSAGE_TYPE_NOT_COMPATIBLE_WITH_THE_PROTOCOL_STATE] for PSI[1]
[2023-01-10 07:18:59.647] [nas] [debug] De-registration accept received
[2023-01-10 07:18:59.647] [nas] [info] UE switches to state [MM-DEREGISTERED/PS]
[2023-01-10 07:18:59.647] [nas] [info] De-registration is successful
[2023-01-10 07:18:59.647] [nas] [info] UE switches to state [MM-DEREGISTERED/NORMAL-SERVICE]
[2023-01-10 07:18:59.647] [nas] [debug] Initial registration required due to [MM-DEREG-NORMAL-SERVICE]
[2023-01-10 07:18:59.647] [nas] [debug] Sending Initial Registration
[2023-01-10 07:18:59.647] [nas] [debug] Deleting NAS security context
[2023-01-10 07:18:59.647] [nas] [info] UE switches to state [MM-REGISTER-INITIATED]
[2023-01-10 07:18:59.647] [rrc] [debug] RRC Release received
[2023-01-10 07:18:59.647] [nas] [info] UE switches to state [CM-IDLE]
[2023-01-10 07:18:59.647] [nas] [info] UE switches to state [MM-DEREGISTERED/PS]
[2023-01-10 07:18:59.647] [nas] [info] UE switches to state [5U2-NOT-UPDATED]
[2023-01-10 07:18:59.647] [nas] [info] UE switches to state [MM-DEREGISTERED/ATTEMPTING-REGISTRATION]
[2023-01-10 07:19:00.818] [nas] [warning] Retransmitting PDU Session Release Request due to T3582 expiry
[2023-01-10 07:19:00.818] [nas] [warning] NAS Transport aborted, Service Request is needed for uplink signalling
[2023-01-10 07:19:00.818] [nas] [debug] Service request required due to [IDLE-UPLINK-SIGNAL-PENDING]
[2023-01-10 07:19:00.818] [nas] [error] Service Request canceled, UE not in 5U1 UPDATED state
[2023-01-10 07:19:01.775] [nas] [error] Service Request canceled, UE not in 5U1 UPDATED state
[2023-01-10 07:19:02.876] [nas] [error] Service Request canceled, UE not in 5U1 UPDATED state
[2023-01-10 07:19:03.977] [nas] [error] Service Request canceled, UE not in 5U1 UPDATED state
[2023-01-10 07:19:05.078] [nas] [error] Service Request canceled, UE not in 5U1 UPDATED state
[2023-01-10 07:19:06.109] [nas] [error] Service Request canceled, UE not in 5U1 UPDATED state
[2023-01-10 07:19:06.109] [nas] [error] Service Request canceled, UE not in 5U1 UPDATED state
[2023-01-10 07:19:06.179] [nas] [error] Service Request canceled, UE not in 5U1 UPDATED state
