UERANSIM v3.2.6
[2023-01-10 08:44:30.620] [nas] [info] UE switches to state [MM-DEREGISTERED/PLMN-SEARCH]
[2023-01-10 08:44:30.624] [rrc] [debug] New signal detected for cell[1], total [1] cells in coverage
[2023-01-10 08:44:30.625] [nas] [info] Selected plmn[208/93]
[2023-01-10 08:44:30.625] [rrc] [info] Selected cell plmn[208/93] tac[1] category[SUITABLE]
[2023-01-10 08:44:30.625] [nas] [info] UE switches to state [MM-DEREGISTERED/PS]
[2023-01-10 08:44:30.625] [nas] [info] UE switches to state [MM-DEREGISTERED/NORMAL-SERVICE]
[2023-01-10 08:44:30.625] [nas] [debug] Initial registration required due to [MM-DEREG-NORMAL-SERVICE]
[2023-01-10 08:44:30.625] [nas] [debug] UAC access attempt is allowed for identity[0], category[MO_sig]
[2023-01-10 08:44:30.625] [nas] [debug] Sending Initial Registration
[2023-01-10 08:44:30.625] [nas] [info] UE switches to state [MM-REGISTER-INITIATED]
[2023-01-10 08:44:30.625] [rrc] [debug] Sending RRC Setup Request
[2023-01-10 08:44:30.626] [rrc] [info] RRC connection established
[2023-01-10 08:44:30.626] [rrc] [info] UE switches to state [RRC-CONNECTED]
[2023-01-10 08:44:30.626] [nas] [info] UE switches to state [CM-CONNECTED]
[2023-01-10 08:44:30.643] [nas] [debug] Authentication Request received
[2023-01-10 08:44:30.643] [nas] [debug] Sending Authentication Failure due to SQN out of range
[2023-01-10 08:44:30.655] [nas] [debug] Authentication Request received
[2023-01-10 08:44:30.661] [nas] [debug] Security Mode Command received
[2023-01-10 08:44:30.661] [nas] [debug] Selected integrity[2] ciphering[0]
[2023-01-10 08:44:30.687] [nas] [debug] Registration accept received
[2023-01-10 08:44:30.687] [nas] [info] UE switches to state [MM-REGISTERED/NORMAL-SERVICE]
[2023-01-10 08:44:30.687] [nas] [debug] Sending Registration Complete
[2023-01-10 08:44:30.687] [nas] [info] Initial Registration is successful
[2023-01-10 08:44:30.687] [nas] [debug] Sending PDU Session Establishment Request
[2023-01-10 08:44:30.689] [nas] [debug] UAC access attempt is allowed for identity[0], category[MO_sig]
[2023-01-10 08:44:30.924] [nas] [debug] PDU Session Establishment Accept received
[2023-01-10 08:44:30.924] [nas] [info] PDU Session establishment is successful PSI[1]
[2023-01-10 08:44:30.944] [app] [info] Connection setup for PDU session[1] is successful, TUN interface[uesimtun48, 10.60.0.53] is up.
[2023-01-10 08:46:15.350] [nas] [debug] Sending PDU Session Release Request for PSI[1]
[2023-01-10 08:46:15.511] [nas] [debug] PDU Session Release Command received
[2023-01-10 08:46:15.511] [nas] [debug] Performing local release of PDU session[1]
[2023-01-10 08:46:16.104] [nas] [debug] Sending PDU Session Establishment Request
[2023-01-10 08:46:16.116] [nas] [debug] UAC access attempt is allowed for identity[0], category[MO_sig]
[2023-01-10 08:46:16.371] [nas] [debug] PDU Session Establishment Accept received
[2023-01-10 08:46:16.371] [nas] [info] PDU Session establishment is successful PSI[1]
[2023-01-10 08:46:16.799] [app] [info] Connection setup for PDU session[1] is successful, TUN interface[uesimtun25, 10.60.0.112] is up.
[2023-01-10 08:46:18.785] [rrc] [debug] Signal lost for cell[1], total [0] cells in coverage
[2023-01-10 08:46:18.785] [nas] [error] Radio link failure detected
[2023-01-10 08:46:18.785] [nas] [info] UE switches to state [CM-IDLE]
[2023-01-10 08:46:18.785] [nas] [info] UE switches to state [MM-REGISTERED/PS]
[2023-01-10 08:46:18.785] [nas] [info] UE switches to state [MM-REGISTERED/PLMN-SEARCH]
[2023-01-10 08:46:18.785] [nas] [error] PLMN selection failure, no cells in coverage
[2023-01-10 08:46:20.665] [rrc] [warning] Acceptable cell selection failed, no cell is in coverage
[2023-01-10 08:46:20.665] [rrc] [error] Cell selection failure, no suitable or acceptable cell found
[2023-01-10 08:46:21.823] [nas] [error] PLMN selection failure, no cells in coverage
[2023-01-10 08:46:24.025] [nas] [info] UE switches to state [MM-REGISTERED/NO-CELL-AVAILABLE]
[2023-01-10 08:46:50.677] [rrc] [warning] Acceptable cell selection failed, no cell is in coverage
[2023-01-10 08:46:50.677] [rrc] [error] Cell selection failure, no suitable or acceptable cell found
[2023-01-10 08:46:52.651] [nas] [error] PLMN selection failure, no cells in coverage
[2023-01-10 08:47:20.689] [rrc] [warning] Acceptable cell selection failed, no cell is in coverage
[2023-01-10 08:47:20.689] [rrc] [error] Cell selection failure, no suitable or acceptable cell found
[2023-01-10 08:47:23.479] [nas] [error] PLMN selection failure, no cells in coverage
[2023-01-10 08:47:50.702] [rrc] [warning] Acceptable cell selection failed, no cell is in coverage
[2023-01-10 08:47:50.702] [rrc] [error] Cell selection failure, no suitable or acceptable cell found
[2023-01-10 08:47:54.307] [nas] [error] PLMN selection failure, no cells in coverage
[2023-01-10 08:48:16.648] [nas] [debug] De-registration required due to [NORMAL]
[2023-01-10 08:48:20.714] [rrc] [warning] Acceptable cell selection failed, no cell is in coverage
[2023-01-10 08:48:20.714] [rrc] [error] Cell selection failure, no suitable or acceptable cell found
[2023-01-10 08:48:25.135] [nas] [error] PLMN selection failure, no cells in coverage
[2023-01-10 08:48:50.726] [rrc] [warning] Acceptable cell selection failed, no cell is in coverage
[2023-01-10 08:48:50.726] [rrc] [error] Cell selection failure, no suitable or acceptable cell found
[2023-01-10 08:48:55.964] [nas] [error] PLMN selection failure, no cells in coverage
[2023-01-10 08:49:20.738] [rrc] [warning] Acceptable cell selection failed, no cell is in coverage
[2023-01-10 08:49:20.738] [rrc] [error] Cell selection failure, no suitable or acceptable cell found
[2023-01-10 08:49:26.792] [nas] [error] PLMN selection failure, no cells in coverage
[2023-01-10 08:49:50.750] [rrc] [warning] Acceptable cell selection failed, no cell is in coverage
[2023-01-10 08:49:50.750] [rrc] [error] Cell selection failure, no suitable or acceptable cell found
[2023-01-10 08:49:57.620] [nas] [error] PLMN selection failure, no cells in coverage
[2023-01-10 08:50:20.762] [rrc] [warning] Acceptable cell selection failed, no cell is in coverage
[2023-01-10 08:50:20.762] [rrc] [error] Cell selection failure, no suitable or acceptable cell found
[2023-01-10 08:50:28.448] [nas] [error] PLMN selection failure, no cells in coverage
[2023-01-10 08:50:50.774] [rrc] [warning] Acceptable cell selection failed, no cell is in coverage
[2023-01-10 08:50:50.774] [rrc] [error] Cell selection failure, no suitable or acceptable cell found
[2023-01-10 08:50:59.276] [nas] [error] PLMN selection failure, no cells in coverage
[2023-01-10 08:51:20.786] [rrc] [warning] Acceptable cell selection failed, no cell is in coverage
[2023-01-10 08:51:20.786] [rrc] [error] Cell selection failure, no suitable or acceptable cell found
[2023-01-10 08:51:30.104] [nas] [error] PLMN selection failure, no cells in coverage
[2023-01-10 08:51:50.798] [rrc] [warning] Acceptable cell selection failed, no cell is in coverage
[2023-01-10 08:51:50.798] [rrc] [error] Cell selection failure, no suitable or acceptable cell found
[2023-01-10 08:52:00.932] [nas] [error] PLMN selection failure, no cells in coverage
[2023-01-10 08:52:20.810] [rrc] [warning] Acceptable cell selection failed, no cell is in coverage
[2023-01-10 08:52:20.810] [rrc] [error] Cell selection failure, no suitable or acceptable cell found
[2023-01-10 08:52:31.760] [nas] [error] PLMN selection failure, no cells in coverage
[2023-01-10 08:52:50.823] [rrc] [warning] Acceptable cell selection failed, no cell is in coverage
[2023-01-10 08:52:50.823] [rrc] [error] Cell selection failure, no suitable or acceptable cell found
[2023-01-10 08:53:02.588] [nas] [error] PLMN selection failure, no cells in coverage
[2023-01-10 08:53:20.835] [rrc] [warning] Acceptable cell selection failed, no cell is in coverage
[2023-01-10 08:53:20.835] [rrc] [error] Cell selection failure, no suitable or acceptable cell found
[2023-01-10 08:53:33.416] [nas] [error] PLMN selection failure, no cells in coverage
[2023-01-10 08:53:50.847] [rrc] [warning] Acceptable cell selection failed, no cell is in coverage
[2023-01-10 08:53:50.847] [rrc] [error] Cell selection failure, no suitable or acceptable cell found
[2023-01-10 08:54:04.244] [nas] [error] PLMN selection failure, no cells in coverage
[2023-01-10 08:54:20.859] [rrc] [warning] Acceptable cell selection failed, no cell is in coverage
[2023-01-10 08:54:20.859] [rrc] [error] Cell selection failure, no suitable or acceptable cell found
[2023-01-10 08:54:35.072] [nas] [error] PLMN selection failure, no cells in coverage
[2023-01-10 08:54:50.871] [rrc] [warning] Acceptable cell selection failed, no cell is in coverage
[2023-01-10 08:54:50.871] [rrc] [error] Cell selection failure, no suitable or acceptable cell found
[2023-01-10 08:55:05.900] [nas] [error] PLMN selection failure, no cells in coverage
[2023-01-10 08:55:20.883] [rrc] [warning] Acceptable cell selection failed, no cell is in coverage
[2023-01-10 08:55:20.883] [rrc] [error] Cell selection failure, no suitable or acceptable cell found
[2023-01-10 08:55:36.728] [nas] [error] PLMN selection failure, no cells in coverage
[2023-01-10 08:55:50.895] [rrc] [warning] Acceptable cell selection failed, no cell is in coverage
[2023-01-10 08:55:50.895] [rrc] [error] Cell selection failure, no suitable or acceptable cell found
[2023-01-10 08:56:07.556] [nas] [error] PLMN selection failure, no cells in coverage
[2023-01-10 08:56:20.907] [rrc] [warning] Acceptable cell selection failed, no cell is in coverage
[2023-01-10 08:56:20.907] [rrc] [error] Cell selection failure, no suitable or acceptable cell found
[2023-01-10 08:56:38.384] [nas] [error] PLMN selection failure, no cells in coverage
[2023-01-10 08:56:50.919] [rrc] [warning] Acceptable cell selection failed, no cell is in coverage
[2023-01-10 08:56:50.919] [rrc] [error] Cell selection failure, no suitable or acceptable cell found
[2023-01-10 08:57:09.213] [nas] [error] PLMN selection failure, no cells in coverage
[2023-01-10 08:57:20.931] [rrc] [warning] Acceptable cell selection failed, no cell is in coverage
[2023-01-10 08:57:20.931] [rrc] [error] Cell selection failure, no suitable or acceptable cell found
[2023-01-10 08:57:40.041] [nas] [error] PLMN selection failure, no cells in coverage
[2023-01-10 08:57:50.944] [rrc] [warning] Acceptable cell selection failed, no cell is in coverage
[2023-01-10 08:57:50.944] [rrc] [error] Cell selection failure, no suitable or acceptable cell found
[2023-01-10 08:58:10.869] [nas] [error] PLMN selection failure, no cells in coverage
[2023-01-10 08:58:20.956] [rrc] [warning] Acceptable cell selection failed, no cell is in coverage
[2023-01-10 08:58:20.956] [rrc] [error] Cell selection failure, no suitable or acceptable cell found
[2023-01-10 08:58:41.697] [nas] [error] PLMN selection failure, no cells in coverage
[2023-01-10 08:58:50.968] [rrc] [warning] Acceptable cell selection failed, no cell is in coverage
[2023-01-10 08:58:50.968] [rrc] [error] Cell selection failure, no suitable or acceptable cell found
[2023-01-10 08:59:12.525] [nas] [error] PLMN selection failure, no cells in coverage
[2023-01-10 08:59:20.980] [rrc] [warning] Acceptable cell selection failed, no cell is in coverage
[2023-01-10 08:59:20.980] [rrc] [error] Cell selection failure, no suitable or acceptable cell found
[2023-01-10 08:59:43.353] [nas] [error] PLMN selection failure, no cells in coverage
[2023-01-10 08:59:50.993] [rrc] [warning] Acceptable cell selection failed, no cell is in coverage
[2023-01-10 08:59:50.993] [rrc] [error] Cell selection failure, no suitable or acceptable cell found
[2023-01-10 09:00:14.181] [nas] [error] PLMN selection failure, no cells in coverage
[2023-01-10 09:00:21.005] [rrc] [warning] Acceptable cell selection failed, no cell is in coverage
[2023-01-10 09:00:21.005] [rrc] [error] Cell selection failure, no suitable or acceptable cell found
[2023-01-10 09:00:45.010] [nas] [error] PLMN selection failure, no cells in coverage
[2023-01-10 09:00:51.017] [rrc] [warning] Acceptable cell selection failed, no cell is in coverage
[2023-01-10 09:00:51.017] [rrc] [error] Cell selection failure, no suitable or acceptable cell found
[2023-01-10 09:01:15.838] [nas] [error] PLMN selection failure, no cells in coverage
[2023-01-10 09:01:21.029] [rrc] [warning] Acceptable cell selection failed, no cell is in coverage
[2023-01-10 09:01:21.029] [rrc] [error] Cell selection failure, no suitable or acceptable cell found
[2023-01-10 09:01:46.666] [nas] [error] PLMN selection failure, no cells in coverage
[2023-01-10 09:01:51.041] [rrc] [warning] Acceptable cell selection failed, no cell is in coverage
[2023-01-10 09:01:51.041] [rrc] [error] Cell selection failure, no suitable or acceptable cell found
[2023-01-10 09:02:17.494] [nas] [error] PLMN selection failure, no cells in coverage
[2023-01-10 09:02:21.053] [rrc] [warning] Acceptable cell selection failed, no cell is in coverage
[2023-01-10 09:02:21.053] [rrc] [error] Cell selection failure, no suitable or acceptable cell found
[2023-01-10 09:02:48.323] [nas] [error] PLMN selection failure, no cells in coverage
[2023-01-10 09:02:51.065] [rrc] [warning] Acceptable cell selection failed, no cell is in coverage
[2023-01-10 09:02:51.065] [rrc] [error] Cell selection failure, no suitable or acceptable cell found
[2023-01-10 09:03:19.151] [nas] [error] PLMN selection failure, no cells in coverage
[2023-01-10 09:03:21.077] [rrc] [warning] Acceptable cell selection failed, no cell is in coverage
[2023-01-10 09:03:21.077] [rrc] [error] Cell selection failure, no suitable or acceptable cell found
[2023-01-10 09:03:49.979] [nas] [error] PLMN selection failure, no cells in coverage
[2023-01-10 09:03:51.089] [rrc] [warning] Acceptable cell selection failed, no cell is in coverage
[2023-01-10 09:03:51.089] [rrc] [error] Cell selection failure, no suitable or acceptable cell found
[2023-01-10 09:04:20.807] [nas] [error] PLMN selection failure, no cells in coverage
[2023-01-10 09:04:21.101] [rrc] [warning] Acceptable cell selection failed, no cell is in coverage
[2023-01-10 09:04:21.101] [rrc] [error] Cell selection failure, no suitable or acceptable cell found
[2023-01-10 09:04:51.113] [rrc] [warning] Acceptable cell selection failed, no cell is in coverage
[2023-01-10 09:04:51.113] [rrc] [error] Cell selection failure, no suitable or acceptable cell found
[2023-01-10 09:04:51.635] [nas] [error] PLMN selection failure, no cells in coverage
[2023-01-10 09:05:21.125] [rrc] [warning] Acceptable cell selection failed, no cell is in coverage
[2023-01-10 09:05:21.125] [rrc] [error] Cell selection failure, no suitable or acceptable cell found
[2023-01-10 09:05:22.463] [nas] [error] PLMN selection failure, no cells in coverage
[2023-01-10 09:05:51.137] [rrc] [warning] Acceptable cell selection failed, no cell is in coverage
[2023-01-10 09:05:51.137] [rrc] [error] Cell selection failure, no suitable or acceptable cell found
[2023-01-10 09:05:53.291] [nas] [error] PLMN selection failure, no cells in coverage
[2023-01-10 09:06:21.150] [rrc] [warning] Acceptable cell selection failed, no cell is in coverage
[2023-01-10 09:06:21.150] [rrc] [error] Cell selection failure, no suitable or acceptable cell found
[2023-01-10 09:06:24.119] [nas] [error] PLMN selection failure, no cells in coverage
[2023-01-10 09:06:51.162] [rrc] [warning] Acceptable cell selection failed, no cell is in coverage
[2023-01-10 09:06:51.162] [rrc] [error] Cell selection failure, no suitable or acceptable cell found
[2023-01-10 09:06:54.947] [nas] [error] PLMN selection failure, no cells in coverage
