UERANSIM v3.2.6
[2023-01-10 08:45:56.711] [nas] [info] UE switches to state [MM-DEREGISTERED/PLMN-SEARCH]
[2023-01-10 08:45:56.718] [rrc] [debug] New signal detected for cell[1], total [1] cells in coverage
[2023-01-10 08:45:56.718] [nas] [info] Selected plmn[208/93]
[2023-01-10 08:45:56.718] [rrc] [info] Selected cell plmn[208/93] tac[1] category[SUITABLE]
[2023-01-10 08:45:56.718] [nas] [info] UE switches to state [MM-DEREGISTERED/PS]
[2023-01-10 08:45:56.718] [nas] [info] UE switches to state [MM-DEREGISTERED/NORMAL-SERVICE]
[2023-01-10 08:45:56.718] [nas] [debug] Initial registration required due to [MM-DEREG-NORMAL-SERVICE]
[2023-01-10 08:45:56.718] [nas] [debug] UAC access attempt is allowed for identity[0], category[MO_sig]
[2023-01-10 08:45:56.718] [nas] [debug] Sending Initial Registration
[2023-01-10 08:45:56.718] [nas] [info] UE switches to state [MM-REGISTER-INITIATED]
[2023-01-10 08:45:56.718] [rrc] [debug] Sending RRC Setup Request
[2023-01-10 08:45:56.719] [rrc] [info] RRC connection established
[2023-01-10 08:45:56.719] [rrc] [info] UE switches to state [RRC-CONNECTED]
[2023-01-10 08:45:56.719] [nas] [info] UE switches to state [CM-CONNECTED]
[2023-01-10 08:45:56.736] [nas] [debug] Authentication Request received
[2023-01-10 08:45:56.736] [nas] [debug] Sending Authentication Failure due to SQN out of range
[2023-01-10 08:45:56.751] [nas] [debug] Authentication Request received
[2023-01-10 08:45:56.758] [nas] [debug] Security Mode Command received
[2023-01-10 08:45:56.758] [nas] [debug] Selected integrity[2] ciphering[0]
[2023-01-10 08:45:56.788] [nas] [debug] Registration accept received
[2023-01-10 08:45:56.788] [nas] [info] UE switches to state [MM-REGISTERED/NORMAL-SERVICE]
[2023-01-10 08:45:56.788] [nas] [debug] Sending Registration Complete
[2023-01-10 08:45:56.788] [nas] [info] Initial Registration is successful
[2023-01-10 08:45:56.788] [nas] [debug] Sending PDU Session Establishment Request
[2023-01-10 08:45:56.788] [nas] [debug] UAC access attempt is allowed for identity[0], category[MO_sig]
[2023-01-10 08:45:57.026] [nas] [debug] PDU Session Establishment Accept received
[2023-01-10 08:45:57.026] [nas] [info] PDU Session establishment is successful PSI[1]
[2023-01-10 08:45:57.050] [app] [info] Connection setup for PDU session[1] is successful, TUN interface[uesimtun91, 10.60.0.96] is up.
[2023-01-10 08:46:17.532] [nas] [debug] Sending PDU Session Release Request for PSI[1]
[2023-01-10 08:46:17.814] [nas] [debug] Sending PDU Session Release Request for PSI[1]
[2023-01-10 08:46:18.108] [rrc] [debug] Signal lost for cell[1], total [0] cells in coverage
[2023-01-10 08:46:18.108] [nas] [error] Radio link failure detected
[2023-01-10 08:46:18.108] [nas] [info] UE switches to state [CM-IDLE]
[2023-01-10 08:46:18.108] [nas] [info] UE switches to state [MM-REGISTERED/PS]
[2023-01-10 08:46:18.108] [nas] [info] UE switches to state [MM-REGISTERED/PLMN-SEARCH]
[2023-01-10 08:46:18.108] [nas] [error] PLMN selection failure, no cells in coverage
[2023-01-10 08:46:18.347] [nas] [debug] Sending PDU Session Release Request for PSI[1]
[2023-01-10 08:46:18.348] [nas] [debug] NAS Transport aborted, no active cell
[2023-01-10 08:46:19.220] [rrc] [warning] Acceptable cell selection failed, no cell is in coverage
[2023-01-10 08:46:19.220] [rrc] [error] Cell selection failure, no suitable or acceptable cell found
[2023-01-10 08:46:20.936] [nas] [error] PLMN selection failure, no cells in coverage
[2023-01-10 08:46:23.138] [nas] [info] UE switches to state [MM-REGISTERED/NO-CELL-AVAILABLE]
[2023-01-10 08:46:33.754] [nas] [warning] Retransmitting PDU Session Release Request due to T3582 expiry
[2023-01-10 08:46:33.754] [nas] [debug] NAS Transport aborted, no active cell
[2023-01-10 08:46:34.755] [nas] [warning] Retransmitting PDU Session Release Request due to T3582 expiry
[2023-01-10 08:46:34.755] [nas] [debug] NAS Transport aborted, no active cell
[2023-01-10 08:46:34.755] [nas] [warning] Retransmitting PDU Session Release Request due to T3582 expiry
[2023-01-10 08:46:34.755] [nas] [debug] NAS Transport aborted, no active cell
[2023-01-10 08:46:49.232] [rrc] [warning] Acceptable cell selection failed, no cell is in coverage
[2023-01-10 08:46:49.232] [rrc] [error] Cell selection failure, no suitable or acceptable cell found
[2023-01-10 08:46:49.772] [nas] [warning] Retransmitting PDU Session Release Request due to T3582 expiry
[2023-01-10 08:46:49.772] [nas] [debug] NAS Transport aborted, no active cell
[2023-01-10 08:46:50.773] [nas] [warning] Retransmitting PDU Session Release Request due to T3582 expiry
[2023-01-10 08:46:50.773] [nas] [debug] NAS Transport aborted, no active cell
[2023-01-10 08:46:50.773] [nas] [warning] Retransmitting PDU Session Release Request due to T3582 expiry
[2023-01-10 08:46:50.773] [nas] [debug] NAS Transport aborted, no active cell
[2023-01-10 08:46:51.765] [nas] [error] PLMN selection failure, no cells in coverage
[2023-01-10 08:47:05.788] [nas] [warning] Retransmitting PDU Session Release Request due to T3582 expiry
[2023-01-10 08:47:05.788] [nas] [debug] NAS Transport aborted, no active cell
[2023-01-10 08:47:06.789] [nas] [warning] Retransmitting PDU Session Release Request due to T3582 expiry
[2023-01-10 08:47:06.789] [nas] [debug] NAS Transport aborted, no active cell
[2023-01-10 08:47:06.789] [nas] [warning] Retransmitting PDU Session Release Request due to T3582 expiry
[2023-01-10 08:47:06.789] [nas] [debug] NAS Transport aborted, no active cell
[2023-01-10 08:47:19.244] [rrc] [warning] Acceptable cell selection failed, no cell is in coverage
[2023-01-10 08:47:19.244] [rrc] [error] Cell selection failure, no suitable or acceptable cell found
[2023-01-10 08:47:21.806] [nas] [warning] Retransmitting PDU Session Release Request due to T3582 expiry
[2023-01-10 08:47:21.806] [nas] [debug] NAS Transport aborted, no active cell
[2023-01-10 08:47:22.594] [nas] [error] PLMN selection failure, no cells in coverage
[2023-01-10 08:47:22.807] [nas] [warning] Retransmitting PDU Session Release Request due to T3582 expiry
[2023-01-10 08:47:22.807] [nas] [debug] NAS Transport aborted, no active cell
[2023-01-10 08:47:22.807] [nas] [warning] Retransmitting PDU Session Release Request due to T3582 expiry
[2023-01-10 08:47:22.807] [nas] [debug] NAS Transport aborted, no active cell
[2023-01-10 08:47:37.822] [nas] [error] PDU Session Release procedure failure, no response from the network after 5 attempts
[2023-01-10 08:47:37.822] [nas] [debug] Aborting SM procedure for PTI[1], PSI[1]
[2023-01-10 08:47:37.822] [nas] [debug] Performing local release of PDU session[1]
[2023-01-10 08:47:37.822] [nas] [debug] Mobility registration updating required due to [PS-STATUS-INFORM]
[2023-01-10 08:47:38.823] [nas] [error] PDU Session Release procedure failure, no response from the network after 5 attempts
[2023-01-10 08:47:38.823] [nas] [debug] Aborting SM procedure for PTI[2], PSI[1]
[2023-01-10 08:47:38.823] [nas] [debug] Performing local release of PDU session[1]
[2023-01-10 08:47:38.823] [nas] [error] PDU Session Release procedure failure, no response from the network after 5 attempts
[2023-01-10 08:47:38.823] [nas] [debug] Aborting SM procedure for PTI[3], PSI[1]
[2023-01-10 08:47:38.823] [nas] [debug] Performing local release of PDU session[1]
[2023-01-10 08:47:49.256] [rrc] [warning] Acceptable cell selection failed, no cell is in coverage
[2023-01-10 08:47:49.256] [rrc] [error] Cell selection failure, no suitable or acceptable cell found
[2023-01-10 08:47:53.422] [nas] [error] PLMN selection failure, no cells in coverage
[2023-01-10 08:48:18.576] [nas] [debug] De-registration required due to [NORMAL]
[2023-01-10 08:48:19.268] [rrc] [warning] Acceptable cell selection failed, no cell is in coverage
[2023-01-10 08:48:19.268] [rrc] [error] Cell selection failure, no suitable or acceptable cell found
[2023-01-10 08:48:24.250] [nas] [error] PLMN selection failure, no cells in coverage
[2023-01-10 08:48:49.280] [rrc] [warning] Acceptable cell selection failed, no cell is in coverage
[2023-01-10 08:48:49.280] [rrc] [error] Cell selection failure, no suitable or acceptable cell found
[2023-01-10 08:48:55.078] [nas] [error] PLMN selection failure, no cells in coverage
[2023-01-10 08:49:19.292] [rrc] [warning] Acceptable cell selection failed, no cell is in coverage
[2023-01-10 08:49:19.292] [rrc] [error] Cell selection failure, no suitable or acceptable cell found
[2023-01-10 08:49:25.906] [nas] [error] PLMN selection failure, no cells in coverage
[2023-01-10 08:49:49.304] [rrc] [warning] Acceptable cell selection failed, no cell is in coverage
[2023-01-10 08:49:49.304] [rrc] [error] Cell selection failure, no suitable or acceptable cell found
[2023-01-10 08:49:56.734] [nas] [error] PLMN selection failure, no cells in coverage
[2023-01-10 08:50:19.316] [rrc] [warning] Acceptable cell selection failed, no cell is in coverage
[2023-01-10 08:50:19.316] [rrc] [error] Cell selection failure, no suitable or acceptable cell found
[2023-01-10 08:50:27.563] [nas] [error] PLMN selection failure, no cells in coverage
[2023-01-10 08:50:49.328] [rrc] [warning] Acceptable cell selection failed, no cell is in coverage
[2023-01-10 08:50:49.328] [rrc] [error] Cell selection failure, no suitable or acceptable cell found
[2023-01-10 08:50:58.391] [nas] [error] PLMN selection failure, no cells in coverage
[2023-01-10 08:51:19.340] [rrc] [warning] Acceptable cell selection failed, no cell is in coverage
[2023-01-10 08:51:19.340] [rrc] [error] Cell selection failure, no suitable or acceptable cell found
[2023-01-10 08:51:29.219] [nas] [error] PLMN selection failure, no cells in coverage
[2023-01-10 08:51:49.352] [rrc] [warning] Acceptable cell selection failed, no cell is in coverage
[2023-01-10 08:51:49.352] [rrc] [error] Cell selection failure, no suitable or acceptable cell found
[2023-01-10 08:52:00.047] [nas] [error] PLMN selection failure, no cells in coverage
[2023-01-10 08:52:19.364] [rrc] [warning] Acceptable cell selection failed, no cell is in coverage
[2023-01-10 08:52:19.364] [rrc] [error] Cell selection failure, no suitable or acceptable cell found
[2023-01-10 08:52:30.875] [nas] [error] PLMN selection failure, no cells in coverage
[2023-01-10 08:52:49.376] [rrc] [warning] Acceptable cell selection failed, no cell is in coverage
[2023-01-10 08:52:49.376] [rrc] [error] Cell selection failure, no suitable or acceptable cell found
[2023-01-10 08:53:01.704] [nas] [error] PLMN selection failure, no cells in coverage
[2023-01-10 08:53:19.389] [rrc] [warning] Acceptable cell selection failed, no cell is in coverage
[2023-01-10 08:53:19.389] [rrc] [error] Cell selection failure, no suitable or acceptable cell found
[2023-01-10 08:53:32.532] [nas] [error] PLMN selection failure, no cells in coverage
[2023-01-10 08:53:49.401] [rrc] [warning] Acceptable cell selection failed, no cell is in coverage
[2023-01-10 08:53:49.401] [rrc] [error] Cell selection failure, no suitable or acceptable cell found
[2023-01-10 08:54:03.360] [nas] [error] PLMN selection failure, no cells in coverage
[2023-01-10 08:54:19.413] [rrc] [warning] Acceptable cell selection failed, no cell is in coverage
[2023-01-10 08:54:19.413] [rrc] [error] Cell selection failure, no suitable or acceptable cell found
[2023-01-10 08:54:34.188] [nas] [error] PLMN selection failure, no cells in coverage
[2023-01-10 08:54:49.425] [rrc] [warning] Acceptable cell selection failed, no cell is in coverage
[2023-01-10 08:54:49.425] [rrc] [error] Cell selection failure, no suitable or acceptable cell found
[2023-01-10 08:55:05.017] [nas] [error] PLMN selection failure, no cells in coverage
[2023-01-10 08:55:19.437] [rrc] [warning] Acceptable cell selection failed, no cell is in coverage
[2023-01-10 08:55:19.437] [rrc] [error] Cell selection failure, no suitable or acceptable cell found
[2023-01-10 08:55:35.845] [nas] [error] PLMN selection failure, no cells in coverage
[2023-01-10 08:55:49.449] [rrc] [warning] Acceptable cell selection failed, no cell is in coverage
[2023-01-10 08:55:49.449] [rrc] [error] Cell selection failure, no suitable or acceptable cell found
[2023-01-10 08:56:06.673] [nas] [error] PLMN selection failure, no cells in coverage
[2023-01-10 08:56:19.461] [rrc] [warning] Acceptable cell selection failed, no cell is in coverage
[2023-01-10 08:56:19.461] [rrc] [error] Cell selection failure, no suitable or acceptable cell found
[2023-01-10 08:56:37.501] [nas] [error] PLMN selection failure, no cells in coverage
[2023-01-10 08:56:49.473] [rrc] [warning] Acceptable cell selection failed, no cell is in coverage
[2023-01-10 08:56:49.473] [rrc] [error] Cell selection failure, no suitable or acceptable cell found
[2023-01-10 08:57:08.329] [nas] [error] PLMN selection failure, no cells in coverage
[2023-01-10 08:57:19.485] [rrc] [warning] Acceptable cell selection failed, no cell is in coverage
[2023-01-10 08:57:19.485] [rrc] [error] Cell selection failure, no suitable or acceptable cell found
[2023-01-10 08:57:39.157] [nas] [error] PLMN selection failure, no cells in coverage
[2023-01-10 08:57:49.497] [rrc] [warning] Acceptable cell selection failed, no cell is in coverage
[2023-01-10 08:57:49.497] [rrc] [error] Cell selection failure, no suitable or acceptable cell found
[2023-01-10 08:58:09.985] [nas] [error] PLMN selection failure, no cells in coverage
[2023-01-10 08:58:19.509] [rrc] [warning] Acceptable cell selection failed, no cell is in coverage
[2023-01-10 08:58:19.509] [rrc] [error] Cell selection failure, no suitable or acceptable cell found
[2023-01-10 08:58:40.813] [nas] [error] PLMN selection failure, no cells in coverage
[2023-01-10 08:58:49.521] [rrc] [warning] Acceptable cell selection failed, no cell is in coverage
[2023-01-10 08:58:49.521] [rrc] [error] Cell selection failure, no suitable or acceptable cell found
[2023-01-10 08:59:11.641] [nas] [error] PLMN selection failure, no cells in coverage
[2023-01-10 08:59:19.533] [rrc] [warning] Acceptable cell selection failed, no cell is in coverage
[2023-01-10 08:59:19.533] [rrc] [error] Cell selection failure, no suitable or acceptable cell found
[2023-01-10 08:59:42.469] [nas] [error] PLMN selection failure, no cells in coverage
[2023-01-10 08:59:49.545] [rrc] [warning] Acceptable cell selection failed, no cell is in coverage
[2023-01-10 08:59:49.545] [rrc] [error] Cell selection failure, no suitable or acceptable cell found
[2023-01-10 09:00:13.297] [nas] [error] PLMN selection failure, no cells in coverage
[2023-01-10 09:00:19.557] [rrc] [warning] Acceptable cell selection failed, no cell is in coverage
[2023-01-10 09:00:19.557] [rrc] [error] Cell selection failure, no suitable or acceptable cell found
[2023-01-10 09:00:44.125] [nas] [error] PLMN selection failure, no cells in coverage
[2023-01-10 09:00:49.569] [rrc] [warning] Acceptable cell selection failed, no cell is in coverage
[2023-01-10 09:00:49.569] [rrc] [error] Cell selection failure, no suitable or acceptable cell found
[2023-01-10 09:01:14.953] [nas] [error] PLMN selection failure, no cells in coverage
[2023-01-10 09:01:19.581] [rrc] [warning] Acceptable cell selection failed, no cell is in coverage
[2023-01-10 09:01:19.581] [rrc] [error] Cell selection failure, no suitable or acceptable cell found
[2023-01-10 09:01:45.781] [nas] [error] PLMN selection failure, no cells in coverage
[2023-01-10 09:01:49.593] [rrc] [warning] Acceptable cell selection failed, no cell is in coverage
[2023-01-10 09:01:49.593] [rrc] [error] Cell selection failure, no suitable or acceptable cell found
[2023-01-10 09:02:16.609] [nas] [error] PLMN selection failure, no cells in coverage
[2023-01-10 09:02:19.606] [rrc] [warning] Acceptable cell selection failed, no cell is in coverage
[2023-01-10 09:02:19.606] [rrc] [error] Cell selection failure, no suitable or acceptable cell found
[2023-01-10 09:02:47.438] [nas] [error] PLMN selection failure, no cells in coverage
[2023-01-10 09:02:49.618] [rrc] [warning] Acceptable cell selection failed, no cell is in coverage
[2023-01-10 09:02:49.618] [rrc] [error] Cell selection failure, no suitable or acceptable cell found
[2023-01-10 09:03:18.266] [nas] [error] PLMN selection failure, no cells in coverage
[2023-01-10 09:03:19.630] [rrc] [warning] Acceptable cell selection failed, no cell is in coverage
[2023-01-10 09:03:19.630] [rrc] [error] Cell selection failure, no suitable or acceptable cell found
[2023-01-10 09:03:49.096] [nas] [error] PLMN selection failure, no cells in coverage
[2023-01-10 09:03:49.642] [rrc] [warning] Acceptable cell selection failed, no cell is in coverage
[2023-01-10 09:03:49.642] [rrc] [error] Cell selection failure, no suitable or acceptable cell found
[2023-01-10 09:04:19.655] [rrc] [warning] Acceptable cell selection failed, no cell is in coverage
[2023-01-10 09:04:19.655] [rrc] [error] Cell selection failure, no suitable or acceptable cell found
[2023-01-10 09:04:19.925] [nas] [error] PLMN selection failure, no cells in coverage
[2023-01-10 09:04:49.667] [rrc] [warning] Acceptable cell selection failed, no cell is in coverage
[2023-01-10 09:04:49.667] [rrc] [error] Cell selection failure, no suitable or acceptable cell found
[2023-01-10 09:04:50.754] [nas] [error] PLMN selection failure, no cells in coverage
[2023-01-10 09:05:19.679] [rrc] [warning] Acceptable cell selection failed, no cell is in coverage
[2023-01-10 09:05:19.679] [rrc] [error] Cell selection failure, no suitable or acceptable cell found
[2023-01-10 09:05:21.582] [nas] [error] PLMN selection failure, no cells in coverage
[2023-01-10 09:05:49.691] [rrc] [warning] Acceptable cell selection failed, no cell is in coverage
[2023-01-10 09:05:49.691] [rrc] [error] Cell selection failure, no suitable or acceptable cell found
[2023-01-10 09:05:52.410] [nas] [error] PLMN selection failure, no cells in coverage
[2023-01-10 09:06:19.703] [rrc] [warning] Acceptable cell selection failed, no cell is in coverage
[2023-01-10 09:06:19.703] [rrc] [error] Cell selection failure, no suitable or acceptable cell found
[2023-01-10 09:06:23.238] [nas] [error] PLMN selection failure, no cells in coverage
[2023-01-10 09:06:49.715] [rrc] [warning] Acceptable cell selection failed, no cell is in coverage
[2023-01-10 09:06:49.715] [rrc] [error] Cell selection failure, no suitable or acceptable cell found
[2023-01-10 09:06:54.066] [nas] [error] PLMN selection failure, no cells in coverage
