UERANSIM v3.2.6
[2023-01-10 08:45:16.668] [nas] [info] UE switches to state [MM-DEREGISTERED/PLMN-SEARCH]
[2023-01-10 08:45:16.674] [rrc] [debug] New signal detected for cell[1], total [1] cells in coverage
[2023-01-10 08:45:16.675] [nas] [info] Selected plmn[208/93]
[2023-01-10 08:45:16.675] [rrc] [info] Selected cell plmn[208/93] tac[1] category[SUITABLE]
[2023-01-10 08:45:16.675] [nas] [info] UE switches to state [MM-DEREGISTERED/PS]
[2023-01-10 08:45:16.675] [nas] [info] UE switches to state [MM-DEREGISTERED/NORMAL-SERVICE]
[2023-01-10 08:45:16.675] [nas] [debug] Initial registration required due to [MM-DEREG-NORMAL-SERVICE]
[2023-01-10 08:45:16.675] [nas] [debug] UAC access attempt is allowed for identity[0], category[MO_sig]
[2023-01-10 08:45:16.675] [nas] [debug] Sending Initial Registration
[2023-01-10 08:45:16.675] [nas] [info] UE switches to state [MM-REGISTER-INITIATED]
[2023-01-10 08:45:16.675] [rrc] [debug] Sending RRC Setup Request
[2023-01-10 08:45:16.675] [rrc] [info] RRC connection established
[2023-01-10 08:45:16.675] [rrc] [info] UE switches to state [RRC-CONNECTED]
[2023-01-10 08:45:16.675] [nas] [info] UE switches to state [CM-CONNECTED]
[2023-01-10 08:45:16.692] [nas] [debug] Authentication Request received
[2023-01-10 08:45:16.692] [nas] [debug] Sending Authentication Failure due to SQN out of range
[2023-01-10 08:45:16.704] [nas] [debug] Authentication Request received
[2023-01-10 08:45:16.711] [nas] [debug] Security Mode Command received
[2023-01-10 08:45:16.711] [nas] [debug] Selected integrity[2] ciphering[0]
[2023-01-10 08:45:16.740] [nas] [debug] Registration accept received
[2023-01-10 08:45:16.740] [nas] [info] UE switches to state [MM-REGISTERED/NORMAL-SERVICE]
[2023-01-10 08:45:16.740] [nas] [debug] Sending Registration Complete
[2023-01-10 08:45:16.740] [nas] [info] Initial Registration is successful
[2023-01-10 08:45:16.740] [nas] [debug] Sending PDU Session Establishment Request
[2023-01-10 08:45:16.740] [nas] [debug] UAC access attempt is allowed for identity[0], category[MO_sig]
[2023-01-10 08:45:16.975] [nas] [debug] PDU Session Establishment Accept received
[2023-01-10 08:45:16.975] [nas] [info] PDU Session establishment is successful PSI[1]
[2023-01-10 08:45:16.992] [app] [info] Connection setup for PDU session[1] is successful, TUN interface[uesimtun71, 10.60.0.76] is up.
[2023-01-10 08:46:18.492] [nas] [debug] Sending PDU Session Release Request for PSI[1]
[2023-01-10 08:46:18.595] [nas] [debug] Sending PDU Session Establishment Request
[2023-01-10 08:46:18.696] [nas] [error] No response from RRC from UAC checks, considering access attempt is barred
[2023-01-10 08:46:18.734] [nas] [debug] Sending PDU Session Release Request for PSI[1]
[2023-01-10 08:46:18.756] [nas] [debug] Sending PDU Session Establishment Request
[2023-01-10 08:46:18.857] [nas] [error] No response from RRC from UAC checks, considering access attempt is barred
[2023-01-10 08:46:18.921] [rrc] [debug] Signal lost for cell[1], total [0] cells in coverage
[2023-01-10 08:46:18.921] [nas] [error] Radio link failure detected
[2023-01-10 08:46:18.921] [nas] [info] UE switches to state [CM-IDLE]
[2023-01-10 08:46:18.921] [nas] [info] UE switches to state [MM-REGISTERED/PS]
[2023-01-10 08:46:18.921] [nas] [info] UE switches to state [MM-REGISTERED/PLMN-SEARCH]
[2023-01-10 08:46:18.921] [nas] [error] PLMN selection failure, no cells in coverage
[2023-01-10 08:46:19.193] [rrc] [warning] Acceptable cell selection failed, no cell is in coverage
[2023-01-10 08:46:19.193] [rrc] [error] Cell selection failure, no suitable or acceptable cell found
[2023-01-10 08:46:21.629] [nas] [error] PLMN selection failure, no cells in coverage
[2023-01-10 08:46:23.832] [nas] [error] PLMN selection failure, no cells in coverage
[2023-01-10 08:46:24.933] [nas] [info] UE switches to state [MM-REGISTERED/NO-CELL-AVAILABLE]
[2023-01-10 08:46:34.762] [nas] [warning] Retransmitting PDU Session Release Request due to T3582 expiry
[2023-01-10 08:46:34.762] [nas] [debug] NAS Transport aborted, no active cell
[2023-01-10 08:46:34.762] [nas] [warning] Retransmitting PDU Session Establishment Request due to T3580 expiry
[2023-01-10 08:46:34.762] [nas] [error] UAC access attempt is barred for identity[0], category[MO_sig]
[2023-01-10 08:46:34.762] [nas] [warning] Retransmitting PDU Session Release Request due to T3582 expiry
[2023-01-10 08:46:34.762] [nas] [debug] NAS Transport aborted, no active cell
[2023-01-10 08:46:34.762] [nas] [warning] Retransmitting PDU Session Establishment Request due to T3580 expiry
[2023-01-10 08:46:34.762] [nas] [error] UAC access attempt is barred for identity[0], category[MO_sig]
[2023-01-10 08:46:49.205] [rrc] [warning] Acceptable cell selection failed, no cell is in coverage
[2023-01-10 08:46:49.205] [rrc] [error] Cell selection failure, no suitable or acceptable cell found
[2023-01-10 08:46:50.781] [nas] [warning] Retransmitting PDU Session Release Request due to T3582 expiry
[2023-01-10 08:46:50.781] [nas] [debug] NAS Transport aborted, no active cell
[2023-01-10 08:46:50.781] [nas] [warning] Retransmitting PDU Session Establishment Request due to T3580 expiry
[2023-01-10 08:46:50.781] [nas] [error] UAC access attempt is barred for identity[0], category[MO_sig]
[2023-01-10 08:46:50.781] [nas] [warning] Retransmitting PDU Session Release Request due to T3582 expiry
[2023-01-10 08:46:50.781] [nas] [debug] NAS Transport aborted, no active cell
[2023-01-10 08:46:50.781] [nas] [warning] Retransmitting PDU Session Establishment Request due to T3580 expiry
[2023-01-10 08:46:50.782] [nas] [error] UAC access attempt is barred for identity[0], category[MO_sig]
[2023-01-10 08:46:54.660] [nas] [error] PLMN selection failure, no cells in coverage
[2023-01-10 08:47:06.797] [nas] [warning] Retransmitting PDU Session Release Request due to T3582 expiry
[2023-01-10 08:47:06.797] [nas] [debug] NAS Transport aborted, no active cell
[2023-01-10 08:47:06.797] [nas] [warning] Retransmitting PDU Session Establishment Request due to T3580 expiry
[2023-01-10 08:47:06.797] [nas] [error] UAC access attempt is barred for identity[0], category[MO_sig]
[2023-01-10 08:47:06.797] [nas] [warning] Retransmitting PDU Session Release Request due to T3582 expiry
[2023-01-10 08:47:06.797] [nas] [debug] NAS Transport aborted, no active cell
[2023-01-10 08:47:06.797] [nas] [warning] Retransmitting PDU Session Establishment Request due to T3580 expiry
[2023-01-10 08:47:06.797] [nas] [error] UAC access attempt is barred for identity[0], category[MO_sig]
[2023-01-10 08:47:19.217] [rrc] [warning] Acceptable cell selection failed, no cell is in coverage
[2023-01-10 08:47:19.217] [rrc] [error] Cell selection failure, no suitable or acceptable cell found
[2023-01-10 08:47:22.814] [nas] [warning] Retransmitting PDU Session Release Request due to T3582 expiry
[2023-01-10 08:47:22.814] [nas] [debug] NAS Transport aborted, no active cell
[2023-01-10 08:47:22.814] [nas] [warning] Retransmitting PDU Session Establishment Request due to T3580 expiry
[2023-01-10 08:47:22.814] [nas] [error] UAC access attempt is barred for identity[0], category[MO_sig]
[2023-01-10 08:47:22.814] [nas] [warning] Retransmitting PDU Session Release Request due to T3582 expiry
[2023-01-10 08:47:22.814] [nas] [debug] NAS Transport aborted, no active cell
[2023-01-10 08:47:22.814] [nas] [warning] Retransmitting PDU Session Establishment Request due to T3580 expiry
[2023-01-10 08:47:22.814] [nas] [error] UAC access attempt is barred for identity[0], category[MO_sig]
[2023-01-10 08:47:25.488] [nas] [error] PLMN selection failure, no cells in coverage
[2023-01-10 08:47:38.834] [nas] [error] PDU Session Release procedure failure, no response from the network after 5 attempts
[2023-01-10 08:47:38.834] [nas] [debug] Aborting SM procedure for PTI[1], PSI[1]
[2023-01-10 08:47:38.834] [nas] [debug] Performing local release of PDU session[1]
[2023-01-10 08:47:38.834] [nas] [debug] Mobility registration updating required due to [PS-STATUS-INFORM]
[2023-01-10 08:47:38.834] [nas] [error] PDU Session Establishment procedure failure, no response from the network after 5 attempts
[2023-01-10 08:47:38.834] [nas] [debug] Aborting SM procedure for PTI[2], PSI[2]
[2023-01-10 08:47:38.834] [nas] [error] PDU Session Release procedure failure, no response from the network after 5 attempts
[2023-01-10 08:47:38.834] [nas] [debug] Aborting SM procedure for PTI[3], PSI[1]
[2023-01-10 08:47:38.834] [nas] [debug] Performing local release of PDU session[1]
[2023-01-10 08:47:38.834] [nas] [error] PDU Session Establishment procedure failure, no response from the network after 5 attempts
[2023-01-10 08:47:38.834] [nas] [debug] Aborting SM procedure for PTI[4], PSI[3]
[2023-01-10 08:47:49.230] [rrc] [warning] Acceptable cell selection failed, no cell is in coverage
[2023-01-10 08:47:49.230] [rrc] [error] Cell selection failure, no suitable or acceptable cell found
[2023-01-10 08:47:56.317] [nas] [error] PLMN selection failure, no cells in coverage
[2023-01-10 08:48:19.019] [nas] [debug] De-registration required due to [NORMAL]
[2023-01-10 08:48:19.242] [rrc] [warning] Acceptable cell selection failed, no cell is in coverage
[2023-01-10 08:48:19.242] [rrc] [error] Cell selection failure, no suitable or acceptable cell found
[2023-01-10 08:48:27.145] [nas] [error] PLMN selection failure, no cells in coverage
[2023-01-10 08:48:49.254] [rrc] [warning] Acceptable cell selection failed, no cell is in coverage
[2023-01-10 08:48:49.254] [rrc] [error] Cell selection failure, no suitable or acceptable cell found
[2023-01-10 08:48:57.973] [nas] [error] PLMN selection failure, no cells in coverage
[2023-01-10 08:49:19.266] [rrc] [warning] Acceptable cell selection failed, no cell is in coverage
[2023-01-10 08:49:19.266] [rrc] [error] Cell selection failure, no suitable or acceptable cell found
[2023-01-10 08:49:28.801] [nas] [error] PLMN selection failure, no cells in coverage
[2023-01-10 08:49:49.278] [rrc] [warning] Acceptable cell selection failed, no cell is in coverage
[2023-01-10 08:49:49.278] [rrc] [error] Cell selection failure, no suitable or acceptable cell found
[2023-01-10 08:49:59.629] [nas] [error] PLMN selection failure, no cells in coverage
[2023-01-10 08:50:19.290] [rrc] [warning] Acceptable cell selection failed, no cell is in coverage
[2023-01-10 08:50:19.290] [rrc] [error] Cell selection failure, no suitable or acceptable cell found
[2023-01-10 08:50:30.457] [nas] [error] PLMN selection failure, no cells in coverage
[2023-01-10 08:50:49.302] [rrc] [warning] Acceptable cell selection failed, no cell is in coverage
[2023-01-10 08:50:49.302] [rrc] [error] Cell selection failure, no suitable or acceptable cell found
[2023-01-10 08:51:01.285] [nas] [error] PLMN selection failure, no cells in coverage
[2023-01-10 08:51:19.314] [rrc] [warning] Acceptable cell selection failed, no cell is in coverage
[2023-01-10 08:51:19.314] [rrc] [error] Cell selection failure, no suitable or acceptable cell found
[2023-01-10 08:51:32.113] [nas] [error] PLMN selection failure, no cells in coverage
[2023-01-10 08:51:49.326] [rrc] [warning] Acceptable cell selection failed, no cell is in coverage
[2023-01-10 08:51:49.326] [rrc] [error] Cell selection failure, no suitable or acceptable cell found
[2023-01-10 08:52:02.941] [nas] [error] PLMN selection failure, no cells in coverage
[2023-01-10 08:52:19.338] [rrc] [warning] Acceptable cell selection failed, no cell is in coverage
[2023-01-10 08:52:19.338] [rrc] [error] Cell selection failure, no suitable or acceptable cell found
[2023-01-10 08:52:33.770] [nas] [error] PLMN selection failure, no cells in coverage
[2023-01-10 08:52:49.351] [rrc] [warning] Acceptable cell selection failed, no cell is in coverage
[2023-01-10 08:52:49.351] [rrc] [error] Cell selection failure, no suitable or acceptable cell found
[2023-01-10 08:53:04.598] [nas] [error] PLMN selection failure, no cells in coverage
[2023-01-10 08:53:19.363] [rrc] [warning] Acceptable cell selection failed, no cell is in coverage
[2023-01-10 08:53:19.363] [rrc] [error] Cell selection failure, no suitable or acceptable cell found
[2023-01-10 08:53:35.426] [nas] [error] PLMN selection failure, no cells in coverage
[2023-01-10 08:53:49.375] [rrc] [warning] Acceptable cell selection failed, no cell is in coverage
[2023-01-10 08:53:49.375] [rrc] [error] Cell selection failure, no suitable or acceptable cell found
[2023-01-10 08:54:06.255] [nas] [error] PLMN selection failure, no cells in coverage
[2023-01-10 08:54:19.387] [rrc] [warning] Acceptable cell selection failed, no cell is in coverage
[2023-01-10 08:54:19.387] [rrc] [error] Cell selection failure, no suitable or acceptable cell found
[2023-01-10 08:54:37.083] [nas] [error] PLMN selection failure, no cells in coverage
[2023-01-10 08:54:49.399] [rrc] [warning] Acceptable cell selection failed, no cell is in coverage
[2023-01-10 08:54:49.399] [rrc] [error] Cell selection failure, no suitable or acceptable cell found
[2023-01-10 08:55:07.911] [nas] [error] PLMN selection failure, no cells in coverage
[2023-01-10 08:55:19.411] [rrc] [warning] Acceptable cell selection failed, no cell is in coverage
[2023-01-10 08:55:19.411] [rrc] [error] Cell selection failure, no suitable or acceptable cell found
[2023-01-10 08:55:38.739] [nas] [error] PLMN selection failure, no cells in coverage
[2023-01-10 08:55:49.423] [rrc] [warning] Acceptable cell selection failed, no cell is in coverage
[2023-01-10 08:55:49.423] [rrc] [error] Cell selection failure, no suitable or acceptable cell found
[2023-01-10 08:56:09.567] [nas] [error] PLMN selection failure, no cells in coverage
[2023-01-10 08:56:19.435] [rrc] [warning] Acceptable cell selection failed, no cell is in coverage
[2023-01-10 08:56:19.435] [rrc] [error] Cell selection failure, no suitable or acceptable cell found
[2023-01-10 08:56:40.395] [nas] [error] PLMN selection failure, no cells in coverage
[2023-01-10 08:56:49.447] [rrc] [warning] Acceptable cell selection failed, no cell is in coverage
[2023-01-10 08:56:49.447] [rrc] [error] Cell selection failure, no suitable or acceptable cell found
[2023-01-10 08:57:11.223] [nas] [error] PLMN selection failure, no cells in coverage
[2023-01-10 08:57:19.459] [rrc] [warning] Acceptable cell selection failed, no cell is in coverage
[2023-01-10 08:57:19.459] [rrc] [error] Cell selection failure, no suitable or acceptable cell found
[2023-01-10 08:57:42.051] [nas] [error] PLMN selection failure, no cells in coverage
[2023-01-10 08:57:49.471] [rrc] [warning] Acceptable cell selection failed, no cell is in coverage
[2023-01-10 08:57:49.471] [rrc] [error] Cell selection failure, no suitable or acceptable cell found
[2023-01-10 08:58:12.880] [nas] [error] PLMN selection failure, no cells in coverage
[2023-01-10 08:58:19.483] [rrc] [warning] Acceptable cell selection failed, no cell is in coverage
[2023-01-10 08:58:19.483] [rrc] [error] Cell selection failure, no suitable or acceptable cell found
[2023-01-10 08:58:43.708] [nas] [error] PLMN selection failure, no cells in coverage
[2023-01-10 08:58:49.495] [rrc] [warning] Acceptable cell selection failed, no cell is in coverage
[2023-01-10 08:58:49.495] [rrc] [error] Cell selection failure, no suitable or acceptable cell found
[2023-01-10 08:59:14.536] [nas] [error] PLMN selection failure, no cells in coverage
[2023-01-10 08:59:19.507] [rrc] [warning] Acceptable cell selection failed, no cell is in coverage
[2023-01-10 08:59:19.507] [rrc] [error] Cell selection failure, no suitable or acceptable cell found
[2023-01-10 08:59:45.364] [nas] [error] PLMN selection failure, no cells in coverage
[2023-01-10 08:59:49.519] [rrc] [warning] Acceptable cell selection failed, no cell is in coverage
[2023-01-10 08:59:49.519] [rrc] [error] Cell selection failure, no suitable or acceptable cell found
[2023-01-10 09:00:16.192] [nas] [error] PLMN selection failure, no cells in coverage
[2023-01-10 09:00:19.531] [rrc] [warning] Acceptable cell selection failed, no cell is in coverage
[2023-01-10 09:00:19.531] [rrc] [error] Cell selection failure, no suitable or acceptable cell found
[2023-01-10 09:00:47.020] [nas] [error] PLMN selection failure, no cells in coverage
[2023-01-10 09:00:49.543] [rrc] [warning] Acceptable cell selection failed, no cell is in coverage
[2023-01-10 09:00:49.543] [rrc] [error] Cell selection failure, no suitable or acceptable cell found
[2023-01-10 09:01:17.848] [nas] [error] PLMN selection failure, no cells in coverage
[2023-01-10 09:01:19.556] [rrc] [warning] Acceptable cell selection failed, no cell is in coverage
[2023-01-10 09:01:19.556] [rrc] [error] Cell selection failure, no suitable or acceptable cell found
[2023-01-10 09:01:48.676] [nas] [error] PLMN selection failure, no cells in coverage
[2023-01-10 09:01:49.568] [rrc] [warning] Acceptable cell selection failed, no cell is in coverage
[2023-01-10 09:01:49.568] [rrc] [error] Cell selection failure, no suitable or acceptable cell found
[2023-01-10 09:02:19.504] [nas] [error] PLMN selection failure, no cells in coverage
[2023-01-10 09:02:19.580] [rrc] [warning] Acceptable cell selection failed, no cell is in coverage
[2023-01-10 09:02:19.580] [rrc] [error] Cell selection failure, no suitable or acceptable cell found
[2023-01-10 09:02:49.592] [rrc] [warning] Acceptable cell selection failed, no cell is in coverage
[2023-01-10 09:02:49.592] [rrc] [error] Cell selection failure, no suitable or acceptable cell found
[2023-01-10 09:02:50.332] [nas] [error] PLMN selection failure, no cells in coverage
[2023-01-10 09:03:19.604] [rrc] [warning] Acceptable cell selection failed, no cell is in coverage
[2023-01-10 09:03:19.604] [rrc] [error] Cell selection failure, no suitable or acceptable cell found
[2023-01-10 09:03:21.160] [nas] [error] PLMN selection failure, no cells in coverage
[2023-01-10 09:03:49.616] [rrc] [warning] Acceptable cell selection failed, no cell is in coverage
[2023-01-10 09:03:49.616] [rrc] [error] Cell selection failure, no suitable or acceptable cell found
[2023-01-10 09:03:51.988] [nas] [error] PLMN selection failure, no cells in coverage
[2023-01-10 09:04:19.628] [rrc] [warning] Acceptable cell selection failed, no cell is in coverage
[2023-01-10 09:04:19.628] [rrc] [error] Cell selection failure, no suitable or acceptable cell found
[2023-01-10 09:04:22.816] [nas] [error] PLMN selection failure, no cells in coverage
[2023-01-10 09:04:49.640] [rrc] [warning] Acceptable cell selection failed, no cell is in coverage
[2023-01-10 09:04:49.640] [rrc] [error] Cell selection failure, no suitable or acceptable cell found
[2023-01-10 09:04:53.644] [nas] [error] PLMN selection failure, no cells in coverage
[2023-01-10 09:05:19.653] [rrc] [warning] Acceptable cell selection failed, no cell is in coverage
[2023-01-10 09:05:19.653] [rrc] [error] Cell selection failure, no suitable or acceptable cell found
[2023-01-10 09:05:24.472] [nas] [error] PLMN selection failure, no cells in coverage
[2023-01-10 09:05:49.665] [rrc] [warning] Acceptable cell selection failed, no cell is in coverage
[2023-01-10 09:05:49.665] [rrc] [error] Cell selection failure, no suitable or acceptable cell found
[2023-01-10 09:05:55.300] [nas] [error] PLMN selection failure, no cells in coverage
[2023-01-10 09:06:19.677] [rrc] [warning] Acceptable cell selection failed, no cell is in coverage
[2023-01-10 09:06:19.677] [rrc] [error] Cell selection failure, no suitable or acceptable cell found
[2023-01-10 09:06:26.128] [nas] [error] PLMN selection failure, no cells in coverage
[2023-01-10 09:06:49.689] [rrc] [warning] Acceptable cell selection failed, no cell is in coverage
[2023-01-10 09:06:49.689] [rrc] [error] Cell selection failure, no suitable or acceptable cell found
