UERANSIM v3.2.6
[2023-01-10 08:45:26.679] [nas] [info] UE switches to state [MM-DEREGISTERED/PLMN-SEARCH]
[2023-01-10 08:45:26.687] [rrc] [debug] New signal detected for cell[1], total [1] cells in coverage
[2023-01-10 08:45:26.687] [nas] [info] Selected plmn[208/93]
[2023-01-10 08:45:26.687] [rrc] [info] Selected cell plmn[208/93] tac[1] category[SUITABLE]
[2023-01-10 08:45:26.687] [nas] [info] UE switches to state [MM-DEREGISTERED/PS]
[2023-01-10 08:45:26.687] [nas] [info] UE switches to state [MM-DEREGISTERED/NORMAL-SERVICE]
[2023-01-10 08:45:26.687] [nas] [debug] Initial registration required due to [MM-DEREG-NORMAL-SERVICE]
[2023-01-10 08:45:26.690] [nas] [debug] UAC access attempt is allowed for identity[0], category[MO_sig]
[2023-01-10 08:45:26.690] [nas] [debug] Sending Initial Registration
[2023-01-10 08:45:26.690] [nas] [info] UE switches to state [MM-REGISTER-INITIATED]
[2023-01-10 08:45:26.690] [rrc] [debug] Sending RRC Setup Request
[2023-01-10 08:45:26.693] [rrc] [info] RRC connection established
[2023-01-10 08:45:26.693] [rrc] [info] UE switches to state [RRC-CONNECTED]
[2023-01-10 08:45:26.693] [nas] [info] UE switches to state [CM-CONNECTED]
[2023-01-10 08:45:26.713] [nas] [debug] Authentication Request received
[2023-01-10 08:45:26.714] [nas] [debug] Sending Authentication Failure due to SQN out of range
[2023-01-10 08:45:26.727] [nas] [debug] Authentication Request received
[2023-01-10 08:45:26.734] [nas] [debug] Security Mode Command received
[2023-01-10 08:45:26.734] [nas] [debug] Selected integrity[2] ciphering[0]
[2023-01-10 08:45:26.760] [nas] [debug] Registration accept received
[2023-01-10 08:45:26.760] [nas] [info] UE switches to state [MM-REGISTERED/NORMAL-SERVICE]
[2023-01-10 08:45:26.761] [nas] [debug] Sending Registration Complete
[2023-01-10 08:45:26.761] [nas] [info] Initial Registration is successful
[2023-01-10 08:45:26.761] [nas] [debug] Sending PDU Session Establishment Request
[2023-01-10 08:45:26.762] [nas] [debug] UAC access attempt is allowed for identity[0], category[MO_sig]
[2023-01-10 08:45:26.999] [nas] [debug] PDU Session Establishment Accept received
[2023-01-10 08:45:26.999] [nas] [info] PDU Session establishment is successful PSI[1]
[2023-01-10 08:45:27.026] [app] [info] Connection setup for PDU session[1] is successful, TUN interface[uesimtun75, 10.60.0.80] is up.
[2023-01-10 08:46:16.838] [nas] [debug] Sending PDU Session Release Request for PSI[1]
[2023-01-10 08:46:17.101] [nas] [debug] Sending PDU Session Establishment Request
[2023-01-10 08:46:17.209] [nas] [error] No response from RRC from UAC checks, considering access attempt is barred
[2023-01-10 08:46:17.798] [nas] [warning] PDU session release procedure could not start: PS[2] is not active already
[2023-01-10 08:46:18.108] [rrc] [debug] Signal lost for cell[1], total [0] cells in coverage
[2023-01-10 08:46:18.108] [nas] [error] Radio link failure detected
[2023-01-10 08:46:18.108] [nas] [info] UE switches to state [CM-IDLE]
[2023-01-10 08:46:18.108] [nas] [info] UE switches to state [MM-REGISTERED/PS]
[2023-01-10 08:46:18.108] [nas] [info] UE switches to state [MM-REGISTERED/PLMN-SEARCH]
[2023-01-10 08:46:18.108] [nas] [error] PLMN selection failure, no cells in coverage
[2023-01-10 08:46:19.200] [rrc] [warning] Acceptable cell selection failed, no cell is in coverage
[2023-01-10 08:46:19.200] [rrc] [error] Cell selection failure, no suitable or acceptable cell found
[2023-01-10 08:46:20.631] [nas] [error] PLMN selection failure, no cells in coverage
[2023-01-10 08:46:22.833] [nas] [error] PLMN selection failure, no cells in coverage
[2023-01-10 08:46:23.934] [nas] [info] UE switches to state [MM-REGISTERED/NO-CELL-AVAILABLE]
[2023-01-10 08:46:33.759] [nas] [warning] Retransmitting PDU Session Release Request due to T3582 expiry
[2023-01-10 08:46:33.759] [nas] [debug] NAS Transport aborted, no active cell
[2023-01-10 08:46:33.759] [nas] [warning] Retransmitting PDU Session Establishment Request due to T3580 expiry
[2023-01-10 08:46:33.759] [nas] [error] UAC access attempt is barred for identity[0], category[MO_sig]
[2023-01-10 08:46:49.212] [rrc] [warning] Acceptable cell selection failed, no cell is in coverage
[2023-01-10 08:46:49.212] [rrc] [error] Cell selection failure, no suitable or acceptable cell found
[2023-01-10 08:46:49.778] [nas] [warning] Retransmitting PDU Session Release Request due to T3582 expiry
[2023-01-10 08:46:49.778] [nas] [debug] NAS Transport aborted, no active cell
[2023-01-10 08:46:49.778] [nas] [warning] Retransmitting PDU Session Establishment Request due to T3580 expiry
[2023-01-10 08:46:49.778] [nas] [error] UAC access attempt is barred for identity[0], category[MO_sig]
[2023-01-10 08:46:53.662] [nas] [error] PLMN selection failure, no cells in coverage
[2023-01-10 08:47:05.802] [nas] [warning] Retransmitting PDU Session Release Request due to T3582 expiry
[2023-01-10 08:47:05.802] [nas] [debug] NAS Transport aborted, no active cell
[2023-01-10 08:47:05.802] [nas] [warning] Retransmitting PDU Session Establishment Request due to T3580 expiry
[2023-01-10 08:47:05.802] [nas] [error] UAC access attempt is barred for identity[0], category[MO_sig]
[2023-01-10 08:47:19.224] [rrc] [warning] Acceptable cell selection failed, no cell is in coverage
[2023-01-10 08:47:19.224] [rrc] [error] Cell selection failure, no suitable or acceptable cell found
[2023-01-10 08:47:21.821] [nas] [warning] Retransmitting PDU Session Release Request due to T3582 expiry
[2023-01-10 08:47:21.821] [nas] [debug] NAS Transport aborted, no active cell
[2023-01-10 08:47:21.821] [nas] [warning] Retransmitting PDU Session Establishment Request due to T3580 expiry
[2023-01-10 08:47:21.821] [nas] [error] UAC access attempt is barred for identity[0], category[MO_sig]
[2023-01-10 08:47:24.490] [nas] [error] PLMN selection failure, no cells in coverage
[2023-01-10 08:47:37.838] [nas] [error] PDU Session Release procedure failure, no response from the network after 5 attempts
[2023-01-10 08:47:37.838] [nas] [debug] Aborting SM procedure for PTI[1], PSI[1]
[2023-01-10 08:47:37.838] [nas] [debug] Performing local release of PDU session[1]
[2023-01-10 08:47:37.838] [nas] [debug] Mobility registration updating required due to [PS-STATUS-INFORM]
[2023-01-10 08:47:37.838] [nas] [error] PDU Session Establishment procedure failure, no response from the network after 5 attempts
[2023-01-10 08:47:37.838] [nas] [debug] Aborting SM procedure for PTI[2], PSI[2]
[2023-01-10 08:47:49.236] [rrc] [warning] Acceptable cell selection failed, no cell is in coverage
[2023-01-10 08:47:49.236] [rrc] [error] Cell selection failure, no suitable or acceptable cell found
[2023-01-10 08:47:55.318] [nas] [error] PLMN selection failure, no cells in coverage
[2023-01-10 08:48:18.398] [nas] [debug] De-registration required due to [NORMAL]
[2023-01-10 08:48:19.248] [rrc] [warning] Acceptable cell selection failed, no cell is in coverage
[2023-01-10 08:48:19.248] [rrc] [error] Cell selection failure, no suitable or acceptable cell found
[2023-01-10 08:48:26.146] [nas] [error] PLMN selection failure, no cells in coverage
[2023-01-10 08:48:49.260] [rrc] [warning] Acceptable cell selection failed, no cell is in coverage
[2023-01-10 08:48:49.260] [rrc] [error] Cell selection failure, no suitable or acceptable cell found
[2023-01-10 08:48:56.974] [nas] [error] PLMN selection failure, no cells in coverage
[2023-01-10 08:49:19.272] [rrc] [warning] Acceptable cell selection failed, no cell is in coverage
[2023-01-10 08:49:19.272] [rrc] [error] Cell selection failure, no suitable or acceptable cell found
[2023-01-10 08:49:27.803] [nas] [error] PLMN selection failure, no cells in coverage
[2023-01-10 08:49:49.285] [rrc] [warning] Acceptable cell selection failed, no cell is in coverage
[2023-01-10 08:49:49.285] [rrc] [error] Cell selection failure, no suitable or acceptable cell found
[2023-01-10 08:49:58.631] [nas] [error] PLMN selection failure, no cells in coverage
[2023-01-10 08:50:19.297] [rrc] [warning] Acceptable cell selection failed, no cell is in coverage
[2023-01-10 08:50:19.297] [rrc] [error] Cell selection failure, no suitable or acceptable cell found
[2023-01-10 08:50:29.459] [nas] [error] PLMN selection failure, no cells in coverage
[2023-01-10 08:50:49.309] [rrc] [warning] Acceptable cell selection failed, no cell is in coverage
[2023-01-10 08:50:49.309] [rrc] [error] Cell selection failure, no suitable or acceptable cell found
[2023-01-10 08:51:00.287] [nas] [error] PLMN selection failure, no cells in coverage
[2023-01-10 08:51:19.321] [rrc] [warning] Acceptable cell selection failed, no cell is in coverage
[2023-01-10 08:51:19.321] [rrc] [error] Cell selection failure, no suitable or acceptable cell found
[2023-01-10 08:51:31.115] [nas] [error] PLMN selection failure, no cells in coverage
[2023-01-10 08:51:49.333] [rrc] [warning] Acceptable cell selection failed, no cell is in coverage
[2023-01-10 08:51:49.333] [rrc] [error] Cell selection failure, no suitable or acceptable cell found
[2023-01-10 08:52:01.944] [nas] [error] PLMN selection failure, no cells in coverage
[2023-01-10 08:52:19.345] [rrc] [warning] Acceptable cell selection failed, no cell is in coverage
[2023-01-10 08:52:19.345] [rrc] [error] Cell selection failure, no suitable or acceptable cell found
[2023-01-10 08:52:32.773] [nas] [error] PLMN selection failure, no cells in coverage
[2023-01-10 08:52:49.357] [rrc] [warning] Acceptable cell selection failed, no cell is in coverage
[2023-01-10 08:52:49.357] [rrc] [error] Cell selection failure, no suitable or acceptable cell found
[2023-01-10 08:53:03.601] [nas] [error] PLMN selection failure, no cells in coverage
[2023-01-10 08:53:19.369] [rrc] [warning] Acceptable cell selection failed, no cell is in coverage
[2023-01-10 08:53:19.369] [rrc] [error] Cell selection failure, no suitable or acceptable cell found
[2023-01-10 08:53:34.429] [nas] [error] PLMN selection failure, no cells in coverage
[2023-01-10 08:53:49.381] [rrc] [warning] Acceptable cell selection failed, no cell is in coverage
[2023-01-10 08:53:49.381] [rrc] [error] Cell selection failure, no suitable or acceptable cell found
[2023-01-10 08:54:05.257] [nas] [error] PLMN selection failure, no cells in coverage
[2023-01-10 08:54:19.393] [rrc] [warning] Acceptable cell selection failed, no cell is in coverage
[2023-01-10 08:54:19.393] [rrc] [error] Cell selection failure, no suitable or acceptable cell found
[2023-01-10 08:54:36.085] [nas] [error] PLMN selection failure, no cells in coverage
[2023-01-10 08:54:49.405] [rrc] [warning] Acceptable cell selection failed, no cell is in coverage
[2023-01-10 08:54:49.405] [rrc] [error] Cell selection failure, no suitable or acceptable cell found
[2023-01-10 08:55:06.914] [nas] [error] PLMN selection failure, no cells in coverage
[2023-01-10 08:55:19.417] [rrc] [warning] Acceptable cell selection failed, no cell is in coverage
[2023-01-10 08:55:19.417] [rrc] [error] Cell selection failure, no suitable or acceptable cell found
[2023-01-10 08:55:37.742] [nas] [error] PLMN selection failure, no cells in coverage
[2023-01-10 08:55:49.429] [rrc] [warning] Acceptable cell selection failed, no cell is in coverage
[2023-01-10 08:55:49.429] [rrc] [error] Cell selection failure, no suitable or acceptable cell found
[2023-01-10 08:56:08.570] [nas] [error] PLMN selection failure, no cells in coverage
[2023-01-10 08:56:19.441] [rrc] [warning] Acceptable cell selection failed, no cell is in coverage
[2023-01-10 08:56:19.441] [rrc] [error] Cell selection failure, no suitable or acceptable cell found
[2023-01-10 08:56:39.399] [nas] [error] PLMN selection failure, no cells in coverage
[2023-01-10 08:56:49.453] [rrc] [warning] Acceptable cell selection failed, no cell is in coverage
[2023-01-10 08:56:49.453] [rrc] [error] Cell selection failure, no suitable or acceptable cell found
[2023-01-10 08:57:10.227] [nas] [error] PLMN selection failure, no cells in coverage
[2023-01-10 08:57:19.465] [rrc] [warning] Acceptable cell selection failed, no cell is in coverage
[2023-01-10 08:57:19.465] [rrc] [error] Cell selection failure, no suitable or acceptable cell found
[2023-01-10 08:57:41.055] [nas] [error] PLMN selection failure, no cells in coverage
[2023-01-10 08:57:49.477] [rrc] [warning] Acceptable cell selection failed, no cell is in coverage
[2023-01-10 08:57:49.477] [rrc] [error] Cell selection failure, no suitable or acceptable cell found
[2023-01-10 08:58:11.883] [nas] [error] PLMN selection failure, no cells in coverage
[2023-01-10 08:58:19.489] [rrc] [warning] Acceptable cell selection failed, no cell is in coverage
[2023-01-10 08:58:19.489] [rrc] [error] Cell selection failure, no suitable or acceptable cell found
[2023-01-10 08:58:42.711] [nas] [error] PLMN selection failure, no cells in coverage
[2023-01-10 08:58:49.501] [rrc] [warning] Acceptable cell selection failed, no cell is in coverage
[2023-01-10 08:58:49.501] [rrc] [error] Cell selection failure, no suitable or acceptable cell found
[2023-01-10 08:59:13.540] [nas] [error] PLMN selection failure, no cells in coverage
[2023-01-10 08:59:19.513] [rrc] [warning] Acceptable cell selection failed, no cell is in coverage
[2023-01-10 08:59:19.513] [rrc] [error] Cell selection failure, no suitable or acceptable cell found
[2023-01-10 08:59:44.368] [nas] [error] PLMN selection failure, no cells in coverage
[2023-01-10 08:59:49.525] [rrc] [warning] Acceptable cell selection failed, no cell is in coverage
[2023-01-10 08:59:49.525] [rrc] [error] Cell selection failure, no suitable or acceptable cell found
[2023-01-10 09:00:15.196] [nas] [error] PLMN selection failure, no cells in coverage
[2023-01-10 09:00:19.537] [rrc] [warning] Acceptable cell selection failed, no cell is in coverage
[2023-01-10 09:00:19.537] [rrc] [error] Cell selection failure, no suitable or acceptable cell found
[2023-01-10 09:00:46.024] [nas] [error] PLMN selection failure, no cells in coverage
[2023-01-10 09:00:49.550] [rrc] [warning] Acceptable cell selection failed, no cell is in coverage
[2023-01-10 09:00:49.550] [rrc] [error] Cell selection failure, no suitable or acceptable cell found
[2023-01-10 09:01:16.852] [nas] [error] PLMN selection failure, no cells in coverage
[2023-01-10 09:01:19.562] [rrc] [warning] Acceptable cell selection failed, no cell is in coverage
[2023-01-10 09:01:19.562] [rrc] [error] Cell selection failure, no suitable or acceptable cell found
[2023-01-10 09:01:47.681] [nas] [error] PLMN selection failure, no cells in coverage
[2023-01-10 09:01:49.575] [rrc] [warning] Acceptable cell selection failed, no cell is in coverage
[2023-01-10 09:01:49.575] [rrc] [error] Cell selection failure, no suitable or acceptable cell found
[2023-01-10 09:02:18.509] [nas] [error] PLMN selection failure, no cells in coverage
[2023-01-10 09:02:19.587] [rrc] [warning] Acceptable cell selection failed, no cell is in coverage
[2023-01-10 09:02:19.587] [rrc] [error] Cell selection failure, no suitable or acceptable cell found
[2023-01-10 09:02:49.337] [nas] [error] PLMN selection failure, no cells in coverage
[2023-01-10 09:02:49.599] [rrc] [warning] Acceptable cell selection failed, no cell is in coverage
[2023-01-10 09:02:49.599] [rrc] [error] Cell selection failure, no suitable or acceptable cell found
[2023-01-10 09:03:19.611] [rrc] [warning] Acceptable cell selection failed, no cell is in coverage
[2023-01-10 09:03:19.611] [rrc] [error] Cell selection failure, no suitable or acceptable cell found
[2023-01-10 09:03:20.165] [nas] [error] PLMN selection failure, no cells in coverage
[2023-01-10 09:03:49.623] [rrc] [warning] Acceptable cell selection failed, no cell is in coverage
[2023-01-10 09:03:49.623] [rrc] [error] Cell selection failure, no suitable or acceptable cell found
[2023-01-10 09:03:50.993] [nas] [error] PLMN selection failure, no cells in coverage
[2023-01-10 09:04:19.636] [rrc] [warning] Acceptable cell selection failed, no cell is in coverage
[2023-01-10 09:04:19.636] [rrc] [error] Cell selection failure, no suitable or acceptable cell found
[2023-01-10 09:04:21.821] [nas] [error] PLMN selection failure, no cells in coverage
[2023-01-10 09:04:49.648] [rrc] [warning] Acceptable cell selection failed, no cell is in coverage
[2023-01-10 09:04:49.648] [rrc] [error] Cell selection failure, no suitable or acceptable cell found
[2023-01-10 09:04:52.649] [nas] [error] PLMN selection failure, no cells in coverage
[2023-01-10 09:05:19.660] [rrc] [warning] Acceptable cell selection failed, no cell is in coverage
[2023-01-10 09:05:19.660] [rrc] [error] Cell selection failure, no suitable or acceptable cell found
[2023-01-10 09:05:23.478] [nas] [error] PLMN selection failure, no cells in coverage
[2023-01-10 09:05:49.672] [rrc] [warning] Acceptable cell selection failed, no cell is in coverage
[2023-01-10 09:05:49.672] [rrc] [error] Cell selection failure, no suitable or acceptable cell found
[2023-01-10 09:05:54.306] [nas] [error] PLMN selection failure, no cells in coverage
[2023-01-10 09:06:19.684] [rrc] [warning] Acceptable cell selection failed, no cell is in coverage
[2023-01-10 09:06:19.684] [rrc] [error] Cell selection failure, no suitable or acceptable cell found
[2023-01-10 09:06:25.134] [nas] [error] PLMN selection failure, no cells in coverage
[2023-01-10 09:06:49.696] [rrc] [warning] Acceptable cell selection failed, no cell is in coverage
[2023-01-10 09:06:49.696] [rrc] [error] Cell selection failure, no suitable or acceptable cell found
