UERANSIM v3.2.6
[2023-01-10 08:46:04.719] [nas] [info] UE switches to state [MM-DEREGISTERED/PLMN-SEARCH]
[2023-01-10 08:46:04.719] [rrc] [debug] New signal detected for cell[1], total [1] cells in coverage
[2023-01-10 08:46:04.726] [nas] [info] Selected plmn[208/93]
[2023-01-10 08:46:04.726] [rrc] [info] Selected cell plmn[208/93] tac[1] category[SUITABLE]
[2023-01-10 08:46:04.726] [nas] [info] UE switches to state [MM-DEREGISTERED/PS]
[2023-01-10 08:46:04.726] [nas] [info] UE switches to state [MM-DEREGISTERED/NORMAL-SERVICE]
[2023-01-10 08:46:04.727] [nas] [debug] Initial registration required due to [MM-DEREG-NORMAL-SERVICE]
[2023-01-10 08:46:04.727] [nas] [debug] UAC access attempt is allowed for identity[0], category[MO_sig]
[2023-01-10 08:46:04.727] [nas] [debug] Sending Initial Registration
[2023-01-10 08:46:04.727] [nas] [info] UE switches to state [MM-REGISTER-INITIATED]
[2023-01-10 08:46:04.727] [rrc] [debug] Sending RRC Setup Request
[2023-01-10 08:46:04.727] [rrc] [info] RRC connection established
[2023-01-10 08:46:04.727] [rrc] [info] UE switches to state [RRC-CONNECTED]
[2023-01-10 08:46:04.727] [nas] [info] UE switches to state [CM-CONNECTED]
[2023-01-10 08:46:04.742] [nas] [debug] Authentication Request received
[2023-01-10 08:46:04.751] [nas] [debug] Security Mode Command received
[2023-01-10 08:46:04.751] [nas] [debug] Selected integrity[2] ciphering[0]
[2023-01-10 08:46:04.781] [nas] [debug] Registration accept received
[2023-01-10 08:46:04.781] [nas] [info] UE switches to state [MM-REGISTERED/NORMAL-SERVICE]
[2023-01-10 08:46:04.781] [nas] [debug] Sending Registration Complete
[2023-01-10 08:46:04.781] [nas] [info] Initial Registration is successful
[2023-01-10 08:46:04.781] [nas] [debug] Sending PDU Session Establishment Request
[2023-01-10 08:46:04.783] [nas] [debug] UAC access attempt is allowed for identity[0], category[MO_sig]
[2023-01-10 08:46:05.026] [nas] [debug] PDU Session Establishment Accept received
[2023-01-10 08:46:05.026] [nas] [info] PDU Session establishment is successful PSI[1]
[2023-01-10 08:46:05.044] [app] [info] Connection setup for PDU session[1] is successful, TUN interface[uesimtun95, 10.60.0.100] is up.
[2023-01-10 08:46:14.903] [nas] [debug] Sending PDU Session Release Request for PSI[1]
[2023-01-10 08:46:14.990] [nas] [debug] Sending PDU Session Establishment Request
[2023-01-10 08:46:15.095] [nas] [error] No response from RRC from UAC checks, considering access attempt is barred
[2023-01-10 08:46:15.107] [nas] [debug] PDU Session Release Command received
[2023-01-10 08:46:15.107] [nas] [debug] Performing local release of PDU session[1]
[2023-01-10 08:46:18.721] [rrc] [debug] Signal lost for cell[1], total [0] cells in coverage
[2023-01-10 08:46:18.721] [nas] [error] Radio link failure detected
[2023-01-10 08:46:18.721] [nas] [info] UE switches to state [CM-IDLE]
[2023-01-10 08:46:18.721] [nas] [info] UE switches to state [MM-REGISTERED/PS]
[2023-01-10 08:46:18.721] [nas] [info] UE switches to state [MM-REGISTERED/PLMN-SEARCH]
[2023-01-10 08:46:18.721] [nas] [error] PLMN selection failure, no cells in coverage
[2023-01-10 08:46:19.726] [rrc] [warning] Acceptable cell selection failed, no cell is in coverage
[2023-01-10 08:46:19.726] [rrc] [error] Cell selection failure, no suitable or acceptable cell found
[2023-01-10 08:46:21.237] [nas] [error] PLMN selection failure, no cells in coverage
[2023-01-10 08:46:23.439] [nas] [error] PLMN selection failure, no cells in coverage
[2023-01-10 08:46:24.540] [nas] [info] UE switches to state [MM-REGISTERED/NO-CELL-AVAILABLE]
[2023-01-10 08:46:31.750] [nas] [warning] Retransmitting PDU Session Establishment Request due to T3580 expiry
[2023-01-10 08:46:31.751] [nas] [error] UAC access attempt is barred for identity[0], category[MO_sig]
[2023-01-10 08:46:47.766] [nas] [warning] Retransmitting PDU Session Establishment Request due to T3580 expiry
[2023-01-10 08:46:47.766] [nas] [error] UAC access attempt is barred for identity[0], category[MO_sig]
[2023-01-10 08:46:49.738] [rrc] [warning] Acceptable cell selection failed, no cell is in coverage
[2023-01-10 08:46:49.738] [rrc] [error] Cell selection failure, no suitable or acceptable cell found
[2023-01-10 08:46:54.268] [nas] [error] PLMN selection failure, no cells in coverage
[2023-01-10 08:47:03.783] [nas] [warning] Retransmitting PDU Session Establishment Request due to T3580 expiry
[2023-01-10 08:47:03.783] [nas] [error] UAC access attempt is barred for identity[0], category[MO_sig]
[2023-01-10 08:47:19.750] [rrc] [warning] Acceptable cell selection failed, no cell is in coverage
[2023-01-10 08:47:19.750] [rrc] [error] Cell selection failure, no suitable or acceptable cell found
[2023-01-10 08:47:19.799] [nas] [warning] Retransmitting PDU Session Establishment Request due to T3580 expiry
[2023-01-10 08:47:19.801] [nas] [error] UAC access attempt is barred for identity[0], category[MO_sig]
[2023-01-10 08:47:25.096] [nas] [error] PLMN selection failure, no cells in coverage
[2023-01-10 08:47:35.817] [nas] [error] PDU Session Establishment procedure failure, no response from the network after 5 attempts
[2023-01-10 08:47:35.817] [nas] [debug] Aborting SM procedure for PTI[2], PSI[2]
[2023-01-10 08:47:49.762] [rrc] [warning] Acceptable cell selection failed, no cell is in coverage
[2023-01-10 08:47:49.762] [rrc] [error] Cell selection failure, no suitable or acceptable cell found
[2023-01-10 08:47:55.925] [nas] [error] PLMN selection failure, no cells in coverage
[2023-01-10 08:48:15.363] [nas] [debug] De-registration required due to [NORMAL]
[2023-01-10 08:48:19.774] [rrc] [warning] Acceptable cell selection failed, no cell is in coverage
[2023-01-10 08:48:19.774] [rrc] [error] Cell selection failure, no suitable or acceptable cell found
[2023-01-10 08:48:26.753] [nas] [error] PLMN selection failure, no cells in coverage
[2023-01-10 08:48:49.786] [rrc] [warning] Acceptable cell selection failed, no cell is in coverage
[2023-01-10 08:48:49.786] [rrc] [error] Cell selection failure, no suitable or acceptable cell found
[2023-01-10 08:48:57.581] [nas] [error] PLMN selection failure, no cells in coverage
[2023-01-10 08:49:19.798] [rrc] [warning] Acceptable cell selection failed, no cell is in coverage
[2023-01-10 08:49:19.798] [rrc] [error] Cell selection failure, no suitable or acceptable cell found
[2023-01-10 08:49:28.409] [nas] [error] PLMN selection failure, no cells in coverage
[2023-01-10 08:49:49.810] [rrc] [warning] Acceptable cell selection failed, no cell is in coverage
[2023-01-10 08:49:49.810] [rrc] [error] Cell selection failure, no suitable or acceptable cell found
[2023-01-10 08:49:59.237] [nas] [error] PLMN selection failure, no cells in coverage
[2023-01-10 08:50:19.823] [rrc] [warning] Acceptable cell selection failed, no cell is in coverage
[2023-01-10 08:50:19.823] [rrc] [error] Cell selection failure, no suitable or acceptable cell found
[2023-01-10 08:50:30.066] [nas] [error] PLMN selection failure, no cells in coverage
[2023-01-10 08:50:49.835] [rrc] [warning] Acceptable cell selection failed, no cell is in coverage
[2023-01-10 08:50:49.835] [rrc] [error] Cell selection failure, no suitable or acceptable cell found
[2023-01-10 08:51:00.894] [nas] [error] PLMN selection failure, no cells in coverage
[2023-01-10 08:51:19.847] [rrc] [warning] Acceptable cell selection failed, no cell is in coverage
[2023-01-10 08:51:19.847] [rrc] [error] Cell selection failure, no suitable or acceptable cell found
[2023-01-10 08:51:31.722] [nas] [error] PLMN selection failure, no cells in coverage
[2023-01-10 08:51:49.859] [rrc] [warning] Acceptable cell selection failed, no cell is in coverage
[2023-01-10 08:51:49.859] [rrc] [error] Cell selection failure, no suitable or acceptable cell found
[2023-01-10 08:52:02.552] [nas] [error] PLMN selection failure, no cells in coverage
[2023-01-10 08:52:19.871] [rrc] [warning] Acceptable cell selection failed, no cell is in coverage
[2023-01-10 08:52:19.871] [rrc] [error] Cell selection failure, no suitable or acceptable cell found
[2023-01-10 08:52:33.381] [nas] [error] PLMN selection failure, no cells in coverage
[2023-01-10 08:52:49.883] [rrc] [warning] Acceptable cell selection failed, no cell is in coverage
[2023-01-10 08:52:49.883] [rrc] [error] Cell selection failure, no suitable or acceptable cell found
[2023-01-10 08:53:04.209] [nas] [error] PLMN selection failure, no cells in coverage
[2023-01-10 08:53:19.895] [rrc] [warning] Acceptable cell selection failed, no cell is in coverage
[2023-01-10 08:53:19.895] [rrc] [error] Cell selection failure, no suitable or acceptable cell found
[2023-01-10 08:53:35.037] [nas] [error] PLMN selection failure, no cells in coverage
[2023-01-10 08:53:49.907] [rrc] [warning] Acceptable cell selection failed, no cell is in coverage
[2023-01-10 08:53:49.907] [rrc] [error] Cell selection failure, no suitable or acceptable cell found
[2023-01-10 08:54:05.866] [nas] [error] PLMN selection failure, no cells in coverage
[2023-01-10 08:54:19.919] [rrc] [warning] Acceptable cell selection failed, no cell is in coverage
[2023-01-10 08:54:19.919] [rrc] [error] Cell selection failure, no suitable or acceptable cell found
[2023-01-10 08:54:36.695] [nas] [error] PLMN selection failure, no cells in coverage
[2023-01-10 08:54:49.931] [rrc] [warning] Acceptable cell selection failed, no cell is in coverage
[2023-01-10 08:54:49.931] [rrc] [error] Cell selection failure, no suitable or acceptable cell found
[2023-01-10 08:55:07.523] [nas] [error] PLMN selection failure, no cells in coverage
[2023-01-10 08:55:19.943] [rrc] [warning] Acceptable cell selection failed, no cell is in coverage
[2023-01-10 08:55:19.943] [rrc] [error] Cell selection failure, no suitable or acceptable cell found
[2023-01-10 08:55:38.351] [nas] [error] PLMN selection failure, no cells in coverage
[2023-01-10 08:55:49.955] [rrc] [warning] Acceptable cell selection failed, no cell is in coverage
[2023-01-10 08:55:49.955] [rrc] [error] Cell selection failure, no suitable or acceptable cell found
[2023-01-10 08:56:09.179] [nas] [error] PLMN selection failure, no cells in coverage
[2023-01-10 08:56:19.967] [rrc] [warning] Acceptable cell selection failed, no cell is in coverage
[2023-01-10 08:56:19.967] [rrc] [error] Cell selection failure, no suitable or acceptable cell found
[2023-01-10 08:56:40.007] [nas] [error] PLMN selection failure, no cells in coverage
[2023-01-10 08:56:49.979] [rrc] [warning] Acceptable cell selection failed, no cell is in coverage
[2023-01-10 08:56:49.979] [rrc] [error] Cell selection failure, no suitable or acceptable cell found
[2023-01-10 08:57:10.835] [nas] [error] PLMN selection failure, no cells in coverage
[2023-01-10 08:57:19.991] [rrc] [warning] Acceptable cell selection failed, no cell is in coverage
[2023-01-10 08:57:19.991] [rrc] [error] Cell selection failure, no suitable or acceptable cell found
[2023-01-10 08:57:41.665] [nas] [error] PLMN selection failure, no cells in coverage
[2023-01-10 08:57:50.003] [rrc] [warning] Acceptable cell selection failed, no cell is in coverage
[2023-01-10 08:57:50.003] [rrc] [error] Cell selection failure, no suitable or acceptable cell found
[2023-01-10 08:58:12.494] [nas] [error] PLMN selection failure, no cells in coverage
[2023-01-10 08:58:20.015] [rrc] [warning] Acceptable cell selection failed, no cell is in coverage
[2023-01-10 08:58:20.015] [rrc] [error] Cell selection failure, no suitable or acceptable cell found
[2023-01-10 08:58:43.322] [nas] [error] PLMN selection failure, no cells in coverage
[2023-01-10 08:58:50.027] [rrc] [warning] Acceptable cell selection failed, no cell is in coverage
[2023-01-10 08:58:50.027] [rrc] [error] Cell selection failure, no suitable or acceptable cell found
[2023-01-10 08:59:14.150] [nas] [error] PLMN selection failure, no cells in coverage
[2023-01-10 08:59:20.040] [rrc] [warning] Acceptable cell selection failed, no cell is in coverage
[2023-01-10 08:59:20.040] [rrc] [error] Cell selection failure, no suitable or acceptable cell found
[2023-01-10 08:59:44.979] [nas] [error] PLMN selection failure, no cells in coverage
[2023-01-10 08:59:50.052] [rrc] [warning] Acceptable cell selection failed, no cell is in coverage
[2023-01-10 08:59:50.052] [rrc] [error] Cell selection failure, no suitable or acceptable cell found
[2023-01-10 09:00:15.807] [nas] [error] PLMN selection failure, no cells in coverage
[2023-01-10 09:00:20.064] [rrc] [warning] Acceptable cell selection failed, no cell is in coverage
[2023-01-10 09:00:20.064] [rrc] [error] Cell selection failure, no suitable or acceptable cell found
[2023-01-10 09:00:46.636] [nas] [error] PLMN selection failure, no cells in coverage
[2023-01-10 09:00:50.076] [rrc] [warning] Acceptable cell selection failed, no cell is in coverage
[2023-01-10 09:00:50.076] [rrc] [error] Cell selection failure, no suitable or acceptable cell found
[2023-01-10 09:01:17.464] [nas] [error] PLMN selection failure, no cells in coverage
[2023-01-10 09:01:20.088] [rrc] [warning] Acceptable cell selection failed, no cell is in coverage
[2023-01-10 09:01:20.088] [rrc] [error] Cell selection failure, no suitable or acceptable cell found
[2023-01-10 09:01:48.292] [nas] [error] PLMN selection failure, no cells in coverage
[2023-01-10 09:01:50.100] [rrc] [warning] Acceptable cell selection failed, no cell is in coverage
[2023-01-10 09:01:50.100] [rrc] [error] Cell selection failure, no suitable or acceptable cell found
[2023-01-10 09:02:19.121] [nas] [error] PLMN selection failure, no cells in coverage
[2023-01-10 09:02:20.112] [rrc] [warning] Acceptable cell selection failed, no cell is in coverage
[2023-01-10 09:02:20.112] [rrc] [error] Cell selection failure, no suitable or acceptable cell found
[2023-01-10 09:02:49.949] [nas] [error] PLMN selection failure, no cells in coverage
[2023-01-10 09:02:50.124] [rrc] [warning] Acceptable cell selection failed, no cell is in coverage
[2023-01-10 09:02:50.124] [rrc] [error] Cell selection failure, no suitable or acceptable cell found
[2023-01-10 09:03:20.136] [rrc] [warning] Acceptable cell selection failed, no cell is in coverage
[2023-01-10 09:03:20.136] [rrc] [error] Cell selection failure, no suitable or acceptable cell found
[2023-01-10 09:03:20.777] [nas] [error] PLMN selection failure, no cells in coverage
[2023-01-10 09:03:50.148] [rrc] [warning] Acceptable cell selection failed, no cell is in coverage
[2023-01-10 09:03:50.148] [rrc] [error] Cell selection failure, no suitable or acceptable cell found
[2023-01-10 09:03:51.606] [nas] [error] PLMN selection failure, no cells in coverage
[2023-01-10 09:04:20.160] [rrc] [warning] Acceptable cell selection failed, no cell is in coverage
[2023-01-10 09:04:20.160] [rrc] [error] Cell selection failure, no suitable or acceptable cell found
[2023-01-10 09:04:22.435] [nas] [error] PLMN selection failure, no cells in coverage
[2023-01-10 09:04:50.172] [rrc] [warning] Acceptable cell selection failed, no cell is in coverage
[2023-01-10 09:04:50.172] [rrc] [error] Cell selection failure, no suitable or acceptable cell found
[2023-01-10 09:04:53.265] [nas] [error] PLMN selection failure, no cells in coverage
[2023-01-10 09:05:20.184] [rrc] [warning] Acceptable cell selection failed, no cell is in coverage
[2023-01-10 09:05:20.184] [rrc] [error] Cell selection failure, no suitable or acceptable cell found
[2023-01-10 09:05:24.093] [nas] [error] PLMN selection failure, no cells in coverage
[2023-01-10 09:05:50.196] [rrc] [warning] Acceptable cell selection failed, no cell is in coverage
[2023-01-10 09:05:50.196] [rrc] [error] Cell selection failure, no suitable or acceptable cell found
[2023-01-10 09:05:54.921] [nas] [error] PLMN selection failure, no cells in coverage
[2023-01-10 09:06:20.208] [rrc] [warning] Acceptable cell selection failed, no cell is in coverage
[2023-01-10 09:06:20.208] [rrc] [error] Cell selection failure, no suitable or acceptable cell found
[2023-01-10 09:06:25.749] [nas] [error] PLMN selection failure, no cells in coverage
[2023-01-10 09:06:50.220] [rrc] [warning] Acceptable cell selection failed, no cell is in coverage
[2023-01-10 09:06:50.220] [rrc] [error] Cell selection failure, no suitable or acceptable cell found
