UERANSIM v3.2.6
[2023-01-10 08:44:24.614] [nas] [info] UE switches to state [MM-DEREGISTERED/PLMN-SEARCH]
[2023-01-10 08:44:24.617] [rrc] [debug] New signal detected for cell[1], total [1] cells in coverage
[2023-01-10 08:44:24.618] [nas] [info] Selected plmn[208/93]
[2023-01-10 08:44:24.618] [rrc] [info] Selected cell plmn[208/93] tac[1] category[SUITABLE]
[2023-01-10 08:44:24.618] [nas] [info] UE switches to state [MM-DEREGISTERED/PS]
[2023-01-10 08:44:24.618] [nas] [info] UE switches to state [MM-DEREGISTERED/NORMAL-SERVICE]
[2023-01-10 08:44:24.618] [nas] [debug] Initial registration required due to [MM-DEREG-NORMAL-SERVICE]
[2023-01-10 08:44:24.622] [nas] [debug] UAC access attempt is allowed for identity[0], category[MO_sig]
[2023-01-10 08:44:24.622] [nas] [debug] Sending Initial Registration
[2023-01-10 08:44:24.622] [nas] [info] UE switches to state [MM-REGISTER-INITIATED]
[2023-01-10 08:44:24.622] [rrc] [debug] Sending RRC Setup Request
[2023-01-10 08:44:24.623] [rrc] [info] RRC connection established
[2023-01-10 08:44:24.623] [rrc] [info] UE switches to state [RRC-CONNECTED]
[2023-01-10 08:44:24.623] [nas] [info] UE switches to state [CM-CONNECTED]
[2023-01-10 08:44:24.639] [nas] [debug] Authentication Request received
[2023-01-10 08:44:24.639] [nas] [debug] Sending Authentication Failure due to SQN out of range
[2023-01-10 08:44:24.654] [nas] [debug] Authentication Request received
[2023-01-10 08:44:24.660] [nas] [debug] Security Mode Command received
[2023-01-10 08:44:24.660] [nas] [debug] Selected integrity[2] ciphering[0]
[2023-01-10 08:44:24.686] [nas] [debug] Registration accept received
[2023-01-10 08:44:24.686] [nas] [info] UE switches to state [MM-REGISTERED/NORMAL-SERVICE]
[2023-01-10 08:44:24.686] [nas] [debug] Sending Registration Complete
[2023-01-10 08:44:24.686] [nas] [info] Initial Registration is successful
[2023-01-10 08:44:24.686] [nas] [debug] Sending PDU Session Establishment Request
[2023-01-10 08:44:24.688] [nas] [debug] UAC access attempt is allowed for identity[0], category[MO_sig]
[2023-01-10 08:44:24.924] [nas] [debug] PDU Session Establishment Accept received
[2023-01-10 08:44:24.924] [nas] [info] PDU Session establishment is successful PSI[1]
[2023-01-10 08:44:24.948] [app] [info] Connection setup for PDU session[1] is successful, TUN interface[uesimtun45, 10.60.0.50] is up.
[2023-01-10 08:46:15.820] [nas] [debug] Sending PDU Session Establishment Request
[2023-01-10 08:46:15.955] [nas] [error] No response from RRC from UAC checks, considering access attempt is barred
[2023-01-10 08:46:16.220] [nas] [debug] Sending PDU Session Release Request for PSI[1]
[2023-01-10 08:46:16.534] [nas] [debug] PDU Session Release Command received
[2023-01-10 08:46:16.534] [nas] [debug] Performing local release of PDU session[1]
[2023-01-10 08:46:16.933] [nas] [warning] PDU session release procedure could not start: PS[1] is not active already
[2023-01-10 08:46:18.939] [rrc] [debug] Signal lost for cell[1], total [0] cells in coverage
[2023-01-10 08:46:18.939] [nas] [error] Radio link failure detected
[2023-01-10 08:46:18.939] [nas] [info] UE switches to state [CM-IDLE]
[2023-01-10 08:46:18.939] [nas] [info] UE switches to state [MM-REGISTERED/PS]
[2023-01-10 08:46:18.939] [nas] [info] UE switches to state [MM-REGISTERED/PLMN-SEARCH]
[2023-01-10 08:46:18.939] [nas] [error] PLMN selection failure, no cells in coverage
[2023-01-10 08:46:19.663] [rrc] [warning] Acceptable cell selection failed, no cell is in coverage
[2023-01-10 08:46:19.663] [rrc] [error] Cell selection failure, no suitable or acceptable cell found
[2023-01-10 08:46:21.488] [nas] [error] PLMN selection failure, no cells in coverage
[2023-01-10 08:46:23.690] [nas] [error] PLMN selection failure, no cells in coverage
[2023-01-10 08:46:24.791] [nas] [info] UE switches to state [MM-REGISTERED/NO-CELL-AVAILABLE]
[2023-01-10 08:46:32.752] [nas] [warning] Retransmitting PDU Session Establishment Request due to T3580 expiry
[2023-01-10 08:46:32.752] [nas] [error] UAC access attempt is barred for identity[0], category[MO_sig]
[2023-01-10 08:46:48.776] [nas] [warning] Retransmitting PDU Session Establishment Request due to T3580 expiry
[2023-01-10 08:46:48.776] [nas] [error] UAC access attempt is barred for identity[0], category[MO_sig]
[2023-01-10 08:46:49.676] [rrc] [warning] Acceptable cell selection failed, no cell is in coverage
[2023-01-10 08:46:49.676] [rrc] [error] Cell selection failure, no suitable or acceptable cell found
[2023-01-10 08:46:54.519] [nas] [error] PLMN selection failure, no cells in coverage
[2023-01-10 08:47:04.798] [nas] [warning] Retransmitting PDU Session Establishment Request due to T3580 expiry
[2023-01-10 08:47:04.798] [nas] [error] UAC access attempt is barred for identity[0], category[MO_sig]
[2023-01-10 08:47:19.688] [rrc] [warning] Acceptable cell selection failed, no cell is in coverage
[2023-01-10 08:47:19.688] [rrc] [error] Cell selection failure, no suitable or acceptable cell found
[2023-01-10 08:47:20.814] [nas] [warning] Retransmitting PDU Session Establishment Request due to T3580 expiry
[2023-01-10 08:47:20.816] [nas] [error] UAC access attempt is barred for identity[0], category[MO_sig]
[2023-01-10 08:47:25.347] [nas] [error] PLMN selection failure, no cells in coverage
[2023-01-10 08:47:36.830] [nas] [error] PDU Session Establishment procedure failure, no response from the network after 5 attempts
[2023-01-10 08:47:36.830] [nas] [debug] Aborting SM procedure for PTI[1], PSI[2]
[2023-01-10 08:47:49.700] [rrc] [warning] Acceptable cell selection failed, no cell is in coverage
[2023-01-10 08:47:49.700] [rrc] [error] Cell selection failure, no suitable or acceptable cell found
[2023-01-10 08:47:56.176] [nas] [error] PLMN selection failure, no cells in coverage
[2023-01-10 08:48:17.271] [nas] [debug] De-registration required due to [NORMAL]
[2023-01-10 08:48:19.714] [rrc] [warning] Acceptable cell selection failed, no cell is in coverage
[2023-01-10 08:48:19.714] [rrc] [error] Cell selection failure, no suitable or acceptable cell found
[2023-01-10 08:48:27.004] [nas] [error] PLMN selection failure, no cells in coverage
[2023-01-10 08:48:49.726] [rrc] [warning] Acceptable cell selection failed, no cell is in coverage
[2023-01-10 08:48:49.726] [rrc] [error] Cell selection failure, no suitable or acceptable cell found
[2023-01-10 08:48:57.832] [nas] [error] PLMN selection failure, no cells in coverage
[2023-01-10 08:49:19.738] [rrc] [warning] Acceptable cell selection failed, no cell is in coverage
[2023-01-10 08:49:19.738] [rrc] [error] Cell selection failure, no suitable or acceptable cell found
[2023-01-10 08:49:28.660] [nas] [error] PLMN selection failure, no cells in coverage
[2023-01-10 08:49:49.750] [rrc] [warning] Acceptable cell selection failed, no cell is in coverage
[2023-01-10 08:49:49.750] [rrc] [error] Cell selection failure, no suitable or acceptable cell found
[2023-01-10 08:49:59.488] [nas] [error] PLMN selection failure, no cells in coverage
[2023-01-10 08:50:19.762] [rrc] [warning] Acceptable cell selection failed, no cell is in coverage
[2023-01-10 08:50:19.762] [rrc] [error] Cell selection failure, no suitable or acceptable cell found
[2023-01-10 08:50:30.316] [nas] [error] PLMN selection failure, no cells in coverage
[2023-01-10 08:50:49.774] [rrc] [warning] Acceptable cell selection failed, no cell is in coverage
[2023-01-10 08:50:49.774] [rrc] [error] Cell selection failure, no suitable or acceptable cell found
[2023-01-10 08:51:01.145] [nas] [error] PLMN selection failure, no cells in coverage
[2023-01-10 08:51:19.786] [rrc] [warning] Acceptable cell selection failed, no cell is in coverage
[2023-01-10 08:51:19.786] [rrc] [error] Cell selection failure, no suitable or acceptable cell found
[2023-01-10 08:51:31.973] [nas] [error] PLMN selection failure, no cells in coverage
[2023-01-10 08:51:49.798] [rrc] [warning] Acceptable cell selection failed, no cell is in coverage
[2023-01-10 08:51:49.798] [rrc] [error] Cell selection failure, no suitable or acceptable cell found
[2023-01-10 08:52:02.801] [nas] [error] PLMN selection failure, no cells in coverage
[2023-01-10 08:52:19.810] [rrc] [warning] Acceptable cell selection failed, no cell is in coverage
[2023-01-10 08:52:19.810] [rrc] [error] Cell selection failure, no suitable or acceptable cell found
[2023-01-10 08:52:33.630] [nas] [error] PLMN selection failure, no cells in coverage
[2023-01-10 08:52:49.823] [rrc] [warning] Acceptable cell selection failed, no cell is in coverage
[2023-01-10 08:52:49.823] [rrc] [error] Cell selection failure, no suitable or acceptable cell found
[2023-01-10 08:53:04.458] [nas] [error] PLMN selection failure, no cells in coverage
[2023-01-10 08:53:19.835] [rrc] [warning] Acceptable cell selection failed, no cell is in coverage
[2023-01-10 08:53:19.835] [rrc] [error] Cell selection failure, no suitable or acceptable cell found
[2023-01-10 08:53:35.286] [nas] [error] PLMN selection failure, no cells in coverage
[2023-01-10 08:53:49.847] [rrc] [warning] Acceptable cell selection failed, no cell is in coverage
[2023-01-10 08:53:49.847] [rrc] [error] Cell selection failure, no suitable or acceptable cell found
[2023-01-10 08:54:06.114] [nas] [error] PLMN selection failure, no cells in coverage
[2023-01-10 08:54:19.859] [rrc] [warning] Acceptable cell selection failed, no cell is in coverage
[2023-01-10 08:54:19.859] [rrc] [error] Cell selection failure, no suitable or acceptable cell found
[2023-01-10 08:54:36.942] [nas] [error] PLMN selection failure, no cells in coverage
[2023-01-10 08:54:49.871] [rrc] [warning] Acceptable cell selection failed, no cell is in coverage
[2023-01-10 08:54:49.871] [rrc] [error] Cell selection failure, no suitable or acceptable cell found
[2023-01-10 08:55:07.770] [nas] [error] PLMN selection failure, no cells in coverage
[2023-01-10 08:55:19.883] [rrc] [warning] Acceptable cell selection failed, no cell is in coverage
[2023-01-10 08:55:19.883] [rrc] [error] Cell selection failure, no suitable or acceptable cell found
[2023-01-10 08:55:38.598] [nas] [error] PLMN selection failure, no cells in coverage
[2023-01-10 08:55:49.895] [rrc] [warning] Acceptable cell selection failed, no cell is in coverage
[2023-01-10 08:55:49.895] [rrc] [error] Cell selection failure, no suitable or acceptable cell found
[2023-01-10 08:56:09.426] [nas] [error] PLMN selection failure, no cells in coverage
[2023-01-10 08:56:19.907] [rrc] [warning] Acceptable cell selection failed, no cell is in coverage
[2023-01-10 08:56:19.907] [rrc] [error] Cell selection failure, no suitable or acceptable cell found
[2023-01-10 08:56:40.254] [nas] [error] PLMN selection failure, no cells in coverage
[2023-01-10 08:56:49.919] [rrc] [warning] Acceptable cell selection failed, no cell is in coverage
[2023-01-10 08:56:49.919] [rrc] [error] Cell selection failure, no suitable or acceptable cell found
[2023-01-10 08:57:11.083] [nas] [error] PLMN selection failure, no cells in coverage
[2023-01-10 08:57:19.931] [rrc] [warning] Acceptable cell selection failed, no cell is in coverage
[2023-01-10 08:57:19.931] [rrc] [error] Cell selection failure, no suitable or acceptable cell found
[2023-01-10 08:57:41.911] [nas] [error] PLMN selection failure, no cells in coverage
[2023-01-10 08:57:49.943] [rrc] [warning] Acceptable cell selection failed, no cell is in coverage
[2023-01-10 08:57:49.943] [rrc] [error] Cell selection failure, no suitable or acceptable cell found
[2023-01-10 08:58:12.740] [nas] [error] PLMN selection failure, no cells in coverage
[2023-01-10 08:58:19.955] [rrc] [warning] Acceptable cell selection failed, no cell is in coverage
[2023-01-10 08:58:19.955] [rrc] [error] Cell selection failure, no suitable or acceptable cell found
[2023-01-10 08:58:43.569] [nas] [error] PLMN selection failure, no cells in coverage
[2023-01-10 08:58:49.967] [rrc] [warning] Acceptable cell selection failed, no cell is in coverage
[2023-01-10 08:58:49.967] [rrc] [error] Cell selection failure, no suitable or acceptable cell found
[2023-01-10 08:59:14.397] [nas] [error] PLMN selection failure, no cells in coverage
[2023-01-10 08:59:19.979] [rrc] [warning] Acceptable cell selection failed, no cell is in coverage
[2023-01-10 08:59:19.979] [rrc] [error] Cell selection failure, no suitable or acceptable cell found
[2023-01-10 08:59:45.225] [nas] [error] PLMN selection failure, no cells in coverage
[2023-01-10 08:59:49.991] [rrc] [warning] Acceptable cell selection failed, no cell is in coverage
[2023-01-10 08:59:49.991] [rrc] [error] Cell selection failure, no suitable or acceptable cell found
[2023-01-10 09:00:16.053] [nas] [error] PLMN selection failure, no cells in coverage
[2023-01-10 09:00:20.003] [rrc] [warning] Acceptable cell selection failed, no cell is in coverage
[2023-01-10 09:00:20.003] [rrc] [error] Cell selection failure, no suitable or acceptable cell found
[2023-01-10 09:00:46.882] [nas] [error] PLMN selection failure, no cells in coverage
[2023-01-10 09:00:50.015] [rrc] [warning] Acceptable cell selection failed, no cell is in coverage
[2023-01-10 09:00:50.015] [rrc] [error] Cell selection failure, no suitable or acceptable cell found
[2023-01-10 09:01:17.710] [nas] [error] PLMN selection failure, no cells in coverage
[2023-01-10 09:01:20.027] [rrc] [warning] Acceptable cell selection failed, no cell is in coverage
[2023-01-10 09:01:20.027] [rrc] [error] Cell selection failure, no suitable or acceptable cell found
[2023-01-10 09:01:48.538] [nas] [error] PLMN selection failure, no cells in coverage
[2023-01-10 09:01:50.039] [rrc] [warning] Acceptable cell selection failed, no cell is in coverage
[2023-01-10 09:01:50.039] [rrc] [error] Cell selection failure, no suitable or acceptable cell found
[2023-01-10 09:02:19.366] [nas] [error] PLMN selection failure, no cells in coverage
[2023-01-10 09:02:20.051] [rrc] [warning] Acceptable cell selection failed, no cell is in coverage
[2023-01-10 09:02:20.051] [rrc] [error] Cell selection failure, no suitable or acceptable cell found
[2023-01-10 09:02:50.063] [rrc] [warning] Acceptable cell selection failed, no cell is in coverage
[2023-01-10 09:02:50.063] [rrc] [error] Cell selection failure, no suitable or acceptable cell found
[2023-01-10 09:02:50.194] [nas] [error] PLMN selection failure, no cells in coverage
[2023-01-10 09:03:20.075] [rrc] [warning] Acceptable cell selection failed, no cell is in coverage
[2023-01-10 09:03:20.075] [rrc] [error] Cell selection failure, no suitable or acceptable cell found
[2023-01-10 09:03:21.022] [nas] [error] PLMN selection failure, no cells in coverage
[2023-01-10 09:03:50.087] [rrc] [warning] Acceptable cell selection failed, no cell is in coverage
[2023-01-10 09:03:50.087] [rrc] [error] Cell selection failure, no suitable or acceptable cell found
[2023-01-10 09:03:51.850] [nas] [error] PLMN selection failure, no cells in coverage
[2023-01-10 09:04:20.100] [rrc] [warning] Acceptable cell selection failed, no cell is in coverage
[2023-01-10 09:04:20.100] [rrc] [error] Cell selection failure, no suitable or acceptable cell found
[2023-01-10 09:04:22.679] [nas] [error] PLMN selection failure, no cells in coverage
[2023-01-10 09:04:50.112] [rrc] [warning] Acceptable cell selection failed, no cell is in coverage
[2023-01-10 09:04:50.112] [rrc] [error] Cell selection failure, no suitable or acceptable cell found
[2023-01-10 09:04:53.508] [nas] [error] PLMN selection failure, no cells in coverage
[2023-01-10 09:05:20.125] [rrc] [warning] Acceptable cell selection failed, no cell is in coverage
[2023-01-10 09:05:20.125] [rrc] [error] Cell selection failure, no suitable or acceptable cell found
[2023-01-10 09:05:24.336] [nas] [error] PLMN selection failure, no cells in coverage
[2023-01-10 09:05:50.137] [rrc] [warning] Acceptable cell selection failed, no cell is in coverage
[2023-01-10 09:05:50.137] [rrc] [error] Cell selection failure, no suitable or acceptable cell found
[2023-01-10 09:05:55.164] [nas] [error] PLMN selection failure, no cells in coverage
[2023-01-10 09:06:20.149] [rrc] [warning] Acceptable cell selection failed, no cell is in coverage
[2023-01-10 09:06:20.149] [rrc] [error] Cell selection failure, no suitable or acceptable cell found
[2023-01-10 09:06:25.993] [nas] [error] PLMN selection failure, no cells in coverage
[2023-01-10 09:06:50.161] [rrc] [warning] Acceptable cell selection failed, no cell is in coverage
[2023-01-10 09:06:50.161] [rrc] [error] Cell selection failure, no suitable or acceptable cell found
