UERANSIM v3.2.6
[2023-01-10 08:46:08.723] [nas] [info] UE switches to state [MM-DEREGISTERED/PLMN-SEARCH]
[2023-01-10 08:46:08.731] [rrc] [debug] New signal detected for cell[1], total [1] cells in coverage
[2023-01-10 08:46:08.732] [nas] [info] Selected plmn[208/93]
[2023-01-10 08:46:11.223] [rrc] [info] Selected cell plmn[208/93] tac[1] category[SUITABLE]
[2023-01-10 08:46:11.223] [nas] [info] UE switches to state [MM-DEREGISTERED/PS]
[2023-01-10 08:46:11.223] [nas] [info] UE switches to state [MM-DEREGISTERED/NORMAL-SERVICE]
[2023-01-10 08:46:11.223] [nas] [debug] Initial registration required due to [MM-DEREG-NORMAL-SERVICE]
[2023-01-10 08:46:11.223] [nas] [debug] UAC access attempt is allowed for identity[0], category[MO_sig]
[2023-01-10 08:46:11.223] [nas] [debug] Sending Initial Registration
[2023-01-10 08:46:11.223] [nas] [info] UE switches to state [MM-REGISTER-INITIATED]
[2023-01-10 08:46:11.224] [rrc] [debug] Sending RRC Setup Request
[2023-01-10 08:46:11.225] [rrc] [info] RRC connection established
[2023-01-10 08:46:11.225] [rrc] [info] UE switches to state [RRC-CONNECTED]
[2023-01-10 08:46:11.225] [nas] [info] UE switches to state [CM-CONNECTED]
[2023-01-10 08:46:11.241] [nas] [debug] Authentication Request received
[2023-01-10 08:46:11.241] [nas] [debug] Sending Authentication Failure due to SQN out of range
[2023-01-10 08:46:11.257] [nas] [debug] Authentication Request received
[2023-01-10 08:46:11.265] [nas] [debug] Security Mode Command received
[2023-01-10 08:46:11.265] [nas] [debug] Selected integrity[2] ciphering[0]
[2023-01-10 08:46:11.295] [nas] [debug] Registration accept received
[2023-01-10 08:46:11.295] [nas] [info] UE switches to state [MM-REGISTERED/NORMAL-SERVICE]
[2023-01-10 08:46:11.295] [nas] [debug] Sending Registration Complete
[2023-01-10 08:46:11.295] [nas] [info] Initial Registration is successful
[2023-01-10 08:46:11.295] [nas] [debug] Sending PDU Session Establishment Request
[2023-01-10 08:46:11.298] [nas] [debug] UAC access attempt is allowed for identity[0], category[MO_sig]
[2023-01-10 08:46:11.531] [nas] [debug] PDU Session Establishment Accept received
[2023-01-10 08:46:11.532] [nas] [info] PDU Session establishment is successful PSI[1]
[2023-01-10 08:46:11.556] [app] [info] Connection setup for PDU session[1] is successful, TUN interface[uesimtun97, 10.60.0.102] is up.
[2023-01-10 08:46:16.506] [nas] [debug] Sending PDU Session Release Request for PSI[1]
[2023-01-10 08:46:16.665] [nas] [debug] Sending PDU Session Establishment Request
[2023-01-10 08:46:16.774] [nas] [error] No response from RRC from UAC checks, considering access attempt is barred
[2023-01-10 08:46:16.780] [nas] [debug] PDU Session Release Command received
[2023-01-10 08:46:16.780] [nas] [debug] Performing local release of PDU session[1]
[2023-01-10 08:46:18.334] [rrc] [debug] Signal lost for cell[1], total [0] cells in coverage
[2023-01-10 08:46:18.334] [nas] [error] Radio link failure detected
[2023-01-10 08:46:18.334] [nas] [info] UE switches to state [CM-IDLE]
[2023-01-10 08:46:18.334] [nas] [info] UE switches to state [MM-REGISTERED/PS]
[2023-01-10 08:46:18.334] [nas] [info] UE switches to state [MM-REGISTERED/PLMN-SEARCH]
[2023-01-10 08:46:18.334] [nas] [error] PLMN selection failure, no cells in coverage
[2023-01-10 08:46:18.727] [rrc] [warning] Acceptable cell selection failed, no cell is in coverage
[2023-01-10 08:46:18.727] [rrc] [error] Cell selection failure, no suitable or acceptable cell found
[2023-01-10 08:46:20.837] [nas] [error] PLMN selection failure, no cells in coverage
[2023-01-10 08:46:23.039] [nas] [error] PLMN selection failure, no cells in coverage
[2023-01-10 08:46:24.141] [nas] [info] UE switches to state [MM-REGISTERED/NO-CELL-AVAILABLE]
[2023-01-10 08:46:32.797] [nas] [warning] Retransmitting PDU Session Establishment Request due to T3580 expiry
[2023-01-10 08:46:32.797] [nas] [error] UAC access attempt is barred for identity[0], category[MO_sig]
[2023-01-10 08:46:48.740] [rrc] [warning] Acceptable cell selection failed, no cell is in coverage
[2023-01-10 08:46:48.740] [rrc] [error] Cell selection failure, no suitable or acceptable cell found
[2023-01-10 08:46:48.813] [nas] [warning] Retransmitting PDU Session Establishment Request due to T3580 expiry
[2023-01-10 08:46:48.813] [nas] [error] UAC access attempt is barred for identity[0], category[MO_sig]
[2023-01-10 08:46:53.869] [nas] [error] PLMN selection failure, no cells in coverage
[2023-01-10 08:47:04.829] [nas] [warning] Retransmitting PDU Session Establishment Request due to T3580 expiry
[2023-01-10 08:47:04.832] [nas] [error] UAC access attempt is barred for identity[0], category[MO_sig]
[2023-01-10 08:47:18.752] [rrc] [warning] Acceptable cell selection failed, no cell is in coverage
[2023-01-10 08:47:18.752] [rrc] [error] Cell selection failure, no suitable or acceptable cell found
[2023-01-10 08:47:20.846] [nas] [warning] Retransmitting PDU Session Establishment Request due to T3580 expiry
[2023-01-10 08:47:20.846] [nas] [error] UAC access attempt is barred for identity[0], category[MO_sig]
[2023-01-10 08:47:24.697] [nas] [error] PLMN selection failure, no cells in coverage
[2023-01-10 08:47:36.865] [nas] [error] PDU Session Establishment procedure failure, no response from the network after 5 attempts
[2023-01-10 08:47:36.865] [nas] [debug] Aborting SM procedure for PTI[2], PSI[2]
[2023-01-10 08:47:48.764] [rrc] [warning] Acceptable cell selection failed, no cell is in coverage
[2023-01-10 08:47:48.764] [rrc] [error] Cell selection failure, no suitable or acceptable cell found
[2023-01-10 08:47:55.526] [nas] [error] PLMN selection failure, no cells in coverage
[2023-01-10 08:48:17.049] [nas] [debug] De-registration required due to [NORMAL]
[2023-01-10 08:48:18.777] [rrc] [warning] Acceptable cell selection failed, no cell is in coverage
[2023-01-10 08:48:18.777] [rrc] [error] Cell selection failure, no suitable or acceptable cell found
[2023-01-10 08:48:26.354] [nas] [error] PLMN selection failure, no cells in coverage
[2023-01-10 08:48:48.789] [rrc] [warning] Acceptable cell selection failed, no cell is in coverage
[2023-01-10 08:48:48.789] [rrc] [error] Cell selection failure, no suitable or acceptable cell found
[2023-01-10 08:48:57.182] [nas] [error] PLMN selection failure, no cells in coverage
[2023-01-10 08:49:18.801] [rrc] [warning] Acceptable cell selection failed, no cell is in coverage
[2023-01-10 08:49:18.801] [rrc] [error] Cell selection failure, no suitable or acceptable cell found
[2023-01-10 08:49:28.010] [nas] [error] PLMN selection failure, no cells in coverage
[2023-01-10 08:49:48.813] [rrc] [warning] Acceptable cell selection failed, no cell is in coverage
[2023-01-10 08:49:48.813] [rrc] [error] Cell selection failure, no suitable or acceptable cell found
[2023-01-10 08:49:58.838] [nas] [error] PLMN selection failure, no cells in coverage
[2023-01-10 08:50:18.825] [rrc] [warning] Acceptable cell selection failed, no cell is in coverage
[2023-01-10 08:50:18.825] [rrc] [error] Cell selection failure, no suitable or acceptable cell found
[2023-01-10 08:50:29.666] [nas] [error] PLMN selection failure, no cells in coverage
[2023-01-10 08:50:48.837] [rrc] [warning] Acceptable cell selection failed, no cell is in coverage
[2023-01-10 08:50:48.837] [rrc] [error] Cell selection failure, no suitable or acceptable cell found
[2023-01-10 08:51:00.494] [nas] [error] PLMN selection failure, no cells in coverage
[2023-01-10 08:51:18.849] [rrc] [warning] Acceptable cell selection failed, no cell is in coverage
[2023-01-10 08:51:18.849] [rrc] [error] Cell selection failure, no suitable or acceptable cell found
[2023-01-10 08:51:31.322] [nas] [error] PLMN selection failure, no cells in coverage
[2023-01-10 08:51:48.861] [rrc] [warning] Acceptable cell selection failed, no cell is in coverage
[2023-01-10 08:51:48.861] [rrc] [error] Cell selection failure, no suitable or acceptable cell found
[2023-01-10 08:52:02.150] [nas] [error] PLMN selection failure, no cells in coverage
[2023-01-10 08:52:18.873] [rrc] [warning] Acceptable cell selection failed, no cell is in coverage
[2023-01-10 08:52:18.873] [rrc] [error] Cell selection failure, no suitable or acceptable cell found
[2023-01-10 08:52:32.978] [nas] [error] PLMN selection failure, no cells in coverage
[2023-01-10 08:52:48.886] [rrc] [warning] Acceptable cell selection failed, no cell is in coverage
[2023-01-10 08:52:48.886] [rrc] [error] Cell selection failure, no suitable or acceptable cell found
[2023-01-10 08:53:03.806] [nas] [error] PLMN selection failure, no cells in coverage
[2023-01-10 08:53:18.898] [rrc] [warning] Acceptable cell selection failed, no cell is in coverage
[2023-01-10 08:53:18.898] [rrc] [error] Cell selection failure, no suitable or acceptable cell found
[2023-01-10 08:53:34.635] [nas] [error] PLMN selection failure, no cells in coverage
[2023-01-10 08:53:48.910] [rrc] [warning] Acceptable cell selection failed, no cell is in coverage
[2023-01-10 08:53:48.910] [rrc] [error] Cell selection failure, no suitable or acceptable cell found
[2023-01-10 08:54:05.463] [nas] [error] PLMN selection failure, no cells in coverage
[2023-01-10 08:54:18.922] [rrc] [warning] Acceptable cell selection failed, no cell is in coverage
[2023-01-10 08:54:18.922] [rrc] [error] Cell selection failure, no suitable or acceptable cell found
[2023-01-10 08:54:36.291] [nas] [error] PLMN selection failure, no cells in coverage
[2023-01-10 08:54:48.934] [rrc] [warning] Acceptable cell selection failed, no cell is in coverage
[2023-01-10 08:54:48.934] [rrc] [error] Cell selection failure, no suitable or acceptable cell found
[2023-01-10 08:55:07.119] [nas] [error] PLMN selection failure, no cells in coverage
[2023-01-10 08:55:18.946] [rrc] [warning] Acceptable cell selection failed, no cell is in coverage
[2023-01-10 08:55:18.946] [rrc] [error] Cell selection failure, no suitable or acceptable cell found
[2023-01-10 08:55:37.947] [nas] [error] PLMN selection failure, no cells in coverage
[2023-01-10 08:55:48.958] [rrc] [warning] Acceptable cell selection failed, no cell is in coverage
[2023-01-10 08:55:48.958] [rrc] [error] Cell selection failure, no suitable or acceptable cell found
[2023-01-10 08:56:08.775] [nas] [error] PLMN selection failure, no cells in coverage
[2023-01-10 08:56:18.970] [rrc] [warning] Acceptable cell selection failed, no cell is in coverage
[2023-01-10 08:56:18.970] [rrc] [error] Cell selection failure, no suitable or acceptable cell found
[2023-01-10 08:56:39.603] [nas] [error] PLMN selection failure, no cells in coverage
[2023-01-10 08:56:48.982] [rrc] [warning] Acceptable cell selection failed, no cell is in coverage
[2023-01-10 08:56:48.982] [rrc] [error] Cell selection failure, no suitable or acceptable cell found
[2023-01-10 08:57:10.431] [nas] [error] PLMN selection failure, no cells in coverage
[2023-01-10 08:57:18.994] [rrc] [warning] Acceptable cell selection failed, no cell is in coverage
[2023-01-10 08:57:18.994] [rrc] [error] Cell selection failure, no suitable or acceptable cell found
[2023-01-10 08:57:41.259] [nas] [error] PLMN selection failure, no cells in coverage
[2023-01-10 08:57:49.006] [rrc] [warning] Acceptable cell selection failed, no cell is in coverage
[2023-01-10 08:57:49.006] [rrc] [error] Cell selection failure, no suitable or acceptable cell found
[2023-01-10 08:58:12.088] [nas] [error] PLMN selection failure, no cells in coverage
[2023-01-10 08:58:19.018] [rrc] [warning] Acceptable cell selection failed, no cell is in coverage
[2023-01-10 08:58:19.018] [rrc] [error] Cell selection failure, no suitable or acceptable cell found
[2023-01-10 08:58:42.916] [nas] [error] PLMN selection failure, no cells in coverage
[2023-01-10 08:58:49.030] [rrc] [warning] Acceptable cell selection failed, no cell is in coverage
[2023-01-10 08:58:49.030] [rrc] [error] Cell selection failure, no suitable or acceptable cell found
[2023-01-10 08:59:13.744] [nas] [error] PLMN selection failure, no cells in coverage
[2023-01-10 08:59:19.042] [rrc] [warning] Acceptable cell selection failed, no cell is in coverage
[2023-01-10 08:59:19.042] [rrc] [error] Cell selection failure, no suitable or acceptable cell found
[2023-01-10 08:59:44.572] [nas] [error] PLMN selection failure, no cells in coverage
[2023-01-10 08:59:49.054] [rrc] [warning] Acceptable cell selection failed, no cell is in coverage
[2023-01-10 08:59:49.054] [rrc] [error] Cell selection failure, no suitable or acceptable cell found
[2023-01-10 09:00:15.400] [nas] [error] PLMN selection failure, no cells in coverage
[2023-01-10 09:00:19.066] [rrc] [warning] Acceptable cell selection failed, no cell is in coverage
[2023-01-10 09:00:19.066] [rrc] [error] Cell selection failure, no suitable or acceptable cell found
[2023-01-10 09:00:46.228] [nas] [error] PLMN selection failure, no cells in coverage
[2023-01-10 09:00:49.078] [rrc] [warning] Acceptable cell selection failed, no cell is in coverage
[2023-01-10 09:00:49.078] [rrc] [error] Cell selection failure, no suitable or acceptable cell found
[2023-01-10 09:01:17.057] [nas] [error] PLMN selection failure, no cells in coverage
[2023-01-10 09:01:19.090] [rrc] [warning] Acceptable cell selection failed, no cell is in coverage
[2023-01-10 09:01:19.090] [rrc] [error] Cell selection failure, no suitable or acceptable cell found
[2023-01-10 09:01:47.885] [nas] [error] PLMN selection failure, no cells in coverage
[2023-01-10 09:01:49.102] [rrc] [warning] Acceptable cell selection failed, no cell is in coverage
[2023-01-10 09:01:49.102] [rrc] [error] Cell selection failure, no suitable or acceptable cell found
[2023-01-10 09:02:18.713] [nas] [error] PLMN selection failure, no cells in coverage
[2023-01-10 09:02:19.114] [rrc] [warning] Acceptable cell selection failed, no cell is in coverage
[2023-01-10 09:02:19.114] [rrc] [error] Cell selection failure, no suitable or acceptable cell found
[2023-01-10 09:02:49.126] [rrc] [warning] Acceptable cell selection failed, no cell is in coverage
[2023-01-10 09:02:49.126] [rrc] [error] Cell selection failure, no suitable or acceptable cell found
[2023-01-10 09:02:49.541] [nas] [error] PLMN selection failure, no cells in coverage
[2023-01-10 09:03:19.138] [rrc] [warning] Acceptable cell selection failed, no cell is in coverage
[2023-01-10 09:03:19.138] [rrc] [error] Cell selection failure, no suitable or acceptable cell found
[2023-01-10 09:03:20.369] [nas] [error] PLMN selection failure, no cells in coverage
[2023-01-10 09:03:49.150] [rrc] [warning] Acceptable cell selection failed, no cell is in coverage
[2023-01-10 09:03:49.150] [rrc] [error] Cell selection failure, no suitable or acceptable cell found
[2023-01-10 09:03:51.197] [nas] [error] PLMN selection failure, no cells in coverage
[2023-01-10 09:04:19.162] [rrc] [warning] Acceptable cell selection failed, no cell is in coverage
[2023-01-10 09:04:19.162] [rrc] [error] Cell selection failure, no suitable or acceptable cell found
[2023-01-10 09:04:22.026] [nas] [error] PLMN selection failure, no cells in coverage
[2023-01-10 09:04:49.174] [rrc] [warning] Acceptable cell selection failed, no cell is in coverage
[2023-01-10 09:04:49.174] [rrc] [error] Cell selection failure, no suitable or acceptable cell found
[2023-01-10 09:04:52.855] [nas] [error] PLMN selection failure, no cells in coverage
[2023-01-10 09:05:19.186] [rrc] [warning] Acceptable cell selection failed, no cell is in coverage
[2023-01-10 09:05:19.186] [rrc] [error] Cell selection failure, no suitable or acceptable cell found
[2023-01-10 09:05:23.683] [nas] [error] PLMN selection failure, no cells in coverage
[2023-01-10 09:05:49.198] [rrc] [warning] Acceptable cell selection failed, no cell is in coverage
[2023-01-10 09:05:49.198] [rrc] [error] Cell selection failure, no suitable or acceptable cell found
[2023-01-10 09:05:54.511] [nas] [error] PLMN selection failure, no cells in coverage
[2023-01-10 09:06:19.210] [rrc] [warning] Acceptable cell selection failed, no cell is in coverage
[2023-01-10 09:06:19.210] [rrc] [error] Cell selection failure, no suitable or acceptable cell found
[2023-01-10 09:06:25.339] [nas] [error] PLMN selection failure, no cells in coverage
[2023-01-10 09:06:49.222] [rrc] [warning] Acceptable cell selection failed, no cell is in coverage
[2023-01-10 09:06:49.222] [rrc] [error] Cell selection failure, no suitable or acceptable cell found
