UERANSIM v3.2.6
[2023-01-10 08:43:58.587] [nas] [info] UE switches to state [MM-DEREGISTERED/PLMN-SEARCH]
[2023-01-10 08:43:58.589] [rrc] [debug] New signal detected for cell[1], total [1] cells in coverage
[2023-01-10 08:43:58.590] [nas] [info] Selected plmn[208/93]
[2023-01-10 08:43:58.590] [rrc] [info] Selected cell plmn[208/93] tac[1] category[SUITABLE]
[2023-01-10 08:43:58.590] [nas] [info] UE switches to state [MM-DEREGISTERED/PS]
[2023-01-10 08:43:58.590] [nas] [info] UE switches to state [MM-DEREGISTERED/NORMAL-SERVICE]
[2023-01-10 08:43:58.590] [nas] [debug] Initial registration required due to [MM-DEREG-NORMAL-SERVICE]
[2023-01-10 08:43:58.590] [nas] [debug] UAC access attempt is allowed for identity[0], category[MO_sig]
[2023-01-10 08:43:58.590] [nas] [debug] Sending Initial Registration
[2023-01-10 08:43:58.590] [nas] [info] UE switches to state [MM-REGISTER-INITIATED]
[2023-01-10 08:43:58.590] [rrc] [debug] Sending RRC Setup Request
[2023-01-10 08:43:58.591] [rrc] [info] RRC connection established
[2023-01-10 08:43:58.591] [rrc] [info] UE switches to state [RRC-CONNECTED]
[2023-01-10 08:43:58.591] [nas] [info] UE switches to state [CM-CONNECTED]
[2023-01-10 08:43:58.607] [nas] [debug] Authentication Request received
[2023-01-10 08:43:58.607] [nas] [debug] Sending Authentication Failure due to SQN out of range
[2023-01-10 08:43:58.621] [nas] [debug] Authentication Request received
[2023-01-10 08:43:58.629] [nas] [debug] Security Mode Command received
[2023-01-10 08:43:58.629] [nas] [debug] Selected integrity[2] ciphering[0]
[2023-01-10 08:43:58.658] [nas] [debug] Registration accept received
[2023-01-10 08:43:58.658] [nas] [info] UE switches to state [MM-REGISTERED/NORMAL-SERVICE]
[2023-01-10 08:43:58.658] [nas] [debug] Sending Registration Complete
[2023-01-10 08:43:58.658] [nas] [info] Initial Registration is successful
[2023-01-10 08:43:58.659] [nas] [debug] Sending PDU Session Establishment Request
[2023-01-10 08:43:58.659] [nas] [debug] UAC access attempt is allowed for identity[0], category[MO_sig]
[2023-01-10 08:43:58.897] [nas] [debug] PDU Session Establishment Accept received
[2023-01-10 08:43:58.897] [nas] [info] PDU Session establishment is successful PSI[1]
[2023-01-10 08:43:58.925] [app] [info] Connection setup for PDU session[1] is successful, TUN interface[uesimtun32, 10.60.0.37] is up.
[2023-01-10 08:46:18.399] [nas] [debug] Sending PDU Session Release Request for PSI[1]
[2023-01-10 08:46:18.499] [nas] [debug] De-registration required due to [NORMAL]
[2023-01-10 08:46:18.508] [nas] [debug] Starting de-registration procedure due to [NORMAL]
[2023-01-10 08:46:18.508] [nas] [debug] Performing local release of PDU session[1]
[2023-01-10 08:46:18.508] [nas] [info] UE switches to state [MM-DEREGISTER-INITIATED]
[2023-01-10 08:46:18.912] [rrc] [debug] Signal lost for cell[1], total [0] cells in coverage
[2023-01-10 08:46:18.912] [nas] [error] Radio link failure detected
[2023-01-10 08:46:18.912] [nas] [info] UE switches to state [CM-IDLE]
[2023-01-10 08:46:18.912] [nas] [info] UE switches to state [MM-DEREGISTERED/PS]
[2023-01-10 08:46:18.912] [nas] [info] UE switches to state [MM-DEREGISTERED/PLMN-SEARCH]
[2023-01-10 08:46:18.912] [nas] [error] PLMN selection failure, no cells in coverage
[2023-01-10 08:46:21.144] [rrc] [warning] Acceptable cell selection failed, no cell is in coverage
[2023-01-10 08:46:21.144] [rrc] [error] Cell selection failure, no suitable or acceptable cell found
[2023-01-10 08:46:21.722] [nas] [error] PLMN selection failure, no cells in coverage
[2023-01-10 08:46:23.924] [nas] [info] UE switches to state [MM-DEREGISTERED/NO-CELL-AVAILABLE]
[2023-01-10 08:46:34.751] [nas] [warning] Retransmitting PDU Session Release Request due to T3582 expiry
[2023-01-10 08:46:34.751] [nas] [debug] NAS Transport aborted, no active cell
[2023-01-10 08:46:50.769] [nas] [warning] Retransmitting PDU Session Release Request due to T3582 expiry
[2023-01-10 08:46:50.769] [nas] [debug] NAS Transport aborted, no active cell
[2023-01-10 08:46:51.156] [rrc] [warning] Acceptable cell selection failed, no cell is in coverage
[2023-01-10 08:46:51.156] [rrc] [error] Cell selection failure, no suitable or acceptable cell found
[2023-01-10 08:46:52.551] [nas] [error] PLMN selection failure, no cells in coverage
[2023-01-10 08:47:06.786] [nas] [warning] Retransmitting PDU Session Release Request due to T3582 expiry
[2023-01-10 08:47:06.786] [nas] [debug] NAS Transport aborted, no active cell
[2023-01-10 08:47:21.168] [rrc] [warning] Acceptable cell selection failed, no cell is in coverage
[2023-01-10 08:47:21.168] [rrc] [error] Cell selection failure, no suitable or acceptable cell found
[2023-01-10 08:47:22.803] [nas] [warning] Retransmitting PDU Session Release Request due to T3582 expiry
[2023-01-10 08:47:22.803] [nas] [debug] NAS Transport aborted, no active cell
[2023-01-10 08:47:23.379] [nas] [error] PLMN selection failure, no cells in coverage
[2023-01-10 08:47:38.820] [nas] [error] PDU Session Release procedure failure, no response from the network after 5 attempts
[2023-01-10 08:47:38.820] [nas] [debug] Aborting SM procedure for PTI[1], PSI[1]
[2023-01-10 08:47:38.820] [nas] [debug] Performing local release of PDU session[1]
[2023-01-10 08:47:38.820] [nas] [debug] Mobility registration updating required due to [PS-STATUS-INFORM]
[2023-01-10 08:47:51.180] [rrc] [warning] Acceptable cell selection failed, no cell is in coverage
[2023-01-10 08:47:51.180] [rrc] [error] Cell selection failure, no suitable or acceptable cell found
[2023-01-10 08:47:54.207] [nas] [error] PLMN selection failure, no cells in coverage
[2023-01-10 08:48:18.726] [nas] [debug] De-registration required due to [NORMAL]
[2023-01-10 08:48:21.192] [rrc] [warning] Acceptable cell selection failed, no cell is in coverage
[2023-01-10 08:48:21.192] [rrc] [error] Cell selection failure, no suitable or acceptable cell found
[2023-01-10 08:48:25.035] [nas] [error] PLMN selection failure, no cells in coverage
[2023-01-10 08:48:51.204] [rrc] [warning] Acceptable cell selection failed, no cell is in coverage
[2023-01-10 08:48:51.204] [rrc] [error] Cell selection failure, no suitable or acceptable cell found
[2023-01-10 08:48:55.863] [nas] [error] PLMN selection failure, no cells in coverage
[2023-01-10 08:49:21.223] [rrc] [warning] Acceptable cell selection failed, no cell is in coverage
[2023-01-10 08:49:21.223] [rrc] [error] Cell selection failure, no suitable or acceptable cell found
[2023-01-10 08:49:26.691] [nas] [error] PLMN selection failure, no cells in coverage
[2023-01-10 08:49:51.235] [rrc] [warning] Acceptable cell selection failed, no cell is in coverage
[2023-01-10 08:49:51.235] [rrc] [error] Cell selection failure, no suitable or acceptable cell found
[2023-01-10 08:49:57.519] [nas] [error] PLMN selection failure, no cells in coverage
[2023-01-10 08:50:21.247] [rrc] [warning] Acceptable cell selection failed, no cell is in coverage
[2023-01-10 08:50:21.247] [rrc] [error] Cell selection failure, no suitable or acceptable cell found
[2023-01-10 08:50:28.348] [nas] [error] PLMN selection failure, no cells in coverage
[2023-01-10 08:50:51.259] [rrc] [warning] Acceptable cell selection failed, no cell is in coverage
[2023-01-10 08:50:51.259] [rrc] [error] Cell selection failure, no suitable or acceptable cell found
[2023-01-10 08:50:59.176] [nas] [error] PLMN selection failure, no cells in coverage
[2023-01-10 08:51:21.271] [rrc] [warning] Acceptable cell selection failed, no cell is in coverage
[2023-01-10 08:51:21.271] [rrc] [error] Cell selection failure, no suitable or acceptable cell found
[2023-01-10 08:51:30.004] [nas] [error] PLMN selection failure, no cells in coverage
[2023-01-10 08:51:51.283] [rrc] [warning] Acceptable cell selection failed, no cell is in coverage
[2023-01-10 08:51:51.283] [rrc] [error] Cell selection failure, no suitable or acceptable cell found
[2023-01-10 08:52:00.832] [nas] [error] PLMN selection failure, no cells in coverage
[2023-01-10 08:52:21.295] [rrc] [warning] Acceptable cell selection failed, no cell is in coverage
[2023-01-10 08:52:21.295] [rrc] [error] Cell selection failure, no suitable or acceptable cell found
[2023-01-10 08:52:31.660] [nas] [error] PLMN selection failure, no cells in coverage
[2023-01-10 08:52:51.307] [rrc] [warning] Acceptable cell selection failed, no cell is in coverage
[2023-01-10 08:52:51.307] [rrc] [error] Cell selection failure, no suitable or acceptable cell found
[2023-01-10 08:53:02.488] [nas] [error] PLMN selection failure, no cells in coverage
[2023-01-10 08:53:21.319] [rrc] [warning] Acceptable cell selection failed, no cell is in coverage
[2023-01-10 08:53:21.319] [rrc] [error] Cell selection failure, no suitable or acceptable cell found
[2023-01-10 08:53:33.316] [nas] [error] PLMN selection failure, no cells in coverage
[2023-01-10 08:53:51.331] [rrc] [warning] Acceptable cell selection failed, no cell is in coverage
[2023-01-10 08:53:51.331] [rrc] [error] Cell selection failure, no suitable or acceptable cell found
[2023-01-10 08:54:04.144] [nas] [error] PLMN selection failure, no cells in coverage
[2023-01-10 08:54:21.343] [rrc] [warning] Acceptable cell selection failed, no cell is in coverage
[2023-01-10 08:54:21.343] [rrc] [error] Cell selection failure, no suitable or acceptable cell found
[2023-01-10 08:54:34.972] [nas] [error] PLMN selection failure, no cells in coverage
[2023-01-10 08:54:51.355] [rrc] [warning] Acceptable cell selection failed, no cell is in coverage
[2023-01-10 08:54:51.355] [rrc] [error] Cell selection failure, no suitable or acceptable cell found
[2023-01-10 08:55:05.800] [nas] [error] PLMN selection failure, no cells in coverage
[2023-01-10 08:55:21.367] [rrc] [warning] Acceptable cell selection failed, no cell is in coverage
[2023-01-10 08:55:21.367] [rrc] [error] Cell selection failure, no suitable or acceptable cell found
[2023-01-10 08:55:36.628] [nas] [error] PLMN selection failure, no cells in coverage
[2023-01-10 08:55:51.379] [rrc] [warning] Acceptable cell selection failed, no cell is in coverage
[2023-01-10 08:55:51.379] [rrc] [error] Cell selection failure, no suitable or acceptable cell found
[2023-01-10 08:56:07.456] [nas] [error] PLMN selection failure, no cells in coverage
[2023-01-10 08:56:21.391] [rrc] [warning] Acceptable cell selection failed, no cell is in coverage
[2023-01-10 08:56:21.391] [rrc] [error] Cell selection failure, no suitable or acceptable cell found
[2023-01-10 08:56:38.284] [nas] [error] PLMN selection failure, no cells in coverage
[2023-01-10 08:56:51.403] [rrc] [warning] Acceptable cell selection failed, no cell is in coverage
[2023-01-10 08:56:51.403] [rrc] [error] Cell selection failure, no suitable or acceptable cell found
[2023-01-10 08:57:09.113] [nas] [error] PLMN selection failure, no cells in coverage
[2023-01-10 08:57:21.415] [rrc] [warning] Acceptable cell selection failed, no cell is in coverage
[2023-01-10 08:57:21.415] [rrc] [error] Cell selection failure, no suitable or acceptable cell found
[2023-01-10 08:57:39.941] [nas] [error] PLMN selection failure, no cells in coverage
[2023-01-10 08:57:51.428] [rrc] [warning] Acceptable cell selection failed, no cell is in coverage
[2023-01-10 08:57:51.428] [rrc] [error] Cell selection failure, no suitable or acceptable cell found
[2023-01-10 08:58:10.769] [nas] [error] PLMN selection failure, no cells in coverage
[2023-01-10 08:58:21.440] [rrc] [warning] Acceptable cell selection failed, no cell is in coverage
[2023-01-10 08:58:21.440] [rrc] [error] Cell selection failure, no suitable or acceptable cell found
[2023-01-10 08:58:41.597] [nas] [error] PLMN selection failure, no cells in coverage
[2023-01-10 08:58:51.452] [rrc] [warning] Acceptable cell selection failed, no cell is in coverage
[2023-01-10 08:58:51.452] [rrc] [error] Cell selection failure, no suitable or acceptable cell found
[2023-01-10 08:59:12.425] [nas] [error] PLMN selection failure, no cells in coverage
[2023-01-10 08:59:21.464] [rrc] [warning] Acceptable cell selection failed, no cell is in coverage
[2023-01-10 08:59:21.464] [rrc] [error] Cell selection failure, no suitable or acceptable cell found
[2023-01-10 08:59:43.254] [nas] [error] PLMN selection failure, no cells in coverage
[2023-01-10 08:59:51.476] [rrc] [warning] Acceptable cell selection failed, no cell is in coverage
[2023-01-10 08:59:51.476] [rrc] [error] Cell selection failure, no suitable or acceptable cell found
[2023-01-10 09:00:14.082] [nas] [error] PLMN selection failure, no cells in coverage
[2023-01-10 09:00:21.489] [rrc] [warning] Acceptable cell selection failed, no cell is in coverage
[2023-01-10 09:00:21.489] [rrc] [error] Cell selection failure, no suitable or acceptable cell found
[2023-01-10 09:00:44.911] [nas] [error] PLMN selection failure, no cells in coverage
[2023-01-10 09:00:51.501] [rrc] [warning] Acceptable cell selection failed, no cell is in coverage
[2023-01-10 09:00:51.501] [rrc] [error] Cell selection failure, no suitable or acceptable cell found
[2023-01-10 09:01:15.739] [nas] [error] PLMN selection failure, no cells in coverage
[2023-01-10 09:01:21.514] [rrc] [warning] Acceptable cell selection failed, no cell is in coverage
[2023-01-10 09:01:21.514] [rrc] [error] Cell selection failure, no suitable or acceptable cell found
[2023-01-10 09:01:46.568] [nas] [error] PLMN selection failure, no cells in coverage
[2023-01-10 09:01:51.526] [rrc] [warning] Acceptable cell selection failed, no cell is in coverage
[2023-01-10 09:01:51.526] [rrc] [error] Cell selection failure, no suitable or acceptable cell found
[2023-01-10 09:02:17.396] [nas] [error] PLMN selection failure, no cells in coverage
[2023-01-10 09:02:21.539] [rrc] [warning] Acceptable cell selection failed, no cell is in coverage
[2023-01-10 09:02:21.539] [rrc] [error] Cell selection failure, no suitable or acceptable cell found
[2023-01-10 09:02:48.224] [nas] [error] PLMN selection failure, no cells in coverage
[2023-01-10 09:02:51.552] [rrc] [warning] Acceptable cell selection failed, no cell is in coverage
[2023-01-10 09:02:51.552] [rrc] [error] Cell selection failure, no suitable or acceptable cell found
[2023-01-10 09:03:19.052] [nas] [error] PLMN selection failure, no cells in coverage
[2023-01-10 09:03:21.564] [rrc] [warning] Acceptable cell selection failed, no cell is in coverage
[2023-01-10 09:03:21.564] [rrc] [error] Cell selection failure, no suitable or acceptable cell found
[2023-01-10 09:03:49.880] [nas] [error] PLMN selection failure, no cells in coverage
[2023-01-10 09:03:51.576] [rrc] [warning] Acceptable cell selection failed, no cell is in coverage
[2023-01-10 09:03:51.576] [rrc] [error] Cell selection failure, no suitable or acceptable cell found
[2023-01-10 09:04:20.708] [nas] [error] PLMN selection failure, no cells in coverage
[2023-01-10 09:04:21.588] [rrc] [warning] Acceptable cell selection failed, no cell is in coverage
[2023-01-10 09:04:21.588] [rrc] [error] Cell selection failure, no suitable or acceptable cell found
[2023-01-10 09:04:51.536] [nas] [error] PLMN selection failure, no cells in coverage
[2023-01-10 09:04:51.600] [rrc] [warning] Acceptable cell selection failed, no cell is in coverage
[2023-01-10 09:04:51.600] [rrc] [error] Cell selection failure, no suitable or acceptable cell found
[2023-01-10 09:05:21.612] [rrc] [warning] Acceptable cell selection failed, no cell is in coverage
[2023-01-10 09:05:21.612] [rrc] [error] Cell selection failure, no suitable or acceptable cell found
[2023-01-10 09:05:22.364] [nas] [error] PLMN selection failure, no cells in coverage
[2023-01-10 09:05:51.624] [rrc] [warning] Acceptable cell selection failed, no cell is in coverage
[2023-01-10 09:05:51.624] [rrc] [error] Cell selection failure, no suitable or acceptable cell found
[2023-01-10 09:05:53.192] [nas] [error] PLMN selection failure, no cells in coverage
[2023-01-10 09:06:21.636] [rrc] [warning] Acceptable cell selection failed, no cell is in coverage
[2023-01-10 09:06:21.636] [rrc] [error] Cell selection failure, no suitable or acceptable cell found
[2023-01-10 09:06:24.020] [nas] [error] PLMN selection failure, no cells in coverage
[2023-01-10 09:06:51.648] [rrc] [warning] Acceptable cell selection failed, no cell is in coverage
[2023-01-10 09:06:51.648] [rrc] [error] Cell selection failure, no suitable or acceptable cell found
[2023-01-10 09:06:54.848] [nas] [error] PLMN selection failure, no cells in coverage
