UERANSIM v3.2.6
[2023-01-10 08:44:56.648] [nas] [info] UE switches to state [MM-DEREGISTERED/PLMN-SEARCH]
[2023-01-10 08:44:56.648] [rrc] [debug] New signal detected for cell[1], total [1] cells in coverage
[2023-01-10 08:44:56.654] [nas] [info] Selected plmn[208/93]
[2023-01-10 08:44:59.149] [rrc] [info] Selected cell plmn[208/93] tac[1] category[SUITABLE]
[2023-01-10 08:44:59.149] [nas] [info] UE switches to state [MM-DEREGISTERED/PS]
[2023-01-10 08:44:59.149] [nas] [info] UE switches to state [MM-DEREGISTERED/NORMAL-SERVICE]
[2023-01-10 08:44:59.149] [nas] [debug] Initial registration required due to [MM-DEREG-NORMAL-SERVICE]
[2023-01-10 08:44:59.150] [nas] [debug] UAC access attempt is allowed for identity[0], category[MO_sig]
[2023-01-10 08:44:59.150] [nas] [debug] Sending Initial Registration
[2023-01-10 08:44:59.150] [nas] [info] UE switches to state [MM-REGISTER-INITIATED]
[2023-01-10 08:44:59.150] [rrc] [debug] Sending RRC Setup Request
[2023-01-10 08:44:59.151] [rrc] [info] RRC connection established
[2023-01-10 08:44:59.151] [rrc] [info] UE switches to state [RRC-CONNECTED]
[2023-01-10 08:44:59.151] [nas] [info] UE switches to state [CM-CONNECTED]
[2023-01-10 08:44:59.190] [nas] [debug] Authentication Request received
[2023-01-10 08:44:59.190] [nas] [debug] Sending Authentication Failure due to SQN out of range
[2023-01-10 08:44:59.203] [nas] [debug] Authentication Request received
[2023-01-10 08:44:59.208] [nas] [debug] Security Mode Command received
[2023-01-10 08:44:59.208] [nas] [debug] Selected integrity[2] ciphering[0]
[2023-01-10 08:44:59.240] [nas] [debug] Registration accept received
[2023-01-10 08:44:59.240] [nas] [info] UE switches to state [MM-REGISTERED/NORMAL-SERVICE]
[2023-01-10 08:44:59.240] [nas] [debug] Sending Registration Complete
[2023-01-10 08:44:59.240] [nas] [info] Initial Registration is successful
[2023-01-10 08:44:59.240] [nas] [debug] Sending PDU Session Establishment Request
[2023-01-10 08:44:59.240] [nas] [debug] UAC access attempt is allowed for identity[0], category[MO_sig]
[2023-01-10 08:44:59.482] [nas] [debug] PDU Session Establishment Accept received
[2023-01-10 08:44:59.482] [nas] [info] PDU Session establishment is successful PSI[1]
[2023-01-10 08:44:59.506] [app] [info] Connection setup for PDU session[1] is successful, TUN interface[uesimtun62, 10.60.0.67] is up.
[2023-01-10 08:46:18.324] [nas] [debug] Sending PDU Session Establishment Request
[2023-01-10 08:46:18.426] [nas] [error] No response from RRC from UAC checks, considering access attempt is barred
[2023-01-10 08:46:18.519] [nas] [debug] Sending PDU Session Establishment Request
[2023-01-10 08:46:18.620] [nas] [error] No response from RRC from UAC checks, considering access attempt is barred
[2023-01-10 08:46:18.665] [nas] [debug] De-registration required due to [NORMAL]
[2023-01-10 08:46:18.675] [nas] [debug] Starting de-registration procedure due to [NORMAL]
[2023-01-10 08:46:18.675] [nas] [debug] Performing local release of PDU session[1]
[2023-01-10 08:46:18.675] [nas] [info] UE switches to state [MM-DEREGISTER-INITIATED]
[2023-01-10 08:46:18.921] [rrc] [debug] Signal lost for cell[1], total [0] cells in coverage
[2023-01-10 08:46:18.921] [nas] [error] Radio link failure detected
[2023-01-10 08:46:18.921] [nas] [info] UE switches to state [CM-IDLE]
[2023-01-10 08:46:18.921] [nas] [info] UE switches to state [MM-DEREGISTERED/PS]
[2023-01-10 08:46:18.921] [nas] [info] UE switches to state [MM-DEREGISTERED/PLMN-SEARCH]
[2023-01-10 08:46:18.921] [nas] [error] PLMN selection failure, no cells in coverage
[2023-01-10 08:46:19.183] [rrc] [warning] Acceptable cell selection failed, no cell is in coverage
[2023-01-10 08:46:19.183] [rrc] [error] Cell selection failure, no suitable or acceptable cell found
[2023-01-10 08:46:21.435] [nas] [error] PLMN selection failure, no cells in coverage
[2023-01-10 08:46:23.637] [nas] [error] PLMN selection failure, no cells in coverage
[2023-01-10 08:46:24.738] [nas] [info] UE switches to state [MM-DEREGISTERED/NO-CELL-AVAILABLE]
[2023-01-10 08:46:34.760] [nas] [warning] Retransmitting PDU Session Establishment Request due to T3580 expiry
[2023-01-10 08:46:34.762] [nas] [error] UAC access attempt is barred for identity[0], category[MO_sig]
[2023-01-10 08:46:34.762] [nas] [warning] Retransmitting PDU Session Establishment Request due to T3580 expiry
[2023-01-10 08:46:34.762] [nas] [error] UAC access attempt is barred for identity[0], category[MO_sig]
[2023-01-10 08:46:49.195] [rrc] [warning] Acceptable cell selection failed, no cell is in coverage
[2023-01-10 08:46:49.195] [rrc] [error] Cell selection failure, no suitable or acceptable cell found
[2023-01-10 08:46:50.782] [nas] [warning] Retransmitting PDU Session Establishment Request due to T3580 expiry
[2023-01-10 08:46:50.782] [nas] [error] UAC access attempt is barred for identity[0], category[MO_sig]
[2023-01-10 08:46:50.782] [nas] [warning] Retransmitting PDU Session Establishment Request due to T3580 expiry
[2023-01-10 08:46:50.782] [nas] [error] UAC access attempt is barred for identity[0], category[MO_sig]
[2023-01-10 08:46:54.465] [nas] [error] PLMN selection failure, no cells in coverage
[2023-01-10 08:47:06.803] [nas] [warning] Retransmitting PDU Session Establishment Request due to T3580 expiry
[2023-01-10 08:47:06.806] [nas] [error] UAC access attempt is barred for identity[0], category[MO_sig]
[2023-01-10 08:47:06.806] [nas] [warning] Retransmitting PDU Session Establishment Request due to T3580 expiry
[2023-01-10 08:47:06.806] [nas] [error] UAC access attempt is barred for identity[0], category[MO_sig]
[2023-01-10 08:47:19.207] [rrc] [warning] Acceptable cell selection failed, no cell is in coverage
[2023-01-10 08:47:19.207] [rrc] [error] Cell selection failure, no suitable or acceptable cell found
[2023-01-10 08:47:22.819] [nas] [warning] Retransmitting PDU Session Establishment Request due to T3580 expiry
[2023-01-10 08:47:22.821] [nas] [error] UAC access attempt is barred for identity[0], category[MO_sig]
[2023-01-10 08:47:22.821] [nas] [warning] Retransmitting PDU Session Establishment Request due to T3580 expiry
[2023-01-10 08:47:22.821] [nas] [error] UAC access attempt is barred for identity[0], category[MO_sig]
[2023-01-10 08:47:25.295] [nas] [error] PLMN selection failure, no cells in coverage
[2023-01-10 08:47:38.836] [nas] [error] PDU Session Establishment procedure failure, no response from the network after 5 attempts
[2023-01-10 08:47:38.836] [nas] [debug] Aborting SM procedure for PTI[1], PSI[2]
[2023-01-10 08:47:38.836] [nas] [error] PDU Session Establishment procedure failure, no response from the network after 5 attempts
[2023-01-10 08:47:38.836] [nas] [debug] Aborting SM procedure for PTI[2], PSI[3]
[2023-01-10 08:47:49.219] [rrc] [warning] Acceptable cell selection failed, no cell is in coverage
[2023-01-10 08:47:49.219] [rrc] [error] Cell selection failure, no suitable or acceptable cell found
[2023-01-10 08:47:56.123] [nas] [error] PLMN selection failure, no cells in coverage
[2023-01-10 08:48:18.875] [nas] [debug] De-registration required due to [NORMAL]
[2023-01-10 08:48:19.231] [rrc] [warning] Acceptable cell selection failed, no cell is in coverage
[2023-01-10 08:48:19.231] [rrc] [error] Cell selection failure, no suitable or acceptable cell found
[2023-01-10 08:48:26.951] [nas] [error] PLMN selection failure, no cells in coverage
[2023-01-10 08:48:49.243] [rrc] [warning] Acceptable cell selection failed, no cell is in coverage
[2023-01-10 08:48:49.243] [rrc] [error] Cell selection failure, no suitable or acceptable cell found
[2023-01-10 08:48:57.779] [nas] [error] PLMN selection failure, no cells in coverage
[2023-01-10 08:49:19.255] [rrc] [warning] Acceptable cell selection failed, no cell is in coverage
[2023-01-10 08:49:19.255] [rrc] [error] Cell selection failure, no suitable or acceptable cell found
[2023-01-10 08:49:28.607] [nas] [error] PLMN selection failure, no cells in coverage
[2023-01-10 08:49:49.267] [rrc] [warning] Acceptable cell selection failed, no cell is in coverage
[2023-01-10 08:49:49.267] [rrc] [error] Cell selection failure, no suitable or acceptable cell found
[2023-01-10 08:49:59.436] [nas] [error] PLMN selection failure, no cells in coverage
[2023-01-10 08:50:19.280] [rrc] [warning] Acceptable cell selection failed, no cell is in coverage
[2023-01-10 08:50:19.280] [rrc] [error] Cell selection failure, no suitable or acceptable cell found
[2023-01-10 08:50:30.265] [nas] [error] PLMN selection failure, no cells in coverage
[2023-01-10 08:50:49.292] [rrc] [warning] Acceptable cell selection failed, no cell is in coverage
[2023-01-10 08:50:49.292] [rrc] [error] Cell selection failure, no suitable or acceptable cell found
[2023-01-10 08:51:01.093] [nas] [error] PLMN selection failure, no cells in coverage
[2023-01-10 08:51:19.304] [rrc] [warning] Acceptable cell selection failed, no cell is in coverage
[2023-01-10 08:51:19.304] [rrc] [error] Cell selection failure, no suitable or acceptable cell found
[2023-01-10 08:51:31.921] [nas] [error] PLMN selection failure, no cells in coverage
[2023-01-10 08:51:49.316] [rrc] [warning] Acceptable cell selection failed, no cell is in coverage
[2023-01-10 08:51:49.316] [rrc] [error] Cell selection failure, no suitable or acceptable cell found
[2023-01-10 08:52:02.750] [nas] [error] PLMN selection failure, no cells in coverage
[2023-01-10 08:52:19.328] [rrc] [warning] Acceptable cell selection failed, no cell is in coverage
[2023-01-10 08:52:19.328] [rrc] [error] Cell selection failure, no suitable or acceptable cell found
[2023-01-10 08:52:33.578] [nas] [error] PLMN selection failure, no cells in coverage
[2023-01-10 08:52:49.340] [rrc] [warning] Acceptable cell selection failed, no cell is in coverage
[2023-01-10 08:52:49.340] [rrc] [error] Cell selection failure, no suitable or acceptable cell found
[2023-01-10 08:53:04.406] [nas] [error] PLMN selection failure, no cells in coverage
[2023-01-10 08:53:19.352] [rrc] [warning] Acceptable cell selection failed, no cell is in coverage
[2023-01-10 08:53:19.352] [rrc] [error] Cell selection failure, no suitable or acceptable cell found
[2023-01-10 08:53:35.234] [nas] [error] PLMN selection failure, no cells in coverage
[2023-01-10 08:53:49.364] [rrc] [warning] Acceptable cell selection failed, no cell is in coverage
[2023-01-10 08:53:49.364] [rrc] [error] Cell selection failure, no suitable or acceptable cell found
[2023-01-10 08:54:06.062] [nas] [error] PLMN selection failure, no cells in coverage
[2023-01-10 08:54:19.376] [rrc] [warning] Acceptable cell selection failed, no cell is in coverage
[2023-01-10 08:54:19.376] [rrc] [error] Cell selection failure, no suitable or acceptable cell found
[2023-01-10 08:54:36.890] [nas] [error] PLMN selection failure, no cells in coverage
[2023-01-10 08:54:49.389] [rrc] [warning] Acceptable cell selection failed, no cell is in coverage
[2023-01-10 08:54:49.389] [rrc] [error] Cell selection failure, no suitable or acceptable cell found
[2023-01-10 08:55:07.718] [nas] [error] PLMN selection failure, no cells in coverage
[2023-01-10 08:55:19.401] [rrc] [warning] Acceptable cell selection failed, no cell is in coverage
[2023-01-10 08:55:19.401] [rrc] [error] Cell selection failure, no suitable or acceptable cell found
[2023-01-10 08:55:38.546] [nas] [error] PLMN selection failure, no cells in coverage
[2023-01-10 08:55:49.413] [rrc] [warning] Acceptable cell selection failed, no cell is in coverage
[2023-01-10 08:55:49.413] [rrc] [error] Cell selection failure, no suitable or acceptable cell found
[2023-01-10 08:56:09.374] [nas] [error] PLMN selection failure, no cells in coverage
[2023-01-10 08:56:19.425] [rrc] [warning] Acceptable cell selection failed, no cell is in coverage
[2023-01-10 08:56:19.425] [rrc] [error] Cell selection failure, no suitable or acceptable cell found
[2023-01-10 08:56:40.203] [nas] [error] PLMN selection failure, no cells in coverage
[2023-01-10 08:56:49.437] [rrc] [warning] Acceptable cell selection failed, no cell is in coverage
[2023-01-10 08:56:49.437] [rrc] [error] Cell selection failure, no suitable or acceptable cell found
[2023-01-10 08:57:11.031] [nas] [error] PLMN selection failure, no cells in coverage
[2023-01-10 08:57:19.449] [rrc] [warning] Acceptable cell selection failed, no cell is in coverage
[2023-01-10 08:57:19.449] [rrc] [error] Cell selection failure, no suitable or acceptable cell found
[2023-01-10 08:57:41.859] [nas] [error] PLMN selection failure, no cells in coverage
[2023-01-10 08:57:49.461] [rrc] [warning] Acceptable cell selection failed, no cell is in coverage
[2023-01-10 08:57:49.461] [rrc] [error] Cell selection failure, no suitable or acceptable cell found
[2023-01-10 08:58:12.689] [nas] [error] PLMN selection failure, no cells in coverage
[2023-01-10 08:58:19.473] [rrc] [warning] Acceptable cell selection failed, no cell is in coverage
[2023-01-10 08:58:19.473] [rrc] [error] Cell selection failure, no suitable or acceptable cell found
[2023-01-10 08:58:43.517] [nas] [error] PLMN selection failure, no cells in coverage
[2023-01-10 08:58:49.486] [rrc] [warning] Acceptable cell selection failed, no cell is in coverage
[2023-01-10 08:58:49.486] [rrc] [error] Cell selection failure, no suitable or acceptable cell found
[2023-01-10 08:59:14.346] [nas] [error] PLMN selection failure, no cells in coverage
[2023-01-10 08:59:19.498] [rrc] [warning] Acceptable cell selection failed, no cell is in coverage
[2023-01-10 08:59:19.498] [rrc] [error] Cell selection failure, no suitable or acceptable cell found
[2023-01-10 08:59:45.175] [nas] [error] PLMN selection failure, no cells in coverage
[2023-01-10 08:59:49.510] [rrc] [warning] Acceptable cell selection failed, no cell is in coverage
[2023-01-10 08:59:49.510] [rrc] [error] Cell selection failure, no suitable or acceptable cell found
[2023-01-10 09:00:16.003] [nas] [error] PLMN selection failure, no cells in coverage
[2023-01-10 09:00:19.522] [rrc] [warning] Acceptable cell selection failed, no cell is in coverage
[2023-01-10 09:00:19.522] [rrc] [error] Cell selection failure, no suitable or acceptable cell found
[2023-01-10 09:00:46.831] [nas] [error] PLMN selection failure, no cells in coverage
[2023-01-10 09:00:49.534] [rrc] [warning] Acceptable cell selection failed, no cell is in coverage
[2023-01-10 09:00:49.534] [rrc] [error] Cell selection failure, no suitable or acceptable cell found
[2023-01-10 09:01:17.659] [nas] [error] PLMN selection failure, no cells in coverage
[2023-01-10 09:01:19.546] [rrc] [warning] Acceptable cell selection failed, no cell is in coverage
[2023-01-10 09:01:19.546] [rrc] [error] Cell selection failure, no suitable or acceptable cell found
[2023-01-10 09:01:48.487] [nas] [error] PLMN selection failure, no cells in coverage
[2023-01-10 09:01:49.558] [rrc] [warning] Acceptable cell selection failed, no cell is in coverage
[2023-01-10 09:01:49.558] [rrc] [error] Cell selection failure, no suitable or acceptable cell found
[2023-01-10 09:02:19.315] [nas] [error] PLMN selection failure, no cells in coverage
[2023-01-10 09:02:19.570] [rrc] [warning] Acceptable cell selection failed, no cell is in coverage
[2023-01-10 09:02:19.570] [rrc] [error] Cell selection failure, no suitable or acceptable cell found
[2023-01-10 09:02:49.582] [rrc] [warning] Acceptable cell selection failed, no cell is in coverage
[2023-01-10 09:02:49.582] [rrc] [error] Cell selection failure, no suitable or acceptable cell found
[2023-01-10 09:02:50.143] [nas] [error] PLMN selection failure, no cells in coverage
[2023-01-10 09:03:19.594] [rrc] [warning] Acceptable cell selection failed, no cell is in coverage
[2023-01-10 09:03:19.594] [rrc] [error] Cell selection failure, no suitable or acceptable cell found
[2023-01-10 09:03:20.972] [nas] [error] PLMN selection failure, no cells in coverage
[2023-01-10 09:03:49.606] [rrc] [warning] Acceptable cell selection failed, no cell is in coverage
[2023-01-10 09:03:49.606] [rrc] [error] Cell selection failure, no suitable or acceptable cell found
[2023-01-10 09:03:51.800] [nas] [error] PLMN selection failure, no cells in coverage
[2023-01-10 09:04:19.618] [rrc] [warning] Acceptable cell selection failed, no cell is in coverage
[2023-01-10 09:04:19.618] [rrc] [error] Cell selection failure, no suitable or acceptable cell found
[2023-01-10 09:04:22.628] [nas] [error] PLMN selection failure, no cells in coverage
[2023-01-10 09:04:49.631] [rrc] [warning] Acceptable cell selection failed, no cell is in coverage
[2023-01-10 09:04:49.631] [rrc] [error] Cell selection failure, no suitable or acceptable cell found
[2023-01-10 09:04:53.456] [nas] [error] PLMN selection failure, no cells in coverage
[2023-01-10 09:05:19.643] [rrc] [warning] Acceptable cell selection failed, no cell is in coverage
[2023-01-10 09:05:19.643] [rrc] [error] Cell selection failure, no suitable or acceptable cell found
[2023-01-10 09:05:24.284] [nas] [error] PLMN selection failure, no cells in coverage
[2023-01-10 09:05:49.655] [rrc] [warning] Acceptable cell selection failed, no cell is in coverage
[2023-01-10 09:05:49.655] [rrc] [error] Cell selection failure, no suitable or acceptable cell found
[2023-01-10 09:05:55.112] [nas] [error] PLMN selection failure, no cells in coverage
[2023-01-10 09:06:19.667] [rrc] [warning] Acceptable cell selection failed, no cell is in coverage
[2023-01-10 09:06:19.667] [rrc] [error] Cell selection failure, no suitable or acceptable cell found
[2023-01-10 09:06:25.942] [nas] [error] PLMN selection failure, no cells in coverage
[2023-01-10 09:06:49.679] [rrc] [warning] Acceptable cell selection failed, no cell is in coverage
[2023-01-10 09:06:49.679] [rrc] [error] Cell selection failure, no suitable or acceptable cell found
