UERANSIM v3.2.6
[2023-01-10 08:45:52.706] [nas] [info] UE switches to state [MM-DEREGISTERED/PLMN-SEARCH]
[2023-01-10 08:45:52.714] [rrc] [debug] New signal detected for cell[1], total [1] cells in coverage
[2023-01-10 08:45:52.714] [nas] [info] Selected plmn[208/93]
[2023-01-10 08:45:52.714] [rrc] [info] Selected cell plmn[208/93] tac[1] category[SUITABLE]
[2023-01-10 08:45:52.714] [nas] [info] UE switches to state [MM-DEREGISTERED/PS]
[2023-01-10 08:45:52.715] [nas] [info] UE switches to state [MM-DEREGISTERED/NORMAL-SERVICE]
[2023-01-10 08:45:52.715] [nas] [debug] Initial registration required due to [MM-DEREG-NORMAL-SERVICE]
[2023-01-10 08:45:52.718] [nas] [debug] UAC access attempt is allowed for identity[0], category[MO_sig]
[2023-01-10 08:45:52.718] [nas] [debug] Sending Initial Registration
[2023-01-10 08:45:52.718] [nas] [info] UE switches to state [MM-REGISTER-INITIATED]
[2023-01-10 08:45:52.718] [rrc] [debug] Sending RRC Setup Request
[2023-01-10 08:45:52.719] [rrc] [info] RRC connection established
[2023-01-10 08:45:52.719] [rrc] [info] UE switches to state [RRC-CONNECTED]
[2023-01-10 08:45:52.719] [nas] [info] UE switches to state [CM-CONNECTED]
[2023-01-10 08:45:52.736] [nas] [debug] Authentication Request received
[2023-01-10 08:45:52.736] [nas] [debug] Sending Authentication Failure due to SQN out of range
[2023-01-10 08:45:52.749] [nas] [debug] Authentication Request received
[2023-01-10 08:45:52.758] [nas] [debug] Security Mode Command received
[2023-01-10 08:45:52.758] [nas] [debug] Selected integrity[2] ciphering[0]
[2023-01-10 08:45:52.794] [nas] [debug] Registration accept received
[2023-01-10 08:45:52.794] [nas] [info] UE switches to state [MM-REGISTERED/NORMAL-SERVICE]
[2023-01-10 08:45:52.794] [nas] [debug] Sending Registration Complete
[2023-01-10 08:45:52.794] [nas] [info] Initial Registration is successful
[2023-01-10 08:45:52.794] [nas] [debug] Sending PDU Session Establishment Request
[2023-01-10 08:45:52.794] [nas] [debug] UAC access attempt is allowed for identity[0], category[MO_sig]
[2023-01-10 08:45:53.045] [nas] [debug] PDU Session Establishment Accept received
[2023-01-10 08:45:53.045] [nas] [info] PDU Session establishment is successful PSI[1]
[2023-01-10 08:45:53.064] [app] [info] Connection setup for PDU session[1] is successful, TUN interface[uesimtun89, 10.60.0.94] is up.
[2023-01-10 08:46:15.417] [nas] [debug] De-registration required due to [NORMAL]
[2023-01-10 08:46:15.425] [nas] [debug] Starting de-registration procedure due to [NORMAL]
[2023-01-10 08:46:15.425] [nas] [debug] Performing local release of PDU session[1]
[2023-01-10 08:46:15.425] [nas] [info] UE switches to state [MM-DEREGISTER-INITIATED]
[2023-01-10 08:46:15.576] [rrc] [debug] RRC Release received
[2023-01-10 08:46:15.576] [nas] [debug] De-registration accept received
[2023-01-10 08:46:15.576] [nas] [info] UE switches to state [MM-DEREGISTERED/PS]
[2023-01-10 08:46:15.576] [nas] [info] De-registration is successful
[2023-01-10 08:46:15.576] [nas] [info] UE switches to state [CM-IDLE]
[2023-01-10 08:46:15.576] [nas] [info] UE switches to state [MM-DEREGISTERED/NORMAL-SERVICE]
[2023-01-10 08:46:15.576] [nas] [debug] Initial registration required due to [MM-DEREG-NORMAL-SERVICE]
[2023-01-10 08:46:15.576] [nas] [debug] UAC access attempt is allowed for identity[0], category[MO_sig]
[2023-01-10 08:46:15.576] [nas] [debug] Sending Initial Registration
[2023-01-10 08:46:15.576] [nas] [debug] Deleting NAS security context
[2023-01-10 08:46:15.576] [nas] [info] UE switches to state [MM-REGISTER-INITIATED]
[2023-01-10 08:46:15.576] [rrc] [debug] Sending RRC Setup Request
[2023-01-10 08:46:15.576] [rrc] [info] RRC connection established
[2023-01-10 08:46:15.576] [rrc] [info] UE switches to state [RRC-CONNECTED]
[2023-01-10 08:46:15.576] [nas] [info] UE switches to state [CM-CONNECTED]
[2023-01-10 08:46:15.927] [nas] [debug] Authentication Request received
[2023-01-10 08:46:16.050] [nas] [debug] Security Mode Command received
[2023-01-10 08:46:16.050] [nas] [debug] Selected integrity[2] ciphering[0]
[2023-01-10 08:46:16.231] [nas] [debug] Registration accept received
[2023-01-10 08:46:16.231] [nas] [info] UE switches to state [MM-REGISTERED/NORMAL-SERVICE]
[2023-01-10 08:46:16.231] [nas] [debug] Sending Registration Complete
[2023-01-10 08:46:16.231] [nas] [info] Initial Registration is successful
[2023-01-10 08:46:16.231] [nas] [debug] Sending PDU Session Establishment Request
[2023-01-10 08:46:16.231] [nas] [debug] UAC access attempt is allowed for identity[0], category[MO_sig]
[2023-01-10 08:46:16.613] [nas] [debug] PDU Session Establishment Accept received
[2023-01-10 08:46:16.613] [nas] [info] PDU Session establishment is successful PSI[1]
[2023-01-10 08:46:16.973] [app] [info] Connection setup for PDU session[1] is successful, TUN interface[uesimtun31, 10.60.0.114] is up.
[2023-01-10 08:46:18.421] [rrc] [debug] Signal lost for cell[1], total [0] cells in coverage
[2023-01-10 08:46:18.421] [nas] [error] Radio link failure detected
[2023-01-10 08:46:18.421] [nas] [info] UE switches to state [CM-IDLE]
[2023-01-10 08:46:18.421] [nas] [info] UE switches to state [MM-REGISTERED/PS]
[2023-01-10 08:46:18.421] [nas] [info] UE switches to state [MM-REGISTERED/PLMN-SEARCH]
[2023-01-10 08:46:18.421] [nas] [error] PLMN selection failure, no cells in coverage
[2023-01-10 08:46:20.219] [rrc] [warning] Acceptable cell selection failed, no cell is in coverage
[2023-01-10 08:46:20.219] [rrc] [error] Cell selection failure, no suitable or acceptable cell found
[2023-01-10 08:46:21.333] [nas] [error] PLMN selection failure, no cells in coverage
[2023-01-10 08:46:23.535] [nas] [info] UE switches to state [MM-REGISTERED/NO-CELL-AVAILABLE]
[2023-01-10 08:46:50.231] [rrc] [warning] Acceptable cell selection failed, no cell is in coverage
[2023-01-10 08:46:50.231] [rrc] [error] Cell selection failure, no suitable or acceptable cell found
[2023-01-10 08:46:52.161] [nas] [error] PLMN selection failure, no cells in coverage
[2023-01-10 08:47:20.244] [rrc] [warning] Acceptable cell selection failed, no cell is in coverage
[2023-01-10 08:47:20.244] [rrc] [error] Cell selection failure, no suitable or acceptable cell found
[2023-01-10 08:47:22.992] [nas] [error] PLMN selection failure, no cells in coverage
[2023-01-10 08:47:50.256] [rrc] [warning] Acceptable cell selection failed, no cell is in coverage
[2023-01-10 08:47:50.256] [rrc] [error] Cell selection failure, no suitable or acceptable cell found
[2023-01-10 08:47:53.821] [nas] [error] PLMN selection failure, no cells in coverage
[2023-01-10 08:48:16.009] [nas] [debug] De-registration required due to [NORMAL]
[2023-01-10 08:48:20.268] [rrc] [warning] Acceptable cell selection failed, no cell is in coverage
[2023-01-10 08:48:20.268] [rrc] [error] Cell selection failure, no suitable or acceptable cell found
[2023-01-10 08:48:24.649] [nas] [error] PLMN selection failure, no cells in coverage
[2023-01-10 08:48:50.280] [rrc] [warning] Acceptable cell selection failed, no cell is in coverage
[2023-01-10 08:48:50.280] [rrc] [error] Cell selection failure, no suitable or acceptable cell found
[2023-01-10 08:48:55.477] [nas] [error] PLMN selection failure, no cells in coverage
[2023-01-10 08:49:20.292] [rrc] [warning] Acceptable cell selection failed, no cell is in coverage
[2023-01-10 08:49:20.292] [rrc] [error] Cell selection failure, no suitable or acceptable cell found
[2023-01-10 08:49:26.305] [nas] [error] PLMN selection failure, no cells in coverage
[2023-01-10 08:49:50.304] [rrc] [warning] Acceptable cell selection failed, no cell is in coverage
[2023-01-10 08:49:50.304] [rrc] [error] Cell selection failure, no suitable or acceptable cell found
[2023-01-10 08:49:57.134] [nas] [error] PLMN selection failure, no cells in coverage
[2023-01-10 08:50:20.316] [rrc] [warning] Acceptable cell selection failed, no cell is in coverage
[2023-01-10 08:50:20.316] [rrc] [error] Cell selection failure, no suitable or acceptable cell found
[2023-01-10 08:50:27.963] [nas] [error] PLMN selection failure, no cells in coverage
[2023-01-10 08:50:50.329] [rrc] [warning] Acceptable cell selection failed, no cell is in coverage
[2023-01-10 08:50:50.329] [rrc] [error] Cell selection failure, no suitable or acceptable cell found
[2023-01-10 08:50:58.791] [nas] [error] PLMN selection failure, no cells in coverage
[2023-01-10 08:51:20.341] [rrc] [warning] Acceptable cell selection failed, no cell is in coverage
[2023-01-10 08:51:20.341] [rrc] [error] Cell selection failure, no suitable or acceptable cell found
[2023-01-10 08:51:29.619] [nas] [error] PLMN selection failure, no cells in coverage
[2023-01-10 08:51:50.353] [rrc] [warning] Acceptable cell selection failed, no cell is in coverage
[2023-01-10 08:51:50.353] [rrc] [error] Cell selection failure, no suitable or acceptable cell found
[2023-01-10 08:52:00.447] [nas] [error] PLMN selection failure, no cells in coverage
[2023-01-10 08:52:20.366] [rrc] [warning] Acceptable cell selection failed, no cell is in coverage
[2023-01-10 08:52:20.366] [rrc] [error] Cell selection failure, no suitable or acceptable cell found
[2023-01-10 08:52:31.275] [nas] [error] PLMN selection failure, no cells in coverage
[2023-01-10 08:52:50.379] [rrc] [warning] Acceptable cell selection failed, no cell is in coverage
[2023-01-10 08:52:50.379] [rrc] [error] Cell selection failure, no suitable or acceptable cell found
[2023-01-10 08:53:02.103] [nas] [error] PLMN selection failure, no cells in coverage
[2023-01-10 08:53:20.391] [rrc] [warning] Acceptable cell selection failed, no cell is in coverage
[2023-01-10 08:53:20.391] [rrc] [error] Cell selection failure, no suitable or acceptable cell found
[2023-01-10 08:53:32.932] [nas] [error] PLMN selection failure, no cells in coverage
[2023-01-10 08:53:50.403] [rrc] [warning] Acceptable cell selection failed, no cell is in coverage
[2023-01-10 08:53:50.403] [rrc] [error] Cell selection failure, no suitable or acceptable cell found
[2023-01-10 08:54:03.760] [nas] [error] PLMN selection failure, no cells in coverage
[2023-01-10 08:54:20.415] [rrc] [warning] Acceptable cell selection failed, no cell is in coverage
[2023-01-10 08:54:20.415] [rrc] [error] Cell selection failure, no suitable or acceptable cell found
[2023-01-10 08:54:34.589] [nas] [error] PLMN selection failure, no cells in coverage
[2023-01-10 08:54:50.427] [rrc] [warning] Acceptable cell selection failed, no cell is in coverage
[2023-01-10 08:54:50.427] [rrc] [error] Cell selection failure, no suitable or acceptable cell found
[2023-01-10 08:55:05.417] [nas] [error] PLMN selection failure, no cells in coverage
[2023-01-10 08:55:20.439] [rrc] [warning] Acceptable cell selection failed, no cell is in coverage
[2023-01-10 08:55:20.439] [rrc] [error] Cell selection failure, no suitable or acceptable cell found
[2023-01-10 08:55:36.245] [nas] [error] PLMN selection failure, no cells in coverage
[2023-01-10 08:55:50.451] [rrc] [warning] Acceptable cell selection failed, no cell is in coverage
[2023-01-10 08:55:50.451] [rrc] [error] Cell selection failure, no suitable or acceptable cell found
[2023-01-10 08:56:07.073] [nas] [error] PLMN selection failure, no cells in coverage
[2023-01-10 08:56:20.463] [rrc] [warning] Acceptable cell selection failed, no cell is in coverage
[2023-01-10 08:56:20.463] [rrc] [error] Cell selection failure, no suitable or acceptable cell found
[2023-01-10 08:56:37.902] [nas] [error] PLMN selection failure, no cells in coverage
[2023-01-10 08:56:50.476] [rrc] [warning] Acceptable cell selection failed, no cell is in coverage
[2023-01-10 08:56:50.476] [rrc] [error] Cell selection failure, no suitable or acceptable cell found
[2023-01-10 08:57:08.730] [nas] [error] PLMN selection failure, no cells in coverage
[2023-01-10 08:57:20.488] [rrc] [warning] Acceptable cell selection failed, no cell is in coverage
[2023-01-10 08:57:20.488] [rrc] [error] Cell selection failure, no suitable or acceptable cell found
[2023-01-10 08:57:39.558] [nas] [error] PLMN selection failure, no cells in coverage
[2023-01-10 08:57:50.500] [rrc] [warning] Acceptable cell selection failed, no cell is in coverage
[2023-01-10 08:57:50.500] [rrc] [error] Cell selection failure, no suitable or acceptable cell found
[2023-01-10 08:58:10.387] [nas] [error] PLMN selection failure, no cells in coverage
[2023-01-10 08:58:20.513] [rrc] [warning] Acceptable cell selection failed, no cell is in coverage
[2023-01-10 08:58:20.513] [rrc] [error] Cell selection failure, no suitable or acceptable cell found
[2023-01-10 08:58:41.216] [nas] [error] PLMN selection failure, no cells in coverage
[2023-01-10 08:58:50.526] [rrc] [warning] Acceptable cell selection failed, no cell is in coverage
[2023-01-10 08:58:50.526] [rrc] [error] Cell selection failure, no suitable or acceptable cell found
[2023-01-10 08:59:12.044] [nas] [error] PLMN selection failure, no cells in coverage
[2023-01-10 08:59:20.538] [rrc] [warning] Acceptable cell selection failed, no cell is in coverage
[2023-01-10 08:59:20.538] [rrc] [error] Cell selection failure, no suitable or acceptable cell found
[2023-01-10 08:59:42.872] [nas] [error] PLMN selection failure, no cells in coverage
[2023-01-10 08:59:50.550] [rrc] [warning] Acceptable cell selection failed, no cell is in coverage
[2023-01-10 08:59:50.550] [rrc] [error] Cell selection failure, no suitable or acceptable cell found
[2023-01-10 09:00:13.700] [nas] [error] PLMN selection failure, no cells in coverage
[2023-01-10 09:00:20.562] [rrc] [warning] Acceptable cell selection failed, no cell is in coverage
[2023-01-10 09:00:20.562] [rrc] [error] Cell selection failure, no suitable or acceptable cell found
[2023-01-10 09:00:44.528] [nas] [error] PLMN selection failure, no cells in coverage
[2023-01-10 09:00:50.574] [rrc] [warning] Acceptable cell selection failed, no cell is in coverage
[2023-01-10 09:00:50.574] [rrc] [error] Cell selection failure, no suitable or acceptable cell found
[2023-01-10 09:01:15.357] [nas] [error] PLMN selection failure, no cells in coverage
[2023-01-10 09:01:20.586] [rrc] [warning] Acceptable cell selection failed, no cell is in coverage
[2023-01-10 09:01:20.586] [rrc] [error] Cell selection failure, no suitable or acceptable cell found
[2023-01-10 09:01:46.186] [nas] [error] PLMN selection failure, no cells in coverage
[2023-01-10 09:01:50.598] [rrc] [warning] Acceptable cell selection failed, no cell is in coverage
[2023-01-10 09:01:50.598] [rrc] [error] Cell selection failure, no suitable or acceptable cell found
[2023-01-10 09:02:17.014] [nas] [error] PLMN selection failure, no cells in coverage
[2023-01-10 09:02:20.610] [rrc] [warning] Acceptable cell selection failed, no cell is in coverage
[2023-01-10 09:02:20.610] [rrc] [error] Cell selection failure, no suitable or acceptable cell found
[2023-01-10 09:02:47.842] [nas] [error] PLMN selection failure, no cells in coverage
[2023-01-10 09:02:50.622] [rrc] [warning] Acceptable cell selection failed, no cell is in coverage
[2023-01-10 09:02:50.622] [rrc] [error] Cell selection failure, no suitable or acceptable cell found
[2023-01-10 09:03:18.670] [nas] [error] PLMN selection failure, no cells in coverage
[2023-01-10 09:03:20.634] [rrc] [warning] Acceptable cell selection failed, no cell is in coverage
[2023-01-10 09:03:20.634] [rrc] [error] Cell selection failure, no suitable or acceptable cell found
[2023-01-10 09:03:49.498] [nas] [error] PLMN selection failure, no cells in coverage
[2023-01-10 09:03:50.646] [rrc] [warning] Acceptable cell selection failed, no cell is in coverage
[2023-01-10 09:03:50.646] [rrc] [error] Cell selection failure, no suitable or acceptable cell found
[2023-01-10 09:04:20.326] [nas] [error] PLMN selection failure, no cells in coverage
[2023-01-10 09:04:20.658] [rrc] [warning] Acceptable cell selection failed, no cell is in coverage
[2023-01-10 09:04:20.658] [rrc] [error] Cell selection failure, no suitable or acceptable cell found
[2023-01-10 09:04:50.670] [rrc] [warning] Acceptable cell selection failed, no cell is in coverage
[2023-01-10 09:04:50.670] [rrc] [error] Cell selection failure, no suitable or acceptable cell found
[2023-01-10 09:04:51.155] [nas] [error] PLMN selection failure, no cells in coverage
[2023-01-10 09:05:20.682] [rrc] [warning] Acceptable cell selection failed, no cell is in coverage
[2023-01-10 09:05:20.682] [rrc] [error] Cell selection failure, no suitable or acceptable cell found
[2023-01-10 09:05:21.983] [nas] [error] PLMN selection failure, no cells in coverage
[2023-01-10 09:05:50.694] [rrc] [warning] Acceptable cell selection failed, no cell is in coverage
[2023-01-10 09:05:50.694] [rrc] [error] Cell selection failure, no suitable or acceptable cell found
[2023-01-10 09:05:52.811] [nas] [error] PLMN selection failure, no cells in coverage
[2023-01-10 09:06:20.706] [rrc] [warning] Acceptable cell selection failed, no cell is in coverage
[2023-01-10 09:06:20.706] [rrc] [error] Cell selection failure, no suitable or acceptable cell found
[2023-01-10 09:06:23.639] [nas] [error] PLMN selection failure, no cells in coverage
[2023-01-10 09:06:50.719] [rrc] [warning] Acceptable cell selection failed, no cell is in coverage
[2023-01-10 09:06:50.719] [rrc] [error] Cell selection failure, no suitable or acceptable cell found
[2023-01-10 09:06:54.467] [nas] [error] PLMN selection failure, no cells in coverage
