UERANSIM v3.2.6
[2023-01-10 08:45:28.681] [nas] [info] UE switches to state [MM-DEREGISTERED/PLMN-SEARCH]
[2023-01-10 08:45:28.689] [rrc] [debug] New signal detected for cell[1], total [1] cells in coverage
[2023-01-10 08:45:28.690] [nas] [info] Selected plmn[208/93]
[2023-01-10 08:45:28.690] [rrc] [info] Selected cell plmn[208/93] tac[1] category[SUITABLE]
[2023-01-10 08:45:28.690] [nas] [info] UE switches to state [MM-DEREGISTERED/PS]
[2023-01-10 08:45:28.690] [nas] [info] UE switches to state [MM-DEREGISTERED/NORMAL-SERVICE]
[2023-01-10 08:45:28.690] [nas] [debug] Initial registration required due to [MM-DEREG-NORMAL-SERVICE]
[2023-01-10 08:45:28.690] [nas] [debug] UAC access attempt is allowed for identity[0], category[MO_sig]
[2023-01-10 08:45:28.690] [nas] [debug] Sending Initial Registration
[2023-01-10 08:45:28.690] [nas] [info] UE switches to state [MM-REGISTER-INITIATED]
[2023-01-10 08:45:28.690] [rrc] [debug] Sending RRC Setup Request
[2023-01-10 08:45:28.691] [rrc] [info] RRC connection established
[2023-01-10 08:45:28.691] [rrc] [info] UE switches to state [RRC-CONNECTED]
[2023-01-10 08:45:28.691] [nas] [info] UE switches to state [CM-CONNECTED]
[2023-01-10 08:45:28.712] [nas] [debug] Authentication Request received
[2023-01-10 08:45:28.719] [nas] [debug] Security Mode Command received
[2023-01-10 08:45:28.719] [nas] [debug] Selected integrity[2] ciphering[0]
[2023-01-10 08:45:28.751] [nas] [debug] Registration accept received
[2023-01-10 08:45:28.751] [nas] [info] UE switches to state [MM-REGISTERED/NORMAL-SERVICE]
[2023-01-10 08:45:28.751] [nas] [debug] Sending Registration Complete
[2023-01-10 08:45:28.751] [nas] [info] Initial Registration is successful
[2023-01-10 08:45:28.751] [nas] [debug] Sending PDU Session Establishment Request
[2023-01-10 08:45:28.753] [nas] [debug] UAC access attempt is allowed for identity[0], category[MO_sig]
[2023-01-10 08:45:28.988] [nas] [debug] PDU Session Establishment Accept received
[2023-01-10 08:45:28.988] [nas] [info] PDU Session establishment is successful PSI[1]
[2023-01-10 08:45:29.012] [app] [info] Connection setup for PDU session[1] is successful, TUN interface[uesimtun77, 10.60.0.82] is up.
[2023-01-10 08:46:14.795] [nas] [debug] Sending PDU Session Release Request for PSI[1]
[2023-01-10 08:46:15.018] [nas] [debug] PDU Session Release Command received
[2023-01-10 08:46:15.018] [nas] [debug] Performing local release of PDU session[1]
[2023-01-10 08:46:15.367] [nas] [debug] De-registration required due to [NORMAL]
[2023-01-10 08:46:15.377] [nas] [debug] Starting de-registration procedure due to [NORMAL]
[2023-01-10 08:46:15.377] [nas] [info] UE switches to state [MM-DEREGISTER-INITIATED]
[2023-01-10 08:46:15.561] [rrc] [debug] RRC Release received
[2023-01-10 08:46:15.562] [nas] [debug] De-registration accept received
[2023-01-10 08:46:15.562] [nas] [info] UE switches to state [MM-DEREGISTERED/PS]
[2023-01-10 08:46:15.562] [nas] [info] De-registration is successful
[2023-01-10 08:46:15.562] [nas] [info] UE switches to state [CM-IDLE]
[2023-01-10 08:46:15.562] [nas] [info] UE switches to state [MM-DEREGISTERED/NORMAL-SERVICE]
[2023-01-10 08:46:15.562] [nas] [debug] Initial registration required due to [MM-DEREG-NORMAL-SERVICE]
[2023-01-10 08:46:15.562] [nas] [debug] UAC access attempt is allowed for identity[0], category[MO_sig]
[2023-01-10 08:46:15.562] [nas] [debug] Sending Initial Registration
[2023-01-10 08:46:15.562] [nas] [debug] Deleting NAS security context
[2023-01-10 08:46:15.562] [nas] [info] UE switches to state [MM-REGISTER-INITIATED]
[2023-01-10 08:46:15.562] [rrc] [debug] Sending RRC Setup Request
[2023-01-10 08:46:15.563] [rrc] [info] RRC connection established
[2023-01-10 08:46:15.564] [rrc] [info] UE switches to state [RRC-CONNECTED]
[2023-01-10 08:46:15.564] [nas] [info] UE switches to state [CM-CONNECTED]
[2023-01-10 08:46:15.879] [nas] [debug] Authentication Request received
[2023-01-10 08:46:16.028] [nas] [debug] Security Mode Command received
[2023-01-10 08:46:16.028] [nas] [debug] Selected integrity[2] ciphering[0]
[2023-01-10 08:46:16.198] [nas] [debug] Registration accept received
[2023-01-10 08:46:16.198] [nas] [info] UE switches to state [MM-REGISTERED/NORMAL-SERVICE]
[2023-01-10 08:46:16.198] [nas] [debug] Sending Registration Complete
[2023-01-10 08:46:16.198] [nas] [info] Initial Registration is successful
[2023-01-10 08:46:16.198] [nas] [debug] Sending PDU Session Establishment Request
[2023-01-10 08:46:16.198] [nas] [debug] UAC access attempt is allowed for identity[0], category[MO_sig]
[2023-01-10 08:46:16.520] [nas] [debug] PDU Session Establishment Accept received
[2023-01-10 08:46:16.520] [nas] [info] PDU Session establishment is successful PSI[1]
[2023-01-10 08:46:16.965] [app] [info] Connection setup for PDU session[1] is successful, TUN interface[uesimtun26, 10.60.0.113] is up.
[2023-01-10 08:46:18.533] [rrc] [debug] Signal lost for cell[1], total [0] cells in coverage
[2023-01-10 08:46:18.533] [nas] [error] Radio link failure detected
[2023-01-10 08:46:18.533] [nas] [info] UE switches to state [CM-IDLE]
[2023-01-10 08:46:18.533] [nas] [info] UE switches to state [MM-REGISTERED/PS]
[2023-01-10 08:46:18.533] [nas] [info] UE switches to state [MM-REGISTERED/PLMN-SEARCH]
[2023-01-10 08:46:18.533] [nas] [error] PLMN selection failure, no cells in coverage
[2023-01-10 08:46:18.701] [rrc] [warning] Acceptable cell selection failed, no cell is in coverage
[2023-01-10 08:46:18.701] [rrc] [error] Cell selection failure, no suitable or acceptable cell found
[2023-01-10 08:46:21.529] [nas] [error] PLMN selection failure, no cells in coverage
[2023-01-10 08:46:23.731] [nas] [info] UE switches to state [MM-REGISTERED/NO-CELL-AVAILABLE]
[2023-01-10 08:46:48.715] [rrc] [warning] Acceptable cell selection failed, no cell is in coverage
[2023-01-10 08:46:48.715] [rrc] [error] Cell selection failure, no suitable or acceptable cell found
[2023-01-10 08:46:52.357] [nas] [error] PLMN selection failure, no cells in coverage
[2023-01-10 08:47:18.728] [rrc] [warning] Acceptable cell selection failed, no cell is in coverage
[2023-01-10 08:47:18.728] [rrc] [error] Cell selection failure, no suitable or acceptable cell found
[2023-01-10 08:47:23.185] [nas] [error] PLMN selection failure, no cells in coverage
[2023-01-10 08:47:48.740] [rrc] [warning] Acceptable cell selection failed, no cell is in coverage
[2023-01-10 08:47:48.740] [rrc] [error] Cell selection failure, no suitable or acceptable cell found
[2023-01-10 08:47:54.013] [nas] [error] PLMN selection failure, no cells in coverage
[2023-01-10 08:48:15.639] [nas] [debug] De-registration required due to [NORMAL]
[2023-01-10 08:48:18.752] [rrc] [warning] Acceptable cell selection failed, no cell is in coverage
[2023-01-10 08:48:18.752] [rrc] [error] Cell selection failure, no suitable or acceptable cell found
[2023-01-10 08:48:24.841] [nas] [error] PLMN selection failure, no cells in coverage
[2023-01-10 08:48:48.764] [rrc] [warning] Acceptable cell selection failed, no cell is in coverage
[2023-01-10 08:48:48.764] [rrc] [error] Cell selection failure, no suitable or acceptable cell found
[2023-01-10 08:48:55.669] [nas] [error] PLMN selection failure, no cells in coverage
[2023-01-10 08:49:18.776] [rrc] [warning] Acceptable cell selection failed, no cell is in coverage
[2023-01-10 08:49:18.776] [rrc] [error] Cell selection failure, no suitable or acceptable cell found
[2023-01-10 08:49:26.497] [nas] [error] PLMN selection failure, no cells in coverage
[2023-01-10 08:49:48.788] [rrc] [warning] Acceptable cell selection failed, no cell is in coverage
[2023-01-10 08:49:48.788] [rrc] [error] Cell selection failure, no suitable or acceptable cell found
[2023-01-10 08:49:57.325] [nas] [error] PLMN selection failure, no cells in coverage
[2023-01-10 08:50:18.800] [rrc] [warning] Acceptable cell selection failed, no cell is in coverage
[2023-01-10 08:50:18.800] [rrc] [error] Cell selection failure, no suitable or acceptable cell found
[2023-01-10 08:50:28.154] [nas] [error] PLMN selection failure, no cells in coverage
[2023-01-10 08:50:48.812] [rrc] [warning] Acceptable cell selection failed, no cell is in coverage
[2023-01-10 08:50:48.812] [rrc] [error] Cell selection failure, no suitable or acceptable cell found
[2023-01-10 08:50:58.982] [nas] [error] PLMN selection failure, no cells in coverage
[2023-01-10 08:51:18.824] [rrc] [warning] Acceptable cell selection failed, no cell is in coverage
[2023-01-10 08:51:18.824] [rrc] [error] Cell selection failure, no suitable or acceptable cell found
[2023-01-10 08:51:29.810] [nas] [error] PLMN selection failure, no cells in coverage
[2023-01-10 08:51:48.836] [rrc] [warning] Acceptable cell selection failed, no cell is in coverage
[2023-01-10 08:51:48.836] [rrc] [error] Cell selection failure, no suitable or acceptable cell found
[2023-01-10 08:52:00.638] [nas] [error] PLMN selection failure, no cells in coverage
[2023-01-10 08:52:18.848] [rrc] [warning] Acceptable cell selection failed, no cell is in coverage
[2023-01-10 08:52:18.848] [rrc] [error] Cell selection failure, no suitable or acceptable cell found
[2023-01-10 08:52:31.466] [nas] [error] PLMN selection failure, no cells in coverage
[2023-01-10 08:52:48.860] [rrc] [warning] Acceptable cell selection failed, no cell is in coverage
[2023-01-10 08:52:48.860] [rrc] [error] Cell selection failure, no suitable or acceptable cell found
[2023-01-10 08:53:02.294] [nas] [error] PLMN selection failure, no cells in coverage
[2023-01-10 08:53:18.872] [rrc] [warning] Acceptable cell selection failed, no cell is in coverage
[2023-01-10 08:53:18.872] [rrc] [error] Cell selection failure, no suitable or acceptable cell found
[2023-01-10 08:53:33.122] [nas] [error] PLMN selection failure, no cells in coverage
[2023-01-10 08:53:48.884] [rrc] [warning] Acceptable cell selection failed, no cell is in coverage
[2023-01-10 08:53:48.884] [rrc] [error] Cell selection failure, no suitable or acceptable cell found
[2023-01-10 08:54:03.950] [nas] [error] PLMN selection failure, no cells in coverage
[2023-01-10 08:54:18.896] [rrc] [warning] Acceptable cell selection failed, no cell is in coverage
[2023-01-10 08:54:18.896] [rrc] [error] Cell selection failure, no suitable or acceptable cell found
[2023-01-10 08:54:34.778] [nas] [error] PLMN selection failure, no cells in coverage
[2023-01-10 08:54:48.908] [rrc] [warning] Acceptable cell selection failed, no cell is in coverage
[2023-01-10 08:54:48.908] [rrc] [error] Cell selection failure, no suitable or acceptable cell found
[2023-01-10 08:55:05.607] [nas] [error] PLMN selection failure, no cells in coverage
[2023-01-10 08:55:18.920] [rrc] [warning] Acceptable cell selection failed, no cell is in coverage
[2023-01-10 08:55:18.920] [rrc] [error] Cell selection failure, no suitable or acceptable cell found
[2023-01-10 08:55:36.436] [nas] [error] PLMN selection failure, no cells in coverage
[2023-01-10 08:55:48.932] [rrc] [warning] Acceptable cell selection failed, no cell is in coverage
[2023-01-10 08:55:48.932] [rrc] [error] Cell selection failure, no suitable or acceptable cell found
[2023-01-10 08:56:07.264] [nas] [error] PLMN selection failure, no cells in coverage
[2023-01-10 08:56:18.944] [rrc] [warning] Acceptable cell selection failed, no cell is in coverage
[2023-01-10 08:56:18.944] [rrc] [error] Cell selection failure, no suitable or acceptable cell found
[2023-01-10 08:56:38.092] [nas] [error] PLMN selection failure, no cells in coverage
[2023-01-10 08:56:48.956] [rrc] [warning] Acceptable cell selection failed, no cell is in coverage
[2023-01-10 08:56:48.956] [rrc] [error] Cell selection failure, no suitable or acceptable cell found
[2023-01-10 08:57:08.921] [nas] [error] PLMN selection failure, no cells in coverage
[2023-01-10 08:57:18.968] [rrc] [warning] Acceptable cell selection failed, no cell is in coverage
[2023-01-10 08:57:18.968] [rrc] [error] Cell selection failure, no suitable or acceptable cell found
[2023-01-10 08:57:39.750] [nas] [error] PLMN selection failure, no cells in coverage
[2023-01-10 08:57:48.980] [rrc] [warning] Acceptable cell selection failed, no cell is in coverage
[2023-01-10 08:57:48.980] [rrc] [error] Cell selection failure, no suitable or acceptable cell found
[2023-01-10 08:58:10.578] [nas] [error] PLMN selection failure, no cells in coverage
[2023-01-10 08:58:18.992] [rrc] [warning] Acceptable cell selection failed, no cell is in coverage
[2023-01-10 08:58:18.992] [rrc] [error] Cell selection failure, no suitable or acceptable cell found
[2023-01-10 08:58:41.406] [nas] [error] PLMN selection failure, no cells in coverage
[2023-01-10 08:58:49.004] [rrc] [warning] Acceptable cell selection failed, no cell is in coverage
[2023-01-10 08:58:49.004] [rrc] [error] Cell selection failure, no suitable or acceptable cell found
[2023-01-10 08:59:12.234] [nas] [error] PLMN selection failure, no cells in coverage
[2023-01-10 08:59:19.016] [rrc] [warning] Acceptable cell selection failed, no cell is in coverage
[2023-01-10 08:59:19.016] [rrc] [error] Cell selection failure, no suitable or acceptable cell found
[2023-01-10 08:59:43.062] [nas] [error] PLMN selection failure, no cells in coverage
[2023-01-10 08:59:49.028] [rrc] [warning] Acceptable cell selection failed, no cell is in coverage
[2023-01-10 08:59:49.028] [rrc] [error] Cell selection failure, no suitable or acceptable cell found
[2023-01-10 09:00:13.890] [nas] [error] PLMN selection failure, no cells in coverage
[2023-01-10 09:00:19.040] [rrc] [warning] Acceptable cell selection failed, no cell is in coverage
[2023-01-10 09:00:19.040] [rrc] [error] Cell selection failure, no suitable or acceptable cell found
[2023-01-10 09:00:44.718] [nas] [error] PLMN selection failure, no cells in coverage
[2023-01-10 09:00:49.052] [rrc] [warning] Acceptable cell selection failed, no cell is in coverage
[2023-01-10 09:00:49.052] [rrc] [error] Cell selection failure, no suitable or acceptable cell found
[2023-01-10 09:01:15.546] [nas] [error] PLMN selection failure, no cells in coverage
[2023-01-10 09:01:19.064] [rrc] [warning] Acceptable cell selection failed, no cell is in coverage
[2023-01-10 09:01:19.064] [rrc] [error] Cell selection failure, no suitable or acceptable cell found
[2023-01-10 09:01:46.375] [nas] [error] PLMN selection failure, no cells in coverage
[2023-01-10 09:01:49.077] [rrc] [warning] Acceptable cell selection failed, no cell is in coverage
[2023-01-10 09:01:49.077] [rrc] [error] Cell selection failure, no suitable or acceptable cell found
[2023-01-10 09:02:17.203] [nas] [error] PLMN selection failure, no cells in coverage
[2023-01-10 09:02:19.089] [rrc] [warning] Acceptable cell selection failed, no cell is in coverage
[2023-01-10 09:02:19.089] [rrc] [error] Cell selection failure, no suitable or acceptable cell found
[2023-01-10 09:02:48.031] [nas] [error] PLMN selection failure, no cells in coverage
[2023-01-10 09:02:49.101] [rrc] [warning] Acceptable cell selection failed, no cell is in coverage
[2023-01-10 09:02:49.101] [rrc] [error] Cell selection failure, no suitable or acceptable cell found
[2023-01-10 09:03:18.860] [nas] [error] PLMN selection failure, no cells in coverage
[2023-01-10 09:03:19.113] [rrc] [warning] Acceptable cell selection failed, no cell is in coverage
[2023-01-10 09:03:19.113] [rrc] [error] Cell selection failure, no suitable or acceptable cell found
[2023-01-10 09:03:49.125] [rrc] [warning] Acceptable cell selection failed, no cell is in coverage
[2023-01-10 09:03:49.125] [rrc] [error] Cell selection failure, no suitable or acceptable cell found
[2023-01-10 09:03:49.689] [nas] [error] PLMN selection failure, no cells in coverage
[2023-01-10 09:04:19.137] [rrc] [warning] Acceptable cell selection failed, no cell is in coverage
[2023-01-10 09:04:19.137] [rrc] [error] Cell selection failure, no suitable or acceptable cell found
[2023-01-10 09:04:20.517] [nas] [error] PLMN selection failure, no cells in coverage
[2023-01-10 09:04:49.149] [rrc] [warning] Acceptable cell selection failed, no cell is in coverage
[2023-01-10 09:04:49.149] [rrc] [error] Cell selection failure, no suitable or acceptable cell found
[2023-01-10 09:04:51.345] [nas] [error] PLMN selection failure, no cells in coverage
[2023-01-10 09:05:19.161] [rrc] [warning] Acceptable cell selection failed, no cell is in coverage
[2023-01-10 09:05:19.161] [rrc] [error] Cell selection failure, no suitable or acceptable cell found
[2023-01-10 09:05:22.173] [nas] [error] PLMN selection failure, no cells in coverage
[2023-01-10 09:05:49.173] [rrc] [warning] Acceptable cell selection failed, no cell is in coverage
[2023-01-10 09:05:49.173] [rrc] [error] Cell selection failure, no suitable or acceptable cell found
[2023-01-10 09:05:53.001] [nas] [error] PLMN selection failure, no cells in coverage
[2023-01-10 09:06:19.185] [rrc] [warning] Acceptable cell selection failed, no cell is in coverage
[2023-01-10 09:06:19.185] [rrc] [error] Cell selection failure, no suitable or acceptable cell found
[2023-01-10 09:06:23.829] [nas] [error] PLMN selection failure, no cells in coverage
[2023-01-10 09:06:49.197] [rrc] [warning] Acceptable cell selection failed, no cell is in coverage
[2023-01-10 09:06:49.197] [rrc] [error] Cell selection failure, no suitable or acceptable cell found
[2023-01-10 09:06:54.657] [nas] [error] PLMN selection failure, no cells in coverage
