UERANSIM v3.2.6
[2023-01-10 08:45:24.676] [nas] [info] UE switches to state [MM-DEREGISTERED/PLMN-SEARCH]
[2023-01-10 08:45:24.677] [rrc] [debug] New signal detected for cell[1], total [1] cells in coverage
[2023-01-10 08:45:24.684] [nas] [info] Selected plmn[208/93]
[2023-01-10 08:45:27.177] [rrc] [info] Selected cell plmn[208/93] tac[1] category[SUITABLE]
[2023-01-10 08:45:27.177] [nas] [info] UE switches to state [MM-DEREGISTERED/PS]
[2023-01-10 08:45:27.177] [nas] [info] UE switches to state [MM-DEREGISTERED/NORMAL-SERVICE]
[2023-01-10 08:45:27.177] [nas] [debug] Initial registration required due to [MM-DEREG-NORMAL-SERVICE]
[2023-01-10 08:45:27.178] [nas] [debug] UAC access attempt is allowed for identity[0], category[MO_sig]
[2023-01-10 08:45:27.178] [nas] [debug] Sending Initial Registration
[2023-01-10 08:45:27.178] [nas] [info] UE switches to state [MM-REGISTER-INITIATED]
[2023-01-10 08:45:27.178] [rrc] [debug] Sending RRC Setup Request
[2023-01-10 08:45:27.179] [rrc] [info] RRC connection established
[2023-01-10 08:45:27.179] [rrc] [info] UE switches to state [RRC-CONNECTED]
[2023-01-10 08:45:27.179] [nas] [info] UE switches to state [CM-CONNECTED]
[2023-01-10 08:45:27.217] [nas] [debug] Authentication Request received
[2023-01-10 08:45:27.217] [nas] [debug] Sending Authentication Failure due to SQN out of range
[2023-01-10 08:45:27.233] [nas] [debug] Authentication Request received
[2023-01-10 08:45:27.242] [nas] [debug] Security Mode Command received
[2023-01-10 08:45:27.242] [nas] [debug] Selected integrity[2] ciphering[0]
[2023-01-10 08:45:27.277] [nas] [debug] Registration accept received
[2023-01-10 08:45:27.277] [nas] [info] UE switches to state [MM-REGISTERED/NORMAL-SERVICE]
[2023-01-10 08:45:27.277] [nas] [debug] Sending Registration Complete
[2023-01-10 08:45:27.277] [nas] [info] Initial Registration is successful
[2023-01-10 08:45:27.277] [nas] [debug] Sending PDU Session Establishment Request
[2023-01-10 08:45:27.278] [nas] [debug] UAC access attempt is allowed for identity[0], category[MO_sig]
[2023-01-10 08:45:27.518] [nas] [debug] PDU Session Establishment Accept received
[2023-01-10 08:45:27.518] [nas] [info] PDU Session establishment is successful PSI[1]
[2023-01-10 08:45:27.536] [app] [info] Connection setup for PDU session[1] is successful, TUN interface[uesimtun76, 10.60.0.81] is up.
[2023-01-10 08:46:18.108] [rrc] [debug] Signal lost for cell[1], total [0] cells in coverage
[2023-01-10 08:46:18.108] [nas] [error] Radio link failure detected
[2023-01-10 08:46:18.108] [nas] [info] UE switches to state [CM-IDLE]
[2023-01-10 08:46:18.108] [nas] [info] UE switches to state [MM-REGISTERED/PS]
[2023-01-10 08:46:18.108] [nas] [info] UE switches to state [MM-REGISTERED/PLMN-SEARCH]
[2023-01-10 08:46:18.108] [nas] [error] PLMN selection failure, no cells in coverage
[2023-01-10 08:46:18.371] [nas] [debug] Sending PDU Session Release Request for PSI[1]
[2023-01-10 08:46:18.371] [nas] [debug] NAS Transport aborted, no active cell
[2023-01-10 08:46:19.699] [rrc] [warning] Acceptable cell selection failed, no cell is in coverage
[2023-01-10 08:46:19.699] [rrc] [error] Cell selection failure, no suitable or acceptable cell found
[2023-01-10 08:46:20.832] [nas] [error] PLMN selection failure, no cells in coverage
[2023-01-10 08:46:23.034] [nas] [error] PLMN selection failure, no cells in coverage
[2023-01-10 08:46:24.135] [nas] [info] UE switches to state [MM-REGISTERED/NO-CELL-AVAILABLE]
[2023-01-10 08:46:34.751] [nas] [warning] Retransmitting PDU Session Release Request due to T3582 expiry
[2023-01-10 08:46:34.751] [nas] [debug] NAS Transport aborted, no active cell
[2023-01-10 08:46:49.711] [rrc] [warning] Acceptable cell selection failed, no cell is in coverage
[2023-01-10 08:46:49.711] [rrc] [error] Cell selection failure, no suitable or acceptable cell found
[2023-01-10 08:46:50.767] [nas] [warning] Retransmitting PDU Session Release Request due to T3582 expiry
[2023-01-10 08:46:50.767] [nas] [debug] NAS Transport aborted, no active cell
[2023-01-10 08:46:53.862] [nas] [error] PLMN selection failure, no cells in coverage
[2023-01-10 08:47:06.784] [nas] [warning] Retransmitting PDU Session Release Request due to T3582 expiry
[2023-01-10 08:47:06.784] [nas] [debug] NAS Transport aborted, no active cell
[2023-01-10 08:47:19.723] [rrc] [warning] Acceptable cell selection failed, no cell is in coverage
[2023-01-10 08:47:19.723] [rrc] [error] Cell selection failure, no suitable or acceptable cell found
[2023-01-10 08:47:22.800] [nas] [warning] Retransmitting PDU Session Release Request due to T3582 expiry
[2023-01-10 08:47:22.800] [nas] [debug] NAS Transport aborted, no active cell
[2023-01-10 08:47:24.690] [nas] [error] PLMN selection failure, no cells in coverage
[2023-01-10 08:47:38.817] [nas] [error] PDU Session Release procedure failure, no response from the network after 5 attempts
[2023-01-10 08:47:38.817] [nas] [debug] Aborting SM procedure for PTI[1], PSI[1]
[2023-01-10 08:47:38.817] [nas] [debug] Performing local release of PDU session[1]
[2023-01-10 08:47:38.817] [nas] [debug] Mobility registration updating required due to [PS-STATUS-INFORM]
[2023-01-10 08:47:49.736] [rrc] [warning] Acceptable cell selection failed, no cell is in coverage
[2023-01-10 08:47:49.736] [rrc] [error] Cell selection failure, no suitable or acceptable cell found
[2023-01-10 08:47:55.519] [nas] [error] PLMN selection failure, no cells in coverage
[2023-01-10 08:48:18.664] [nas] [debug] De-registration required due to [NORMAL]
[2023-01-10 08:48:19.748] [rrc] [warning] Acceptable cell selection failed, no cell is in coverage
[2023-01-10 08:48:19.748] [rrc] [error] Cell selection failure, no suitable or acceptable cell found
[2023-01-10 08:48:26.348] [nas] [error] PLMN selection failure, no cells in coverage
[2023-01-10 08:48:49.760] [rrc] [warning] Acceptable cell selection failed, no cell is in coverage
[2023-01-10 08:48:49.760] [rrc] [error] Cell selection failure, no suitable or acceptable cell found
[2023-01-10 08:48:57.176] [nas] [error] PLMN selection failure, no cells in coverage
[2023-01-10 08:49:19.772] [rrc] [warning] Acceptable cell selection failed, no cell is in coverage
[2023-01-10 08:49:19.772] [rrc] [error] Cell selection failure, no suitable or acceptable cell found
[2023-01-10 08:49:28.004] [nas] [error] PLMN selection failure, no cells in coverage
[2023-01-10 08:49:49.784] [rrc] [warning] Acceptable cell selection failed, no cell is in coverage
[2023-01-10 08:49:49.784] [rrc] [error] Cell selection failure, no suitable or acceptable cell found
[2023-01-10 08:49:58.832] [nas] [error] PLMN selection failure, no cells in coverage
[2023-01-10 08:50:19.796] [rrc] [warning] Acceptable cell selection failed, no cell is in coverage
[2023-01-10 08:50:19.796] [rrc] [error] Cell selection failure, no suitable or acceptable cell found
[2023-01-10 08:50:29.660] [nas] [error] PLMN selection failure, no cells in coverage
[2023-01-10 08:50:49.808] [rrc] [warning] Acceptable cell selection failed, no cell is in coverage
[2023-01-10 08:50:49.808] [rrc] [error] Cell selection failure, no suitable or acceptable cell found
[2023-01-10 08:51:00.488] [nas] [error] PLMN selection failure, no cells in coverage
[2023-01-10 08:51:19.820] [rrc] [warning] Acceptable cell selection failed, no cell is in coverage
[2023-01-10 08:51:19.820] [rrc] [error] Cell selection failure, no suitable or acceptable cell found
[2023-01-10 08:51:31.316] [nas] [error] PLMN selection failure, no cells in coverage
[2023-01-10 08:51:49.832] [rrc] [warning] Acceptable cell selection failed, no cell is in coverage
[2023-01-10 08:51:49.832] [rrc] [error] Cell selection failure, no suitable or acceptable cell found
[2023-01-10 08:52:02.144] [nas] [error] PLMN selection failure, no cells in coverage
[2023-01-10 08:52:19.844] [rrc] [warning] Acceptable cell selection failed, no cell is in coverage
[2023-01-10 08:52:19.844] [rrc] [error] Cell selection failure, no suitable or acceptable cell found
[2023-01-10 08:52:32.972] [nas] [error] PLMN selection failure, no cells in coverage
[2023-01-10 08:52:49.856] [rrc] [warning] Acceptable cell selection failed, no cell is in coverage
[2023-01-10 08:52:49.856] [rrc] [error] Cell selection failure, no suitable or acceptable cell found
[2023-01-10 08:53:03.801] [nas] [error] PLMN selection failure, no cells in coverage
[2023-01-10 08:53:19.868] [rrc] [warning] Acceptable cell selection failed, no cell is in coverage
[2023-01-10 08:53:19.868] [rrc] [error] Cell selection failure, no suitable or acceptable cell found
[2023-01-10 08:53:34.629] [nas] [error] PLMN selection failure, no cells in coverage
[2023-01-10 08:53:49.880] [rrc] [warning] Acceptable cell selection failed, no cell is in coverage
[2023-01-10 08:53:49.880] [rrc] [error] Cell selection failure, no suitable or acceptable cell found
[2023-01-10 08:54:05.457] [nas] [error] PLMN selection failure, no cells in coverage
[2023-01-10 08:54:19.892] [rrc] [warning] Acceptable cell selection failed, no cell is in coverage
[2023-01-10 08:54:19.892] [rrc] [error] Cell selection failure, no suitable or acceptable cell found
[2023-01-10 08:54:36.285] [nas] [error] PLMN selection failure, no cells in coverage
[2023-01-10 08:54:49.904] [rrc] [warning] Acceptable cell selection failed, no cell is in coverage
[2023-01-10 08:54:49.904] [rrc] [error] Cell selection failure, no suitable or acceptable cell found
[2023-01-10 08:55:07.113] [nas] [error] PLMN selection failure, no cells in coverage
[2023-01-10 08:55:19.917] [rrc] [warning] Acceptable cell selection failed, no cell is in coverage
[2023-01-10 08:55:19.917] [rrc] [error] Cell selection failure, no suitable or acceptable cell found
[2023-01-10 08:55:37.941] [nas] [error] PLMN selection failure, no cells in coverage
[2023-01-10 08:55:49.929] [rrc] [warning] Acceptable cell selection failed, no cell is in coverage
[2023-01-10 08:55:49.929] [rrc] [error] Cell selection failure, no suitable or acceptable cell found
[2023-01-10 08:56:08.769] [nas] [error] PLMN selection failure, no cells in coverage
[2023-01-10 08:56:19.941] [rrc] [warning] Acceptable cell selection failed, no cell is in coverage
[2023-01-10 08:56:19.941] [rrc] [error] Cell selection failure, no suitable or acceptable cell found
[2023-01-10 08:56:39.598] [nas] [error] PLMN selection failure, no cells in coverage
[2023-01-10 08:56:49.953] [rrc] [warning] Acceptable cell selection failed, no cell is in coverage
[2023-01-10 08:56:49.953] [rrc] [error] Cell selection failure, no suitable or acceptable cell found
[2023-01-10 08:57:10.426] [nas] [error] PLMN selection failure, no cells in coverage
[2023-01-10 08:57:19.965] [rrc] [warning] Acceptable cell selection failed, no cell is in coverage
[2023-01-10 08:57:19.965] [rrc] [error] Cell selection failure, no suitable or acceptable cell found
[2023-01-10 08:57:41.254] [nas] [error] PLMN selection failure, no cells in coverage
[2023-01-10 08:57:49.977] [rrc] [warning] Acceptable cell selection failed, no cell is in coverage
[2023-01-10 08:57:49.977] [rrc] [error] Cell selection failure, no suitable or acceptable cell found
[2023-01-10 08:58:12.083] [nas] [error] PLMN selection failure, no cells in coverage
[2023-01-10 08:58:19.989] [rrc] [warning] Acceptable cell selection failed, no cell is in coverage
[2023-01-10 08:58:19.989] [rrc] [error] Cell selection failure, no suitable or acceptable cell found
[2023-01-10 08:58:42.911] [nas] [error] PLMN selection failure, no cells in coverage
[2023-01-10 08:58:50.001] [rrc] [warning] Acceptable cell selection failed, no cell is in coverage
[2023-01-10 08:58:50.001] [rrc] [error] Cell selection failure, no suitable or acceptable cell found
[2023-01-10 08:59:13.739] [nas] [error] PLMN selection failure, no cells in coverage
[2023-01-10 08:59:20.013] [rrc] [warning] Acceptable cell selection failed, no cell is in coverage
[2023-01-10 08:59:20.013] [rrc] [error] Cell selection failure, no suitable or acceptable cell found
[2023-01-10 08:59:44.567] [nas] [error] PLMN selection failure, no cells in coverage
[2023-01-10 08:59:50.025] [rrc] [warning] Acceptable cell selection failed, no cell is in coverage
[2023-01-10 08:59:50.025] [rrc] [error] Cell selection failure, no suitable or acceptable cell found
[2023-01-10 09:00:15.395] [nas] [error] PLMN selection failure, no cells in coverage
[2023-01-10 09:00:20.037] [rrc] [warning] Acceptable cell selection failed, no cell is in coverage
[2023-01-10 09:00:20.037] [rrc] [error] Cell selection failure, no suitable or acceptable cell found
[2023-01-10 09:00:46.223] [nas] [error] PLMN selection failure, no cells in coverage
[2023-01-10 09:00:50.049] [rrc] [warning] Acceptable cell selection failed, no cell is in coverage
[2023-01-10 09:00:50.049] [rrc] [error] Cell selection failure, no suitable or acceptable cell found
[2023-01-10 09:01:17.051] [nas] [error] PLMN selection failure, no cells in coverage
[2023-01-10 09:01:20.061] [rrc] [warning] Acceptable cell selection failed, no cell is in coverage
[2023-01-10 09:01:20.061] [rrc] [error] Cell selection failure, no suitable or acceptable cell found
[2023-01-10 09:01:47.879] [nas] [error] PLMN selection failure, no cells in coverage
[2023-01-10 09:01:50.074] [rrc] [warning] Acceptable cell selection failed, no cell is in coverage
[2023-01-10 09:01:50.074] [rrc] [error] Cell selection failure, no suitable or acceptable cell found
[2023-01-10 09:02:18.707] [nas] [error] PLMN selection failure, no cells in coverage
[2023-01-10 09:02:20.086] [rrc] [warning] Acceptable cell selection failed, no cell is in coverage
[2023-01-10 09:02:20.086] [rrc] [error] Cell selection failure, no suitable or acceptable cell found
[2023-01-10 09:02:49.535] [nas] [error] PLMN selection failure, no cells in coverage
[2023-01-10 09:02:50.098] [rrc] [warning] Acceptable cell selection failed, no cell is in coverage
[2023-01-10 09:02:50.098] [rrc] [error] Cell selection failure, no suitable or acceptable cell found
[2023-01-10 09:03:20.110] [rrc] [warning] Acceptable cell selection failed, no cell is in coverage
[2023-01-10 09:03:20.110] [rrc] [error] Cell selection failure, no suitable or acceptable cell found
[2023-01-10 09:03:20.363] [nas] [error] PLMN selection failure, no cells in coverage
[2023-01-10 09:03:50.122] [rrc] [warning] Acceptable cell selection failed, no cell is in coverage
[2023-01-10 09:03:50.122] [rrc] [error] Cell selection failure, no suitable or acceptable cell found
[2023-01-10 09:03:51.191] [nas] [error] PLMN selection failure, no cells in coverage
[2023-01-10 09:04:20.134] [rrc] [warning] Acceptable cell selection failed, no cell is in coverage
[2023-01-10 09:04:20.134] [rrc] [error] Cell selection failure, no suitable or acceptable cell found
[2023-01-10 09:04:22.021] [nas] [error] PLMN selection failure, no cells in coverage
[2023-01-10 09:04:50.146] [rrc] [warning] Acceptable cell selection failed, no cell is in coverage
[2023-01-10 09:04:50.146] [rrc] [error] Cell selection failure, no suitable or acceptable cell found
[2023-01-10 09:04:52.849] [nas] [error] PLMN selection failure, no cells in coverage
[2023-01-10 09:05:20.158] [rrc] [warning] Acceptable cell selection failed, no cell is in coverage
[2023-01-10 09:05:20.158] [rrc] [error] Cell selection failure, no suitable or acceptable cell found
[2023-01-10 09:05:23.678] [nas] [error] PLMN selection failure, no cells in coverage
[2023-01-10 09:05:50.170] [rrc] [warning] Acceptable cell selection failed, no cell is in coverage
[2023-01-10 09:05:50.170] [rrc] [error] Cell selection failure, no suitable or acceptable cell found
[2023-01-10 09:05:54.506] [nas] [error] PLMN selection failure, no cells in coverage
[2023-01-10 09:06:20.182] [rrc] [warning] Acceptable cell selection failed, no cell is in coverage
[2023-01-10 09:06:20.182] [rrc] [error] Cell selection failure, no suitable or acceptable cell found
[2023-01-10 09:06:25.334] [nas] [error] PLMN selection failure, no cells in coverage
[2023-01-10 09:06:50.194] [rrc] [warning] Acceptable cell selection failed, no cell is in coverage
[2023-01-10 09:06:50.194] [rrc] [error] Cell selection failure, no suitable or acceptable cell found
