UERANSIM v3.2.6
[2023-01-10 08:45:54.709] [nas] [info] UE switches to state [MM-DEREGISTERED/PLMN-SEARCH]
[2023-01-10 08:45:54.709] [rrc] [debug] New signal detected for cell[1], total [1] cells in coverage
[2023-01-10 08:45:54.715] [nas] [info] Selected plmn[208/93]
[2023-01-10 08:45:54.715] [rrc] [info] Selected cell plmn[208/93] tac[1] category[SUITABLE]
[2023-01-10 08:45:54.715] [nas] [info] UE switches to state [MM-DEREGISTERED/PS]
[2023-01-10 08:45:54.715] [nas] [info] UE switches to state [MM-DEREGISTERED/NORMAL-SERVICE]
[2023-01-10 08:45:54.715] [nas] [debug] Initial registration required due to [MM-DEREG-NORMAL-SERVICE]
[2023-01-10 08:45:54.715] [nas] [debug] UAC access attempt is allowed for identity[0], category[MO_sig]
[2023-01-10 08:45:54.715] [nas] [debug] Sending Initial Registration
[2023-01-10 08:45:54.716] [nas] [info] UE switches to state [MM-REGISTER-INITIATED]
[2023-01-10 08:45:54.716] [rrc] [debug] Sending RRC Setup Request
[2023-01-10 08:45:54.716] [rrc] [info] RRC connection established
[2023-01-10 08:45:54.716] [rrc] [info] UE switches to state [RRC-CONNECTED]
[2023-01-10 08:45:54.716] [nas] [info] UE switches to state [CM-CONNECTED]
[2023-01-10 08:45:54.735] [nas] [debug] Authentication Request received
[2023-01-10 08:45:54.735] [nas] [debug] Sending Authentication Failure due to SQN out of range
[2023-01-10 08:45:54.748] [nas] [debug] Authentication Request received
[2023-01-10 08:45:54.756] [nas] [debug] Security Mode Command received
[2023-01-10 08:45:54.756] [nas] [debug] Selected integrity[2] ciphering[0]
[2023-01-10 08:45:54.782] [nas] [debug] Registration accept received
[2023-01-10 08:45:54.782] [nas] [info] UE switches to state [MM-REGISTERED/NORMAL-SERVICE]
[2023-01-10 08:45:54.782] [nas] [debug] Sending Registration Complete
[2023-01-10 08:45:54.782] [nas] [info] Initial Registration is successful
[2023-01-10 08:45:54.782] [nas] [debug] Sending PDU Session Establishment Request
[2023-01-10 08:45:54.784] [nas] [debug] UAC access attempt is allowed for identity[0], category[MO_sig]
[2023-01-10 08:45:55.033] [nas] [debug] PDU Session Establishment Accept received
[2023-01-10 08:45:55.033] [nas] [info] PDU Session establishment is successful PSI[1]
[2023-01-10 08:45:55.066] [app] [info] Connection setup for PDU session[1] is successful, TUN interface[uesimtun90, 10.60.0.95] is up.
[2023-01-10 08:46:17.917] [nas] [debug] Sending PDU Session Establishment Request
[2023-01-10 08:46:18.055] [nas] [error] No response from RRC from UAC checks, considering access attempt is barred
[2023-01-10 08:46:18.216] [nas] [debug] De-registration required due to [NORMAL]
[2023-01-10 08:46:18.228] [nas] [debug] Starting de-registration procedure due to [NORMAL]
[2023-01-10 08:46:18.228] [nas] [debug] Performing local release of PDU session[1]
[2023-01-10 08:46:18.228] [nas] [info] UE switches to state [MM-DEREGISTER-INITIATED]
[2023-01-10 08:46:18.921] [rrc] [debug] Signal lost for cell[1], total [0] cells in coverage
[2023-01-10 08:46:18.921] [nas] [error] Radio link failure detected
[2023-01-10 08:46:18.921] [nas] [info] UE switches to state [CM-IDLE]
[2023-01-10 08:46:18.921] [nas] [info] UE switches to state [MM-DEREGISTERED/PS]
[2023-01-10 08:46:18.921] [nas] [info] UE switches to state [MM-DEREGISTERED/PLMN-SEARCH]
[2023-01-10 08:46:18.921] [nas] [error] PLMN selection failure, no cells in coverage
[2023-01-10 08:46:19.719] [rrc] [warning] Acceptable cell selection failed, no cell is in coverage
[2023-01-10 08:46:19.719] [rrc] [error] Cell selection failure, no suitable or acceptable cell found
[2023-01-10 08:46:21.133] [nas] [error] PLMN selection failure, no cells in coverage
[2023-01-10 08:46:23.335] [nas] [error] PLMN selection failure, no cells in coverage
[2023-01-10 08:46:24.436] [nas] [info] UE switches to state [MM-DEREGISTERED/NO-CELL-AVAILABLE]
[2023-01-10 08:46:34.753] [nas] [warning] Retransmitting PDU Session Establishment Request due to T3580 expiry
[2023-01-10 08:46:34.753] [nas] [error] UAC access attempt is barred for identity[0], category[MO_sig]
[2023-01-10 08:46:49.731] [rrc] [warning] Acceptable cell selection failed, no cell is in coverage
[2023-01-10 08:46:49.731] [rrc] [error] Cell selection failure, no suitable or acceptable cell found
[2023-01-10 08:46:50.769] [nas] [warning] Retransmitting PDU Session Establishment Request due to T3580 expiry
[2023-01-10 08:46:50.770] [nas] [error] UAC access attempt is barred for identity[0], category[MO_sig]
[2023-01-10 08:46:54.163] [nas] [error] PLMN selection failure, no cells in coverage
[2023-01-10 08:47:06.786] [nas] [warning] Retransmitting PDU Session Establishment Request due to T3580 expiry
[2023-01-10 08:47:06.786] [nas] [error] UAC access attempt is barred for identity[0], category[MO_sig]
[2023-01-10 08:47:19.743] [rrc] [warning] Acceptable cell selection failed, no cell is in coverage
[2023-01-10 08:47:19.743] [rrc] [error] Cell selection failure, no suitable or acceptable cell found
[2023-01-10 08:47:22.802] [nas] [warning] Retransmitting PDU Session Establishment Request due to T3580 expiry
[2023-01-10 08:47:22.805] [nas] [error] UAC access attempt is barred for identity[0], category[MO_sig]
[2023-01-10 08:47:24.991] [nas] [error] PLMN selection failure, no cells in coverage
[2023-01-10 08:47:38.818] [nas] [error] PDU Session Establishment procedure failure, no response from the network after 5 attempts
[2023-01-10 08:47:38.818] [nas] [debug] Aborting SM procedure for PTI[1], PSI[2]
[2023-01-10 08:47:49.756] [rrc] [warning] Acceptable cell selection failed, no cell is in coverage
[2023-01-10 08:47:49.756] [rrc] [error] Cell selection failure, no suitable or acceptable cell found
[2023-01-10 08:47:55.819] [nas] [error] PLMN selection failure, no cells in coverage
[2023-01-10 08:48:18.506] [nas] [debug] De-registration required due to [NORMAL]
[2023-01-10 08:48:19.768] [rrc] [warning] Acceptable cell selection failed, no cell is in coverage
[2023-01-10 08:48:19.768] [rrc] [error] Cell selection failure, no suitable or acceptable cell found
[2023-01-10 08:48:26.647] [nas] [error] PLMN selection failure, no cells in coverage
[2023-01-10 08:48:49.781] [rrc] [warning] Acceptable cell selection failed, no cell is in coverage
[2023-01-10 08:48:49.781] [rrc] [error] Cell selection failure, no suitable or acceptable cell found
[2023-01-10 08:48:57.475] [nas] [error] PLMN selection failure, no cells in coverage
[2023-01-10 08:49:19.793] [rrc] [warning] Acceptable cell selection failed, no cell is in coverage
[2023-01-10 08:49:19.793] [rrc] [error] Cell selection failure, no suitable or acceptable cell found
[2023-01-10 08:49:28.303] [nas] [error] PLMN selection failure, no cells in coverage
[2023-01-10 08:49:49.805] [rrc] [warning] Acceptable cell selection failed, no cell is in coverage
[2023-01-10 08:49:49.805] [rrc] [error] Cell selection failure, no suitable or acceptable cell found
[2023-01-10 08:49:59.131] [nas] [error] PLMN selection failure, no cells in coverage
[2023-01-10 08:50:19.817] [rrc] [warning] Acceptable cell selection failed, no cell is in coverage
[2023-01-10 08:50:19.817] [rrc] [error] Cell selection failure, no suitable or acceptable cell found
[2023-01-10 08:50:29.959] [nas] [error] PLMN selection failure, no cells in coverage
[2023-01-10 08:50:49.829] [rrc] [warning] Acceptable cell selection failed, no cell is in coverage
[2023-01-10 08:50:49.829] [rrc] [error] Cell selection failure, no suitable or acceptable cell found
[2023-01-10 08:51:00.788] [nas] [error] PLMN selection failure, no cells in coverage
[2023-01-10 08:51:19.841] [rrc] [warning] Acceptable cell selection failed, no cell is in coverage
[2023-01-10 08:51:19.841] [rrc] [error] Cell selection failure, no suitable or acceptable cell found
[2023-01-10 08:51:31.616] [nas] [error] PLMN selection failure, no cells in coverage
[2023-01-10 08:51:49.853] [rrc] [warning] Acceptable cell selection failed, no cell is in coverage
[2023-01-10 08:51:49.853] [rrc] [error] Cell selection failure, no suitable or acceptable cell found
[2023-01-10 08:52:02.444] [nas] [error] PLMN selection failure, no cells in coverage
[2023-01-10 08:52:19.865] [rrc] [warning] Acceptable cell selection failed, no cell is in coverage
[2023-01-10 08:52:19.865] [rrc] [error] Cell selection failure, no suitable or acceptable cell found
[2023-01-10 08:52:33.272] [nas] [error] PLMN selection failure, no cells in coverage
[2023-01-10 08:52:49.877] [rrc] [warning] Acceptable cell selection failed, no cell is in coverage
[2023-01-10 08:52:49.877] [rrc] [error] Cell selection failure, no suitable or acceptable cell found
[2023-01-10 08:53:04.100] [nas] [error] PLMN selection failure, no cells in coverage
[2023-01-10 08:53:19.889] [rrc] [warning] Acceptable cell selection failed, no cell is in coverage
[2023-01-10 08:53:19.889] [rrc] [error] Cell selection failure, no suitable or acceptable cell found
[2023-01-10 08:53:34.929] [nas] [error] PLMN selection failure, no cells in coverage
[2023-01-10 08:53:49.901] [rrc] [warning] Acceptable cell selection failed, no cell is in coverage
[2023-01-10 08:53:49.901] [rrc] [error] Cell selection failure, no suitable or acceptable cell found
[2023-01-10 08:54:05.757] [nas] [error] PLMN selection failure, no cells in coverage
[2023-01-10 08:54:19.915] [rrc] [warning] Acceptable cell selection failed, no cell is in coverage
[2023-01-10 08:54:19.915] [rrc] [error] Cell selection failure, no suitable or acceptable cell found
[2023-01-10 08:54:36.585] [nas] [error] PLMN selection failure, no cells in coverage
[2023-01-10 08:54:49.927] [rrc] [warning] Acceptable cell selection failed, no cell is in coverage
[2023-01-10 08:54:49.927] [rrc] [error] Cell selection failure, no suitable or acceptable cell found
[2023-01-10 08:55:07.413] [nas] [error] PLMN selection failure, no cells in coverage
[2023-01-10 08:55:19.939] [rrc] [warning] Acceptable cell selection failed, no cell is in coverage
[2023-01-10 08:55:19.939] [rrc] [error] Cell selection failure, no suitable or acceptable cell found
[2023-01-10 08:55:38.241] [nas] [error] PLMN selection failure, no cells in coverage
[2023-01-10 08:55:49.951] [rrc] [warning] Acceptable cell selection failed, no cell is in coverage
[2023-01-10 08:55:49.951] [rrc] [error] Cell selection failure, no suitable or acceptable cell found
[2023-01-10 08:56:09.069] [nas] [error] PLMN selection failure, no cells in coverage
[2023-01-10 08:56:19.963] [rrc] [warning] Acceptable cell selection failed, no cell is in coverage
[2023-01-10 08:56:19.963] [rrc] [error] Cell selection failure, no suitable or acceptable cell found
[2023-01-10 08:56:39.897] [nas] [error] PLMN selection failure, no cells in coverage
[2023-01-10 08:56:49.975] [rrc] [warning] Acceptable cell selection failed, no cell is in coverage
[2023-01-10 08:56:49.975] [rrc] [error] Cell selection failure, no suitable or acceptable cell found
[2023-01-10 08:57:10.725] [nas] [error] PLMN selection failure, no cells in coverage
[2023-01-10 08:57:19.987] [rrc] [warning] Acceptable cell selection failed, no cell is in coverage
[2023-01-10 08:57:19.987] [rrc] [error] Cell selection failure, no suitable or acceptable cell found
[2023-01-10 08:57:41.553] [nas] [error] PLMN selection failure, no cells in coverage
[2023-01-10 08:57:49.999] [rrc] [warning] Acceptable cell selection failed, no cell is in coverage
[2023-01-10 08:57:49.999] [rrc] [error] Cell selection failure, no suitable or acceptable cell found
[2023-01-10 08:58:12.381] [nas] [error] PLMN selection failure, no cells in coverage
[2023-01-10 08:58:20.011] [rrc] [warning] Acceptable cell selection failed, no cell is in coverage
[2023-01-10 08:58:20.011] [rrc] [error] Cell selection failure, no suitable or acceptable cell found
[2023-01-10 08:58:43.210] [nas] [error] PLMN selection failure, no cells in coverage
[2023-01-10 08:58:50.023] [rrc] [warning] Acceptable cell selection failed, no cell is in coverage
[2023-01-10 08:58:50.023] [rrc] [error] Cell selection failure, no suitable or acceptable cell found
[2023-01-10 08:59:14.038] [nas] [error] PLMN selection failure, no cells in coverage
[2023-01-10 08:59:20.035] [rrc] [warning] Acceptable cell selection failed, no cell is in coverage
[2023-01-10 08:59:20.035] [rrc] [error] Cell selection failure, no suitable or acceptable cell found
[2023-01-10 08:59:44.866] [nas] [error] PLMN selection failure, no cells in coverage
[2023-01-10 08:59:50.047] [rrc] [warning] Acceptable cell selection failed, no cell is in coverage
[2023-01-10 08:59:50.047] [rrc] [error] Cell selection failure, no suitable or acceptable cell found
[2023-01-10 09:00:15.694] [nas] [error] PLMN selection failure, no cells in coverage
[2023-01-10 09:00:20.059] [rrc] [warning] Acceptable cell selection failed, no cell is in coverage
[2023-01-10 09:00:20.059] [rrc] [error] Cell selection failure, no suitable or acceptable cell found
[2023-01-10 09:00:46.522] [nas] [error] PLMN selection failure, no cells in coverage
[2023-01-10 09:00:50.071] [rrc] [warning] Acceptable cell selection failed, no cell is in coverage
[2023-01-10 09:00:50.071] [rrc] [error] Cell selection failure, no suitable or acceptable cell found
[2023-01-10 09:01:17.350] [nas] [error] PLMN selection failure, no cells in coverage
[2023-01-10 09:01:20.083] [rrc] [warning] Acceptable cell selection failed, no cell is in coverage
[2023-01-10 09:01:20.083] [rrc] [error] Cell selection failure, no suitable or acceptable cell found
[2023-01-10 09:01:48.178] [nas] [error] PLMN selection failure, no cells in coverage
[2023-01-10 09:01:50.095] [rrc] [warning] Acceptable cell selection failed, no cell is in coverage
[2023-01-10 09:01:50.095] [rrc] [error] Cell selection failure, no suitable or acceptable cell found
[2023-01-10 09:02:19.006] [nas] [error] PLMN selection failure, no cells in coverage
[2023-01-10 09:02:20.107] [rrc] [warning] Acceptable cell selection failed, no cell is in coverage
[2023-01-10 09:02:20.107] [rrc] [error] Cell selection failure, no suitable or acceptable cell found
[2023-01-10 09:02:49.834] [nas] [error] PLMN selection failure, no cells in coverage
[2023-01-10 09:02:50.119] [rrc] [warning] Acceptable cell selection failed, no cell is in coverage
[2023-01-10 09:02:50.119] [rrc] [error] Cell selection failure, no suitable or acceptable cell found
[2023-01-10 09:03:20.131] [rrc] [warning] Acceptable cell selection failed, no cell is in coverage
[2023-01-10 09:03:20.131] [rrc] [error] Cell selection failure, no suitable or acceptable cell found
[2023-01-10 09:03:20.662] [nas] [error] PLMN selection failure, no cells in coverage
[2023-01-10 09:03:50.143] [rrc] [warning] Acceptable cell selection failed, no cell is in coverage
[2023-01-10 09:03:50.143] [rrc] [error] Cell selection failure, no suitable or acceptable cell found
[2023-01-10 09:03:51.490] [nas] [error] PLMN selection failure, no cells in coverage
[2023-01-10 09:04:20.155] [rrc] [warning] Acceptable cell selection failed, no cell is in coverage
[2023-01-10 09:04:20.155] [rrc] [error] Cell selection failure, no suitable or acceptable cell found
[2023-01-10 09:04:22.319] [nas] [error] PLMN selection failure, no cells in coverage
[2023-01-10 09:04:50.167] [rrc] [warning] Acceptable cell selection failed, no cell is in coverage
[2023-01-10 09:04:50.167] [rrc] [error] Cell selection failure, no suitable or acceptable cell found
[2023-01-10 09:04:53.148] [nas] [error] PLMN selection failure, no cells in coverage
[2023-01-10 09:05:20.179] [rrc] [warning] Acceptable cell selection failed, no cell is in coverage
[2023-01-10 09:05:20.179] [rrc] [error] Cell selection failure, no suitable or acceptable cell found
[2023-01-10 09:05:23.976] [nas] [error] PLMN selection failure, no cells in coverage
[2023-01-10 09:05:50.191] [rrc] [warning] Acceptable cell selection failed, no cell is in coverage
[2023-01-10 09:05:50.191] [rrc] [error] Cell selection failure, no suitable or acceptable cell found
[2023-01-10 09:05:54.804] [nas] [error] PLMN selection failure, no cells in coverage
[2023-01-10 09:06:20.203] [rrc] [warning] Acceptable cell selection failed, no cell is in coverage
[2023-01-10 09:06:20.203] [rrc] [error] Cell selection failure, no suitable or acceptable cell found
[2023-01-10 09:06:25.632] [nas] [error] PLMN selection failure, no cells in coverage
[2023-01-10 09:06:50.215] [rrc] [warning] Acceptable cell selection failed, no cell is in coverage
[2023-01-10 09:06:50.215] [rrc] [error] Cell selection failure, no suitable or acceptable cell found
