UERANSIM v3.2.6
[2023-01-10 08:44:02.592] [nas] [info] UE switches to state [MM-DEREGISTERED/PLMN-SEARCH]
[2023-01-10 08:44:02.594] [rrc] [debug] New signal detected for cell[1], total [1] cells in coverage
[2023-01-10 08:44:02.595] [nas] [info] Selected plmn[208/93]
[2023-01-10 08:44:05.092] [rrc] [info] Selected cell plmn[208/93] tac[1] category[SUITABLE]
[2023-01-10 08:44:05.092] [nas] [info] UE switches to state [MM-DEREGISTERED/PS]
[2023-01-10 08:44:05.092] [nas] [info] UE switches to state [MM-DEREGISTERED/NORMAL-SERVICE]
[2023-01-10 08:44:05.092] [nas] [debug] Initial registration required due to [MM-DEREG-NORMAL-SERVICE]
[2023-01-10 08:44:05.092] [nas] [debug] UAC access attempt is allowed for identity[0], category[MO_sig]
[2023-01-10 08:44:05.092] [nas] [debug] Sending Initial Registration
[2023-01-10 08:44:05.092] [nas] [info] UE switches to state [MM-REGISTER-INITIATED]
[2023-01-10 08:44:05.092] [rrc] [debug] Sending RRC Setup Request
[2023-01-10 08:44:05.092] [rrc] [info] RRC connection established
[2023-01-10 08:44:05.092] [rrc] [info] UE switches to state [RRC-CONNECTED]
[2023-01-10 08:44:05.093] [nas] [info] UE switches to state [CM-CONNECTED]
[2023-01-10 08:44:05.111] [nas] [debug] Authentication Request received
[2023-01-10 08:44:05.111] [nas] [debug] Sending Authentication Failure due to SQN out of range
[2023-01-10 08:44:05.124] [nas] [debug] Authentication Request received
[2023-01-10 08:44:05.133] [nas] [debug] Security Mode Command received
[2023-01-10 08:44:05.133] [nas] [debug] Selected integrity[2] ciphering[0]
[2023-01-10 08:44:05.165] [nas] [debug] Registration accept received
[2023-01-10 08:44:05.165] [nas] [info] UE switches to state [MM-REGISTERED/NORMAL-SERVICE]
[2023-01-10 08:44:05.165] [nas] [debug] Sending Registration Complete
[2023-01-10 08:44:05.165] [nas] [info] Initial Registration is successful
[2023-01-10 08:44:05.165] [nas] [debug] Sending PDU Session Establishment Request
[2023-01-10 08:44:05.166] [nas] [debug] UAC access attempt is allowed for identity[0], category[MO_sig]
[2023-01-10 08:44:05.401] [nas] [debug] PDU Session Establishment Accept received
[2023-01-10 08:44:05.401] [nas] [info] PDU Session establishment is successful PSI[1]
[2023-01-10 08:44:05.420] [app] [info] Connection setup for PDU session[1] is successful, TUN interface[uesimtun35, 10.60.0.40] is up.
[2023-01-10 08:46:17.563] [nas] [debug] De-registration required due to [NORMAL]
[2023-01-10 08:46:17.575] [nas] [debug] Starting de-registration procedure due to [NORMAL]
[2023-01-10 08:46:17.575] [nas] [debug] Performing local release of PDU session[1]
[2023-01-10 08:46:17.575] [nas] [info] UE switches to state [MM-DEREGISTER-INITIATED]
[2023-01-10 08:46:17.901] [nas] [debug] Sending PDU Session Establishment Request
[2023-01-10 08:46:18.034] [nas] [error] No response from RRC from UAC checks, considering access attempt is barred
[2023-01-10 08:46:18.721] [rrc] [debug] Signal lost for cell[1], total [0] cells in coverage
[2023-01-10 08:46:18.721] [nas] [error] Radio link failure detected
[2023-01-10 08:46:18.721] [nas] [info] UE switches to state [CM-IDLE]
[2023-01-10 08:46:18.721] [nas] [info] UE switches to state [MM-DEREGISTERED/PS]
[2023-01-10 08:46:18.721] [nas] [info] UE switches to state [MM-DEREGISTERED/PLMN-SEARCH]
[2023-01-10 08:46:18.721] [nas] [error] PLMN selection failure, no cells in coverage
[2023-01-10 08:46:20.147] [rrc] [warning] Acceptable cell selection failed, no cell is in coverage
[2023-01-10 08:46:20.147] [rrc] [error] Cell selection failure, no suitable or acceptable cell found
[2023-01-10 08:46:21.358] [nas] [error] PLMN selection failure, no cells in coverage
[2023-01-10 08:46:23.560] [nas] [error] PLMN selection failure, no cells in coverage
[2023-01-10 08:46:24.661] [nas] [info] UE switches to state [MM-DEREGISTERED/NO-CELL-AVAILABLE]
[2023-01-10 08:46:34.747] [nas] [warning] Retransmitting PDU Session Establishment Request due to T3580 expiry
[2023-01-10 08:46:34.748] [nas] [error] UAC access attempt is barred for identity[0], category[MO_sig]
[2023-01-10 08:46:50.159] [rrc] [warning] Acceptable cell selection failed, no cell is in coverage
[2023-01-10 08:46:50.159] [rrc] [error] Cell selection failure, no suitable or acceptable cell found
[2023-01-10 08:46:50.763] [nas] [warning] Retransmitting PDU Session Establishment Request due to T3580 expiry
[2023-01-10 08:46:50.763] [nas] [error] UAC access attempt is barred for identity[0], category[MO_sig]
[2023-01-10 08:46:54.388] [nas] [error] PLMN selection failure, no cells in coverage
[2023-01-10 08:47:06.783] [nas] [warning] Retransmitting PDU Session Establishment Request due to T3580 expiry
[2023-01-10 08:47:06.783] [nas] [error] UAC access attempt is barred for identity[0], category[MO_sig]
[2023-01-10 08:47:20.171] [rrc] [warning] Acceptable cell selection failed, no cell is in coverage
[2023-01-10 08:47:20.171] [rrc] [error] Cell selection failure, no suitable or acceptable cell found
[2023-01-10 08:47:22.799] [nas] [warning] Retransmitting PDU Session Establishment Request due to T3580 expiry
[2023-01-10 08:47:22.799] [nas] [error] UAC access attempt is barred for identity[0], category[MO_sig]
[2023-01-10 08:47:25.216] [nas] [error] PLMN selection failure, no cells in coverage
[2023-01-10 08:47:38.817] [nas] [error] PDU Session Establishment procedure failure, no response from the network after 5 attempts
[2023-01-10 08:47:38.817] [nas] [debug] Aborting SM procedure for PTI[1], PSI[1]
[2023-01-10 08:47:50.183] [rrc] [warning] Acceptable cell selection failed, no cell is in coverage
[2023-01-10 08:47:50.183] [rrc] [error] Cell selection failure, no suitable or acceptable cell found
[2023-01-10 08:47:56.044] [nas] [error] PLMN selection failure, no cells in coverage
[2023-01-10 08:48:18.220] [nas] [debug] De-registration required due to [NORMAL]
[2023-01-10 08:48:20.195] [rrc] [warning] Acceptable cell selection failed, no cell is in coverage
[2023-01-10 08:48:20.195] [rrc] [error] Cell selection failure, no suitable or acceptable cell found
[2023-01-10 08:48:26.872] [nas] [error] PLMN selection failure, no cells in coverage
[2023-01-10 08:48:50.207] [rrc] [warning] Acceptable cell selection failed, no cell is in coverage
[2023-01-10 08:48:50.207] [rrc] [error] Cell selection failure, no suitable or acceptable cell found
[2023-01-10 08:48:57.702] [nas] [error] PLMN selection failure, no cells in coverage
[2023-01-10 08:49:20.219] [rrc] [warning] Acceptable cell selection failed, no cell is in coverage
[2023-01-10 08:49:20.219] [rrc] [error] Cell selection failure, no suitable or acceptable cell found
[2023-01-10 08:49:28.530] [nas] [error] PLMN selection failure, no cells in coverage
[2023-01-10 08:49:50.231] [rrc] [warning] Acceptable cell selection failed, no cell is in coverage
[2023-01-10 08:49:50.231] [rrc] [error] Cell selection failure, no suitable or acceptable cell found
[2023-01-10 08:49:59.358] [nas] [error] PLMN selection failure, no cells in coverage
[2023-01-10 08:50:20.243] [rrc] [warning] Acceptable cell selection failed, no cell is in coverage
[2023-01-10 08:50:20.243] [rrc] [error] Cell selection failure, no suitable or acceptable cell found
[2023-01-10 08:50:30.187] [nas] [error] PLMN selection failure, no cells in coverage
[2023-01-10 08:50:50.255] [rrc] [warning] Acceptable cell selection failed, no cell is in coverage
[2023-01-10 08:50:50.255] [rrc] [error] Cell selection failure, no suitable or acceptable cell found
[2023-01-10 08:51:01.015] [nas] [error] PLMN selection failure, no cells in coverage
[2023-01-10 08:51:20.267] [rrc] [warning] Acceptable cell selection failed, no cell is in coverage
[2023-01-10 08:51:20.267] [rrc] [error] Cell selection failure, no suitable or acceptable cell found
[2023-01-10 08:51:31.843] [nas] [error] PLMN selection failure, no cells in coverage
[2023-01-10 08:51:50.279] [rrc] [warning] Acceptable cell selection failed, no cell is in coverage
[2023-01-10 08:51:50.279] [rrc] [error] Cell selection failure, no suitable or acceptable cell found
[2023-01-10 08:52:02.672] [nas] [error] PLMN selection failure, no cells in coverage
[2023-01-10 08:52:20.291] [rrc] [warning] Acceptable cell selection failed, no cell is in coverage
[2023-01-10 08:52:20.291] [rrc] [error] Cell selection failure, no suitable or acceptable cell found
[2023-01-10 08:52:33.500] [nas] [error] PLMN selection failure, no cells in coverage
[2023-01-10 08:52:50.304] [rrc] [warning] Acceptable cell selection failed, no cell is in coverage
[2023-01-10 08:52:50.304] [rrc] [error] Cell selection failure, no suitable or acceptable cell found
[2023-01-10 08:53:04.328] [nas] [error] PLMN selection failure, no cells in coverage
[2023-01-10 08:53:20.316] [rrc] [warning] Acceptable cell selection failed, no cell is in coverage
[2023-01-10 08:53:20.316] [rrc] [error] Cell selection failure, no suitable or acceptable cell found
[2023-01-10 08:53:35.157] [nas] [error] PLMN selection failure, no cells in coverage
[2023-01-10 08:53:50.328] [rrc] [warning] Acceptable cell selection failed, no cell is in coverage
[2023-01-10 08:53:50.328] [rrc] [error] Cell selection failure, no suitable or acceptable cell found
[2023-01-10 08:54:05.985] [nas] [error] PLMN selection failure, no cells in coverage
[2023-01-10 08:54:20.340] [rrc] [warning] Acceptable cell selection failed, no cell is in coverage
[2023-01-10 08:54:20.340] [rrc] [error] Cell selection failure, no suitable or acceptable cell found
[2023-01-10 08:54:36.813] [nas] [error] PLMN selection failure, no cells in coverage
[2023-01-10 08:54:50.352] [rrc] [warning] Acceptable cell selection failed, no cell is in coverage
[2023-01-10 08:54:50.352] [rrc] [error] Cell selection failure, no suitable or acceptable cell found
[2023-01-10 08:55:07.641] [nas] [error] PLMN selection failure, no cells in coverage
[2023-01-10 08:55:20.364] [rrc] [warning] Acceptable cell selection failed, no cell is in coverage
[2023-01-10 08:55:20.364] [rrc] [error] Cell selection failure, no suitable or acceptable cell found
[2023-01-10 08:55:38.469] [nas] [error] PLMN selection failure, no cells in coverage
[2023-01-10 08:55:50.376] [rrc] [warning] Acceptable cell selection failed, no cell is in coverage
[2023-01-10 08:55:50.376] [rrc] [error] Cell selection failure, no suitable or acceptable cell found
[2023-01-10 08:56:09.297] [nas] [error] PLMN selection failure, no cells in coverage
[2023-01-10 08:56:20.388] [rrc] [warning] Acceptable cell selection failed, no cell is in coverage
[2023-01-10 08:56:20.388] [rrc] [error] Cell selection failure, no suitable or acceptable cell found
[2023-01-10 08:56:40.125] [nas] [error] PLMN selection failure, no cells in coverage
[2023-01-10 08:56:50.400] [rrc] [warning] Acceptable cell selection failed, no cell is in coverage
[2023-01-10 08:56:50.400] [rrc] [error] Cell selection failure, no suitable or acceptable cell found
[2023-01-10 08:57:10.953] [nas] [error] PLMN selection failure, no cells in coverage
[2023-01-10 08:57:20.412] [rrc] [warning] Acceptable cell selection failed, no cell is in coverage
[2023-01-10 08:57:20.412] [rrc] [error] Cell selection failure, no suitable or acceptable cell found
[2023-01-10 08:57:41.781] [nas] [error] PLMN selection failure, no cells in coverage
[2023-01-10 08:57:50.424] [rrc] [warning] Acceptable cell selection failed, no cell is in coverage
[2023-01-10 08:57:50.424] [rrc] [error] Cell selection failure, no suitable or acceptable cell found
[2023-01-10 08:58:12.610] [nas] [error] PLMN selection failure, no cells in coverage
[2023-01-10 08:58:20.436] [rrc] [warning] Acceptable cell selection failed, no cell is in coverage
[2023-01-10 08:58:20.436] [rrc] [error] Cell selection failure, no suitable or acceptable cell found
[2023-01-10 08:58:43.441] [nas] [error] PLMN selection failure, no cells in coverage
[2023-01-10 08:58:50.448] [rrc] [warning] Acceptable cell selection failed, no cell is in coverage
[2023-01-10 08:58:50.448] [rrc] [error] Cell selection failure, no suitable or acceptable cell found
[2023-01-10 08:59:14.269] [nas] [error] PLMN selection failure, no cells in coverage
[2023-01-10 08:59:20.460] [rrc] [warning] Acceptable cell selection failed, no cell is in coverage
[2023-01-10 08:59:20.460] [rrc] [error] Cell selection failure, no suitable or acceptable cell found
[2023-01-10 08:59:45.097] [nas] [error] PLMN selection failure, no cells in coverage
[2023-01-10 08:59:50.472] [rrc] [warning] Acceptable cell selection failed, no cell is in coverage
[2023-01-10 08:59:50.472] [rrc] [error] Cell selection failure, no suitable or acceptable cell found
[2023-01-10 09:00:15.926] [nas] [error] PLMN selection failure, no cells in coverage
[2023-01-10 09:00:20.484] [rrc] [warning] Acceptable cell selection failed, no cell is in coverage
[2023-01-10 09:00:20.484] [rrc] [error] Cell selection failure, no suitable or acceptable cell found
[2023-01-10 09:00:46.754] [nas] [error] PLMN selection failure, no cells in coverage
[2023-01-10 09:00:50.496] [rrc] [warning] Acceptable cell selection failed, no cell is in coverage
[2023-01-10 09:00:50.496] [rrc] [error] Cell selection failure, no suitable or acceptable cell found
[2023-01-10 09:01:17.582] [nas] [error] PLMN selection failure, no cells in coverage
[2023-01-10 09:01:20.508] [rrc] [warning] Acceptable cell selection failed, no cell is in coverage
[2023-01-10 09:01:20.508] [rrc] [error] Cell selection failure, no suitable or acceptable cell found
[2023-01-10 09:01:48.410] [nas] [error] PLMN selection failure, no cells in coverage
[2023-01-10 09:01:50.520] [rrc] [warning] Acceptable cell selection failed, no cell is in coverage
[2023-01-10 09:01:50.520] [rrc] [error] Cell selection failure, no suitable or acceptable cell found
[2023-01-10 09:02:19.238] [nas] [error] PLMN selection failure, no cells in coverage
[2023-01-10 09:02:20.532] [rrc] [warning] Acceptable cell selection failed, no cell is in coverage
[2023-01-10 09:02:20.532] [rrc] [error] Cell selection failure, no suitable or acceptable cell found
[2023-01-10 09:02:50.066] [nas] [error] PLMN selection failure, no cells in coverage
[2023-01-10 09:02:50.544] [rrc] [warning] Acceptable cell selection failed, no cell is in coverage
[2023-01-10 09:02:50.544] [rrc] [error] Cell selection failure, no suitable or acceptable cell found
[2023-01-10 09:03:20.556] [rrc] [warning] Acceptable cell selection failed, no cell is in coverage
[2023-01-10 09:03:20.556] [rrc] [error] Cell selection failure, no suitable or acceptable cell found
[2023-01-10 09:03:20.895] [nas] [error] PLMN selection failure, no cells in coverage
[2023-01-10 09:03:50.568] [rrc] [warning] Acceptable cell selection failed, no cell is in coverage
[2023-01-10 09:03:50.568] [rrc] [error] Cell selection failure, no suitable or acceptable cell found
[2023-01-10 09:03:51.723] [nas] [error] PLMN selection failure, no cells in coverage
[2023-01-10 09:04:20.580] [rrc] [warning] Acceptable cell selection failed, no cell is in coverage
[2023-01-10 09:04:20.580] [rrc] [error] Cell selection failure, no suitable or acceptable cell found
[2023-01-10 09:04:22.551] [nas] [error] PLMN selection failure, no cells in coverage
[2023-01-10 09:04:50.592] [rrc] [warning] Acceptable cell selection failed, no cell is in coverage
[2023-01-10 09:04:50.592] [rrc] [error] Cell selection failure, no suitable or acceptable cell found
[2023-01-10 09:04:53.379] [nas] [error] PLMN selection failure, no cells in coverage
[2023-01-10 09:05:20.605] [rrc] [warning] Acceptable cell selection failed, no cell is in coverage
[2023-01-10 09:05:20.605] [rrc] [error] Cell selection failure, no suitable or acceptable cell found
[2023-01-10 09:05:24.208] [nas] [error] PLMN selection failure, no cells in coverage
[2023-01-10 09:05:50.617] [rrc] [warning] Acceptable cell selection failed, no cell is in coverage
[2023-01-10 09:05:50.617] [rrc] [error] Cell selection failure, no suitable or acceptable cell found
[2023-01-10 09:05:55.036] [nas] [error] PLMN selection failure, no cells in coverage
[2023-01-10 09:06:20.629] [rrc] [warning] Acceptable cell selection failed, no cell is in coverage
[2023-01-10 09:06:20.629] [rrc] [error] Cell selection failure, no suitable or acceptable cell found
[2023-01-10 09:06:25.864] [nas] [error] PLMN selection failure, no cells in coverage
[2023-01-10 09:06:50.641] [rrc] [warning] Acceptable cell selection failed, no cell is in coverage
[2023-01-10 09:06:50.641] [rrc] [error] Cell selection failure, no suitable or acceptable cell found
