UERANSIM v3.2.6
[2023-01-10 08:44:00.590] [nas] [info] UE switches to state [MM-DEREGISTERED/PLMN-SEARCH]
[2023-01-10 08:44:00.593] [rrc] [debug] New signal detected for cell[1], total [1] cells in coverage
[2023-01-10 08:44:00.593] [nas] [info] Selected plmn[208/93]
[2023-01-10 08:44:00.593] [rrc] [info] Selected cell plmn[208/93] tac[1] category[SUITABLE]
[2023-01-10 08:44:00.593] [nas] [info] UE switches to state [MM-DEREGISTERED/PS]
[2023-01-10 08:44:00.593] [nas] [info] UE switches to state [MM-DEREGISTERED/NORMAL-SERVICE]
[2023-01-10 08:44:00.593] [nas] [debug] Initial registration required due to [MM-DEREG-NORMAL-SERVICE]
[2023-01-10 08:44:00.593] [nas] [debug] UAC access attempt is allowed for identity[0], category[MO_sig]
[2023-01-10 08:44:00.593] [nas] [debug] Sending Initial Registration
[2023-01-10 08:44:00.593] [nas] [info] UE switches to state [MM-REGISTER-INITIATED]
[2023-01-10 08:44:00.593] [rrc] [debug] Sending RRC Setup Request
[2023-01-10 08:44:00.593] [rrc] [info] RRC connection established
[2023-01-10 08:44:00.594] [rrc] [info] UE switches to state [RRC-CONNECTED]
[2023-01-10 08:44:00.594] [nas] [info] UE switches to state [CM-CONNECTED]
[2023-01-10 08:44:00.610] [nas] [debug] Authentication Request received
[2023-01-10 08:44:00.610] [nas] [debug] Sending Authentication Failure due to SQN out of range
[2023-01-10 08:44:00.626] [nas] [debug] Authentication Request received
[2023-01-10 08:44:00.633] [nas] [debug] Security Mode Command received
[2023-01-10 08:44:00.633] [nas] [debug] Selected integrity[2] ciphering[0]
[2023-01-10 08:44:00.657] [nas] [debug] Registration accept received
[2023-01-10 08:44:00.657] [nas] [info] UE switches to state [MM-REGISTERED/NORMAL-SERVICE]
[2023-01-10 08:44:00.657] [nas] [debug] Sending Registration Complete
[2023-01-10 08:44:00.657] [nas] [info] Initial Registration is successful
[2023-01-10 08:44:00.657] [nas] [debug] Sending PDU Session Establishment Request
[2023-01-10 08:44:00.657] [nas] [debug] UAC access attempt is allowed for identity[0], category[MO_sig]
[2023-01-10 08:44:00.898] [nas] [debug] PDU Session Establishment Accept received
[2023-01-10 08:44:00.898] [nas] [info] PDU Session establishment is successful PSI[1]
[2023-01-10 08:44:00.920] [app] [info] Connection setup for PDU session[1] is successful, TUN interface[uesimtun33, 10.60.0.38] is up.
[2023-01-10 08:46:17.031] [nas] [debug] De-registration required due to [NORMAL]
[2023-01-10 08:46:17.039] [nas] [debug] Starting de-registration procedure due to [NORMAL]
[2023-01-10 08:46:17.039] [nas] [debug] Performing local release of PDU session[1]
[2023-01-10 08:46:17.039] [nas] [info] UE switches to state [MM-DEREGISTER-INITIATED]
[2023-01-10 08:46:17.267] [nas] [debug] De-registration required due to [NORMAL]
[2023-01-10 08:46:18.721] [rrc] [debug] Signal lost for cell[1], total [0] cells in coverage
[2023-01-10 08:46:18.721] [nas] [error] Radio link failure detected
[2023-01-10 08:46:18.721] [nas] [info] UE switches to state [CM-IDLE]
[2023-01-10 08:46:18.721] [nas] [info] UE switches to state [MM-DEREGISTERED/PS]
[2023-01-10 08:46:18.721] [nas] [info] UE switches to state [MM-DEREGISTERED/PLMN-SEARCH]
[2023-01-10 08:46:18.721] [nas] [error] PLMN selection failure, no cells in coverage
[2023-01-10 08:46:20.647] [rrc] [warning] Acceptable cell selection failed, no cell is in coverage
[2023-01-10 08:46:20.647] [rrc] [error] Cell selection failure, no suitable or acceptable cell found
[2023-01-10 08:46:21.531] [nas] [error] PLMN selection failure, no cells in coverage
[2023-01-10 08:46:23.733] [nas] [info] UE switches to state [MM-DEREGISTERED/NO-CELL-AVAILABLE]
[2023-01-10 08:46:50.659] [rrc] [warning] Acceptable cell selection failed, no cell is in coverage
[2023-01-10 08:46:50.659] [rrc] [error] Cell selection failure, no suitable or acceptable cell found
[2023-01-10 08:46:52.359] [nas] [error] PLMN selection failure, no cells in coverage
[2023-01-10 08:47:20.672] [rrc] [warning] Acceptable cell selection failed, no cell is in coverage
[2023-01-10 08:47:20.672] [rrc] [error] Cell selection failure, no suitable or acceptable cell found
[2023-01-10 08:47:23.187] [nas] [error] PLMN selection failure, no cells in coverage
[2023-01-10 08:47:50.684] [rrc] [warning] Acceptable cell selection failed, no cell is in coverage
[2023-01-10 08:47:50.684] [rrc] [error] Cell selection failure, no suitable or acceptable cell found
[2023-01-10 08:47:54.015] [nas] [error] PLMN selection failure, no cells in coverage
[2023-01-10 08:48:17.570] [nas] [debug] De-registration required due to [NORMAL]
[2023-01-10 08:48:20.696] [rrc] [warning] Acceptable cell selection failed, no cell is in coverage
[2023-01-10 08:48:20.696] [rrc] [error] Cell selection failure, no suitable or acceptable cell found
[2023-01-10 08:48:24.843] [nas] [error] PLMN selection failure, no cells in coverage
[2023-01-10 08:48:50.708] [rrc] [warning] Acceptable cell selection failed, no cell is in coverage
[2023-01-10 08:48:50.708] [rrc] [error] Cell selection failure, no suitable or acceptable cell found
[2023-01-10 08:48:55.671] [nas] [error] PLMN selection failure, no cells in coverage
[2023-01-10 08:49:20.721] [rrc] [warning] Acceptable cell selection failed, no cell is in coverage
[2023-01-10 08:49:20.721] [rrc] [error] Cell selection failure, no suitable or acceptable cell found
[2023-01-10 08:49:26.499] [nas] [error] PLMN selection failure, no cells in coverage
[2023-01-10 08:49:50.733] [rrc] [warning] Acceptable cell selection failed, no cell is in coverage
[2023-01-10 08:49:50.733] [rrc] [error] Cell selection failure, no suitable or acceptable cell found
[2023-01-10 08:49:57.327] [nas] [error] PLMN selection failure, no cells in coverage
[2023-01-10 08:50:20.745] [rrc] [warning] Acceptable cell selection failed, no cell is in coverage
[2023-01-10 08:50:20.745] [rrc] [error] Cell selection failure, no suitable or acceptable cell found
[2023-01-10 08:50:28.155] [nas] [error] PLMN selection failure, no cells in coverage
[2023-01-10 08:50:50.757] [rrc] [warning] Acceptable cell selection failed, no cell is in coverage
[2023-01-10 08:50:50.757] [rrc] [error] Cell selection failure, no suitable or acceptable cell found
[2023-01-10 08:50:58.983] [nas] [error] PLMN selection failure, no cells in coverage
[2023-01-10 08:51:20.769] [rrc] [warning] Acceptable cell selection failed, no cell is in coverage
[2023-01-10 08:51:20.769] [rrc] [error] Cell selection failure, no suitable or acceptable cell found
[2023-01-10 08:51:29.811] [nas] [error] PLMN selection failure, no cells in coverage
[2023-01-10 08:51:50.781] [rrc] [warning] Acceptable cell selection failed, no cell is in coverage
[2023-01-10 08:51:50.781] [rrc] [error] Cell selection failure, no suitable or acceptable cell found
[2023-01-10 08:52:00.639] [nas] [error] PLMN selection failure, no cells in coverage
[2023-01-10 08:52:20.793] [rrc] [warning] Acceptable cell selection failed, no cell is in coverage
[2023-01-10 08:52:20.793] [rrc] [error] Cell selection failure, no suitable or acceptable cell found
[2023-01-10 08:52:31.467] [nas] [error] PLMN selection failure, no cells in coverage
[2023-01-10 08:52:50.805] [rrc] [warning] Acceptable cell selection failed, no cell is in coverage
[2023-01-10 08:52:50.805] [rrc] [error] Cell selection failure, no suitable or acceptable cell found
[2023-01-10 08:53:02.296] [nas] [error] PLMN selection failure, no cells in coverage
[2023-01-10 08:53:20.817] [rrc] [warning] Acceptable cell selection failed, no cell is in coverage
[2023-01-10 08:53:20.817] [rrc] [error] Cell selection failure, no suitable or acceptable cell found
[2023-01-10 08:53:33.124] [nas] [error] PLMN selection failure, no cells in coverage
[2023-01-10 08:53:50.829] [rrc] [warning] Acceptable cell selection failed, no cell is in coverage
[2023-01-10 08:53:50.829] [rrc] [error] Cell selection failure, no suitable or acceptable cell found
[2023-01-10 08:54:03.953] [nas] [error] PLMN selection failure, no cells in coverage
[2023-01-10 08:54:20.841] [rrc] [warning] Acceptable cell selection failed, no cell is in coverage
[2023-01-10 08:54:20.841] [rrc] [error] Cell selection failure, no suitable or acceptable cell found
[2023-01-10 08:54:34.781] [nas] [error] PLMN selection failure, no cells in coverage
[2023-01-10 08:54:50.853] [rrc] [warning] Acceptable cell selection failed, no cell is in coverage
[2023-01-10 08:54:50.853] [rrc] [error] Cell selection failure, no suitable or acceptable cell found
[2023-01-10 08:55:05.609] [nas] [error] PLMN selection failure, no cells in coverage
[2023-01-10 08:55:20.865] [rrc] [warning] Acceptable cell selection failed, no cell is in coverage
[2023-01-10 08:55:20.865] [rrc] [error] Cell selection failure, no suitable or acceptable cell found
[2023-01-10 08:55:36.437] [nas] [error] PLMN selection failure, no cells in coverage
[2023-01-10 08:55:50.877] [rrc] [warning] Acceptable cell selection failed, no cell is in coverage
[2023-01-10 08:55:50.877] [rrc] [error] Cell selection failure, no suitable or acceptable cell found
[2023-01-10 08:56:07.265] [nas] [error] PLMN selection failure, no cells in coverage
[2023-01-10 08:56:20.889] [rrc] [warning] Acceptable cell selection failed, no cell is in coverage
[2023-01-10 08:56:20.889] [rrc] [error] Cell selection failure, no suitable or acceptable cell found
[2023-01-10 08:56:38.093] [nas] [error] PLMN selection failure, no cells in coverage
[2023-01-10 08:56:50.901] [rrc] [warning] Acceptable cell selection failed, no cell is in coverage
[2023-01-10 08:56:50.901] [rrc] [error] Cell selection failure, no suitable or acceptable cell found
[2023-01-10 08:57:08.921] [nas] [error] PLMN selection failure, no cells in coverage
[2023-01-10 08:57:20.913] [rrc] [warning] Acceptable cell selection failed, no cell is in coverage
[2023-01-10 08:57:20.913] [rrc] [error] Cell selection failure, no suitable or acceptable cell found
[2023-01-10 08:57:39.749] [nas] [error] PLMN selection failure, no cells in coverage
[2023-01-10 08:57:50.925] [rrc] [warning] Acceptable cell selection failed, no cell is in coverage
[2023-01-10 08:57:50.925] [rrc] [error] Cell selection failure, no suitable or acceptable cell found
[2023-01-10 08:58:10.577] [nas] [error] PLMN selection failure, no cells in coverage
[2023-01-10 08:58:20.937] [rrc] [warning] Acceptable cell selection failed, no cell is in coverage
[2023-01-10 08:58:20.937] [rrc] [error] Cell selection failure, no suitable or acceptable cell found
[2023-01-10 08:58:41.406] [nas] [error] PLMN selection failure, no cells in coverage
[2023-01-10 08:58:50.949] [rrc] [warning] Acceptable cell selection failed, no cell is in coverage
[2023-01-10 08:58:50.949] [rrc] [error] Cell selection failure, no suitable or acceptable cell found
[2023-01-10 08:59:12.234] [nas] [error] PLMN selection failure, no cells in coverage
[2023-01-10 08:59:20.961] [rrc] [warning] Acceptable cell selection failed, no cell is in coverage
[2023-01-10 08:59:20.961] [rrc] [error] Cell selection failure, no suitable or acceptable cell found
[2023-01-10 08:59:43.062] [nas] [error] PLMN selection failure, no cells in coverage
[2023-01-10 08:59:50.973] [rrc] [warning] Acceptable cell selection failed, no cell is in coverage
[2023-01-10 08:59:50.973] [rrc] [error] Cell selection failure, no suitable or acceptable cell found
[2023-01-10 09:00:13.890] [nas] [error] PLMN selection failure, no cells in coverage
[2023-01-10 09:00:20.985] [rrc] [warning] Acceptable cell selection failed, no cell is in coverage
[2023-01-10 09:00:20.985] [rrc] [error] Cell selection failure, no suitable or acceptable cell found
[2023-01-10 09:00:44.718] [nas] [error] PLMN selection failure, no cells in coverage
[2023-01-10 09:00:50.997] [rrc] [warning] Acceptable cell selection failed, no cell is in coverage
[2023-01-10 09:00:50.997] [rrc] [error] Cell selection failure, no suitable or acceptable cell found
[2023-01-10 09:01:15.546] [nas] [error] PLMN selection failure, no cells in coverage
[2023-01-10 09:01:21.009] [rrc] [warning] Acceptable cell selection failed, no cell is in coverage
[2023-01-10 09:01:21.009] [rrc] [error] Cell selection failure, no suitable or acceptable cell found
[2023-01-10 09:01:46.375] [nas] [error] PLMN selection failure, no cells in coverage
[2023-01-10 09:01:51.021] [rrc] [warning] Acceptable cell selection failed, no cell is in coverage
[2023-01-10 09:01:51.021] [rrc] [error] Cell selection failure, no suitable or acceptable cell found
[2023-01-10 09:02:17.203] [nas] [error] PLMN selection failure, no cells in coverage
[2023-01-10 09:02:21.033] [rrc] [warning] Acceptable cell selection failed, no cell is in coverage
[2023-01-10 09:02:21.033] [rrc] [error] Cell selection failure, no suitable or acceptable cell found
[2023-01-10 09:02:48.031] [nas] [error] PLMN selection failure, no cells in coverage
[2023-01-10 09:02:51.045] [rrc] [warning] Acceptable cell selection failed, no cell is in coverage
[2023-01-10 09:02:51.045] [rrc] [error] Cell selection failure, no suitable or acceptable cell found
[2023-01-10 09:03:18.860] [nas] [error] PLMN selection failure, no cells in coverage
[2023-01-10 09:03:21.057] [rrc] [warning] Acceptable cell selection failed, no cell is in coverage
[2023-01-10 09:03:21.057] [rrc] [error] Cell selection failure, no suitable or acceptable cell found
[2023-01-10 09:03:49.689] [nas] [error] PLMN selection failure, no cells in coverage
[2023-01-10 09:03:51.069] [rrc] [warning] Acceptable cell selection failed, no cell is in coverage
[2023-01-10 09:03:51.069] [rrc] [error] Cell selection failure, no suitable or acceptable cell found
[2023-01-10 09:04:20.517] [nas] [error] PLMN selection failure, no cells in coverage
[2023-01-10 09:04:21.081] [rrc] [warning] Acceptable cell selection failed, no cell is in coverage
[2023-01-10 09:04:21.081] [rrc] [error] Cell selection failure, no suitable or acceptable cell found
[2023-01-10 09:04:51.093] [rrc] [warning] Acceptable cell selection failed, no cell is in coverage
[2023-01-10 09:04:51.093] [rrc] [error] Cell selection failure, no suitable or acceptable cell found
[2023-01-10 09:04:51.345] [nas] [error] PLMN selection failure, no cells in coverage
[2023-01-10 09:05:21.105] [rrc] [warning] Acceptable cell selection failed, no cell is in coverage
[2023-01-10 09:05:21.105] [rrc] [error] Cell selection failure, no suitable or acceptable cell found
[2023-01-10 09:05:22.173] [nas] [error] PLMN selection failure, no cells in coverage
[2023-01-10 09:05:51.118] [rrc] [warning] Acceptable cell selection failed, no cell is in coverage
[2023-01-10 09:05:51.118] [rrc] [error] Cell selection failure, no suitable or acceptable cell found
[2023-01-10 09:05:53.001] [nas] [error] PLMN selection failure, no cells in coverage
[2023-01-10 09:06:21.130] [rrc] [warning] Acceptable cell selection failed, no cell is in coverage
[2023-01-10 09:06:21.130] [rrc] [error] Cell selection failure, no suitable or acceptable cell found
[2023-01-10 09:06:23.829] [nas] [error] PLMN selection failure, no cells in coverage
[2023-01-10 09:06:51.142] [rrc] [warning] Acceptable cell selection failed, no cell is in coverage
[2023-01-10 09:06:51.142] [rrc] [error] Cell selection failure, no suitable or acceptable cell found
[2023-01-10 09:06:54.657] [nas] [error] PLMN selection failure, no cells in coverage
