UERANSIM v3.2.6
[2023-01-10 08:44:54.649] [nas] [info] UE switches to state [MM-DEREGISTERED/PLMN-SEARCH]
[2023-01-10 08:44:54.656] [rrc] [debug] New signal detected for cell[1], total [1] cells in coverage
[2023-01-10 08:44:54.656] [nas] [info] Selected plmn[208/93]
[2023-01-10 08:44:54.656] [rrc] [info] Selected cell plmn[208/93] tac[1] category[SUITABLE]
[2023-01-10 08:44:54.656] [nas] [info] UE switches to state [MM-DEREGISTERED/PS]
[2023-01-10 08:44:54.656] [nas] [info] UE switches to state [MM-DEREGISTERED/NORMAL-SERVICE]
[2023-01-10 08:44:54.656] [nas] [debug] Initial registration required due to [MM-DEREG-NORMAL-SERVICE]
[2023-01-10 08:44:54.658] [nas] [debug] UAC access attempt is allowed for identity[0], category[MO_sig]
[2023-01-10 08:44:54.658] [nas] [debug] Sending Initial Registration
[2023-01-10 08:44:54.658] [rrc] [debug] Sending RRC Setup Request
[2023-01-10 08:44:54.659] [nas] [info] UE switches to state [MM-REGISTER-INITIATED]
[2023-01-10 08:44:54.659] [rrc] [info] RRC connection established
[2023-01-10 08:44:54.659] [rrc] [info] UE switches to state [RRC-CONNECTED]
[2023-01-10 08:44:54.659] [nas] [info] UE switches to state [CM-CONNECTED]
[2023-01-10 08:44:54.683] [nas] [debug] Authentication Request received
[2023-01-10 08:44:54.689] [nas] [debug] Security Mode Command received
[2023-01-10 08:44:54.689] [nas] [debug] Selected integrity[2] ciphering[0]
[2023-01-10 08:44:54.718] [nas] [debug] Registration accept received
[2023-01-10 08:44:54.718] [nas] [info] UE switches to state [MM-REGISTERED/NORMAL-SERVICE]
[2023-01-10 08:44:54.718] [nas] [debug] Sending Registration Complete
[2023-01-10 08:44:54.718] [nas] [info] Initial Registration is successful
[2023-01-10 08:44:54.718] [nas] [debug] Sending PDU Session Establishment Request
[2023-01-10 08:44:54.718] [nas] [debug] UAC access attempt is allowed for identity[0], category[MO_sig]
[2023-01-10 08:44:54.968] [nas] [debug] PDU Session Establishment Accept received
[2023-01-10 08:44:54.968] [nas] [info] PDU Session establishment is successful PSI[1]
[2023-01-10 08:44:54.999] [app] [info] Connection setup for PDU session[1] is successful, TUN interface[uesimtun60, 10.60.0.65] is up.
[2023-01-10 08:46:17.746] [nas] [debug] Sending PDU Session Establishment Request
[2023-01-10 08:46:17.847] [nas] [error] No response from RRC from UAC checks, considering access attempt is barred
[2023-01-10 08:46:18.319] [nas] [warning] PDU session release procedure could not start: PS[2] is not active already
[2023-01-10 08:46:18.329] [rrc] [debug] Signal lost for cell[1], total [0] cells in coverage
[2023-01-10 08:46:18.329] [nas] [error] Radio link failure detected
[2023-01-10 08:46:18.329] [nas] [info] UE switches to state [CM-IDLE]
[2023-01-10 08:46:18.329] [nas] [info] UE switches to state [MM-REGISTERED/PS]
[2023-01-10 08:46:18.329] [nas] [info] UE switches to state [MM-REGISTERED/PLMN-SEARCH]
[2023-01-10 08:46:18.329] [nas] [error] PLMN selection failure, no cells in coverage
[2023-01-10 08:46:19.683] [rrc] [warning] Acceptable cell selection failed, no cell is in coverage
[2023-01-10 08:46:19.683] [rrc] [error] Cell selection failure, no suitable or acceptable cell found
[2023-01-10 08:46:20.531] [nas] [error] PLMN selection failure, no cells in coverage
[2023-01-10 08:46:22.733] [nas] [error] PLMN selection failure, no cells in coverage
[2023-01-10 08:46:23.834] [nas] [info] UE switches to state [MM-REGISTERED/NO-CELL-AVAILABLE]
[2023-01-10 08:46:33.878] [nas] [warning] Retransmitting PDU Session Establishment Request due to T3580 expiry
[2023-01-10 08:46:33.879] [nas] [error] UAC access attempt is barred for identity[0], category[MO_sig]
[2023-01-10 08:46:49.695] [rrc] [warning] Acceptable cell selection failed, no cell is in coverage
[2023-01-10 08:46:49.695] [rrc] [error] Cell selection failure, no suitable or acceptable cell found
[2023-01-10 08:46:49.894] [nas] [warning] Retransmitting PDU Session Establishment Request due to T3580 expiry
[2023-01-10 08:46:49.894] [nas] [error] UAC access attempt is barred for identity[0], category[MO_sig]
[2023-01-10 08:46:53.563] [nas] [error] PLMN selection failure, no cells in coverage
[2023-01-10 08:47:05.911] [nas] [warning] Retransmitting PDU Session Establishment Request due to T3580 expiry
[2023-01-10 08:47:05.911] [nas] [error] UAC access attempt is barred for identity[0], category[MO_sig]
[2023-01-10 08:47:19.707] [rrc] [warning] Acceptable cell selection failed, no cell is in coverage
[2023-01-10 08:47:19.707] [rrc] [error] Cell selection failure, no suitable or acceptable cell found
[2023-01-10 08:47:21.927] [nas] [warning] Retransmitting PDU Session Establishment Request due to T3580 expiry
[2023-01-10 08:47:21.927] [nas] [error] UAC access attempt is barred for identity[0], category[MO_sig]
[2023-01-10 08:47:24.391] [nas] [error] PLMN selection failure, no cells in coverage
[2023-01-10 08:47:37.943] [nas] [error] PDU Session Establishment procedure failure, no response from the network after 5 attempts
[2023-01-10 08:47:37.943] [nas] [debug] Aborting SM procedure for PTI[1], PSI[2]
[2023-01-10 08:47:49.720] [rrc] [warning] Acceptable cell selection failed, no cell is in coverage
[2023-01-10 08:47:49.720] [rrc] [error] Cell selection failure, no suitable or acceptable cell found
[2023-01-10 08:47:55.235] [nas] [error] PLMN selection failure, no cells in coverage
[2023-01-10 08:48:18.867] [nas] [debug] De-registration required due to [NORMAL]
[2023-01-10 08:48:19.732] [rrc] [warning] Acceptable cell selection failed, no cell is in coverage
[2023-01-10 08:48:19.732] [rrc] [error] Cell selection failure, no suitable or acceptable cell found
[2023-01-10 08:48:26.063] [nas] [error] PLMN selection failure, no cells in coverage
[2023-01-10 08:48:49.744] [rrc] [warning] Acceptable cell selection failed, no cell is in coverage
[2023-01-10 08:48:49.744] [rrc] [error] Cell selection failure, no suitable or acceptable cell found
[2023-01-10 08:48:56.891] [nas] [error] PLMN selection failure, no cells in coverage
[2023-01-10 08:49:19.756] [rrc] [warning] Acceptable cell selection failed, no cell is in coverage
[2023-01-10 08:49:19.756] [rrc] [error] Cell selection failure, no suitable or acceptable cell found
[2023-01-10 08:49:27.719] [nas] [error] PLMN selection failure, no cells in coverage
[2023-01-10 08:49:49.768] [rrc] [warning] Acceptable cell selection failed, no cell is in coverage
[2023-01-10 08:49:49.768] [rrc] [error] Cell selection failure, no suitable or acceptable cell found
[2023-01-10 08:49:58.547] [nas] [error] PLMN selection failure, no cells in coverage
[2023-01-10 08:50:19.780] [rrc] [warning] Acceptable cell selection failed, no cell is in coverage
[2023-01-10 08:50:19.780] [rrc] [error] Cell selection failure, no suitable or acceptable cell found
[2023-01-10 08:50:29.376] [nas] [error] PLMN selection failure, no cells in coverage
[2023-01-10 08:50:49.792] [rrc] [warning] Acceptable cell selection failed, no cell is in coverage
[2023-01-10 08:50:49.792] [rrc] [error] Cell selection failure, no suitable or acceptable cell found
[2023-01-10 08:51:00.205] [nas] [error] PLMN selection failure, no cells in coverage
[2023-01-10 08:51:19.804] [rrc] [warning] Acceptable cell selection failed, no cell is in coverage
[2023-01-10 08:51:19.804] [rrc] [error] Cell selection failure, no suitable or acceptable cell found
[2023-01-10 08:51:31.033] [nas] [error] PLMN selection failure, no cells in coverage
[2023-01-10 08:51:49.816] [rrc] [warning] Acceptable cell selection failed, no cell is in coverage
[2023-01-10 08:51:49.816] [rrc] [error] Cell selection failure, no suitable or acceptable cell found
[2023-01-10 08:52:01.861] [nas] [error] PLMN selection failure, no cells in coverage
[2023-01-10 08:52:19.828] [rrc] [warning] Acceptable cell selection failed, no cell is in coverage
[2023-01-10 08:52:19.828] [rrc] [error] Cell selection failure, no suitable or acceptable cell found
[2023-01-10 08:52:32.689] [nas] [error] PLMN selection failure, no cells in coverage
[2023-01-10 08:52:49.840] [rrc] [warning] Acceptable cell selection failed, no cell is in coverage
[2023-01-10 08:52:49.840] [rrc] [error] Cell selection failure, no suitable or acceptable cell found
[2023-01-10 08:53:03.517] [nas] [error] PLMN selection failure, no cells in coverage
[2023-01-10 08:53:19.852] [rrc] [warning] Acceptable cell selection failed, no cell is in coverage
[2023-01-10 08:53:19.852] [rrc] [error] Cell selection failure, no suitable or acceptable cell found
[2023-01-10 08:53:34.345] [nas] [error] PLMN selection failure, no cells in coverage
[2023-01-10 08:53:49.864] [rrc] [warning] Acceptable cell selection failed, no cell is in coverage
[2023-01-10 08:53:49.864] [rrc] [error] Cell selection failure, no suitable or acceptable cell found
[2023-01-10 08:54:05.173] [nas] [error] PLMN selection failure, no cells in coverage
[2023-01-10 08:54:19.876] [rrc] [warning] Acceptable cell selection failed, no cell is in coverage
[2023-01-10 08:54:19.876] [rrc] [error] Cell selection failure, no suitable or acceptable cell found
[2023-01-10 08:54:36.001] [nas] [error] PLMN selection failure, no cells in coverage
[2023-01-10 08:54:49.888] [rrc] [warning] Acceptable cell selection failed, no cell is in coverage
[2023-01-10 08:54:49.888] [rrc] [error] Cell selection failure, no suitable or acceptable cell found
[2023-01-10 08:55:06.830] [nas] [error] PLMN selection failure, no cells in coverage
[2023-01-10 08:55:19.900] [rrc] [warning] Acceptable cell selection failed, no cell is in coverage
[2023-01-10 08:55:19.900] [rrc] [error] Cell selection failure, no suitable or acceptable cell found
[2023-01-10 08:55:37.658] [nas] [error] PLMN selection failure, no cells in coverage
[2023-01-10 08:55:49.912] [rrc] [warning] Acceptable cell selection failed, no cell is in coverage
[2023-01-10 08:55:49.912] [rrc] [error] Cell selection failure, no suitable or acceptable cell found
[2023-01-10 08:56:08.486] [nas] [error] PLMN selection failure, no cells in coverage
[2023-01-10 08:56:19.924] [rrc] [warning] Acceptable cell selection failed, no cell is in coverage
[2023-01-10 08:56:19.924] [rrc] [error] Cell selection failure, no suitable or acceptable cell found
[2023-01-10 08:56:39.314] [nas] [error] PLMN selection failure, no cells in coverage
[2023-01-10 08:56:49.936] [rrc] [warning] Acceptable cell selection failed, no cell is in coverage
[2023-01-10 08:56:49.936] [rrc] [error] Cell selection failure, no suitable or acceptable cell found
[2023-01-10 08:57:10.142] [nas] [error] PLMN selection failure, no cells in coverage
[2023-01-10 08:57:19.948] [rrc] [warning] Acceptable cell selection failed, no cell is in coverage
[2023-01-10 08:57:19.948] [rrc] [error] Cell selection failure, no suitable or acceptable cell found
[2023-01-10 08:57:40.970] [nas] [error] PLMN selection failure, no cells in coverage
[2023-01-10 08:57:49.960] [rrc] [warning] Acceptable cell selection failed, no cell is in coverage
[2023-01-10 08:57:49.960] [rrc] [error] Cell selection failure, no suitable or acceptable cell found
[2023-01-10 08:58:11.798] [nas] [error] PLMN selection failure, no cells in coverage
[2023-01-10 08:58:19.972] [rrc] [warning] Acceptable cell selection failed, no cell is in coverage
[2023-01-10 08:58:19.972] [rrc] [error] Cell selection failure, no suitable or acceptable cell found
[2023-01-10 08:58:42.626] [nas] [error] PLMN selection failure, no cells in coverage
[2023-01-10 08:58:49.984] [rrc] [warning] Acceptable cell selection failed, no cell is in coverage
[2023-01-10 08:58:49.984] [rrc] [error] Cell selection failure, no suitable or acceptable cell found
[2023-01-10 08:59:13.454] [nas] [error] PLMN selection failure, no cells in coverage
[2023-01-10 08:59:19.996] [rrc] [warning] Acceptable cell selection failed, no cell is in coverage
[2023-01-10 08:59:19.996] [rrc] [error] Cell selection failure, no suitable or acceptable cell found
[2023-01-10 08:59:44.282] [nas] [error] PLMN selection failure, no cells in coverage
[2023-01-10 08:59:50.008] [rrc] [warning] Acceptable cell selection failed, no cell is in coverage
[2023-01-10 08:59:50.008] [rrc] [error] Cell selection failure, no suitable or acceptable cell found
[2023-01-10 09:00:15.110] [nas] [error] PLMN selection failure, no cells in coverage
[2023-01-10 09:00:20.020] [rrc] [warning] Acceptable cell selection failed, no cell is in coverage
[2023-01-10 09:00:20.020] [rrc] [error] Cell selection failure, no suitable or acceptable cell found
[2023-01-10 09:00:45.939] [nas] [error] PLMN selection failure, no cells in coverage
[2023-01-10 09:00:50.032] [rrc] [warning] Acceptable cell selection failed, no cell is in coverage
[2023-01-10 09:00:50.032] [rrc] [error] Cell selection failure, no suitable or acceptable cell found
[2023-01-10 09:01:16.767] [nas] [error] PLMN selection failure, no cells in coverage
[2023-01-10 09:01:20.045] [rrc] [warning] Acceptable cell selection failed, no cell is in coverage
[2023-01-10 09:01:20.045] [rrc] [error] Cell selection failure, no suitable or acceptable cell found
[2023-01-10 09:01:47.595] [nas] [error] PLMN selection failure, no cells in coverage
[2023-01-10 09:01:50.057] [rrc] [warning] Acceptable cell selection failed, no cell is in coverage
[2023-01-10 09:01:50.057] [rrc] [error] Cell selection failure, no suitable or acceptable cell found
[2023-01-10 09:02:18.423] [nas] [error] PLMN selection failure, no cells in coverage
[2023-01-10 09:02:20.069] [rrc] [warning] Acceptable cell selection failed, no cell is in coverage
[2023-01-10 09:02:20.069] [rrc] [error] Cell selection failure, no suitable or acceptable cell found
[2023-01-10 09:02:49.251] [nas] [error] PLMN selection failure, no cells in coverage
[2023-01-10 09:02:50.081] [rrc] [warning] Acceptable cell selection failed, no cell is in coverage
[2023-01-10 09:02:50.081] [rrc] [error] Cell selection failure, no suitable or acceptable cell found
[2023-01-10 09:03:20.079] [nas] [error] PLMN selection failure, no cells in coverage
[2023-01-10 09:03:20.093] [rrc] [warning] Acceptable cell selection failed, no cell is in coverage
[2023-01-10 09:03:20.093] [rrc] [error] Cell selection failure, no suitable or acceptable cell found
[2023-01-10 09:03:50.105] [rrc] [warning] Acceptable cell selection failed, no cell is in coverage
[2023-01-10 09:03:50.105] [rrc] [error] Cell selection failure, no suitable or acceptable cell found
[2023-01-10 09:03:50.908] [nas] [error] PLMN selection failure, no cells in coverage
[2023-01-10 09:04:20.117] [rrc] [warning] Acceptable cell selection failed, no cell is in coverage
[2023-01-10 09:04:20.117] [rrc] [error] Cell selection failure, no suitable or acceptable cell found
[2023-01-10 09:04:21.736] [nas] [error] PLMN selection failure, no cells in coverage
[2023-01-10 09:04:50.129] [rrc] [warning] Acceptable cell selection failed, no cell is in coverage
[2023-01-10 09:04:50.129] [rrc] [error] Cell selection failure, no suitable or acceptable cell found
[2023-01-10 09:04:52.564] [nas] [error] PLMN selection failure, no cells in coverage
[2023-01-10 09:05:20.141] [rrc] [warning] Acceptable cell selection failed, no cell is in coverage
[2023-01-10 09:05:20.141] [rrc] [error] Cell selection failure, no suitable or acceptable cell found
[2023-01-10 09:05:23.392] [nas] [error] PLMN selection failure, no cells in coverage
[2023-01-10 09:05:50.153] [rrc] [warning] Acceptable cell selection failed, no cell is in coverage
[2023-01-10 09:05:50.153] [rrc] [error] Cell selection failure, no suitable or acceptable cell found
[2023-01-10 09:05:54.220] [nas] [error] PLMN selection failure, no cells in coverage
[2023-01-10 09:06:20.165] [rrc] [warning] Acceptable cell selection failed, no cell is in coverage
[2023-01-10 09:06:20.165] [rrc] [error] Cell selection failure, no suitable or acceptable cell found
[2023-01-10 09:06:25.048] [nas] [error] PLMN selection failure, no cells in coverage
[2023-01-10 09:06:50.177] [rrc] [warning] Acceptable cell selection failed, no cell is in coverage
[2023-01-10 09:06:50.177] [rrc] [error] Cell selection failure, no suitable or acceptable cell found
