UERANSIM v3.2.6
[2023-01-10 08:43:56.587] [nas] [info] UE switches to state [MM-DEREGISTERED/PLMN-SEARCH]
[2023-01-10 08:43:56.588] [rrc] [debug] New signal detected for cell[1], total [1] cells in coverage
[2023-01-10 08:43:56.589] [nas] [info] Selected plmn[208/93]
[2023-01-10 08:43:56.589] [rrc] [info] Selected cell plmn[208/93] tac[1] category[SUITABLE]
[2023-01-10 08:43:56.589] [nas] [info] UE switches to state [MM-DEREGISTERED/PS]
[2023-01-10 08:43:56.589] [nas] [info] UE switches to state [MM-DEREGISTERED/NORMAL-SERVICE]
[2023-01-10 08:43:56.589] [nas] [debug] Initial registration required due to [MM-DEREG-NORMAL-SERVICE]
[2023-01-10 08:43:56.590] [nas] [debug] UAC access attempt is allowed for identity[0], category[MO_sig]
[2023-01-10 08:43:56.590] [nas] [debug] Sending Initial Registration
[2023-01-10 08:43:56.590] [nas] [info] UE switches to state [MM-REGISTER-INITIATED]
[2023-01-10 08:43:56.590] [rrc] [debug] Sending RRC Setup Request
[2023-01-10 08:43:56.590] [rrc] [info] RRC connection established
[2023-01-10 08:43:56.590] [rrc] [info] UE switches to state [RRC-CONNECTED]
[2023-01-10 08:43:56.590] [nas] [info] UE switches to state [CM-CONNECTED]
[2023-01-10 08:43:56.608] [nas] [debug] Authentication Request received
[2023-01-10 08:43:56.608] [nas] [debug] Sending Authentication Failure due to SQN out of range
[2023-01-10 08:43:56.620] [nas] [debug] Authentication Request received
[2023-01-10 08:43:56.627] [nas] [debug] Security Mode Command received
[2023-01-10 08:43:56.628] [nas] [debug] Selected integrity[2] ciphering[0]
[2023-01-10 08:43:56.654] [nas] [debug] Registration accept received
[2023-01-10 08:43:56.654] [nas] [info] UE switches to state [MM-REGISTERED/NORMAL-SERVICE]
[2023-01-10 08:43:56.654] [nas] [debug] Sending Registration Complete
[2023-01-10 08:43:56.654] [nas] [info] Initial Registration is successful
[2023-01-10 08:43:56.654] [nas] [debug] Sending PDU Session Establishment Request
[2023-01-10 08:43:56.654] [nas] [debug] UAC access attempt is allowed for identity[0], category[MO_sig]
[2023-01-10 08:43:56.891] [nas] [debug] PDU Session Establishment Accept received
[2023-01-10 08:43:56.891] [nas] [info] PDU Session establishment is successful PSI[1]
[2023-01-10 08:43:56.913] [app] [info] Connection setup for PDU session[1] is successful, TUN interface[uesimtun31, 10.60.0.36] is up.
[2023-01-10 08:46:15.257] [nas] [debug] De-registration required due to [NORMAL]
[2023-01-10 08:46:15.267] [nas] [debug] Starting de-registration procedure due to [NORMAL]
[2023-01-10 08:46:15.267] [nas] [debug] Performing local release of PDU session[1]
[2023-01-10 08:46:15.267] [nas] [info] UE switches to state [MM-DEREGISTER-INITIATED]
[2023-01-10 08:46:15.379] [nas] [debug] De-registration accept received
[2023-01-10 08:46:15.379] [nas] [info] UE switches to state [MM-DEREGISTERED/PS]
[2023-01-10 08:46:15.379] [nas] [info] De-registration is successful
[2023-01-10 08:46:15.379] [nas] [info] UE switches to state [MM-DEREGISTERED/NORMAL-SERVICE]
[2023-01-10 08:46:15.379] [nas] [debug] Initial registration required due to [MM-DEREG-NORMAL-SERVICE]
[2023-01-10 08:46:15.379] [nas] [debug] Sending Initial Registration
[2023-01-10 08:46:15.379] [nas] [debug] Deleting NAS security context
[2023-01-10 08:46:15.379] [nas] [info] UE switches to state [MM-REGISTER-INITIATED]
[2023-01-10 08:46:15.380] [rrc] [debug] RRC Release received
[2023-01-10 08:46:15.380] [nas] [info] UE switches to state [CM-IDLE]
[2023-01-10 08:46:15.380] [nas] [info] UE switches to state [MM-DEREGISTERED/PS]
[2023-01-10 08:46:15.380] [nas] [info] UE switches to state [5U2-NOT-UPDATED]
[2023-01-10 08:46:15.380] [nas] [info] UE switches to state [MM-DEREGISTERED/ATTEMPTING-REGISTRATION]
[2023-01-10 08:46:18.117] [rrc] [debug] Signal lost for cell[1], total [0] cells in coverage
[2023-01-10 08:46:18.117] [nas] [info] UE switches to state [MM-DEREGISTERED/PS]
[2023-01-10 08:46:18.117] [nas] [info] UE switches to state [MM-DEREGISTERED/PLMN-SEARCH]
[2023-01-10 08:46:18.117] [nas] [error] PLMN selection failure, no cells in coverage
[2023-01-10 08:46:19.148] [rrc] [warning] Acceptable cell selection failed, no cell is in coverage
[2023-01-10 08:46:19.148] [rrc] [error] Cell selection failure, no suitable or acceptable cell found
[2023-01-10 08:46:20.820] [nas] [error] PLMN selection failure, no cells in coverage
[2023-01-10 08:46:23.022] [nas] [error] PLMN selection failure, no cells in coverage
[2023-01-10 08:46:24.123] [nas] [info] UE switches to state [MM-DEREGISTERED/NO-CELL-AVAILABLE]
[2023-01-10 08:46:49.160] [rrc] [warning] Acceptable cell selection failed, no cell is in coverage
[2023-01-10 08:46:49.160] [rrc] [error] Cell selection failure, no suitable or acceptable cell found
[2023-01-10 08:46:53.850] [nas] [error] PLMN selection failure, no cells in coverage
[2023-01-10 08:47:19.172] [rrc] [warning] Acceptable cell selection failed, no cell is in coverage
[2023-01-10 08:47:19.172] [rrc] [error] Cell selection failure, no suitable or acceptable cell found
[2023-01-10 08:47:24.679] [nas] [error] PLMN selection failure, no cells in coverage
[2023-01-10 08:47:49.184] [rrc] [warning] Acceptable cell selection failed, no cell is in coverage
[2023-01-10 08:47:49.184] [rrc] [error] Cell selection failure, no suitable or acceptable cell found
[2023-01-10 08:47:55.507] [nas] [error] PLMN selection failure, no cells in coverage
[2023-01-10 08:48:15.543] [nas] [debug] De-registration required due to [NORMAL]
[2023-01-10 08:48:19.196] [rrc] [warning] Acceptable cell selection failed, no cell is in coverage
[2023-01-10 08:48:19.196] [rrc] [error] Cell selection failure, no suitable or acceptable cell found
[2023-01-10 08:48:26.335] [nas] [error] PLMN selection failure, no cells in coverage
[2023-01-10 08:48:49.208] [rrc] [warning] Acceptable cell selection failed, no cell is in coverage
[2023-01-10 08:48:49.208] [rrc] [error] Cell selection failure, no suitable or acceptable cell found
[2023-01-10 08:48:57.163] [nas] [error] PLMN selection failure, no cells in coverage
[2023-01-10 08:49:19.220] [rrc] [warning] Acceptable cell selection failed, no cell is in coverage
[2023-01-10 08:49:19.220] [rrc] [error] Cell selection failure, no suitable or acceptable cell found
[2023-01-10 08:49:27.991] [nas] [error] PLMN selection failure, no cells in coverage
[2023-01-10 08:49:49.232] [rrc] [warning] Acceptable cell selection failed, no cell is in coverage
[2023-01-10 08:49:49.232] [rrc] [error] Cell selection failure, no suitable or acceptable cell found
[2023-01-10 08:49:58.819] [nas] [error] PLMN selection failure, no cells in coverage
[2023-01-10 08:50:19.244] [rrc] [warning] Acceptable cell selection failed, no cell is in coverage
[2023-01-10 08:50:19.244] [rrc] [error] Cell selection failure, no suitable or acceptable cell found
[2023-01-10 08:50:29.647] [nas] [error] PLMN selection failure, no cells in coverage
[2023-01-10 08:50:49.256] [rrc] [warning] Acceptable cell selection failed, no cell is in coverage
[2023-01-10 08:50:49.256] [rrc] [error] Cell selection failure, no suitable or acceptable cell found
[2023-01-10 08:51:00.475] [nas] [error] PLMN selection failure, no cells in coverage
[2023-01-10 08:51:19.268] [rrc] [warning] Acceptable cell selection failed, no cell is in coverage
[2023-01-10 08:51:19.268] [rrc] [error] Cell selection failure, no suitable or acceptable cell found
[2023-01-10 08:51:31.303] [nas] [error] PLMN selection failure, no cells in coverage
[2023-01-10 08:51:49.280] [rrc] [warning] Acceptable cell selection failed, no cell is in coverage
[2023-01-10 08:51:49.280] [rrc] [error] Cell selection failure, no suitable or acceptable cell found
[2023-01-10 08:52:02.131] [nas] [error] PLMN selection failure, no cells in coverage
[2023-01-10 08:52:19.292] [rrc] [warning] Acceptable cell selection failed, no cell is in coverage
[2023-01-10 08:52:19.292] [rrc] [error] Cell selection failure, no suitable or acceptable cell found
[2023-01-10 08:52:32.959] [nas] [error] PLMN selection failure, no cells in coverage
[2023-01-10 08:52:49.304] [rrc] [warning] Acceptable cell selection failed, no cell is in coverage
[2023-01-10 08:52:49.304] [rrc] [error] Cell selection failure, no suitable or acceptable cell found
[2023-01-10 08:53:03.787] [nas] [error] PLMN selection failure, no cells in coverage
[2023-01-10 08:53:19.316] [rrc] [warning] Acceptable cell selection failed, no cell is in coverage
[2023-01-10 08:53:19.316] [rrc] [error] Cell selection failure, no suitable or acceptable cell found
[2023-01-10 08:53:34.616] [nas] [error] PLMN selection failure, no cells in coverage
[2023-01-10 08:53:49.328] [rrc] [warning] Acceptable cell selection failed, no cell is in coverage
[2023-01-10 08:53:49.328] [rrc] [error] Cell selection failure, no suitable or acceptable cell found
[2023-01-10 08:54:05.444] [nas] [error] PLMN selection failure, no cells in coverage
[2023-01-10 08:54:19.340] [rrc] [warning] Acceptable cell selection failed, no cell is in coverage
[2023-01-10 08:54:19.340] [rrc] [error] Cell selection failure, no suitable or acceptable cell found
[2023-01-10 08:54:36.272] [nas] [error] PLMN selection failure, no cells in coverage
[2023-01-10 08:54:49.352] [rrc] [warning] Acceptable cell selection failed, no cell is in coverage
[2023-01-10 08:54:49.352] [rrc] [error] Cell selection failure, no suitable or acceptable cell found
[2023-01-10 08:55:07.101] [nas] [error] PLMN selection failure, no cells in coverage
[2023-01-10 08:55:19.364] [rrc] [warning] Acceptable cell selection failed, no cell is in coverage
[2023-01-10 08:55:19.364] [rrc] [error] Cell selection failure, no suitable or acceptable cell found
[2023-01-10 08:55:37.930] [nas] [error] PLMN selection failure, no cells in coverage
[2023-01-10 08:55:49.376] [rrc] [warning] Acceptable cell selection failed, no cell is in coverage
[2023-01-10 08:55:49.376] [rrc] [error] Cell selection failure, no suitable or acceptable cell found
[2023-01-10 08:56:08.758] [nas] [error] PLMN selection failure, no cells in coverage
[2023-01-10 08:56:19.389] [rrc] [warning] Acceptable cell selection failed, no cell is in coverage
[2023-01-10 08:56:19.389] [rrc] [error] Cell selection failure, no suitable or acceptable cell found
[2023-01-10 08:56:39.586] [nas] [error] PLMN selection failure, no cells in coverage
[2023-01-10 08:56:49.401] [rrc] [warning] Acceptable cell selection failed, no cell is in coverage
[2023-01-10 08:56:49.401] [rrc] [error] Cell selection failure, no suitable or acceptable cell found
[2023-01-10 08:57:10.415] [nas] [error] PLMN selection failure, no cells in coverage
[2023-01-10 08:57:19.413] [rrc] [warning] Acceptable cell selection failed, no cell is in coverage
[2023-01-10 08:57:19.413] [rrc] [error] Cell selection failure, no suitable or acceptable cell found
[2023-01-10 08:57:41.243] [nas] [error] PLMN selection failure, no cells in coverage
[2023-01-10 08:57:49.425] [rrc] [warning] Acceptable cell selection failed, no cell is in coverage
[2023-01-10 08:57:49.425] [rrc] [error] Cell selection failure, no suitable or acceptable cell found
[2023-01-10 08:58:12.071] [nas] [error] PLMN selection failure, no cells in coverage
[2023-01-10 08:58:19.437] [rrc] [warning] Acceptable cell selection failed, no cell is in coverage
[2023-01-10 08:58:19.437] [rrc] [error] Cell selection failure, no suitable or acceptable cell found
[2023-01-10 08:58:42.899] [nas] [error] PLMN selection failure, no cells in coverage
[2023-01-10 08:58:49.450] [rrc] [warning] Acceptable cell selection failed, no cell is in coverage
[2023-01-10 08:58:49.450] [rrc] [error] Cell selection failure, no suitable or acceptable cell found
[2023-01-10 08:59:13.728] [nas] [error] PLMN selection failure, no cells in coverage
[2023-01-10 08:59:19.462] [rrc] [warning] Acceptable cell selection failed, no cell is in coverage
[2023-01-10 08:59:19.462] [rrc] [error] Cell selection failure, no suitable or acceptable cell found
[2023-01-10 08:59:44.556] [nas] [error] PLMN selection failure, no cells in coverage
[2023-01-10 08:59:49.474] [rrc] [warning] Acceptable cell selection failed, no cell is in coverage
[2023-01-10 08:59:49.474] [rrc] [error] Cell selection failure, no suitable or acceptable cell found
[2023-01-10 09:00:15.384] [nas] [error] PLMN selection failure, no cells in coverage
[2023-01-10 09:00:19.486] [rrc] [warning] Acceptable cell selection failed, no cell is in coverage
[2023-01-10 09:00:19.486] [rrc] [error] Cell selection failure, no suitable or acceptable cell found
[2023-01-10 09:00:46.212] [nas] [error] PLMN selection failure, no cells in coverage
[2023-01-10 09:00:49.498] [rrc] [warning] Acceptable cell selection failed, no cell is in coverage
[2023-01-10 09:00:49.498] [rrc] [error] Cell selection failure, no suitable or acceptable cell found
[2023-01-10 09:01:17.040] [nas] [error] PLMN selection failure, no cells in coverage
[2023-01-10 09:01:19.510] [rrc] [warning] Acceptable cell selection failed, no cell is in coverage
[2023-01-10 09:01:19.510] [rrc] [error] Cell selection failure, no suitable or acceptable cell found
[2023-01-10 09:01:47.868] [nas] [error] PLMN selection failure, no cells in coverage
[2023-01-10 09:01:49.522] [rrc] [warning] Acceptable cell selection failed, no cell is in coverage
[2023-01-10 09:01:49.522] [rrc] [error] Cell selection failure, no suitable or acceptable cell found
[2023-01-10 09:02:18.696] [nas] [error] PLMN selection failure, no cells in coverage
[2023-01-10 09:02:19.534] [rrc] [warning] Acceptable cell selection failed, no cell is in coverage
[2023-01-10 09:02:19.534] [rrc] [error] Cell selection failure, no suitable or acceptable cell found
[2023-01-10 09:02:49.524] [nas] [error] PLMN selection failure, no cells in coverage
[2023-01-10 09:02:49.546] [rrc] [warning] Acceptable cell selection failed, no cell is in coverage
[2023-01-10 09:02:49.546] [rrc] [error] Cell selection failure, no suitable or acceptable cell found
[2023-01-10 09:03:19.558] [rrc] [warning] Acceptable cell selection failed, no cell is in coverage
[2023-01-10 09:03:19.558] [rrc] [error] Cell selection failure, no suitable or acceptable cell found
[2023-01-10 09:03:20.352] [nas] [error] PLMN selection failure, no cells in coverage
[2023-01-10 09:03:49.570] [rrc] [warning] Acceptable cell selection failed, no cell is in coverage
[2023-01-10 09:03:49.570] [rrc] [error] Cell selection failure, no suitable or acceptable cell found
[2023-01-10 09:03:51.180] [nas] [error] PLMN selection failure, no cells in coverage
[2023-01-10 09:04:19.582] [rrc] [warning] Acceptable cell selection failed, no cell is in coverage
[2023-01-10 09:04:19.582] [rrc] [error] Cell selection failure, no suitable or acceptable cell found
[2023-01-10 09:04:22.008] [nas] [error] PLMN selection failure, no cells in coverage
[2023-01-10 09:04:49.594] [rrc] [warning] Acceptable cell selection failed, no cell is in coverage
[2023-01-10 09:04:49.594] [rrc] [error] Cell selection failure, no suitable or acceptable cell found
[2023-01-10 09:04:52.836] [nas] [error] PLMN selection failure, no cells in coverage
[2023-01-10 09:05:19.606] [rrc] [warning] Acceptable cell selection failed, no cell is in coverage
[2023-01-10 09:05:19.606] [rrc] [error] Cell selection failure, no suitable or acceptable cell found
[2023-01-10 09:05:23.665] [nas] [error] PLMN selection failure, no cells in coverage
[2023-01-10 09:05:49.618] [rrc] [warning] Acceptable cell selection failed, no cell is in coverage
[2023-01-10 09:05:49.618] [rrc] [error] Cell selection failure, no suitable or acceptable cell found
[2023-01-10 09:05:54.493] [nas] [error] PLMN selection failure, no cells in coverage
[2023-01-10 09:06:19.630] [rrc] [warning] Acceptable cell selection failed, no cell is in coverage
[2023-01-10 09:06:19.630] [rrc] [error] Cell selection failure, no suitable or acceptable cell found
[2023-01-10 09:06:25.321] [nas] [error] PLMN selection failure, no cells in coverage
[2023-01-10 09:06:49.643] [rrc] [warning] Acceptable cell selection failed, no cell is in coverage
[2023-01-10 09:06:49.643] [rrc] [error] Cell selection failure, no suitable or acceptable cell found
