UERANSIM v3.2.6
[2023-01-10 07:18:17.777] [nas] [info] UE switches to state [MM-DEREGISTERED/PLMN-SEARCH]
[2023-01-10 07:18:17.778] [rrc] [debug] New signal detected for cell[1], total [1] cells in coverage
[2023-01-10 07:18:17.778] [nas] [info] Selected plmn[208/93]
[2023-01-10 07:18:17.778] [rrc] [info] Selected cell plmn[208/93] tac[1] category[SUITABLE]
[2023-01-10 07:18:17.778] [nas] [info] UE switches to state [MM-DEREGISTERED/PS]
[2023-01-10 07:18:17.778] [nas] [info] UE switches to state [MM-DEREGISTERED/NORMAL-SERVICE]
[2023-01-10 07:18:17.778] [nas] [debug] Initial registration required due to [MM-DEREG-NORMAL-SERVICE]
[2023-01-10 07:18:17.778] [nas] [debug] UAC access attempt is allowed for identity[0], category[MO_sig]
[2023-01-10 07:18:17.778] [nas] [debug] Sending Initial Registration
[2023-01-10 07:18:17.778] [nas] [info] UE switches to state [MM-REGISTER-INITIATED]
[2023-01-10 07:18:17.778] [rrc] [debug] Sending RRC Setup Request
[2023-01-10 07:18:17.779] [rrc] [info] RRC connection established
[2023-01-10 07:18:17.779] [rrc] [info] UE switches to state [RRC-CONNECTED]
[2023-01-10 07:18:17.779] [nas] [info] UE switches to state [CM-CONNECTED]
[2023-01-10 07:18:17.797] [nas] [debug] Authentication Request received
[2023-01-10 07:18:17.803] [nas] [debug] Security Mode Command received
[2023-01-10 07:18:17.803] [nas] [debug] Selected integrity[2] ciphering[0]
[2023-01-10 07:18:17.829] [nas] [debug] Registration accept received
[2023-01-10 07:18:17.829] [nas] [info] UE switches to state [MM-REGISTERED/NORMAL-SERVICE]
[2023-01-10 07:18:17.829] [nas] [debug] Sending Registration Complete
[2023-01-10 07:18:17.829] [nas] [info] Initial Registration is successful
[2023-01-10 07:18:17.829] [nas] [debug] Sending PDU Session Establishment Request
[2023-01-10 07:18:17.831] [nas] [debug] UAC access attempt is allowed for identity[0], category[MO_sig]
[2023-01-10 07:18:18.066] [nas] [debug] PDU Session Establishment Accept received
[2023-01-10 07:18:18.066] [nas] [info] PDU Session establishment is successful PSI[1]
[2023-01-10 07:18:18.083] [app] [info] Connection setup for PDU session[1] is successful, TUN interface[uesimtun7, 10.60.0.67] is up.
[2023-01-10 07:18:23.963] [nas] [debug] Sending PDU Session Release Request for PSI[1]
[2023-01-10 07:18:24.002] [nas] [debug] Sending PDU Session Establishment Request
[2023-01-10 07:18:24.103] [nas] [error] No response from RRC from UAC checks, considering access attempt is barred
[2023-01-10 07:18:24.128] [nas] [debug] PDU Session Release Command received
[2023-01-10 07:18:24.128] [nas] [debug] Performing local release of PDU session[1]
[2023-01-10 07:18:40.802] [nas] [warning] Retransmitting PDU Session Establishment Request due to T3580 expiry
[2023-01-10 07:18:40.802] [nas] [debug] UAC access attempt is allowed for identity[0], category[MO_sig]
[2023-01-10 07:18:40.897] [nas] [debug] PDU Session Establishment Accept received
[2023-01-10 07:18:40.897] [nas] [info] PDU Session establishment is successful PSI[2]
[2023-01-10 07:18:40.914] [app] [info] Connection setup for PDU session[2] is successful, TUN interface[uesimtun3, 10.60.0.80] is up.
[2023-01-10 07:18:44.231] [nas] [debug] Sending PDU Session Release Request for PSI[2]
[2023-01-10 07:18:44.237] [nas] [debug] De-registration required due to [NORMAL]
[2023-01-10 07:18:44.240] [nas] [debug] Starting de-registration procedure due to [NORMAL]
[2023-01-10 07:18:44.240] [nas] [debug] Performing local release of PDU session[2]
[2023-01-10 07:18:44.240] [nas] [info] UE switches to state [MM-DEREGISTER-INITIATED]
[2023-01-10 07:18:44.265] [nas] [debug] De-registration required due to [NORMAL]
[2023-01-10 07:18:44.408] [rrc] [debug] RRC Release received
[2023-01-10 07:18:44.408] [nas] [debug] PDU Session Release Command received
[2023-01-10 07:18:44.408] [nas] [error] PS[2] is already in inactive state, ignoring release command
[2023-01-10 07:18:44.408] [nas] [warning] Sending SM Cause[INVALID_PDU_SESSION_IDENTITY] for PSI[2]
[2023-01-10 07:18:44.408] [nas] [debug] De-registration accept received
[2023-01-10 07:18:44.408] [nas] [info] UE switches to state [MM-DEREGISTERED/PS]
[2023-01-10 07:18:44.408] [nas] [info] De-registration is successful
[2023-01-10 07:18:44.408] [nas] [info] UE switches to state [CM-IDLE]
[2023-01-10 07:18:44.408] [nas] [info] UE switches to state [MM-DEREGISTERED/NORMAL-SERVICE]
[2023-01-10 07:18:44.408] [nas] [debug] Initial registration required due to [MM-DEREG-NORMAL-SERVICE]
[2023-01-10 07:18:44.408] [rrc] [debug] Sending RRC Setup Request
[2023-01-10 07:18:44.409] [nas] [debug] UAC access attempt is allowed for identity[0], category[MO_sig]
[2023-01-10 07:18:44.409] [nas] [debug] Sending Initial Registration
[2023-01-10 07:18:44.409] [nas] [debug] Deleting NAS security context
[2023-01-10 07:18:44.409] [nas] [info] UE switches to state [MM-REGISTER-INITIATED]
[2023-01-10 07:18:44.410] [rrc] [debug] Sending RRC Setup Request
[2023-01-10 07:18:44.411] [rrc] [info] RRC connection established
[2023-01-10 07:18:44.411] [rrc] [info] UE switches to state [RRC-CONNECTED]
[2023-01-10 07:18:44.411] [nas] [info] UE switches to state [CM-CONNECTED]
[2023-01-10 07:18:44.595] [nas] [debug] Authentication Request received
[2023-01-10 07:18:44.602] [nas] [debug] Security Mode Command received
[2023-01-10 07:18:44.602] [nas] [debug] Selected integrity[2] ciphering[0]
[2023-01-10 07:18:44.625] [nas] [debug] Registration accept received
[2023-01-10 07:18:44.625] [nas] [info] UE switches to state [MM-REGISTERED/NORMAL-SERVICE]
[2023-01-10 07:18:44.625] [nas] [debug] Sending Registration Complete
[2023-01-10 07:18:44.625] [nas] [info] Initial Registration is successful
[2023-01-10 07:18:44.625] [nas] [debug] Sending PDU Session Establishment Request
[2023-01-10 07:18:44.627] [nas] [debug] UAC access attempt is allowed for identity[0], category[MO_sig]
[2023-01-10 07:18:44.864] [nas] [debug] PDU Session Establishment Accept received
[2023-01-10 07:18:44.864] [nas] [info] PDU Session establishment is successful PSI[1]
[2023-01-10 07:18:44.883] [app] [info] Connection setup for PDU session[1] is successful, TUN interface[uesimtun0, 10.60.0.85] is up.
[2023-01-10 07:18:49.296] [nas] [debug] Sending PDU Session Release Request for PSI[1]
[2023-01-10 07:18:49.321] [nas] [debug] Sending PDU Session Release Request for PSI[1]
[2023-01-10 07:18:49.324] [nas] [debug] PDU Session Release Command received
[2023-01-10 07:18:49.324] [nas] [debug] Performing local release of PDU session[1]
[2023-01-10 07:18:49.357] [nas] [debug] De-registration required due to [NORMAL]
[2023-01-10 07:18:49.366] [nas] [debug] Starting de-registration procedure due to [NORMAL]
[2023-01-10 07:18:49.366] [nas] [info] UE switches to state [MM-DEREGISTER-INITIATED]
[2023-01-10 07:18:49.518] [nas] [error] PDU Session Release Reject received [REQUEST_REJECTED_UNSPECIFIED]
[2023-01-10 07:18:49.518] [nas] [error] PS release reject received without being requested
[2023-01-10 07:18:49.518] [nas] [warning] Sending SM Cause[MESSAGE_TYPE_NOT_COMPATIBLE_WITH_THE_PROTOCOL_STATE] for PSI[1]
[2023-01-10 07:18:49.525] [nas] [debug] De-registration accept received
[2023-01-10 07:18:49.525] [nas] [info] UE switches to state [MM-DEREGISTERED/PS]
[2023-01-10 07:18:49.525] [nas] [info] De-registration is successful
[2023-01-10 07:18:49.525] [nas] [info] UE switches to state [MM-DEREGISTERED/NORMAL-SERVICE]
[2023-01-10 07:18:49.525] [nas] [debug] Initial registration required due to [MM-DEREG-NORMAL-SERVICE]
[2023-01-10 07:18:49.525] [nas] [debug] Sending Initial Registration
[2023-01-10 07:18:49.525] [nas] [debug] Deleting NAS security context
[2023-01-10 07:18:49.525] [nas] [info] UE switches to state [MM-REGISTER-INITIATED]
[2023-01-10 07:18:49.527] [rrc] [debug] RRC Release received
[2023-01-10 07:18:49.527] [nas] [info] UE switches to state [CM-IDLE]
[2023-01-10 07:18:49.527] [nas] [info] UE switches to state [MM-DEREGISTERED/PS]
[2023-01-10 07:18:49.527] [nas] [info] UE switches to state [5U2-NOT-UPDATED]
[2023-01-10 07:18:49.527] [nas] [info] UE switches to state [MM-DEREGISTERED/ATTEMPTING-REGISTRATION]
[2023-01-10 07:18:59.822] [nas] [debug] NAS timer[3511] expired [1]
[2023-01-10 07:18:59.822] [nas] [debug] Initial registration required due to [T3511-EXPIRY-IN-ATT-REG]
[2023-01-10 07:18:59.822] [nas] [debug] UAC access attempt is allowed for identity[0], category[MO_sig]
[2023-01-10 07:18:59.822] [nas] [debug] Sending Initial Registration
[2023-01-10 07:18:59.822] [nas] [info] UE switches to state [MM-REGISTER-INITIATED]
[2023-01-10 07:18:59.822] [rrc] [debug] Sending RRC Setup Request
[2023-01-10 07:18:59.823] [rrc] [info] RRC connection established
[2023-01-10 07:18:59.823] [rrc] [info] UE switches to state [RRC-CONNECTED]
[2023-01-10 07:18:59.823] [nas] [info] UE switches to state [CM-CONNECTED]
[2023-01-10 07:18:59.889] [nas] [debug] Authentication Request received
[2023-01-10 07:19:00.099] [nas] [debug] Security Mode Command received
[2023-01-10 07:19:00.099] [nas] [debug] Selected integrity[2] ciphering[0]
[2023-01-10 07:19:00.127] [nas] [debug] Registration accept received
[2023-01-10 07:19:00.127] [nas] [info] UE switches to state [MM-REGISTERED/NORMAL-SERVICE]
[2023-01-10 07:19:00.127] [nas] [info] UE switches to state [5U1-UPDATED]
[2023-01-10 07:19:00.127] [nas] [debug] Sending Registration Complete
[2023-01-10 07:19:00.127] [nas] [info] Initial Registration is successful
[2023-01-10 07:19:00.127] [nas] [debug] Sending PDU Session Establishment Request
[2023-01-10 07:19:00.128] [nas] [debug] UAC access attempt is allowed for identity[0], category[MO_sig]
[2023-01-10 07:19:00.363] [nas] [debug] PDU Session Establishment Accept received
[2023-01-10 07:19:00.363] [nas] [info] PDU Session establishment is successful PSI[1]
[2023-01-10 07:19:00.381] [app] [info] Connection setup for PDU session[1] is successful, TUN interface[uesimtun0, 10.60.0.94] is up.
[2023-01-10 07:19:00.823] [nas] [warning] Retransmitting PDU Session Release Request due to T3582 expiry
[2023-01-10 07:19:00.853] [nas] [error] SM forwarding failure for message type[209] with cause[PAYLOAD_NOT_FORWARDED]
[2023-01-10 07:19:00.853] [nas] [debug] Aborting SM procedure for PTI[1], PSI[2]
[2023-01-10 07:19:00.853] [nas] [debug] Performing local release of PDU session[2]
[2023-01-10 07:19:04.393] [nas] [debug] Sending PDU Session Release Request for PSI[1]
[2023-01-10 07:19:04.406] [nas] [debug] PDU Session Release Command received
[2023-01-10 07:19:04.406] [nas] [debug] Performing local release of PDU session[1]
[2023-01-10 07:19:05.120] [nas] [debug] Sending PDU Session Establishment Request
[2023-01-10 07:19:05.124] [nas] [debug] UAC access attempt is allowed for identity[0], category[MO_sig]
[2023-01-10 07:19:05.351] [nas] [debug] PDU Session Establishment Accept received
[2023-01-10 07:19:05.351] [nas] [info] PDU Session establishment is successful PSI[1]
[2023-01-10 07:19:05.362] [app] [info] Connection setup for PDU session[1] is successful, TUN interface[uesimtun1, 10.60.0.97] is up.
