UERANSIM v3.2.6
[2023-01-10 08:44:46.638] [nas] [info] UE switches to state [MM-DEREGISTERED/PLMN-SEARCH]
[2023-01-10 08:44:46.638] [rrc] [debug] New signal detected for cell[1], total [1] cells in coverage
[2023-01-10 08:44:46.642] [nas] [info] Selected plmn[208/93]
[2023-01-10 08:44:46.642] [rrc] [info] Selected cell plmn[208/93] tac[1] category[SUITABLE]
[2023-01-10 08:44:46.642] [nas] [info] UE switches to state [MM-DEREGISTERED/PS]
[2023-01-10 08:44:46.642] [nas] [info] UE switches to state [MM-DEREGISTERED/NORMAL-SERVICE]
[2023-01-10 08:44:46.642] [nas] [debug] Initial registration required due to [MM-DEREG-NORMAL-SERVICE]
[2023-01-10 08:44:46.646] [nas] [debug] UAC access attempt is allowed for identity[0], category[MO_sig]
[2023-01-10 08:44:46.646] [nas] [debug] Sending Initial Registration
[2023-01-10 08:44:46.646] [nas] [info] UE switches to state [MM-REGISTER-INITIATED]
[2023-01-10 08:44:46.647] [rrc] [debug] Sending RRC Setup Request
[2023-01-10 08:44:46.650] [rrc] [info] RRC connection established
[2023-01-10 08:44:46.650] [rrc] [info] UE switches to state [RRC-CONNECTED]
[2023-01-10 08:44:46.650] [nas] [info] UE switches to state [CM-CONNECTED]
[2023-01-10 08:44:46.670] [nas] [debug] Authentication Request received
[2023-01-10 08:44:46.670] [nas] [debug] Sending Authentication Failure due to SQN out of range
[2023-01-10 08:44:46.683] [nas] [debug] Authentication Request received
[2023-01-10 08:44:46.689] [nas] [debug] Security Mode Command received
[2023-01-10 08:44:46.689] [nas] [debug] Selected integrity[2] ciphering[0]
[2023-01-10 08:44:46.715] [nas] [debug] Registration accept received
[2023-01-10 08:44:46.715] [nas] [info] UE switches to state [MM-REGISTERED/NORMAL-SERVICE]
[2023-01-10 08:44:46.715] [nas] [debug] Sending Registration Complete
[2023-01-10 08:44:46.715] [nas] [info] Initial Registration is successful
[2023-01-10 08:44:46.715] [nas] [debug] Sending PDU Session Establishment Request
[2023-01-10 08:44:46.715] [nas] [debug] UAC access attempt is allowed for identity[0], category[MO_sig]
[2023-01-10 08:44:46.952] [nas] [debug] PDU Session Establishment Accept received
[2023-01-10 08:44:46.952] [nas] [info] PDU Session establishment is successful PSI[1]
[2023-01-10 08:44:46.975] [app] [info] Connection setup for PDU session[1] is successful, TUN interface[uesimtun56, 10.60.0.61] is up.
[2023-01-10 08:46:15.907] [nas] [debug] Sending PDU Session Establishment Request
[2023-01-10 08:46:16.041] [nas] [error] No response from RRC from UAC checks, considering access attempt is barred
[2023-01-10 08:46:16.612] [nas] [warning] PDU session release procedure could not start: PS[2] is not active already
[2023-01-10 08:46:18.108] [rrc] [debug] Signal lost for cell[1], total [0] cells in coverage
[2023-01-10 08:46:18.108] [nas] [error] Radio link failure detected
[2023-01-10 08:46:18.108] [nas] [info] UE switches to state [CM-IDLE]
[2023-01-10 08:46:18.108] [nas] [info] UE switches to state [MM-REGISTERED/PS]
[2023-01-10 08:46:18.108] [nas] [info] UE switches to state [MM-REGISTERED/PLMN-SEARCH]
[2023-01-10 08:46:18.108] [nas] [error] PLMN selection failure, no cells in coverage
[2023-01-10 08:46:19.176] [rrc] [warning] Acceptable cell selection failed, no cell is in coverage
[2023-01-10 08:46:19.176] [rrc] [error] Cell selection failure, no suitable or acceptable cell found
[2023-01-10 08:46:20.229] [nas] [error] PLMN selection failure, no cells in coverage
[2023-01-10 08:46:22.431] [nas] [error] PLMN selection failure, no cells in coverage
[2023-01-10 08:46:23.532] [nas] [info] UE switches to state [MM-REGISTERED/NO-CELL-AVAILABLE]
[2023-01-10 08:46:32.759] [nas] [warning] Retransmitting PDU Session Establishment Request due to T3580 expiry
[2023-01-10 08:46:32.762] [nas] [error] UAC access attempt is barred for identity[0], category[MO_sig]
[2023-01-10 08:46:48.776] [nas] [warning] Retransmitting PDU Session Establishment Request due to T3580 expiry
[2023-01-10 08:46:48.778] [nas] [error] UAC access attempt is barred for identity[0], category[MO_sig]
[2023-01-10 08:46:49.188] [rrc] [warning] Acceptable cell selection failed, no cell is in coverage
[2023-01-10 08:46:49.188] [rrc] [error] Cell selection failure, no suitable or acceptable cell found
[2023-01-10 08:46:53.259] [nas] [error] PLMN selection failure, no cells in coverage
[2023-01-10 08:47:04.793] [nas] [warning] Retransmitting PDU Session Establishment Request due to T3580 expiry
[2023-01-10 08:47:04.793] [nas] [error] UAC access attempt is barred for identity[0], category[MO_sig]
[2023-01-10 08:47:19.200] [rrc] [warning] Acceptable cell selection failed, no cell is in coverage
[2023-01-10 08:47:19.200] [rrc] [error] Cell selection failure, no suitable or acceptable cell found
[2023-01-10 08:47:20.809] [nas] [warning] Retransmitting PDU Session Establishment Request due to T3580 expiry
[2023-01-10 08:47:20.809] [nas] [error] UAC access attempt is barred for identity[0], category[MO_sig]
[2023-01-10 08:47:24.087] [nas] [error] PLMN selection failure, no cells in coverage
[2023-01-10 08:47:36.829] [nas] [error] PDU Session Establishment procedure failure, no response from the network after 5 attempts
[2023-01-10 08:47:36.829] [nas] [debug] Aborting SM procedure for PTI[1], PSI[2]
[2023-01-10 08:47:49.212] [rrc] [warning] Acceptable cell selection failed, no cell is in coverage
[2023-01-10 08:47:49.212] [rrc] [error] Cell selection failure, no suitable or acceptable cell found
[2023-01-10 08:47:54.916] [nas] [error] PLMN selection failure, no cells in coverage
[2023-01-10 08:48:17.375] [nas] [debug] De-registration required due to [NORMAL]
[2023-01-10 08:48:19.224] [rrc] [warning] Acceptable cell selection failed, no cell is in coverage
[2023-01-10 08:48:19.224] [rrc] [error] Cell selection failure, no suitable or acceptable cell found
[2023-01-10 08:48:25.744] [nas] [error] PLMN selection failure, no cells in coverage
[2023-01-10 08:48:49.236] [rrc] [warning] Acceptable cell selection failed, no cell is in coverage
[2023-01-10 08:48:49.236] [rrc] [error] Cell selection failure, no suitable or acceptable cell found
[2023-01-10 08:48:56.573] [nas] [error] PLMN selection failure, no cells in coverage
[2023-01-10 08:49:19.248] [rrc] [warning] Acceptable cell selection failed, no cell is in coverage
[2023-01-10 08:49:19.248] [rrc] [error] Cell selection failure, no suitable or acceptable cell found
[2023-01-10 08:49:27.401] [nas] [error] PLMN selection failure, no cells in coverage
[2023-01-10 08:49:49.260] [rrc] [warning] Acceptable cell selection failed, no cell is in coverage
[2023-01-10 08:49:49.260] [rrc] [error] Cell selection failure, no suitable or acceptable cell found
[2023-01-10 08:49:58.240] [nas] [error] PLMN selection failure, no cells in coverage
[2023-01-10 08:50:19.272] [rrc] [warning] Acceptable cell selection failed, no cell is in coverage
[2023-01-10 08:50:19.272] [rrc] [error] Cell selection failure, no suitable or acceptable cell found
[2023-01-10 08:50:29.068] [nas] [error] PLMN selection failure, no cells in coverage
[2023-01-10 08:50:49.284] [rrc] [warning] Acceptable cell selection failed, no cell is in coverage
[2023-01-10 08:50:49.284] [rrc] [error] Cell selection failure, no suitable or acceptable cell found
[2023-01-10 08:50:59.896] [nas] [error] PLMN selection failure, no cells in coverage
[2023-01-10 08:51:19.296] [rrc] [warning] Acceptable cell selection failed, no cell is in coverage
[2023-01-10 08:51:19.296] [rrc] [error] Cell selection failure, no suitable or acceptable cell found
[2023-01-10 08:51:30.724] [nas] [error] PLMN selection failure, no cells in coverage
[2023-01-10 08:51:49.308] [rrc] [warning] Acceptable cell selection failed, no cell is in coverage
[2023-01-10 08:51:49.308] [rrc] [error] Cell selection failure, no suitable or acceptable cell found
[2023-01-10 08:52:01.552] [nas] [error] PLMN selection failure, no cells in coverage
[2023-01-10 08:52:19.320] [rrc] [warning] Acceptable cell selection failed, no cell is in coverage
[2023-01-10 08:52:19.320] [rrc] [error] Cell selection failure, no suitable or acceptable cell found
[2023-01-10 08:52:32.380] [nas] [error] PLMN selection failure, no cells in coverage
[2023-01-10 08:52:49.332] [rrc] [warning] Acceptable cell selection failed, no cell is in coverage
[2023-01-10 08:52:49.332] [rrc] [error] Cell selection failure, no suitable or acceptable cell found
[2023-01-10 08:53:03.208] [nas] [error] PLMN selection failure, no cells in coverage
[2023-01-10 08:53:19.344] [rrc] [warning] Acceptable cell selection failed, no cell is in coverage
[2023-01-10 08:53:19.344] [rrc] [error] Cell selection failure, no suitable or acceptable cell found
[2023-01-10 08:53:34.036] [nas] [error] PLMN selection failure, no cells in coverage
[2023-01-10 08:53:49.356] [rrc] [warning] Acceptable cell selection failed, no cell is in coverage
[2023-01-10 08:53:49.356] [rrc] [error] Cell selection failure, no suitable or acceptable cell found
[2023-01-10 08:54:04.864] [nas] [error] PLMN selection failure, no cells in coverage
[2023-01-10 08:54:19.368] [rrc] [warning] Acceptable cell selection failed, no cell is in coverage
[2023-01-10 08:54:19.368] [rrc] [error] Cell selection failure, no suitable or acceptable cell found
[2023-01-10 08:54:35.692] [nas] [error] PLMN selection failure, no cells in coverage
[2023-01-10 08:54:49.380] [rrc] [warning] Acceptable cell selection failed, no cell is in coverage
[2023-01-10 08:54:49.380] [rrc] [error] Cell selection failure, no suitable or acceptable cell found
[2023-01-10 08:55:06.520] [nas] [error] PLMN selection failure, no cells in coverage
[2023-01-10 08:55:19.392] [rrc] [warning] Acceptable cell selection failed, no cell is in coverage
[2023-01-10 08:55:19.392] [rrc] [error] Cell selection failure, no suitable or acceptable cell found
[2023-01-10 08:55:37.348] [nas] [error] PLMN selection failure, no cells in coverage
[2023-01-10 08:55:49.404] [rrc] [warning] Acceptable cell selection failed, no cell is in coverage
[2023-01-10 08:55:49.404] [rrc] [error] Cell selection failure, no suitable or acceptable cell found
[2023-01-10 08:56:08.176] [nas] [error] PLMN selection failure, no cells in coverage
[2023-01-10 08:56:19.416] [rrc] [warning] Acceptable cell selection failed, no cell is in coverage
[2023-01-10 08:56:19.416] [rrc] [error] Cell selection failure, no suitable or acceptable cell found
[2023-01-10 08:56:39.004] [nas] [error] PLMN selection failure, no cells in coverage
[2023-01-10 08:56:49.428] [rrc] [warning] Acceptable cell selection failed, no cell is in coverage
[2023-01-10 08:56:49.428] [rrc] [error] Cell selection failure, no suitable or acceptable cell found
[2023-01-10 08:57:09.832] [nas] [error] PLMN selection failure, no cells in coverage
[2023-01-10 08:57:19.440] [rrc] [warning] Acceptable cell selection failed, no cell is in coverage
[2023-01-10 08:57:19.440] [rrc] [error] Cell selection failure, no suitable or acceptable cell found
[2023-01-10 08:57:40.660] [nas] [error] PLMN selection failure, no cells in coverage
[2023-01-10 08:57:49.452] [rrc] [warning] Acceptable cell selection failed, no cell is in coverage
[2023-01-10 08:57:49.452] [rrc] [error] Cell selection failure, no suitable or acceptable cell found
[2023-01-10 08:58:11.489] [nas] [error] PLMN selection failure, no cells in coverage
[2023-01-10 08:58:19.464] [rrc] [warning] Acceptable cell selection failed, no cell is in coverage
[2023-01-10 08:58:19.464] [rrc] [error] Cell selection failure, no suitable or acceptable cell found
[2023-01-10 08:58:42.317] [nas] [error] PLMN selection failure, no cells in coverage
[2023-01-10 08:58:49.477] [rrc] [warning] Acceptable cell selection failed, no cell is in coverage
[2023-01-10 08:58:49.477] [rrc] [error] Cell selection failure, no suitable or acceptable cell found
[2023-01-10 08:59:13.145] [nas] [error] PLMN selection failure, no cells in coverage
[2023-01-10 08:59:19.489] [rrc] [warning] Acceptable cell selection failed, no cell is in coverage
[2023-01-10 08:59:19.489] [rrc] [error] Cell selection failure, no suitable or acceptable cell found
[2023-01-10 08:59:43.973] [nas] [error] PLMN selection failure, no cells in coverage
[2023-01-10 08:59:49.501] [rrc] [warning] Acceptable cell selection failed, no cell is in coverage
[2023-01-10 08:59:49.501] [rrc] [error] Cell selection failure, no suitable or acceptable cell found
[2023-01-10 09:00:14.801] [nas] [error] PLMN selection failure, no cells in coverage
[2023-01-10 09:00:19.514] [rrc] [warning] Acceptable cell selection failed, no cell is in coverage
[2023-01-10 09:00:19.514] [rrc] [error] Cell selection failure, no suitable or acceptable cell found
[2023-01-10 09:00:45.629] [nas] [error] PLMN selection failure, no cells in coverage
[2023-01-10 09:00:49.526] [rrc] [warning] Acceptable cell selection failed, no cell is in coverage
[2023-01-10 09:00:49.526] [rrc] [error] Cell selection failure, no suitable or acceptable cell found
[2023-01-10 09:01:16.458] [nas] [error] PLMN selection failure, no cells in coverage
[2023-01-10 09:01:19.538] [rrc] [warning] Acceptable cell selection failed, no cell is in coverage
[2023-01-10 09:01:19.538] [rrc] [error] Cell selection failure, no suitable or acceptable cell found
[2023-01-10 09:01:47.287] [nas] [error] PLMN selection failure, no cells in coverage
[2023-01-10 09:01:49.550] [rrc] [warning] Acceptable cell selection failed, no cell is in coverage
[2023-01-10 09:01:49.550] [rrc] [error] Cell selection failure, no suitable or acceptable cell found
[2023-01-10 09:02:18.115] [nas] [error] PLMN selection failure, no cells in coverage
[2023-01-10 09:02:19.562] [rrc] [warning] Acceptable cell selection failed, no cell is in coverage
[2023-01-10 09:02:19.562] [rrc] [error] Cell selection failure, no suitable or acceptable cell found
[2023-01-10 09:02:48.943] [nas] [error] PLMN selection failure, no cells in coverage
[2023-01-10 09:02:49.574] [rrc] [warning] Acceptable cell selection failed, no cell is in coverage
[2023-01-10 09:02:49.574] [rrc] [error] Cell selection failure, no suitable or acceptable cell found
[2023-01-10 09:03:19.586] [rrc] [warning] Acceptable cell selection failed, no cell is in coverage
[2023-01-10 09:03:19.586] [rrc] [error] Cell selection failure, no suitable or acceptable cell found
[2023-01-10 09:03:19.771] [nas] [error] PLMN selection failure, no cells in coverage
[2023-01-10 09:03:49.598] [rrc] [warning] Acceptable cell selection failed, no cell is in coverage
[2023-01-10 09:03:49.598] [rrc] [error] Cell selection failure, no suitable or acceptable cell found
[2023-01-10 09:03:50.599] [nas] [error] PLMN selection failure, no cells in coverage
[2023-01-10 09:04:19.610] [rrc] [warning] Acceptable cell selection failed, no cell is in coverage
[2023-01-10 09:04:19.610] [rrc] [error] Cell selection failure, no suitable or acceptable cell found
[2023-01-10 09:04:21.427] [nas] [error] PLMN selection failure, no cells in coverage
[2023-01-10 09:04:49.622] [rrc] [warning] Acceptable cell selection failed, no cell is in coverage
[2023-01-10 09:04:49.622] [rrc] [error] Cell selection failure, no suitable or acceptable cell found
[2023-01-10 09:04:52.257] [nas] [error] PLMN selection failure, no cells in coverage
[2023-01-10 09:05:19.634] [rrc] [warning] Acceptable cell selection failed, no cell is in coverage
[2023-01-10 09:05:19.634] [rrc] [error] Cell selection failure, no suitable or acceptable cell found
[2023-01-10 09:05:23.085] [nas] [error] PLMN selection failure, no cells in coverage
[2023-01-10 09:05:49.646] [rrc] [warning] Acceptable cell selection failed, no cell is in coverage
[2023-01-10 09:05:49.646] [rrc] [error] Cell selection failure, no suitable or acceptable cell found
[2023-01-10 09:05:53.913] [nas] [error] PLMN selection failure, no cells in coverage
[2023-01-10 09:06:19.658] [rrc] [warning] Acceptable cell selection failed, no cell is in coverage
[2023-01-10 09:06:19.658] [rrc] [error] Cell selection failure, no suitable or acceptable cell found
[2023-01-10 09:06:24.741] [nas] [error] PLMN selection failure, no cells in coverage
[2023-01-10 09:06:49.671] [rrc] [warning] Acceptable cell selection failed, no cell is in coverage
[2023-01-10 09:06:49.671] [rrc] [error] Cell selection failure, no suitable or acceptable cell found
[2023-01-10 09:06:55.569] [nas] [error] PLMN selection failure, no cells in coverage
