UERANSIM v3.2.6
[2023-01-10 08:44:20.610] [nas] [info] UE switches to state [MM-DEREGISTERED/PLMN-SEARCH]
[2023-01-10 08:44:20.613] [rrc] [debug] New signal detected for cell[1], total [1] cells in coverage
[2023-01-10 08:44:20.614] [nas] [info] Selected plmn[208/93]
[2023-01-10 08:44:20.614] [rrc] [info] Selected cell plmn[208/93] tac[1] category[SUITABLE]
[2023-01-10 08:44:20.614] [nas] [info] UE switches to state [MM-DEREGISTERED/PS]
[2023-01-10 08:44:20.614] [nas] [info] UE switches to state [MM-DEREGISTERED/NORMAL-SERVICE]
[2023-01-10 08:44:20.614] [nas] [debug] Initial registration required due to [MM-DEREG-NORMAL-SERVICE]
[2023-01-10 08:44:20.614] [nas] [debug] UAC access attempt is allowed for identity[0], category[MO_sig]
[2023-01-10 08:44:20.614] [nas] [debug] Sending Initial Registration
[2023-01-10 08:44:20.614] [nas] [info] UE switches to state [MM-REGISTER-INITIATED]
[2023-01-10 08:44:20.614] [rrc] [debug] Sending RRC Setup Request
[2023-01-10 08:44:20.614] [rrc] [info] RRC connection established
[2023-01-10 08:44:20.614] [rrc] [info] UE switches to state [RRC-CONNECTED]
[2023-01-10 08:44:20.614] [nas] [info] UE switches to state [CM-CONNECTED]
[2023-01-10 08:44:20.636] [nas] [debug] Authentication Request received
[2023-01-10 08:44:20.636] [nas] [debug] Sending Authentication Failure due to SQN out of range
[2023-01-10 08:44:20.647] [nas] [debug] Authentication Request received
[2023-01-10 08:44:20.655] [nas] [debug] Security Mode Command received
[2023-01-10 08:44:20.655] [nas] [debug] Selected integrity[2] ciphering[0]
[2023-01-10 08:44:20.683] [nas] [debug] Registration accept received
[2023-01-10 08:44:20.683] [nas] [info] UE switches to state [MM-REGISTERED/NORMAL-SERVICE]
[2023-01-10 08:44:20.683] [nas] [debug] Sending Registration Complete
[2023-01-10 08:44:20.683] [nas] [info] Initial Registration is successful
[2023-01-10 08:44:20.683] [nas] [debug] Sending PDU Session Establishment Request
[2023-01-10 08:44:20.683] [nas] [debug] UAC access attempt is allowed for identity[0], category[MO_sig]
[2023-01-10 08:44:20.923] [nas] [debug] PDU Session Establishment Accept received
[2023-01-10 08:44:20.923] [nas] [info] PDU Session establishment is successful PSI[1]
[2023-01-10 08:44:20.948] [app] [info] Connection setup for PDU session[1] is successful, TUN interface[uesimtun43, 10.60.0.48] is up.
[2023-01-10 08:46:18.404] [nas] [debug] Sending PDU Session Establishment Request
[2023-01-10 08:46:18.507] [nas] [error] No response from RRC from UAC checks, considering access attempt is barred
[2023-01-10 08:46:18.578] [nas] [debug] Sending PDU Session Release Request for PSI[1]
[2023-01-10 08:46:18.723] [nas] [warning] PDU session release procedure could not start: PS[2] is not active already
[2023-01-10 08:46:18.921] [rrc] [debug] Signal lost for cell[1], total [0] cells in coverage
[2023-01-10 08:46:18.921] [nas] [error] Radio link failure detected
[2023-01-10 08:46:18.921] [nas] [info] UE switches to state [CM-IDLE]
[2023-01-10 08:46:18.921] [nas] [info] UE switches to state [MM-REGISTERED/PS]
[2023-01-10 08:46:18.921] [nas] [info] UE switches to state [MM-REGISTERED/PLMN-SEARCH]
[2023-01-10 08:46:18.921] [nas] [error] PLMN selection failure, no cells in coverage
[2023-01-10 08:46:20.659] [rrc] [warning] Acceptable cell selection failed, no cell is in coverage
[2023-01-10 08:46:20.659] [rrc] [error] Cell selection failure, no suitable or acceptable cell found
[2023-01-10 08:46:21.823] [nas] [error] PLMN selection failure, no cells in coverage
[2023-01-10 08:46:24.025] [nas] [info] UE switches to state [MM-REGISTERED/NO-CELL-AVAILABLE]
[2023-01-10 08:46:34.803] [nas] [warning] Retransmitting PDU Session Establishment Request due to T3580 expiry
[2023-01-10 08:46:34.803] [nas] [error] UAC access attempt is barred for identity[0], category[MO_sig]
[2023-01-10 08:46:34.803] [nas] [warning] Retransmitting PDU Session Release Request due to T3582 expiry
[2023-01-10 08:46:34.803] [nas] [debug] NAS Transport aborted, no active cell
[2023-01-10 08:46:50.671] [rrc] [warning] Acceptable cell selection failed, no cell is in coverage
[2023-01-10 08:46:50.671] [rrc] [error] Cell selection failure, no suitable or acceptable cell found
[2023-01-10 08:46:50.859] [nas] [warning] Retransmitting PDU Session Establishment Request due to T3580 expiry
[2023-01-10 08:46:50.859] [nas] [error] UAC access attempt is barred for identity[0], category[MO_sig]
[2023-01-10 08:46:50.859] [nas] [warning] Retransmitting PDU Session Release Request due to T3582 expiry
[2023-01-10 08:46:50.859] [nas] [debug] NAS Transport aborted, no active cell
[2023-01-10 08:46:52.652] [nas] [error] PLMN selection failure, no cells in coverage
[2023-01-10 08:47:06.914] [nas] [warning] Retransmitting PDU Session Establishment Request due to T3580 expiry
[2023-01-10 08:47:06.914] [nas] [error] UAC access attempt is barred for identity[0], category[MO_sig]
[2023-01-10 08:47:06.914] [nas] [warning] Retransmitting PDU Session Release Request due to T3582 expiry
[2023-01-10 08:47:06.914] [nas] [debug] NAS Transport aborted, no active cell
[2023-01-10 08:47:20.683] [rrc] [warning] Acceptable cell selection failed, no cell is in coverage
[2023-01-10 08:47:20.683] [rrc] [error] Cell selection failure, no suitable or acceptable cell found
[2023-01-10 08:47:22.967] [nas] [warning] Retransmitting PDU Session Establishment Request due to T3580 expiry
[2023-01-10 08:47:22.969] [nas] [error] UAC access attempt is barred for identity[0], category[MO_sig]
[2023-01-10 08:47:22.969] [nas] [warning] Retransmitting PDU Session Release Request due to T3582 expiry
[2023-01-10 08:47:22.969] [nas] [debug] NAS Transport aborted, no active cell
[2023-01-10 08:47:23.480] [nas] [error] PLMN selection failure, no cells in coverage
[2023-01-10 08:47:39.036] [nas] [error] PDU Session Establishment procedure failure, no response from the network after 5 attempts
[2023-01-10 08:47:39.036] [nas] [debug] Aborting SM procedure for PTI[1], PSI[2]
[2023-01-10 08:47:39.036] [nas] [error] PDU Session Release procedure failure, no response from the network after 5 attempts
[2023-01-10 08:47:39.036] [nas] [debug] Aborting SM procedure for PTI[2], PSI[1]
[2023-01-10 08:47:39.036] [nas] [debug] Performing local release of PDU session[1]
[2023-01-10 08:47:39.036] [nas] [debug] Mobility registration updating required due to [PS-STATUS-INFORM]
[2023-01-10 08:47:50.695] [rrc] [warning] Acceptable cell selection failed, no cell is in coverage
[2023-01-10 08:47:50.695] [rrc] [error] Cell selection failure, no suitable or acceptable cell found
[2023-01-10 08:47:54.324] [nas] [error] PLMN selection failure, no cells in coverage
[2023-01-10 08:48:19.178] [nas] [debug] De-registration required due to [NORMAL]
[2023-01-10 08:48:20.707] [rrc] [warning] Acceptable cell selection failed, no cell is in coverage
[2023-01-10 08:48:20.707] [rrc] [error] Cell selection failure, no suitable or acceptable cell found
[2023-01-10 08:48:25.153] [nas] [error] PLMN selection failure, no cells in coverage
[2023-01-10 08:48:50.719] [rrc] [warning] Acceptable cell selection failed, no cell is in coverage
[2023-01-10 08:48:50.719] [rrc] [error] Cell selection failure, no suitable or acceptable cell found
[2023-01-10 08:48:55.981] [nas] [error] PLMN selection failure, no cells in coverage
[2023-01-10 08:49:20.731] [rrc] [warning] Acceptable cell selection failed, no cell is in coverage
[2023-01-10 08:49:20.731] [rrc] [error] Cell selection failure, no suitable or acceptable cell found
[2023-01-10 08:49:26.810] [nas] [error] PLMN selection failure, no cells in coverage
[2023-01-10 08:49:50.743] [rrc] [warning] Acceptable cell selection failed, no cell is in coverage
[2023-01-10 08:49:50.743] [rrc] [error] Cell selection failure, no suitable or acceptable cell found
[2023-01-10 08:49:57.638] [nas] [error] PLMN selection failure, no cells in coverage
[2023-01-10 08:50:20.755] [rrc] [warning] Acceptable cell selection failed, no cell is in coverage
[2023-01-10 08:50:20.755] [rrc] [error] Cell selection failure, no suitable or acceptable cell found
[2023-01-10 08:50:28.466] [nas] [error] PLMN selection failure, no cells in coverage
[2023-01-10 08:50:50.767] [rrc] [warning] Acceptable cell selection failed, no cell is in coverage
[2023-01-10 08:50:50.767] [rrc] [error] Cell selection failure, no suitable or acceptable cell found
[2023-01-10 08:50:59.294] [nas] [error] PLMN selection failure, no cells in coverage
[2023-01-10 08:51:20.779] [rrc] [warning] Acceptable cell selection failed, no cell is in coverage
[2023-01-10 08:51:20.779] [rrc] [error] Cell selection failure, no suitable or acceptable cell found
[2023-01-10 08:51:30.122] [nas] [error] PLMN selection failure, no cells in coverage
[2023-01-10 08:51:50.791] [rrc] [warning] Acceptable cell selection failed, no cell is in coverage
[2023-01-10 08:51:50.791] [rrc] [error] Cell selection failure, no suitable or acceptable cell found
[2023-01-10 08:52:00.950] [nas] [error] PLMN selection failure, no cells in coverage
[2023-01-10 08:52:20.804] [rrc] [warning] Acceptable cell selection failed, no cell is in coverage
[2023-01-10 08:52:20.804] [rrc] [error] Cell selection failure, no suitable or acceptable cell found
[2023-01-10 08:52:31.780] [nas] [error] PLMN selection failure, no cells in coverage
[2023-01-10 08:52:50.816] [rrc] [warning] Acceptable cell selection failed, no cell is in coverage
[2023-01-10 08:52:50.816] [rrc] [error] Cell selection failure, no suitable or acceptable cell found
[2023-01-10 08:53:02.607] [nas] [error] PLMN selection failure, no cells in coverage
[2023-01-10 08:53:20.829] [rrc] [warning] Acceptable cell selection failed, no cell is in coverage
[2023-01-10 08:53:20.829] [rrc] [error] Cell selection failure, no suitable or acceptable cell found
[2023-01-10 08:53:33.436] [nas] [error] PLMN selection failure, no cells in coverage
[2023-01-10 08:53:50.841] [rrc] [warning] Acceptable cell selection failed, no cell is in coverage
[2023-01-10 08:53:50.841] [rrc] [error] Cell selection failure, no suitable or acceptable cell found
[2023-01-10 08:54:04.264] [nas] [error] PLMN selection failure, no cells in coverage
[2023-01-10 08:54:20.853] [rrc] [warning] Acceptable cell selection failed, no cell is in coverage
[2023-01-10 08:54:20.853] [rrc] [error] Cell selection failure, no suitable or acceptable cell found
[2023-01-10 08:54:35.092] [nas] [error] PLMN selection failure, no cells in coverage
[2023-01-10 08:54:50.865] [rrc] [warning] Acceptable cell selection failed, no cell is in coverage
[2023-01-10 08:54:50.865] [rrc] [error] Cell selection failure, no suitable or acceptable cell found
[2023-01-10 08:55:05.920] [nas] [error] PLMN selection failure, no cells in coverage
[2023-01-10 08:55:20.877] [rrc] [warning] Acceptable cell selection failed, no cell is in coverage
[2023-01-10 08:55:20.877] [rrc] [error] Cell selection failure, no suitable or acceptable cell found
[2023-01-10 08:55:36.748] [nas] [error] PLMN selection failure, no cells in coverage
[2023-01-10 08:55:50.889] [rrc] [warning] Acceptable cell selection failed, no cell is in coverage
[2023-01-10 08:55:50.889] [rrc] [error] Cell selection failure, no suitable or acceptable cell found
[2023-01-10 08:56:07.576] [nas] [error] PLMN selection failure, no cells in coverage
[2023-01-10 08:56:20.901] [rrc] [warning] Acceptable cell selection failed, no cell is in coverage
[2023-01-10 08:56:20.901] [rrc] [error] Cell selection failure, no suitable or acceptable cell found
[2023-01-10 08:56:38.404] [nas] [error] PLMN selection failure, no cells in coverage
[2023-01-10 08:56:50.913] [rrc] [warning] Acceptable cell selection failed, no cell is in coverage
[2023-01-10 08:56:50.913] [rrc] [error] Cell selection failure, no suitable or acceptable cell found
[2023-01-10 08:57:09.232] [nas] [error] PLMN selection failure, no cells in coverage
[2023-01-10 08:57:20.925] [rrc] [warning] Acceptable cell selection failed, no cell is in coverage
[2023-01-10 08:57:20.925] [rrc] [error] Cell selection failure, no suitable or acceptable cell found
[2023-01-10 08:57:40.061] [nas] [error] PLMN selection failure, no cells in coverage
[2023-01-10 08:57:50.937] [rrc] [warning] Acceptable cell selection failed, no cell is in coverage
[2023-01-10 08:57:50.937] [rrc] [error] Cell selection failure, no suitable or acceptable cell found
[2023-01-10 08:58:10.889] [nas] [error] PLMN selection failure, no cells in coverage
[2023-01-10 08:58:20.949] [rrc] [warning] Acceptable cell selection failed, no cell is in coverage
[2023-01-10 08:58:20.949] [rrc] [error] Cell selection failure, no suitable or acceptable cell found
[2023-01-10 08:58:41.718] [nas] [error] PLMN selection failure, no cells in coverage
[2023-01-10 08:58:50.961] [rrc] [warning] Acceptable cell selection failed, no cell is in coverage
[2023-01-10 08:58:50.961] [rrc] [error] Cell selection failure, no suitable or acceptable cell found
[2023-01-10 08:59:12.547] [nas] [error] PLMN selection failure, no cells in coverage
[2023-01-10 08:59:20.973] [rrc] [warning] Acceptable cell selection failed, no cell is in coverage
[2023-01-10 08:59:20.973] [rrc] [error] Cell selection failure, no suitable or acceptable cell found
[2023-01-10 08:59:43.375] [nas] [error] PLMN selection failure, no cells in coverage
[2023-01-10 08:59:50.985] [rrc] [warning] Acceptable cell selection failed, no cell is in coverage
[2023-01-10 08:59:50.985] [rrc] [error] Cell selection failure, no suitable or acceptable cell found
[2023-01-10 09:00:14.203] [nas] [error] PLMN selection failure, no cells in coverage
[2023-01-10 09:00:20.997] [rrc] [warning] Acceptable cell selection failed, no cell is in coverage
[2023-01-10 09:00:20.997] [rrc] [error] Cell selection failure, no suitable or acceptable cell found
[2023-01-10 09:00:45.031] [nas] [error] PLMN selection failure, no cells in coverage
[2023-01-10 09:00:51.009] [rrc] [warning] Acceptable cell selection failed, no cell is in coverage
[2023-01-10 09:00:51.009] [rrc] [error] Cell selection failure, no suitable or acceptable cell found
[2023-01-10 09:01:15.859] [nas] [error] PLMN selection failure, no cells in coverage
[2023-01-10 09:01:21.021] [rrc] [warning] Acceptable cell selection failed, no cell is in coverage
[2023-01-10 09:01:21.021] [rrc] [error] Cell selection failure, no suitable or acceptable cell found
[2023-01-10 09:01:46.687] [nas] [error] PLMN selection failure, no cells in coverage
[2023-01-10 09:01:51.033] [rrc] [warning] Acceptable cell selection failed, no cell is in coverage
[2023-01-10 09:01:51.033] [rrc] [error] Cell selection failure, no suitable or acceptable cell found
[2023-01-10 09:02:17.515] [nas] [error] PLMN selection failure, no cells in coverage
[2023-01-10 09:02:21.045] [rrc] [warning] Acceptable cell selection failed, no cell is in coverage
[2023-01-10 09:02:21.045] [rrc] [error] Cell selection failure, no suitable or acceptable cell found
[2023-01-10 09:02:48.343] [nas] [error] PLMN selection failure, no cells in coverage
[2023-01-10 09:02:51.057] [rrc] [warning] Acceptable cell selection failed, no cell is in coverage
[2023-01-10 09:02:51.057] [rrc] [error] Cell selection failure, no suitable or acceptable cell found
[2023-01-10 09:03:19.172] [nas] [error] PLMN selection failure, no cells in coverage
[2023-01-10 09:03:21.069] [rrc] [warning] Acceptable cell selection failed, no cell is in coverage
[2023-01-10 09:03:21.069] [rrc] [error] Cell selection failure, no suitable or acceptable cell found
[2023-01-10 09:03:50.000] [nas] [error] PLMN selection failure, no cells in coverage
[2023-01-10 09:03:51.081] [rrc] [warning] Acceptable cell selection failed, no cell is in coverage
[2023-01-10 09:03:51.081] [rrc] [error] Cell selection failure, no suitable or acceptable cell found
[2023-01-10 09:04:20.829] [nas] [error] PLMN selection failure, no cells in coverage
[2023-01-10 09:04:21.093] [rrc] [warning] Acceptable cell selection failed, no cell is in coverage
[2023-01-10 09:04:21.093] [rrc] [error] Cell selection failure, no suitable or acceptable cell found
[2023-01-10 09:04:51.106] [rrc] [warning] Acceptable cell selection failed, no cell is in coverage
[2023-01-10 09:04:51.106] [rrc] [error] Cell selection failure, no suitable or acceptable cell found
[2023-01-10 09:04:51.657] [nas] [error] PLMN selection failure, no cells in coverage
[2023-01-10 09:05:21.118] [rrc] [warning] Acceptable cell selection failed, no cell is in coverage
[2023-01-10 09:05:21.118] [rrc] [error] Cell selection failure, no suitable or acceptable cell found
[2023-01-10 09:05:22.485] [nas] [error] PLMN selection failure, no cells in coverage
[2023-01-10 09:05:51.130] [rrc] [warning] Acceptable cell selection failed, no cell is in coverage
[2023-01-10 09:05:51.130] [rrc] [error] Cell selection failure, no suitable or acceptable cell found
[2023-01-10 09:05:53.314] [nas] [error] PLMN selection failure, no cells in coverage
[2023-01-10 09:06:21.142] [rrc] [warning] Acceptable cell selection failed, no cell is in coverage
[2023-01-10 09:06:21.142] [rrc] [error] Cell selection failure, no suitable or acceptable cell found
[2023-01-10 09:06:24.143] [nas] [error] PLMN selection failure, no cells in coverage
[2023-01-10 09:06:51.154] [rrc] [warning] Acceptable cell selection failed, no cell is in coverage
[2023-01-10 09:06:51.154] [rrc] [error] Cell selection failure, no suitable or acceptable cell found
[2023-01-10 09:06:54.971] [nas] [error] PLMN selection failure, no cells in coverage
