UERANSIM v3.2.6
[2023-01-10 07:18:21.781] [nas] [info] UE switches to state [MM-DEREGISTERED/PLMN-SEARCH]
[2023-01-10 07:18:21.782] [rrc] [debug] New signal detected for cell[1], total [1] cells in coverage
[2023-01-10 07:18:21.782] [nas] [info] Selected plmn[208/93]
[2023-01-10 07:18:21.782] [rrc] [info] Selected cell plmn[208/93] tac[1] category[SUITABLE]
[2023-01-10 07:18:21.782] [nas] [info] UE switches to state [MM-DEREGISTERED/PS]
[2023-01-10 07:18:21.782] [nas] [info] UE switches to state [MM-DEREGISTERED/NORMAL-SERVICE]
[2023-01-10 07:18:21.782] [nas] [debug] Initial registration required due to [MM-DEREG-NORMAL-SERVICE]
[2023-01-10 07:18:21.782] [nas] [debug] UAC access attempt is allowed for identity[0], category[MO_sig]
[2023-01-10 07:18:21.782] [nas] [debug] Sending Initial Registration
[2023-01-10 07:18:21.782] [nas] [info] UE switches to state [MM-REGISTER-INITIATED]
[2023-01-10 07:18:21.782] [rrc] [debug] Sending RRC Setup Request
[2023-01-10 07:18:21.783] [rrc] [info] RRC connection established
[2023-01-10 07:18:21.783] [rrc] [info] UE switches to state [RRC-CONNECTED]
[2023-01-10 07:18:21.783] [nas] [info] UE switches to state [CM-CONNECTED]
[2023-01-10 07:18:21.799] [nas] [debug] Authentication Request received
[2023-01-10 07:18:21.806] [nas] [debug] Security Mode Command received
[2023-01-10 07:18:21.806] [nas] [debug] Selected integrity[2] ciphering[0]
[2023-01-10 07:18:21.830] [nas] [debug] Registration accept received
[2023-01-10 07:18:21.830] [nas] [info] UE switches to state [MM-REGISTERED/NORMAL-SERVICE]
[2023-01-10 07:18:21.830] [nas] [debug] Sending Registration Complete
[2023-01-10 07:18:21.830] [nas] [info] Initial Registration is successful
[2023-01-10 07:18:21.830] [nas] [debug] Sending PDU Session Establishment Request
[2023-01-10 07:18:21.832] [nas] [debug] UAC access attempt is allowed for identity[0], category[MO_sig]
[2023-01-10 07:18:22.075] [nas] [debug] PDU Session Establishment Accept received
[2023-01-10 07:18:22.075] [nas] [info] PDU Session establishment is successful PSI[1]
[2023-01-10 07:18:22.095] [app] [info] Connection setup for PDU session[1] is successful, TUN interface[uesimtun8, 10.60.0.68] is up.
[2023-01-10 07:18:23.807] [nas] [debug] Sending PDU Session Establishment Request
[2023-01-10 07:18:23.921] [nas] [error] No response from RRC from UAC checks, considering access attempt is barred
[2023-01-10 07:18:23.986] [nas] [debug] Sending PDU Session Release Request for PSI[1]
[2023-01-10 07:18:24.114] [nas] [warning] PDU session release procedure could not start: PS[2] is not active already
[2023-01-10 07:18:24.136] [nas] [debug] PDU Session Release Command received
[2023-01-10 07:18:24.136] [nas] [debug] Performing local release of PDU session[1]
[2023-01-10 07:18:40.804] [nas] [warning] Retransmitting PDU Session Establishment Request due to T3580 expiry
[2023-01-10 07:18:40.810] [nas] [debug] UAC access attempt is allowed for identity[0], category[MO_sig]
[2023-01-10 07:18:41.031] [nas] [debug] PDU Session Establishment Accept received
[2023-01-10 07:18:41.031] [nas] [info] PDU Session establishment is successful PSI[2]
[2023-01-10 07:18:41.047] [app] [info] Connection setup for PDU session[2] is successful, TUN interface[uesimtun7, 10.60.0.84] is up.
