UERANSIM v3.2.6
[2023-01-10 08:43:40.570] [nas] [info] UE switches to state [MM-DEREGISTERED/PLMN-SEARCH]
[2023-01-10 08:43:40.571] [rrc] [debug] New signal detected for cell[1], total [1] cells in coverage
[2023-01-10 08:43:40.575] [nas] [info] Selected plmn[208/93]
[2023-01-10 08:43:40.575] [rrc] [info] Selected cell plmn[208/93] tac[1] category[SUITABLE]
[2023-01-10 08:43:40.575] [nas] [info] UE switches to state [MM-DEREGISTERED/PS]
[2023-01-10 08:43:40.575] [nas] [info] UE switches to state [MM-DEREGISTERED/NORMAL-SERVICE]
[2023-01-10 08:43:40.575] [nas] [debug] Initial registration required due to [MM-DEREG-NORMAL-SERVICE]
[2023-01-10 08:43:40.578] [nas] [debug] UAC access attempt is allowed for identity[0], category[MO_sig]
[2023-01-10 08:43:40.578] [nas] [debug] Sending Initial Registration
[2023-01-10 08:43:40.578] [nas] [info] UE switches to state [MM-REGISTER-INITIATED]
[2023-01-10 08:43:40.578] [rrc] [debug] Sending RRC Setup Request
[2023-01-10 08:43:40.578] [rrc] [info] RRC connection established
[2023-01-10 08:43:40.578] [rrc] [info] UE switches to state [RRC-CONNECTED]
[2023-01-10 08:43:40.579] [nas] [info] UE switches to state [CM-CONNECTED]
[2023-01-10 08:43:40.596] [nas] [debug] Authentication Request received
[2023-01-10 08:43:40.596] [nas] [debug] Sending Authentication Failure due to SQN out of range
[2023-01-10 08:43:40.607] [nas] [debug] Authentication Request received
[2023-01-10 08:43:40.615] [nas] [debug] Security Mode Command received
[2023-01-10 08:43:40.615] [nas] [debug] Selected integrity[2] ciphering[0]
[2023-01-10 08:43:40.642] [nas] [debug] Registration accept received
[2023-01-10 08:43:40.642] [nas] [info] UE switches to state [MM-REGISTERED/NORMAL-SERVICE]
[2023-01-10 08:43:40.642] [nas] [debug] Sending Registration Complete
[2023-01-10 08:43:40.642] [nas] [info] Initial Registration is successful
[2023-01-10 08:43:40.642] [nas] [debug] Sending PDU Session Establishment Request
[2023-01-10 08:43:40.643] [nas] [debug] UAC access attempt is allowed for identity[0], category[MO_sig]
[2023-01-10 08:43:40.878] [nas] [debug] PDU Session Establishment Accept received
[2023-01-10 08:43:40.878] [nas] [info] PDU Session establishment is successful PSI[1]
[2023-01-10 08:43:40.901] [app] [info] Connection setup for PDU session[1] is successful, TUN interface[uesimtun23, 10.60.0.28] is up.
[2023-01-10 08:46:16.449] [nas] [debug] Sending PDU Session Release Request for PSI[1]
[2023-01-10 08:46:16.700] [nas] [debug] PDU Session Release Command received
[2023-01-10 08:46:16.700] [nas] [debug] Performing local release of PDU session[1]
[2023-01-10 08:46:16.768] [nas] [debug] Sending PDU Session Establishment Request
[2023-01-10 08:46:16.875] [nas] [error] No response from RRC from UAC checks, considering access attempt is barred
[2023-01-10 08:46:18.108] [rrc] [debug] Signal lost for cell[1], total [0] cells in coverage
[2023-01-10 08:46:18.108] [nas] [error] Radio link failure detected
[2023-01-10 08:46:18.108] [nas] [info] UE switches to state [CM-IDLE]
[2023-01-10 08:46:18.108] [nas] [info] UE switches to state [MM-REGISTERED/PS]
[2023-01-10 08:46:18.108] [nas] [info] UE switches to state [MM-REGISTERED/PLMN-SEARCH]
[2023-01-10 08:46:18.108] [nas] [error] PLMN selection failure, no cells in coverage
[2023-01-10 08:46:18.133] [rrc] [warning] Acceptable cell selection failed, no cell is in coverage
[2023-01-10 08:46:18.133] [rrc] [error] Cell selection failure, no suitable or acceptable cell found
[2023-01-10 08:46:20.216] [nas] [error] PLMN selection failure, no cells in coverage
[2023-01-10 08:46:22.418] [nas] [error] PLMN selection failure, no cells in coverage
[2023-01-10 08:46:23.519] [nas] [info] UE switches to state [MM-REGISTERED/NO-CELL-AVAILABLE]
[2023-01-10 08:46:33.759] [nas] [warning] Retransmitting PDU Session Establishment Request due to T3580 expiry
[2023-01-10 08:46:33.759] [nas] [error] UAC access attempt is barred for identity[0], category[MO_sig]
[2023-01-10 08:46:48.145] [rrc] [warning] Acceptable cell selection failed, no cell is in coverage
[2023-01-10 08:46:48.145] [rrc] [error] Cell selection failure, no suitable or acceptable cell found
[2023-01-10 08:46:49.775] [nas] [warning] Retransmitting PDU Session Establishment Request due to T3580 expiry
[2023-01-10 08:46:49.778] [nas] [error] UAC access attempt is barred for identity[0], category[MO_sig]
[2023-01-10 08:46:53.246] [nas] [error] PLMN selection failure, no cells in coverage
[2023-01-10 08:47:05.792] [nas] [warning] Retransmitting PDU Session Establishment Request due to T3580 expiry
[2023-01-10 08:47:05.797] [nas] [error] UAC access attempt is barred for identity[0], category[MO_sig]
[2023-01-10 08:47:18.157] [rrc] [warning] Acceptable cell selection failed, no cell is in coverage
[2023-01-10 08:47:18.157] [rrc] [error] Cell selection failure, no suitable or acceptable cell found
[2023-01-10 08:47:21.808] [nas] [warning] Retransmitting PDU Session Establishment Request due to T3580 expiry
[2023-01-10 08:47:21.810] [nas] [error] UAC access attempt is barred for identity[0], category[MO_sig]
[2023-01-10 08:47:24.076] [nas] [error] PLMN selection failure, no cells in coverage
[2023-01-10 08:47:37.829] [nas] [error] PDU Session Establishment procedure failure, no response from the network after 5 attempts
[2023-01-10 08:47:37.829] [nas] [debug] Aborting SM procedure for PTI[1], PSI[1]
[2023-01-10 08:47:48.170] [rrc] [warning] Acceptable cell selection failed, no cell is in coverage
[2023-01-10 08:47:48.170] [rrc] [error] Cell selection failure, no suitable or acceptable cell found
[2023-01-10 08:47:54.905] [nas] [error] PLMN selection failure, no cells in coverage
[2023-01-10 08:48:17.264] [nas] [debug] De-registration required due to [NORMAL]
[2023-01-10 08:48:18.182] [rrc] [warning] Acceptable cell selection failed, no cell is in coverage
[2023-01-10 08:48:18.182] [rrc] [error] Cell selection failure, no suitable or acceptable cell found
[2023-01-10 08:48:25.733] [nas] [error] PLMN selection failure, no cells in coverage
[2023-01-10 08:48:48.194] [rrc] [warning] Acceptable cell selection failed, no cell is in coverage
[2023-01-10 08:48:48.194] [rrc] [error] Cell selection failure, no suitable or acceptable cell found
[2023-01-10 08:48:56.561] [nas] [error] PLMN selection failure, no cells in coverage
[2023-01-10 08:49:18.206] [rrc] [warning] Acceptable cell selection failed, no cell is in coverage
[2023-01-10 08:49:18.206] [rrc] [error] Cell selection failure, no suitable or acceptable cell found
[2023-01-10 08:49:27.390] [nas] [error] PLMN selection failure, no cells in coverage
[2023-01-10 08:49:48.219] [rrc] [warning] Acceptable cell selection failed, no cell is in coverage
[2023-01-10 08:49:48.219] [rrc] [error] Cell selection failure, no suitable or acceptable cell found
[2023-01-10 08:49:58.218] [nas] [error] PLMN selection failure, no cells in coverage
[2023-01-10 08:50:18.231] [rrc] [warning] Acceptable cell selection failed, no cell is in coverage
[2023-01-10 08:50:18.231] [rrc] [error] Cell selection failure, no suitable or acceptable cell found
[2023-01-10 08:50:29.046] [nas] [error] PLMN selection failure, no cells in coverage
[2023-01-10 08:50:48.243] [rrc] [warning] Acceptable cell selection failed, no cell is in coverage
[2023-01-10 08:50:48.243] [rrc] [error] Cell selection failure, no suitable or acceptable cell found
[2023-01-10 08:50:59.875] [nas] [error] PLMN selection failure, no cells in coverage
[2023-01-10 08:51:18.255] [rrc] [warning] Acceptable cell selection failed, no cell is in coverage
[2023-01-10 08:51:18.255] [rrc] [error] Cell selection failure, no suitable or acceptable cell found
[2023-01-10 08:51:30.703] [nas] [error] PLMN selection failure, no cells in coverage
[2023-01-10 08:51:48.268] [rrc] [warning] Acceptable cell selection failed, no cell is in coverage
[2023-01-10 08:51:48.268] [rrc] [error] Cell selection failure, no suitable or acceptable cell found
[2023-01-10 08:52:01.531] [nas] [error] PLMN selection failure, no cells in coverage
[2023-01-10 08:52:18.280] [rrc] [warning] Acceptable cell selection failed, no cell is in coverage
[2023-01-10 08:52:18.280] [rrc] [error] Cell selection failure, no suitable or acceptable cell found
[2023-01-10 08:52:32.360] [nas] [error] PLMN selection failure, no cells in coverage
[2023-01-10 08:52:48.293] [rrc] [warning] Acceptable cell selection failed, no cell is in coverage
[2023-01-10 08:52:48.293] [rrc] [error] Cell selection failure, no suitable or acceptable cell found
[2023-01-10 08:53:03.189] [nas] [error] PLMN selection failure, no cells in coverage
[2023-01-10 08:53:18.306] [rrc] [warning] Acceptable cell selection failed, no cell is in coverage
[2023-01-10 08:53:18.306] [rrc] [error] Cell selection failure, no suitable or acceptable cell found
[2023-01-10 08:53:34.018] [nas] [error] PLMN selection failure, no cells in coverage
[2023-01-10 08:53:48.318] [rrc] [warning] Acceptable cell selection failed, no cell is in coverage
[2023-01-10 08:53:48.318] [rrc] [error] Cell selection failure, no suitable or acceptable cell found
[2023-01-10 08:54:04.846] [nas] [error] PLMN selection failure, no cells in coverage
[2023-01-10 08:54:18.330] [rrc] [warning] Acceptable cell selection failed, no cell is in coverage
[2023-01-10 08:54:18.330] [rrc] [error] Cell selection failure, no suitable or acceptable cell found
[2023-01-10 08:54:35.674] [nas] [error] PLMN selection failure, no cells in coverage
[2023-01-10 08:54:48.342] [rrc] [warning] Acceptable cell selection failed, no cell is in coverage
[2023-01-10 08:54:48.342] [rrc] [error] Cell selection failure, no suitable or acceptable cell found
[2023-01-10 08:55:06.502] [nas] [error] PLMN selection failure, no cells in coverage
[2023-01-10 08:55:18.354] [rrc] [warning] Acceptable cell selection failed, no cell is in coverage
[2023-01-10 08:55:18.354] [rrc] [error] Cell selection failure, no suitable or acceptable cell found
[2023-01-10 08:55:37.331] [nas] [error] PLMN selection failure, no cells in coverage
[2023-01-10 08:55:48.366] [rrc] [warning] Acceptable cell selection failed, no cell is in coverage
[2023-01-10 08:55:48.366] [rrc] [error] Cell selection failure, no suitable or acceptable cell found
[2023-01-10 08:56:08.159] [nas] [error] PLMN selection failure, no cells in coverage
[2023-01-10 08:56:18.378] [rrc] [warning] Acceptable cell selection failed, no cell is in coverage
[2023-01-10 08:56:18.378] [rrc] [error] Cell selection failure, no suitable or acceptable cell found
[2023-01-10 08:56:38.987] [nas] [error] PLMN selection failure, no cells in coverage
[2023-01-10 08:56:48.390] [rrc] [warning] Acceptable cell selection failed, no cell is in coverage
[2023-01-10 08:56:48.390] [rrc] [error] Cell selection failure, no suitable or acceptable cell found
[2023-01-10 08:57:09.815] [nas] [error] PLMN selection failure, no cells in coverage
[2023-01-10 08:57:18.402] [rrc] [warning] Acceptable cell selection failed, no cell is in coverage
[2023-01-10 08:57:18.402] [rrc] [error] Cell selection failure, no suitable or acceptable cell found
[2023-01-10 08:57:40.643] [nas] [error] PLMN selection failure, no cells in coverage
[2023-01-10 08:57:48.414] [rrc] [warning] Acceptable cell selection failed, no cell is in coverage
[2023-01-10 08:57:48.414] [rrc] [error] Cell selection failure, no suitable or acceptable cell found
[2023-01-10 08:58:11.471] [nas] [error] PLMN selection failure, no cells in coverage
[2023-01-10 08:58:18.426] [rrc] [warning] Acceptable cell selection failed, no cell is in coverage
[2023-01-10 08:58:18.426] [rrc] [error] Cell selection failure, no suitable or acceptable cell found
[2023-01-10 08:58:42.300] [nas] [error] PLMN selection failure, no cells in coverage
[2023-01-10 08:58:48.438] [rrc] [warning] Acceptable cell selection failed, no cell is in coverage
[2023-01-10 08:58:48.438] [rrc] [error] Cell selection failure, no suitable or acceptable cell found
[2023-01-10 08:59:13.128] [nas] [error] PLMN selection failure, no cells in coverage
[2023-01-10 08:59:18.450] [rrc] [warning] Acceptable cell selection failed, no cell is in coverage
[2023-01-10 08:59:18.450] [rrc] [error] Cell selection failure, no suitable or acceptable cell found
[2023-01-10 08:59:43.957] [nas] [error] PLMN selection failure, no cells in coverage
[2023-01-10 08:59:48.462] [rrc] [warning] Acceptable cell selection failed, no cell is in coverage
[2023-01-10 08:59:48.462] [rrc] [error] Cell selection failure, no suitable or acceptable cell found
[2023-01-10 09:00:14.785] [nas] [error] PLMN selection failure, no cells in coverage
[2023-01-10 09:00:18.474] [rrc] [warning] Acceptable cell selection failed, no cell is in coverage
[2023-01-10 09:00:18.474] [rrc] [error] Cell selection failure, no suitable or acceptable cell found
[2023-01-10 09:00:45.613] [nas] [error] PLMN selection failure, no cells in coverage
[2023-01-10 09:00:48.486] [rrc] [warning] Acceptable cell selection failed, no cell is in coverage
[2023-01-10 09:00:48.486] [rrc] [error] Cell selection failure, no suitable or acceptable cell found
[2023-01-10 09:01:16.441] [nas] [error] PLMN selection failure, no cells in coverage
[2023-01-10 09:01:18.498] [rrc] [warning] Acceptable cell selection failed, no cell is in coverage
[2023-01-10 09:01:18.498] [rrc] [error] Cell selection failure, no suitable or acceptable cell found
[2023-01-10 09:01:47.269] [nas] [error] PLMN selection failure, no cells in coverage
[2023-01-10 09:01:48.510] [rrc] [warning] Acceptable cell selection failed, no cell is in coverage
[2023-01-10 09:01:48.510] [rrc] [error] Cell selection failure, no suitable or acceptable cell found
[2023-01-10 09:02:18.097] [nas] [error] PLMN selection failure, no cells in coverage
[2023-01-10 09:02:18.522] [rrc] [warning] Acceptable cell selection failed, no cell is in coverage
[2023-01-10 09:02:18.522] [rrc] [error] Cell selection failure, no suitable or acceptable cell found
[2023-01-10 09:02:48.534] [rrc] [warning] Acceptable cell selection failed, no cell is in coverage
[2023-01-10 09:02:48.534] [rrc] [error] Cell selection failure, no suitable or acceptable cell found
[2023-01-10 09:02:48.925] [nas] [error] PLMN selection failure, no cells in coverage
[2023-01-10 09:03:18.547] [rrc] [warning] Acceptable cell selection failed, no cell is in coverage
[2023-01-10 09:03:18.547] [rrc] [error] Cell selection failure, no suitable or acceptable cell found
[2023-01-10 09:03:19.754] [nas] [error] PLMN selection failure, no cells in coverage
[2023-01-10 09:03:48.559] [rrc] [warning] Acceptable cell selection failed, no cell is in coverage
[2023-01-10 09:03:48.559] [rrc] [error] Cell selection failure, no suitable or acceptable cell found
[2023-01-10 09:03:50.582] [nas] [error] PLMN selection failure, no cells in coverage
[2023-01-10 09:04:18.571] [rrc] [warning] Acceptable cell selection failed, no cell is in coverage
[2023-01-10 09:04:18.571] [rrc] [error] Cell selection failure, no suitable or acceptable cell found
[2023-01-10 09:04:21.410] [nas] [error] PLMN selection failure, no cells in coverage
[2023-01-10 09:04:48.583] [rrc] [warning] Acceptable cell selection failed, no cell is in coverage
[2023-01-10 09:04:48.583] [rrc] [error] Cell selection failure, no suitable or acceptable cell found
[2023-01-10 09:04:52.238] [nas] [error] PLMN selection failure, no cells in coverage
[2023-01-10 09:05:18.595] [rrc] [warning] Acceptable cell selection failed, no cell is in coverage
[2023-01-10 09:05:18.595] [rrc] [error] Cell selection failure, no suitable or acceptable cell found
[2023-01-10 09:05:23.066] [nas] [error] PLMN selection failure, no cells in coverage
[2023-01-10 09:05:48.607] [rrc] [warning] Acceptable cell selection failed, no cell is in coverage
[2023-01-10 09:05:48.607] [rrc] [error] Cell selection failure, no suitable or acceptable cell found
[2023-01-10 09:05:53.894] [nas] [error] PLMN selection failure, no cells in coverage
[2023-01-10 09:06:18.619] [rrc] [warning] Acceptable cell selection failed, no cell is in coverage
[2023-01-10 09:06:18.619] [rrc] [error] Cell selection failure, no suitable or acceptable cell found
[2023-01-10 09:06:24.722] [nas] [error] PLMN selection failure, no cells in coverage
[2023-01-10 09:06:48.631] [rrc] [warning] Acceptable cell selection failed, no cell is in coverage
[2023-01-10 09:06:48.631] [rrc] [error] Cell selection failure, no suitable or acceptable cell found
[2023-01-10 09:06:55.550] [nas] [error] PLMN selection failure, no cells in coverage
