UERANSIM v3.2.6
[2023-01-10 08:45:42.696] [nas] [info] UE switches to state [MM-DEREGISTERED/PLMN-SEARCH]
[2023-01-10 08:45:42.701] [rrc] [debug] New signal detected for cell[1], total [1] cells in coverage
[2023-01-10 08:45:42.701] [nas] [info] Selected plmn[208/93]
[2023-01-10 08:45:42.701] [rrc] [info] Selected cell plmn[208/93] tac[1] category[SUITABLE]
[2023-01-10 08:45:42.701] [nas] [info] UE switches to state [MM-DEREGISTERED/PS]
[2023-01-10 08:45:42.702] [nas] [info] UE switches to state [MM-DEREGISTERED/NORMAL-SERVICE]
[2023-01-10 08:45:42.702] [nas] [debug] Initial registration required due to [MM-DEREG-NORMAL-SERVICE]
[2023-01-10 08:45:42.702] [nas] [debug] UAC access attempt is allowed for identity[0], category[MO_sig]
[2023-01-10 08:45:42.702] [nas] [debug] Sending Initial Registration
[2023-01-10 08:45:42.702] [nas] [info] UE switches to state [MM-REGISTER-INITIATED]
[2023-01-10 08:45:42.702] [rrc] [debug] Sending RRC Setup Request
[2023-01-10 08:45:42.703] [rrc] [info] RRC connection established
[2023-01-10 08:45:42.703] [rrc] [info] UE switches to state [RRC-CONNECTED]
[2023-01-10 08:45:42.703] [nas] [info] UE switches to state [CM-CONNECTED]
[2023-01-10 08:45:42.720] [nas] [debug] Authentication Request received
[2023-01-10 08:45:42.720] [nas] [debug] Sending Authentication Failure due to SQN out of range
[2023-01-10 08:45:42.731] [nas] [debug] Authentication Request received
[2023-01-10 08:45:42.737] [nas] [debug] Security Mode Command received
[2023-01-10 08:45:42.737] [nas] [debug] Selected integrity[2] ciphering[0]
[2023-01-10 08:45:42.765] [nas] [debug] Registration accept received
[2023-01-10 08:45:42.765] [nas] [info] UE switches to state [MM-REGISTERED/NORMAL-SERVICE]
[2023-01-10 08:45:42.765] [nas] [debug] Sending Registration Complete
[2023-01-10 08:45:42.765] [nas] [info] Initial Registration is successful
[2023-01-10 08:45:42.766] [nas] [debug] Sending PDU Session Establishment Request
[2023-01-10 08:45:42.766] [nas] [debug] UAC access attempt is allowed for identity[0], category[MO_sig]
[2023-01-10 08:45:43.004] [nas] [debug] PDU Session Establishment Accept received
[2023-01-10 08:45:43.007] [nas] [info] PDU Session establishment is successful PSI[1]
[2023-01-10 08:45:43.030] [app] [info] Connection setup for PDU session[1] is successful, TUN interface[uesimtun84, 10.60.0.89] is up.
[2023-01-10 08:46:18.125] [nas] [debug] Sending PDU Session Release Request for PSI[1]
[2023-01-10 08:46:18.135] [rrc] [debug] Signal lost for cell[1], total [0] cells in coverage
[2023-01-10 08:46:18.135] [nas] [error] Radio link failure detected
[2023-01-10 08:46:18.135] [nas] [info] UE switches to state [CM-IDLE]
[2023-01-10 08:46:18.135] [nas] [info] UE switches to state [MM-REGISTERED/PS]
[2023-01-10 08:46:18.135] [nas] [info] UE switches to state [MM-REGISTERED/PLMN-SEARCH]
[2023-01-10 08:46:18.135] [nas] [error] PLMN selection failure, no cells in coverage
[2023-01-10 08:46:20.211] [rrc] [warning] Acceptable cell selection failed, no cell is in coverage
[2023-01-10 08:46:20.211] [rrc] [error] Cell selection failure, no suitable or acceptable cell found
[2023-01-10 08:46:21.235] [nas] [error] PLMN selection failure, no cells in coverage
[2023-01-10 08:46:23.437] [nas] [info] UE switches to state [MM-REGISTERED/NO-CELL-AVAILABLE]
[2023-01-10 08:46:34.753] [nas] [warning] Retransmitting PDU Session Release Request due to T3582 expiry
[2023-01-10 08:46:34.753] [nas] [debug] NAS Transport aborted, no active cell
[2023-01-10 08:46:50.223] [rrc] [warning] Acceptable cell selection failed, no cell is in coverage
[2023-01-10 08:46:50.223] [rrc] [error] Cell selection failure, no suitable or acceptable cell found
[2023-01-10 08:46:50.770] [nas] [warning] Retransmitting PDU Session Release Request due to T3582 expiry
[2023-01-10 08:46:50.770] [nas] [debug] NAS Transport aborted, no active cell
[2023-01-10 08:46:52.063] [nas] [error] PLMN selection failure, no cells in coverage
[2023-01-10 08:47:06.786] [nas] [warning] Retransmitting PDU Session Release Request due to T3582 expiry
[2023-01-10 08:47:06.786] [nas] [debug] NAS Transport aborted, no active cell
[2023-01-10 08:47:20.235] [rrc] [warning] Acceptable cell selection failed, no cell is in coverage
[2023-01-10 08:47:20.235] [rrc] [error] Cell selection failure, no suitable or acceptable cell found
[2023-01-10 08:47:22.807] [nas] [warning] Retransmitting PDU Session Release Request due to T3582 expiry
[2023-01-10 08:47:22.807] [nas] [debug] NAS Transport aborted, no active cell
[2023-01-10 08:47:22.892] [nas] [error] PLMN selection failure, no cells in coverage
[2023-01-10 08:47:38.824] [nas] [error] PDU Session Release procedure failure, no response from the network after 5 attempts
[2023-01-10 08:47:38.824] [nas] [debug] Aborting SM procedure for PTI[1], PSI[1]
[2023-01-10 08:47:38.824] [nas] [debug] Performing local release of PDU session[1]
[2023-01-10 08:47:38.824] [nas] [debug] Mobility registration updating required due to [PS-STATUS-INFORM]
[2023-01-10 08:47:50.247] [rrc] [warning] Acceptable cell selection failed, no cell is in coverage
[2023-01-10 08:47:50.247] [rrc] [error] Cell selection failure, no suitable or acceptable cell found
[2023-01-10 08:47:53.720] [nas] [error] PLMN selection failure, no cells in coverage
[2023-01-10 08:48:18.390] [nas] [debug] De-registration required due to [NORMAL]
[2023-01-10 08:48:20.259] [rrc] [warning] Acceptable cell selection failed, no cell is in coverage
[2023-01-10 08:48:20.259] [rrc] [error] Cell selection failure, no suitable or acceptable cell found
[2023-01-10 08:48:24.548] [nas] [error] PLMN selection failure, no cells in coverage
[2023-01-10 08:48:50.271] [rrc] [warning] Acceptable cell selection failed, no cell is in coverage
[2023-01-10 08:48:50.271] [rrc] [error] Cell selection failure, no suitable or acceptable cell found
[2023-01-10 08:48:55.376] [nas] [error] PLMN selection failure, no cells in coverage
[2023-01-10 08:49:20.283] [rrc] [warning] Acceptable cell selection failed, no cell is in coverage
[2023-01-10 08:49:20.283] [rrc] [error] Cell selection failure, no suitable or acceptable cell found
[2023-01-10 08:49:26.205] [nas] [error] PLMN selection failure, no cells in coverage
[2023-01-10 08:49:50.295] [rrc] [warning] Acceptable cell selection failed, no cell is in coverage
[2023-01-10 08:49:50.295] [rrc] [error] Cell selection failure, no suitable or acceptable cell found
[2023-01-10 08:49:57.033] [nas] [error] PLMN selection failure, no cells in coverage
[2023-01-10 08:50:20.308] [rrc] [warning] Acceptable cell selection failed, no cell is in coverage
[2023-01-10 08:50:20.308] [rrc] [error] Cell selection failure, no suitable or acceptable cell found
[2023-01-10 08:50:27.861] [nas] [error] PLMN selection failure, no cells in coverage
[2023-01-10 08:50:50.320] [rrc] [warning] Acceptable cell selection failed, no cell is in coverage
[2023-01-10 08:50:50.320] [rrc] [error] Cell selection failure, no suitable or acceptable cell found
[2023-01-10 08:50:58.689] [nas] [error] PLMN selection failure, no cells in coverage
[2023-01-10 08:51:20.332] [rrc] [warning] Acceptable cell selection failed, no cell is in coverage
[2023-01-10 08:51:20.332] [rrc] [error] Cell selection failure, no suitable or acceptable cell found
[2023-01-10 08:51:29.517] [nas] [error] PLMN selection failure, no cells in coverage
[2023-01-10 08:51:50.344] [rrc] [warning] Acceptable cell selection failed, no cell is in coverage
[2023-01-10 08:51:50.344] [rrc] [error] Cell selection failure, no suitable or acceptable cell found
[2023-01-10 08:52:00.345] [nas] [error] PLMN selection failure, no cells in coverage
[2023-01-10 08:52:20.356] [rrc] [warning] Acceptable cell selection failed, no cell is in coverage
[2023-01-10 08:52:20.356] [rrc] [error] Cell selection failure, no suitable or acceptable cell found
[2023-01-10 08:52:31.173] [nas] [error] PLMN selection failure, no cells in coverage
[2023-01-10 08:52:50.368] [rrc] [warning] Acceptable cell selection failed, no cell is in coverage
[2023-01-10 08:52:50.368] [rrc] [error] Cell selection failure, no suitable or acceptable cell found
[2023-01-10 08:53:02.001] [nas] [error] PLMN selection failure, no cells in coverage
[2023-01-10 08:53:20.381] [rrc] [warning] Acceptable cell selection failed, no cell is in coverage
[2023-01-10 08:53:20.381] [rrc] [error] Cell selection failure, no suitable or acceptable cell found
[2023-01-10 08:53:32.829] [nas] [error] PLMN selection failure, no cells in coverage
[2023-01-10 08:53:50.393] [rrc] [warning] Acceptable cell selection failed, no cell is in coverage
[2023-01-10 08:53:50.393] [rrc] [error] Cell selection failure, no suitable or acceptable cell found
[2023-01-10 08:54:03.657] [nas] [error] PLMN selection failure, no cells in coverage
[2023-01-10 08:54:20.405] [rrc] [warning] Acceptable cell selection failed, no cell is in coverage
[2023-01-10 08:54:20.405] [rrc] [error] Cell selection failure, no suitable or acceptable cell found
[2023-01-10 08:54:34.485] [nas] [error] PLMN selection failure, no cells in coverage
[2023-01-10 08:54:50.417] [rrc] [warning] Acceptable cell selection failed, no cell is in coverage
[2023-01-10 08:54:50.417] [rrc] [error] Cell selection failure, no suitable or acceptable cell found
[2023-01-10 08:55:05.313] [nas] [error] PLMN selection failure, no cells in coverage
[2023-01-10 08:55:20.429] [rrc] [warning] Acceptable cell selection failed, no cell is in coverage
[2023-01-10 08:55:20.429] [rrc] [error] Cell selection failure, no suitable or acceptable cell found
[2023-01-10 08:55:36.141] [nas] [error] PLMN selection failure, no cells in coverage
[2023-01-10 08:55:50.441] [rrc] [warning] Acceptable cell selection failed, no cell is in coverage
[2023-01-10 08:55:50.441] [rrc] [error] Cell selection failure, no suitable or acceptable cell found
[2023-01-10 08:56:06.969] [nas] [error] PLMN selection failure, no cells in coverage
[2023-01-10 08:56:20.453] [rrc] [warning] Acceptable cell selection failed, no cell is in coverage
[2023-01-10 08:56:20.453] [rrc] [error] Cell selection failure, no suitable or acceptable cell found
[2023-01-10 08:56:37.797] [nas] [error] PLMN selection failure, no cells in coverage
[2023-01-10 08:56:50.465] [rrc] [warning] Acceptable cell selection failed, no cell is in coverage
[2023-01-10 08:56:50.465] [rrc] [error] Cell selection failure, no suitable or acceptable cell found
[2023-01-10 08:57:08.625] [nas] [error] PLMN selection failure, no cells in coverage
[2023-01-10 08:57:20.477] [rrc] [warning] Acceptable cell selection failed, no cell is in coverage
[2023-01-10 08:57:20.477] [rrc] [error] Cell selection failure, no suitable or acceptable cell found
[2023-01-10 08:57:39.453] [nas] [error] PLMN selection failure, no cells in coverage
[2023-01-10 08:57:50.489] [rrc] [warning] Acceptable cell selection failed, no cell is in coverage
[2023-01-10 08:57:50.489] [rrc] [error] Cell selection failure, no suitable or acceptable cell found
[2023-01-10 08:58:10.281] [nas] [error] PLMN selection failure, no cells in coverage
[2023-01-10 08:58:20.501] [rrc] [warning] Acceptable cell selection failed, no cell is in coverage
[2023-01-10 08:58:20.501] [rrc] [error] Cell selection failure, no suitable or acceptable cell found
[2023-01-10 08:58:41.109] [nas] [error] PLMN selection failure, no cells in coverage
[2023-01-10 08:58:50.513] [rrc] [warning] Acceptable cell selection failed, no cell is in coverage
[2023-01-10 08:58:50.513] [rrc] [error] Cell selection failure, no suitable or acceptable cell found
[2023-01-10 08:59:11.937] [nas] [error] PLMN selection failure, no cells in coverage
[2023-01-10 08:59:20.525] [rrc] [warning] Acceptable cell selection failed, no cell is in coverage
[2023-01-10 08:59:20.525] [rrc] [error] Cell selection failure, no suitable or acceptable cell found
[2023-01-10 08:59:42.765] [nas] [error] PLMN selection failure, no cells in coverage
[2023-01-10 08:59:50.537] [rrc] [warning] Acceptable cell selection failed, no cell is in coverage
[2023-01-10 08:59:50.537] [rrc] [error] Cell selection failure, no suitable or acceptable cell found
[2023-01-10 09:00:13.594] [nas] [error] PLMN selection failure, no cells in coverage
[2023-01-10 09:00:20.549] [rrc] [warning] Acceptable cell selection failed, no cell is in coverage
[2023-01-10 09:00:20.549] [rrc] [error] Cell selection failure, no suitable or acceptable cell found
[2023-01-10 09:00:44.422] [nas] [error] PLMN selection failure, no cells in coverage
[2023-01-10 09:00:50.561] [rrc] [warning] Acceptable cell selection failed, no cell is in coverage
[2023-01-10 09:00:50.561] [rrc] [error] Cell selection failure, no suitable or acceptable cell found
[2023-01-10 09:01:15.250] [nas] [error] PLMN selection failure, no cells in coverage
[2023-01-10 09:01:20.574] [rrc] [warning] Acceptable cell selection failed, no cell is in coverage
[2023-01-10 09:01:20.574] [rrc] [error] Cell selection failure, no suitable or acceptable cell found
[2023-01-10 09:01:46.078] [nas] [error] PLMN selection failure, no cells in coverage
[2023-01-10 09:01:50.586] [rrc] [warning] Acceptable cell selection failed, no cell is in coverage
[2023-01-10 09:01:50.586] [rrc] [error] Cell selection failure, no suitable or acceptable cell found
[2023-01-10 09:02:16.906] [nas] [error] PLMN selection failure, no cells in coverage
[2023-01-10 09:02:20.598] [rrc] [warning] Acceptable cell selection failed, no cell is in coverage
[2023-01-10 09:02:20.598] [rrc] [error] Cell selection failure, no suitable or acceptable cell found
[2023-01-10 09:02:47.735] [nas] [error] PLMN selection failure, no cells in coverage
[2023-01-10 09:02:50.610] [rrc] [warning] Acceptable cell selection failed, no cell is in coverage
[2023-01-10 09:02:50.610] [rrc] [error] Cell selection failure, no suitable or acceptable cell found
[2023-01-10 09:03:18.564] [nas] [error] PLMN selection failure, no cells in coverage
[2023-01-10 09:03:20.622] [rrc] [warning] Acceptable cell selection failed, no cell is in coverage
[2023-01-10 09:03:20.622] [rrc] [error] Cell selection failure, no suitable or acceptable cell found
[2023-01-10 09:03:49.392] [nas] [error] PLMN selection failure, no cells in coverage
[2023-01-10 09:03:50.634] [rrc] [warning] Acceptable cell selection failed, no cell is in coverage
[2023-01-10 09:03:50.634] [rrc] [error] Cell selection failure, no suitable or acceptable cell found
[2023-01-10 09:04:20.220] [nas] [error] PLMN selection failure, no cells in coverage
[2023-01-10 09:04:20.646] [rrc] [warning] Acceptable cell selection failed, no cell is in coverage
[2023-01-10 09:04:20.646] [rrc] [error] Cell selection failure, no suitable or acceptable cell found
[2023-01-10 09:04:50.658] [rrc] [warning] Acceptable cell selection failed, no cell is in coverage
[2023-01-10 09:04:50.658] [rrc] [error] Cell selection failure, no suitable or acceptable cell found
[2023-01-10 09:04:51.048] [nas] [error] PLMN selection failure, no cells in coverage
[2023-01-10 09:05:20.670] [rrc] [warning] Acceptable cell selection failed, no cell is in coverage
[2023-01-10 09:05:20.670] [rrc] [error] Cell selection failure, no suitable or acceptable cell found
[2023-01-10 09:05:21.876] [nas] [error] PLMN selection failure, no cells in coverage
[2023-01-10 09:05:50.682] [rrc] [warning] Acceptable cell selection failed, no cell is in coverage
[2023-01-10 09:05:50.682] [rrc] [error] Cell selection failure, no suitable or acceptable cell found
[2023-01-10 09:05:52.705] [nas] [error] PLMN selection failure, no cells in coverage
[2023-01-10 09:06:20.694] [rrc] [warning] Acceptable cell selection failed, no cell is in coverage
[2023-01-10 09:06:20.694] [rrc] [error] Cell selection failure, no suitable or acceptable cell found
[2023-01-10 09:06:23.533] [nas] [error] PLMN selection failure, no cells in coverage
[2023-01-10 09:06:50.706] [rrc] [warning] Acceptable cell selection failed, no cell is in coverage
[2023-01-10 09:06:50.706] [rrc] [error] Cell selection failure, no suitable or acceptable cell found
[2023-01-10 09:06:54.361] [nas] [error] PLMN selection failure, no cells in coverage
