UERANSIM v3.2.6
[2023-01-10 08:44:48.639] [nas] [info] UE switches to state [MM-DEREGISTERED/PLMN-SEARCH]
[2023-01-10 08:44:48.644] [rrc] [debug] New signal detected for cell[1], total [1] cells in coverage
[2023-01-10 08:44:48.644] [nas] [info] Selected plmn[208/93]
[2023-01-10 08:44:48.644] [rrc] [info] Selected cell plmn[208/93] tac[1] category[SUITABLE]
[2023-01-10 08:44:48.644] [nas] [info] UE switches to state [MM-DEREGISTERED/PS]
[2023-01-10 08:44:48.644] [nas] [info] UE switches to state [MM-DEREGISTERED/NORMAL-SERVICE]
[2023-01-10 08:44:48.644] [nas] [debug] Initial registration required due to [MM-DEREG-NORMAL-SERVICE]
[2023-01-10 08:44:48.646] [nas] [debug] UAC access attempt is allowed for identity[0], category[MO_sig]
[2023-01-10 08:44:48.646] [nas] [debug] Sending Initial Registration
[2023-01-10 08:44:48.647] [nas] [info] UE switches to state [MM-REGISTER-INITIATED]
[2023-01-10 08:44:48.647] [rrc] [debug] Sending RRC Setup Request
[2023-01-10 08:44:48.648] [rrc] [info] RRC connection established
[2023-01-10 08:44:48.648] [rrc] [info] UE switches to state [RRC-CONNECTED]
[2023-01-10 08:44:48.648] [nas] [info] UE switches to state [CM-CONNECTED]
[2023-01-10 08:44:48.666] [nas] [debug] Authentication Request received
[2023-01-10 08:44:48.666] [nas] [debug] Sending Authentication Failure due to SQN out of range
[2023-01-10 08:44:48.679] [nas] [debug] Authentication Request received
[2023-01-10 08:44:48.686] [nas] [debug] Security Mode Command received
[2023-01-10 08:44:48.686] [nas] [debug] Selected integrity[2] ciphering[0]
[2023-01-10 08:44:48.715] [nas] [debug] Registration accept received
[2023-01-10 08:44:48.715] [nas] [info] UE switches to state [MM-REGISTERED/NORMAL-SERVICE]
[2023-01-10 08:44:48.715] [nas] [debug] Sending Registration Complete
[2023-01-10 08:44:48.715] [nas] [info] Initial Registration is successful
[2023-01-10 08:44:48.715] [nas] [debug] Sending PDU Session Establishment Request
[2023-01-10 08:44:48.715] [nas] [debug] UAC access attempt is allowed for identity[0], category[MO_sig]
[2023-01-10 08:44:48.966] [nas] [debug] PDU Session Establishment Accept received
[2023-01-10 08:44:48.966] [nas] [info] PDU Session establishment is successful PSI[1]
[2023-01-10 08:44:48.989] [app] [info] Connection setup for PDU session[1] is successful, TUN interface[uesimtun57, 10.60.0.62] is up.
[2023-01-10 08:46:15.515] [nas] [debug] De-registration required due to [NORMAL]
[2023-01-10 08:46:15.525] [nas] [debug] Starting de-registration procedure due to [NORMAL]
[2023-01-10 08:46:15.525] [nas] [debug] Performing local release of PDU session[1]
[2023-01-10 08:46:15.525] [nas] [info] UE switches to state [MM-DEREGISTER-INITIATED]
[2023-01-10 08:46:15.724] [rrc] [debug] RRC Release received
[2023-01-10 08:46:15.724] [nas] [debug] De-registration accept received
[2023-01-10 08:46:15.724] [nas] [info] UE switches to state [MM-DEREGISTERED/PS]
[2023-01-10 08:46:15.724] [nas] [info] De-registration is successful
[2023-01-10 08:46:15.724] [nas] [info] UE switches to state [CM-IDLE]
[2023-01-10 08:46:15.724] [nas] [info] UE switches to state [MM-DEREGISTERED/NORMAL-SERVICE]
[2023-01-10 08:46:15.724] [nas] [debug] Initial registration required due to [MM-DEREG-NORMAL-SERVICE]
[2023-01-10 08:46:15.724] [nas] [debug] UAC access attempt is allowed for identity[0], category[MO_sig]
[2023-01-10 08:46:15.724] [nas] [debug] Sending Initial Registration
[2023-01-10 08:46:15.724] [nas] [debug] Deleting NAS security context
[2023-01-10 08:46:15.724] [nas] [info] UE switches to state [MM-REGISTER-INITIATED]
[2023-01-10 08:46:15.724] [rrc] [debug] Sending RRC Setup Request
[2023-01-10 08:46:15.725] [rrc] [info] RRC connection established
[2023-01-10 08:46:15.725] [rrc] [info] UE switches to state [RRC-CONNECTED]
[2023-01-10 08:46:15.725] [nas] [info] UE switches to state [CM-CONNECTED]
[2023-01-10 08:46:16.002] [nas] [debug] Authentication Request received
[2023-01-10 08:46:16.131] [nas] [debug] Sending PDU Session Establishment Request
[2023-01-10 08:46:16.131] [nas] [error] PDU session establishment could not be triggered, UE is not registered
[2023-01-10 08:46:16.142] [nas] [debug] Security Mode Command received
[2023-01-10 08:46:16.142] [nas] [debug] Selected integrity[2] ciphering[0]
[2023-01-10 08:46:16.423] [nas] [debug] Registration accept received
[2023-01-10 08:46:16.423] [nas] [info] UE switches to state [MM-REGISTERED/NORMAL-SERVICE]
[2023-01-10 08:46:16.423] [nas] [debug] Sending Registration Complete
[2023-01-10 08:46:16.423] [nas] [info] Initial Registration is successful
[2023-01-10 08:46:16.423] [nas] [debug] Sending PDU Session Establishment Request
[2023-01-10 08:46:16.426] [nas] [debug] UAC access attempt is allowed for identity[0], category[MO_sig]
[2023-01-10 08:46:16.690] [nas] [debug] PDU Session Establishment Accept received
[2023-01-10 08:46:16.690] [nas] [info] PDU Session establishment is successful PSI[1]
[2023-01-10 08:46:17.176] [app] [info] Connection setup for PDU session[1] is successful, TUN interface[uesimtun36, 10.60.0.115] is up.
[2023-01-10 08:46:18.902] [rrc] [debug] Signal lost for cell[1], total [0] cells in coverage
[2023-01-10 08:46:18.902] [nas] [error] Radio link failure detected
[2023-01-10 08:46:18.902] [nas] [info] UE switches to state [CM-IDLE]
[2023-01-10 08:46:18.902] [nas] [info] UE switches to state [MM-REGISTERED/PS]
[2023-01-10 08:46:18.902] [nas] [info] UE switches to state [MM-REGISTERED/PLMN-SEARCH]
[2023-01-10 08:46:18.902] [nas] [error] PLMN selection failure, no cells in coverage
[2023-01-10 08:46:21.127] [nas] [error] PLMN selection failure, no cells in coverage
[2023-01-10 08:46:21.176] [rrc] [warning] Acceptable cell selection failed, no cell is in coverage
[2023-01-10 08:46:21.176] [rrc] [error] Cell selection failure, no suitable or acceptable cell found
[2023-01-10 08:46:23.329] [nas] [error] PLMN selection failure, no cells in coverage
[2023-01-10 08:46:24.430] [nas] [info] UE switches to state [MM-REGISTERED/NO-CELL-AVAILABLE]
[2023-01-10 08:46:51.188] [rrc] [warning] Acceptable cell selection failed, no cell is in coverage
[2023-01-10 08:46:51.188] [rrc] [error] Cell selection failure, no suitable or acceptable cell found
[2023-01-10 08:46:54.159] [nas] [error] PLMN selection failure, no cells in coverage
[2023-01-10 08:47:21.200] [rrc] [warning] Acceptable cell selection failed, no cell is in coverage
[2023-01-10 08:47:21.200] [rrc] [error] Cell selection failure, no suitable or acceptable cell found
[2023-01-10 08:47:24.988] [nas] [error] PLMN selection failure, no cells in coverage
[2023-01-10 08:47:51.212] [rrc] [warning] Acceptable cell selection failed, no cell is in coverage
[2023-01-10 08:47:51.212] [rrc] [error] Cell selection failure, no suitable or acceptable cell found
[2023-01-10 08:47:55.816] [nas] [error] PLMN selection failure, no cells in coverage
[2023-01-10 08:48:16.514] [nas] [debug] De-registration required due to [NORMAL]
[2023-01-10 08:48:21.224] [rrc] [warning] Acceptable cell selection failed, no cell is in coverage
[2023-01-10 08:48:21.224] [rrc] [error] Cell selection failure, no suitable or acceptable cell found
[2023-01-10 08:48:26.644] [nas] [error] PLMN selection failure, no cells in coverage
[2023-01-10 08:48:51.236] [rrc] [warning] Acceptable cell selection failed, no cell is in coverage
[2023-01-10 08:48:51.236] [rrc] [error] Cell selection failure, no suitable or acceptable cell found
[2023-01-10 08:48:57.472] [nas] [error] PLMN selection failure, no cells in coverage
[2023-01-10 08:49:21.248] [rrc] [warning] Acceptable cell selection failed, no cell is in coverage
[2023-01-10 08:49:21.248] [rrc] [error] Cell selection failure, no suitable or acceptable cell found
[2023-01-10 08:49:28.300] [nas] [error] PLMN selection failure, no cells in coverage
[2023-01-10 08:49:51.260] [rrc] [warning] Acceptable cell selection failed, no cell is in coverage
[2023-01-10 08:49:51.260] [rrc] [error] Cell selection failure, no suitable or acceptable cell found
[2023-01-10 08:49:59.128] [nas] [error] PLMN selection failure, no cells in coverage
[2023-01-10 08:50:21.272] [rrc] [warning] Acceptable cell selection failed, no cell is in coverage
[2023-01-10 08:50:21.272] [rrc] [error] Cell selection failure, no suitable or acceptable cell found
[2023-01-10 08:50:29.956] [nas] [error] PLMN selection failure, no cells in coverage
[2023-01-10 08:50:51.284] [rrc] [warning] Acceptable cell selection failed, no cell is in coverage
[2023-01-10 08:50:51.284] [rrc] [error] Cell selection failure, no suitable or acceptable cell found
[2023-01-10 08:51:00.784] [nas] [error] PLMN selection failure, no cells in coverage
[2023-01-10 08:51:21.296] [rrc] [warning] Acceptable cell selection failed, no cell is in coverage
[2023-01-10 08:51:21.296] [rrc] [error] Cell selection failure, no suitable or acceptable cell found
[2023-01-10 08:51:31.612] [nas] [error] PLMN selection failure, no cells in coverage
[2023-01-10 08:51:51.308] [rrc] [warning] Acceptable cell selection failed, no cell is in coverage
[2023-01-10 08:51:51.308] [rrc] [error] Cell selection failure, no suitable or acceptable cell found
[2023-01-10 08:52:02.440] [nas] [error] PLMN selection failure, no cells in coverage
[2023-01-10 08:52:21.320] [rrc] [warning] Acceptable cell selection failed, no cell is in coverage
[2023-01-10 08:52:21.320] [rrc] [error] Cell selection failure, no suitable or acceptable cell found
[2023-01-10 08:52:33.269] [nas] [error] PLMN selection failure, no cells in coverage
[2023-01-10 08:52:51.332] [rrc] [warning] Acceptable cell selection failed, no cell is in coverage
[2023-01-10 08:52:51.332] [rrc] [error] Cell selection failure, no suitable or acceptable cell found
[2023-01-10 08:53:04.097] [nas] [error] PLMN selection failure, no cells in coverage
[2023-01-10 08:53:21.344] [rrc] [warning] Acceptable cell selection failed, no cell is in coverage
[2023-01-10 08:53:21.344] [rrc] [error] Cell selection failure, no suitable or acceptable cell found
[2023-01-10 08:53:34.925] [nas] [error] PLMN selection failure, no cells in coverage
[2023-01-10 08:53:51.356] [rrc] [warning] Acceptable cell selection failed, no cell is in coverage
[2023-01-10 08:53:51.356] [rrc] [error] Cell selection failure, no suitable or acceptable cell found
[2023-01-10 08:54:05.753] [nas] [error] PLMN selection failure, no cells in coverage
[2023-01-10 08:54:21.368] [rrc] [warning] Acceptable cell selection failed, no cell is in coverage
[2023-01-10 08:54:21.368] [rrc] [error] Cell selection failure, no suitable or acceptable cell found
[2023-01-10 08:54:36.581] [nas] [error] PLMN selection failure, no cells in coverage
[2023-01-10 08:54:51.380] [rrc] [warning] Acceptable cell selection failed, no cell is in coverage
[2023-01-10 08:54:51.380] [rrc] [error] Cell selection failure, no suitable or acceptable cell found
[2023-01-10 08:55:07.409] [nas] [error] PLMN selection failure, no cells in coverage
[2023-01-10 08:55:21.392] [rrc] [warning] Acceptable cell selection failed, no cell is in coverage
[2023-01-10 08:55:21.392] [rrc] [error] Cell selection failure, no suitable or acceptable cell found
[2023-01-10 08:55:38.237] [nas] [error] PLMN selection failure, no cells in coverage
[2023-01-10 08:55:51.404] [rrc] [warning] Acceptable cell selection failed, no cell is in coverage
[2023-01-10 08:55:51.404] [rrc] [error] Cell selection failure, no suitable or acceptable cell found
[2023-01-10 08:56:09.065] [nas] [error] PLMN selection failure, no cells in coverage
[2023-01-10 08:56:21.417] [rrc] [warning] Acceptable cell selection failed, no cell is in coverage
[2023-01-10 08:56:21.417] [rrc] [error] Cell selection failure, no suitable or acceptable cell found
[2023-01-10 08:56:39.893] [nas] [error] PLMN selection failure, no cells in coverage
[2023-01-10 08:56:51.429] [rrc] [warning] Acceptable cell selection failed, no cell is in coverage
[2023-01-10 08:56:51.429] [rrc] [error] Cell selection failure, no suitable or acceptable cell found
[2023-01-10 08:57:10.722] [nas] [error] PLMN selection failure, no cells in coverage
[2023-01-10 08:57:21.441] [rrc] [warning] Acceptable cell selection failed, no cell is in coverage
[2023-01-10 08:57:21.441] [rrc] [error] Cell selection failure, no suitable or acceptable cell found
[2023-01-10 08:57:41.550] [nas] [error] PLMN selection failure, no cells in coverage
[2023-01-10 08:57:51.453] [rrc] [warning] Acceptable cell selection failed, no cell is in coverage
[2023-01-10 08:57:51.453] [rrc] [error] Cell selection failure, no suitable or acceptable cell found
[2023-01-10 08:58:12.378] [nas] [error] PLMN selection failure, no cells in coverage
[2023-01-10 08:58:21.465] [rrc] [warning] Acceptable cell selection failed, no cell is in coverage
[2023-01-10 08:58:21.465] [rrc] [error] Cell selection failure, no suitable or acceptable cell found
[2023-01-10 08:58:43.208] [nas] [error] PLMN selection failure, no cells in coverage
[2023-01-10 08:58:51.477] [rrc] [warning] Acceptable cell selection failed, no cell is in coverage
[2023-01-10 08:58:51.477] [rrc] [error] Cell selection failure, no suitable or acceptable cell found
[2023-01-10 08:59:14.036] [nas] [error] PLMN selection failure, no cells in coverage
[2023-01-10 08:59:21.489] [rrc] [warning] Acceptable cell selection failed, no cell is in coverage
[2023-01-10 08:59:21.489] [rrc] [error] Cell selection failure, no suitable or acceptable cell found
[2023-01-10 08:59:44.864] [nas] [error] PLMN selection failure, no cells in coverage
[2023-01-10 08:59:51.501] [rrc] [warning] Acceptable cell selection failed, no cell is in coverage
[2023-01-10 08:59:51.501] [rrc] [error] Cell selection failure, no suitable or acceptable cell found
[2023-01-10 09:00:15.692] [nas] [error] PLMN selection failure, no cells in coverage
[2023-01-10 09:00:21.513] [rrc] [warning] Acceptable cell selection failed, no cell is in coverage
[2023-01-10 09:00:21.513] [rrc] [error] Cell selection failure, no suitable or acceptable cell found
[2023-01-10 09:00:46.520] [nas] [error] PLMN selection failure, no cells in coverage
[2023-01-10 09:00:51.525] [rrc] [warning] Acceptable cell selection failed, no cell is in coverage
[2023-01-10 09:00:51.525] [rrc] [error] Cell selection failure, no suitable or acceptable cell found
[2023-01-10 09:01:17.348] [nas] [error] PLMN selection failure, no cells in coverage
[2023-01-10 09:01:21.537] [rrc] [warning] Acceptable cell selection failed, no cell is in coverage
[2023-01-10 09:01:21.537] [rrc] [error] Cell selection failure, no suitable or acceptable cell found
[2023-01-10 09:01:48.176] [nas] [error] PLMN selection failure, no cells in coverage
[2023-01-10 09:01:51.550] [rrc] [warning] Acceptable cell selection failed, no cell is in coverage
[2023-01-10 09:01:51.550] [rrc] [error] Cell selection failure, no suitable or acceptable cell found
[2023-01-10 09:02:19.004] [nas] [error] PLMN selection failure, no cells in coverage
[2023-01-10 09:02:21.562] [rrc] [warning] Acceptable cell selection failed, no cell is in coverage
[2023-01-10 09:02:21.562] [rrc] [error] Cell selection failure, no suitable or acceptable cell found
[2023-01-10 09:02:49.832] [nas] [error] PLMN selection failure, no cells in coverage
[2023-01-10 09:02:51.574] [rrc] [warning] Acceptable cell selection failed, no cell is in coverage
[2023-01-10 09:02:51.574] [rrc] [error] Cell selection failure, no suitable or acceptable cell found
[2023-01-10 09:03:20.661] [nas] [error] PLMN selection failure, no cells in coverage
[2023-01-10 09:03:21.586] [rrc] [warning] Acceptable cell selection failed, no cell is in coverage
[2023-01-10 09:03:21.586] [rrc] [error] Cell selection failure, no suitable or acceptable cell found
[2023-01-10 09:03:51.490] [nas] [error] PLMN selection failure, no cells in coverage
[2023-01-10 09:03:51.598] [rrc] [warning] Acceptable cell selection failed, no cell is in coverage
[2023-01-10 09:03:51.598] [rrc] [error] Cell selection failure, no suitable or acceptable cell found
[2023-01-10 09:04:21.610] [rrc] [warning] Acceptable cell selection failed, no cell is in coverage
[2023-01-10 09:04:21.610] [rrc] [error] Cell selection failure, no suitable or acceptable cell found
[2023-01-10 09:04:22.319] [nas] [error] PLMN selection failure, no cells in coverage
[2023-01-10 09:04:51.622] [rrc] [warning] Acceptable cell selection failed, no cell is in coverage
[2023-01-10 09:04:51.622] [rrc] [error] Cell selection failure, no suitable or acceptable cell found
[2023-01-10 09:04:53.147] [nas] [error] PLMN selection failure, no cells in coverage
[2023-01-10 09:05:21.634] [rrc] [warning] Acceptable cell selection failed, no cell is in coverage
[2023-01-10 09:05:21.634] [rrc] [error] Cell selection failure, no suitable or acceptable cell found
[2023-01-10 09:05:23.975] [nas] [error] PLMN selection failure, no cells in coverage
[2023-01-10 09:05:51.646] [rrc] [warning] Acceptable cell selection failed, no cell is in coverage
[2023-01-10 09:05:51.646] [rrc] [error] Cell selection failure, no suitable or acceptable cell found
[2023-01-10 09:05:54.804] [nas] [error] PLMN selection failure, no cells in coverage
[2023-01-10 09:06:21.658] [rrc] [warning] Acceptable cell selection failed, no cell is in coverage
[2023-01-10 09:06:21.658] [rrc] [error] Cell selection failure, no suitable or acceptable cell found
[2023-01-10 09:06:25.632] [nas] [error] PLMN selection failure, no cells in coverage
[2023-01-10 09:06:51.670] [rrc] [warning] Acceptable cell selection failed, no cell is in coverage
[2023-01-10 09:06:51.670] [rrc] [error] Cell selection failure, no suitable or acceptable cell found
