UERANSIM v3.2.6
[2023-01-10 08:45:36.695] [nas] [info] UE switches to state [MM-DEREGISTERED/PLMN-SEARCH]
[2023-01-10 08:45:36.696] [rrc] [debug] New signal detected for cell[1], total [1] cells in coverage
[2023-01-10 08:45:36.696] [nas] [info] Selected plmn[208/93]
[2023-01-10 08:45:36.696] [rrc] [info] Selected cell plmn[208/93] tac[1] category[SUITABLE]
[2023-01-10 08:45:36.696] [nas] [info] UE switches to state [MM-DEREGISTERED/PS]
[2023-01-10 08:45:36.696] [nas] [info] UE switches to state [MM-DEREGISTERED/NORMAL-SERVICE]
[2023-01-10 08:45:36.696] [nas] [debug] Initial registration required due to [MM-DEREG-NORMAL-SERVICE]
[2023-01-10 08:45:36.696] [nas] [debug] UAC access attempt is allowed for identity[0], category[MO_sig]
[2023-01-10 08:45:36.696] [nas] [debug] Sending Initial Registration
[2023-01-10 08:45:36.696] [nas] [info] UE switches to state [MM-REGISTER-INITIATED]
[2023-01-10 08:45:36.696] [rrc] [debug] Sending RRC Setup Request
[2023-01-10 08:45:36.697] [rrc] [info] RRC connection established
[2023-01-10 08:45:36.697] [rrc] [info] UE switches to state [RRC-CONNECTED]
[2023-01-10 08:45:36.697] [nas] [info] UE switches to state [CM-CONNECTED]
[2023-01-10 08:45:36.714] [nas] [debug] Authentication Request received
[2023-01-10 08:45:36.714] [nas] [debug] Sending Authentication Failure due to SQN out of range
[2023-01-10 08:45:36.726] [nas] [debug] Authentication Request received
[2023-01-10 08:45:36.734] [nas] [debug] Security Mode Command received
[2023-01-10 08:45:36.734] [nas] [debug] Selected integrity[2] ciphering[0]
[2023-01-10 08:45:36.764] [nas] [debug] Registration accept received
[2023-01-10 08:45:36.764] [nas] [info] UE switches to state [MM-REGISTERED/NORMAL-SERVICE]
[2023-01-10 08:45:36.764] [nas] [debug] Sending Registration Complete
[2023-01-10 08:45:36.764] [nas] [info] Initial Registration is successful
[2023-01-10 08:45:36.764] [nas] [debug] Sending PDU Session Establishment Request
[2023-01-10 08:45:36.764] [nas] [debug] UAC access attempt is allowed for identity[0], category[MO_sig]
[2023-01-10 08:45:37.001] [nas] [debug] PDU Session Establishment Accept received
[2023-01-10 08:45:37.001] [nas] [info] PDU Session establishment is successful PSI[1]
[2023-01-10 08:45:37.024] [app] [info] Connection setup for PDU session[1] is successful, TUN interface[uesimtun81, 10.60.0.86] is up.
[2023-01-10 08:46:14.975] [nas] [debug] De-registration required due to [NORMAL]
[2023-01-10 08:46:14.985] [nas] [debug] Starting de-registration procedure due to [NORMAL]
[2023-01-10 08:46:14.985] [nas] [debug] Performing local release of PDU session[1]
[2023-01-10 08:46:14.985] [nas] [info] UE switches to state [MM-DEREGISTER-INITIATED]
[2023-01-10 08:46:15.094] [rrc] [debug] RRC Release received
[2023-01-10 08:46:15.094] [nas] [debug] De-registration accept received
[2023-01-10 08:46:15.094] [nas] [info] UE switches to state [MM-DEREGISTERED/PS]
[2023-01-10 08:46:15.094] [nas] [info] De-registration is successful
[2023-01-10 08:46:15.094] [nas] [info] UE switches to state [CM-IDLE]
[2023-01-10 08:46:15.094] [nas] [info] UE switches to state [MM-DEREGISTERED/NORMAL-SERVICE]
[2023-01-10 08:46:15.094] [nas] [debug] Initial registration required due to [MM-DEREG-NORMAL-SERVICE]
[2023-01-10 08:46:15.096] [nas] [debug] UAC access attempt is allowed for identity[0], category[MO_sig]
[2023-01-10 08:46:15.096] [nas] [debug] Sending Initial Registration
[2023-01-10 08:46:15.096] [nas] [debug] Deleting NAS security context
[2023-01-10 08:46:15.096] [nas] [info] UE switches to state [MM-REGISTER-INITIATED]
[2023-01-10 08:46:15.096] [rrc] [debug] Sending RRC Setup Request
[2023-01-10 08:46:15.097] [rrc] [info] RRC connection established
[2023-01-10 08:46:15.097] [rrc] [info] UE switches to state [RRC-CONNECTED]
[2023-01-10 08:46:15.099] [nas] [info] UE switches to state [CM-CONNECTED]
[2023-01-10 08:46:15.252] [nas] [debug] Authentication Request received
[2023-01-10 08:46:15.356] [nas] [debug] De-registration required due to [NORMAL]
[2023-01-10 08:46:15.367] [nas] [warning] De-registration could not be triggered. UE is already de-registered
[2023-01-10 08:46:15.367] [nas] [debug] Security Mode Command received
[2023-01-10 08:46:15.367] [nas] [debug] Selected integrity[2] ciphering[0]
[2023-01-10 08:46:15.555] [nas] [debug] Registration accept received
[2023-01-10 08:46:15.556] [nas] [info] UE switches to state [MM-REGISTERED/NORMAL-SERVICE]
[2023-01-10 08:46:15.556] [nas] [debug] Sending Registration Complete
[2023-01-10 08:46:15.556] [nas] [info] Initial Registration is successful
[2023-01-10 08:46:15.556] [nas] [debug] Sending PDU Session Establishment Request
[2023-01-10 08:46:15.557] [nas] [debug] UAC access attempt is allowed for identity[0], category[MO_sig]
[2023-01-10 08:46:15.778] [nas] [debug] PDU Session Establishment Accept received
[2023-01-10 08:46:15.778] [nas] [info] PDU Session establishment is successful PSI[1]
[2023-01-10 08:46:16.192] [app] [info] Connection setup for PDU session[1] is successful, TUN interface[uesimtun15, 10.60.0.108] is up.
[2023-01-10 08:46:18.319] [rrc] [debug] Signal lost for cell[1], total [0] cells in coverage
[2023-01-10 08:46:18.319] [nas] [error] Radio link failure detected
[2023-01-10 08:46:18.319] [nas] [info] UE switches to state [CM-IDLE]
[2023-01-10 08:46:18.319] [nas] [info] UE switches to state [MM-REGISTERED/PS]
[2023-01-10 08:46:18.319] [nas] [info] UE switches to state [MM-REGISTERED/PLMN-SEARCH]
[2023-01-10 08:46:18.319] [nas] [error] PLMN selection failure, no cells in coverage
[2023-01-10 08:46:19.209] [rrc] [warning] Acceptable cell selection failed, no cell is in coverage
[2023-01-10 08:46:19.209] [rrc] [error] Cell selection failure, no suitable or acceptable cell found
[2023-01-10 08:46:20.729] [nas] [error] PLMN selection failure, no cells in coverage
[2023-01-10 08:46:22.931] [nas] [error] PLMN selection failure, no cells in coverage
[2023-01-10 08:46:24.032] [nas] [info] UE switches to state [MM-REGISTERED/NO-CELL-AVAILABLE]
[2023-01-10 08:46:49.221] [rrc] [warning] Acceptable cell selection failed, no cell is in coverage
[2023-01-10 08:46:49.221] [rrc] [error] Cell selection failure, no suitable or acceptable cell found
[2023-01-10 08:46:53.760] [nas] [error] PLMN selection failure, no cells in coverage
[2023-01-10 08:47:19.233] [rrc] [warning] Acceptable cell selection failed, no cell is in coverage
[2023-01-10 08:47:19.233] [rrc] [error] Cell selection failure, no suitable or acceptable cell found
[2023-01-10 08:47:24.589] [nas] [error] PLMN selection failure, no cells in coverage
[2023-01-10 08:47:49.245] [rrc] [warning] Acceptable cell selection failed, no cell is in coverage
[2023-01-10 08:47:49.245] [rrc] [error] Cell selection failure, no suitable or acceptable cell found
[2023-01-10 08:47:55.418] [nas] [error] PLMN selection failure, no cells in coverage
[2023-01-10 08:48:15.627] [nas] [debug] De-registration required due to [NORMAL]
[2023-01-10 08:48:19.257] [rrc] [warning] Acceptable cell selection failed, no cell is in coverage
[2023-01-10 08:48:19.257] [rrc] [error] Cell selection failure, no suitable or acceptable cell found
[2023-01-10 08:48:26.246] [nas] [error] PLMN selection failure, no cells in coverage
[2023-01-10 08:48:49.269] [rrc] [warning] Acceptable cell selection failed, no cell is in coverage
[2023-01-10 08:48:49.269] [rrc] [error] Cell selection failure, no suitable or acceptable cell found
[2023-01-10 08:48:57.074] [nas] [error] PLMN selection failure, no cells in coverage
[2023-01-10 08:49:19.281] [rrc] [warning] Acceptable cell selection failed, no cell is in coverage
[2023-01-10 08:49:19.281] [rrc] [error] Cell selection failure, no suitable or acceptable cell found
[2023-01-10 08:49:27.903] [nas] [error] PLMN selection failure, no cells in coverage
[2023-01-10 08:49:49.293] [rrc] [warning] Acceptable cell selection failed, no cell is in coverage
[2023-01-10 08:49:49.293] [rrc] [error] Cell selection failure, no suitable or acceptable cell found
[2023-01-10 08:49:58.731] [nas] [error] PLMN selection failure, no cells in coverage
[2023-01-10 08:50:19.307] [rrc] [warning] Acceptable cell selection failed, no cell is in coverage
[2023-01-10 08:50:19.307] [rrc] [error] Cell selection failure, no suitable or acceptable cell found
[2023-01-10 08:50:29.560] [nas] [error] PLMN selection failure, no cells in coverage
[2023-01-10 08:50:49.319] [rrc] [warning] Acceptable cell selection failed, no cell is in coverage
[2023-01-10 08:50:49.319] [rrc] [error] Cell selection failure, no suitable or acceptable cell found
[2023-01-10 08:51:00.389] [nas] [error] PLMN selection failure, no cells in coverage
[2023-01-10 08:51:19.332] [rrc] [warning] Acceptable cell selection failed, no cell is in coverage
[2023-01-10 08:51:19.332] [rrc] [error] Cell selection failure, no suitable or acceptable cell found
[2023-01-10 08:51:31.217] [nas] [error] PLMN selection failure, no cells in coverage
[2023-01-10 08:51:49.344] [rrc] [warning] Acceptable cell selection failed, no cell is in coverage
[2023-01-10 08:51:49.344] [rrc] [error] Cell selection failure, no suitable or acceptable cell found
[2023-01-10 08:52:02.045] [nas] [error] PLMN selection failure, no cells in coverage
[2023-01-10 08:52:19.356] [rrc] [warning] Acceptable cell selection failed, no cell is in coverage
[2023-01-10 08:52:19.356] [rrc] [error] Cell selection failure, no suitable or acceptable cell found
[2023-01-10 08:52:32.873] [nas] [error] PLMN selection failure, no cells in coverage
[2023-01-10 08:52:49.368] [rrc] [warning] Acceptable cell selection failed, no cell is in coverage
[2023-01-10 08:52:49.368] [rrc] [error] Cell selection failure, no suitable or acceptable cell found
[2023-01-10 08:53:03.702] [nas] [error] PLMN selection failure, no cells in coverage
[2023-01-10 08:53:19.380] [rrc] [warning] Acceptable cell selection failed, no cell is in coverage
[2023-01-10 08:53:19.380] [rrc] [error] Cell selection failure, no suitable or acceptable cell found
[2023-01-10 08:53:34.530] [nas] [error] PLMN selection failure, no cells in coverage
[2023-01-10 08:53:49.392] [rrc] [warning] Acceptable cell selection failed, no cell is in coverage
[2023-01-10 08:53:49.392] [rrc] [error] Cell selection failure, no suitable or acceptable cell found
[2023-01-10 08:54:05.358] [nas] [error] PLMN selection failure, no cells in coverage
[2023-01-10 08:54:19.404] [rrc] [warning] Acceptable cell selection failed, no cell is in coverage
[2023-01-10 08:54:19.404] [rrc] [error] Cell selection failure, no suitable or acceptable cell found
[2023-01-10 08:54:36.186] [nas] [error] PLMN selection failure, no cells in coverage
[2023-01-10 08:54:49.416] [rrc] [warning] Acceptable cell selection failed, no cell is in coverage
[2023-01-10 08:54:49.416] [rrc] [error] Cell selection failure, no suitable or acceptable cell found
[2023-01-10 08:55:07.014] [nas] [error] PLMN selection failure, no cells in coverage
[2023-01-10 08:55:19.428] [rrc] [warning] Acceptable cell selection failed, no cell is in coverage
[2023-01-10 08:55:19.428] [rrc] [error] Cell selection failure, no suitable or acceptable cell found
[2023-01-10 08:55:37.842] [nas] [error] PLMN selection failure, no cells in coverage
[2023-01-10 08:55:49.441] [rrc] [warning] Acceptable cell selection failed, no cell is in coverage
[2023-01-10 08:55:49.441] [rrc] [error] Cell selection failure, no suitable or acceptable cell found
[2023-01-10 08:56:08.671] [nas] [error] PLMN selection failure, no cells in coverage
[2023-01-10 08:56:19.453] [rrc] [warning] Acceptable cell selection failed, no cell is in coverage
[2023-01-10 08:56:19.453] [rrc] [error] Cell selection failure, no suitable or acceptable cell found
[2023-01-10 08:56:39.499] [nas] [error] PLMN selection failure, no cells in coverage
[2023-01-10 08:56:49.465] [rrc] [warning] Acceptable cell selection failed, no cell is in coverage
[2023-01-10 08:56:49.465] [rrc] [error] Cell selection failure, no suitable or acceptable cell found
[2023-01-10 08:57:10.327] [nas] [error] PLMN selection failure, no cells in coverage
[2023-01-10 08:57:19.477] [rrc] [warning] Acceptable cell selection failed, no cell is in coverage
[2023-01-10 08:57:19.477] [rrc] [error] Cell selection failure, no suitable or acceptable cell found
[2023-01-10 08:57:41.156] [nas] [error] PLMN selection failure, no cells in coverage
[2023-01-10 08:57:49.489] [rrc] [warning] Acceptable cell selection failed, no cell is in coverage
[2023-01-10 08:57:49.489] [rrc] [error] Cell selection failure, no suitable or acceptable cell found
[2023-01-10 08:58:11.986] [nas] [error] PLMN selection failure, no cells in coverage
[2023-01-10 08:58:19.501] [rrc] [warning] Acceptable cell selection failed, no cell is in coverage
[2023-01-10 08:58:19.501] [rrc] [error] Cell selection failure, no suitable or acceptable cell found
[2023-01-10 08:58:42.814] [nas] [error] PLMN selection failure, no cells in coverage
[2023-01-10 08:58:49.513] [rrc] [warning] Acceptable cell selection failed, no cell is in coverage
[2023-01-10 08:58:49.513] [rrc] [error] Cell selection failure, no suitable or acceptable cell found
[2023-01-10 08:59:13.642] [nas] [error] PLMN selection failure, no cells in coverage
[2023-01-10 08:59:19.525] [rrc] [warning] Acceptable cell selection failed, no cell is in coverage
[2023-01-10 08:59:19.525] [rrc] [error] Cell selection failure, no suitable or acceptable cell found
[2023-01-10 08:59:44.470] [nas] [error] PLMN selection failure, no cells in coverage
[2023-01-10 08:59:49.537] [rrc] [warning] Acceptable cell selection failed, no cell is in coverage
[2023-01-10 08:59:49.537] [rrc] [error] Cell selection failure, no suitable or acceptable cell found
[2023-01-10 09:00:15.298] [nas] [error] PLMN selection failure, no cells in coverage
[2023-01-10 09:00:19.549] [rrc] [warning] Acceptable cell selection failed, no cell is in coverage
[2023-01-10 09:00:19.549] [rrc] [error] Cell selection failure, no suitable or acceptable cell found
[2023-01-10 09:00:46.126] [nas] [error] PLMN selection failure, no cells in coverage
[2023-01-10 09:00:49.561] [rrc] [warning] Acceptable cell selection failed, no cell is in coverage
[2023-01-10 09:00:49.561] [rrc] [error] Cell selection failure, no suitable or acceptable cell found
[2023-01-10 09:01:16.955] [nas] [error] PLMN selection failure, no cells in coverage
[2023-01-10 09:01:19.573] [rrc] [warning] Acceptable cell selection failed, no cell is in coverage
[2023-01-10 09:01:19.573] [rrc] [error] Cell selection failure, no suitable or acceptable cell found
[2023-01-10 09:01:47.783] [nas] [error] PLMN selection failure, no cells in coverage
[2023-01-10 09:01:49.585] [rrc] [warning] Acceptable cell selection failed, no cell is in coverage
[2023-01-10 09:01:49.585] [rrc] [error] Cell selection failure, no suitable or acceptable cell found
[2023-01-10 09:02:18.611] [nas] [error] PLMN selection failure, no cells in coverage
[2023-01-10 09:02:19.597] [rrc] [warning] Acceptable cell selection failed, no cell is in coverage
[2023-01-10 09:02:19.597] [rrc] [error] Cell selection failure, no suitable or acceptable cell found
[2023-01-10 09:02:49.439] [nas] [error] PLMN selection failure, no cells in coverage
[2023-01-10 09:02:49.609] [rrc] [warning] Acceptable cell selection failed, no cell is in coverage
[2023-01-10 09:02:49.609] [rrc] [error] Cell selection failure, no suitable or acceptable cell found
[2023-01-10 09:03:19.621] [rrc] [warning] Acceptable cell selection failed, no cell is in coverage
[2023-01-10 09:03:19.621] [rrc] [error] Cell selection failure, no suitable or acceptable cell found
[2023-01-10 09:03:20.267] [nas] [error] PLMN selection failure, no cells in coverage
[2023-01-10 09:03:49.633] [rrc] [warning] Acceptable cell selection failed, no cell is in coverage
[2023-01-10 09:03:49.633] [rrc] [error] Cell selection failure, no suitable or acceptable cell found
[2023-01-10 09:03:51.095] [nas] [error] PLMN selection failure, no cells in coverage
[2023-01-10 09:04:19.645] [rrc] [warning] Acceptable cell selection failed, no cell is in coverage
[2023-01-10 09:04:19.645] [rrc] [error] Cell selection failure, no suitable or acceptable cell found
[2023-01-10 09:04:21.924] [nas] [error] PLMN selection failure, no cells in coverage
[2023-01-10 09:04:49.658] [rrc] [warning] Acceptable cell selection failed, no cell is in coverage
[2023-01-10 09:04:49.658] [rrc] [error] Cell selection failure, no suitable or acceptable cell found
[2023-01-10 09:04:52.752] [nas] [error] PLMN selection failure, no cells in coverage
[2023-01-10 09:05:19.670] [rrc] [warning] Acceptable cell selection failed, no cell is in coverage
[2023-01-10 09:05:19.670] [rrc] [error] Cell selection failure, no suitable or acceptable cell found
[2023-01-10 09:05:23.580] [nas] [error] PLMN selection failure, no cells in coverage
[2023-01-10 09:05:49.682] [rrc] [warning] Acceptable cell selection failed, no cell is in coverage
[2023-01-10 09:05:49.682] [rrc] [error] Cell selection failure, no suitable or acceptable cell found
[2023-01-10 09:05:54.408] [nas] [error] PLMN selection failure, no cells in coverage
[2023-01-10 09:06:19.694] [rrc] [warning] Acceptable cell selection failed, no cell is in coverage
[2023-01-10 09:06:19.694] [rrc] [error] Cell selection failure, no suitable or acceptable cell found
[2023-01-10 09:06:25.236] [nas] [error] PLMN selection failure, no cells in coverage
[2023-01-10 09:06:49.706] [rrc] [warning] Acceptable cell selection failed, no cell is in coverage
[2023-01-10 09:06:49.706] [rrc] [error] Cell selection failure, no suitable or acceptable cell found
