UERANSIM v3.2.6
[2023-01-10 08:43:26.558] [nas] [info] UE switches to state [MM-DEREGISTERED/PLMN-SEARCH]
[2023-01-10 08:43:26.559] [rrc] [debug] New signal detected for cell[1], total [1] cells in coverage
[2023-01-10 08:43:26.560] [nas] [info] Selected plmn[208/93]
[2023-01-10 08:43:26.560] [rrc] [info] Selected cell plmn[208/93] tac[1] category[SUITABLE]
[2023-01-10 08:43:26.560] [nas] [info] UE switches to state [MM-DEREGISTERED/PS]
[2023-01-10 08:43:26.560] [nas] [info] UE switches to state [MM-DEREGISTERED/NORMAL-SERVICE]
[2023-01-10 08:43:26.560] [nas] [debug] Initial registration required due to [MM-DEREG-NORMAL-SERVICE]
[2023-01-10 08:43:26.560] [nas] [debug] UAC access attempt is allowed for identity[0], category[MO_sig]
[2023-01-10 08:43:26.560] [nas] [debug] Sending Initial Registration
[2023-01-10 08:43:26.560] [nas] [info] UE switches to state [MM-REGISTER-INITIATED]
[2023-01-10 08:43:26.560] [rrc] [debug] Sending RRC Setup Request
[2023-01-10 08:43:26.561] [rrc] [info] RRC connection established
[2023-01-10 08:43:26.561] [rrc] [info] UE switches to state [RRC-CONNECTED]
[2023-01-10 08:43:26.561] [nas] [info] UE switches to state [CM-CONNECTED]
[2023-01-10 08:43:26.580] [nas] [debug] Authentication Request received
[2023-01-10 08:43:26.580] [nas] [debug] Sending Authentication Failure due to SQN out of range
[2023-01-10 08:43:26.591] [nas] [debug] Authentication Request received
[2023-01-10 08:43:26.597] [nas] [debug] Security Mode Command received
[2023-01-10 08:43:26.597] [nas] [debug] Selected integrity[2] ciphering[0]
[2023-01-10 08:43:26.627] [nas] [debug] Registration accept received
[2023-01-10 08:43:26.627] [nas] [info] UE switches to state [MM-REGISTERED/NORMAL-SERVICE]
[2023-01-10 08:43:26.627] [nas] [debug] Sending Registration Complete
[2023-01-10 08:43:26.627] [nas] [info] Initial Registration is successful
[2023-01-10 08:43:26.627] [nas] [debug] Sending PDU Session Establishment Request
[2023-01-10 08:43:26.627] [nas] [debug] UAC access attempt is allowed for identity[0], category[MO_sig]
[2023-01-10 08:43:26.861] [nas] [debug] PDU Session Establishment Accept received
[2023-01-10 08:43:26.861] [nas] [info] PDU Session establishment is successful PSI[1]
[2023-01-10 08:43:26.874] [app] [info] Connection setup for PDU session[1] is successful, TUN interface[uesimtun15, 10.60.0.20] is up.
[2023-01-10 08:46:15.560] [nas] [debug] Sending PDU Session Release Request for PSI[1]
[2023-01-10 08:46:15.778] [nas] [debug] PDU Session Release Command received
[2023-01-10 08:46:15.778] [nas] [debug] Performing local release of PDU session[1]
[2023-01-10 08:46:16.103] [nas] [debug] Sending PDU Session Establishment Request
[2023-01-10 08:46:16.115] [nas] [debug] UAC access attempt is allowed for identity[0], category[MO_sig]
[2023-01-10 08:46:16.338] [nas] [debug] PDU Session Establishment Accept received
[2023-01-10 08:46:16.338] [nas] [info] PDU Session establishment is successful PSI[1]
[2023-01-10 08:46:16.860] [app] [info] Connection setup for PDU session[1] is successful, TUN interface[uesimtun12, 10.60.0.111] is up.
[2023-01-10 08:46:16.870] [nas] [debug] Sending PDU Session Release Request for PSI[1]
[2023-01-10 08:46:17.048] [nas] [debug] Sending PDU Session Establishment Request
[2023-01-10 08:46:17.169] [nas] [error] No response from RRC from UAC checks, considering access attempt is barred
[2023-01-10 08:46:17.513] [nas] [debug] Sending PDU Session Release Request for PSI[1]
[2023-01-10 08:46:17.701] [nas] [debug] De-registration required due to [NORMAL]
[2023-01-10 08:46:17.711] [nas] [debug] Starting de-registration procedure due to [NORMAL]
[2023-01-10 08:46:17.711] [nas] [debug] Performing local release of PDU session[1]
[2023-01-10 08:46:17.711] [nas] [info] UE switches to state [MM-DEREGISTER-INITIATED]
[2023-01-10 08:46:18.744] [rrc] [debug] Signal lost for cell[1], total [0] cells in coverage
[2023-01-10 08:46:18.744] [nas] [error] Radio link failure detected
[2023-01-10 08:46:18.744] [nas] [info] UE switches to state [CM-IDLE]
[2023-01-10 08:46:18.744] [nas] [info] UE switches to state [MM-DEREGISTERED/PS]
[2023-01-10 08:46:18.744] [nas] [info] UE switches to state [MM-DEREGISTERED/PLMN-SEARCH]
[2023-01-10 08:46:18.744] [nas] [error] PLMN selection failure, no cells in coverage
[2023-01-10 08:46:19.126] [rrc] [warning] Acceptable cell selection failed, no cell is in coverage
[2023-01-10 08:46:19.126] [rrc] [error] Cell selection failure, no suitable or acceptable cell found
[2023-01-10 08:46:21.624] [nas] [error] PLMN selection failure, no cells in coverage
[2023-01-10 08:46:23.826] [nas] [info] UE switches to state [MM-DEREGISTERED/NO-CELL-AVAILABLE]
[2023-01-10 08:46:33.759] [nas] [warning] Retransmitting PDU Session Release Request due to T3582 expiry
[2023-01-10 08:46:33.759] [nas] [debug] NAS Transport aborted, no active cell
[2023-01-10 08:46:33.759] [nas] [warning] Retransmitting PDU Session Establishment Request due to T3580 expiry
[2023-01-10 08:46:33.759] [nas] [error] UAC access attempt is barred for identity[0], category[MO_sig]
[2023-01-10 08:46:33.759] [nas] [warning] Retransmitting PDU Session Release Request due to T3582 expiry
[2023-01-10 08:46:33.759] [nas] [debug] NAS Transport aborted, no active cell
[2023-01-10 08:46:49.138] [rrc] [warning] Acceptable cell selection failed, no cell is in coverage
[2023-01-10 08:46:49.138] [rrc] [error] Cell selection failure, no suitable or acceptable cell found
[2023-01-10 08:46:49.778] [nas] [warning] Retransmitting PDU Session Release Request due to T3582 expiry
[2023-01-10 08:46:49.778] [nas] [debug] NAS Transport aborted, no active cell
[2023-01-10 08:46:49.778] [nas] [warning] Retransmitting PDU Session Establishment Request due to T3580 expiry
[2023-01-10 08:46:49.778] [nas] [error] UAC access attempt is barred for identity[0], category[MO_sig]
[2023-01-10 08:46:49.778] [nas] [warning] Retransmitting PDU Session Release Request due to T3582 expiry
[2023-01-10 08:46:49.778] [nas] [debug] NAS Transport aborted, no active cell
[2023-01-10 08:46:52.452] [nas] [error] PLMN selection failure, no cells in coverage
[2023-01-10 08:47:05.799] [nas] [warning] Retransmitting PDU Session Release Request due to T3582 expiry
[2023-01-10 08:47:05.799] [nas] [debug] NAS Transport aborted, no active cell
[2023-01-10 08:47:05.799] [nas] [warning] Retransmitting PDU Session Establishment Request due to T3580 expiry
[2023-01-10 08:47:05.802] [nas] [error] UAC access attempt is barred for identity[0], category[MO_sig]
[2023-01-10 08:47:05.802] [nas] [warning] Retransmitting PDU Session Release Request due to T3582 expiry
[2023-01-10 08:47:05.802] [nas] [debug] NAS Transport aborted, no active cell
[2023-01-10 08:47:19.151] [rrc] [warning] Acceptable cell selection failed, no cell is in coverage
[2023-01-10 08:47:19.151] [rrc] [error] Cell selection failure, no suitable or acceptable cell found
[2023-01-10 08:47:21.815] [nas] [warning] Retransmitting PDU Session Release Request due to T3582 expiry
[2023-01-10 08:47:21.815] [nas] [debug] NAS Transport aborted, no active cell
[2023-01-10 08:47:21.815] [nas] [warning] Retransmitting PDU Session Establishment Request due to T3580 expiry
[2023-01-10 08:47:21.815] [nas] [error] UAC access attempt is barred for identity[0], category[MO_sig]
[2023-01-10 08:47:21.815] [nas] [warning] Retransmitting PDU Session Release Request due to T3582 expiry
[2023-01-10 08:47:21.815] [nas] [debug] NAS Transport aborted, no active cell
[2023-01-10 08:47:23.281] [nas] [error] PLMN selection failure, no cells in coverage
[2023-01-10 08:47:37.831] [nas] [error] PDU Session Release procedure failure, no response from the network after 5 attempts
[2023-01-10 08:47:37.831] [nas] [debug] Aborting SM procedure for PTI[1], PSI[1]
[2023-01-10 08:47:37.831] [nas] [debug] Performing local release of PDU session[1]
[2023-01-10 08:47:37.831] [nas] [debug] Mobility registration updating required due to [PS-STATUS-INFORM]
[2023-01-10 08:47:37.831] [nas] [error] PDU Session Establishment procedure failure, no response from the network after 5 attempts
[2023-01-10 08:47:37.831] [nas] [debug] Aborting SM procedure for PTI[2], PSI[2]
[2023-01-10 08:47:37.831] [nas] [error] PDU Session Release procedure failure, no response from the network after 5 attempts
[2023-01-10 08:47:37.831] [nas] [debug] Aborting SM procedure for PTI[3], PSI[1]
[2023-01-10 08:47:37.831] [nas] [debug] Performing local release of PDU session[1]
[2023-01-10 08:47:49.164] [rrc] [warning] Acceptable cell selection failed, no cell is in coverage
[2023-01-10 08:47:49.164] [rrc] [error] Cell selection failure, no suitable or acceptable cell found
[2023-01-10 08:47:54.109] [nas] [error] PLMN selection failure, no cells in coverage
[2023-01-10 08:48:18.026] [nas] [debug] De-registration required due to [NORMAL]
[2023-01-10 08:48:19.176] [rrc] [warning] Acceptable cell selection failed, no cell is in coverage
[2023-01-10 08:48:19.176] [rrc] [error] Cell selection failure, no suitable or acceptable cell found
[2023-01-10 08:48:24.937] [nas] [error] PLMN selection failure, no cells in coverage
[2023-01-10 08:48:49.188] [rrc] [warning] Acceptable cell selection failed, no cell is in coverage
[2023-01-10 08:48:49.188] [rrc] [error] Cell selection failure, no suitable or acceptable cell found
[2023-01-10 08:48:55.765] [nas] [error] PLMN selection failure, no cells in coverage
[2023-01-10 08:49:19.201] [rrc] [warning] Acceptable cell selection failed, no cell is in coverage
[2023-01-10 08:49:19.201] [rrc] [error] Cell selection failure, no suitable or acceptable cell found
[2023-01-10 08:49:26.593] [nas] [error] PLMN selection failure, no cells in coverage
[2023-01-10 08:49:49.213] [rrc] [warning] Acceptable cell selection failed, no cell is in coverage
[2023-01-10 08:49:49.213] [rrc] [error] Cell selection failure, no suitable or acceptable cell found
[2023-01-10 08:49:57.421] [nas] [error] PLMN selection failure, no cells in coverage
[2023-01-10 08:50:19.225] [rrc] [warning] Acceptable cell selection failed, no cell is in coverage
[2023-01-10 08:50:19.225] [rrc] [error] Cell selection failure, no suitable or acceptable cell found
[2023-01-10 08:50:28.249] [nas] [error] PLMN selection failure, no cells in coverage
[2023-01-10 08:50:49.237] [rrc] [warning] Acceptable cell selection failed, no cell is in coverage
[2023-01-10 08:50:49.237] [rrc] [error] Cell selection failure, no suitable or acceptable cell found
[2023-01-10 08:50:59.077] [nas] [error] PLMN selection failure, no cells in coverage
[2023-01-10 08:51:19.249] [rrc] [warning] Acceptable cell selection failed, no cell is in coverage
[2023-01-10 08:51:19.249] [rrc] [error] Cell selection failure, no suitable or acceptable cell found
[2023-01-10 08:51:29.905] [nas] [error] PLMN selection failure, no cells in coverage
[2023-01-10 08:51:49.261] [rrc] [warning] Acceptable cell selection failed, no cell is in coverage
[2023-01-10 08:51:49.261] [rrc] [error] Cell selection failure, no suitable or acceptable cell found
[2023-01-10 08:52:00.733] [nas] [error] PLMN selection failure, no cells in coverage
[2023-01-10 08:52:19.274] [rrc] [warning] Acceptable cell selection failed, no cell is in coverage
[2023-01-10 08:52:19.274] [rrc] [error] Cell selection failure, no suitable or acceptable cell found
[2023-01-10 08:52:31.562] [nas] [error] PLMN selection failure, no cells in coverage
[2023-01-10 08:52:49.286] [rrc] [warning] Acceptable cell selection failed, no cell is in coverage
[2023-01-10 08:52:49.286] [rrc] [error] Cell selection failure, no suitable or acceptable cell found
[2023-01-10 08:53:02.390] [nas] [error] PLMN selection failure, no cells in coverage
[2023-01-10 08:53:19.298] [rrc] [warning] Acceptable cell selection failed, no cell is in coverage
[2023-01-10 08:53:19.298] [rrc] [error] Cell selection failure, no suitable or acceptable cell found
[2023-01-10 08:53:33.218] [nas] [error] PLMN selection failure, no cells in coverage
[2023-01-10 08:53:49.310] [rrc] [warning] Acceptable cell selection failed, no cell is in coverage
[2023-01-10 08:53:49.310] [rrc] [error] Cell selection failure, no suitable or acceptable cell found
[2023-01-10 08:54:04.048] [nas] [error] PLMN selection failure, no cells in coverage
[2023-01-10 08:54:19.323] [rrc] [warning] Acceptable cell selection failed, no cell is in coverage
[2023-01-10 08:54:19.323] [rrc] [error] Cell selection failure, no suitable or acceptable cell found
[2023-01-10 08:54:34.876] [nas] [error] PLMN selection failure, no cells in coverage
[2023-01-10 08:54:49.335] [rrc] [warning] Acceptable cell selection failed, no cell is in coverage
[2023-01-10 08:54:49.335] [rrc] [error] Cell selection failure, no suitable or acceptable cell found
[2023-01-10 08:55:05.704] [nas] [error] PLMN selection failure, no cells in coverage
[2023-01-10 08:55:19.347] [rrc] [warning] Acceptable cell selection failed, no cell is in coverage
[2023-01-10 08:55:19.347] [rrc] [error] Cell selection failure, no suitable or acceptable cell found
[2023-01-10 08:55:36.532] [nas] [error] PLMN selection failure, no cells in coverage
[2023-01-10 08:55:49.359] [rrc] [warning] Acceptable cell selection failed, no cell is in coverage
[2023-01-10 08:55:49.359] [rrc] [error] Cell selection failure, no suitable or acceptable cell found
[2023-01-10 08:56:07.360] [nas] [error] PLMN selection failure, no cells in coverage
[2023-01-10 08:56:19.371] [rrc] [warning] Acceptable cell selection failed, no cell is in coverage
[2023-01-10 08:56:19.371] [rrc] [error] Cell selection failure, no suitable or acceptable cell found
[2023-01-10 08:56:38.188] [nas] [error] PLMN selection failure, no cells in coverage
[2023-01-10 08:56:49.383] [rrc] [warning] Acceptable cell selection failed, no cell is in coverage
[2023-01-10 08:56:49.383] [rrc] [error] Cell selection failure, no suitable or acceptable cell found
[2023-01-10 08:57:09.016] [nas] [error] PLMN selection failure, no cells in coverage
[2023-01-10 08:57:19.395] [rrc] [warning] Acceptable cell selection failed, no cell is in coverage
[2023-01-10 08:57:19.395] [rrc] [error] Cell selection failure, no suitable or acceptable cell found
[2023-01-10 08:57:39.844] [nas] [error] PLMN selection failure, no cells in coverage
[2023-01-10 08:57:49.407] [rrc] [warning] Acceptable cell selection failed, no cell is in coverage
[2023-01-10 08:57:49.407] [rrc] [error] Cell selection failure, no suitable or acceptable cell found
[2023-01-10 08:58:10.673] [nas] [error] PLMN selection failure, no cells in coverage
[2023-01-10 08:58:19.420] [rrc] [warning] Acceptable cell selection failed, no cell is in coverage
[2023-01-10 08:58:19.420] [rrc] [error] Cell selection failure, no suitable or acceptable cell found
[2023-01-10 08:58:41.502] [nas] [error] PLMN selection failure, no cells in coverage
[2023-01-10 08:58:49.432] [rrc] [warning] Acceptable cell selection failed, no cell is in coverage
[2023-01-10 08:58:49.432] [rrc] [error] Cell selection failure, no suitable or acceptable cell found
[2023-01-10 08:59:12.330] [nas] [error] PLMN selection failure, no cells in coverage
[2023-01-10 08:59:19.444] [rrc] [warning] Acceptable cell selection failed, no cell is in coverage
[2023-01-10 08:59:19.444] [rrc] [error] Cell selection failure, no suitable or acceptable cell found
[2023-01-10 08:59:43.158] [nas] [error] PLMN selection failure, no cells in coverage
[2023-01-10 08:59:49.456] [rrc] [warning] Acceptable cell selection failed, no cell is in coverage
[2023-01-10 08:59:49.456] [rrc] [error] Cell selection failure, no suitable or acceptable cell found
[2023-01-10 09:00:13.986] [nas] [error] PLMN selection failure, no cells in coverage
[2023-01-10 09:00:19.468] [rrc] [warning] Acceptable cell selection failed, no cell is in coverage
[2023-01-10 09:00:19.468] [rrc] [error] Cell selection failure, no suitable or acceptable cell found
[2023-01-10 09:00:44.814] [nas] [error] PLMN selection failure, no cells in coverage
[2023-01-10 09:00:49.480] [rrc] [warning] Acceptable cell selection failed, no cell is in coverage
[2023-01-10 09:00:49.480] [rrc] [error] Cell selection failure, no suitable or acceptable cell found
[2023-01-10 09:01:15.642] [nas] [error] PLMN selection failure, no cells in coverage
[2023-01-10 09:01:19.492] [rrc] [warning] Acceptable cell selection failed, no cell is in coverage
[2023-01-10 09:01:19.492] [rrc] [error] Cell selection failure, no suitable or acceptable cell found
[2023-01-10 09:01:46.470] [nas] [error] PLMN selection failure, no cells in coverage
[2023-01-10 09:01:49.504] [rrc] [warning] Acceptable cell selection failed, no cell is in coverage
[2023-01-10 09:01:49.504] [rrc] [error] Cell selection failure, no suitable or acceptable cell found
[2023-01-10 09:02:17.298] [nas] [error] PLMN selection failure, no cells in coverage
[2023-01-10 09:02:19.516] [rrc] [warning] Acceptable cell selection failed, no cell is in coverage
[2023-01-10 09:02:19.516] [rrc] [error] Cell selection failure, no suitable or acceptable cell found
[2023-01-10 09:02:48.126] [nas] [error] PLMN selection failure, no cells in coverage
[2023-01-10 09:02:49.528] [rrc] [warning] Acceptable cell selection failed, no cell is in coverage
[2023-01-10 09:02:49.528] [rrc] [error] Cell selection failure, no suitable or acceptable cell found
[2023-01-10 09:03:18.954] [nas] [error] PLMN selection failure, no cells in coverage
[2023-01-10 09:03:19.540] [rrc] [warning] Acceptable cell selection failed, no cell is in coverage
[2023-01-10 09:03:19.540] [rrc] [error] Cell selection failure, no suitable or acceptable cell found
[2023-01-10 09:03:49.552] [rrc] [warning] Acceptable cell selection failed, no cell is in coverage
[2023-01-10 09:03:49.552] [rrc] [error] Cell selection failure, no suitable or acceptable cell found
[2023-01-10 09:03:49.782] [nas] [error] PLMN selection failure, no cells in coverage
[2023-01-10 09:04:19.564] [rrc] [warning] Acceptable cell selection failed, no cell is in coverage
[2023-01-10 09:04:19.564] [rrc] [error] Cell selection failure, no suitable or acceptable cell found
[2023-01-10 09:04:20.611] [nas] [error] PLMN selection failure, no cells in coverage
[2023-01-10 09:04:49.576] [rrc] [warning] Acceptable cell selection failed, no cell is in coverage
[2023-01-10 09:04:49.576] [rrc] [error] Cell selection failure, no suitable or acceptable cell found
[2023-01-10 09:04:51.439] [nas] [error] PLMN selection failure, no cells in coverage
[2023-01-10 09:05:19.588] [rrc] [warning] Acceptable cell selection failed, no cell is in coverage
[2023-01-10 09:05:19.588] [rrc] [error] Cell selection failure, no suitable or acceptable cell found
[2023-01-10 09:05:22.267] [nas] [error] PLMN selection failure, no cells in coverage
[2023-01-10 09:05:49.600] [rrc] [warning] Acceptable cell selection failed, no cell is in coverage
[2023-01-10 09:05:49.600] [rrc] [error] Cell selection failure, no suitable or acceptable cell found
[2023-01-10 09:05:53.096] [nas] [error] PLMN selection failure, no cells in coverage
[2023-01-10 09:06:19.612] [rrc] [warning] Acceptable cell selection failed, no cell is in coverage
[2023-01-10 09:06:19.612] [rrc] [error] Cell selection failure, no suitable or acceptable cell found
[2023-01-10 09:06:23.924] [nas] [error] PLMN selection failure, no cells in coverage
[2023-01-10 09:06:49.624] [rrc] [warning] Acceptable cell selection failed, no cell is in coverage
[2023-01-10 09:06:49.624] [rrc] [error] Cell selection failure, no suitable or acceptable cell found
[2023-01-10 09:06:54.752] [nas] [error] PLMN selection failure, no cells in coverage
