UERANSIM v3.2.6
[2023-01-10 08:43:06.536] [nas] [info] UE switches to state [MM-DEREGISTERED/PLMN-SEARCH]
[2023-01-10 08:43:06.536] [rrc] [debug] New signal detected for cell[1], total [1] cells in coverage
[2023-01-10 08:43:06.538] [nas] [info] Selected plmn[208/93]
[2023-01-10 08:43:06.538] [rrc] [info] Selected cell plmn[208/93] tac[1] category[SUITABLE]
[2023-01-10 08:43:06.538] [nas] [info] UE switches to state [MM-DEREGISTERED/PS]
[2023-01-10 08:43:06.538] [nas] [info] UE switches to state [MM-DEREGISTERED/NORMAL-SERVICE]
[2023-01-10 08:43:06.538] [nas] [debug] Initial registration required due to [MM-DEREG-NORMAL-SERVICE]
[2023-01-10 08:43:06.540] [nas] [debug] UAC access attempt is allowed for identity[0], category[MO_sig]
[2023-01-10 08:43:06.540] [nas] [debug] Sending Initial Registration
[2023-01-10 08:43:06.540] [nas] [info] UE switches to state [MM-REGISTER-INITIATED]
[2023-01-10 08:43:06.540] [rrc] [debug] Sending RRC Setup Request
[2023-01-10 08:43:06.540] [rrc] [info] RRC connection established
[2023-01-10 08:43:06.540] [rrc] [info] UE switches to state [RRC-CONNECTED]
[2023-01-10 08:43:06.540] [nas] [info] UE switches to state [CM-CONNECTED]
[2023-01-10 08:43:06.558] [nas] [debug] Authentication Request received
[2023-01-10 08:43:06.558] [nas] [debug] Sending Authentication Failure due to SQN out of range
[2023-01-10 08:43:06.571] [nas] [debug] Authentication Request received
[2023-01-10 08:43:06.577] [nas] [debug] Security Mode Command received
[2023-01-10 08:43:06.577] [nas] [debug] Selected integrity[2] ciphering[0]
[2023-01-10 08:43:06.603] [nas] [debug] Registration accept received
[2023-01-10 08:43:06.603] [nas] [info] UE switches to state [MM-REGISTERED/NORMAL-SERVICE]
[2023-01-10 08:43:06.603] [nas] [debug] Sending Registration Complete
[2023-01-10 08:43:06.603] [nas] [info] Initial Registration is successful
[2023-01-10 08:43:06.603] [nas] [debug] Sending PDU Session Establishment Request
[2023-01-10 08:43:06.604] [nas] [debug] UAC access attempt is allowed for identity[0], category[MO_sig]
[2023-01-10 08:43:06.842] [nas] [debug] PDU Session Establishment Accept received
[2023-01-10 08:43:06.842] [nas] [info] PDU Session establishment is successful PSI[1]
[2023-01-10 08:43:06.865] [app] [info] Connection setup for PDU session[1] is successful, TUN interface[uesimtun6, 10.60.0.11] is up.
[2023-01-10 08:46:17.917] [nas] [debug] De-registration required due to [NORMAL]
[2023-01-10 08:46:17.927] [nas] [debug] Starting de-registration procedure due to [NORMAL]
[2023-01-10 08:46:17.927] [nas] [debug] Performing local release of PDU session[1]
[2023-01-10 08:46:17.927] [nas] [info] UE switches to state [MM-DEREGISTER-INITIATED]
[2023-01-10 08:46:18.118] [rrc] [debug] Signal lost for cell[1], total [0] cells in coverage
[2023-01-10 08:46:18.119] [nas] [error] Radio link failure detected
[2023-01-10 08:46:18.119] [nas] [info] UE switches to state [CM-IDLE]
[2023-01-10 08:46:18.119] [nas] [info] UE switches to state [MM-DEREGISTERED/PS]
[2023-01-10 08:46:18.119] [nas] [info] UE switches to state [MM-DEREGISTERED/PLMN-SEARCH]
[2023-01-10 08:46:18.119] [nas] [error] PLMN selection failure, no cells in coverage
[2023-01-10 08:46:19.113] [rrc] [warning] Acceptable cell selection failed, no cell is in coverage
[2023-01-10 08:46:19.113] [rrc] [error] Cell selection failure, no suitable or acceptable cell found
[2023-01-10 08:46:20.317] [nas] [error] PLMN selection failure, no cells in coverage
[2023-01-10 08:46:22.519] [nas] [error] PLMN selection failure, no cells in coverage
[2023-01-10 08:46:23.620] [nas] [info] UE switches to state [MM-DEREGISTERED/NO-CELL-AVAILABLE]
[2023-01-10 08:46:49.125] [rrc] [warning] Acceptable cell selection failed, no cell is in coverage
[2023-01-10 08:46:49.125] [rrc] [error] Cell selection failure, no suitable or acceptable cell found
[2023-01-10 08:46:53.347] [nas] [error] PLMN selection failure, no cells in coverage
[2023-01-10 08:47:19.137] [rrc] [warning] Acceptable cell selection failed, no cell is in coverage
[2023-01-10 08:47:19.137] [rrc] [error] Cell selection failure, no suitable or acceptable cell found
[2023-01-10 08:47:24.175] [nas] [error] PLMN selection failure, no cells in coverage
[2023-01-10 08:47:49.149] [rrc] [warning] Acceptable cell selection failed, no cell is in coverage
[2023-01-10 08:47:49.149] [rrc] [error] Cell selection failure, no suitable or acceptable cell found
[2023-01-10 08:47:55.003] [nas] [error] PLMN selection failure, no cells in coverage
[2023-01-10 08:48:18.327] [nas] [debug] De-registration required due to [NORMAL]
[2023-01-10 08:48:19.161] [rrc] [warning] Acceptable cell selection failed, no cell is in coverage
[2023-01-10 08:48:19.161] [rrc] [error] Cell selection failure, no suitable or acceptable cell found
[2023-01-10 08:48:25.831] [nas] [error] PLMN selection failure, no cells in coverage
[2023-01-10 08:48:49.173] [rrc] [warning] Acceptable cell selection failed, no cell is in coverage
[2023-01-10 08:48:49.173] [rrc] [error] Cell selection failure, no suitable or acceptable cell found
[2023-01-10 08:48:56.659] [nas] [error] PLMN selection failure, no cells in coverage
[2023-01-10 08:49:19.185] [rrc] [warning] Acceptable cell selection failed, no cell is in coverage
[2023-01-10 08:49:19.185] [rrc] [error] Cell selection failure, no suitable or acceptable cell found
[2023-01-10 08:49:27.487] [nas] [error] PLMN selection failure, no cells in coverage
[2023-01-10 08:49:49.197] [rrc] [warning] Acceptable cell selection failed, no cell is in coverage
[2023-01-10 08:49:49.197] [rrc] [error] Cell selection failure, no suitable or acceptable cell found
[2023-01-10 08:49:58.315] [nas] [error] PLMN selection failure, no cells in coverage
[2023-01-10 08:50:19.209] [rrc] [warning] Acceptable cell selection failed, no cell is in coverage
[2023-01-10 08:50:19.209] [rrc] [error] Cell selection failure, no suitable or acceptable cell found
[2023-01-10 08:50:29.143] [nas] [error] PLMN selection failure, no cells in coverage
[2023-01-10 08:50:49.221] [rrc] [warning] Acceptable cell selection failed, no cell is in coverage
[2023-01-10 08:50:49.221] [rrc] [error] Cell selection failure, no suitable or acceptable cell found
[2023-01-10 08:50:59.971] [nas] [error] PLMN selection failure, no cells in coverage
[2023-01-10 08:51:19.233] [rrc] [warning] Acceptable cell selection failed, no cell is in coverage
[2023-01-10 08:51:19.233] [rrc] [error] Cell selection failure, no suitable or acceptable cell found
[2023-01-10 08:51:30.800] [nas] [error] PLMN selection failure, no cells in coverage
[2023-01-10 08:51:49.245] [rrc] [warning] Acceptable cell selection failed, no cell is in coverage
[2023-01-10 08:51:49.245] [rrc] [error] Cell selection failure, no suitable or acceptable cell found
[2023-01-10 08:52:01.629] [nas] [error] PLMN selection failure, no cells in coverage
[2023-01-10 08:52:19.257] [rrc] [warning] Acceptable cell selection failed, no cell is in coverage
[2023-01-10 08:52:19.257] [rrc] [error] Cell selection failure, no suitable or acceptable cell found
[2023-01-10 08:52:32.457] [nas] [error] PLMN selection failure, no cells in coverage
[2023-01-10 08:52:49.269] [rrc] [warning] Acceptable cell selection failed, no cell is in coverage
[2023-01-10 08:52:49.269] [rrc] [error] Cell selection failure, no suitable or acceptable cell found
[2023-01-10 08:53:03.286] [nas] [error] PLMN selection failure, no cells in coverage
[2023-01-10 08:53:19.281] [rrc] [warning] Acceptable cell selection failed, no cell is in coverage
[2023-01-10 08:53:19.281] [rrc] [error] Cell selection failure, no suitable or acceptable cell found
[2023-01-10 08:53:34.114] [nas] [error] PLMN selection failure, no cells in coverage
[2023-01-10 08:53:49.293] [rrc] [warning] Acceptable cell selection failed, no cell is in coverage
[2023-01-10 08:53:49.293] [rrc] [error] Cell selection failure, no suitable or acceptable cell found
[2023-01-10 08:54:04.942] [nas] [error] PLMN selection failure, no cells in coverage
[2023-01-10 08:54:19.305] [rrc] [warning] Acceptable cell selection failed, no cell is in coverage
[2023-01-10 08:54:19.305] [rrc] [error] Cell selection failure, no suitable or acceptable cell found
[2023-01-10 08:54:35.770] [nas] [error] PLMN selection failure, no cells in coverage
[2023-01-10 08:54:49.317] [rrc] [warning] Acceptable cell selection failed, no cell is in coverage
[2023-01-10 08:54:49.317] [rrc] [error] Cell selection failure, no suitable or acceptable cell found
[2023-01-10 08:55:06.598] [nas] [error] PLMN selection failure, no cells in coverage
[2023-01-10 08:55:19.329] [rrc] [warning] Acceptable cell selection failed, no cell is in coverage
[2023-01-10 08:55:19.329] [rrc] [error] Cell selection failure, no suitable or acceptable cell found
[2023-01-10 08:55:37.427] [nas] [error] PLMN selection failure, no cells in coverage
[2023-01-10 08:55:49.341] [rrc] [warning] Acceptable cell selection failed, no cell is in coverage
[2023-01-10 08:55:49.341] [rrc] [error] Cell selection failure, no suitable or acceptable cell found
[2023-01-10 08:56:08.255] [nas] [error] PLMN selection failure, no cells in coverage
[2023-01-10 08:56:19.353] [rrc] [warning] Acceptable cell selection failed, no cell is in coverage
[2023-01-10 08:56:19.353] [rrc] [error] Cell selection failure, no suitable or acceptable cell found
[2023-01-10 08:56:39.083] [nas] [error] PLMN selection failure, no cells in coverage
[2023-01-10 08:56:49.365] [rrc] [warning] Acceptable cell selection failed, no cell is in coverage
[2023-01-10 08:56:49.365] [rrc] [error] Cell selection failure, no suitable or acceptable cell found
[2023-01-10 08:57:09.911] [nas] [error] PLMN selection failure, no cells in coverage
[2023-01-10 08:57:19.377] [rrc] [warning] Acceptable cell selection failed, no cell is in coverage
[2023-01-10 08:57:19.377] [rrc] [error] Cell selection failure, no suitable or acceptable cell found
[2023-01-10 08:57:40.739] [nas] [error] PLMN selection failure, no cells in coverage
[2023-01-10 08:57:49.389] [rrc] [warning] Acceptable cell selection failed, no cell is in coverage
[2023-01-10 08:57:49.389] [rrc] [error] Cell selection failure, no suitable or acceptable cell found
[2023-01-10 08:58:11.567] [nas] [error] PLMN selection failure, no cells in coverage
[2023-01-10 08:58:19.401] [rrc] [warning] Acceptable cell selection failed, no cell is in coverage
[2023-01-10 08:58:19.401] [rrc] [error] Cell selection failure, no suitable or acceptable cell found
[2023-01-10 08:58:42.395] [nas] [error] PLMN selection failure, no cells in coverage
[2023-01-10 08:58:49.413] [rrc] [warning] Acceptable cell selection failed, no cell is in coverage
[2023-01-10 08:58:49.413] [rrc] [error] Cell selection failure, no suitable or acceptable cell found
[2023-01-10 08:59:13.223] [nas] [error] PLMN selection failure, no cells in coverage
[2023-01-10 08:59:19.425] [rrc] [warning] Acceptable cell selection failed, no cell is in coverage
[2023-01-10 08:59:19.425] [rrc] [error] Cell selection failure, no suitable or acceptable cell found
[2023-01-10 08:59:44.051] [nas] [error] PLMN selection failure, no cells in coverage
[2023-01-10 08:59:49.437] [rrc] [warning] Acceptable cell selection failed, no cell is in coverage
[2023-01-10 08:59:49.437] [rrc] [error] Cell selection failure, no suitable or acceptable cell found
[2023-01-10 09:00:14.880] [nas] [error] PLMN selection failure, no cells in coverage
[2023-01-10 09:00:19.449] [rrc] [warning] Acceptable cell selection failed, no cell is in coverage
[2023-01-10 09:00:19.449] [rrc] [error] Cell selection failure, no suitable or acceptable cell found
[2023-01-10 09:00:45.708] [nas] [error] PLMN selection failure, no cells in coverage
[2023-01-10 09:00:49.461] [rrc] [warning] Acceptable cell selection failed, no cell is in coverage
[2023-01-10 09:00:49.461] [rrc] [error] Cell selection failure, no suitable or acceptable cell found
[2023-01-10 09:01:16.536] [nas] [error] PLMN selection failure, no cells in coverage
[2023-01-10 09:01:19.473] [rrc] [warning] Acceptable cell selection failed, no cell is in coverage
[2023-01-10 09:01:19.473] [rrc] [error] Cell selection failure, no suitable or acceptable cell found
[2023-01-10 09:01:47.364] [nas] [error] PLMN selection failure, no cells in coverage
[2023-01-10 09:01:49.485] [rrc] [warning] Acceptable cell selection failed, no cell is in coverage
[2023-01-10 09:01:49.485] [rrc] [error] Cell selection failure, no suitable or acceptable cell found
[2023-01-10 09:02:18.192] [nas] [error] PLMN selection failure, no cells in coverage
[2023-01-10 09:02:19.497] [rrc] [warning] Acceptable cell selection failed, no cell is in coverage
[2023-01-10 09:02:19.498] [rrc] [error] Cell selection failure, no suitable or acceptable cell found
[2023-01-10 09:02:49.021] [nas] [error] PLMN selection failure, no cells in coverage
[2023-01-10 09:02:49.509] [rrc] [warning] Acceptable cell selection failed, no cell is in coverage
[2023-01-10 09:02:49.509] [rrc] [error] Cell selection failure, no suitable or acceptable cell found
[2023-01-10 09:03:19.521] [rrc] [warning] Acceptable cell selection failed, no cell is in coverage
[2023-01-10 09:03:19.521] [rrc] [error] Cell selection failure, no suitable or acceptable cell found
[2023-01-10 09:03:19.849] [nas] [error] PLMN selection failure, no cells in coverage
[2023-01-10 09:03:49.534] [rrc] [warning] Acceptable cell selection failed, no cell is in coverage
[2023-01-10 09:03:49.534] [rrc] [error] Cell selection failure, no suitable or acceptable cell found
[2023-01-10 09:03:50.677] [nas] [error] PLMN selection failure, no cells in coverage
[2023-01-10 09:04:19.546] [rrc] [warning] Acceptable cell selection failed, no cell is in coverage
[2023-01-10 09:04:19.546] [rrc] [error] Cell selection failure, no suitable or acceptable cell found
[2023-01-10 09:04:21.506] [nas] [error] PLMN selection failure, no cells in coverage
[2023-01-10 09:04:49.558] [rrc] [warning] Acceptable cell selection failed, no cell is in coverage
[2023-01-10 09:04:49.558] [rrc] [error] Cell selection failure, no suitable or acceptable cell found
[2023-01-10 09:04:52.335] [nas] [error] PLMN selection failure, no cells in coverage
[2023-01-10 09:05:19.570] [rrc] [warning] Acceptable cell selection failed, no cell is in coverage
[2023-01-10 09:05:19.570] [rrc] [error] Cell selection failure, no suitable or acceptable cell found
[2023-01-10 09:05:23.164] [nas] [error] PLMN selection failure, no cells in coverage
[2023-01-10 09:05:49.582] [rrc] [warning] Acceptable cell selection failed, no cell is in coverage
[2023-01-10 09:05:49.582] [rrc] [error] Cell selection failure, no suitable or acceptable cell found
[2023-01-10 09:05:53.992] [nas] [error] PLMN selection failure, no cells in coverage
[2023-01-10 09:06:19.594] [rrc] [warning] Acceptable cell selection failed, no cell is in coverage
[2023-01-10 09:06:19.594] [rrc] [error] Cell selection failure, no suitable or acceptable cell found
[2023-01-10 09:06:24.820] [nas] [error] PLMN selection failure, no cells in coverage
[2023-01-10 09:06:49.606] [rrc] [warning] Acceptable cell selection failed, no cell is in coverage
[2023-01-10 09:06:49.606] [rrc] [error] Cell selection failure, no suitable or acceptable cell found
[2023-01-10 09:06:55.648] [nas] [error] PLMN selection failure, no cells in coverage
