UERANSIM v3.2.6
[2023-01-10 08:43:36.568] [nas] [info] UE switches to state [MM-DEREGISTERED/PLMN-SEARCH]
[2023-01-10 08:43:36.569] [rrc] [debug] New signal detected for cell[1], total [1] cells in coverage
[2023-01-10 08:43:36.569] [nas] [info] Selected plmn[208/93]
[2023-01-10 08:43:36.570] [rrc] [info] Selected cell plmn[208/93] tac[1] category[SUITABLE]
[2023-01-10 08:43:36.570] [nas] [info] UE switches to state [MM-DEREGISTERED/PS]
[2023-01-10 08:43:36.570] [nas] [info] UE switches to state [MM-DEREGISTERED/NORMAL-SERVICE]
[2023-01-10 08:43:36.570] [nas] [debug] Initial registration required due to [MM-DEREG-NORMAL-SERVICE]
[2023-01-10 08:43:36.570] [nas] [debug] UAC access attempt is allowed for identity[0], category[MO_sig]
[2023-01-10 08:43:36.570] [nas] [debug] Sending Initial Registration
[2023-01-10 08:43:36.570] [nas] [info] UE switches to state [MM-REGISTER-INITIATED]
[2023-01-10 08:43:36.570] [rrc] [debug] Sending RRC Setup Request
[2023-01-10 08:43:36.571] [rrc] [info] RRC connection established
[2023-01-10 08:43:36.571] [rrc] [info] UE switches to state [RRC-CONNECTED]
[2023-01-10 08:43:36.571] [nas] [info] UE switches to state [CM-CONNECTED]
[2023-01-10 08:43:36.591] [nas] [debug] Authentication Request received
[2023-01-10 08:43:36.591] [nas] [debug] Sending Authentication Failure due to SQN out of range
[2023-01-10 08:43:36.602] [nas] [debug] Authentication Request received
[2023-01-10 08:43:36.609] [nas] [debug] Security Mode Command received
[2023-01-10 08:43:36.609] [nas] [debug] Selected integrity[2] ciphering[0]
[2023-01-10 08:43:36.636] [nas] [debug] Registration accept received
[2023-01-10 08:43:36.636] [nas] [info] UE switches to state [MM-REGISTERED/NORMAL-SERVICE]
[2023-01-10 08:43:36.636] [nas] [debug] Sending Registration Complete
[2023-01-10 08:43:36.636] [nas] [info] Initial Registration is successful
[2023-01-10 08:43:36.636] [nas] [debug] Sending PDU Session Establishment Request
[2023-01-10 08:43:36.636] [nas] [debug] UAC access attempt is allowed for identity[0], category[MO_sig]
[2023-01-10 08:43:36.871] [nas] [debug] PDU Session Establishment Accept received
[2023-01-10 08:43:36.871] [nas] [info] PDU Session establishment is successful PSI[1]
[2023-01-10 08:43:36.893] [app] [info] Connection setup for PDU session[1] is successful, TUN interface[uesimtun20, 10.60.0.25] is up.
[2023-01-10 08:46:18.394] [nas] [debug] De-registration required due to [NORMAL]
[2023-01-10 08:46:18.406] [nas] [debug] Starting de-registration procedure due to [NORMAL]
[2023-01-10 08:46:18.406] [nas] [debug] Performing local release of PDU session[1]
[2023-01-10 08:46:18.406] [nas] [info] UE switches to state [MM-DEREGISTER-INITIATED]
[2023-01-10 08:46:18.646] [nas] [debug] Sending PDU Session Establishment Request
[2023-01-10 08:46:18.748] [nas] [error] No response from RRC from UAC checks, considering access attempt is barred
[2023-01-10 08:46:18.911] [rrc] [debug] Signal lost for cell[1], total [0] cells in coverage
[2023-01-10 08:46:18.911] [nas] [error] Radio link failure detected
[2023-01-10 08:46:18.911] [nas] [info] UE switches to state [CM-IDLE]
[2023-01-10 08:46:18.911] [nas] [info] UE switches to state [MM-DEREGISTERED/PS]
[2023-01-10 08:46:18.911] [nas] [info] UE switches to state [MM-DEREGISTERED/PLMN-SEARCH]
[2023-01-10 08:46:18.911] [nas] [error] PLMN selection failure, no cells in coverage
[2023-01-10 08:46:19.136] [rrc] [warning] Acceptable cell selection failed, no cell is in coverage
[2023-01-10 08:46:19.136] [rrc] [error] Cell selection failure, no suitable or acceptable cell found
[2023-01-10 08:46:21.723] [nas] [error] PLMN selection failure, no cells in coverage
[2023-01-10 08:46:23.925] [nas] [info] UE switches to state [MM-DEREGISTERED/NO-CELL-AVAILABLE]
[2023-01-10 08:46:34.774] [nas] [warning] Retransmitting PDU Session Establishment Request due to T3580 expiry
[2023-01-10 08:46:34.774] [nas] [error] UAC access attempt is barred for identity[0], category[MO_sig]
[2023-01-10 08:46:49.148] [rrc] [warning] Acceptable cell selection failed, no cell is in coverage
[2023-01-10 08:46:49.148] [rrc] [error] Cell selection failure, no suitable or acceptable cell found
[2023-01-10 08:46:50.792] [nas] [warning] Retransmitting PDU Session Establishment Request due to T3580 expiry
[2023-01-10 08:46:50.793] [nas] [error] UAC access attempt is barred for identity[0], category[MO_sig]
[2023-01-10 08:46:52.552] [nas] [error] PLMN selection failure, no cells in coverage
[2023-01-10 08:47:06.809] [nas] [warning] Retransmitting PDU Session Establishment Request due to T3580 expiry
[2023-01-10 08:47:06.809] [nas] [error] UAC access attempt is barred for identity[0], category[MO_sig]
[2023-01-10 08:47:19.160] [rrc] [warning] Acceptable cell selection failed, no cell is in coverage
[2023-01-10 08:47:19.160] [rrc] [error] Cell selection failure, no suitable or acceptable cell found
[2023-01-10 08:47:22.826] [nas] [warning] Retransmitting PDU Session Establishment Request due to T3580 expiry
[2023-01-10 08:47:22.828] [nas] [error] UAC access attempt is barred for identity[0], category[MO_sig]
[2023-01-10 08:47:23.380] [nas] [error] PLMN selection failure, no cells in coverage
[2023-01-10 08:47:38.842] [nas] [error] PDU Session Establishment procedure failure, no response from the network after 5 attempts
[2023-01-10 08:47:38.842] [nas] [debug] Aborting SM procedure for PTI[1], PSI[1]
[2023-01-10 08:47:49.172] [rrc] [warning] Acceptable cell selection failed, no cell is in coverage
[2023-01-10 08:47:49.172] [rrc] [error] Cell selection failure, no suitable or acceptable cell found
[2023-01-10 08:47:54.208] [nas] [error] PLMN selection failure, no cells in coverage
[2023-01-10 08:48:18.907] [nas] [debug] De-registration required due to [NORMAL]
[2023-01-10 08:48:19.184] [rrc] [warning] Acceptable cell selection failed, no cell is in coverage
[2023-01-10 08:48:19.184] [rrc] [error] Cell selection failure, no suitable or acceptable cell found
[2023-01-10 08:48:25.037] [nas] [error] PLMN selection failure, no cells in coverage
[2023-01-10 08:48:49.196] [rrc] [warning] Acceptable cell selection failed, no cell is in coverage
[2023-01-10 08:48:49.196] [rrc] [error] Cell selection failure, no suitable or acceptable cell found
[2023-01-10 08:48:55.866] [nas] [error] PLMN selection failure, no cells in coverage
[2023-01-10 08:49:19.208] [rrc] [warning] Acceptable cell selection failed, no cell is in coverage
[2023-01-10 08:49:19.208] [rrc] [error] Cell selection failure, no suitable or acceptable cell found
[2023-01-10 08:49:26.694] [nas] [error] PLMN selection failure, no cells in coverage
[2023-01-10 08:49:49.222] [rrc] [warning] Acceptable cell selection failed, no cell is in coverage
[2023-01-10 08:49:49.222] [rrc] [error] Cell selection failure, no suitable or acceptable cell found
[2023-01-10 08:49:57.522] [nas] [error] PLMN selection failure, no cells in coverage
[2023-01-10 08:50:19.234] [rrc] [warning] Acceptable cell selection failed, no cell is in coverage
[2023-01-10 08:50:19.234] [rrc] [error] Cell selection failure, no suitable or acceptable cell found
[2023-01-10 08:50:28.350] [nas] [error] PLMN selection failure, no cells in coverage
[2023-01-10 08:50:49.246] [rrc] [warning] Acceptable cell selection failed, no cell is in coverage
[2023-01-10 08:50:49.246] [rrc] [error] Cell selection failure, no suitable or acceptable cell found
[2023-01-10 08:50:59.178] [nas] [error] PLMN selection failure, no cells in coverage
[2023-01-10 08:51:19.258] [rrc] [warning] Acceptable cell selection failed, no cell is in coverage
[2023-01-10 08:51:19.258] [rrc] [error] Cell selection failure, no suitable or acceptable cell found
[2023-01-10 08:51:30.006] [nas] [error] PLMN selection failure, no cells in coverage
[2023-01-10 08:51:49.271] [rrc] [warning] Acceptable cell selection failed, no cell is in coverage
[2023-01-10 08:51:49.271] [rrc] [error] Cell selection failure, no suitable or acceptable cell found
[2023-01-10 08:52:00.834] [nas] [error] PLMN selection failure, no cells in coverage
[2023-01-10 08:52:19.283] [rrc] [warning] Acceptable cell selection failed, no cell is in coverage
[2023-01-10 08:52:19.283] [rrc] [error] Cell selection failure, no suitable or acceptable cell found
[2023-01-10 08:52:31.663] [nas] [error] PLMN selection failure, no cells in coverage
[2023-01-10 08:52:49.295] [rrc] [warning] Acceptable cell selection failed, no cell is in coverage
[2023-01-10 08:52:49.295] [rrc] [error] Cell selection failure, no suitable or acceptable cell found
[2023-01-10 08:53:02.491] [nas] [error] PLMN selection failure, no cells in coverage
[2023-01-10 08:53:19.307] [rrc] [warning] Acceptable cell selection failed, no cell is in coverage
[2023-01-10 08:53:19.307] [rrc] [error] Cell selection failure, no suitable or acceptable cell found
[2023-01-10 08:53:33.319] [nas] [error] PLMN selection failure, no cells in coverage
[2023-01-10 08:53:49.319] [rrc] [warning] Acceptable cell selection failed, no cell is in coverage
[2023-01-10 08:53:49.319] [rrc] [error] Cell selection failure, no suitable or acceptable cell found
[2023-01-10 08:54:04.147] [nas] [error] PLMN selection failure, no cells in coverage
[2023-01-10 08:54:19.331] [rrc] [warning] Acceptable cell selection failed, no cell is in coverage
[2023-01-10 08:54:19.331] [rrc] [error] Cell selection failure, no suitable or acceptable cell found
[2023-01-10 08:54:34.975] [nas] [error] PLMN selection failure, no cells in coverage
[2023-01-10 08:54:49.343] [rrc] [warning] Acceptable cell selection failed, no cell is in coverage
[2023-01-10 08:54:49.343] [rrc] [error] Cell selection failure, no suitable or acceptable cell found
[2023-01-10 08:55:05.804] [nas] [error] PLMN selection failure, no cells in coverage
[2023-01-10 08:55:19.355] [rrc] [warning] Acceptable cell selection failed, no cell is in coverage
[2023-01-10 08:55:19.355] [rrc] [error] Cell selection failure, no suitable or acceptable cell found
[2023-01-10 08:55:36.632] [nas] [error] PLMN selection failure, no cells in coverage
[2023-01-10 08:55:49.367] [rrc] [warning] Acceptable cell selection failed, no cell is in coverage
[2023-01-10 08:55:49.367] [rrc] [error] Cell selection failure, no suitable or acceptable cell found
[2023-01-10 08:56:07.460] [nas] [error] PLMN selection failure, no cells in coverage
[2023-01-10 08:56:19.379] [rrc] [warning] Acceptable cell selection failed, no cell is in coverage
[2023-01-10 08:56:19.379] [rrc] [error] Cell selection failure, no suitable or acceptable cell found
[2023-01-10 08:56:38.288] [nas] [error] PLMN selection failure, no cells in coverage
[2023-01-10 08:56:49.391] [rrc] [warning] Acceptable cell selection failed, no cell is in coverage
[2023-01-10 08:56:49.391] [rrc] [error] Cell selection failure, no suitable or acceptable cell found
[2023-01-10 08:57:09.116] [nas] [error] PLMN selection failure, no cells in coverage
[2023-01-10 08:57:19.403] [rrc] [warning] Acceptable cell selection failed, no cell is in coverage
[2023-01-10 08:57:19.403] [rrc] [error] Cell selection failure, no suitable or acceptable cell found
[2023-01-10 08:57:39.944] [nas] [error] PLMN selection failure, no cells in coverage
[2023-01-10 08:57:49.415] [rrc] [warning] Acceptable cell selection failed, no cell is in coverage
[2023-01-10 08:57:49.415] [rrc] [error] Cell selection failure, no suitable or acceptable cell found
[2023-01-10 08:58:10.772] [nas] [error] PLMN selection failure, no cells in coverage
[2023-01-10 08:58:19.427] [rrc] [warning] Acceptable cell selection failed, no cell is in coverage
[2023-01-10 08:58:19.427] [rrc] [error] Cell selection failure, no suitable or acceptable cell found
[2023-01-10 08:58:41.600] [nas] [error] PLMN selection failure, no cells in coverage
[2023-01-10 08:58:49.439] [rrc] [warning] Acceptable cell selection failed, no cell is in coverage
[2023-01-10 08:58:49.439] [rrc] [error] Cell selection failure, no suitable or acceptable cell found
[2023-01-10 08:59:12.428] [nas] [error] PLMN selection failure, no cells in coverage
[2023-01-10 08:59:19.451] [rrc] [warning] Acceptable cell selection failed, no cell is in coverage
[2023-01-10 08:59:19.451] [rrc] [error] Cell selection failure, no suitable or acceptable cell found
[2023-01-10 08:59:43.256] [nas] [error] PLMN selection failure, no cells in coverage
[2023-01-10 08:59:49.463] [rrc] [warning] Acceptable cell selection failed, no cell is in coverage
[2023-01-10 08:59:49.463] [rrc] [error] Cell selection failure, no suitable or acceptable cell found
[2023-01-10 09:00:14.084] [nas] [error] PLMN selection failure, no cells in coverage
[2023-01-10 09:00:19.475] [rrc] [warning] Acceptable cell selection failed, no cell is in coverage
[2023-01-10 09:00:19.475] [rrc] [error] Cell selection failure, no suitable or acceptable cell found
[2023-01-10 09:00:44.912] [nas] [error] PLMN selection failure, no cells in coverage
[2023-01-10 09:00:49.487] [rrc] [warning] Acceptable cell selection failed, no cell is in coverage
[2023-01-10 09:00:49.487] [rrc] [error] Cell selection failure, no suitable or acceptable cell found
[2023-01-10 09:01:15.741] [nas] [error] PLMN selection failure, no cells in coverage
[2023-01-10 09:01:19.499] [rrc] [warning] Acceptable cell selection failed, no cell is in coverage
[2023-01-10 09:01:19.499] [rrc] [error] Cell selection failure, no suitable or acceptable cell found
[2023-01-10 09:01:46.570] [nas] [error] PLMN selection failure, no cells in coverage
[2023-01-10 09:01:49.511] [rrc] [warning] Acceptable cell selection failed, no cell is in coverage
[2023-01-10 09:01:49.511] [rrc] [error] Cell selection failure, no suitable or acceptable cell found
[2023-01-10 09:02:17.398] [nas] [error] PLMN selection failure, no cells in coverage
[2023-01-10 09:02:19.523] [rrc] [warning] Acceptable cell selection failed, no cell is in coverage
[2023-01-10 09:02:19.523] [rrc] [error] Cell selection failure, no suitable or acceptable cell found
[2023-01-10 09:02:48.226] [nas] [error] PLMN selection failure, no cells in coverage
[2023-01-10 09:02:49.535] [rrc] [warning] Acceptable cell selection failed, no cell is in coverage
[2023-01-10 09:02:49.535] [rrc] [error] Cell selection failure, no suitable or acceptable cell found
[2023-01-10 09:03:19.054] [nas] [error] PLMN selection failure, no cells in coverage
[2023-01-10 09:03:19.547] [rrc] [warning] Acceptable cell selection failed, no cell is in coverage
[2023-01-10 09:03:19.547] [rrc] [error] Cell selection failure, no suitable or acceptable cell found
[2023-01-10 09:03:49.559] [rrc] [warning] Acceptable cell selection failed, no cell is in coverage
[2023-01-10 09:03:49.559] [rrc] [error] Cell selection failure, no suitable or acceptable cell found
[2023-01-10 09:03:49.882] [nas] [error] PLMN selection failure, no cells in coverage
[2023-01-10 09:04:19.571] [rrc] [warning] Acceptable cell selection failed, no cell is in coverage
[2023-01-10 09:04:19.571] [rrc] [error] Cell selection failure, no suitable or acceptable cell found
[2023-01-10 09:04:20.710] [nas] [error] PLMN selection failure, no cells in coverage
[2023-01-10 09:04:49.583] [rrc] [warning] Acceptable cell selection failed, no cell is in coverage
[2023-01-10 09:04:49.583] [rrc] [error] Cell selection failure, no suitable or acceptable cell found
[2023-01-10 09:04:51.538] [nas] [error] PLMN selection failure, no cells in coverage
[2023-01-10 09:05:19.595] [rrc] [warning] Acceptable cell selection failed, no cell is in coverage
[2023-01-10 09:05:19.595] [rrc] [error] Cell selection failure, no suitable or acceptable cell found
[2023-01-10 09:05:22.366] [nas] [error] PLMN selection failure, no cells in coverage
[2023-01-10 09:05:49.607] [rrc] [warning] Acceptable cell selection failed, no cell is in coverage
[2023-01-10 09:05:49.607] [rrc] [error] Cell selection failure, no suitable or acceptable cell found
[2023-01-10 09:05:53.194] [nas] [error] PLMN selection failure, no cells in coverage
[2023-01-10 09:06:19.619] [rrc] [warning] Acceptable cell selection failed, no cell is in coverage
[2023-01-10 09:06:19.619] [rrc] [error] Cell selection failure, no suitable or acceptable cell found
[2023-01-10 09:06:24.022] [nas] [error] PLMN selection failure, no cells in coverage
[2023-01-10 09:06:49.631] [rrc] [warning] Acceptable cell selection failed, no cell is in coverage
[2023-01-10 09:06:49.631] [rrc] [error] Cell selection failure, no suitable or acceptable cell found
[2023-01-10 09:06:54.850] [nas] [error] PLMN selection failure, no cells in coverage
