UERANSIM v3.2.6
[2023-01-10 08:43:12.543] [nas] [info] UE switches to state [MM-DEREGISTERED/PLMN-SEARCH]
[2023-01-10 08:43:12.544] [rrc] [debug] New signal detected for cell[1], total [1] cells in coverage
[2023-01-10 08:43:12.544] [nas] [info] Selected plmn[208/93]
[2023-01-10 08:43:12.544] [rrc] [info] Selected cell plmn[208/93] tac[1] category[SUITABLE]
[2023-01-10 08:43:12.544] [nas] [info] UE switches to state [MM-DEREGISTERED/PS]
[2023-01-10 08:43:12.545] [nas] [info] UE switches to state [MM-DEREGISTERED/NORMAL-SERVICE]
[2023-01-10 08:43:12.545] [nas] [debug] Initial registration required due to [MM-DEREG-NORMAL-SERVICE]
[2023-01-10 08:43:12.545] [nas] [debug] UAC access attempt is allowed for identity[0], category[MO_sig]
[2023-01-10 08:43:12.545] [nas] [debug] Sending Initial Registration
[2023-01-10 08:43:12.545] [nas] [info] UE switches to state [MM-REGISTER-INITIATED]
[2023-01-10 08:43:12.545] [rrc] [debug] Sending RRC Setup Request
[2023-01-10 08:43:12.545] [rrc] [info] RRC connection established
[2023-01-10 08:43:12.545] [rrc] [info] UE switches to state [RRC-CONNECTED]
[2023-01-10 08:43:12.545] [nas] [info] UE switches to state [CM-CONNECTED]
[2023-01-10 08:43:12.565] [nas] [debug] Authentication Request received
[2023-01-10 08:43:12.576] [nas] [debug] Security Mode Command received
[2023-01-10 08:43:12.576] [nas] [debug] Selected integrity[2] ciphering[0]
[2023-01-10 08:43:12.605] [nas] [debug] Registration accept received
[2023-01-10 08:43:12.605] [nas] [info] UE switches to state [MM-REGISTERED/NORMAL-SERVICE]
[2023-01-10 08:43:12.605] [nas] [debug] Sending Registration Complete
[2023-01-10 08:43:12.605] [nas] [info] Initial Registration is successful
[2023-01-10 08:43:12.605] [nas] [debug] Sending PDU Session Establishment Request
[2023-01-10 08:43:12.605] [nas] [debug] UAC access attempt is allowed for identity[0], category[MO_sig]
[2023-01-10 08:43:12.847] [nas] [debug] PDU Session Establishment Accept received
[2023-01-10 08:43:12.847] [nas] [info] PDU Session establishment is successful PSI[1]
[2023-01-10 08:43:12.862] [app] [info] Connection setup for PDU session[1] is successful, TUN interface[uesimtun8, 10.60.0.13] is up.
[2023-01-10 08:46:14.752] [nas] [debug] Sending PDU Session Release Request for PSI[1]
[2023-01-10 08:46:14.782] [nas] [debug] PDU Session Release Command received
[2023-01-10 08:46:14.782] [nas] [debug] Performing local release of PDU session[1]
[2023-01-10 08:46:14.959] [nas] [debug] Sending PDU Session Establishment Request
[2023-01-10 08:46:15.060] [nas] [error] No response from RRC from UAC checks, considering access attempt is barred
[2023-01-10 08:46:18.117] [rrc] [debug] Signal lost for cell[1], total [0] cells in coverage
[2023-01-10 08:46:18.117] [nas] [error] Radio link failure detected
[2023-01-10 08:46:18.117] [nas] [info] UE switches to state [CM-IDLE]
[2023-01-10 08:46:18.117] [nas] [info] UE switches to state [MM-REGISTERED/PS]
[2023-01-10 08:46:18.117] [nas] [info] UE switches to state [MM-REGISTERED/PLMN-SEARCH]
[2023-01-10 08:46:18.117] [nas] [error] PLMN selection failure, no cells in coverage
[2023-01-10 08:46:20.123] [rrc] [warning] Acceptable cell selection failed, no cell is in coverage
[2023-01-10 08:46:20.123] [rrc] [error] Cell selection failure, no suitable or acceptable cell found
[2023-01-10 08:46:20.816] [nas] [error] PLMN selection failure, no cells in coverage
[2023-01-10 08:46:23.018] [nas] [error] PLMN selection failure, no cells in coverage
[2023-01-10 08:46:24.119] [nas] [info] UE switches to state [MM-REGISTERED/NO-CELL-AVAILABLE]
[2023-01-10 08:46:31.756] [nas] [warning] Retransmitting PDU Session Establishment Request due to T3580 expiry
[2023-01-10 08:46:31.756] [nas] [error] UAC access attempt is barred for identity[0], category[MO_sig]
[2023-01-10 08:46:47.773] [nas] [warning] Retransmitting PDU Session Establishment Request due to T3580 expiry
[2023-01-10 08:46:47.773] [nas] [error] UAC access attempt is barred for identity[0], category[MO_sig]
[2023-01-10 08:46:50.135] [rrc] [warning] Acceptable cell selection failed, no cell is in coverage
[2023-01-10 08:46:50.135] [rrc] [error] Cell selection failure, no suitable or acceptable cell found
[2023-01-10 08:46:53.847] [nas] [error] PLMN selection failure, no cells in coverage
[2023-01-10 08:47:03.792] [nas] [warning] Retransmitting PDU Session Establishment Request due to T3580 expiry
[2023-01-10 08:47:03.792] [nas] [error] UAC access attempt is barred for identity[0], category[MO_sig]
[2023-01-10 08:47:19.808] [nas] [warning] Retransmitting PDU Session Establishment Request due to T3580 expiry
[2023-01-10 08:47:19.808] [nas] [error] UAC access attempt is barred for identity[0], category[MO_sig]
[2023-01-10 08:47:20.147] [rrc] [warning] Acceptable cell selection failed, no cell is in coverage
[2023-01-10 08:47:20.147] [rrc] [error] Cell selection failure, no suitable or acceptable cell found
[2023-01-10 08:47:24.675] [nas] [error] PLMN selection failure, no cells in coverage
[2023-01-10 08:47:35.828] [nas] [error] PDU Session Establishment procedure failure, no response from the network after 5 attempts
[2023-01-10 08:47:35.828] [nas] [debug] Aborting SM procedure for PTI[1], PSI[1]
[2023-01-10 08:47:50.159] [rrc] [warning] Acceptable cell selection failed, no cell is in coverage
[2023-01-10 08:47:50.159] [rrc] [error] Cell selection failure, no suitable or acceptable cell found
[2023-01-10 08:47:55.504] [nas] [error] PLMN selection failure, no cells in coverage
[2023-01-10 08:48:15.319] [nas] [debug] De-registration required due to [NORMAL]
[2023-01-10 08:48:20.171] [rrc] [warning] Acceptable cell selection failed, no cell is in coverage
[2023-01-10 08:48:20.171] [rrc] [error] Cell selection failure, no suitable or acceptable cell found
[2023-01-10 08:48:26.339] [nas] [error] PLMN selection failure, no cells in coverage
[2023-01-10 08:48:50.183] [rrc] [warning] Acceptable cell selection failed, no cell is in coverage
[2023-01-10 08:48:50.183] [rrc] [error] Cell selection failure, no suitable or acceptable cell found
[2023-01-10 08:48:57.167] [nas] [error] PLMN selection failure, no cells in coverage
[2023-01-10 08:49:20.195] [rrc] [warning] Acceptable cell selection failed, no cell is in coverage
[2023-01-10 08:49:20.195] [rrc] [error] Cell selection failure, no suitable or acceptable cell found
[2023-01-10 08:49:27.995] [nas] [error] PLMN selection failure, no cells in coverage
[2023-01-10 08:49:50.207] [rrc] [warning] Acceptable cell selection failed, no cell is in coverage
[2023-01-10 08:49:50.207] [rrc] [error] Cell selection failure, no suitable or acceptable cell found
[2023-01-10 08:49:58.823] [nas] [error] PLMN selection failure, no cells in coverage
[2023-01-10 08:50:20.219] [rrc] [warning] Acceptable cell selection failed, no cell is in coverage
[2023-01-10 08:50:20.219] [rrc] [error] Cell selection failure, no suitable or acceptable cell found
[2023-01-10 08:50:29.652] [nas] [error] PLMN selection failure, no cells in coverage
[2023-01-10 08:50:50.231] [rrc] [warning] Acceptable cell selection failed, no cell is in coverage
[2023-01-10 08:50:50.231] [rrc] [error] Cell selection failure, no suitable or acceptable cell found
[2023-01-10 08:51:00.480] [nas] [error] PLMN selection failure, no cells in coverage
[2023-01-10 08:51:20.243] [rrc] [warning] Acceptable cell selection failed, no cell is in coverage
[2023-01-10 08:51:20.243] [rrc] [error] Cell selection failure, no suitable or acceptable cell found
[2023-01-10 08:51:31.310] [nas] [error] PLMN selection failure, no cells in coverage
[2023-01-10 08:51:50.255] [rrc] [warning] Acceptable cell selection failed, no cell is in coverage
[2023-01-10 08:51:50.255] [rrc] [error] Cell selection failure, no suitable or acceptable cell found
[2023-01-10 08:52:02.138] [nas] [error] PLMN selection failure, no cells in coverage
[2023-01-10 08:52:20.267] [rrc] [warning] Acceptable cell selection failed, no cell is in coverage
[2023-01-10 08:52:20.267] [rrc] [error] Cell selection failure, no suitable or acceptable cell found
[2023-01-10 08:52:32.966] [nas] [error] PLMN selection failure, no cells in coverage
[2023-01-10 08:52:50.279] [rrc] [warning] Acceptable cell selection failed, no cell is in coverage
[2023-01-10 08:52:50.279] [rrc] [error] Cell selection failure, no suitable or acceptable cell found
[2023-01-10 08:53:03.794] [nas] [error] PLMN selection failure, no cells in coverage
[2023-01-10 08:53:20.291] [rrc] [warning] Acceptable cell selection failed, no cell is in coverage
[2023-01-10 08:53:20.291] [rrc] [error] Cell selection failure, no suitable or acceptable cell found
[2023-01-10 08:53:34.622] [nas] [error] PLMN selection failure, no cells in coverage
[2023-01-10 08:53:50.303] [rrc] [warning] Acceptable cell selection failed, no cell is in coverage
[2023-01-10 08:53:50.303] [rrc] [error] Cell selection failure, no suitable or acceptable cell found
[2023-01-10 08:54:05.450] [nas] [error] PLMN selection failure, no cells in coverage
[2023-01-10 08:54:20.315] [rrc] [warning] Acceptable cell selection failed, no cell is in coverage
[2023-01-10 08:54:20.315] [rrc] [error] Cell selection failure, no suitable or acceptable cell found
[2023-01-10 08:54:36.279] [nas] [error] PLMN selection failure, no cells in coverage
[2023-01-10 08:54:50.327] [rrc] [warning] Acceptable cell selection failed, no cell is in coverage
[2023-01-10 08:54:50.327] [rrc] [error] Cell selection failure, no suitable or acceptable cell found
[2023-01-10 08:55:07.107] [nas] [error] PLMN selection failure, no cells in coverage
[2023-01-10 08:55:20.339] [rrc] [warning] Acceptable cell selection failed, no cell is in coverage
[2023-01-10 08:55:20.339] [rrc] [error] Cell selection failure, no suitable or acceptable cell found
[2023-01-10 08:55:37.935] [nas] [error] PLMN selection failure, no cells in coverage
[2023-01-10 08:55:50.351] [rrc] [warning] Acceptable cell selection failed, no cell is in coverage
[2023-01-10 08:55:50.351] [rrc] [error] Cell selection failure, no suitable or acceptable cell found
[2023-01-10 08:56:08.763] [nas] [error] PLMN selection failure, no cells in coverage
[2023-01-10 08:56:20.363] [rrc] [warning] Acceptable cell selection failed, no cell is in coverage
[2023-01-10 08:56:20.363] [rrc] [error] Cell selection failure, no suitable or acceptable cell found
[2023-01-10 08:56:39.591] [nas] [error] PLMN selection failure, no cells in coverage
[2023-01-10 08:56:50.375] [rrc] [warning] Acceptable cell selection failed, no cell is in coverage
[2023-01-10 08:56:50.375] [rrc] [error] Cell selection failure, no suitable or acceptable cell found
[2023-01-10 08:57:10.419] [nas] [error] PLMN selection failure, no cells in coverage
[2023-01-10 08:57:20.387] [rrc] [warning] Acceptable cell selection failed, no cell is in coverage
[2023-01-10 08:57:20.387] [rrc] [error] Cell selection failure, no suitable or acceptable cell found
[2023-01-10 08:57:41.248] [nas] [error] PLMN selection failure, no cells in coverage
[2023-01-10 08:57:50.400] [rrc] [warning] Acceptable cell selection failed, no cell is in coverage
[2023-01-10 08:57:50.400] [rrc] [error] Cell selection failure, no suitable or acceptable cell found
[2023-01-10 08:58:12.076] [nas] [error] PLMN selection failure, no cells in coverage
[2023-01-10 08:58:20.412] [rrc] [warning] Acceptable cell selection failed, no cell is in coverage
[2023-01-10 08:58:20.412] [rrc] [error] Cell selection failure, no suitable or acceptable cell found
[2023-01-10 08:58:42.904] [nas] [error] PLMN selection failure, no cells in coverage
[2023-01-10 08:58:50.424] [rrc] [warning] Acceptable cell selection failed, no cell is in coverage
[2023-01-10 08:58:50.424] [rrc] [error] Cell selection failure, no suitable or acceptable cell found
[2023-01-10 08:59:13.732] [nas] [error] PLMN selection failure, no cells in coverage
[2023-01-10 08:59:20.436] [rrc] [warning] Acceptable cell selection failed, no cell is in coverage
[2023-01-10 08:59:20.436] [rrc] [error] Cell selection failure, no suitable or acceptable cell found
[2023-01-10 08:59:44.560] [nas] [error] PLMN selection failure, no cells in coverage
[2023-01-10 08:59:50.448] [rrc] [warning] Acceptable cell selection failed, no cell is in coverage
[2023-01-10 08:59:50.448] [rrc] [error] Cell selection failure, no suitable or acceptable cell found
[2023-01-10 09:00:15.388] [nas] [error] PLMN selection failure, no cells in coverage
[2023-01-10 09:00:20.460] [rrc] [warning] Acceptable cell selection failed, no cell is in coverage
[2023-01-10 09:00:20.460] [rrc] [error] Cell selection failure, no suitable or acceptable cell found
[2023-01-10 09:00:46.216] [nas] [error] PLMN selection failure, no cells in coverage
[2023-01-10 09:00:50.472] [rrc] [warning] Acceptable cell selection failed, no cell is in coverage
[2023-01-10 09:00:50.472] [rrc] [error] Cell selection failure, no suitable or acceptable cell found
[2023-01-10 09:01:17.044] [nas] [error] PLMN selection failure, no cells in coverage
[2023-01-10 09:01:20.484] [rrc] [warning] Acceptable cell selection failed, no cell is in coverage
[2023-01-10 09:01:20.484] [rrc] [error] Cell selection failure, no suitable or acceptable cell found
[2023-01-10 09:01:47.873] [nas] [error] PLMN selection failure, no cells in coverage
[2023-01-10 09:01:50.496] [rrc] [warning] Acceptable cell selection failed, no cell is in coverage
[2023-01-10 09:01:50.496] [rrc] [error] Cell selection failure, no suitable or acceptable cell found
[2023-01-10 09:02:18.701] [nas] [error] PLMN selection failure, no cells in coverage
[2023-01-10 09:02:20.508] [rrc] [warning] Acceptable cell selection failed, no cell is in coverage
[2023-01-10 09:02:20.508] [rrc] [error] Cell selection failure, no suitable or acceptable cell found
[2023-01-10 09:02:49.529] [nas] [error] PLMN selection failure, no cells in coverage
[2023-01-10 09:02:50.520] [rrc] [warning] Acceptable cell selection failed, no cell is in coverage
[2023-01-10 09:02:50.520] [rrc] [error] Cell selection failure, no suitable or acceptable cell found
[2023-01-10 09:03:20.359] [nas] [error] PLMN selection failure, no cells in coverage
[2023-01-10 09:03:20.532] [rrc] [warning] Acceptable cell selection failed, no cell is in coverage
[2023-01-10 09:03:20.532] [rrc] [error] Cell selection failure, no suitable or acceptable cell found
[2023-01-10 09:03:50.544] [rrc] [warning] Acceptable cell selection failed, no cell is in coverage
[2023-01-10 09:03:50.544] [rrc] [error] Cell selection failure, no suitable or acceptable cell found
[2023-01-10 09:03:51.187] [nas] [error] PLMN selection failure, no cells in coverage
[2023-01-10 09:04:20.556] [rrc] [warning] Acceptable cell selection failed, no cell is in coverage
[2023-01-10 09:04:20.556] [rrc] [error] Cell selection failure, no suitable or acceptable cell found
[2023-01-10 09:04:22.015] [nas] [error] PLMN selection failure, no cells in coverage
[2023-01-10 09:04:50.570] [rrc] [warning] Acceptable cell selection failed, no cell is in coverage
[2023-01-10 09:04:50.570] [rrc] [error] Cell selection failure, no suitable or acceptable cell found
[2023-01-10 09:04:52.843] [nas] [error] PLMN selection failure, no cells in coverage
[2023-01-10 09:05:20.582] [rrc] [warning] Acceptable cell selection failed, no cell is in coverage
[2023-01-10 09:05:20.582] [rrc] [error] Cell selection failure, no suitable or acceptable cell found
[2023-01-10 09:05:23.671] [nas] [error] PLMN selection failure, no cells in coverage
[2023-01-10 09:05:50.594] [rrc] [warning] Acceptable cell selection failed, no cell is in coverage
[2023-01-10 09:05:50.594] [rrc] [error] Cell selection failure, no suitable or acceptable cell found
[2023-01-10 09:05:54.499] [nas] [error] PLMN selection failure, no cells in coverage
[2023-01-10 09:06:20.606] [rrc] [warning] Acceptable cell selection failed, no cell is in coverage
[2023-01-10 09:06:20.606] [rrc] [error] Cell selection failure, no suitable or acceptable cell found
[2023-01-10 09:06:25.327] [nas] [error] PLMN selection failure, no cells in coverage
[2023-01-10 09:06:50.618] [rrc] [warning] Acceptable cell selection failed, no cell is in coverage
[2023-01-10 09:06:50.618] [rrc] [error] Cell selection failure, no suitable or acceptable cell found
