UERANSIM v3.2.6
[2023-01-10 08:44:32.622] [nas] [info] UE switches to state [MM-DEREGISTERED/PLMN-SEARCH]
[2023-01-10 08:44:32.624] [rrc] [debug] New signal detected for cell[1], total [1] cells in coverage
[2023-01-10 08:44:32.624] [nas] [info] Selected plmn[208/93]
[2023-01-10 08:44:32.624] [rrc] [info] Selected cell plmn[208/93] tac[1] category[SUITABLE]
[2023-01-10 08:44:32.624] [nas] [info] UE switches to state [MM-DEREGISTERED/PS]
[2023-01-10 08:44:32.624] [nas] [info] UE switches to state [MM-DEREGISTERED/NORMAL-SERVICE]
[2023-01-10 08:44:32.624] [nas] [debug] Initial registration required due to [MM-DEREG-NORMAL-SERVICE]
[2023-01-10 08:44:32.630] [nas] [debug] UAC access attempt is allowed for identity[0], category[MO_sig]
[2023-01-10 08:44:32.630] [nas] [debug] Sending Initial Registration
[2023-01-10 08:44:32.630] [nas] [info] UE switches to state [MM-REGISTER-INITIATED]
[2023-01-10 08:44:32.630] [rrc] [debug] Sending RRC Setup Request
[2023-01-10 08:44:32.630] [rrc] [info] RRC connection established
[2023-01-10 08:44:32.630] [rrc] [info] UE switches to state [RRC-CONNECTED]
[2023-01-10 08:44:32.630] [nas] [info] UE switches to state [CM-CONNECTED]
[2023-01-10 08:44:32.649] [nas] [debug] Authentication Request received
[2023-01-10 08:44:32.649] [nas] [debug] Sending Authentication Failure due to SQN out of range
[2023-01-10 08:44:32.660] [nas] [debug] Authentication Request received
[2023-01-10 08:44:32.668] [nas] [debug] Security Mode Command received
[2023-01-10 08:44:32.668] [nas] [debug] Selected integrity[2] ciphering[0]
[2023-01-10 08:44:32.695] [nas] [debug] Registration accept received
[2023-01-10 08:44:32.695] [nas] [info] UE switches to state [MM-REGISTERED/NORMAL-SERVICE]
[2023-01-10 08:44:32.695] [nas] [debug] Sending Registration Complete
[2023-01-10 08:44:32.695] [nas] [info] Initial Registration is successful
[2023-01-10 08:44:32.696] [nas] [debug] Sending PDU Session Establishment Request
[2023-01-10 08:44:32.696] [nas] [debug] UAC access attempt is allowed for identity[0], category[MO_sig]
[2023-01-10 08:44:32.930] [nas] [debug] PDU Session Establishment Accept received
[2023-01-10 08:44:32.931] [nas] [info] PDU Session establishment is successful PSI[1]
[2023-01-10 08:44:32.948] [app] [info] Connection setup for PDU session[1] is successful, TUN interface[uesimtun49, 10.60.0.54] is up.
[2023-01-10 08:46:14.986] [nas] [debug] Sending PDU Session Establishment Request
[2023-01-10 08:46:15.089] [nas] [error] No response from RRC from UAC checks, considering access attempt is barred
[2023-01-10 08:46:15.341] [nas] [debug] Sending PDU Session Establishment Request
[2023-01-10 08:46:15.462] [nas] [error] No response from RRC from UAC checks, considering access attempt is barred
[2023-01-10 08:46:15.669] [nas] [debug] Sending PDU Session Establishment Request
[2023-01-10 08:46:15.890] [nas] [error] No response from RRC from UAC checks, considering access attempt is barred
[2023-01-10 08:46:18.518] [rrc] [debug] Signal lost for cell[1], total [0] cells in coverage
[2023-01-10 08:46:18.518] [nas] [error] Radio link failure detected
[2023-01-10 08:46:18.518] [nas] [info] UE switches to state [CM-IDLE]
[2023-01-10 08:46:18.518] [nas] [info] UE switches to state [MM-REGISTERED/PS]
[2023-01-10 08:46:18.518] [nas] [info] UE switches to state [MM-REGISTERED/PLMN-SEARCH]
[2023-01-10 08:46:18.518] [nas] [error] PLMN selection failure, no cells in coverage
[2023-01-10 08:46:20.164] [rrc] [warning] Acceptable cell selection failed, no cell is in coverage
[2023-01-10 08:46:20.164] [rrc] [error] Cell selection failure, no suitable or acceptable cell found
[2023-01-10 08:46:20.610] [nas] [error] PLMN selection failure, no cells in coverage
[2023-01-10 08:46:22.812] [nas] [error] PLMN selection failure, no cells in coverage
[2023-01-10 08:46:23.913] [nas] [info] UE switches to state [MM-REGISTERED/NO-CELL-AVAILABLE]
[2023-01-10 08:46:31.911] [nas] [warning] Retransmitting PDU Session Establishment Request due to T3580 expiry
[2023-01-10 08:46:31.911] [nas] [error] UAC access attempt is barred for identity[0], category[MO_sig]
[2023-01-10 08:46:31.911] [nas] [warning] Retransmitting PDU Session Establishment Request due to T3580 expiry
[2023-01-10 08:46:31.911] [nas] [error] UAC access attempt is barred for identity[0], category[MO_sig]
[2023-01-10 08:46:31.911] [nas] [warning] Retransmitting PDU Session Establishment Request due to T3580 expiry
[2023-01-10 08:46:31.911] [nas] [error] UAC access attempt is barred for identity[0], category[MO_sig]
[2023-01-10 08:46:47.928] [nas] [warning] Retransmitting PDU Session Establishment Request due to T3580 expiry
[2023-01-10 08:46:47.931] [nas] [error] UAC access attempt is barred for identity[0], category[MO_sig]
[2023-01-10 08:46:47.931] [nas] [warning] Retransmitting PDU Session Establishment Request due to T3580 expiry
[2023-01-10 08:46:47.931] [nas] [error] UAC access attempt is barred for identity[0], category[MO_sig]
[2023-01-10 08:46:47.931] [nas] [warning] Retransmitting PDU Session Establishment Request due to T3580 expiry
[2023-01-10 08:46:47.931] [nas] [error] UAC access attempt is barred for identity[0], category[MO_sig]
[2023-01-10 08:46:50.177] [rrc] [warning] Acceptable cell selection failed, no cell is in coverage
[2023-01-10 08:46:50.177] [rrc] [error] Cell selection failure, no suitable or acceptable cell found
[2023-01-10 08:46:53.640] [nas] [error] PLMN selection failure, no cells in coverage
[2023-01-10 08:47:03.944] [nas] [warning] Retransmitting PDU Session Establishment Request due to T3580 expiry
[2023-01-10 08:47:03.946] [nas] [error] UAC access attempt is barred for identity[0], category[MO_sig]
[2023-01-10 08:47:03.946] [nas] [warning] Retransmitting PDU Session Establishment Request due to T3580 expiry
[2023-01-10 08:47:03.946] [nas] [error] UAC access attempt is barred for identity[0], category[MO_sig]
[2023-01-10 08:47:03.946] [nas] [warning] Retransmitting PDU Session Establishment Request due to T3580 expiry
[2023-01-10 08:47:03.946] [nas] [error] UAC access attempt is barred for identity[0], category[MO_sig]
[2023-01-10 08:47:19.961] [nas] [warning] Retransmitting PDU Session Establishment Request due to T3580 expiry
[2023-01-10 08:47:19.961] [nas] [error] UAC access attempt is barred for identity[0], category[MO_sig]
[2023-01-10 08:47:19.961] [nas] [warning] Retransmitting PDU Session Establishment Request due to T3580 expiry
[2023-01-10 08:47:19.961] [nas] [error] UAC access attempt is barred for identity[0], category[MO_sig]
[2023-01-10 08:47:19.961] [nas] [warning] Retransmitting PDU Session Establishment Request due to T3580 expiry
[2023-01-10 08:47:19.961] [nas] [error] UAC access attempt is barred for identity[0], category[MO_sig]
[2023-01-10 08:47:20.189] [rrc] [warning] Acceptable cell selection failed, no cell is in coverage
[2023-01-10 08:47:20.189] [rrc] [error] Cell selection failure, no suitable or acceptable cell found
[2023-01-10 08:47:24.468] [nas] [error] PLMN selection failure, no cells in coverage
[2023-01-10 08:47:35.978] [nas] [error] PDU Session Establishment procedure failure, no response from the network after 5 attempts
[2023-01-10 08:47:35.978] [nas] [debug] Aborting SM procedure for PTI[1], PSI[2]
[2023-01-10 08:47:35.978] [nas] [error] PDU Session Establishment procedure failure, no response from the network after 5 attempts
[2023-01-10 08:47:35.978] [nas] [debug] Aborting SM procedure for PTI[2], PSI[3]
[2023-01-10 08:47:35.978] [nas] [error] PDU Session Establishment procedure failure, no response from the network after 5 attempts
[2023-01-10 08:47:35.978] [nas] [debug] Aborting SM procedure for PTI[3], PSI[4]
[2023-01-10 08:47:50.201] [rrc] [warning] Acceptable cell selection failed, no cell is in coverage
[2023-01-10 08:47:50.201] [rrc] [error] Cell selection failure, no suitable or acceptable cell found
[2023-01-10 08:47:55.296] [nas] [error] PLMN selection failure, no cells in coverage
[2023-01-10 08:48:16.154] [nas] [debug] De-registration required due to [NORMAL]
[2023-01-10 08:48:20.213] [rrc] [warning] Acceptable cell selection failed, no cell is in coverage
[2023-01-10 08:48:20.213] [rrc] [error] Cell selection failure, no suitable or acceptable cell found
[2023-01-10 08:48:26.124] [nas] [error] PLMN selection failure, no cells in coverage
[2023-01-10 08:48:50.225] [rrc] [warning] Acceptable cell selection failed, no cell is in coverage
[2023-01-10 08:48:50.225] [rrc] [error] Cell selection failure, no suitable or acceptable cell found
[2023-01-10 08:48:56.953] [nas] [error] PLMN selection failure, no cells in coverage
[2023-01-10 08:49:20.237] [rrc] [warning] Acceptable cell selection failed, no cell is in coverage
[2023-01-10 08:49:20.237] [rrc] [error] Cell selection failure, no suitable or acceptable cell found
[2023-01-10 08:49:27.781] [nas] [error] PLMN selection failure, no cells in coverage
[2023-01-10 08:49:50.249] [rrc] [warning] Acceptable cell selection failed, no cell is in coverage
[2023-01-10 08:49:50.249] [rrc] [error] Cell selection failure, no suitable or acceptable cell found
[2023-01-10 08:49:58.609] [nas] [error] PLMN selection failure, no cells in coverage
[2023-01-10 08:50:20.261] [rrc] [warning] Acceptable cell selection failed, no cell is in coverage
[2023-01-10 08:50:20.261] [rrc] [error] Cell selection failure, no suitable or acceptable cell found
[2023-01-10 08:50:29.437] [nas] [error] PLMN selection failure, no cells in coverage
[2023-01-10 08:50:50.273] [rrc] [warning] Acceptable cell selection failed, no cell is in coverage
[2023-01-10 08:50:50.273] [rrc] [error] Cell selection failure, no suitable or acceptable cell found
[2023-01-10 08:51:00.265] [nas] [error] PLMN selection failure, no cells in coverage
[2023-01-10 08:51:20.285] [rrc] [warning] Acceptable cell selection failed, no cell is in coverage
[2023-01-10 08:51:20.285] [rrc] [error] Cell selection failure, no suitable or acceptable cell found
[2023-01-10 08:51:31.093] [nas] [error] PLMN selection failure, no cells in coverage
[2023-01-10 08:51:50.297] [rrc] [warning] Acceptable cell selection failed, no cell is in coverage
[2023-01-10 08:51:50.297] [rrc] [error] Cell selection failure, no suitable or acceptable cell found
[2023-01-10 08:52:01.921] [nas] [error] PLMN selection failure, no cells in coverage
[2023-01-10 08:52:20.309] [rrc] [warning] Acceptable cell selection failed, no cell is in coverage
[2023-01-10 08:52:20.309] [rrc] [error] Cell selection failure, no suitable or acceptable cell found
[2023-01-10 08:52:32.749] [nas] [error] PLMN selection failure, no cells in coverage
[2023-01-10 08:52:50.321] [rrc] [warning] Acceptable cell selection failed, no cell is in coverage
[2023-01-10 08:52:50.321] [rrc] [error] Cell selection failure, no suitable or acceptable cell found
[2023-01-10 08:53:03.579] [nas] [error] PLMN selection failure, no cells in coverage
[2023-01-10 08:53:20.333] [rrc] [warning] Acceptable cell selection failed, no cell is in coverage
[2023-01-10 08:53:20.333] [rrc] [error] Cell selection failure, no suitable or acceptable cell found
[2023-01-10 08:53:34.407] [nas] [error] PLMN selection failure, no cells in coverage
[2023-01-10 08:53:50.345] [rrc] [warning] Acceptable cell selection failed, no cell is in coverage
[2023-01-10 08:53:50.345] [rrc] [error] Cell selection failure, no suitable or acceptable cell found
[2023-01-10 08:54:05.235] [nas] [error] PLMN selection failure, no cells in coverage
[2023-01-10 08:54:20.357] [rrc] [warning] Acceptable cell selection failed, no cell is in coverage
[2023-01-10 08:54:20.357] [rrc] [error] Cell selection failure, no suitable or acceptable cell found
[2023-01-10 08:54:36.063] [nas] [error] PLMN selection failure, no cells in coverage
[2023-01-10 08:54:50.369] [rrc] [warning] Acceptable cell selection failed, no cell is in coverage
[2023-01-10 08:54:50.369] [rrc] [error] Cell selection failure, no suitable or acceptable cell found
[2023-01-10 08:55:06.892] [nas] [error] PLMN selection failure, no cells in coverage
[2023-01-10 08:55:20.381] [rrc] [warning] Acceptable cell selection failed, no cell is in coverage
[2023-01-10 08:55:20.381] [rrc] [error] Cell selection failure, no suitable or acceptable cell found
[2023-01-10 08:55:37.720] [nas] [error] PLMN selection failure, no cells in coverage
[2023-01-10 08:55:50.393] [rrc] [warning] Acceptable cell selection failed, no cell is in coverage
[2023-01-10 08:55:50.393] [rrc] [error] Cell selection failure, no suitable or acceptable cell found
[2023-01-10 08:56:08.548] [nas] [error] PLMN selection failure, no cells in coverage
[2023-01-10 08:56:20.406] [rrc] [warning] Acceptable cell selection failed, no cell is in coverage
[2023-01-10 08:56:20.406] [rrc] [error] Cell selection failure, no suitable or acceptable cell found
[2023-01-10 08:56:39.376] [nas] [error] PLMN selection failure, no cells in coverage
[2023-01-10 08:56:50.418] [rrc] [warning] Acceptable cell selection failed, no cell is in coverage
[2023-01-10 08:56:50.418] [rrc] [error] Cell selection failure, no suitable or acceptable cell found
[2023-01-10 08:57:10.204] [nas] [error] PLMN selection failure, no cells in coverage
[2023-01-10 08:57:20.430] [rrc] [warning] Acceptable cell selection failed, no cell is in coverage
[2023-01-10 08:57:20.430] [rrc] [error] Cell selection failure, no suitable or acceptable cell found
[2023-01-10 08:57:41.032] [nas] [error] PLMN selection failure, no cells in coverage
[2023-01-10 08:57:50.442] [rrc] [warning] Acceptable cell selection failed, no cell is in coverage
[2023-01-10 08:57:50.442] [rrc] [error] Cell selection failure, no suitable or acceptable cell found
[2023-01-10 08:58:11.860] [nas] [error] PLMN selection failure, no cells in coverage
[2023-01-10 08:58:20.454] [rrc] [warning] Acceptable cell selection failed, no cell is in coverage
[2023-01-10 08:58:20.454] [rrc] [error] Cell selection failure, no suitable or acceptable cell found
[2023-01-10 08:58:42.688] [nas] [error] PLMN selection failure, no cells in coverage
[2023-01-10 08:58:50.466] [rrc] [warning] Acceptable cell selection failed, no cell is in coverage
[2023-01-10 08:58:50.466] [rrc] [error] Cell selection failure, no suitable or acceptable cell found
[2023-01-10 08:59:13.517] [nas] [error] PLMN selection failure, no cells in coverage
[2023-01-10 08:59:20.478] [rrc] [warning] Acceptable cell selection failed, no cell is in coverage
[2023-01-10 08:59:20.478] [rrc] [error] Cell selection failure, no suitable or acceptable cell found
[2023-01-10 08:59:44.345] [nas] [error] PLMN selection failure, no cells in coverage
[2023-01-10 08:59:50.490] [rrc] [warning] Acceptable cell selection failed, no cell is in coverage
[2023-01-10 08:59:50.490] [rrc] [error] Cell selection failure, no suitable or acceptable cell found
[2023-01-10 09:00:15.174] [nas] [error] PLMN selection failure, no cells in coverage
[2023-01-10 09:00:20.502] [rrc] [warning] Acceptable cell selection failed, no cell is in coverage
[2023-01-10 09:00:20.502] [rrc] [error] Cell selection failure, no suitable or acceptable cell found
[2023-01-10 09:00:46.002] [nas] [error] PLMN selection failure, no cells in coverage
[2023-01-10 09:00:50.515] [rrc] [warning] Acceptable cell selection failed, no cell is in coverage
[2023-01-10 09:00:50.515] [rrc] [error] Cell selection failure, no suitable or acceptable cell found
[2023-01-10 09:01:16.830] [nas] [error] PLMN selection failure, no cells in coverage
[2023-01-10 09:01:20.527] [rrc] [warning] Acceptable cell selection failed, no cell is in coverage
[2023-01-10 09:01:20.527] [rrc] [error] Cell selection failure, no suitable or acceptable cell found
[2023-01-10 09:01:47.658] [nas] [error] PLMN selection failure, no cells in coverage
[2023-01-10 09:01:50.539] [rrc] [warning] Acceptable cell selection failed, no cell is in coverage
[2023-01-10 09:01:50.539] [rrc] [error] Cell selection failure, no suitable or acceptable cell found
[2023-01-10 09:02:18.486] [nas] [error] PLMN selection failure, no cells in coverage
[2023-01-10 09:02:20.551] [rrc] [warning] Acceptable cell selection failed, no cell is in coverage
[2023-01-10 09:02:20.551] [rrc] [error] Cell selection failure, no suitable or acceptable cell found
[2023-01-10 09:02:49.314] [nas] [error] PLMN selection failure, no cells in coverage
[2023-01-10 09:02:50.563] [rrc] [warning] Acceptable cell selection failed, no cell is in coverage
[2023-01-10 09:02:50.563] [rrc] [error] Cell selection failure, no suitable or acceptable cell found
[2023-01-10 09:03:20.142] [nas] [error] PLMN selection failure, no cells in coverage
[2023-01-10 09:03:20.575] [rrc] [warning] Acceptable cell selection failed, no cell is in coverage
[2023-01-10 09:03:20.575] [rrc] [error] Cell selection failure, no suitable or acceptable cell found
[2023-01-10 09:03:50.587] [rrc] [warning] Acceptable cell selection failed, no cell is in coverage
[2023-01-10 09:03:50.587] [rrc] [error] Cell selection failure, no suitable or acceptable cell found
[2023-01-10 09:03:50.971] [nas] [error] PLMN selection failure, no cells in coverage
[2023-01-10 09:04:20.599] [rrc] [warning] Acceptable cell selection failed, no cell is in coverage
[2023-01-10 09:04:20.599] [rrc] [error] Cell selection failure, no suitable or acceptable cell found
[2023-01-10 09:04:21.799] [nas] [error] PLMN selection failure, no cells in coverage
[2023-01-10 09:04:50.611] [rrc] [warning] Acceptable cell selection failed, no cell is in coverage
[2023-01-10 09:04:50.611] [rrc] [error] Cell selection failure, no suitable or acceptable cell found
[2023-01-10 09:04:52.627] [nas] [error] PLMN selection failure, no cells in coverage
[2023-01-10 09:05:20.623] [rrc] [warning] Acceptable cell selection failed, no cell is in coverage
[2023-01-10 09:05:20.623] [rrc] [error] Cell selection failure, no suitable or acceptable cell found
[2023-01-10 09:05:23.455] [nas] [error] PLMN selection failure, no cells in coverage
[2023-01-10 09:05:50.635] [rrc] [warning] Acceptable cell selection failed, no cell is in coverage
[2023-01-10 09:05:50.635] [rrc] [error] Cell selection failure, no suitable or acceptable cell found
[2023-01-10 09:05:54.283] [nas] [error] PLMN selection failure, no cells in coverage
[2023-01-10 09:06:20.647] [rrc] [warning] Acceptable cell selection failed, no cell is in coverage
[2023-01-10 09:06:20.647] [rrc] [error] Cell selection failure, no suitable or acceptable cell found
[2023-01-10 09:06:25.111] [nas] [error] PLMN selection failure, no cells in coverage
[2023-01-10 09:06:50.659] [rrc] [warning] Acceptable cell selection failed, no cell is in coverage
[2023-01-10 09:06:50.659] [rrc] [error] Cell selection failure, no suitable or acceptable cell found
