UERANSIM v3.2.6
[2023-01-10 08:45:00.652] [nas] [info] UE switches to state [MM-DEREGISTERED/PLMN-SEARCH]
[2023-01-10 08:45:00.657] [rrc] [debug] New signal detected for cell[1], total [1] cells in coverage
[2023-01-10 08:45:00.657] [nas] [info] Selected plmn[208/93]
[2023-01-10 08:45:00.657] [rrc] [info] Selected cell plmn[208/93] tac[1] category[SUITABLE]
[2023-01-10 08:45:00.657] [nas] [info] UE switches to state [MM-DEREGISTERED/PS]
[2023-01-10 08:45:00.657] [nas] [info] UE switches to state [MM-DEREGISTERED/NORMAL-SERVICE]
[2023-01-10 08:45:00.657] [nas] [debug] Initial registration required due to [MM-DEREG-NORMAL-SERVICE]
[2023-01-10 08:45:00.664] [nas] [debug] UAC access attempt is allowed for identity[0], category[MO_sig]
[2023-01-10 08:45:00.664] [nas] [debug] Sending Initial Registration
[2023-01-10 08:45:00.664] [rrc] [debug] Sending RRC Setup Request
[2023-01-10 08:45:00.664] [nas] [info] UE switches to state [MM-REGISTER-INITIATED]
[2023-01-10 08:45:00.665] [rrc] [info] RRC connection established
[2023-01-10 08:45:00.665] [rrc] [info] UE switches to state [RRC-CONNECTED]
[2023-01-10 08:45:00.665] [nas] [info] UE switches to state [CM-CONNECTED]
[2023-01-10 08:45:00.679] [nas] [debug] Authentication Request received
[2023-01-10 08:45:00.687] [nas] [debug] Security Mode Command received
[2023-01-10 08:45:00.687] [nas] [debug] Selected integrity[2] ciphering[0]
[2023-01-10 08:45:00.710] [nas] [debug] Registration accept received
[2023-01-10 08:45:00.710] [nas] [info] UE switches to state [MM-REGISTERED/NORMAL-SERVICE]
[2023-01-10 08:45:00.710] [nas] [debug] Sending Registration Complete
[2023-01-10 08:45:00.710] [nas] [info] Initial Registration is successful
[2023-01-10 08:45:00.710] [nas] [debug] Sending PDU Session Establishment Request
[2023-01-10 08:45:00.711] [nas] [debug] UAC access attempt is allowed for identity[0], category[MO_sig]
[2023-01-10 08:45:00.956] [nas] [debug] PDU Session Establishment Accept received
[2023-01-10 08:45:00.956] [nas] [info] PDU Session establishment is successful PSI[1]
[2023-01-10 08:45:00.978] [app] [info] Connection setup for PDU session[1] is successful, TUN interface[uesimtun63, 10.60.0.68] is up.
[2023-01-10 08:46:16.100] [nas] [debug] Sending PDU Session Release Request for PSI[1]
[2023-01-10 08:46:16.250] [nas] [debug] PDU Session Release Command received
[2023-01-10 08:46:16.253] [nas] [debug] Performing local release of PDU session[1]
[2023-01-10 08:46:16.621] [nas] [debug] Sending PDU Session Establishment Request
[2023-01-10 08:46:16.625] [nas] [debug] UAC access attempt is allowed for identity[0], category[MO_sig]
[2023-01-10 08:46:16.774] [nas] [debug] De-registration required due to [NORMAL]
[2023-01-10 08:46:16.794] [nas] [debug] Starting de-registration procedure due to [NORMAL]
[2023-01-10 08:46:16.794] [nas] [info] UE switches to state [MM-DEREGISTER-INITIATED]
[2023-01-10 08:46:16.822] [nas] [debug] PDU Session Establishment Accept received
[2023-01-10 08:46:16.822] [nas] [info] PDU Session establishment is successful PSI[1]
[2023-01-10 08:46:17.126] [app] [info] Connection setup for PDU session[1] is successful, TUN interface[uesimtun14, 10.60.0.116] is up.
[2023-01-10 08:46:18.836] [rrc] [debug] Signal lost for cell[1], total [0] cells in coverage
[2023-01-10 08:46:18.836] [nas] [error] Radio link failure detected
[2023-01-10 08:46:18.836] [nas] [info] UE switches to state [CM-IDLE]
[2023-01-10 08:46:18.836] [nas] [info] UE switches to state [MM-DEREGISTERED/PS]
[2023-01-10 08:46:18.836] [nas] [info] UE switches to state [MM-DEREGISTERED/PLMN-SEARCH]
[2023-01-10 08:46:18.836] [nas] [error] PLMN selection failure, no cells in coverage
[2023-01-10 08:46:20.686] [rrc] [warning] Acceptable cell selection failed, no cell is in coverage
[2023-01-10 08:46:20.686] [rrc] [error] Cell selection failure, no suitable or acceptable cell found
[2023-01-10 08:46:21.029] [nas] [error] PLMN selection failure, no cells in coverage
[2023-01-10 08:46:23.231] [nas] [error] PLMN selection failure, no cells in coverage
[2023-01-10 08:46:24.332] [nas] [info] UE switches to state [MM-DEREGISTERED/NO-CELL-AVAILABLE]
[2023-01-10 08:46:50.699] [rrc] [warning] Acceptable cell selection failed, no cell is in coverage
[2023-01-10 08:46:50.699] [rrc] [error] Cell selection failure, no suitable or acceptable cell found
[2023-01-10 08:46:54.059] [nas] [error] PLMN selection failure, no cells in coverage
[2023-01-10 08:47:20.711] [rrc] [warning] Acceptable cell selection failed, no cell is in coverage
[2023-01-10 08:47:20.711] [rrc] [error] Cell selection failure, no suitable or acceptable cell found
[2023-01-10 08:47:24.887] [nas] [error] PLMN selection failure, no cells in coverage
[2023-01-10 08:47:50.723] [rrc] [warning] Acceptable cell selection failed, no cell is in coverage
[2023-01-10 08:47:50.723] [rrc] [error] Cell selection failure, no suitable or acceptable cell found
[2023-01-10 08:47:55.715] [nas] [error] PLMN selection failure, no cells in coverage
[2023-01-10 08:48:17.015] [nas] [debug] De-registration required due to [NORMAL]
[2023-01-10 08:48:20.735] [rrc] [warning] Acceptable cell selection failed, no cell is in coverage
[2023-01-10 08:48:20.735] [rrc] [error] Cell selection failure, no suitable or acceptable cell found
[2023-01-10 08:48:26.543] [nas] [error] PLMN selection failure, no cells in coverage
[2023-01-10 08:48:50.747] [rrc] [warning] Acceptable cell selection failed, no cell is in coverage
[2023-01-10 08:48:50.747] [rrc] [error] Cell selection failure, no suitable or acceptable cell found
[2023-01-10 08:48:57.371] [nas] [error] PLMN selection failure, no cells in coverage
[2023-01-10 08:49:20.759] [rrc] [warning] Acceptable cell selection failed, no cell is in coverage
[2023-01-10 08:49:20.759] [rrc] [error] Cell selection failure, no suitable or acceptable cell found
[2023-01-10 08:49:28.200] [nas] [error] PLMN selection failure, no cells in coverage
[2023-01-10 08:49:50.771] [rrc] [warning] Acceptable cell selection failed, no cell is in coverage
[2023-01-10 08:49:50.771] [rrc] [error] Cell selection failure, no suitable or acceptable cell found
[2023-01-10 08:49:59.028] [nas] [error] PLMN selection failure, no cells in coverage
[2023-01-10 08:50:20.783] [rrc] [warning] Acceptable cell selection failed, no cell is in coverage
[2023-01-10 08:50:20.783] [rrc] [error] Cell selection failure, no suitable or acceptable cell found
[2023-01-10 08:50:29.857] [nas] [error] PLMN selection failure, no cells in coverage
[2023-01-10 08:50:50.795] [rrc] [warning] Acceptable cell selection failed, no cell is in coverage
[2023-01-10 08:50:50.795] [rrc] [error] Cell selection failure, no suitable or acceptable cell found
[2023-01-10 08:51:00.685] [nas] [error] PLMN selection failure, no cells in coverage
[2023-01-10 08:51:20.807] [rrc] [warning] Acceptable cell selection failed, no cell is in coverage
[2023-01-10 08:51:20.807] [rrc] [error] Cell selection failure, no suitable or acceptable cell found
[2023-01-10 08:51:31.513] [nas] [error] PLMN selection failure, no cells in coverage
[2023-01-10 08:51:50.819] [rrc] [warning] Acceptable cell selection failed, no cell is in coverage
[2023-01-10 08:51:50.819] [rrc] [error] Cell selection failure, no suitable or acceptable cell found
[2023-01-10 08:52:02.341] [nas] [error] PLMN selection failure, no cells in coverage
[2023-01-10 08:52:20.831] [rrc] [warning] Acceptable cell selection failed, no cell is in coverage
[2023-01-10 08:52:20.831] [rrc] [error] Cell selection failure, no suitable or acceptable cell found
[2023-01-10 08:52:33.169] [nas] [error] PLMN selection failure, no cells in coverage
[2023-01-10 08:52:50.843] [rrc] [warning] Acceptable cell selection failed, no cell is in coverage
[2023-01-10 08:52:50.843] [rrc] [error] Cell selection failure, no suitable or acceptable cell found
[2023-01-10 08:53:03.997] [nas] [error] PLMN selection failure, no cells in coverage
[2023-01-10 08:53:20.855] [rrc] [warning] Acceptable cell selection failed, no cell is in coverage
[2023-01-10 08:53:20.855] [rrc] [error] Cell selection failure, no suitable or acceptable cell found
[2023-01-10 08:53:34.826] [nas] [error] PLMN selection failure, no cells in coverage
[2023-01-10 08:53:50.867] [rrc] [warning] Acceptable cell selection failed, no cell is in coverage
[2023-01-10 08:53:50.867] [rrc] [error] Cell selection failure, no suitable or acceptable cell found
[2023-01-10 08:54:05.654] [nas] [error] PLMN selection failure, no cells in coverage
[2023-01-10 08:54:20.879] [rrc] [warning] Acceptable cell selection failed, no cell is in coverage
[2023-01-10 08:54:20.879] [rrc] [error] Cell selection failure, no suitable or acceptable cell found
[2023-01-10 08:54:36.482] [nas] [error] PLMN selection failure, no cells in coverage
[2023-01-10 08:54:50.891] [rrc] [warning] Acceptable cell selection failed, no cell is in coverage
[2023-01-10 08:54:50.891] [rrc] [error] Cell selection failure, no suitable or acceptable cell found
[2023-01-10 08:55:07.310] [nas] [error] PLMN selection failure, no cells in coverage
[2023-01-10 08:55:20.903] [rrc] [warning] Acceptable cell selection failed, no cell is in coverage
[2023-01-10 08:55:20.903] [rrc] [error] Cell selection failure, no suitable or acceptable cell found
[2023-01-10 08:55:38.138] [nas] [error] PLMN selection failure, no cells in coverage
[2023-01-10 08:55:50.915] [rrc] [warning] Acceptable cell selection failed, no cell is in coverage
[2023-01-10 08:55:50.915] [rrc] [error] Cell selection failure, no suitable or acceptable cell found
[2023-01-10 08:56:08.966] [nas] [error] PLMN selection failure, no cells in coverage
[2023-01-10 08:56:20.927] [rrc] [warning] Acceptable cell selection failed, no cell is in coverage
[2023-01-10 08:56:20.927] [rrc] [error] Cell selection failure, no suitable or acceptable cell found
[2023-01-10 08:56:39.794] [nas] [error] PLMN selection failure, no cells in coverage
[2023-01-10 08:56:50.939] [rrc] [warning] Acceptable cell selection failed, no cell is in coverage
[2023-01-10 08:56:50.939] [rrc] [error] Cell selection failure, no suitable or acceptable cell found
[2023-01-10 08:57:10.622] [nas] [error] PLMN selection failure, no cells in coverage
[2023-01-10 08:57:20.951] [rrc] [warning] Acceptable cell selection failed, no cell is in coverage
[2023-01-10 08:57:20.951] [rrc] [error] Cell selection failure, no suitable or acceptable cell found
[2023-01-10 08:57:41.450] [nas] [error] PLMN selection failure, no cells in coverage
[2023-01-10 08:57:50.963] [rrc] [warning] Acceptable cell selection failed, no cell is in coverage
[2023-01-10 08:57:50.963] [rrc] [error] Cell selection failure, no suitable or acceptable cell found
[2023-01-10 08:58:12.279] [nas] [error] PLMN selection failure, no cells in coverage
[2023-01-10 08:58:20.975] [rrc] [warning] Acceptable cell selection failed, no cell is in coverage
[2023-01-10 08:58:20.975] [rrc] [error] Cell selection failure, no suitable or acceptable cell found
[2023-01-10 08:58:43.109] [nas] [error] PLMN selection failure, no cells in coverage
[2023-01-10 08:58:50.987] [rrc] [warning] Acceptable cell selection failed, no cell is in coverage
[2023-01-10 08:58:50.987] [rrc] [error] Cell selection failure, no suitable or acceptable cell found
[2023-01-10 08:59:13.938] [nas] [error] PLMN selection failure, no cells in coverage
[2023-01-10 08:59:20.999] [rrc] [warning] Acceptable cell selection failed, no cell is in coverage
[2023-01-10 08:59:20.999] [rrc] [error] Cell selection failure, no suitable or acceptable cell found
[2023-01-10 08:59:44.766] [nas] [error] PLMN selection failure, no cells in coverage
[2023-01-10 08:59:51.011] [rrc] [warning] Acceptable cell selection failed, no cell is in coverage
[2023-01-10 08:59:51.011] [rrc] [error] Cell selection failure, no suitable or acceptable cell found
[2023-01-10 09:00:15.594] [nas] [error] PLMN selection failure, no cells in coverage
[2023-01-10 09:00:21.023] [rrc] [warning] Acceptable cell selection failed, no cell is in coverage
[2023-01-10 09:00:21.023] [rrc] [error] Cell selection failure, no suitable or acceptable cell found
[2023-01-10 09:00:46.422] [nas] [error] PLMN selection failure, no cells in coverage
[2023-01-10 09:00:51.035] [rrc] [warning] Acceptable cell selection failed, no cell is in coverage
[2023-01-10 09:00:51.035] [rrc] [error] Cell selection failure, no suitable or acceptable cell found
[2023-01-10 09:01:17.250] [nas] [error] PLMN selection failure, no cells in coverage
[2023-01-10 09:01:21.047] [rrc] [warning] Acceptable cell selection failed, no cell is in coverage
[2023-01-10 09:01:21.047] [rrc] [error] Cell selection failure, no suitable or acceptable cell found
[2023-01-10 09:01:48.078] [nas] [error] PLMN selection failure, no cells in coverage
[2023-01-10 09:01:51.059] [rrc] [warning] Acceptable cell selection failed, no cell is in coverage
[2023-01-10 09:01:51.059] [rrc] [error] Cell selection failure, no suitable or acceptable cell found
[2023-01-10 09:02:18.907] [nas] [error] PLMN selection failure, no cells in coverage
[2023-01-10 09:02:21.071] [rrc] [warning] Acceptable cell selection failed, no cell is in coverage
[2023-01-10 09:02:21.071] [rrc] [error] Cell selection failure, no suitable or acceptable cell found
[2023-01-10 09:02:49.735] [nas] [error] PLMN selection failure, no cells in coverage
[2023-01-10 09:02:51.083] [rrc] [warning] Acceptable cell selection failed, no cell is in coverage
[2023-01-10 09:02:51.083] [rrc] [error] Cell selection failure, no suitable or acceptable cell found
[2023-01-10 09:03:20.563] [nas] [error] PLMN selection failure, no cells in coverage
[2023-01-10 09:03:21.095] [rrc] [warning] Acceptable cell selection failed, no cell is in coverage
[2023-01-10 09:03:21.095] [rrc] [error] Cell selection failure, no suitable or acceptable cell found
[2023-01-10 09:03:51.107] [rrc] [warning] Acceptable cell selection failed, no cell is in coverage
[2023-01-10 09:03:51.107] [rrc] [error] Cell selection failure, no suitable or acceptable cell found
[2023-01-10 09:03:51.391] [nas] [error] PLMN selection failure, no cells in coverage
[2023-01-10 09:04:21.120] [rrc] [warning] Acceptable cell selection failed, no cell is in coverage
[2023-01-10 09:04:21.120] [rrc] [error] Cell selection failure, no suitable or acceptable cell found
[2023-01-10 09:04:22.219] [nas] [error] PLMN selection failure, no cells in coverage
[2023-01-10 09:04:51.132] [rrc] [warning] Acceptable cell selection failed, no cell is in coverage
[2023-01-10 09:04:51.132] [rrc] [error] Cell selection failure, no suitable or acceptable cell found
[2023-01-10 09:04:53.048] [nas] [error] PLMN selection failure, no cells in coverage
[2023-01-10 09:05:21.144] [rrc] [warning] Acceptable cell selection failed, no cell is in coverage
[2023-01-10 09:05:21.144] [rrc] [error] Cell selection failure, no suitable or acceptable cell found
[2023-01-10 09:05:23.876] [nas] [error] PLMN selection failure, no cells in coverage
[2023-01-10 09:05:51.156] [rrc] [warning] Acceptable cell selection failed, no cell is in coverage
[2023-01-10 09:05:51.156] [rrc] [error] Cell selection failure, no suitable or acceptable cell found
[2023-01-10 09:05:54.704] [nas] [error] PLMN selection failure, no cells in coverage
[2023-01-10 09:06:21.168] [rrc] [warning] Acceptable cell selection failed, no cell is in coverage
[2023-01-10 09:06:21.168] [rrc] [error] Cell selection failure, no suitable or acceptable cell found
[2023-01-10 09:06:25.533] [nas] [error] PLMN selection failure, no cells in coverage
[2023-01-10 09:06:51.180] [rrc] [warning] Acceptable cell selection failed, no cell is in coverage
[2023-01-10 09:06:51.180] [rrc] [error] Cell selection failure, no suitable or acceptable cell found
