UERANSIM v3.2.6
[2023-01-10 08:44:22.612] [nas] [info] UE switches to state [MM-DEREGISTERED/PLMN-SEARCH]
[2023-01-10 08:44:22.617] [rrc] [debug] New signal detected for cell[1], total [1] cells in coverage
[2023-01-10 08:44:22.618] [nas] [info] Selected plmn[208/93]
[2023-01-10 08:44:22.618] [rrc] [info] Selected cell plmn[208/93] tac[1] category[SUITABLE]
[2023-01-10 08:44:22.618] [nas] [info] UE switches to state [MM-DEREGISTERED/PS]
[2023-01-10 08:44:22.618] [nas] [info] UE switches to state [MM-DEREGISTERED/NORMAL-SERVICE]
[2023-01-10 08:44:22.618] [nas] [debug] Initial registration required due to [MM-DEREG-NORMAL-SERVICE]
[2023-01-10 08:44:22.620] [nas] [debug] UAC access attempt is allowed for identity[0], category[MO_sig]
[2023-01-10 08:44:22.620] [nas] [debug] Sending Initial Registration
[2023-01-10 08:44:22.620] [nas] [info] UE switches to state [MM-REGISTER-INITIATED]
[2023-01-10 08:44:22.620] [rrc] [debug] Sending RRC Setup Request
[2023-01-10 08:44:22.620] [rrc] [info] RRC connection established
[2023-01-10 08:44:22.621] [rrc] [info] UE switches to state [RRC-CONNECTED]
[2023-01-10 08:44:22.621] [nas] [info] UE switches to state [CM-CONNECTED]
[2023-01-10 08:44:22.637] [nas] [debug] Authentication Request received
[2023-01-10 08:44:22.637] [nas] [debug] Sending Authentication Failure due to SQN out of range
[2023-01-10 08:44:22.649] [nas] [debug] Authentication Request received
[2023-01-10 08:44:22.659] [nas] [debug] Security Mode Command received
[2023-01-10 08:44:22.659] [nas] [debug] Selected integrity[2] ciphering[0]
[2023-01-10 08:44:22.696] [nas] [debug] Registration accept received
[2023-01-10 08:44:22.696] [nas] [info] UE switches to state [MM-REGISTERED/NORMAL-SERVICE]
[2023-01-10 08:44:22.696] [nas] [debug] Sending Registration Complete
[2023-01-10 08:44:22.696] [nas] [info] Initial Registration is successful
[2023-01-10 08:44:22.696] [nas] [debug] Sending PDU Session Establishment Request
[2023-01-10 08:44:22.698] [nas] [debug] UAC access attempt is allowed for identity[0], category[MO_sig]
[2023-01-10 08:44:22.940] [nas] [debug] PDU Session Establishment Accept received
[2023-01-10 08:44:22.940] [nas] [info] PDU Session establishment is successful PSI[1]
[2023-01-10 08:44:22.962] [app] [info] Connection setup for PDU session[1] is successful, TUN interface[uesimtun44, 10.60.0.49] is up.
[2023-01-10 08:46:15.985] [nas] [debug] Sending PDU Session Release Request for PSI[1]
[2023-01-10 08:46:16.116] [nas] [debug] PDU Session Release Command received
[2023-01-10 08:46:16.116] [nas] [debug] Performing local release of PDU session[1]
[2023-01-10 08:46:16.290] [nas] [debug] Sending PDU Session Establishment Request
[2023-01-10 08:46:16.394] [nas] [error] No response from RRC from UAC checks, considering access attempt is barred
[2023-01-10 08:46:18.930] [rrc] [debug] Signal lost for cell[1], total [0] cells in coverage
[2023-01-10 08:46:18.930] [nas] [error] Radio link failure detected
[2023-01-10 08:46:18.930] [nas] [info] UE switches to state [CM-IDLE]
[2023-01-10 08:46:18.930] [nas] [info] UE switches to state [MM-REGISTERED/PS]
[2023-01-10 08:46:18.930] [nas] [info] UE switches to state [MM-REGISTERED/PLMN-SEARCH]
[2023-01-10 08:46:18.930] [nas] [error] PLMN selection failure, no cells in coverage
[2023-01-10 08:46:20.160] [rrc] [warning] Acceptable cell selection failed, no cell is in coverage
[2023-01-10 08:46:20.160] [rrc] [error] Cell selection failure, no suitable or acceptable cell found
[2023-01-10 08:46:21.522] [nas] [error] PLMN selection failure, no cells in coverage
[2023-01-10 08:46:23.724] [nas] [error] PLMN selection failure, no cells in coverage
[2023-01-10 08:46:24.825] [nas] [info] UE switches to state [MM-REGISTERED/NO-CELL-AVAILABLE]
[2023-01-10 08:46:32.749] [nas] [warning] Retransmitting PDU Session Establishment Request due to T3580 expiry
[2023-01-10 08:46:32.749] [nas] [error] UAC access attempt is barred for identity[0], category[MO_sig]
[2023-01-10 08:46:48.765] [nas] [warning] Retransmitting PDU Session Establishment Request due to T3580 expiry
[2023-01-10 08:46:48.765] [nas] [error] UAC access attempt is barred for identity[0], category[MO_sig]
[2023-01-10 08:46:50.172] [rrc] [warning] Acceptable cell selection failed, no cell is in coverage
[2023-01-10 08:46:50.172] [rrc] [error] Cell selection failure, no suitable or acceptable cell found
[2023-01-10 08:46:54.554] [nas] [error] PLMN selection failure, no cells in coverage
[2023-01-10 08:47:04.782] [nas] [warning] Retransmitting PDU Session Establishment Request due to T3580 expiry
[2023-01-10 08:47:04.782] [nas] [error] UAC access attempt is barred for identity[0], category[MO_sig]
[2023-01-10 08:47:20.184] [rrc] [warning] Acceptable cell selection failed, no cell is in coverage
[2023-01-10 08:47:20.184] [rrc] [error] Cell selection failure, no suitable or acceptable cell found
[2023-01-10 08:47:20.799] [nas] [warning] Retransmitting PDU Session Establishment Request due to T3580 expiry
[2023-01-10 08:47:20.799] [nas] [error] UAC access attempt is barred for identity[0], category[MO_sig]
[2023-01-10 08:47:25.383] [nas] [error] PLMN selection failure, no cells in coverage
[2023-01-10 08:47:36.818] [nas] [error] PDU Session Establishment procedure failure, no response from the network after 5 attempts
[2023-01-10 08:47:36.818] [nas] [debug] Aborting SM procedure for PTI[1], PSI[1]
[2023-01-10 08:47:50.197] [rrc] [warning] Acceptable cell selection failed, no cell is in coverage
[2023-01-10 08:47:50.197] [rrc] [error] Cell selection failure, no suitable or acceptable cell found
[2023-01-10 08:47:56.212] [nas] [error] PLMN selection failure, no cells in coverage
[2023-01-10 08:48:16.670] [nas] [debug] De-registration required due to [NORMAL]
[2023-01-10 08:48:20.209] [rrc] [warning] Acceptable cell selection failed, no cell is in coverage
[2023-01-10 08:48:20.209] [rrc] [error] Cell selection failure, no suitable or acceptable cell found
[2023-01-10 08:48:27.040] [nas] [error] PLMN selection failure, no cells in coverage
[2023-01-10 08:48:50.221] [rrc] [warning] Acceptable cell selection failed, no cell is in coverage
[2023-01-10 08:48:50.221] [rrc] [error] Cell selection failure, no suitable or acceptable cell found
[2023-01-10 08:48:57.869] [nas] [error] PLMN selection failure, no cells in coverage
[2023-01-10 08:49:20.233] [rrc] [warning] Acceptable cell selection failed, no cell is in coverage
[2023-01-10 08:49:20.233] [rrc] [error] Cell selection failure, no suitable or acceptable cell found
[2023-01-10 08:49:28.697] [nas] [error] PLMN selection failure, no cells in coverage
[2023-01-10 08:49:50.246] [rrc] [warning] Acceptable cell selection failed, no cell is in coverage
[2023-01-10 08:49:50.246] [rrc] [error] Cell selection failure, no suitable or acceptable cell found
[2023-01-10 08:49:59.525] [nas] [error] PLMN selection failure, no cells in coverage
[2023-01-10 08:50:20.258] [rrc] [warning] Acceptable cell selection failed, no cell is in coverage
[2023-01-10 08:50:20.258] [rrc] [error] Cell selection failure, no suitable or acceptable cell found
[2023-01-10 08:50:30.353] [nas] [error] PLMN selection failure, no cells in coverage
[2023-01-10 08:50:50.270] [rrc] [warning] Acceptable cell selection failed, no cell is in coverage
[2023-01-10 08:50:50.270] [rrc] [error] Cell selection failure, no suitable or acceptable cell found
[2023-01-10 08:51:01.181] [nas] [error] PLMN selection failure, no cells in coverage
[2023-01-10 08:51:20.282] [rrc] [warning] Acceptable cell selection failed, no cell is in coverage
[2023-01-10 08:51:20.282] [rrc] [error] Cell selection failure, no suitable or acceptable cell found
[2023-01-10 08:51:32.009] [nas] [error] PLMN selection failure, no cells in coverage
[2023-01-10 08:51:50.294] [rrc] [warning] Acceptable cell selection failed, no cell is in coverage
[2023-01-10 08:51:50.294] [rrc] [error] Cell selection failure, no suitable or acceptable cell found
[2023-01-10 08:52:02.837] [nas] [error] PLMN selection failure, no cells in coverage
[2023-01-10 08:52:20.306] [rrc] [warning] Acceptable cell selection failed, no cell is in coverage
[2023-01-10 08:52:20.306] [rrc] [error] Cell selection failure, no suitable or acceptable cell found
[2023-01-10 08:52:33.665] [nas] [error] PLMN selection failure, no cells in coverage
[2023-01-10 08:52:50.319] [rrc] [warning] Acceptable cell selection failed, no cell is in coverage
[2023-01-10 08:52:50.319] [rrc] [error] Cell selection failure, no suitable or acceptable cell found
[2023-01-10 08:53:04.493] [nas] [error] PLMN selection failure, no cells in coverage
[2023-01-10 08:53:20.331] [rrc] [warning] Acceptable cell selection failed, no cell is in coverage
[2023-01-10 08:53:20.331] [rrc] [error] Cell selection failure, no suitable or acceptable cell found
[2023-01-10 08:53:35.322] [nas] [error] PLMN selection failure, no cells in coverage
[2023-01-10 08:53:50.343] [rrc] [warning] Acceptable cell selection failed, no cell is in coverage
[2023-01-10 08:53:50.343] [rrc] [error] Cell selection failure, no suitable or acceptable cell found
[2023-01-10 08:54:06.150] [nas] [error] PLMN selection failure, no cells in coverage
[2023-01-10 08:54:20.355] [rrc] [warning] Acceptable cell selection failed, no cell is in coverage
[2023-01-10 08:54:20.355] [rrc] [error] Cell selection failure, no suitable or acceptable cell found
[2023-01-10 08:54:36.978] [nas] [error] PLMN selection failure, no cells in coverage
[2023-01-10 08:54:50.367] [rrc] [warning] Acceptable cell selection failed, no cell is in coverage
[2023-01-10 08:54:50.367] [rrc] [error] Cell selection failure, no suitable or acceptable cell found
[2023-01-10 08:55:07.806] [nas] [error] PLMN selection failure, no cells in coverage
[2023-01-10 08:55:20.379] [rrc] [warning] Acceptable cell selection failed, no cell is in coverage
[2023-01-10 08:55:20.379] [rrc] [error] Cell selection failure, no suitable or acceptable cell found
[2023-01-10 08:55:38.635] [nas] [error] PLMN selection failure, no cells in coverage
[2023-01-10 08:55:50.391] [rrc] [warning] Acceptable cell selection failed, no cell is in coverage
[2023-01-10 08:55:50.391] [rrc] [error] Cell selection failure, no suitable or acceptable cell found
[2023-01-10 08:56:09.463] [nas] [error] PLMN selection failure, no cells in coverage
[2023-01-10 08:56:20.403] [rrc] [warning] Acceptable cell selection failed, no cell is in coverage
[2023-01-10 08:56:20.403] [rrc] [error] Cell selection failure, no suitable or acceptable cell found
[2023-01-10 08:56:40.291] [nas] [error] PLMN selection failure, no cells in coverage
[2023-01-10 08:56:50.415] [rrc] [warning] Acceptable cell selection failed, no cell is in coverage
[2023-01-10 08:56:50.415] [rrc] [error] Cell selection failure, no suitable or acceptable cell found
[2023-01-10 08:57:11.119] [nas] [error] PLMN selection failure, no cells in coverage
[2023-01-10 08:57:20.427] [rrc] [warning] Acceptable cell selection failed, no cell is in coverage
[2023-01-10 08:57:20.427] [rrc] [error] Cell selection failure, no suitable or acceptable cell found
[2023-01-10 08:57:41.947] [nas] [error] PLMN selection failure, no cells in coverage
[2023-01-10 08:57:50.439] [rrc] [warning] Acceptable cell selection failed, no cell is in coverage
[2023-01-10 08:57:50.439] [rrc] [error] Cell selection failure, no suitable or acceptable cell found
[2023-01-10 08:58:12.775] [nas] [error] PLMN selection failure, no cells in coverage
[2023-01-10 08:58:20.451] [rrc] [warning] Acceptable cell selection failed, no cell is in coverage
[2023-01-10 08:58:20.451] [rrc] [error] Cell selection failure, no suitable or acceptable cell found
[2023-01-10 08:58:43.603] [nas] [error] PLMN selection failure, no cells in coverage
[2023-01-10 08:58:50.464] [rrc] [warning] Acceptable cell selection failed, no cell is in coverage
[2023-01-10 08:58:50.464] [rrc] [error] Cell selection failure, no suitable or acceptable cell found
[2023-01-10 08:59:14.432] [nas] [error] PLMN selection failure, no cells in coverage
[2023-01-10 08:59:20.476] [rrc] [warning] Acceptable cell selection failed, no cell is in coverage
[2023-01-10 08:59:20.476] [rrc] [error] Cell selection failure, no suitable or acceptable cell found
[2023-01-10 08:59:45.260] [nas] [error] PLMN selection failure, no cells in coverage
[2023-01-10 08:59:50.488] [rrc] [warning] Acceptable cell selection failed, no cell is in coverage
[2023-01-10 08:59:50.489] [rrc] [error] Cell selection failure, no suitable or acceptable cell found
[2023-01-10 09:00:16.088] [nas] [error] PLMN selection failure, no cells in coverage
[2023-01-10 09:00:20.500] [rrc] [warning] Acceptable cell selection failed, no cell is in coverage
[2023-01-10 09:00:20.500] [rrc] [error] Cell selection failure, no suitable or acceptable cell found
[2023-01-10 09:00:46.916] [nas] [error] PLMN selection failure, no cells in coverage
[2023-01-10 09:00:50.512] [rrc] [warning] Acceptable cell selection failed, no cell is in coverage
[2023-01-10 09:00:50.512] [rrc] [error] Cell selection failure, no suitable or acceptable cell found
[2023-01-10 09:01:17.745] [nas] [error] PLMN selection failure, no cells in coverage
[2023-01-10 09:01:20.524] [rrc] [warning] Acceptable cell selection failed, no cell is in coverage
[2023-01-10 09:01:20.524] [rrc] [error] Cell selection failure, no suitable or acceptable cell found
[2023-01-10 09:01:48.573] [nas] [error] PLMN selection failure, no cells in coverage
[2023-01-10 09:01:50.536] [rrc] [warning] Acceptable cell selection failed, no cell is in coverage
[2023-01-10 09:01:50.536] [rrc] [error] Cell selection failure, no suitable or acceptable cell found
[2023-01-10 09:02:19.401] [nas] [error] PLMN selection failure, no cells in coverage
[2023-01-10 09:02:20.548] [rrc] [warning] Acceptable cell selection failed, no cell is in coverage
[2023-01-10 09:02:20.548] [rrc] [error] Cell selection failure, no suitable or acceptable cell found
[2023-01-10 09:02:50.230] [nas] [error] PLMN selection failure, no cells in coverage
[2023-01-10 09:02:50.560] [rrc] [warning] Acceptable cell selection failed, no cell is in coverage
[2023-01-10 09:02:50.560] [rrc] [error] Cell selection failure, no suitable or acceptable cell found
[2023-01-10 09:03:20.572] [rrc] [warning] Acceptable cell selection failed, no cell is in coverage
[2023-01-10 09:03:20.572] [rrc] [error] Cell selection failure, no suitable or acceptable cell found
[2023-01-10 09:03:21.058] [nas] [error] PLMN selection failure, no cells in coverage
[2023-01-10 09:03:50.584] [rrc] [warning] Acceptable cell selection failed, no cell is in coverage
[2023-01-10 09:03:50.584] [rrc] [error] Cell selection failure, no suitable or acceptable cell found
[2023-01-10 09:03:51.886] [nas] [error] PLMN selection failure, no cells in coverage
[2023-01-10 09:04:20.596] [rrc] [warning] Acceptable cell selection failed, no cell is in coverage
[2023-01-10 09:04:20.596] [rrc] [error] Cell selection failure, no suitable or acceptable cell found
[2023-01-10 09:04:22.714] [nas] [error] PLMN selection failure, no cells in coverage
[2023-01-10 09:04:50.608] [rrc] [warning] Acceptable cell selection failed, no cell is in coverage
[2023-01-10 09:04:50.608] [rrc] [error] Cell selection failure, no suitable or acceptable cell found
[2023-01-10 09:04:53.542] [nas] [error] PLMN selection failure, no cells in coverage
[2023-01-10 09:05:20.620] [rrc] [warning] Acceptable cell selection failed, no cell is in coverage
[2023-01-10 09:05:20.620] [rrc] [error] Cell selection failure, no suitable or acceptable cell found
[2023-01-10 09:05:24.370] [nas] [error] PLMN selection failure, no cells in coverage
[2023-01-10 09:05:50.632] [rrc] [warning] Acceptable cell selection failed, no cell is in coverage
[2023-01-10 09:05:50.632] [rrc] [error] Cell selection failure, no suitable or acceptable cell found
[2023-01-10 09:05:55.198] [nas] [error] PLMN selection failure, no cells in coverage
[2023-01-10 09:06:20.644] [rrc] [warning] Acceptable cell selection failed, no cell is in coverage
[2023-01-10 09:06:20.644] [rrc] [error] Cell selection failure, no suitable or acceptable cell found
[2023-01-10 09:06:26.026] [nas] [error] PLMN selection failure, no cells in coverage
[2023-01-10 09:06:50.656] [rrc] [warning] Acceptable cell selection failed, no cell is in coverage
[2023-01-10 09:06:50.656] [rrc] [error] Cell selection failure, no suitable or acceptable cell found
