UERANSIM v3.2.6
[2023-01-10 08:43:24.556] [nas] [info] UE switches to state [MM-DEREGISTERED/PLMN-SEARCH]
[2023-01-10 08:43:24.556] [rrc] [debug] New signal detected for cell[1], total [1] cells in coverage
[2023-01-10 08:43:24.557] [nas] [info] Selected plmn[208/93]
[2023-01-10 08:43:27.057] [rrc] [info] Selected cell plmn[208/93] tac[1] category[SUITABLE]
[2023-01-10 08:43:27.057] [nas] [info] UE switches to state [MM-DEREGISTERED/PS]
[2023-01-10 08:43:27.057] [nas] [info] UE switches to state [MM-DEREGISTERED/NORMAL-SERVICE]
[2023-01-10 08:43:27.057] [nas] [debug] Initial registration required due to [MM-DEREG-NORMAL-SERVICE]
[2023-01-10 08:43:27.059] [nas] [debug] UAC access attempt is allowed for identity[0], category[MO_sig]
[2023-01-10 08:43:27.059] [nas] [debug] Sending Initial Registration
[2023-01-10 08:43:27.059] [rrc] [debug] Sending RRC Setup Request
[2023-01-10 08:43:27.059] [nas] [info] UE switches to state [MM-REGISTER-INITIATED]
[2023-01-10 08:43:27.060] [rrc] [info] RRC connection established
[2023-01-10 08:43:27.060] [rrc] [info] UE switches to state [RRC-CONNECTED]
[2023-01-10 08:43:27.060] [nas] [info] UE switches to state [CM-CONNECTED]
[2023-01-10 08:43:27.080] [nas] [debug] Authentication Request received
[2023-01-10 08:43:27.081] [nas] [debug] Sending Authentication Failure due to SQN out of range
[2023-01-10 08:43:27.131] [nas] [debug] Authentication Request received
[2023-01-10 08:43:27.137] [nas] [debug] Security Mode Command received
[2023-01-10 08:43:27.137] [nas] [debug] Selected integrity[2] ciphering[0]
[2023-01-10 08:43:27.182] [nas] [debug] Registration accept received
[2023-01-10 08:43:27.182] [nas] [info] UE switches to state [MM-REGISTERED/NORMAL-SERVICE]
[2023-01-10 08:43:27.182] [nas] [debug] Sending Registration Complete
[2023-01-10 08:43:27.182] [nas] [info] Initial Registration is successful
[2023-01-10 08:43:27.182] [nas] [debug] Sending PDU Session Establishment Request
[2023-01-10 08:43:27.182] [nas] [debug] UAC access attempt is allowed for identity[0], category[MO_sig]
[2023-01-10 08:43:27.417] [nas] [debug] PDU Session Establishment Accept received
[2023-01-10 08:43:27.417] [nas] [info] PDU Session establishment is successful PSI[1]
[2023-01-10 08:43:27.438] [app] [info] Connection setup for PDU session[1] is successful, TUN interface[uesimtun16, 10.60.0.21] is up.
[2023-01-10 08:46:16.925] [nas] [debug] Sending PDU Session Establishment Request
[2023-01-10 08:46:17.128] [nas] [error] No response from RRC from UAC checks, considering access attempt is barred
[2023-01-10 08:46:17.350] [nas] [debug] Sending PDU Session Establishment Request
[2023-01-10 08:46:17.451] [nas] [error] No response from RRC from UAC checks, considering access attempt is barred
[2023-01-10 08:46:17.644] [nas] [debug] De-registration required due to [NORMAL]
[2023-01-10 08:46:17.655] [nas] [debug] Starting de-registration procedure due to [NORMAL]
[2023-01-10 08:46:17.655] [nas] [debug] Performing local release of PDU session[1]
[2023-01-10 08:46:17.655] [nas] [info] UE switches to state [MM-DEREGISTER-INITIATED]
[2023-01-10 08:46:18.108] [rrc] [debug] Signal lost for cell[1], total [0] cells in coverage
[2023-01-10 08:46:18.108] [nas] [error] Radio link failure detected
[2023-01-10 08:46:18.108] [nas] [info] UE switches to state [CM-IDLE]
[2023-01-10 08:46:18.108] [nas] [info] UE switches to state [MM-DEREGISTERED/PS]
[2023-01-10 08:46:18.108] [nas] [info] UE switches to state [MM-DEREGISTERED/PLMN-SEARCH]
[2023-01-10 08:46:18.108] [nas] [error] PLMN selection failure, no cells in coverage
[2023-01-10 08:46:19.651] [rrc] [warning] Acceptable cell selection failed, no cell is in coverage
[2023-01-10 08:46:19.651] [rrc] [error] Cell selection failure, no suitable or acceptable cell found
[2023-01-10 08:46:20.764] [nas] [error] PLMN selection failure, no cells in coverage
[2023-01-10 08:46:22.967] [nas] [error] PLMN selection failure, no cells in coverage
[2023-01-10 08:46:24.068] [nas] [info] UE switches to state [MM-DEREGISTERED/NO-CELL-AVAILABLE]
[2023-01-10 08:46:33.756] [nas] [warning] Retransmitting PDU Session Establishment Request due to T3580 expiry
[2023-01-10 08:46:33.756] [nas] [error] UAC access attempt is barred for identity[0], category[MO_sig]
[2023-01-10 08:46:33.756] [nas] [warning] Retransmitting PDU Session Establishment Request due to T3580 expiry
[2023-01-10 08:46:33.757] [nas] [error] UAC access attempt is barred for identity[0], category[MO_sig]
[2023-01-10 08:46:49.663] [rrc] [warning] Acceptable cell selection failed, no cell is in coverage
[2023-01-10 08:46:49.663] [rrc] [error] Cell selection failure, no suitable or acceptable cell found
[2023-01-10 08:46:49.773] [nas] [warning] Retransmitting PDU Session Establishment Request due to T3580 expiry
[2023-01-10 08:46:49.773] [nas] [error] UAC access attempt is barred for identity[0], category[MO_sig]
[2023-01-10 08:46:49.773] [nas] [warning] Retransmitting PDU Session Establishment Request due to T3580 expiry
[2023-01-10 08:46:49.773] [nas] [error] UAC access attempt is barred for identity[0], category[MO_sig]
[2023-01-10 08:46:53.795] [nas] [error] PLMN selection failure, no cells in coverage
[2023-01-10 08:47:05.792] [nas] [warning] Retransmitting PDU Session Establishment Request due to T3580 expiry
[2023-01-10 08:47:05.796] [nas] [error] UAC access attempt is barred for identity[0], category[MO_sig]
[2023-01-10 08:47:05.796] [nas] [warning] Retransmitting PDU Session Establishment Request due to T3580 expiry
[2023-01-10 08:47:05.796] [nas] [error] UAC access attempt is barred for identity[0], category[MO_sig]
[2023-01-10 08:47:19.675] [rrc] [warning] Acceptable cell selection failed, no cell is in coverage
[2023-01-10 08:47:19.675] [rrc] [error] Cell selection failure, no suitable or acceptable cell found
[2023-01-10 08:47:21.808] [nas] [warning] Retransmitting PDU Session Establishment Request due to T3580 expiry
[2023-01-10 08:47:21.810] [nas] [error] UAC access attempt is barred for identity[0], category[MO_sig]
[2023-01-10 08:47:21.810] [nas] [warning] Retransmitting PDU Session Establishment Request due to T3580 expiry
[2023-01-10 08:47:21.810] [nas] [error] UAC access attempt is barred for identity[0], category[MO_sig]
[2023-01-10 08:47:24.623] [nas] [error] PLMN selection failure, no cells in coverage
[2023-01-10 08:47:37.829] [nas] [error] PDU Session Establishment procedure failure, no response from the network after 5 attempts
[2023-01-10 08:47:37.829] [nas] [debug] Aborting SM procedure for PTI[1], PSI[2]
[2023-01-10 08:47:37.829] [nas] [error] PDU Session Establishment procedure failure, no response from the network after 5 attempts
[2023-01-10 08:47:37.829] [nas] [debug] Aborting SM procedure for PTI[2], PSI[3]
[2023-01-10 08:47:49.687] [rrc] [warning] Acceptable cell selection failed, no cell is in coverage
[2023-01-10 08:47:49.687] [rrc] [error] Cell selection failure, no suitable or acceptable cell found
[2023-01-10 08:47:55.451] [nas] [error] PLMN selection failure, no cells in coverage
[2023-01-10 08:48:17.981] [nas] [debug] De-registration required due to [NORMAL]
[2023-01-10 08:48:19.699] [rrc] [warning] Acceptable cell selection failed, no cell is in coverage
[2023-01-10 08:48:19.699] [rrc] [error] Cell selection failure, no suitable or acceptable cell found
[2023-01-10 08:48:26.279] [nas] [error] PLMN selection failure, no cells in coverage
[2023-01-10 08:48:49.712] [rrc] [warning] Acceptable cell selection failed, no cell is in coverage
[2023-01-10 08:48:49.712] [rrc] [error] Cell selection failure, no suitable or acceptable cell found
[2023-01-10 08:48:57.107] [nas] [error] PLMN selection failure, no cells in coverage
[2023-01-10 08:49:19.724] [rrc] [warning] Acceptable cell selection failed, no cell is in coverage
[2023-01-10 08:49:19.724] [rrc] [error] Cell selection failure, no suitable or acceptable cell found
[2023-01-10 08:49:27.942] [nas] [error] PLMN selection failure, no cells in coverage
[2023-01-10 08:49:49.736] [rrc] [warning] Acceptable cell selection failed, no cell is in coverage
[2023-01-10 08:49:49.736] [rrc] [error] Cell selection failure, no suitable or acceptable cell found
[2023-01-10 08:49:58.770] [nas] [error] PLMN selection failure, no cells in coverage
[2023-01-10 08:50:19.748] [rrc] [warning] Acceptable cell selection failed, no cell is in coverage
[2023-01-10 08:50:19.748] [rrc] [error] Cell selection failure, no suitable or acceptable cell found
[2023-01-10 08:50:29.599] [nas] [error] PLMN selection failure, no cells in coverage
[2023-01-10 08:50:49.760] [rrc] [warning] Acceptable cell selection failed, no cell is in coverage
[2023-01-10 08:50:49.760] [rrc] [error] Cell selection failure, no suitable or acceptable cell found
[2023-01-10 08:51:00.427] [nas] [error] PLMN selection failure, no cells in coverage
[2023-01-10 08:51:19.772] [rrc] [warning] Acceptable cell selection failed, no cell is in coverage
[2023-01-10 08:51:19.772] [rrc] [error] Cell selection failure, no suitable or acceptable cell found
[2023-01-10 08:51:31.255] [nas] [error] PLMN selection failure, no cells in coverage
[2023-01-10 08:51:49.784] [rrc] [warning] Acceptable cell selection failed, no cell is in coverage
[2023-01-10 08:51:49.784] [rrc] [error] Cell selection failure, no suitable or acceptable cell found
[2023-01-10 08:52:02.083] [nas] [error] PLMN selection failure, no cells in coverage
[2023-01-10 08:52:19.797] [rrc] [warning] Acceptable cell selection failed, no cell is in coverage
[2023-01-10 08:52:19.797] [rrc] [error] Cell selection failure, no suitable or acceptable cell found
[2023-01-10 08:52:32.911] [nas] [error] PLMN selection failure, no cells in coverage
[2023-01-10 08:52:49.809] [rrc] [warning] Acceptable cell selection failed, no cell is in coverage
[2023-01-10 08:52:49.809] [rrc] [error] Cell selection failure, no suitable or acceptable cell found
[2023-01-10 08:53:03.740] [nas] [error] PLMN selection failure, no cells in coverage
[2023-01-10 08:53:19.821] [rrc] [warning] Acceptable cell selection failed, no cell is in coverage
[2023-01-10 08:53:19.821] [rrc] [error] Cell selection failure, no suitable or acceptable cell found
[2023-01-10 08:53:34.570] [nas] [error] PLMN selection failure, no cells in coverage
[2023-01-10 08:53:49.833] [rrc] [warning] Acceptable cell selection failed, no cell is in coverage
[2023-01-10 08:53:49.833] [rrc] [error] Cell selection failure, no suitable or acceptable cell found
[2023-01-10 08:54:05.399] [nas] [error] PLMN selection failure, no cells in coverage
[2023-01-10 08:54:19.845] [rrc] [warning] Acceptable cell selection failed, no cell is in coverage
[2023-01-10 08:54:19.845] [rrc] [error] Cell selection failure, no suitable or acceptable cell found
[2023-01-10 08:54:36.227] [nas] [error] PLMN selection failure, no cells in coverage
[2023-01-10 08:54:49.858] [rrc] [warning] Acceptable cell selection failed, no cell is in coverage
[2023-01-10 08:54:49.858] [rrc] [error] Cell selection failure, no suitable or acceptable cell found
[2023-01-10 08:55:07.055] [nas] [error] PLMN selection failure, no cells in coverage
[2023-01-10 08:55:19.870] [rrc] [warning] Acceptable cell selection failed, no cell is in coverage
[2023-01-10 08:55:19.870] [rrc] [error] Cell selection failure, no suitable or acceptable cell found
[2023-01-10 08:55:37.883] [nas] [error] PLMN selection failure, no cells in coverage
[2023-01-10 08:55:49.882] [rrc] [warning] Acceptable cell selection failed, no cell is in coverage
[2023-01-10 08:55:49.882] [rrc] [error] Cell selection failure, no suitable or acceptable cell found
[2023-01-10 08:56:08.711] [nas] [error] PLMN selection failure, no cells in coverage
[2023-01-10 08:56:19.894] [rrc] [warning] Acceptable cell selection failed, no cell is in coverage
[2023-01-10 08:56:19.894] [rrc] [error] Cell selection failure, no suitable or acceptable cell found
[2023-01-10 08:56:39.539] [nas] [error] PLMN selection failure, no cells in coverage
[2023-01-10 08:56:49.906] [rrc] [warning] Acceptable cell selection failed, no cell is in coverage
[2023-01-10 08:56:49.906] [rrc] [error] Cell selection failure, no suitable or acceptable cell found
[2023-01-10 08:57:10.367] [nas] [error] PLMN selection failure, no cells in coverage
[2023-01-10 08:57:19.918] [rrc] [warning] Acceptable cell selection failed, no cell is in coverage
[2023-01-10 08:57:19.918] [rrc] [error] Cell selection failure, no suitable or acceptable cell found
[2023-01-10 08:57:41.196] [nas] [error] PLMN selection failure, no cells in coverage
[2023-01-10 08:57:49.930] [rrc] [warning] Acceptable cell selection failed, no cell is in coverage
[2023-01-10 08:57:49.930] [rrc] [error] Cell selection failure, no suitable or acceptable cell found
[2023-01-10 08:58:12.024] [nas] [error] PLMN selection failure, no cells in coverage
[2023-01-10 08:58:19.942] [rrc] [warning] Acceptable cell selection failed, no cell is in coverage
[2023-01-10 08:58:19.942] [rrc] [error] Cell selection failure, no suitable or acceptable cell found
[2023-01-10 08:58:42.852] [nas] [error] PLMN selection failure, no cells in coverage
[2023-01-10 08:58:49.954] [rrc] [warning] Acceptable cell selection failed, no cell is in coverage
[2023-01-10 08:58:49.954] [rrc] [error] Cell selection failure, no suitable or acceptable cell found
[2023-01-10 08:59:13.680] [nas] [error] PLMN selection failure, no cells in coverage
[2023-01-10 08:59:19.966] [rrc] [warning] Acceptable cell selection failed, no cell is in coverage
[2023-01-10 08:59:19.966] [rrc] [error] Cell selection failure, no suitable or acceptable cell found
[2023-01-10 08:59:44.508] [nas] [error] PLMN selection failure, no cells in coverage
[2023-01-10 08:59:49.978] [rrc] [warning] Acceptable cell selection failed, no cell is in coverage
[2023-01-10 08:59:49.978] [rrc] [error] Cell selection failure, no suitable or acceptable cell found
[2023-01-10 09:00:15.336] [nas] [error] PLMN selection failure, no cells in coverage
[2023-01-10 09:00:19.990] [rrc] [warning] Acceptable cell selection failed, no cell is in coverage
[2023-01-10 09:00:19.990] [rrc] [error] Cell selection failure, no suitable or acceptable cell found
[2023-01-10 09:00:46.164] [nas] [error] PLMN selection failure, no cells in coverage
[2023-01-10 09:00:50.002] [rrc] [warning] Acceptable cell selection failed, no cell is in coverage
[2023-01-10 09:00:50.002] [rrc] [error] Cell selection failure, no suitable or acceptable cell found
[2023-01-10 09:01:16.992] [nas] [error] PLMN selection failure, no cells in coverage
[2023-01-10 09:01:20.014] [rrc] [warning] Acceptable cell selection failed, no cell is in coverage
[2023-01-10 09:01:20.014] [rrc] [error] Cell selection failure, no suitable or acceptable cell found
[2023-01-10 09:01:47.820] [nas] [error] PLMN selection failure, no cells in coverage
[2023-01-10 09:01:50.027] [rrc] [warning] Acceptable cell selection failed, no cell is in coverage
[2023-01-10 09:01:50.027] [rrc] [error] Cell selection failure, no suitable or acceptable cell found
[2023-01-10 09:02:18.649] [nas] [error] PLMN selection failure, no cells in coverage
[2023-01-10 09:02:20.039] [rrc] [warning] Acceptable cell selection failed, no cell is in coverage
[2023-01-10 09:02:20.039] [rrc] [error] Cell selection failure, no suitable or acceptable cell found
[2023-01-10 09:02:49.478] [nas] [error] PLMN selection failure, no cells in coverage
[2023-01-10 09:02:50.051] [rrc] [warning] Acceptable cell selection failed, no cell is in coverage
[2023-01-10 09:02:50.051] [rrc] [error] Cell selection failure, no suitable or acceptable cell found
[2023-01-10 09:03:20.063] [rrc] [warning] Acceptable cell selection failed, no cell is in coverage
[2023-01-10 09:03:20.063] [rrc] [error] Cell selection failure, no suitable or acceptable cell found
[2023-01-10 09:03:20.306] [nas] [error] PLMN selection failure, no cells in coverage
[2023-01-10 09:03:50.076] [rrc] [warning] Acceptable cell selection failed, no cell is in coverage
[2023-01-10 09:03:50.076] [rrc] [error] Cell selection failure, no suitable or acceptable cell found
[2023-01-10 09:03:51.134] [nas] [error] PLMN selection failure, no cells in coverage
[2023-01-10 09:04:20.088] [rrc] [warning] Acceptable cell selection failed, no cell is in coverage
[2023-01-10 09:04:20.088] [rrc] [error] Cell selection failure, no suitable or acceptable cell found
[2023-01-10 09:04:21.963] [nas] [error] PLMN selection failure, no cells in coverage
[2023-01-10 09:04:50.101] [rrc] [warning] Acceptable cell selection failed, no cell is in coverage
[2023-01-10 09:04:50.101] [rrc] [error] Cell selection failure, no suitable or acceptable cell found
[2023-01-10 09:04:52.791] [nas] [error] PLMN selection failure, no cells in coverage
[2023-01-10 09:05:20.113] [rrc] [warning] Acceptable cell selection failed, no cell is in coverage
[2023-01-10 09:05:20.113] [rrc] [error] Cell selection failure, no suitable or acceptable cell found
[2023-01-10 09:05:23.619] [nas] [error] PLMN selection failure, no cells in coverage
[2023-01-10 09:05:50.125] [rrc] [warning] Acceptable cell selection failed, no cell is in coverage
[2023-01-10 09:05:50.125] [rrc] [error] Cell selection failure, no suitable or acceptable cell found
[2023-01-10 09:05:54.447] [nas] [error] PLMN selection failure, no cells in coverage
[2023-01-10 09:06:20.137] [rrc] [warning] Acceptable cell selection failed, no cell is in coverage
[2023-01-10 09:06:20.137] [rrc] [error] Cell selection failure, no suitable or acceptable cell found
[2023-01-10 09:06:25.275] [nas] [error] PLMN selection failure, no cells in coverage
[2023-01-10 09:06:50.149] [rrc] [warning] Acceptable cell selection failed, no cell is in coverage
[2023-01-10 09:06:50.149] [rrc] [error] Cell selection failure, no suitable or acceptable cell found
