UERANSIM v3.2.6
[2023-01-10 08:45:12.667] [rrc] [debug] New signal detected for cell[1], total [1] cells in coverage
[2023-01-10 08:45:12.668] [nas] [info] UE switches to state [MM-DEREGISTERED/PLMN-SEARCH]
[2023-01-10 08:45:12.668] [nas] [info] Selected plmn[208/93]
[2023-01-10 08:45:15.164] [rrc] [info] Selected cell plmn[208/93] tac[1] category[SUITABLE]
[2023-01-10 08:45:15.164] [nas] [info] UE switches to state [MM-DEREGISTERED/PS]
[2023-01-10 08:45:15.164] [nas] [info] UE switches to state [MM-DEREGISTERED/NORMAL-SERVICE]
[2023-01-10 08:45:15.164] [nas] [debug] Initial registration required due to [MM-DEREG-NORMAL-SERVICE]
[2023-01-10 08:45:15.164] [nas] [debug] UAC access attempt is allowed for identity[0], category[MO_sig]
[2023-01-10 08:45:15.164] [nas] [debug] Sending Initial Registration
[2023-01-10 08:45:15.164] [nas] [info] UE switches to state [MM-REGISTER-INITIATED]
[2023-01-10 08:45:15.164] [rrc] [debug] Sending RRC Setup Request
[2023-01-10 08:45:15.165] [rrc] [info] RRC connection established
[2023-01-10 08:45:15.165] [rrc] [info] UE switches to state [RRC-CONNECTED]
[2023-01-10 08:45:15.165] [nas] [info] UE switches to state [CM-CONNECTED]
[2023-01-10 08:45:15.202] [nas] [debug] Authentication Request received
[2023-01-10 08:45:15.202] [nas] [debug] Sending Authentication Failure due to SQN out of range
[2023-01-10 08:45:15.216] [nas] [debug] Authentication Request received
[2023-01-10 08:45:15.224] [nas] [debug] Security Mode Command received
[2023-01-10 08:45:15.224] [nas] [debug] Selected integrity[2] ciphering[0]
[2023-01-10 08:45:15.249] [nas] [debug] Registration accept received
[2023-01-10 08:45:15.249] [nas] [info] UE switches to state [MM-REGISTERED/NORMAL-SERVICE]
[2023-01-10 08:45:15.249] [nas] [debug] Sending Registration Complete
[2023-01-10 08:45:15.249] [nas] [info] Initial Registration is successful
[2023-01-10 08:45:15.249] [nas] [debug] Sending PDU Session Establishment Request
[2023-01-10 08:45:15.249] [nas] [debug] UAC access attempt is allowed for identity[0], category[MO_sig]
[2023-01-10 08:45:15.491] [nas] [debug] PDU Session Establishment Accept received
[2023-01-10 08:45:15.491] [nas] [info] PDU Session establishment is successful PSI[1]
[2023-01-10 08:45:15.512] [app] [info] Connection setup for PDU session[1] is successful, TUN interface[uesimtun70, 10.60.0.75] is up.
[2023-01-10 08:46:17.347] [nas] [debug] Sending PDU Session Release Request for PSI[1]
[2023-01-10 08:46:17.479] [nas] [debug] Sending PDU Session Establishment Request
[2023-01-10 08:46:17.599] [nas] [error] No response from RRC from UAC checks, considering access attempt is barred
[2023-01-10 08:46:17.835] [nas] [debug] De-registration required due to [NORMAL]
[2023-01-10 08:46:17.845] [nas] [debug] Starting de-registration procedure due to [NORMAL]
[2023-01-10 08:46:17.845] [nas] [debug] Performing local release of PDU session[1]
[2023-01-10 08:46:17.845] [nas] [info] UE switches to state [MM-DEREGISTER-INITIATED]
[2023-01-10 08:46:18.318] [rrc] [debug] Signal lost for cell[1], total [0] cells in coverage
[2023-01-10 08:46:18.319] [nas] [error] Radio link failure detected
[2023-01-10 08:46:18.319] [nas] [info] UE switches to state [CM-IDLE]
[2023-01-10 08:46:18.319] [nas] [info] UE switches to state [MM-DEREGISTERED/PS]
[2023-01-10 08:46:18.319] [nas] [info] UE switches to state [MM-DEREGISTERED/PLMN-SEARCH]
[2023-01-10 08:46:18.319] [nas] [error] PLMN selection failure, no cells in coverage
[2023-01-10 08:46:20.191] [rrc] [warning] Acceptable cell selection failed, no cell is in coverage
[2023-01-10 08:46:20.195] [rrc] [error] Cell selection failure, no suitable or acceptable cell found
[2023-01-10 08:46:20.927] [nas] [error] PLMN selection failure, no cells in coverage
[2023-01-10 08:46:23.129] [nas] [error] PLMN selection failure, no cells in coverage
[2023-01-10 08:46:24.230] [nas] [info] UE switches to state [MM-DEREGISTERED/NO-CELL-AVAILABLE]
[2023-01-10 08:46:33.746] [nas] [warning] Retransmitting PDU Session Release Request due to T3582 expiry
[2023-01-10 08:46:33.746] [nas] [debug] NAS Transport aborted, no active cell
[2023-01-10 08:46:33.746] [nas] [warning] Retransmitting PDU Session Establishment Request due to T3580 expiry
[2023-01-10 08:46:33.749] [nas] [error] UAC access attempt is barred for identity[0], category[MO_sig]
[2023-01-10 08:46:49.762] [nas] [warning] Retransmitting PDU Session Release Request due to T3582 expiry
[2023-01-10 08:46:49.762] [nas] [debug] NAS Transport aborted, no active cell
[2023-01-10 08:46:49.762] [nas] [warning] Retransmitting PDU Session Establishment Request due to T3580 expiry
[2023-01-10 08:46:49.762] [nas] [error] UAC access attempt is barred for identity[0], category[MO_sig]
[2023-01-10 08:46:50.203] [rrc] [warning] Acceptable cell selection failed, no cell is in coverage
[2023-01-10 08:46:50.203] [rrc] [error] Cell selection failure, no suitable or acceptable cell found
[2023-01-10 08:46:53.957] [nas] [error] PLMN selection failure, no cells in coverage
[2023-01-10 08:47:05.779] [nas] [warning] Retransmitting PDU Session Release Request due to T3582 expiry
[2023-01-10 08:47:05.779] [nas] [debug] NAS Transport aborted, no active cell
[2023-01-10 08:47:05.779] [nas] [warning] Retransmitting PDU Session Establishment Request due to T3580 expiry
[2023-01-10 08:47:05.782] [nas] [error] UAC access attempt is barred for identity[0], category[MO_sig]
[2023-01-10 08:47:20.215] [rrc] [warning] Acceptable cell selection failed, no cell is in coverage
[2023-01-10 08:47:20.215] [rrc] [error] Cell selection failure, no suitable or acceptable cell found
[2023-01-10 08:47:21.795] [nas] [warning] Retransmitting PDU Session Release Request due to T3582 expiry
[2023-01-10 08:47:21.795] [nas] [debug] NAS Transport aborted, no active cell
[2023-01-10 08:47:21.795] [nas] [warning] Retransmitting PDU Session Establishment Request due to T3580 expiry
[2023-01-10 08:47:21.797] [nas] [error] UAC access attempt is barred for identity[0], category[MO_sig]
[2023-01-10 08:47:24.786] [nas] [error] PLMN selection failure, no cells in coverage
[2023-01-10 08:47:37.812] [nas] [error] PDU Session Release procedure failure, no response from the network after 5 attempts
[2023-01-10 08:47:37.812] [nas] [debug] Aborting SM procedure for PTI[1], PSI[1]
[2023-01-10 08:47:37.812] [nas] [debug] Performing local release of PDU session[1]
[2023-01-10 08:47:37.812] [nas] [debug] Mobility registration updating required due to [PS-STATUS-INFORM]
[2023-01-10 08:47:37.812] [nas] [error] PDU Session Establishment procedure failure, no response from the network after 5 attempts
[2023-01-10 08:47:37.812] [nas] [debug] Aborting SM procedure for PTI[2], PSI[2]
[2023-01-10 08:47:50.227] [rrc] [warning] Acceptable cell selection failed, no cell is in coverage
[2023-01-10 08:47:50.227] [rrc] [error] Cell selection failure, no suitable or acceptable cell found
[2023-01-10 08:47:55.614] [nas] [error] PLMN selection failure, no cells in coverage
[2023-01-10 08:48:18.058] [nas] [debug] De-registration required due to [NORMAL]
[2023-01-10 08:48:20.239] [rrc] [warning] Acceptable cell selection failed, no cell is in coverage
[2023-01-10 08:48:20.239] [rrc] [error] Cell selection failure, no suitable or acceptable cell found
[2023-01-10 08:48:26.442] [nas] [error] PLMN selection failure, no cells in coverage
[2023-01-10 08:48:50.251] [rrc] [warning] Acceptable cell selection failed, no cell is in coverage
[2023-01-10 08:48:50.251] [rrc] [error] Cell selection failure, no suitable or acceptable cell found
[2023-01-10 08:48:57.270] [nas] [error] PLMN selection failure, no cells in coverage
[2023-01-10 08:49:20.263] [rrc] [warning] Acceptable cell selection failed, no cell is in coverage
[2023-01-10 08:49:20.263] [rrc] [error] Cell selection failure, no suitable or acceptable cell found
[2023-01-10 08:49:28.098] [nas] [error] PLMN selection failure, no cells in coverage
[2023-01-10 08:49:50.275] [rrc] [warning] Acceptable cell selection failed, no cell is in coverage
[2023-01-10 08:49:50.275] [rrc] [error] Cell selection failure, no suitable or acceptable cell found
[2023-01-10 08:49:58.926] [nas] [error] PLMN selection failure, no cells in coverage
[2023-01-10 08:50:20.287] [rrc] [warning] Acceptable cell selection failed, no cell is in coverage
[2023-01-10 08:50:20.287] [rrc] [error] Cell selection failure, no suitable or acceptable cell found
[2023-01-10 08:50:29.754] [nas] [error] PLMN selection failure, no cells in coverage
[2023-01-10 08:50:50.299] [rrc] [warning] Acceptable cell selection failed, no cell is in coverage
[2023-01-10 08:50:50.299] [rrc] [error] Cell selection failure, no suitable or acceptable cell found
[2023-01-10 08:51:00.583] [nas] [error] PLMN selection failure, no cells in coverage
[2023-01-10 08:51:20.311] [rrc] [warning] Acceptable cell selection failed, no cell is in coverage
[2023-01-10 08:51:20.311] [rrc] [error] Cell selection failure, no suitable or acceptable cell found
[2023-01-10 08:51:31.411] [nas] [error] PLMN selection failure, no cells in coverage
[2023-01-10 08:51:50.323] [rrc] [warning] Acceptable cell selection failed, no cell is in coverage
[2023-01-10 08:51:50.323] [rrc] [error] Cell selection failure, no suitable or acceptable cell found
[2023-01-10 08:52:02.239] [nas] [error] PLMN selection failure, no cells in coverage
[2023-01-10 08:52:20.335] [rrc] [warning] Acceptable cell selection failed, no cell is in coverage
[2023-01-10 08:52:20.335] [rrc] [error] Cell selection failure, no suitable or acceptable cell found
[2023-01-10 08:52:33.067] [nas] [error] PLMN selection failure, no cells in coverage
[2023-01-10 08:52:50.347] [rrc] [warning] Acceptable cell selection failed, no cell is in coverage
[2023-01-10 08:52:50.347] [rrc] [error] Cell selection failure, no suitable or acceptable cell found
[2023-01-10 08:53:03.896] [nas] [error] PLMN selection failure, no cells in coverage
[2023-01-10 08:53:20.359] [rrc] [warning] Acceptable cell selection failed, no cell is in coverage
[2023-01-10 08:53:20.359] [rrc] [error] Cell selection failure, no suitable or acceptable cell found
[2023-01-10 08:53:34.724] [nas] [error] PLMN selection failure, no cells in coverage
[2023-01-10 08:53:50.371] [rrc] [warning] Acceptable cell selection failed, no cell is in coverage
[2023-01-10 08:53:50.371] [rrc] [error] Cell selection failure, no suitable or acceptable cell found
[2023-01-10 08:54:05.552] [nas] [error] PLMN selection failure, no cells in coverage
[2023-01-10 08:54:20.383] [rrc] [warning] Acceptable cell selection failed, no cell is in coverage
[2023-01-10 08:54:20.383] [rrc] [error] Cell selection failure, no suitable or acceptable cell found
[2023-01-10 08:54:36.380] [nas] [error] PLMN selection failure, no cells in coverage
[2023-01-10 08:54:50.395] [rrc] [warning] Acceptable cell selection failed, no cell is in coverage
[2023-01-10 08:54:50.395] [rrc] [error] Cell selection failure, no suitable or acceptable cell found
[2023-01-10 08:55:07.208] [nas] [error] PLMN selection failure, no cells in coverage
[2023-01-10 08:55:20.407] [rrc] [warning] Acceptable cell selection failed, no cell is in coverage
[2023-01-10 08:55:20.407] [rrc] [error] Cell selection failure, no suitable or acceptable cell found
[2023-01-10 08:55:38.037] [nas] [error] PLMN selection failure, no cells in coverage
[2023-01-10 08:55:50.419] [rrc] [warning] Acceptable cell selection failed, no cell is in coverage
[2023-01-10 08:55:50.419] [rrc] [error] Cell selection failure, no suitable or acceptable cell found
[2023-01-10 08:56:08.865] [nas] [error] PLMN selection failure, no cells in coverage
[2023-01-10 08:56:20.431] [rrc] [warning] Acceptable cell selection failed, no cell is in coverage
[2023-01-10 08:56:20.431] [rrc] [error] Cell selection failure, no suitable or acceptable cell found
[2023-01-10 08:56:39.693] [nas] [error] PLMN selection failure, no cells in coverage
[2023-01-10 08:56:50.443] [rrc] [warning] Acceptable cell selection failed, no cell is in coverage
[2023-01-10 08:56:50.443] [rrc] [error] Cell selection failure, no suitable or acceptable cell found
[2023-01-10 08:57:10.521] [nas] [error] PLMN selection failure, no cells in coverage
[2023-01-10 08:57:20.455] [rrc] [warning] Acceptable cell selection failed, no cell is in coverage
[2023-01-10 08:57:20.455] [rrc] [error] Cell selection failure, no suitable or acceptable cell found
[2023-01-10 08:57:41.349] [nas] [error] PLMN selection failure, no cells in coverage
[2023-01-10 08:57:50.467] [rrc] [warning] Acceptable cell selection failed, no cell is in coverage
[2023-01-10 08:57:50.467] [rrc] [error] Cell selection failure, no suitable or acceptable cell found
[2023-01-10 08:58:12.177] [nas] [error] PLMN selection failure, no cells in coverage
[2023-01-10 08:58:20.479] [rrc] [warning] Acceptable cell selection failed, no cell is in coverage
[2023-01-10 08:58:20.479] [rrc] [error] Cell selection failure, no suitable or acceptable cell found
[2023-01-10 08:58:43.006] [nas] [error] PLMN selection failure, no cells in coverage
[2023-01-10 08:58:50.491] [rrc] [warning] Acceptable cell selection failed, no cell is in coverage
[2023-01-10 08:58:50.491] [rrc] [error] Cell selection failure, no suitable or acceptable cell found
[2023-01-10 08:59:13.834] [nas] [error] PLMN selection failure, no cells in coverage
[2023-01-10 08:59:20.503] [rrc] [warning] Acceptable cell selection failed, no cell is in coverage
[2023-01-10 08:59:20.503] [rrc] [error] Cell selection failure, no suitable or acceptable cell found
[2023-01-10 08:59:44.663] [nas] [error] PLMN selection failure, no cells in coverage
[2023-01-10 08:59:50.515] [rrc] [warning] Acceptable cell selection failed, no cell is in coverage
[2023-01-10 08:59:50.515] [rrc] [error] Cell selection failure, no suitable or acceptable cell found
[2023-01-10 09:00:15.491] [nas] [error] PLMN selection failure, no cells in coverage
[2023-01-10 09:00:20.527] [rrc] [warning] Acceptable cell selection failed, no cell is in coverage
[2023-01-10 09:00:20.527] [rrc] [error] Cell selection failure, no suitable or acceptable cell found
[2023-01-10 09:00:46.319] [nas] [error] PLMN selection failure, no cells in coverage
[2023-01-10 09:00:50.539] [rrc] [warning] Acceptable cell selection failed, no cell is in coverage
[2023-01-10 09:00:50.539] [rrc] [error] Cell selection failure, no suitable or acceptable cell found
[2023-01-10 09:01:17.147] [nas] [error] PLMN selection failure, no cells in coverage
[2023-01-10 09:01:20.551] [rrc] [warning] Acceptable cell selection failed, no cell is in coverage
[2023-01-10 09:01:20.551] [rrc] [error] Cell selection failure, no suitable or acceptable cell found
[2023-01-10 09:01:47.975] [nas] [error] PLMN selection failure, no cells in coverage
[2023-01-10 09:01:50.563] [rrc] [warning] Acceptable cell selection failed, no cell is in coverage
[2023-01-10 09:01:50.563] [rrc] [error] Cell selection failure, no suitable or acceptable cell found
[2023-01-10 09:02:18.803] [nas] [error] PLMN selection failure, no cells in coverage
[2023-01-10 09:02:20.575] [rrc] [warning] Acceptable cell selection failed, no cell is in coverage
[2023-01-10 09:02:20.575] [rrc] [error] Cell selection failure, no suitable or acceptable cell found
[2023-01-10 09:02:49.631] [nas] [error] PLMN selection failure, no cells in coverage
[2023-01-10 09:02:50.587] [rrc] [warning] Acceptable cell selection failed, no cell is in coverage
[2023-01-10 09:02:50.588] [rrc] [error] Cell selection failure, no suitable or acceptable cell found
[2023-01-10 09:03:20.459] [nas] [error] PLMN selection failure, no cells in coverage
[2023-01-10 09:03:20.599] [rrc] [warning] Acceptable cell selection failed, no cell is in coverage
[2023-01-10 09:03:20.599] [rrc] [error] Cell selection failure, no suitable or acceptable cell found
[2023-01-10 09:03:50.611] [rrc] [warning] Acceptable cell selection failed, no cell is in coverage
[2023-01-10 09:03:50.611] [rrc] [error] Cell selection failure, no suitable or acceptable cell found
[2023-01-10 09:03:51.287] [nas] [error] PLMN selection failure, no cells in coverage
[2023-01-10 09:04:20.623] [rrc] [warning] Acceptable cell selection failed, no cell is in coverage
[2023-01-10 09:04:20.623] [rrc] [error] Cell selection failure, no suitable or acceptable cell found
[2023-01-10 09:04:22.115] [nas] [error] PLMN selection failure, no cells in coverage
[2023-01-10 09:04:50.635] [rrc] [warning] Acceptable cell selection failed, no cell is in coverage
[2023-01-10 09:04:50.635] [rrc] [error] Cell selection failure, no suitable or acceptable cell found
[2023-01-10 09:04:52.943] [nas] [error] PLMN selection failure, no cells in coverage
[2023-01-10 09:05:20.647] [rrc] [warning] Acceptable cell selection failed, no cell is in coverage
[2023-01-10 09:05:20.647] [rrc] [error] Cell selection failure, no suitable or acceptable cell found
[2023-01-10 09:05:23.771] [nas] [error] PLMN selection failure, no cells in coverage
[2023-01-10 09:05:50.659] [rrc] [warning] Acceptable cell selection failed, no cell is in coverage
[2023-01-10 09:05:50.659] [rrc] [error] Cell selection failure, no suitable or acceptable cell found
[2023-01-10 09:05:54.599] [nas] [error] PLMN selection failure, no cells in coverage
[2023-01-10 09:06:20.671] [rrc] [warning] Acceptable cell selection failed, no cell is in coverage
[2023-01-10 09:06:20.671] [rrc] [error] Cell selection failure, no suitable or acceptable cell found
[2023-01-10 09:06:25.427] [nas] [error] PLMN selection failure, no cells in coverage
[2023-01-10 09:06:50.684] [rrc] [warning] Acceptable cell selection failed, no cell is in coverage
[2023-01-10 09:06:50.684] [rrc] [error] Cell selection failure, no suitable or acceptable cell found
