UERANSIM v3.2.6
[2023-01-10 08:43:50.580] [nas] [info] UE switches to state [MM-DEREGISTERED/PLMN-SEARCH]
[2023-01-10 08:43:50.580] [rrc] [debug] New signal detected for cell[1], total [1] cells in coverage
[2023-01-10 08:43:50.582] [nas] [info] Selected plmn[208/93]
[2023-01-10 08:43:53.081] [rrc] [info] Selected cell plmn[208/93] tac[1] category[SUITABLE]
[2023-01-10 08:43:53.081] [nas] [info] UE switches to state [MM-DEREGISTERED/PS]
[2023-01-10 08:43:53.081] [nas] [info] UE switches to state [MM-DEREGISTERED/NORMAL-SERVICE]
[2023-01-10 08:43:53.081] [nas] [debug] Initial registration required due to [MM-DEREG-NORMAL-SERVICE]
[2023-01-10 08:43:53.081] [nas] [debug] UAC access attempt is allowed for identity[0], category[MO_sig]
[2023-01-10 08:43:53.081] [nas] [debug] Sending Initial Registration
[2023-01-10 08:43:53.081] [nas] [info] UE switches to state [MM-REGISTER-INITIATED]
[2023-01-10 08:43:53.081] [rrc] [debug] Sending RRC Setup Request
[2023-01-10 08:43:53.082] [rrc] [info] RRC connection established
[2023-01-10 08:43:53.082] [rrc] [info] UE switches to state [RRC-CONNECTED]
[2023-01-10 08:43:53.082] [nas] [info] UE switches to state [CM-CONNECTED]
[2023-01-10 08:43:53.112] [nas] [debug] Authentication Request received
[2023-01-10 08:43:53.112] [nas] [debug] Sending Authentication Failure due to SQN out of range
[2023-01-10 08:43:53.123] [nas] [debug] Authentication Request received
[2023-01-10 08:43:53.129] [nas] [debug] Security Mode Command received
[2023-01-10 08:43:53.129] [nas] [debug] Selected integrity[2] ciphering[0]
[2023-01-10 08:43:53.156] [nas] [debug] Registration accept received
[2023-01-10 08:43:53.156] [nas] [info] UE switches to state [MM-REGISTERED/NORMAL-SERVICE]
[2023-01-10 08:43:53.156] [nas] [debug] Sending Registration Complete
[2023-01-10 08:43:53.156] [nas] [info] Initial Registration is successful
[2023-01-10 08:43:53.156] [nas] [debug] Sending PDU Session Establishment Request
[2023-01-10 08:43:53.156] [nas] [debug] UAC access attempt is allowed for identity[0], category[MO_sig]
[2023-01-10 08:43:53.393] [nas] [debug] PDU Session Establishment Accept received
[2023-01-10 08:43:53.393] [nas] [info] PDU Session establishment is successful PSI[1]
[2023-01-10 08:43:53.415] [app] [info] Connection setup for PDU session[1] is successful, TUN interface[uesimtun29, 10.60.0.34] is up.
[2023-01-10 08:46:18.077] [nas] [debug] Sending PDU Session Establishment Request
[2023-01-10 08:46:18.206] [nas] [error] No response from RRC from UAC checks, considering access attempt is barred
[2023-01-10 08:46:18.397] [nas] [debug] Sending PDU Session Release Request for PSI[1]
[2023-01-10 08:46:18.496] [nas] [debug] Sending PDU Session Establishment Request
[2023-01-10 08:46:18.604] [nas] [error] No response from RRC from UAC checks, considering access attempt is barred
[2023-01-10 08:46:18.609] [rrc] [debug] Signal lost for cell[1], total [0] cells in coverage
[2023-01-10 08:46:18.609] [nas] [error] Radio link failure detected
[2023-01-10 08:46:18.609] [nas] [info] UE switches to state [CM-IDLE]
[2023-01-10 08:46:18.609] [nas] [info] UE switches to state [MM-REGISTERED/PS]
[2023-01-10 08:46:18.609] [nas] [info] UE switches to state [MM-REGISTERED/PLMN-SEARCH]
[2023-01-10 08:46:18.609] [nas] [error] PLMN selection failure, no cells in coverage
[2023-01-10 08:46:20.711] [rrc] [warning] Acceptable cell selection failed, no cell is in coverage
[2023-01-10 08:46:20.711] [rrc] [error] Cell selection failure, no suitable or acceptable cell found
[2023-01-10 08:46:21.513] [nas] [error] PLMN selection failure, no cells in coverage
[2023-01-10 08:46:23.715] [nas] [info] UE switches to state [MM-REGISTERED/NO-CELL-AVAILABLE]
[2023-01-10 08:46:34.757] [nas] [warning] Retransmitting PDU Session Establishment Request due to T3580 expiry
[2023-01-10 08:46:34.757] [nas] [error] UAC access attempt is barred for identity[0], category[MO_sig]
[2023-01-10 08:46:34.757] [nas] [warning] Retransmitting PDU Session Release Request due to T3582 expiry
[2023-01-10 08:46:34.757] [nas] [debug] NAS Transport aborted, no active cell
[2023-01-10 08:46:34.757] [nas] [warning] Retransmitting PDU Session Establishment Request due to T3580 expiry
[2023-01-10 08:46:34.758] [nas] [error] UAC access attempt is barred for identity[0], category[MO_sig]
[2023-01-10 08:46:50.724] [rrc] [warning] Acceptable cell selection failed, no cell is in coverage
[2023-01-10 08:46:50.724] [rrc] [error] Cell selection failure, no suitable or acceptable cell found
[2023-01-10 08:46:50.779] [nas] [warning] Retransmitting PDU Session Establishment Request due to T3580 expiry
[2023-01-10 08:46:50.782] [nas] [error] UAC access attempt is barred for identity[0], category[MO_sig]
[2023-01-10 08:46:50.782] [nas] [warning] Retransmitting PDU Session Release Request due to T3582 expiry
[2023-01-10 08:46:50.782] [nas] [debug] NAS Transport aborted, no active cell
[2023-01-10 08:46:50.782] [nas] [warning] Retransmitting PDU Session Establishment Request due to T3580 expiry
[2023-01-10 08:46:50.782] [nas] [error] UAC access attempt is barred for identity[0], category[MO_sig]
[2023-01-10 08:46:52.342] [nas] [error] PLMN selection failure, no cells in coverage
[2023-01-10 08:47:06.795] [nas] [warning] Retransmitting PDU Session Establishment Request due to T3580 expiry
[2023-01-10 08:47:06.797] [nas] [error] UAC access attempt is barred for identity[0], category[MO_sig]
[2023-01-10 08:47:06.797] [nas] [warning] Retransmitting PDU Session Release Request due to T3582 expiry
[2023-01-10 08:47:06.797] [nas] [debug] NAS Transport aborted, no active cell
[2023-01-10 08:47:06.797] [nas] [warning] Retransmitting PDU Session Establishment Request due to T3580 expiry
[2023-01-10 08:47:06.797] [nas] [error] UAC access attempt is barred for identity[0], category[MO_sig]
[2023-01-10 08:47:20.736] [rrc] [warning] Acceptable cell selection failed, no cell is in coverage
[2023-01-10 08:47:20.736] [rrc] [error] Cell selection failure, no suitable or acceptable cell found
[2023-01-10 08:47:22.811] [nas] [warning] Retransmitting PDU Session Establishment Request due to T3580 expiry
[2023-01-10 08:47:22.814] [nas] [error] UAC access attempt is barred for identity[0], category[MO_sig]
[2023-01-10 08:47:22.814] [nas] [warning] Retransmitting PDU Session Release Request due to T3582 expiry
[2023-01-10 08:47:22.814] [nas] [debug] NAS Transport aborted, no active cell
[2023-01-10 08:47:22.814] [nas] [warning] Retransmitting PDU Session Establishment Request due to T3580 expiry
[2023-01-10 08:47:22.814] [nas] [error] UAC access attempt is barred for identity[0], category[MO_sig]
[2023-01-10 08:47:23.170] [nas] [error] PLMN selection failure, no cells in coverage
[2023-01-10 08:47:38.827] [nas] [error] PDU Session Establishment procedure failure, no response from the network after 5 attempts
[2023-01-10 08:47:38.827] [nas] [debug] Aborting SM procedure for PTI[1], PSI[2]
[2023-01-10 08:47:38.827] [nas] [error] PDU Session Release procedure failure, no response from the network after 5 attempts
[2023-01-10 08:47:38.827] [nas] [debug] Aborting SM procedure for PTI[2], PSI[1]
[2023-01-10 08:47:38.827] [nas] [debug] Performing local release of PDU session[1]
[2023-01-10 08:47:38.827] [nas] [debug] Mobility registration updating required due to [PS-STATUS-INFORM]
[2023-01-10 08:47:38.827] [nas] [error] PDU Session Establishment procedure failure, no response from the network after 5 attempts
[2023-01-10 08:47:38.827] [nas] [debug] Aborting SM procedure for PTI[3], PSI[3]
[2023-01-10 08:47:50.748] [rrc] [warning] Acceptable cell selection failed, no cell is in coverage
[2023-01-10 08:47:50.748] [rrc] [error] Cell selection failure, no suitable or acceptable cell found
[2023-01-10 08:47:53.998] [nas] [error] PLMN selection failure, no cells in coverage
[2023-01-10 08:48:18.790] [nas] [debug] De-registration required due to [NORMAL]
[2023-01-10 08:48:20.760] [rrc] [warning] Acceptable cell selection failed, no cell is in coverage
[2023-01-10 08:48:20.760] [rrc] [error] Cell selection failure, no suitable or acceptable cell found
[2023-01-10 08:48:24.826] [nas] [error] PLMN selection failure, no cells in coverage
[2023-01-10 08:48:50.772] [rrc] [warning] Acceptable cell selection failed, no cell is in coverage
[2023-01-10 08:48:50.772] [rrc] [error] Cell selection failure, no suitable or acceptable cell found
[2023-01-10 08:48:55.654] [nas] [error] PLMN selection failure, no cells in coverage
[2023-01-10 08:49:20.784] [rrc] [warning] Acceptable cell selection failed, no cell is in coverage
[2023-01-10 08:49:20.784] [rrc] [error] Cell selection failure, no suitable or acceptable cell found
[2023-01-10 08:49:26.482] [nas] [error] PLMN selection failure, no cells in coverage
[2023-01-10 08:49:50.796] [rrc] [warning] Acceptable cell selection failed, no cell is in coverage
[2023-01-10 08:49:50.796] [rrc] [error] Cell selection failure, no suitable or acceptable cell found
[2023-01-10 08:49:57.310] [nas] [error] PLMN selection failure, no cells in coverage
[2023-01-10 08:50:20.808] [rrc] [warning] Acceptable cell selection failed, no cell is in coverage
[2023-01-10 08:50:20.808] [rrc] [error] Cell selection failure, no suitable or acceptable cell found
[2023-01-10 08:50:28.138] [nas] [error] PLMN selection failure, no cells in coverage
[2023-01-10 08:50:50.820] [rrc] [warning] Acceptable cell selection failed, no cell is in coverage
[2023-01-10 08:50:50.820] [rrc] [error] Cell selection failure, no suitable or acceptable cell found
[2023-01-10 08:50:58.966] [nas] [error] PLMN selection failure, no cells in coverage
[2023-01-10 08:51:20.832] [rrc] [warning] Acceptable cell selection failed, no cell is in coverage
[2023-01-10 08:51:20.832] [rrc] [error] Cell selection failure, no suitable or acceptable cell found
[2023-01-10 08:51:29.794] [nas] [error] PLMN selection failure, no cells in coverage
[2023-01-10 08:51:50.844] [rrc] [warning] Acceptable cell selection failed, no cell is in coverage
[2023-01-10 08:51:50.844] [rrc] [error] Cell selection failure, no suitable or acceptable cell found
[2023-01-10 08:52:00.622] [nas] [error] PLMN selection failure, no cells in coverage
[2023-01-10 08:52:20.856] [rrc] [warning] Acceptable cell selection failed, no cell is in coverage
[2023-01-10 08:52:20.856] [rrc] [error] Cell selection failure, no suitable or acceptable cell found
[2023-01-10 08:52:31.450] [nas] [error] PLMN selection failure, no cells in coverage
[2023-01-10 08:52:50.868] [rrc] [warning] Acceptable cell selection failed, no cell is in coverage
[2023-01-10 08:52:50.868] [rrc] [error] Cell selection failure, no suitable or acceptable cell found
[2023-01-10 08:53:02.279] [nas] [error] PLMN selection failure, no cells in coverage
[2023-01-10 08:53:20.880] [rrc] [warning] Acceptable cell selection failed, no cell is in coverage
[2023-01-10 08:53:20.880] [rrc] [error] Cell selection failure, no suitable or acceptable cell found
[2023-01-10 08:53:33.107] [nas] [error] PLMN selection failure, no cells in coverage
[2023-01-10 08:53:50.892] [rrc] [warning] Acceptable cell selection failed, no cell is in coverage
[2023-01-10 08:53:50.892] [rrc] [error] Cell selection failure, no suitable or acceptable cell found
[2023-01-10 08:54:03.935] [nas] [error] PLMN selection failure, no cells in coverage
[2023-01-10 08:54:20.905] [rrc] [warning] Acceptable cell selection failed, no cell is in coverage
[2023-01-10 08:54:20.905] [rrc] [error] Cell selection failure, no suitable or acceptable cell found
[2023-01-10 08:54:34.763] [nas] [error] PLMN selection failure, no cells in coverage
[2023-01-10 08:54:50.917] [rrc] [warning] Acceptable cell selection failed, no cell is in coverage
[2023-01-10 08:54:50.917] [rrc] [error] Cell selection failure, no suitable or acceptable cell found
[2023-01-10 08:55:05.591] [nas] [error] PLMN selection failure, no cells in coverage
[2023-01-10 08:55:20.929] [rrc] [warning] Acceptable cell selection failed, no cell is in coverage
[2023-01-10 08:55:20.929] [rrc] [error] Cell selection failure, no suitable or acceptable cell found
[2023-01-10 08:55:36.420] [nas] [error] PLMN selection failure, no cells in coverage
[2023-01-10 08:55:50.941] [rrc] [warning] Acceptable cell selection failed, no cell is in coverage
[2023-01-10 08:55:50.941] [rrc] [error] Cell selection failure, no suitable or acceptable cell found
[2023-01-10 08:56:07.249] [nas] [error] PLMN selection failure, no cells in coverage
[2023-01-10 08:56:20.953] [rrc] [warning] Acceptable cell selection failed, no cell is in coverage
[2023-01-10 08:56:20.953] [rrc] [error] Cell selection failure, no suitable or acceptable cell found
[2023-01-10 08:56:38.077] [nas] [error] PLMN selection failure, no cells in coverage
[2023-01-10 08:56:50.965] [rrc] [warning] Acceptable cell selection failed, no cell is in coverage
[2023-01-10 08:56:50.965] [rrc] [error] Cell selection failure, no suitable or acceptable cell found
[2023-01-10 08:57:08.905] [nas] [error] PLMN selection failure, no cells in coverage
[2023-01-10 08:57:20.977] [rrc] [warning] Acceptable cell selection failed, no cell is in coverage
[2023-01-10 08:57:20.977] [rrc] [error] Cell selection failure, no suitable or acceptable cell found
[2023-01-10 08:57:39.733] [nas] [error] PLMN selection failure, no cells in coverage
[2023-01-10 08:57:50.989] [rrc] [warning] Acceptable cell selection failed, no cell is in coverage
[2023-01-10 08:57:50.989] [rrc] [error] Cell selection failure, no suitable or acceptable cell found
[2023-01-10 08:58:10.561] [nas] [error] PLMN selection failure, no cells in coverage
[2023-01-10 08:58:21.001] [rrc] [warning] Acceptable cell selection failed, no cell is in coverage
[2023-01-10 08:58:21.001] [rrc] [error] Cell selection failure, no suitable or acceptable cell found
[2023-01-10 08:58:41.389] [nas] [error] PLMN selection failure, no cells in coverage
[2023-01-10 08:58:51.013] [rrc] [warning] Acceptable cell selection failed, no cell is in coverage
[2023-01-10 08:58:51.013] [rrc] [error] Cell selection failure, no suitable or acceptable cell found
[2023-01-10 08:59:12.217] [nas] [error] PLMN selection failure, no cells in coverage
[2023-01-10 08:59:21.025] [rrc] [warning] Acceptable cell selection failed, no cell is in coverage
[2023-01-10 08:59:21.025] [rrc] [error] Cell selection failure, no suitable or acceptable cell found
[2023-01-10 08:59:43.045] [nas] [error] PLMN selection failure, no cells in coverage
[2023-01-10 08:59:51.037] [rrc] [warning] Acceptable cell selection failed, no cell is in coverage
[2023-01-10 08:59:51.037] [rrc] [error] Cell selection failure, no suitable or acceptable cell found
[2023-01-10 09:00:13.873] [nas] [error] PLMN selection failure, no cells in coverage
[2023-01-10 09:00:21.050] [rrc] [warning] Acceptable cell selection failed, no cell is in coverage
[2023-01-10 09:00:21.050] [rrc] [error] Cell selection failure, no suitable or acceptable cell found
[2023-01-10 09:00:44.701] [nas] [error] PLMN selection failure, no cells in coverage
[2023-01-10 09:00:51.062] [rrc] [warning] Acceptable cell selection failed, no cell is in coverage
[2023-01-10 09:00:51.062] [rrc] [error] Cell selection failure, no suitable or acceptable cell found
[2023-01-10 09:01:15.529] [nas] [error] PLMN selection failure, no cells in coverage
[2023-01-10 09:01:21.074] [rrc] [warning] Acceptable cell selection failed, no cell is in coverage
[2023-01-10 09:01:21.074] [rrc] [error] Cell selection failure, no suitable or acceptable cell found
[2023-01-10 09:01:46.357] [nas] [error] PLMN selection failure, no cells in coverage
[2023-01-10 09:01:51.086] [rrc] [warning] Acceptable cell selection failed, no cell is in coverage
[2023-01-10 09:01:51.086] [rrc] [error] Cell selection failure, no suitable or acceptable cell found
[2023-01-10 09:02:17.186] [nas] [error] PLMN selection failure, no cells in coverage
[2023-01-10 09:02:21.098] [rrc] [warning] Acceptable cell selection failed, no cell is in coverage
[2023-01-10 09:02:21.098] [rrc] [error] Cell selection failure, no suitable or acceptable cell found
[2023-01-10 09:02:48.014] [nas] [error] PLMN selection failure, no cells in coverage
[2023-01-10 09:02:51.110] [rrc] [warning] Acceptable cell selection failed, no cell is in coverage
[2023-01-10 09:02:51.110] [rrc] [error] Cell selection failure, no suitable or acceptable cell found
[2023-01-10 09:03:18.843] [nas] [error] PLMN selection failure, no cells in coverage
[2023-01-10 09:03:21.122] [rrc] [warning] Acceptable cell selection failed, no cell is in coverage
[2023-01-10 09:03:21.122] [rrc] [error] Cell selection failure, no suitable or acceptable cell found
[2023-01-10 09:03:49.671] [nas] [error] PLMN selection failure, no cells in coverage
[2023-01-10 09:03:51.135] [rrc] [warning] Acceptable cell selection failed, no cell is in coverage
[2023-01-10 09:03:51.135] [rrc] [error] Cell selection failure, no suitable or acceptable cell found
[2023-01-10 09:04:20.499] [nas] [error] PLMN selection failure, no cells in coverage
[2023-01-10 09:04:21.147] [rrc] [warning] Acceptable cell selection failed, no cell is in coverage
[2023-01-10 09:04:21.147] [rrc] [error] Cell selection failure, no suitable or acceptable cell found
[2023-01-10 09:04:51.159] [rrc] [warning] Acceptable cell selection failed, no cell is in coverage
[2023-01-10 09:04:51.159] [rrc] [error] Cell selection failure, no suitable or acceptable cell found
[2023-01-10 09:04:51.327] [nas] [error] PLMN selection failure, no cells in coverage
[2023-01-10 09:05:21.171] [rrc] [warning] Acceptable cell selection failed, no cell is in coverage
[2023-01-10 09:05:21.171] [rrc] [error] Cell selection failure, no suitable or acceptable cell found
[2023-01-10 09:05:22.155] [nas] [error] PLMN selection failure, no cells in coverage
[2023-01-10 09:05:51.183] [rrc] [warning] Acceptable cell selection failed, no cell is in coverage
[2023-01-10 09:05:51.183] [rrc] [error] Cell selection failure, no suitable or acceptable cell found
[2023-01-10 09:05:52.983] [nas] [error] PLMN selection failure, no cells in coverage
[2023-01-10 09:06:21.195] [rrc] [warning] Acceptable cell selection failed, no cell is in coverage
[2023-01-10 09:06:21.195] [rrc] [error] Cell selection failure, no suitable or acceptable cell found
[2023-01-10 09:06:23.811] [nas] [error] PLMN selection failure, no cells in coverage
[2023-01-10 09:06:51.207] [rrc] [warning] Acceptable cell selection failed, no cell is in coverage
[2023-01-10 09:06:51.207] [rrc] [error] Cell selection failure, no suitable or acceptable cell found
[2023-01-10 09:06:54.639] [nas] [error] PLMN selection failure, no cells in coverage
