UERANSIM v3.2.6
[2023-01-10 08:43:42.572] [nas] [info] UE switches to state [MM-DEREGISTERED/PLMN-SEARCH]
[2023-01-10 08:43:42.574] [rrc] [debug] New signal detected for cell[1], total [1] cells in coverage
[2023-01-10 08:43:42.575] [nas] [info] Selected plmn[208/93]
[2023-01-10 08:43:45.073] [rrc] [info] Selected cell plmn[208/93] tac[1] category[SUITABLE]
[2023-01-10 08:43:45.073] [nas] [info] UE switches to state [MM-DEREGISTERED/PS]
[2023-01-10 08:43:45.073] [nas] [info] UE switches to state [MM-DEREGISTERED/NORMAL-SERVICE]
[2023-01-10 08:43:45.073] [nas] [debug] Initial registration required due to [MM-DEREG-NORMAL-SERVICE]
[2023-01-10 08:43:45.074] [nas] [debug] UAC access attempt is allowed for identity[0], category[MO_sig]
[2023-01-10 08:43:45.074] [nas] [debug] Sending Initial Registration
[2023-01-10 08:43:45.074] [nas] [info] UE switches to state [MM-REGISTER-INITIATED]
[2023-01-10 08:43:45.074] [rrc] [debug] Sending RRC Setup Request
[2023-01-10 08:43:45.074] [rrc] [info] RRC connection established
[2023-01-10 08:43:45.074] [rrc] [info] UE switches to state [RRC-CONNECTED]
[2023-01-10 08:43:45.074] [nas] [info] UE switches to state [CM-CONNECTED]
[2023-01-10 08:43:45.090] [nas] [debug] Authentication Request received
[2023-01-10 08:43:45.090] [nas] [debug] Sending Authentication Failure due to SQN out of range
[2023-01-10 08:43:45.103] [nas] [debug] Authentication Request received
[2023-01-10 08:43:45.110] [nas] [debug] Security Mode Command received
[2023-01-10 08:43:45.110] [nas] [debug] Selected integrity[2] ciphering[0]
[2023-01-10 08:43:45.138] [nas] [debug] Registration accept received
[2023-01-10 08:43:45.138] [nas] [info] UE switches to state [MM-REGISTERED/NORMAL-SERVICE]
[2023-01-10 08:43:45.138] [nas] [debug] Sending Registration Complete
[2023-01-10 08:43:45.138] [nas] [info] Initial Registration is successful
[2023-01-10 08:43:45.138] [nas] [debug] Sending PDU Session Establishment Request
[2023-01-10 08:43:45.140] [nas] [debug] UAC access attempt is allowed for identity[0], category[MO_sig]
[2023-01-10 08:43:45.374] [nas] [debug] PDU Session Establishment Accept received
[2023-01-10 08:43:45.374] [nas] [info] PDU Session establishment is successful PSI[1]
[2023-01-10 08:43:45.392] [app] [info] Connection setup for PDU session[1] is successful, TUN interface[uesimtun25, 10.60.0.30] is up.
[2023-01-10 08:46:15.174] [nas] [debug] De-registration required due to [NORMAL]
[2023-01-10 08:46:15.185] [nas] [debug] Starting de-registration procedure due to [NORMAL]
[2023-01-10 08:46:15.185] [nas] [debug] Performing local release of PDU session[1]
[2023-01-10 08:46:15.185] [nas] [info] UE switches to state [MM-DEREGISTER-INITIATED]
[2023-01-10 08:46:15.263] [nas] [debug] De-registration accept received
[2023-01-10 08:46:15.263] [nas] [info] UE switches to state [MM-DEREGISTERED/PS]
[2023-01-10 08:46:15.263] [nas] [info] De-registration is successful
[2023-01-10 08:46:15.263] [nas] [info] UE switches to state [MM-DEREGISTERED/NORMAL-SERVICE]
[2023-01-10 08:46:15.263] [nas] [debug] Initial registration required due to [MM-DEREG-NORMAL-SERVICE]
[2023-01-10 08:46:15.263] [nas] [debug] Sending Initial Registration
[2023-01-10 08:46:15.263] [nas] [debug] Deleting NAS security context
[2023-01-10 08:46:15.263] [nas] [info] UE switches to state [MM-REGISTER-INITIATED]
[2023-01-10 08:46:15.265] [rrc] [debug] RRC Release received
[2023-01-10 08:46:15.265] [nas] [info] UE switches to state [CM-IDLE]
[2023-01-10 08:46:15.265] [nas] [info] UE switches to state [MM-DEREGISTERED/PS]
[2023-01-10 08:46:15.265] [nas] [info] UE switches to state [5U2-NOT-UPDATED]
[2023-01-10 08:46:15.265] [nas] [info] UE switches to state [MM-DEREGISTERED/ATTEMPTING-REGISTRATION]
[2023-01-10 08:46:15.439] [nas] [debug] De-registration required due to [NORMAL]
[2023-01-10 08:46:15.448] [nas] [warning] De-registration could not be triggered. UE is already de-registered
[2023-01-10 08:46:18.911] [rrc] [debug] Signal lost for cell[1], total [0] cells in coverage
[2023-01-10 08:46:18.911] [nas] [info] UE switches to state [MM-DEREGISTERED/PS]
[2023-01-10 08:46:18.912] [nas] [info] UE switches to state [MM-DEREGISTERED/PLMN-SEARCH]
[2023-01-10 08:46:18.912] [nas] [error] PLMN selection failure, no cells in coverage
[2023-01-10 08:46:20.136] [rrc] [warning] Acceptable cell selection failed, no cell is in coverage
[2023-01-10 08:46:20.136] [rrc] [error] Cell selection failure, no suitable or acceptable cell found
[2023-01-10 08:46:21.118] [nas] [error] PLMN selection failure, no cells in coverage
[2023-01-10 08:46:23.320] [nas] [error] PLMN selection failure, no cells in coverage
[2023-01-10 08:46:24.421] [nas] [info] UE switches to state [MM-DEREGISTERED/NO-CELL-AVAILABLE]
[2023-01-10 08:46:50.148] [rrc] [warning] Acceptable cell selection failed, no cell is in coverage
[2023-01-10 08:46:50.148] [rrc] [error] Cell selection failure, no suitable or acceptable cell found
[2023-01-10 08:46:54.148] [nas] [error] PLMN selection failure, no cells in coverage
[2023-01-10 08:47:20.160] [rrc] [warning] Acceptable cell selection failed, no cell is in coverage
[2023-01-10 08:47:20.160] [rrc] [error] Cell selection failure, no suitable or acceptable cell found
[2023-01-10 08:47:24.976] [nas] [error] PLMN selection failure, no cells in coverage
[2023-01-10 08:47:50.172] [rrc] [warning] Acceptable cell selection failed, no cell is in coverage
[2023-01-10 08:47:50.172] [rrc] [error] Cell selection failure, no suitable or acceptable cell found
[2023-01-10 08:47:55.804] [nas] [error] PLMN selection failure, no cells in coverage
[2023-01-10 08:48:15.726] [nas] [debug] De-registration required due to [NORMAL]
[2023-01-10 08:48:20.184] [rrc] [warning] Acceptable cell selection failed, no cell is in coverage
[2023-01-10 08:48:20.184] [rrc] [error] Cell selection failure, no suitable or acceptable cell found
[2023-01-10 08:48:26.632] [nas] [error] PLMN selection failure, no cells in coverage
[2023-01-10 08:48:50.196] [rrc] [warning] Acceptable cell selection failed, no cell is in coverage
[2023-01-10 08:48:50.196] [rrc] [error] Cell selection failure, no suitable or acceptable cell found
[2023-01-10 08:48:57.460] [nas] [error] PLMN selection failure, no cells in coverage
[2023-01-10 08:49:20.208] [rrc] [warning] Acceptable cell selection failed, no cell is in coverage
[2023-01-10 08:49:20.208] [rrc] [error] Cell selection failure, no suitable or acceptable cell found
[2023-01-10 08:49:28.288] [nas] [error] PLMN selection failure, no cells in coverage
[2023-01-10 08:49:50.220] [rrc] [warning] Acceptable cell selection failed, no cell is in coverage
[2023-01-10 08:49:50.220] [rrc] [error] Cell selection failure, no suitable or acceptable cell found
[2023-01-10 08:49:59.117] [nas] [error] PLMN selection failure, no cells in coverage
[2023-01-10 08:50:20.232] [rrc] [warning] Acceptable cell selection failed, no cell is in coverage
[2023-01-10 08:50:20.232] [rrc] [error] Cell selection failure, no suitable or acceptable cell found
[2023-01-10 08:50:29.945] [nas] [error] PLMN selection failure, no cells in coverage
[2023-01-10 08:50:50.244] [rrc] [warning] Acceptable cell selection failed, no cell is in coverage
[2023-01-10 08:50:50.244] [rrc] [error] Cell selection failure, no suitable or acceptable cell found
[2023-01-10 08:51:00.773] [nas] [error] PLMN selection failure, no cells in coverage
[2023-01-10 08:51:20.256] [rrc] [warning] Acceptable cell selection failed, no cell is in coverage
[2023-01-10 08:51:20.256] [rrc] [error] Cell selection failure, no suitable or acceptable cell found
[2023-01-10 08:51:31.601] [nas] [error] PLMN selection failure, no cells in coverage
[2023-01-10 08:51:50.268] [rrc] [warning] Acceptable cell selection failed, no cell is in coverage
[2023-01-10 08:51:50.268] [rrc] [error] Cell selection failure, no suitable or acceptable cell found
[2023-01-10 08:52:02.429] [nas] [error] PLMN selection failure, no cells in coverage
[2023-01-10 08:52:20.280] [rrc] [warning] Acceptable cell selection failed, no cell is in coverage
[2023-01-10 08:52:20.280] [rrc] [error] Cell selection failure, no suitable or acceptable cell found
[2023-01-10 08:52:33.257] [nas] [error] PLMN selection failure, no cells in coverage
[2023-01-10 08:52:50.292] [rrc] [warning] Acceptable cell selection failed, no cell is in coverage
[2023-01-10 08:52:50.292] [rrc] [error] Cell selection failure, no suitable or acceptable cell found
[2023-01-10 08:53:04.085] [nas] [error] PLMN selection failure, no cells in coverage
[2023-01-10 08:53:20.304] [rrc] [warning] Acceptable cell selection failed, no cell is in coverage
[2023-01-10 08:53:20.304] [rrc] [error] Cell selection failure, no suitable or acceptable cell found
[2023-01-10 08:53:34.913] [nas] [error] PLMN selection failure, no cells in coverage
[2023-01-10 08:53:50.316] [rrc] [warning] Acceptable cell selection failed, no cell is in coverage
[2023-01-10 08:53:50.316] [rrc] [error] Cell selection failure, no suitable or acceptable cell found
[2023-01-10 08:54:05.741] [nas] [error] PLMN selection failure, no cells in coverage
[2023-01-10 08:54:20.328] [rrc] [warning] Acceptable cell selection failed, no cell is in coverage
[2023-01-10 08:54:20.328] [rrc] [error] Cell selection failure, no suitable or acceptable cell found
[2023-01-10 08:54:36.569] [nas] [error] PLMN selection failure, no cells in coverage
[2023-01-10 08:54:50.340] [rrc] [warning] Acceptable cell selection failed, no cell is in coverage
[2023-01-10 08:54:50.340] [rrc] [error] Cell selection failure, no suitable or acceptable cell found
[2023-01-10 08:55:07.397] [nas] [error] PLMN selection failure, no cells in coverage
[2023-01-10 08:55:20.352] [rrc] [warning] Acceptable cell selection failed, no cell is in coverage
[2023-01-10 08:55:20.352] [rrc] [error] Cell selection failure, no suitable or acceptable cell found
[2023-01-10 08:55:38.225] [nas] [error] PLMN selection failure, no cells in coverage
[2023-01-10 08:55:50.364] [rrc] [warning] Acceptable cell selection failed, no cell is in coverage
[2023-01-10 08:55:50.364] [rrc] [error] Cell selection failure, no suitable or acceptable cell found
[2023-01-10 08:56:09.053] [nas] [error] PLMN selection failure, no cells in coverage
[2023-01-10 08:56:20.376] [rrc] [warning] Acceptable cell selection failed, no cell is in coverage
[2023-01-10 08:56:20.376] [rrc] [error] Cell selection failure, no suitable or acceptable cell found
[2023-01-10 08:56:39.881] [nas] [error] PLMN selection failure, no cells in coverage
[2023-01-10 08:56:50.388] [rrc] [warning] Acceptable cell selection failed, no cell is in coverage
[2023-01-10 08:56:50.388] [rrc] [error] Cell selection failure, no suitable or acceptable cell found
[2023-01-10 08:57:10.710] [nas] [error] PLMN selection failure, no cells in coverage
[2023-01-10 08:57:20.400] [rrc] [warning] Acceptable cell selection failed, no cell is in coverage
[2023-01-10 08:57:20.400] [rrc] [error] Cell selection failure, no suitable or acceptable cell found
[2023-01-10 08:57:41.538] [nas] [error] PLMN selection failure, no cells in coverage
[2023-01-10 08:57:50.412] [rrc] [warning] Acceptable cell selection failed, no cell is in coverage
[2023-01-10 08:57:50.412] [rrc] [error] Cell selection failure, no suitable or acceptable cell found
[2023-01-10 08:58:12.367] [nas] [error] PLMN selection failure, no cells in coverage
[2023-01-10 08:58:20.424] [rrc] [warning] Acceptable cell selection failed, no cell is in coverage
[2023-01-10 08:58:20.424] [rrc] [error] Cell selection failure, no suitable or acceptable cell found
[2023-01-10 08:58:43.195] [nas] [error] PLMN selection failure, no cells in coverage
[2023-01-10 08:58:50.437] [rrc] [warning] Acceptable cell selection failed, no cell is in coverage
[2023-01-10 08:58:50.437] [rrc] [error] Cell selection failure, no suitable or acceptable cell found
[2023-01-10 08:59:14.024] [nas] [error] PLMN selection failure, no cells in coverage
[2023-01-10 08:59:20.449] [rrc] [warning] Acceptable cell selection failed, no cell is in coverage
[2023-01-10 08:59:20.449] [rrc] [error] Cell selection failure, no suitable or acceptable cell found
[2023-01-10 08:59:44.852] [nas] [error] PLMN selection failure, no cells in coverage
[2023-01-10 08:59:50.461] [rrc] [warning] Acceptable cell selection failed, no cell is in coverage
[2023-01-10 08:59:50.461] [rrc] [error] Cell selection failure, no suitable or acceptable cell found
[2023-01-10 09:00:15.680] [nas] [error] PLMN selection failure, no cells in coverage
[2023-01-10 09:00:20.473] [rrc] [warning] Acceptable cell selection failed, no cell is in coverage
[2023-01-10 09:00:20.473] [rrc] [error] Cell selection failure, no suitable or acceptable cell found
[2023-01-10 09:00:46.508] [nas] [error] PLMN selection failure, no cells in coverage
[2023-01-10 09:00:50.485] [rrc] [warning] Acceptable cell selection failed, no cell is in coverage
[2023-01-10 09:00:50.485] [rrc] [error] Cell selection failure, no suitable or acceptable cell found
[2023-01-10 09:01:17.336] [nas] [error] PLMN selection failure, no cells in coverage
[2023-01-10 09:01:20.497] [rrc] [warning] Acceptable cell selection failed, no cell is in coverage
[2023-01-10 09:01:20.497] [rrc] [error] Cell selection failure, no suitable or acceptable cell found
[2023-01-10 09:01:48.164] [nas] [error] PLMN selection failure, no cells in coverage
[2023-01-10 09:01:50.509] [rrc] [warning] Acceptable cell selection failed, no cell is in coverage
[2023-01-10 09:01:50.509] [rrc] [error] Cell selection failure, no suitable or acceptable cell found
[2023-01-10 09:02:18.992] [nas] [error] PLMN selection failure, no cells in coverage
[2023-01-10 09:02:20.521] [rrc] [warning] Acceptable cell selection failed, no cell is in coverage
[2023-01-10 09:02:20.521] [rrc] [error] Cell selection failure, no suitable or acceptable cell found
[2023-01-10 09:02:49.820] [nas] [error] PLMN selection failure, no cells in coverage
[2023-01-10 09:02:50.533] [rrc] [warning] Acceptable cell selection failed, no cell is in coverage
[2023-01-10 09:02:50.533] [rrc] [error] Cell selection failure, no suitable or acceptable cell found
[2023-01-10 09:03:20.545] [rrc] [warning] Acceptable cell selection failed, no cell is in coverage
[2023-01-10 09:03:20.545] [rrc] [error] Cell selection failure, no suitable or acceptable cell found
[2023-01-10 09:03:20.648] [nas] [error] PLMN selection failure, no cells in coverage
[2023-01-10 09:03:50.557] [rrc] [warning] Acceptable cell selection failed, no cell is in coverage
[2023-01-10 09:03:50.557] [rrc] [error] Cell selection failure, no suitable or acceptable cell found
[2023-01-10 09:03:51.476] [nas] [error] PLMN selection failure, no cells in coverage
[2023-01-10 09:04:20.569] [rrc] [warning] Acceptable cell selection failed, no cell is in coverage
[2023-01-10 09:04:20.569] [rrc] [error] Cell selection failure, no suitable or acceptable cell found
[2023-01-10 09:04:22.305] [nas] [error] PLMN selection failure, no cells in coverage
[2023-01-10 09:04:50.581] [rrc] [warning] Acceptable cell selection failed, no cell is in coverage
[2023-01-10 09:04:50.581] [rrc] [error] Cell selection failure, no suitable or acceptable cell found
[2023-01-10 09:04:53.133] [nas] [error] PLMN selection failure, no cells in coverage
[2023-01-10 09:05:20.593] [rrc] [warning] Acceptable cell selection failed, no cell is in coverage
[2023-01-10 09:05:20.593] [rrc] [error] Cell selection failure, no suitable or acceptable cell found
[2023-01-10 09:05:23.961] [nas] [error] PLMN selection failure, no cells in coverage
[2023-01-10 09:05:50.605] [rrc] [warning] Acceptable cell selection failed, no cell is in coverage
[2023-01-10 09:05:50.605] [rrc] [error] Cell selection failure, no suitable or acceptable cell found
[2023-01-10 09:05:54.789] [nas] [error] PLMN selection failure, no cells in coverage
[2023-01-10 09:06:20.617] [rrc] [warning] Acceptable cell selection failed, no cell is in coverage
[2023-01-10 09:06:20.617] [rrc] [error] Cell selection failure, no suitable or acceptable cell found
[2023-01-10 09:06:25.617] [nas] [error] PLMN selection failure, no cells in coverage
[2023-01-10 09:06:50.629] [rrc] [warning] Acceptable cell selection failed, no cell is in coverage
[2023-01-10 09:06:50.629] [rrc] [error] Cell selection failure, no suitable or acceptable cell found
