UERANSIM v3.2.6
[2023-01-10 08:44:38.628] [nas] [info] UE switches to state [MM-DEREGISTERED/PLMN-SEARCH]
[2023-01-10 08:44:38.633] [rrc] [debug] New signal detected for cell[1], total [1] cells in coverage
[2023-01-10 08:44:38.634] [nas] [info] Selected plmn[208/93]
[2023-01-10 08:44:38.634] [rrc] [info] Selected cell plmn[208/93] tac[1] category[SUITABLE]
[2023-01-10 08:44:38.634] [nas] [info] UE switches to state [MM-DEREGISTERED/PS]
[2023-01-10 08:44:38.634] [nas] [info] UE switches to state [MM-DEREGISTERED/NORMAL-SERVICE]
[2023-01-10 08:44:38.634] [nas] [debug] Initial registration required due to [MM-DEREG-NORMAL-SERVICE]
[2023-01-10 08:44:38.634] [nas] [debug] UAC access attempt is allowed for identity[0], category[MO_sig]
[2023-01-10 08:44:38.634] [nas] [debug] Sending Initial Registration
[2023-01-10 08:44:38.634] [nas] [info] UE switches to state [MM-REGISTER-INITIATED]
[2023-01-10 08:44:38.634] [rrc] [debug] Sending RRC Setup Request
[2023-01-10 08:44:38.634] [rrc] [info] RRC connection established
[2023-01-10 08:44:38.634] [rrc] [info] UE switches to state [RRC-CONNECTED]
[2023-01-10 08:44:38.634] [nas] [info] UE switches to state [CM-CONNECTED]
[2023-01-10 08:44:38.651] [nas] [debug] Authentication Request received
[2023-01-10 08:44:38.651] [nas] [debug] Sending Authentication Failure due to SQN out of range
[2023-01-10 08:44:38.663] [nas] [debug] Authentication Request received
[2023-01-10 08:44:38.671] [nas] [debug] Security Mode Command received
[2023-01-10 08:44:38.671] [nas] [debug] Selected integrity[2] ciphering[0]
[2023-01-10 08:44:38.703] [nas] [debug] Registration accept received
[2023-01-10 08:44:38.703] [nas] [info] UE switches to state [MM-REGISTERED/NORMAL-SERVICE]
[2023-01-10 08:44:38.703] [nas] [debug] Sending Registration Complete
[2023-01-10 08:44:38.703] [nas] [info] Initial Registration is successful
[2023-01-10 08:44:38.703] [nas] [debug] Sending PDU Session Establishment Request
[2023-01-10 08:44:38.703] [nas] [debug] UAC access attempt is allowed for identity[0], category[MO_sig]
[2023-01-10 08:44:38.946] [nas] [debug] PDU Session Establishment Accept received
[2023-01-10 08:44:38.946] [nas] [info] PDU Session establishment is successful PSI[1]
[2023-01-10 08:44:38.968] [app] [info] Connection setup for PDU session[1] is successful, TUN interface[uesimtun52, 10.60.0.57] is up.
[2023-01-10 08:46:17.509] [nas] [debug] Sending PDU Session Establishment Request
[2023-01-10 08:46:17.637] [nas] [error] No response from RRC from UAC checks, considering access attempt is barred
[2023-01-10 08:46:17.740] [nas] [debug] De-registration required due to [NORMAL]
[2023-01-10 08:46:17.760] [nas] [debug] Starting de-registration procedure due to [NORMAL]
[2023-01-10 08:46:17.761] [nas] [debug] Performing local release of PDU session[1]
[2023-01-10 08:46:17.761] [nas] [info] UE switches to state [MM-DEREGISTER-INITIATED]
[2023-01-10 08:46:18.318] [rrc] [debug] Signal lost for cell[1], total [0] cells in coverage
[2023-01-10 08:46:18.318] [nas] [error] Radio link failure detected
[2023-01-10 08:46:18.318] [nas] [info] UE switches to state [CM-IDLE]
[2023-01-10 08:46:18.318] [nas] [info] UE switches to state [MM-DEREGISTERED/PS]
[2023-01-10 08:46:18.318] [nas] [info] UE switches to state [MM-DEREGISTERED/PLMN-SEARCH]
[2023-01-10 08:46:18.318] [nas] [error] PLMN selection failure, no cells in coverage
[2023-01-10 08:46:18.670] [rrc] [warning] Acceptable cell selection failed, no cell is in coverage
[2023-01-10 08:46:18.670] [rrc] [error] Cell selection failure, no suitable or acceptable cell found
[2023-01-10 08:46:21.023] [nas] [error] PLMN selection failure, no cells in coverage
[2023-01-10 08:46:23.225] [nas] [error] PLMN selection failure, no cells in coverage
[2023-01-10 08:46:24.326] [nas] [info] UE switches to state [MM-DEREGISTERED/NO-CELL-AVAILABLE]
[2023-01-10 08:46:33.744] [nas] [warning] Retransmitting PDU Session Establishment Request due to T3580 expiry
[2023-01-10 08:46:33.744] [nas] [error] UAC access attempt is barred for identity[0], category[MO_sig]
[2023-01-10 08:46:48.682] [rrc] [warning] Acceptable cell selection failed, no cell is in coverage
[2023-01-10 08:46:48.682] [rrc] [error] Cell selection failure, no suitable or acceptable cell found
[2023-01-10 08:46:49.760] [nas] [warning] Retransmitting PDU Session Establishment Request due to T3580 expiry
[2023-01-10 08:46:49.760] [nas] [error] UAC access attempt is barred for identity[0], category[MO_sig]
[2023-01-10 08:46:54.053] [nas] [error] PLMN selection failure, no cells in coverage
[2023-01-10 08:47:05.777] [nas] [warning] Retransmitting PDU Session Establishment Request due to T3580 expiry
[2023-01-10 08:47:05.777] [nas] [error] UAC access attempt is barred for identity[0], category[MO_sig]
[2023-01-10 08:47:18.694] [rrc] [warning] Acceptable cell selection failed, no cell is in coverage
[2023-01-10 08:47:18.694] [rrc] [error] Cell selection failure, no suitable or acceptable cell found
[2023-01-10 08:47:21.793] [nas] [warning] Retransmitting PDU Session Establishment Request due to T3580 expiry
[2023-01-10 08:47:21.793] [nas] [error] UAC access attempt is barred for identity[0], category[MO_sig]
[2023-01-10 08:47:24.881] [nas] [error] PLMN selection failure, no cells in coverage
[2023-01-10 08:47:37.809] [nas] [error] PDU Session Establishment procedure failure, no response from the network after 5 attempts
[2023-01-10 08:47:37.809] [nas] [debug] Aborting SM procedure for PTI[1], PSI[2]
[2023-01-10 08:47:48.706] [rrc] [warning] Acceptable cell selection failed, no cell is in coverage
[2023-01-10 08:47:48.706] [rrc] [error] Cell selection failure, no suitable or acceptable cell found
[2023-01-10 08:47:55.709] [nas] [error] PLMN selection failure, no cells in coverage
[2023-01-10 08:48:18.021] [nas] [debug] De-registration required due to [NORMAL]
[2023-01-10 08:48:18.718] [rrc] [warning] Acceptable cell selection failed, no cell is in coverage
[2023-01-10 08:48:18.718] [rrc] [error] Cell selection failure, no suitable or acceptable cell found
[2023-01-10 08:48:26.537] [nas] [error] PLMN selection failure, no cells in coverage
[2023-01-10 08:48:48.730] [rrc] [warning] Acceptable cell selection failed, no cell is in coverage
[2023-01-10 08:48:48.730] [rrc] [error] Cell selection failure, no suitable or acceptable cell found
[2023-01-10 08:48:57.365] [nas] [error] PLMN selection failure, no cells in coverage
[2023-01-10 08:49:18.742] [rrc] [warning] Acceptable cell selection failed, no cell is in coverage
[2023-01-10 08:49:18.742] [rrc] [error] Cell selection failure, no suitable or acceptable cell found
[2023-01-10 08:49:28.193] [nas] [error] PLMN selection failure, no cells in coverage
[2023-01-10 08:49:48.754] [rrc] [warning] Acceptable cell selection failed, no cell is in coverage
[2023-01-10 08:49:48.754] [rrc] [error] Cell selection failure, no suitable or acceptable cell found
[2023-01-10 08:49:59.022] [nas] [error] PLMN selection failure, no cells in coverage
[2023-01-10 08:50:18.766] [rrc] [warning] Acceptable cell selection failed, no cell is in coverage
[2023-01-10 08:50:18.766] [rrc] [error] Cell selection failure, no suitable or acceptable cell found
[2023-01-10 08:50:29.851] [nas] [error] PLMN selection failure, no cells in coverage
[2023-01-10 08:50:48.778] [rrc] [warning] Acceptable cell selection failed, no cell is in coverage
[2023-01-10 08:50:48.778] [rrc] [error] Cell selection failure, no suitable or acceptable cell found
[2023-01-10 08:51:00.680] [nas] [error] PLMN selection failure, no cells in coverage
[2023-01-10 08:51:18.790] [rrc] [warning] Acceptable cell selection failed, no cell is in coverage
[2023-01-10 08:51:18.790] [rrc] [error] Cell selection failure, no suitable or acceptable cell found
[2023-01-10 08:51:31.508] [nas] [error] PLMN selection failure, no cells in coverage
[2023-01-10 08:51:48.802] [rrc] [warning] Acceptable cell selection failed, no cell is in coverage
[2023-01-10 08:51:48.802] [rrc] [error] Cell selection failure, no suitable or acceptable cell found
[2023-01-10 08:52:02.336] [nas] [error] PLMN selection failure, no cells in coverage
[2023-01-10 08:52:18.814] [rrc] [warning] Acceptable cell selection failed, no cell is in coverage
[2023-01-10 08:52:18.814] [rrc] [error] Cell selection failure, no suitable or acceptable cell found
[2023-01-10 08:52:33.164] [nas] [error] PLMN selection failure, no cells in coverage
[2023-01-10 08:52:48.826] [rrc] [warning] Acceptable cell selection failed, no cell is in coverage
[2023-01-10 08:52:48.826] [rrc] [error] Cell selection failure, no suitable or acceptable cell found
[2023-01-10 08:53:03.992] [nas] [error] PLMN selection failure, no cells in coverage
[2023-01-10 08:53:18.838] [rrc] [warning] Acceptable cell selection failed, no cell is in coverage
[2023-01-10 08:53:18.838] [rrc] [error] Cell selection failure, no suitable or acceptable cell found
[2023-01-10 08:53:34.821] [nas] [error] PLMN selection failure, no cells in coverage
[2023-01-10 08:53:48.850] [rrc] [warning] Acceptable cell selection failed, no cell is in coverage
[2023-01-10 08:53:48.850] [rrc] [error] Cell selection failure, no suitable or acceptable cell found
[2023-01-10 08:54:05.649] [nas] [error] PLMN selection failure, no cells in coverage
[2023-01-10 08:54:18.862] [rrc] [warning] Acceptable cell selection failed, no cell is in coverage
[2023-01-10 08:54:18.862] [rrc] [error] Cell selection failure, no suitable or acceptable cell found
[2023-01-10 08:54:36.477] [nas] [error] PLMN selection failure, no cells in coverage
[2023-01-10 08:54:48.874] [rrc] [warning] Acceptable cell selection failed, no cell is in coverage
[2023-01-10 08:54:48.874] [rrc] [error] Cell selection failure, no suitable or acceptable cell found
[2023-01-10 08:55:07.305] [nas] [error] PLMN selection failure, no cells in coverage
[2023-01-10 08:55:18.886] [rrc] [warning] Acceptable cell selection failed, no cell is in coverage
[2023-01-10 08:55:18.886] [rrc] [error] Cell selection failure, no suitable or acceptable cell found
[2023-01-10 08:55:38.133] [nas] [error] PLMN selection failure, no cells in coverage
[2023-01-10 08:55:48.898] [rrc] [warning] Acceptable cell selection failed, no cell is in coverage
[2023-01-10 08:55:48.898] [rrc] [error] Cell selection failure, no suitable or acceptable cell found
[2023-01-10 08:56:08.961] [nas] [error] PLMN selection failure, no cells in coverage
[2023-01-10 08:56:18.910] [rrc] [warning] Acceptable cell selection failed, no cell is in coverage
[2023-01-10 08:56:18.910] [rrc] [error] Cell selection failure, no suitable or acceptable cell found
[2023-01-10 08:56:39.789] [nas] [error] PLMN selection failure, no cells in coverage
[2023-01-10 08:56:48.922] [rrc] [warning] Acceptable cell selection failed, no cell is in coverage
[2023-01-10 08:56:48.922] [rrc] [error] Cell selection failure, no suitable or acceptable cell found
[2023-01-10 08:57:10.617] [nas] [error] PLMN selection failure, no cells in coverage
[2023-01-10 08:57:18.934] [rrc] [warning] Acceptable cell selection failed, no cell is in coverage
[2023-01-10 08:57:18.934] [rrc] [error] Cell selection failure, no suitable or acceptable cell found
[2023-01-10 08:57:41.445] [nas] [error] PLMN selection failure, no cells in coverage
[2023-01-10 08:57:48.946] [rrc] [warning] Acceptable cell selection failed, no cell is in coverage
[2023-01-10 08:57:48.946] [rrc] [error] Cell selection failure, no suitable or acceptable cell found
[2023-01-10 08:58:12.273] [nas] [error] PLMN selection failure, no cells in coverage
[2023-01-10 08:58:18.959] [rrc] [warning] Acceptable cell selection failed, no cell is in coverage
[2023-01-10 08:58:18.959] [rrc] [error] Cell selection failure, no suitable or acceptable cell found
[2023-01-10 08:58:43.101] [nas] [error] PLMN selection failure, no cells in coverage
[2023-01-10 08:58:48.971] [rrc] [warning] Acceptable cell selection failed, no cell is in coverage
[2023-01-10 08:58:48.971] [rrc] [error] Cell selection failure, no suitable or acceptable cell found
[2023-01-10 08:59:13.929] [nas] [error] PLMN selection failure, no cells in coverage
[2023-01-10 08:59:18.983] [rrc] [warning] Acceptable cell selection failed, no cell is in coverage
[2023-01-10 08:59:18.983] [rrc] [error] Cell selection failure, no suitable or acceptable cell found
[2023-01-10 08:59:44.757] [nas] [error] PLMN selection failure, no cells in coverage
[2023-01-10 08:59:48.995] [rrc] [warning] Acceptable cell selection failed, no cell is in coverage
[2023-01-10 08:59:48.995] [rrc] [error] Cell selection failure, no suitable or acceptable cell found
[2023-01-10 09:00:15.585] [nas] [error] PLMN selection failure, no cells in coverage
[2023-01-10 09:00:19.007] [rrc] [warning] Acceptable cell selection failed, no cell is in coverage
[2023-01-10 09:00:19.007] [rrc] [error] Cell selection failure, no suitable or acceptable cell found
[2023-01-10 09:00:46.414] [nas] [error] PLMN selection failure, no cells in coverage
[2023-01-10 09:00:49.019] [rrc] [warning] Acceptable cell selection failed, no cell is in coverage
[2023-01-10 09:00:49.019] [rrc] [error] Cell selection failure, no suitable or acceptable cell found
[2023-01-10 09:01:17.242] [nas] [error] PLMN selection failure, no cells in coverage
[2023-01-10 09:01:19.031] [rrc] [warning] Acceptable cell selection failed, no cell is in coverage
[2023-01-10 09:01:19.031] [rrc] [error] Cell selection failure, no suitable or acceptable cell found
[2023-01-10 09:01:48.070] [nas] [error] PLMN selection failure, no cells in coverage
[2023-01-10 09:01:49.043] [rrc] [warning] Acceptable cell selection failed, no cell is in coverage
[2023-01-10 09:01:49.043] [rrc] [error] Cell selection failure, no suitable or acceptable cell found
[2023-01-10 09:02:18.899] [nas] [error] PLMN selection failure, no cells in coverage
[2023-01-10 09:02:19.055] [rrc] [warning] Acceptable cell selection failed, no cell is in coverage
[2023-01-10 09:02:19.055] [rrc] [error] Cell selection failure, no suitable or acceptable cell found
[2023-01-10 09:02:49.067] [rrc] [warning] Acceptable cell selection failed, no cell is in coverage
[2023-01-10 09:02:49.067] [rrc] [error] Cell selection failure, no suitable or acceptable cell found
[2023-01-10 09:02:49.727] [nas] [error] PLMN selection failure, no cells in coverage
[2023-01-10 09:03:19.079] [rrc] [warning] Acceptable cell selection failed, no cell is in coverage
[2023-01-10 09:03:19.079] [rrc] [error] Cell selection failure, no suitable or acceptable cell found
[2023-01-10 09:03:20.555] [nas] [error] PLMN selection failure, no cells in coverage
[2023-01-10 09:03:49.091] [rrc] [warning] Acceptable cell selection failed, no cell is in coverage
[2023-01-10 09:03:49.091] [rrc] [error] Cell selection failure, no suitable or acceptable cell found
[2023-01-10 09:03:51.383] [nas] [error] PLMN selection failure, no cells in coverage
[2023-01-10 09:04:19.103] [rrc] [warning] Acceptable cell selection failed, no cell is in coverage
[2023-01-10 09:04:19.103] [rrc] [error] Cell selection failure, no suitable or acceptable cell found
[2023-01-10 09:04:22.212] [nas] [error] PLMN selection failure, no cells in coverage
[2023-01-10 09:04:49.115] [rrc] [warning] Acceptable cell selection failed, no cell is in coverage
[2023-01-10 09:04:49.115] [rrc] [error] Cell selection failure, no suitable or acceptable cell found
[2023-01-10 09:04:53.041] [nas] [error] PLMN selection failure, no cells in coverage
[2023-01-10 09:05:19.127] [rrc] [warning] Acceptable cell selection failed, no cell is in coverage
[2023-01-10 09:05:19.127] [rrc] [error] Cell selection failure, no suitable or acceptable cell found
[2023-01-10 09:05:23.870] [nas] [error] PLMN selection failure, no cells in coverage
[2023-01-10 09:05:49.139] [rrc] [warning] Acceptable cell selection failed, no cell is in coverage
[2023-01-10 09:05:49.139] [rrc] [error] Cell selection failure, no suitable or acceptable cell found
[2023-01-10 09:05:54.698] [nas] [error] PLMN selection failure, no cells in coverage
[2023-01-10 09:06:19.151] [rrc] [warning] Acceptable cell selection failed, no cell is in coverage
[2023-01-10 09:06:19.151] [rrc] [error] Cell selection failure, no suitable or acceptable cell found
[2023-01-10 09:06:25.526] [nas] [error] PLMN selection failure, no cells in coverage
[2023-01-10 09:06:49.163] [rrc] [warning] Acceptable cell selection failed, no cell is in coverage
[2023-01-10 09:06:49.163] [rrc] [error] Cell selection failure, no suitable or acceptable cell found
