UERANSIM v3.2.6
[2023-01-31 01:46:19.682] [nas] [info] UE switches to state [MM-DEREGISTERED/PLMN-SEARCH]
[2023-01-31 01:46:19.683] [rrc] [debug] New signal detected for cell[1], total [1] cells in coverage
[2023-01-31 01:46:19.683] [nas] [info] Selected plmn[208/93]
[2023-01-31 01:46:19.683] [rrc] [info] Selected cell plmn[208/93] tac[1] category[SUITABLE]
[2023-01-31 01:46:19.683] [nas] [info] UE switches to state [MM-DEREGISTERED/PS]
[2023-01-31 01:46:19.683] [nas] [info] UE switches to state [MM-DEREGISTERED/NORMAL-SERVICE]
[2023-01-31 01:46:19.683] [nas] [debug] Initial registration required due to [MM-DEREG-NORMAL-SERVICE]
[2023-01-31 01:46:19.685] [nas] [debug] UAC access attempt is allowed for identity[0], category[MO_sig]
[2023-01-31 01:46:19.685] [nas] [debug] Sending Initial Registration
[2023-01-31 01:46:19.685] [nas] [info] UE switches to state [MM-REGISTER-INITIATED]
[2023-01-31 01:46:19.685] [rrc] [debug] Sending RRC Setup Request
[2023-01-31 01:46:19.686] [rrc] [info] RRC connection established
[2023-01-31 01:46:19.686] [rrc] [info] UE switches to state [RRC-CONNECTED]
[2023-01-31 01:46:19.686] [nas] [info] UE switches to state [CM-CONNECTED]
[2023-01-31 01:46:19.691] [nas] [debug] Authentication Request received
[2023-01-31 01:46:19.691] [nas] [debug] Sending Authentication Failure due to SQN out of range
[2023-01-31 01:46:19.693] [rrc] [debug] RRC Release received
[2023-01-31 01:46:19.693] [nas] [error] Initial Registration failed [UNSPECIFIED_PROTOCOL_ERROR]
[2023-01-31 01:46:19.693] [nas] [debug] Handling Registration Reject abnormal case
[2023-01-31 01:46:19.693] [nas] [info] UE switches to state [5U2-NOT-UPDATED]
[2023-01-31 01:46:19.693] [nas] [info] UE switches to state [MM-DEREGISTERED/ATTEMPTING-REGISTRATION]
[2023-01-31 01:46:19.693] [nas] [info] UE switches to state [CM-IDLE]
[2023-01-31 01:46:34.701] [nas] [debug] NAS timer[3520] expired [1]
[2023-01-31 01:46:34.701] [nas] [error] Network failing the authentication check
[2023-01-31 01:48:21.948] [nas] [debug] De-registration required due to [NORMAL]
[2023-01-31 01:48:21.959] [nas] [warning] De-registration could not be triggered. UE is already de-registered
