UERANSIM v3.2.6
[2023-01-10 08:44:36.626] [nas] [info] UE switches to state [MM-DEREGISTERED/PLMN-SEARCH]
[2023-01-10 08:44:36.633] [rrc] [debug] New signal detected for cell[1], total [1] cells in coverage
[2023-01-10 08:44:36.633] [nas] [info] Selected plmn[208/93]
[2023-01-10 08:44:36.633] [rrc] [info] Selected cell plmn[208/93] tac[1] category[SUITABLE]
[2023-01-10 08:44:36.633] [nas] [info] UE switches to state [MM-DEREGISTERED/PS]
[2023-01-10 08:44:36.633] [nas] [info] UE switches to state [MM-DEREGISTERED/NORMAL-SERVICE]
[2023-01-10 08:44:36.633] [nas] [debug] Initial registration required due to [MM-DEREG-NORMAL-SERVICE]
[2023-01-10 08:44:36.638] [nas] [debug] UAC access attempt is allowed for identity[0], category[MO_sig]
[2023-01-10 08:44:36.638] [nas] [debug] Sending Initial Registration
[2023-01-10 08:44:36.638] [nas] [info] UE switches to state [MM-REGISTER-INITIATED]
[2023-01-10 08:44:36.638] [rrc] [debug] Sending RRC Setup Request
[2023-01-10 08:44:36.639] [rrc] [info] RRC connection established
[2023-01-10 08:44:36.639] [rrc] [info] UE switches to state [RRC-CONNECTED]
[2023-01-10 08:44:36.639] [nas] [info] UE switches to state [CM-CONNECTED]
[2023-01-10 08:44:36.657] [nas] [debug] Authentication Request received
[2023-01-10 08:44:36.657] [nas] [debug] Sending Authentication Failure due to SQN out of range
[2023-01-10 08:44:36.668] [nas] [debug] Authentication Request received
[2023-01-10 08:44:36.675] [nas] [debug] Security Mode Command received
[2023-01-10 08:44:36.675] [nas] [debug] Selected integrity[2] ciphering[0]
[2023-01-10 08:44:36.703] [nas] [debug] Registration accept received
[2023-01-10 08:44:36.703] [nas] [info] UE switches to state [MM-REGISTERED/NORMAL-SERVICE]
[2023-01-10 08:44:36.703] [nas] [debug] Sending Registration Complete
[2023-01-10 08:44:36.703] [nas] [info] Initial Registration is successful
[2023-01-10 08:44:36.703] [nas] [debug] Sending PDU Session Establishment Request
[2023-01-10 08:44:36.705] [nas] [debug] UAC access attempt is allowed for identity[0], category[MO_sig]
[2023-01-10 08:44:36.939] [nas] [debug] PDU Session Establishment Accept received
[2023-01-10 08:44:36.941] [nas] [info] PDU Session establishment is successful PSI[1]
[2023-01-10 08:44:36.963] [app] [info] Connection setup for PDU session[1] is successful, TUN interface[uesimtun51, 10.60.0.56] is up.
[2023-01-10 08:46:15.561] [nas] [debug] Sending PDU Session Release Request for PSI[1]
[2023-01-10 08:46:15.797] [nas] [debug] PDU Session Release Command received
[2023-01-10 08:46:15.797] [nas] [debug] Performing local release of PDU session[1]
[2023-01-10 08:46:15.828] [nas] [debug] De-registration required due to [NORMAL]
[2023-01-10 08:46:15.841] [nas] [debug] Starting de-registration procedure due to [NORMAL]
[2023-01-10 08:46:15.841] [nas] [info] UE switches to state [MM-DEREGISTER-INITIATED]
[2023-01-10 08:46:15.986] [rrc] [debug] RRC Release received
[2023-01-10 08:46:15.986] [nas] [debug] De-registration accept received
[2023-01-10 08:46:15.986] [nas] [info] UE switches to state [MM-DEREGISTERED/PS]
[2023-01-10 08:46:15.986] [nas] [info] De-registration is successful
[2023-01-10 08:46:15.986] [nas] [info] UE switches to state [CM-IDLE]
[2023-01-10 08:46:15.986] [nas] [info] UE switches to state [MM-DEREGISTERED/NORMAL-SERVICE]
[2023-01-10 08:46:15.986] [nas] [debug] Initial registration required due to [MM-DEREG-NORMAL-SERVICE]
[2023-01-10 08:46:15.991] [nas] [debug] UAC access attempt is allowed for identity[0], category[MO_sig]
[2023-01-10 08:46:15.992] [nas] [debug] Sending Initial Registration
[2023-01-10 08:46:15.992] [rrc] [debug] Sending RRC Setup Request
[2023-01-10 08:46:15.995] [nas] [debug] Deleting NAS security context
[2023-01-10 08:46:15.995] [rrc] [info] RRC connection established
[2023-01-10 08:46:15.995] [rrc] [info] UE switches to state [RRC-CONNECTED]
[2023-01-10 08:46:15.995] [nas] [info] UE switches to state [MM-REGISTER-INITIATED]
[2023-01-10 08:46:15.995] [nas] [info] UE switches to state [CM-CONNECTED]
[2023-01-10 08:46:16.386] [nas] [debug] Authentication Request received
[2023-01-10 08:46:16.636] [nas] [debug] Security Mode Command received
[2023-01-10 08:46:16.636] [nas] [debug] Selected integrity[2] ciphering[0]
[2023-01-10 08:46:16.848] [nas] [debug] Registration accept received
[2023-01-10 08:46:16.848] [nas] [info] UE switches to state [MM-REGISTERED/NORMAL-SERVICE]
[2023-01-10 08:46:16.848] [nas] [debug] Sending Registration Complete
[2023-01-10 08:46:16.848] [nas] [info] Initial Registration is successful
[2023-01-10 08:46:16.849] [nas] [debug] Sending PDU Session Establishment Request
[2023-01-10 08:46:16.851] [nas] [debug] UAC access attempt is allowed for identity[0], category[MO_sig]
[2023-01-10 08:46:18.450] [rrc] [debug] Signal lost for cell[1], total [0] cells in coverage
[2023-01-10 08:46:18.450] [nas] [error] Radio link failure detected
[2023-01-10 08:46:18.450] [nas] [info] UE switches to state [CM-IDLE]
[2023-01-10 08:46:18.450] [nas] [info] UE switches to state [MM-REGISTERED/PS]
[2023-01-10 08:46:18.450] [nas] [info] UE switches to state [MM-REGISTERED/PLMN-SEARCH]
[2023-01-10 08:46:18.450] [nas] [error] PLMN selection failure, no cells in coverage
[2023-01-10 08:46:19.167] [rrc] [warning] Acceptable cell selection failed, no cell is in coverage
[2023-01-10 08:46:19.167] [rrc] [error] Cell selection failure, no suitable or acceptable cell found
[2023-01-10 08:46:21.224] [nas] [error] PLMN selection failure, no cells in coverage
[2023-01-10 08:46:23.426] [nas] [error] PLMN selection failure, no cells in coverage
[2023-01-10 08:46:24.527] [nas] [info] UE switches to state [MM-REGISTERED/NO-CELL-AVAILABLE]
[2023-01-10 08:46:33.746] [nas] [warning] Retransmitting PDU Session Establishment Request due to T3580 expiry
[2023-01-10 08:46:33.748] [nas] [error] UAC access attempt is barred for identity[0], category[MO_sig]
[2023-01-10 08:46:49.179] [rrc] [warning] Acceptable cell selection failed, no cell is in coverage
[2023-01-10 08:46:49.179] [rrc] [error] Cell selection failure, no suitable or acceptable cell found
[2023-01-10 08:46:49.762] [nas] [warning] Retransmitting PDU Session Establishment Request due to T3580 expiry
[2023-01-10 08:46:49.764] [nas] [error] UAC access attempt is barred for identity[0], category[MO_sig]
[2023-01-10 08:46:54.255] [nas] [error] PLMN selection failure, no cells in coverage
[2023-01-10 08:47:05.779] [nas] [warning] Retransmitting PDU Session Establishment Request due to T3580 expiry
[2023-01-10 08:47:05.782] [nas] [error] UAC access attempt is barred for identity[0], category[MO_sig]
[2023-01-10 08:47:19.191] [rrc] [warning] Acceptable cell selection failed, no cell is in coverage
[2023-01-10 08:47:19.191] [rrc] [error] Cell selection failure, no suitable or acceptable cell found
[2023-01-10 08:47:21.795] [nas] [warning] Retransmitting PDU Session Establishment Request due to T3580 expiry
[2023-01-10 08:47:21.797] [nas] [error] UAC access attempt is barred for identity[0], category[MO_sig]
[2023-01-10 08:47:25.084] [nas] [error] PLMN selection failure, no cells in coverage
[2023-01-10 08:47:37.812] [nas] [error] PDU Session Establishment procedure failure, no response from the network after 5 attempts
[2023-01-10 08:47:37.812] [nas] [debug] Aborting SM procedure for PTI[1], PSI[1]
[2023-01-10 08:47:49.203] [rrc] [warning] Acceptable cell selection failed, no cell is in coverage
[2023-01-10 08:47:49.203] [rrc] [error] Cell selection failure, no suitable or acceptable cell found
[2023-01-10 08:47:55.912] [nas] [error] PLMN selection failure, no cells in coverage
[2023-01-10 08:48:16.160] [nas] [debug] De-registration required due to [NORMAL]
[2023-01-10 08:48:19.215] [rrc] [warning] Acceptable cell selection failed, no cell is in coverage
[2023-01-10 08:48:19.215] [rrc] [error] Cell selection failure, no suitable or acceptable cell found
[2023-01-10 08:48:26.740] [nas] [error] PLMN selection failure, no cells in coverage
[2023-01-10 08:48:49.227] [rrc] [warning] Acceptable cell selection failed, no cell is in coverage
[2023-01-10 08:48:49.227] [rrc] [error] Cell selection failure, no suitable or acceptable cell found
[2023-01-10 08:48:57.568] [nas] [error] PLMN selection failure, no cells in coverage
[2023-01-10 08:49:19.239] [rrc] [warning] Acceptable cell selection failed, no cell is in coverage
[2023-01-10 08:49:19.239] [rrc] [error] Cell selection failure, no suitable or acceptable cell found
[2023-01-10 08:49:28.396] [nas] [error] PLMN selection failure, no cells in coverage
[2023-01-10 08:49:49.251] [rrc] [warning] Acceptable cell selection failed, no cell is in coverage
[2023-01-10 08:49:49.251] [rrc] [error] Cell selection failure, no suitable or acceptable cell found
[2023-01-10 08:49:59.224] [nas] [error] PLMN selection failure, no cells in coverage
[2023-01-10 08:50:19.263] [rrc] [warning] Acceptable cell selection failed, no cell is in coverage
[2023-01-10 08:50:19.263] [rrc] [error] Cell selection failure, no suitable or acceptable cell found
[2023-01-10 08:50:30.052] [nas] [error] PLMN selection failure, no cells in coverage
[2023-01-10 08:50:49.275] [rrc] [warning] Acceptable cell selection failed, no cell is in coverage
[2023-01-10 08:50:49.275] [rrc] [error] Cell selection failure, no suitable or acceptable cell found
[2023-01-10 08:51:00.880] [nas] [error] PLMN selection failure, no cells in coverage
[2023-01-10 08:51:19.287] [rrc] [warning] Acceptable cell selection failed, no cell is in coverage
[2023-01-10 08:51:19.287] [rrc] [error] Cell selection failure, no suitable or acceptable cell found
[2023-01-10 08:51:31.708] [nas] [error] PLMN selection failure, no cells in coverage
[2023-01-10 08:51:49.299] [rrc] [warning] Acceptable cell selection failed, no cell is in coverage
[2023-01-10 08:51:49.299] [rrc] [error] Cell selection failure, no suitable or acceptable cell found
[2023-01-10 08:52:02.536] [nas] [error] PLMN selection failure, no cells in coverage
[2023-01-10 08:52:19.311] [rrc] [warning] Acceptable cell selection failed, no cell is in coverage
[2023-01-10 08:52:19.311] [rrc] [error] Cell selection failure, no suitable or acceptable cell found
[2023-01-10 08:52:33.364] [nas] [error] PLMN selection failure, no cells in coverage
[2023-01-10 08:52:49.323] [rrc] [warning] Acceptable cell selection failed, no cell is in coverage
[2023-01-10 08:52:49.323] [rrc] [error] Cell selection failure, no suitable or acceptable cell found
[2023-01-10 08:53:04.192] [nas] [error] PLMN selection failure, no cells in coverage
[2023-01-10 08:53:19.335] [rrc] [warning] Acceptable cell selection failed, no cell is in coverage
[2023-01-10 08:53:19.335] [rrc] [error] Cell selection failure, no suitable or acceptable cell found
[2023-01-10 08:53:35.020] [nas] [error] PLMN selection failure, no cells in coverage
[2023-01-10 08:53:49.347] [rrc] [warning] Acceptable cell selection failed, no cell is in coverage
[2023-01-10 08:53:49.347] [rrc] [error] Cell selection failure, no suitable or acceptable cell found
[2023-01-10 08:54:05.848] [nas] [error] PLMN selection failure, no cells in coverage
[2023-01-10 08:54:19.359] [rrc] [warning] Acceptable cell selection failed, no cell is in coverage
[2023-01-10 08:54:19.359] [rrc] [error] Cell selection failure, no suitable or acceptable cell found
[2023-01-10 08:54:36.676] [nas] [error] PLMN selection failure, no cells in coverage
[2023-01-10 08:54:49.371] [rrc] [warning] Acceptable cell selection failed, no cell is in coverage
[2023-01-10 08:54:49.371] [rrc] [error] Cell selection failure, no suitable or acceptable cell found
[2023-01-10 08:55:07.504] [nas] [error] PLMN selection failure, no cells in coverage
[2023-01-10 08:55:19.383] [rrc] [warning] Acceptable cell selection failed, no cell is in coverage
[2023-01-10 08:55:19.383] [rrc] [error] Cell selection failure, no suitable or acceptable cell found
[2023-01-10 08:55:38.332] [nas] [error] PLMN selection failure, no cells in coverage
[2023-01-10 08:55:49.395] [rrc] [warning] Acceptable cell selection failed, no cell is in coverage
[2023-01-10 08:55:49.395] [rrc] [error] Cell selection failure, no suitable or acceptable cell found
[2023-01-10 08:56:09.160] [nas] [error] PLMN selection failure, no cells in coverage
[2023-01-10 08:56:19.407] [rrc] [warning] Acceptable cell selection failed, no cell is in coverage
[2023-01-10 08:56:19.407] [rrc] [error] Cell selection failure, no suitable or acceptable cell found
[2023-01-10 08:56:39.988] [nas] [error] PLMN selection failure, no cells in coverage
[2023-01-10 08:56:49.419] [rrc] [warning] Acceptable cell selection failed, no cell is in coverage
[2023-01-10 08:56:49.419] [rrc] [error] Cell selection failure, no suitable or acceptable cell found
[2023-01-10 08:57:10.816] [nas] [error] PLMN selection failure, no cells in coverage
[2023-01-10 08:57:19.431] [rrc] [warning] Acceptable cell selection failed, no cell is in coverage
[2023-01-10 08:57:19.431] [rrc] [error] Cell selection failure, no suitable or acceptable cell found
[2023-01-10 08:57:41.644] [nas] [error] PLMN selection failure, no cells in coverage
[2023-01-10 08:57:49.443] [rrc] [warning] Acceptable cell selection failed, no cell is in coverage
[2023-01-10 08:57:49.443] [rrc] [error] Cell selection failure, no suitable or acceptable cell found
[2023-01-10 08:58:12.472] [nas] [error] PLMN selection failure, no cells in coverage
[2023-01-10 08:58:19.455] [rrc] [warning] Acceptable cell selection failed, no cell is in coverage
[2023-01-10 08:58:19.455] [rrc] [error] Cell selection failure, no suitable or acceptable cell found
[2023-01-10 08:58:43.300] [nas] [error] PLMN selection failure, no cells in coverage
[2023-01-10 08:58:49.467] [rrc] [warning] Acceptable cell selection failed, no cell is in coverage
[2023-01-10 08:58:49.467] [rrc] [error] Cell selection failure, no suitable or acceptable cell found
[2023-01-10 08:59:14.128] [nas] [error] PLMN selection failure, no cells in coverage
[2023-01-10 08:59:19.479] [rrc] [warning] Acceptable cell selection failed, no cell is in coverage
[2023-01-10 08:59:19.479] [rrc] [error] Cell selection failure, no suitable or acceptable cell found
[2023-01-10 08:59:44.956] [nas] [error] PLMN selection failure, no cells in coverage
[2023-01-10 08:59:49.491] [rrc] [warning] Acceptable cell selection failed, no cell is in coverage
[2023-01-10 08:59:49.491] [rrc] [error] Cell selection failure, no suitable or acceptable cell found
[2023-01-10 09:00:15.784] [nas] [error] PLMN selection failure, no cells in coverage
[2023-01-10 09:00:19.503] [rrc] [warning] Acceptable cell selection failed, no cell is in coverage
[2023-01-10 09:00:19.503] [rrc] [error] Cell selection failure, no suitable or acceptable cell found
[2023-01-10 09:00:46.612] [nas] [error] PLMN selection failure, no cells in coverage
[2023-01-10 09:00:49.515] [rrc] [warning] Acceptable cell selection failed, no cell is in coverage
[2023-01-10 09:00:49.515] [rrc] [error] Cell selection failure, no suitable or acceptable cell found
[2023-01-10 09:01:17.440] [nas] [error] PLMN selection failure, no cells in coverage
[2023-01-10 09:01:19.527] [rrc] [warning] Acceptable cell selection failed, no cell is in coverage
[2023-01-10 09:01:19.527] [rrc] [error] Cell selection failure, no suitable or acceptable cell found
[2023-01-10 09:01:48.268] [nas] [error] PLMN selection failure, no cells in coverage
[2023-01-10 09:01:49.539] [rrc] [warning] Acceptable cell selection failed, no cell is in coverage
[2023-01-10 09:01:49.539] [rrc] [error] Cell selection failure, no suitable or acceptable cell found
[2023-01-10 09:02:19.096] [nas] [error] PLMN selection failure, no cells in coverage
[2023-01-10 09:02:19.551] [rrc] [warning] Acceptable cell selection failed, no cell is in coverage
[2023-01-10 09:02:19.551] [rrc] [error] Cell selection failure, no suitable or acceptable cell found
[2023-01-10 09:02:49.563] [rrc] [warning] Acceptable cell selection failed, no cell is in coverage
[2023-01-10 09:02:49.563] [rrc] [error] Cell selection failure, no suitable or acceptable cell found
[2023-01-10 09:02:49.924] [nas] [error] PLMN selection failure, no cells in coverage
[2023-01-10 09:03:19.575] [rrc] [warning] Acceptable cell selection failed, no cell is in coverage
[2023-01-10 09:03:19.575] [rrc] [error] Cell selection failure, no suitable or acceptable cell found
[2023-01-10 09:03:20.752] [nas] [error] PLMN selection failure, no cells in coverage
[2023-01-10 09:03:49.587] [rrc] [warning] Acceptable cell selection failed, no cell is in coverage
[2023-01-10 09:03:49.587] [rrc] [error] Cell selection failure, no suitable or acceptable cell found
[2023-01-10 09:03:51.581] [nas] [error] PLMN selection failure, no cells in coverage
[2023-01-10 09:04:19.599] [rrc] [warning] Acceptable cell selection failed, no cell is in coverage
[2023-01-10 09:04:19.599] [rrc] [error] Cell selection failure, no suitable or acceptable cell found
[2023-01-10 09:04:22.409] [nas] [error] PLMN selection failure, no cells in coverage
[2023-01-10 09:04:49.611] [rrc] [warning] Acceptable cell selection failed, no cell is in coverage
[2023-01-10 09:04:49.611] [rrc] [error] Cell selection failure, no suitable or acceptable cell found
[2023-01-10 09:04:53.237] [nas] [error] PLMN selection failure, no cells in coverage
[2023-01-10 09:05:19.623] [rrc] [warning] Acceptable cell selection failed, no cell is in coverage
[2023-01-10 09:05:19.623] [rrc] [error] Cell selection failure, no suitable or acceptable cell found
[2023-01-10 09:05:24.065] [nas] [error] PLMN selection failure, no cells in coverage
[2023-01-10 09:05:49.635] [rrc] [warning] Acceptable cell selection failed, no cell is in coverage
[2023-01-10 09:05:49.635] [rrc] [error] Cell selection failure, no suitable or acceptable cell found
[2023-01-10 09:05:54.893] [nas] [error] PLMN selection failure, no cells in coverage
[2023-01-10 09:06:19.647] [rrc] [warning] Acceptable cell selection failed, no cell is in coverage
[2023-01-10 09:06:19.647] [rrc] [error] Cell selection failure, no suitable or acceptable cell found
[2023-01-10 09:06:25.721] [nas] [error] PLMN selection failure, no cells in coverage
[2023-01-10 09:06:49.659] [rrc] [warning] Acceptable cell selection failed, no cell is in coverage
[2023-01-10 09:06:49.659] [rrc] [error] Cell selection failure, no suitable or acceptable cell found
