UERANSIM v3.2.6
[2023-01-10 08:43:00.533] [rrc] [debug] New signal detected for cell[1], total [1] cells in coverage
[2023-01-10 08:43:00.533] [nas] [info] UE switches to state [MM-DEREGISTERED/PLMN-SEARCH]
[2023-01-10 08:43:00.533] [nas] [info] Selected plmn[208/93]
[2023-01-10 08:43:00.533] [rrc] [info] Selected cell plmn[208/93] tac[1] category[SUITABLE]
[2023-01-10 08:43:00.533] [nas] [info] UE switches to state [MM-DEREGISTERED/PS]
[2023-01-10 08:43:00.534] [nas] [info] UE switches to state [MM-DEREGISTERED/NORMAL-SERVICE]
[2023-01-10 08:43:00.534] [nas] [debug] Initial registration required due to [MM-DEREG-NORMAL-SERVICE]
[2023-01-10 08:43:00.535] [nas] [debug] UAC access attempt is allowed for identity[0], category[MO_sig]
[2023-01-10 08:43:00.535] [nas] [debug] Sending Initial Registration
[2023-01-10 08:43:00.535] [nas] [info] UE switches to state [MM-REGISTER-INITIATED]
[2023-01-10 08:43:00.535] [rrc] [debug] Sending RRC Setup Request
[2023-01-10 08:43:00.536] [rrc] [info] RRC connection established
[2023-01-10 08:43:00.536] [rrc] [info] UE switches to state [RRC-CONNECTED]
[2023-01-10 08:43:00.536] [nas] [info] UE switches to state [CM-CONNECTED]
[2023-01-10 08:43:00.562] [nas] [debug] Authentication Request received
[2023-01-10 08:43:00.562] [nas] [debug] Sending Authentication Failure due to SQN out of range
[2023-01-10 08:43:00.575] [nas] [debug] Authentication Request received
[2023-01-10 08:43:00.584] [nas] [debug] Security Mode Command received
[2023-01-10 08:43:00.584] [nas] [debug] Selected integrity[2] ciphering[0]
[2023-01-10 08:43:00.609] [nas] [debug] Registration accept received
[2023-01-10 08:43:00.609] [nas] [info] UE switches to state [MM-REGISTERED/NORMAL-SERVICE]
[2023-01-10 08:43:00.609] [nas] [debug] Sending Registration Complete
[2023-01-10 08:43:00.609] [nas] [info] Initial Registration is successful
[2023-01-10 08:43:00.609] [nas] [debug] Sending PDU Session Establishment Request
[2023-01-10 08:43:00.609] [nas] [debug] UAC access attempt is allowed for identity[0], category[MO_sig]
[2023-01-10 08:43:00.852] [nas] [debug] PDU Session Establishment Accept received
[2023-01-10 08:43:00.852] [nas] [info] PDU Session establishment is successful PSI[1]
[2023-01-10 08:43:00.878] [app] [info] Connection setup for PDU session[1] is successful, TUN interface[uesimtun3, 10.60.0.8] is up.
[2023-01-10 08:46:18.108] [rrc] [debug] Signal lost for cell[1], total [0] cells in coverage
[2023-01-10 08:46:18.108] [nas] [error] Radio link failure detected
[2023-01-10 08:46:18.108] [nas] [info] UE switches to state [CM-IDLE]
[2023-01-10 08:46:18.108] [nas] [info] UE switches to state [MM-REGISTERED/PS]
[2023-01-10 08:46:18.108] [nas] [info] UE switches to state [MM-REGISTERED/PLMN-SEARCH]
[2023-01-10 08:46:18.108] [nas] [error] PLMN selection failure, no cells in coverage
[2023-01-10 08:46:18.113] [rrc] [warning] Acceptable cell selection failed, no cell is in coverage
[2023-01-10 08:46:18.113] [rrc] [error] Cell selection failure, no suitable or acceptable cell found
[2023-01-10 08:46:18.297] [nas] [debug] Sending PDU Session Establishment Request
[2023-01-10 08:46:18.398] [nas] [error] No response from RRC from UAC checks, considering access attempt is barred
[2023-01-10 08:46:20.917] [nas] [error] PLMN selection failure, no cells in coverage
[2023-01-10 08:46:23.119] [nas] [info] UE switches to state [MM-REGISTERED/NO-CELL-AVAILABLE]
[2023-01-10 08:46:34.759] [nas] [warning] Retransmitting PDU Session Establishment Request due to T3580 expiry
[2023-01-10 08:46:34.760] [nas] [error] UAC access attempt is barred for identity[0], category[MO_sig]
[2023-01-10 08:46:48.125] [rrc] [warning] Acceptable cell selection failed, no cell is in coverage
[2023-01-10 08:46:48.125] [rrc] [error] Cell selection failure, no suitable or acceptable cell found
[2023-01-10 08:46:50.779] [nas] [warning] Retransmitting PDU Session Establishment Request due to T3580 expiry
[2023-01-10 08:46:50.782] [nas] [error] UAC access attempt is barred for identity[0], category[MO_sig]
[2023-01-10 08:46:51.745] [nas] [error] PLMN selection failure, no cells in coverage
[2023-01-10 08:47:06.795] [nas] [warning] Retransmitting PDU Session Establishment Request due to T3580 expiry
[2023-01-10 08:47:06.797] [nas] [error] UAC access attempt is barred for identity[0], category[MO_sig]
[2023-01-10 08:47:18.137] [rrc] [warning] Acceptable cell selection failed, no cell is in coverage
[2023-01-10 08:47:18.137] [rrc] [error] Cell selection failure, no suitable or acceptable cell found
[2023-01-10 08:47:22.575] [nas] [error] PLMN selection failure, no cells in coverage
[2023-01-10 08:47:22.814] [nas] [warning] Retransmitting PDU Session Establishment Request due to T3580 expiry
[2023-01-10 08:47:22.814] [nas] [error] UAC access attempt is barred for identity[0], category[MO_sig]
[2023-01-10 08:47:38.834] [nas] [error] PDU Session Establishment procedure failure, no response from the network after 5 attempts
[2023-01-10 08:47:38.834] [nas] [debug] Aborting SM procedure for PTI[1], PSI[2]
[2023-01-10 08:47:48.150] [rrc] [warning] Acceptable cell selection failed, no cell is in coverage
[2023-01-10 08:47:48.150] [rrc] [error] Cell selection failure, no suitable or acceptable cell found
[2023-01-10 08:47:53.403] [nas] [error] PLMN selection failure, no cells in coverage
[2023-01-10 08:48:18.162] [rrc] [warning] Acceptable cell selection failed, no cell is in coverage
[2023-01-10 08:48:18.162] [rrc] [error] Cell selection failure, no suitable or acceptable cell found
[2023-01-10 08:48:18.673] [nas] [debug] De-registration required due to [NORMAL]
[2023-01-10 08:48:24.231] [nas] [error] PLMN selection failure, no cells in coverage
[2023-01-10 08:48:48.175] [rrc] [warning] Acceptable cell selection failed, no cell is in coverage
[2023-01-10 08:48:48.175] [rrc] [error] Cell selection failure, no suitable or acceptable cell found
[2023-01-10 08:48:55.061] [nas] [error] PLMN selection failure, no cells in coverage
[2023-01-10 08:49:18.187] [rrc] [warning] Acceptable cell selection failed, no cell is in coverage
[2023-01-10 08:49:18.187] [rrc] [error] Cell selection failure, no suitable or acceptable cell found
[2023-01-10 08:49:25.889] [nas] [error] PLMN selection failure, no cells in coverage
[2023-01-10 08:49:48.199] [rrc] [warning] Acceptable cell selection failed, no cell is in coverage
[2023-01-10 08:49:48.199] [rrc] [error] Cell selection failure, no suitable or acceptable cell found
[2023-01-10 08:49:56.717] [nas] [error] PLMN selection failure, no cells in coverage
[2023-01-10 08:50:18.211] [rrc] [warning] Acceptable cell selection failed, no cell is in coverage
[2023-01-10 08:50:18.211] [rrc] [error] Cell selection failure, no suitable or acceptable cell found
[2023-01-10 08:50:27.545] [nas] [error] PLMN selection failure, no cells in coverage
[2023-01-10 08:50:48.223] [rrc] [warning] Acceptable cell selection failed, no cell is in coverage
[2023-01-10 08:50:48.223] [rrc] [error] Cell selection failure, no suitable or acceptable cell found
[2023-01-10 08:50:58.373] [nas] [error] PLMN selection failure, no cells in coverage
[2023-01-10 08:51:18.235] [rrc] [warning] Acceptable cell selection failed, no cell is in coverage
[2023-01-10 08:51:18.235] [rrc] [error] Cell selection failure, no suitable or acceptable cell found
[2023-01-10 08:51:29.201] [nas] [error] PLMN selection failure, no cells in coverage
[2023-01-10 08:51:48.247] [rrc] [warning] Acceptable cell selection failed, no cell is in coverage
[2023-01-10 08:51:48.247] [rrc] [error] Cell selection failure, no suitable or acceptable cell found
[2023-01-10 08:52:00.029] [nas] [error] PLMN selection failure, no cells in coverage
[2023-01-10 08:52:18.259] [rrc] [warning] Acceptable cell selection failed, no cell is in coverage
[2023-01-10 08:52:18.259] [rrc] [error] Cell selection failure, no suitable or acceptable cell found
[2023-01-10 08:52:30.857] [nas] [error] PLMN selection failure, no cells in coverage
[2023-01-10 08:52:48.272] [rrc] [warning] Acceptable cell selection failed, no cell is in coverage
[2023-01-10 08:52:48.272] [rrc] [error] Cell selection failure, no suitable or acceptable cell found
[2023-01-10 08:53:01.685] [nas] [error] PLMN selection failure, no cells in coverage
[2023-01-10 08:53:18.284] [rrc] [warning] Acceptable cell selection failed, no cell is in coverage
[2023-01-10 08:53:18.284] [rrc] [error] Cell selection failure, no suitable or acceptable cell found
[2023-01-10 08:53:32.514] [nas] [error] PLMN selection failure, no cells in coverage
[2023-01-10 08:53:48.296] [rrc] [warning] Acceptable cell selection failed, no cell is in coverage
[2023-01-10 08:53:48.296] [rrc] [error] Cell selection failure, no suitable or acceptable cell found
[2023-01-10 08:54:03.342] [nas] [error] PLMN selection failure, no cells in coverage
[2023-01-10 08:54:18.309] [rrc] [warning] Acceptable cell selection failed, no cell is in coverage
[2023-01-10 08:54:18.309] [rrc] [error] Cell selection failure, no suitable or acceptable cell found
[2023-01-10 08:54:34.170] [nas] [error] PLMN selection failure, no cells in coverage
[2023-01-10 08:54:48.321] [rrc] [warning] Acceptable cell selection failed, no cell is in coverage
[2023-01-10 08:54:48.321] [rrc] [error] Cell selection failure, no suitable or acceptable cell found
[2023-01-10 08:55:04.998] [nas] [error] PLMN selection failure, no cells in coverage
[2023-01-10 08:55:18.333] [rrc] [warning] Acceptable cell selection failed, no cell is in coverage
[2023-01-10 08:55:18.333] [rrc] [error] Cell selection failure, no suitable or acceptable cell found
[2023-01-10 08:55:35.826] [nas] [error] PLMN selection failure, no cells in coverage
[2023-01-10 08:55:48.345] [rrc] [warning] Acceptable cell selection failed, no cell is in coverage
[2023-01-10 08:55:48.345] [rrc] [error] Cell selection failure, no suitable or acceptable cell found
[2023-01-10 08:56:06.654] [nas] [error] PLMN selection failure, no cells in coverage
[2023-01-10 08:56:18.357] [rrc] [warning] Acceptable cell selection failed, no cell is in coverage
[2023-01-10 08:56:18.357] [rrc] [error] Cell selection failure, no suitable or acceptable cell found
[2023-01-10 08:56:37.482] [nas] [error] PLMN selection failure, no cells in coverage
[2023-01-10 08:56:48.369] [rrc] [warning] Acceptable cell selection failed, no cell is in coverage
[2023-01-10 08:56:48.369] [rrc] [error] Cell selection failure, no suitable or acceptable cell found
[2023-01-10 08:57:08.310] [nas] [error] PLMN selection failure, no cells in coverage
[2023-01-10 08:57:18.381] [rrc] [warning] Acceptable cell selection failed, no cell is in coverage
[2023-01-10 08:57:18.381] [rrc] [error] Cell selection failure, no suitable or acceptable cell found
[2023-01-10 08:57:39.139] [nas] [error] PLMN selection failure, no cells in coverage
[2023-01-10 08:57:48.393] [rrc] [warning] Acceptable cell selection failed, no cell is in coverage
[2023-01-10 08:57:48.393] [rrc] [error] Cell selection failure, no suitable or acceptable cell found
[2023-01-10 08:58:09.967] [nas] [error] PLMN selection failure, no cells in coverage
[2023-01-10 08:58:18.405] [rrc] [warning] Acceptable cell selection failed, no cell is in coverage
[2023-01-10 08:58:18.405] [rrc] [error] Cell selection failure, no suitable or acceptable cell found
[2023-01-10 08:58:40.795] [nas] [error] PLMN selection failure, no cells in coverage
[2023-01-10 08:58:48.417] [rrc] [warning] Acceptable cell selection failed, no cell is in coverage
[2023-01-10 08:58:48.417] [rrc] [error] Cell selection failure, no suitable or acceptable cell found
[2023-01-10 08:59:11.624] [nas] [error] PLMN selection failure, no cells in coverage
[2023-01-10 08:59:18.429] [rrc] [warning] Acceptable cell selection failed, no cell is in coverage
[2023-01-10 08:59:18.429] [rrc] [error] Cell selection failure, no suitable or acceptable cell found
[2023-01-10 08:59:42.452] [nas] [error] PLMN selection failure, no cells in coverage
[2023-01-10 08:59:48.441] [rrc] [warning] Acceptable cell selection failed, no cell is in coverage
[2023-01-10 08:59:48.441] [rrc] [error] Cell selection failure, no suitable or acceptable cell found
[2023-01-10 09:00:13.280] [nas] [error] PLMN selection failure, no cells in coverage
[2023-01-10 09:00:18.453] [rrc] [warning] Acceptable cell selection failed, no cell is in coverage
[2023-01-10 09:00:18.453] [rrc] [error] Cell selection failure, no suitable or acceptable cell found
[2023-01-10 09:00:44.108] [nas] [error] PLMN selection failure, no cells in coverage
[2023-01-10 09:00:48.465] [rrc] [warning] Acceptable cell selection failed, no cell is in coverage
[2023-01-10 09:00:48.465] [rrc] [error] Cell selection failure, no suitable or acceptable cell found
[2023-01-10 09:01:14.936] [nas] [error] PLMN selection failure, no cells in coverage
[2023-01-10 09:01:18.477] [rrc] [warning] Acceptable cell selection failed, no cell is in coverage
[2023-01-10 09:01:18.477] [rrc] [error] Cell selection failure, no suitable or acceptable cell found
[2023-01-10 09:01:45.764] [nas] [error] PLMN selection failure, no cells in coverage
[2023-01-10 09:01:48.489] [rrc] [warning] Acceptable cell selection failed, no cell is in coverage
[2023-01-10 09:01:48.489] [rrc] [error] Cell selection failure, no suitable or acceptable cell found
[2023-01-10 09:02:16.592] [nas] [error] PLMN selection failure, no cells in coverage
[2023-01-10 09:02:18.501] [rrc] [warning] Acceptable cell selection failed, no cell is in coverage
[2023-01-10 09:02:18.501] [rrc] [error] Cell selection failure, no suitable or acceptable cell found
[2023-01-10 09:02:47.420] [nas] [error] PLMN selection failure, no cells in coverage
[2023-01-10 09:02:48.513] [rrc] [warning] Acceptable cell selection failed, no cell is in coverage
[2023-01-10 09:02:48.513] [rrc] [error] Cell selection failure, no suitable or acceptable cell found
[2023-01-10 09:03:18.248] [nas] [error] PLMN selection failure, no cells in coverage
[2023-01-10 09:03:18.525] [rrc] [warning] Acceptable cell selection failed, no cell is in coverage
[2023-01-10 09:03:18.525] [rrc] [error] Cell selection failure, no suitable or acceptable cell found
[2023-01-10 09:03:48.538] [rrc] [warning] Acceptable cell selection failed, no cell is in coverage
[2023-01-10 09:03:48.538] [rrc] [error] Cell selection failure, no suitable or acceptable cell found
[2023-01-10 09:03:49.076] [nas] [error] PLMN selection failure, no cells in coverage
[2023-01-10 09:04:18.550] [rrc] [warning] Acceptable cell selection failed, no cell is in coverage
[2023-01-10 09:04:18.550] [rrc] [error] Cell selection failure, no suitable or acceptable cell found
[2023-01-10 09:04:19.905] [nas] [error] PLMN selection failure, no cells in coverage
[2023-01-10 09:04:48.562] [rrc] [warning] Acceptable cell selection failed, no cell is in coverage
[2023-01-10 09:04:48.562] [rrc] [error] Cell selection failure, no suitable or acceptable cell found
[2023-01-10 09:04:50.734] [nas] [error] PLMN selection failure, no cells in coverage
[2023-01-10 09:05:18.574] [rrc] [warning] Acceptable cell selection failed, no cell is in coverage
[2023-01-10 09:05:18.574] [rrc] [error] Cell selection failure, no suitable or acceptable cell found
[2023-01-10 09:05:21.563] [nas] [error] PLMN selection failure, no cells in coverage
[2023-01-10 09:05:48.586] [rrc] [warning] Acceptable cell selection failed, no cell is in coverage
[2023-01-10 09:05:48.586] [rrc] [error] Cell selection failure, no suitable or acceptable cell found
[2023-01-10 09:05:52.391] [nas] [error] PLMN selection failure, no cells in coverage
[2023-01-10 09:06:18.598] [rrc] [warning] Acceptable cell selection failed, no cell is in coverage
[2023-01-10 09:06:18.598] [rrc] [error] Cell selection failure, no suitable or acceptable cell found
[2023-01-10 09:06:23.219] [nas] [error] PLMN selection failure, no cells in coverage
[2023-01-10 09:06:48.610] [rrc] [warning] Acceptable cell selection failed, no cell is in coverage
[2023-01-10 09:06:48.610] [rrc] [error] Cell selection failure, no suitable or acceptable cell found
[2023-01-10 09:06:54.047] [nas] [error] PLMN selection failure, no cells in coverage
