UERANSIM v3.2.6
[2023-01-10 08:43:22.553] [nas] [info] UE switches to state [MM-DEREGISTERED/PLMN-SEARCH]
[2023-01-10 08:43:22.554] [rrc] [debug] New signal detected for cell[1], total [1] cells in coverage
[2023-01-10 08:43:22.556] [nas] [info] Selected plmn[208/93]
[2023-01-10 08:43:22.556] [rrc] [info] Selected cell plmn[208/93] tac[1] category[SUITABLE]
[2023-01-10 08:43:22.556] [nas] [info] UE switches to state [MM-DEREGISTERED/PS]
[2023-01-10 08:43:22.556] [nas] [info] UE switches to state [MM-DEREGISTERED/NORMAL-SERVICE]
[2023-01-10 08:43:22.556] [nas] [debug] Initial registration required due to [MM-DEREG-NORMAL-SERVICE]
[2023-01-10 08:43:22.557] [nas] [debug] UAC access attempt is allowed for identity[0], category[MO_sig]
[2023-01-10 08:43:22.557] [nas] [debug] Sending Initial Registration
[2023-01-10 08:43:22.557] [nas] [info] UE switches to state [MM-REGISTER-INITIATED]
[2023-01-10 08:43:22.557] [rrc] [debug] Sending RRC Setup Request
[2023-01-10 08:43:22.557] [rrc] [info] RRC connection established
[2023-01-10 08:43:22.557] [rrc] [info] UE switches to state [RRC-CONNECTED]
[2023-01-10 08:43:22.558] [nas] [info] UE switches to state [CM-CONNECTED]
[2023-01-10 08:43:22.573] [nas] [debug] Authentication Request received
[2023-01-10 08:43:22.573] [nas] [debug] Sending Authentication Failure due to SQN out of range
[2023-01-10 08:43:22.585] [nas] [debug] Authentication Request received
[2023-01-10 08:43:22.592] [nas] [debug] Security Mode Command received
[2023-01-10 08:43:22.592] [nas] [debug] Selected integrity[2] ciphering[0]
[2023-01-10 08:43:22.620] [nas] [debug] Registration accept received
[2023-01-10 08:43:22.620] [nas] [info] UE switches to state [MM-REGISTERED/NORMAL-SERVICE]
[2023-01-10 08:43:22.620] [nas] [debug] Sending Registration Complete
[2023-01-10 08:43:22.620] [nas] [info] Initial Registration is successful
[2023-01-10 08:43:22.620] [nas] [debug] Sending PDU Session Establishment Request
[2023-01-10 08:43:22.621] [nas] [debug] UAC access attempt is allowed for identity[0], category[MO_sig]
[2023-01-10 08:43:22.853] [nas] [debug] PDU Session Establishment Accept received
[2023-01-10 08:43:22.853] [nas] [info] PDU Session establishment is successful PSI[1]
[2023-01-10 08:43:22.873] [app] [info] Connection setup for PDU session[1] is successful, TUN interface[uesimtun14, 10.60.0.19] is up.
[2023-01-10 08:46:16.412] [nas] [debug] Sending PDU Session Establishment Request
[2023-01-10 08:46:16.562] [nas] [error] No response from RRC from UAC checks, considering access attempt is barred
[2023-01-10 08:46:16.760] [nas] [debug] De-registration required due to [NORMAL]
[2023-01-10 08:46:16.770] [nas] [debug] Starting de-registration procedure due to [NORMAL]
[2023-01-10 08:46:16.770] [nas] [debug] Performing local release of PDU session[1]
[2023-01-10 08:46:16.770] [nas] [info] UE switches to state [MM-DEREGISTER-INITIATED]
[2023-01-10 08:46:16.964] [rrc] [debug] RRC Release received
[2023-01-10 08:46:16.964] [nas] [debug] De-registration accept received
[2023-01-10 08:46:16.964] [nas] [info] UE switches to state [MM-DEREGISTERED/PS]
[2023-01-10 08:46:16.964] [nas] [info] De-registration is successful
[2023-01-10 08:46:16.964] [nas] [info] UE switches to state [CM-IDLE]
[2023-01-10 08:46:16.964] [nas] [info] UE switches to state [MM-DEREGISTERED/NORMAL-SERVICE]
[2023-01-10 08:46:16.964] [nas] [debug] Initial registration required due to [MM-DEREG-NORMAL-SERVICE]
[2023-01-10 08:46:16.964] [nas] [debug] UAC access attempt is allowed for identity[0], category[MO_sig]
[2023-01-10 08:46:16.964] [nas] [debug] Sending Initial Registration
[2023-01-10 08:46:16.964] [nas] [debug] Deleting NAS security context
[2023-01-10 08:46:16.964] [nas] [info] UE switches to state [MM-REGISTER-INITIATED]
[2023-01-10 08:46:16.964] [rrc] [debug] Sending RRC Setup Request
[2023-01-10 08:46:16.966] [rrc] [info] RRC connection established
[2023-01-10 08:46:16.966] [rrc] [info] UE switches to state [RRC-CONNECTED]
[2023-01-10 08:46:16.966] [nas] [info] UE switches to state [CM-CONNECTED]
[2023-01-10 08:46:18.576] [rrc] [debug] Signal lost for cell[1], total [0] cells in coverage
[2023-01-10 08:46:18.576] [nas] [error] Radio link failure detected
[2023-01-10 08:46:18.576] [nas] [info] UE switches to state [CM-IDLE]
[2023-01-10 08:46:18.576] [nas] [info] UE switches to state [MM-DEREGISTERED/PS]
[2023-01-10 08:46:18.576] [nas] [info] UE switches to state [5U2-NOT-UPDATED]
[2023-01-10 08:46:18.576] [nas] [info] UE switches to state [MM-DEREGISTERED/ATTEMPTING-REGISTRATION]
[2023-01-10 08:46:18.576] [nas] [info] UE switches to state [MM-DEREGISTERED/PS]
[2023-01-10 08:46:18.576] [nas] [info] UE switches to state [MM-DEREGISTERED/PLMN-SEARCH]
[2023-01-10 08:46:18.576] [nas] [error] PLMN selection failure, no cells in coverage
[2023-01-10 08:46:20.128] [rrc] [warning] Acceptable cell selection failed, no cell is in coverage
[2023-01-10 08:46:20.128] [rrc] [error] Cell selection failure, no suitable or acceptable cell found
[2023-01-10 08:46:20.973] [nas] [error] PLMN selection failure, no cells in coverage
[2023-01-10 08:46:23.175] [nas] [error] PLMN selection failure, no cells in coverage
[2023-01-10 08:46:24.276] [nas] [info] UE switches to state [MM-DEREGISTERED/NO-CELL-AVAILABLE]
[2023-01-10 08:46:32.758] [nas] [warning] Retransmitting PDU Session Establishment Request due to T3580 expiry
[2023-01-10 08:46:32.758] [nas] [error] UAC access attempt is barred for identity[0], category[MO_sig]
[2023-01-10 08:46:48.776] [nas] [warning] Retransmitting PDU Session Establishment Request due to T3580 expiry
[2023-01-10 08:46:48.776] [nas] [error] UAC access attempt is barred for identity[0], category[MO_sig]
[2023-01-10 08:46:50.141] [rrc] [warning] Acceptable cell selection failed, no cell is in coverage
[2023-01-10 08:46:50.141] [rrc] [error] Cell selection failure, no suitable or acceptable cell found
[2023-01-10 08:46:54.003] [nas] [error] PLMN selection failure, no cells in coverage
[2023-01-10 08:47:04.796] [nas] [warning] Retransmitting PDU Session Establishment Request due to T3580 expiry
[2023-01-10 08:47:04.798] [nas] [error] UAC access attempt is barred for identity[0], category[MO_sig]
[2023-01-10 08:47:20.153] [rrc] [warning] Acceptable cell selection failed, no cell is in coverage
[2023-01-10 08:47:20.153] [rrc] [error] Cell selection failure, no suitable or acceptable cell found
[2023-01-10 08:47:20.813] [nas] [warning] Retransmitting PDU Session Establishment Request due to T3580 expiry
[2023-01-10 08:47:20.813] [nas] [error] UAC access attempt is barred for identity[0], category[MO_sig]
[2023-01-10 08:47:24.832] [nas] [error] PLMN selection failure, no cells in coverage
[2023-01-10 08:47:36.829] [nas] [error] PDU Session Establishment procedure failure, no response from the network after 5 attempts
[2023-01-10 08:47:36.829] [nas] [debug] Aborting SM procedure for PTI[1], PSI[2]
[2023-01-10 08:47:50.165] [rrc] [warning] Acceptable cell selection failed, no cell is in coverage
[2023-01-10 08:47:50.165] [rrc] [error] Cell selection failure, no suitable or acceptable cell found
[2023-01-10 08:47:55.660] [nas] [error] PLMN selection failure, no cells in coverage
[2023-01-10 08:48:17.084] [nas] [debug] De-registration required due to [NORMAL]
[2023-01-10 08:48:20.177] [rrc] [warning] Acceptable cell selection failed, no cell is in coverage
[2023-01-10 08:48:20.177] [rrc] [error] Cell selection failure, no suitable or acceptable cell found
[2023-01-10 08:48:26.488] [nas] [error] PLMN selection failure, no cells in coverage
[2023-01-10 08:48:50.189] [rrc] [warning] Acceptable cell selection failed, no cell is in coverage
[2023-01-10 08:48:50.189] [rrc] [error] Cell selection failure, no suitable or acceptable cell found
[2023-01-10 08:48:57.317] [nas] [error] PLMN selection failure, no cells in coverage
[2023-01-10 08:49:20.201] [rrc] [warning] Acceptable cell selection failed, no cell is in coverage
[2023-01-10 08:49:20.201] [rrc] [error] Cell selection failure, no suitable or acceptable cell found
[2023-01-10 08:49:28.145] [nas] [error] PLMN selection failure, no cells in coverage
[2023-01-10 08:49:50.213] [rrc] [warning] Acceptable cell selection failed, no cell is in coverage
[2023-01-10 08:49:50.213] [rrc] [error] Cell selection failure, no suitable or acceptable cell found
[2023-01-10 08:49:58.973] [nas] [error] PLMN selection failure, no cells in coverage
[2023-01-10 08:50:20.225] [rrc] [warning] Acceptable cell selection failed, no cell is in coverage
[2023-01-10 08:50:20.225] [rrc] [error] Cell selection failure, no suitable or acceptable cell found
[2023-01-10 08:50:29.801] [nas] [error] PLMN selection failure, no cells in coverage
[2023-01-10 08:50:50.237] [rrc] [warning] Acceptable cell selection failed, no cell is in coverage
[2023-01-10 08:50:50.237] [rrc] [error] Cell selection failure, no suitable or acceptable cell found
[2023-01-10 08:51:00.629] [nas] [error] PLMN selection failure, no cells in coverage
[2023-01-10 08:51:20.249] [rrc] [warning] Acceptable cell selection failed, no cell is in coverage
[2023-01-10 08:51:20.249] [rrc] [error] Cell selection failure, no suitable or acceptable cell found
[2023-01-10 08:51:31.457] [nas] [error] PLMN selection failure, no cells in coverage
[2023-01-10 08:51:50.261] [rrc] [warning] Acceptable cell selection failed, no cell is in coverage
[2023-01-10 08:51:50.261] [rrc] [error] Cell selection failure, no suitable or acceptable cell found
[2023-01-10 08:52:02.285] [nas] [error] PLMN selection failure, no cells in coverage
[2023-01-10 08:52:20.274] [rrc] [warning] Acceptable cell selection failed, no cell is in coverage
[2023-01-10 08:52:20.274] [rrc] [error] Cell selection failure, no suitable or acceptable cell found
[2023-01-10 08:52:33.113] [nas] [error] PLMN selection failure, no cells in coverage
[2023-01-10 08:52:50.286] [rrc] [warning] Acceptable cell selection failed, no cell is in coverage
[2023-01-10 08:52:50.286] [rrc] [error] Cell selection failure, no suitable or acceptable cell found
[2023-01-10 08:53:03.942] [nas] [error] PLMN selection failure, no cells in coverage
[2023-01-10 08:53:20.298] [rrc] [warning] Acceptable cell selection failed, no cell is in coverage
[2023-01-10 08:53:20.298] [rrc] [error] Cell selection failure, no suitable or acceptable cell found
[2023-01-10 08:53:34.770] [nas] [error] PLMN selection failure, no cells in coverage
[2023-01-10 08:53:50.310] [rrc] [warning] Acceptable cell selection failed, no cell is in coverage
[2023-01-10 08:53:50.310] [rrc] [error] Cell selection failure, no suitable or acceptable cell found
[2023-01-10 08:54:05.598] [nas] [error] PLMN selection failure, no cells in coverage
[2023-01-10 08:54:20.322] [rrc] [warning] Acceptable cell selection failed, no cell is in coverage
[2023-01-10 08:54:20.322] [rrc] [error] Cell selection failure, no suitable or acceptable cell found
[2023-01-10 08:54:36.426] [nas] [error] PLMN selection failure, no cells in coverage
[2023-01-10 08:54:50.334] [rrc] [warning] Acceptable cell selection failed, no cell is in coverage
[2023-01-10 08:54:50.334] [rrc] [error] Cell selection failure, no suitable or acceptable cell found
[2023-01-10 08:55:07.254] [nas] [error] PLMN selection failure, no cells in coverage
[2023-01-10 08:55:20.346] [rrc] [warning] Acceptable cell selection failed, no cell is in coverage
[2023-01-10 08:55:20.346] [rrc] [error] Cell selection failure, no suitable or acceptable cell found
[2023-01-10 08:55:38.082] [nas] [error] PLMN selection failure, no cells in coverage
[2023-01-10 08:55:50.358] [rrc] [warning] Acceptable cell selection failed, no cell is in coverage
[2023-01-10 08:55:50.358] [rrc] [error] Cell selection failure, no suitable or acceptable cell found
[2023-01-10 08:56:08.910] [nas] [error] PLMN selection failure, no cells in coverage
[2023-01-10 08:56:20.370] [rrc] [warning] Acceptable cell selection failed, no cell is in coverage
[2023-01-10 08:56:20.370] [rrc] [error] Cell selection failure, no suitable or acceptable cell found
[2023-01-10 08:56:39.738] [nas] [error] PLMN selection failure, no cells in coverage
[2023-01-10 08:56:50.382] [rrc] [warning] Acceptable cell selection failed, no cell is in coverage
[2023-01-10 08:56:50.382] [rrc] [error] Cell selection failure, no suitable or acceptable cell found
[2023-01-10 08:57:10.566] [nas] [error] PLMN selection failure, no cells in coverage
[2023-01-10 08:57:20.394] [rrc] [warning] Acceptable cell selection failed, no cell is in coverage
[2023-01-10 08:57:20.394] [rrc] [error] Cell selection failure, no suitable or acceptable cell found
[2023-01-10 08:57:41.395] [nas] [error] PLMN selection failure, no cells in coverage
[2023-01-10 08:57:50.407] [rrc] [warning] Acceptable cell selection failed, no cell is in coverage
[2023-01-10 08:57:50.407] [rrc] [error] Cell selection failure, no suitable or acceptable cell found
[2023-01-10 08:58:12.224] [nas] [error] PLMN selection failure, no cells in coverage
[2023-01-10 08:58:20.420] [rrc] [warning] Acceptable cell selection failed, no cell is in coverage
[2023-01-10 08:58:20.420] [rrc] [error] Cell selection failure, no suitable or acceptable cell found
[2023-01-10 08:58:43.052] [nas] [error] PLMN selection failure, no cells in coverage
[2023-01-10 08:58:50.432] [rrc] [warning] Acceptable cell selection failed, no cell is in coverage
[2023-01-10 08:58:50.432] [rrc] [error] Cell selection failure, no suitable or acceptable cell found
[2023-01-10 08:59:13.881] [nas] [error] PLMN selection failure, no cells in coverage
[2023-01-10 08:59:20.444] [rrc] [warning] Acceptable cell selection failed, no cell is in coverage
[2023-01-10 08:59:20.444] [rrc] [error] Cell selection failure, no suitable or acceptable cell found
[2023-01-10 08:59:44.709] [nas] [error] PLMN selection failure, no cells in coverage
[2023-01-10 08:59:50.456] [rrc] [warning] Acceptable cell selection failed, no cell is in coverage
[2023-01-10 08:59:50.456] [rrc] [error] Cell selection failure, no suitable or acceptable cell found
[2023-01-10 09:00:15.537] [nas] [error] PLMN selection failure, no cells in coverage
[2023-01-10 09:00:20.468] [rrc] [warning] Acceptable cell selection failed, no cell is in coverage
[2023-01-10 09:00:20.468] [rrc] [error] Cell selection failure, no suitable or acceptable cell found
[2023-01-10 09:00:46.365] [nas] [error] PLMN selection failure, no cells in coverage
[2023-01-10 09:00:50.480] [rrc] [warning] Acceptable cell selection failed, no cell is in coverage
[2023-01-10 09:00:50.480] [rrc] [error] Cell selection failure, no suitable or acceptable cell found
[2023-01-10 09:01:17.193] [nas] [error] PLMN selection failure, no cells in coverage
[2023-01-10 09:01:20.492] [rrc] [warning] Acceptable cell selection failed, no cell is in coverage
[2023-01-10 09:01:20.492] [rrc] [error] Cell selection failure, no suitable or acceptable cell found
[2023-01-10 09:01:48.021] [nas] [error] PLMN selection failure, no cells in coverage
[2023-01-10 09:01:50.504] [rrc] [warning] Acceptable cell selection failed, no cell is in coverage
[2023-01-10 09:01:50.504] [rrc] [error] Cell selection failure, no suitable or acceptable cell found
[2023-01-10 09:02:18.849] [nas] [error] PLMN selection failure, no cells in coverage
[2023-01-10 09:02:20.516] [rrc] [warning] Acceptable cell selection failed, no cell is in coverage
[2023-01-10 09:02:20.516] [rrc] [error] Cell selection failure, no suitable or acceptable cell found
[2023-01-10 09:02:49.677] [nas] [error] PLMN selection failure, no cells in coverage
[2023-01-10 09:02:50.528] [rrc] [warning] Acceptable cell selection failed, no cell is in coverage
[2023-01-10 09:02:50.528] [rrc] [error] Cell selection failure, no suitable or acceptable cell found
[2023-01-10 09:03:20.506] [nas] [error] PLMN selection failure, no cells in coverage
[2023-01-10 09:03:20.540] [rrc] [warning] Acceptable cell selection failed, no cell is in coverage
[2023-01-10 09:03:20.540] [rrc] [error] Cell selection failure, no suitable or acceptable cell found
[2023-01-10 09:03:50.552] [rrc] [warning] Acceptable cell selection failed, no cell is in coverage
[2023-01-10 09:03:50.552] [rrc] [error] Cell selection failure, no suitable or acceptable cell found
[2023-01-10 09:03:51.334] [nas] [error] PLMN selection failure, no cells in coverage
[2023-01-10 09:04:20.564] [rrc] [warning] Acceptable cell selection failed, no cell is in coverage
[2023-01-10 09:04:20.564] [rrc] [error] Cell selection failure, no suitable or acceptable cell found
[2023-01-10 09:04:22.162] [nas] [error] PLMN selection failure, no cells in coverage
[2023-01-10 09:04:50.576] [rrc] [warning] Acceptable cell selection failed, no cell is in coverage
[2023-01-10 09:04:50.576] [rrc] [error] Cell selection failure, no suitable or acceptable cell found
[2023-01-10 09:04:52.990] [nas] [error] PLMN selection failure, no cells in coverage
[2023-01-10 09:05:20.588] [rrc] [warning] Acceptable cell selection failed, no cell is in coverage
[2023-01-10 09:05:20.588] [rrc] [error] Cell selection failure, no suitable or acceptable cell found
[2023-01-10 09:05:23.818] [nas] [error] PLMN selection failure, no cells in coverage
[2023-01-10 09:05:50.600] [rrc] [warning] Acceptable cell selection failed, no cell is in coverage
[2023-01-10 09:05:50.600] [rrc] [error] Cell selection failure, no suitable or acceptable cell found
[2023-01-10 09:05:54.646] [nas] [error] PLMN selection failure, no cells in coverage
[2023-01-10 09:06:20.612] [rrc] [warning] Acceptable cell selection failed, no cell is in coverage
[2023-01-10 09:06:20.612] [rrc] [error] Cell selection failure, no suitable or acceptable cell found
[2023-01-10 09:06:25.475] [nas] [error] PLMN selection failure, no cells in coverage
[2023-01-10 09:06:50.624] [rrc] [warning] Acceptable cell selection failed, no cell is in coverage
[2023-01-10 09:06:50.624] [rrc] [error] Cell selection failure, no suitable or acceptable cell found
