UERANSIM v3.2.6
[2023-01-10 08:43:54.582] [rrc] [debug] New signal detected for cell[1], total [1] cells in coverage
[2023-01-10 08:43:54.582] [nas] [info] UE switches to state [MM-DEREGISTERED/PLMN-SEARCH]
[2023-01-10 08:43:54.584] [nas] [info] Selected plmn[208/93]
[2023-01-10 08:43:54.584] [rrc] [info] Selected cell plmn[208/93] tac[1] category[SUITABLE]
[2023-01-10 08:43:54.584] [nas] [info] UE switches to state [MM-DEREGISTERED/PS]
[2023-01-10 08:43:54.584] [nas] [info] UE switches to state [MM-DEREGISTERED/NORMAL-SERVICE]
[2023-01-10 08:43:54.584] [nas] [debug] Initial registration required due to [MM-DEREG-NORMAL-SERVICE]
[2023-01-10 08:43:54.584] [nas] [debug] UAC access attempt is allowed for identity[0], category[MO_sig]
[2023-01-10 08:43:54.584] [nas] [debug] Sending Initial Registration
[2023-01-10 08:43:54.584] [nas] [info] UE switches to state [MM-REGISTER-INITIATED]
[2023-01-10 08:43:54.584] [rrc] [debug] Sending RRC Setup Request
[2023-01-10 08:43:54.585] [rrc] [info] RRC connection established
[2023-01-10 08:43:54.585] [rrc] [info] UE switches to state [RRC-CONNECTED]
[2023-01-10 08:43:54.585] [nas] [info] UE switches to state [CM-CONNECTED]
[2023-01-10 08:43:54.601] [nas] [debug] Authentication Request received
[2023-01-10 08:43:54.601] [nas] [debug] Sending Authentication Failure due to SQN out of range
[2023-01-10 08:43:54.612] [nas] [debug] Authentication Request received
[2023-01-10 08:43:54.621] [nas] [debug] Security Mode Command received
[2023-01-10 08:43:54.621] [nas] [debug] Selected integrity[2] ciphering[0]
[2023-01-10 08:43:54.656] [nas] [debug] Registration accept received
[2023-01-10 08:43:54.657] [nas] [info] UE switches to state [MM-REGISTERED/NORMAL-SERVICE]
[2023-01-10 08:43:54.657] [nas] [debug] Sending Registration Complete
[2023-01-10 08:43:54.657] [nas] [info] Initial Registration is successful
[2023-01-10 08:43:54.657] [nas] [debug] Sending PDU Session Establishment Request
[2023-01-10 08:43:54.657] [nas] [debug] UAC access attempt is allowed for identity[0], category[MO_sig]
[2023-01-10 08:43:54.917] [nas] [debug] PDU Session Establishment Accept received
[2023-01-10 08:43:54.917] [nas] [info] PDU Session establishment is successful PSI[1]
[2023-01-10 08:43:54.944] [app] [info] Connection setup for PDU session[1] is successful, TUN interface[uesimtun30, 10.60.0.35] is up.
[2023-01-10 08:46:17.086] [nas] [debug] De-registration required due to [NORMAL]
[2023-01-10 08:46:17.098] [nas] [debug] Starting de-registration procedure due to [NORMAL]
[2023-01-10 08:46:17.098] [nas] [debug] Performing local release of PDU session[1]
[2023-01-10 08:46:17.098] [nas] [info] UE switches to state [MM-DEREGISTER-INITIATED]
[2023-01-10 08:46:17.420] [nas] [debug] De-registration required due to [NORMAL]
[2023-01-10 08:46:18.319] [rrc] [debug] Signal lost for cell[1], total [0] cells in coverage
[2023-01-10 08:46:18.319] [nas] [error] Radio link failure detected
[2023-01-10 08:46:18.319] [nas] [info] UE switches to state [CM-IDLE]
[2023-01-10 08:46:18.319] [nas] [info] UE switches to state [MM-DEREGISTERED/PS]
[2023-01-10 08:46:18.319] [nas] [info] UE switches to state [MM-DEREGISTERED/PLMN-SEARCH]
[2023-01-10 08:46:18.319] [nas] [error] PLMN selection failure, no cells in coverage
[2023-01-10 08:46:19.642] [rrc] [warning] Acceptable cell selection failed, no cell is in coverage
[2023-01-10 08:46:19.642] [rrc] [error] Cell selection failure, no suitable or acceptable cell found
[2023-01-10 08:46:21.014] [nas] [error] PLMN selection failure, no cells in coverage
[2023-01-10 08:46:23.216] [nas] [error] PLMN selection failure, no cells in coverage
[2023-01-10 08:46:24.317] [nas] [info] UE switches to state [MM-DEREGISTERED/NO-CELL-AVAILABLE]
[2023-01-10 08:46:49.654] [rrc] [warning] Acceptable cell selection failed, no cell is in coverage
[2023-01-10 08:46:49.654] [rrc] [error] Cell selection failure, no suitable or acceptable cell found
[2023-01-10 08:46:54.044] [nas] [error] PLMN selection failure, no cells in coverage
[2023-01-10 08:47:19.666] [rrc] [warning] Acceptable cell selection failed, no cell is in coverage
[2023-01-10 08:47:19.666] [rrc] [error] Cell selection failure, no suitable or acceptable cell found
[2023-01-10 08:47:24.872] [nas] [error] PLMN selection failure, no cells in coverage
[2023-01-10 08:47:49.678] [rrc] [warning] Acceptable cell selection failed, no cell is in coverage
[2023-01-10 08:47:49.678] [rrc] [error] Cell selection failure, no suitable or acceptable cell found
[2023-01-10 08:47:55.700] [nas] [error] PLMN selection failure, no cells in coverage
[2023-01-10 08:48:17.702] [nas] [debug] De-registration required due to [NORMAL]
[2023-01-10 08:48:19.690] [rrc] [warning] Acceptable cell selection failed, no cell is in coverage
[2023-01-10 08:48:19.690] [rrc] [error] Cell selection failure, no suitable or acceptable cell found
[2023-01-10 08:48:26.528] [nas] [error] PLMN selection failure, no cells in coverage
[2023-01-10 08:48:49.702] [rrc] [warning] Acceptable cell selection failed, no cell is in coverage
[2023-01-10 08:48:49.702] [rrc] [error] Cell selection failure, no suitable or acceptable cell found
[2023-01-10 08:48:57.356] [nas] [error] PLMN selection failure, no cells in coverage
[2023-01-10 08:49:19.714] [rrc] [warning] Acceptable cell selection failed, no cell is in coverage
[2023-01-10 08:49:19.714] [rrc] [error] Cell selection failure, no suitable or acceptable cell found
[2023-01-10 08:49:28.184] [nas] [error] PLMN selection failure, no cells in coverage
[2023-01-10 08:49:49.726] [rrc] [warning] Acceptable cell selection failed, no cell is in coverage
[2023-01-10 08:49:49.726] [rrc] [error] Cell selection failure, no suitable or acceptable cell found
[2023-01-10 08:49:59.012] [nas] [error] PLMN selection failure, no cells in coverage
[2023-01-10 08:50:19.738] [rrc] [warning] Acceptable cell selection failed, no cell is in coverage
[2023-01-10 08:50:19.738] [rrc] [error] Cell selection failure, no suitable or acceptable cell found
[2023-01-10 08:50:29.840] [nas] [error] PLMN selection failure, no cells in coverage
[2023-01-10 08:50:49.750] [rrc] [warning] Acceptable cell selection failed, no cell is in coverage
[2023-01-10 08:50:49.750] [rrc] [error] Cell selection failure, no suitable or acceptable cell found
[2023-01-10 08:51:00.668] [nas] [error] PLMN selection failure, no cells in coverage
[2023-01-10 08:51:19.762] [rrc] [warning] Acceptable cell selection failed, no cell is in coverage
[2023-01-10 08:51:19.762] [rrc] [error] Cell selection failure, no suitable or acceptable cell found
[2023-01-10 08:51:31.497] [nas] [error] PLMN selection failure, no cells in coverage
[2023-01-10 08:51:49.774] [rrc] [warning] Acceptable cell selection failed, no cell is in coverage
[2023-01-10 08:51:49.774] [rrc] [error] Cell selection failure, no suitable or acceptable cell found
[2023-01-10 08:52:02.325] [nas] [error] PLMN selection failure, no cells in coverage
[2023-01-10 08:52:19.786] [rrc] [warning] Acceptable cell selection failed, no cell is in coverage
[2023-01-10 08:52:19.786] [rrc] [error] Cell selection failure, no suitable or acceptable cell found
[2023-01-10 08:52:33.153] [nas] [error] PLMN selection failure, no cells in coverage
[2023-01-10 08:52:49.798] [rrc] [warning] Acceptable cell selection failed, no cell is in coverage
[2023-01-10 08:52:49.798] [rrc] [error] Cell selection failure, no suitable or acceptable cell found
[2023-01-10 08:53:03.982] [nas] [error] PLMN selection failure, no cells in coverage
[2023-01-10 08:53:19.810] [rrc] [warning] Acceptable cell selection failed, no cell is in coverage
[2023-01-10 08:53:19.810] [rrc] [error] Cell selection failure, no suitable or acceptable cell found
[2023-01-10 08:53:34.810] [nas] [error] PLMN selection failure, no cells in coverage
[2023-01-10 08:53:49.822] [rrc] [warning] Acceptable cell selection failed, no cell is in coverage
[2023-01-10 08:53:49.822] [rrc] [error] Cell selection failure, no suitable or acceptable cell found
[2023-01-10 08:54:05.638] [nas] [error] PLMN selection failure, no cells in coverage
[2023-01-10 08:54:19.834] [rrc] [warning] Acceptable cell selection failed, no cell is in coverage
[2023-01-10 08:54:19.834] [rrc] [error] Cell selection failure, no suitable or acceptable cell found
[2023-01-10 08:54:36.466] [nas] [error] PLMN selection failure, no cells in coverage
[2023-01-10 08:54:49.846] [rrc] [warning] Acceptable cell selection failed, no cell is in coverage
[2023-01-10 08:54:49.846] [rrc] [error] Cell selection failure, no suitable or acceptable cell found
[2023-01-10 08:55:07.294] [nas] [error] PLMN selection failure, no cells in coverage
[2023-01-10 08:55:19.859] [rrc] [warning] Acceptable cell selection failed, no cell is in coverage
[2023-01-10 08:55:19.859] [rrc] [error] Cell selection failure, no suitable or acceptable cell found
[2023-01-10 08:55:38.122] [nas] [error] PLMN selection failure, no cells in coverage
[2023-01-10 08:55:49.871] [rrc] [warning] Acceptable cell selection failed, no cell is in coverage
[2023-01-10 08:55:49.871] [rrc] [error] Cell selection failure, no suitable or acceptable cell found
[2023-01-10 08:56:08.950] [nas] [error] PLMN selection failure, no cells in coverage
[2023-01-10 08:56:19.883] [rrc] [warning] Acceptable cell selection failed, no cell is in coverage
[2023-01-10 08:56:19.883] [rrc] [error] Cell selection failure, no suitable or acceptable cell found
[2023-01-10 08:56:39.778] [nas] [error] PLMN selection failure, no cells in coverage
[2023-01-10 08:56:49.895] [rrc] [warning] Acceptable cell selection failed, no cell is in coverage
[2023-01-10 08:56:49.895] [rrc] [error] Cell selection failure, no suitable or acceptable cell found
[2023-01-10 08:57:10.606] [nas] [error] PLMN selection failure, no cells in coverage
[2023-01-10 08:57:19.907] [rrc] [warning] Acceptable cell selection failed, no cell is in coverage
[2023-01-10 08:57:19.907] [rrc] [error] Cell selection failure, no suitable or acceptable cell found
[2023-01-10 08:57:41.434] [nas] [error] PLMN selection failure, no cells in coverage
[2023-01-10 08:57:49.920] [rrc] [warning] Acceptable cell selection failed, no cell is in coverage
[2023-01-10 08:57:49.920] [rrc] [error] Cell selection failure, no suitable or acceptable cell found
[2023-01-10 08:58:12.262] [nas] [error] PLMN selection failure, no cells in coverage
[2023-01-10 08:58:19.932] [rrc] [warning] Acceptable cell selection failed, no cell is in coverage
[2023-01-10 08:58:19.932] [rrc] [error] Cell selection failure, no suitable or acceptable cell found
[2023-01-10 08:58:43.090] [nas] [error] PLMN selection failure, no cells in coverage
[2023-01-10 08:58:49.944] [rrc] [warning] Acceptable cell selection failed, no cell is in coverage
[2023-01-10 08:58:49.944] [rrc] [error] Cell selection failure, no suitable or acceptable cell found
[2023-01-10 08:59:13.918] [nas] [error] PLMN selection failure, no cells in coverage
[2023-01-10 08:59:19.956] [rrc] [warning] Acceptable cell selection failed, no cell is in coverage
[2023-01-10 08:59:19.956] [rrc] [error] Cell selection failure, no suitable or acceptable cell found
[2023-01-10 08:59:44.746] [nas] [error] PLMN selection failure, no cells in coverage
[2023-01-10 08:59:49.968] [rrc] [warning] Acceptable cell selection failed, no cell is in coverage
[2023-01-10 08:59:49.968] [rrc] [error] Cell selection failure, no suitable or acceptable cell found
[2023-01-10 09:00:15.574] [nas] [error] PLMN selection failure, no cells in coverage
[2023-01-10 09:00:19.980] [rrc] [warning] Acceptable cell selection failed, no cell is in coverage
[2023-01-10 09:00:19.980] [rrc] [error] Cell selection failure, no suitable or acceptable cell found
[2023-01-10 09:00:46.403] [nas] [error] PLMN selection failure, no cells in coverage
[2023-01-10 09:00:49.992] [rrc] [warning] Acceptable cell selection failed, no cell is in coverage
[2023-01-10 09:00:49.992] [rrc] [error] Cell selection failure, no suitable or acceptable cell found
[2023-01-10 09:01:17.231] [nas] [error] PLMN selection failure, no cells in coverage
[2023-01-10 09:01:20.004] [rrc] [warning] Acceptable cell selection failed, no cell is in coverage
[2023-01-10 09:01:20.004] [rrc] [error] Cell selection failure, no suitable or acceptable cell found
[2023-01-10 09:01:48.059] [nas] [error] PLMN selection failure, no cells in coverage
[2023-01-10 09:01:50.016] [rrc] [warning] Acceptable cell selection failed, no cell is in coverage
[2023-01-10 09:01:50.016] [rrc] [error] Cell selection failure, no suitable or acceptable cell found
[2023-01-10 09:02:18.888] [nas] [error] PLMN selection failure, no cells in coverage
[2023-01-10 09:02:20.029] [rrc] [warning] Acceptable cell selection failed, no cell is in coverage
[2023-01-10 09:02:20.029] [rrc] [error] Cell selection failure, no suitable or acceptable cell found
[2023-01-10 09:02:49.716] [nas] [error] PLMN selection failure, no cells in coverage
[2023-01-10 09:02:50.041] [rrc] [warning] Acceptable cell selection failed, no cell is in coverage
[2023-01-10 09:02:50.041] [rrc] [error] Cell selection failure, no suitable or acceptable cell found
[2023-01-10 09:03:20.053] [rrc] [warning] Acceptable cell selection failed, no cell is in coverage
[2023-01-10 09:03:20.053] [rrc] [error] Cell selection failure, no suitable or acceptable cell found
[2023-01-10 09:03:20.544] [nas] [error] PLMN selection failure, no cells in coverage
[2023-01-10 09:03:50.065] [rrc] [warning] Acceptable cell selection failed, no cell is in coverage
[2023-01-10 09:03:50.065] [rrc] [error] Cell selection failure, no suitable or acceptable cell found
[2023-01-10 09:03:51.372] [nas] [error] PLMN selection failure, no cells in coverage
[2023-01-10 09:04:20.078] [rrc] [warning] Acceptable cell selection failed, no cell is in coverage
[2023-01-10 09:04:20.078] [rrc] [error] Cell selection failure, no suitable or acceptable cell found
[2023-01-10 09:04:22.200] [nas] [error] PLMN selection failure, no cells in coverage
[2023-01-10 09:04:50.090] [rrc] [warning] Acceptable cell selection failed, no cell is in coverage
[2023-01-10 09:04:50.090] [rrc] [error] Cell selection failure, no suitable or acceptable cell found
[2023-01-10 09:04:53.029] [nas] [error] PLMN selection failure, no cells in coverage
[2023-01-10 09:05:20.102] [rrc] [warning] Acceptable cell selection failed, no cell is in coverage
[2023-01-10 09:05:20.102] [rrc] [error] Cell selection failure, no suitable or acceptable cell found
[2023-01-10 09:05:23.857] [nas] [error] PLMN selection failure, no cells in coverage
[2023-01-10 09:05:50.114] [rrc] [warning] Acceptable cell selection failed, no cell is in coverage
[2023-01-10 09:05:50.114] [rrc] [error] Cell selection failure, no suitable or acceptable cell found
[2023-01-10 09:05:54.685] [nas] [error] PLMN selection failure, no cells in coverage
[2023-01-10 09:06:20.127] [rrc] [warning] Acceptable cell selection failed, no cell is in coverage
[2023-01-10 09:06:20.127] [rrc] [error] Cell selection failure, no suitable or acceptable cell found
[2023-01-10 09:06:25.513] [nas] [error] PLMN selection failure, no cells in coverage
[2023-01-10 09:06:50.139] [rrc] [warning] Acceptable cell selection failed, no cell is in coverage
[2023-01-10 09:06:50.139] [rrc] [error] Cell selection failure, no suitable or acceptable cell found
