UERANSIM v3.2.6
[2023-01-10 08:45:08.659] [nas] [info] UE switches to state [MM-DEREGISTERED/PLMN-SEARCH]
[2023-01-10 08:45:08.664] [rrc] [debug] New signal detected for cell[1], total [1] cells in coverage
[2023-01-10 08:45:08.666] [nas] [info] Selected plmn[208/93]
[2023-01-10 08:45:08.666] [rrc] [info] Selected cell plmn[208/93] tac[1] category[SUITABLE]
[2023-01-10 08:45:08.666] [nas] [info] UE switches to state [MM-DEREGISTERED/PS]
[2023-01-10 08:45:08.666] [nas] [info] UE switches to state [MM-DEREGISTERED/NORMAL-SERVICE]
[2023-01-10 08:45:08.666] [nas] [debug] Initial registration required due to [MM-DEREG-NORMAL-SERVICE]
[2023-01-10 08:45:08.666] [nas] [debug] UAC access attempt is allowed for identity[0], category[MO_sig]
[2023-01-10 08:45:08.666] [nas] [debug] Sending Initial Registration
[2023-01-10 08:45:08.666] [nas] [info] UE switches to state [MM-REGISTER-INITIATED]
[2023-01-10 08:45:08.667] [rrc] [debug] Sending RRC Setup Request
[2023-01-10 08:45:08.667] [rrc] [info] RRC connection established
[2023-01-10 08:45:08.667] [rrc] [info] UE switches to state [RRC-CONNECTED]
[2023-01-10 08:45:08.667] [nas] [info] UE switches to state [CM-CONNECTED]
[2023-01-10 08:45:08.684] [nas] [debug] Authentication Request received
[2023-01-10 08:45:08.684] [nas] [debug] Sending Authentication Failure due to SQN out of range
[2023-01-10 08:45:08.697] [nas] [debug] Authentication Request received
[2023-01-10 08:45:08.703] [nas] [debug] Security Mode Command received
[2023-01-10 08:45:08.703] [nas] [debug] Selected integrity[2] ciphering[0]
[2023-01-10 08:45:08.728] [nas] [debug] Registration accept received
[2023-01-10 08:45:08.728] [nas] [info] UE switches to state [MM-REGISTERED/NORMAL-SERVICE]
[2023-01-10 08:45:08.728] [nas] [debug] Sending Registration Complete
[2023-01-10 08:45:08.728] [nas] [info] Initial Registration is successful
[2023-01-10 08:45:08.728] [nas] [debug] Sending PDU Session Establishment Request
[2023-01-10 08:45:08.729] [nas] [debug] UAC access attempt is allowed for identity[0], category[MO_sig]
[2023-01-10 08:45:08.964] [nas] [debug] PDU Session Establishment Accept received
[2023-01-10 08:45:08.964] [nas] [info] PDU Session establishment is successful PSI[1]
[2023-01-10 08:45:08.989] [app] [info] Connection setup for PDU session[1] is successful, TUN interface[uesimtun67, 10.60.0.72] is up.
[2023-01-10 08:46:17.211] [nas] [debug] Sending PDU Session Establishment Request
[2023-01-10 08:46:17.354] [nas] [error] No response from RRC from UAC checks, considering access attempt is barred
[2023-01-10 08:46:17.607] [nas] [debug] Sending PDU Session Establishment Request
[2023-01-10 08:46:17.759] [nas] [error] No response from RRC from UAC checks, considering access attempt is barred
[2023-01-10 08:46:18.315] [nas] [debug] Sending PDU Session Release Request for PSI[1]
[2023-01-10 08:46:18.326] [rrc] [debug] Signal lost for cell[1], total [0] cells in coverage
[2023-01-10 08:46:18.326] [nas] [error] Radio link failure detected
[2023-01-10 08:46:18.326] [nas] [info] UE switches to state [CM-IDLE]
[2023-01-10 08:46:18.326] [nas] [info] UE switches to state [MM-REGISTERED/PS]
[2023-01-10 08:46:18.326] [nas] [info] UE switches to state [MM-REGISTERED/PLMN-SEARCH]
[2023-01-10 08:46:18.326] [nas] [error] PLMN selection failure, no cells in coverage
[2023-01-10 08:46:18.687] [rrc] [warning] Acceptable cell selection failed, no cell is in coverage
[2023-01-10 08:46:18.687] [rrc] [error] Cell selection failure, no suitable or acceptable cell found
[2023-01-10 08:46:21.328] [nas] [error] PLMN selection failure, no cells in coverage
[2023-01-10 08:46:23.530] [nas] [info] UE switches to state [MM-REGISTERED/NO-CELL-AVAILABLE]
[2023-01-10 08:46:33.777] [nas] [warning] Retransmitting PDU Session Establishment Request due to T3580 expiry
[2023-01-10 08:46:33.779] [nas] [error] UAC access attempt is barred for identity[0], category[MO_sig]
[2023-01-10 08:46:33.779] [nas] [warning] Retransmitting PDU Session Establishment Request due to T3580 expiry
[2023-01-10 08:46:33.779] [nas] [error] UAC access attempt is barred for identity[0], category[MO_sig]
[2023-01-10 08:46:34.778] [nas] [warning] Retransmitting PDU Session Release Request due to T3582 expiry
[2023-01-10 08:46:34.778] [nas] [debug] NAS Transport aborted, no active cell
[2023-01-10 08:46:48.699] [rrc] [warning] Acceptable cell selection failed, no cell is in coverage
[2023-01-10 08:46:48.699] [rrc] [error] Cell selection failure, no suitable or acceptable cell found
[2023-01-10 08:46:49.793] [nas] [warning] Retransmitting PDU Session Establishment Request due to T3580 expiry
[2023-01-10 08:46:49.793] [nas] [error] UAC access attempt is barred for identity[0], category[MO_sig]
[2023-01-10 08:46:49.793] [nas] [warning] Retransmitting PDU Session Establishment Request due to T3580 expiry
[2023-01-10 08:46:49.793] [nas] [error] UAC access attempt is barred for identity[0], category[MO_sig]
[2023-01-10 08:46:50.794] [nas] [warning] Retransmitting PDU Session Release Request due to T3582 expiry
[2023-01-10 08:46:50.794] [nas] [debug] NAS Transport aborted, no active cell
[2023-01-10 08:46:52.158] [nas] [error] PLMN selection failure, no cells in coverage
[2023-01-10 08:47:05.811] [nas] [warning] Retransmitting PDU Session Establishment Request due to T3580 expiry
[2023-01-10 08:47:05.811] [nas] [error] UAC access attempt is barred for identity[0], category[MO_sig]
[2023-01-10 08:47:05.811] [nas] [warning] Retransmitting PDU Session Establishment Request due to T3580 expiry
[2023-01-10 08:47:05.811] [nas] [error] UAC access attempt is barred for identity[0], category[MO_sig]
[2023-01-10 08:47:06.812] [nas] [warning] Retransmitting PDU Session Release Request due to T3582 expiry
[2023-01-10 08:47:06.812] [nas] [debug] NAS Transport aborted, no active cell
[2023-01-10 08:47:18.711] [rrc] [warning] Acceptable cell selection failed, no cell is in coverage
[2023-01-10 08:47:18.711] [rrc] [error] Cell selection failure, no suitable or acceptable cell found
[2023-01-10 08:47:21.827] [nas] [warning] Retransmitting PDU Session Establishment Request due to T3580 expiry
[2023-01-10 08:47:21.827] [nas] [error] UAC access attempt is barred for identity[0], category[MO_sig]
[2023-01-10 08:47:21.827] [nas] [warning] Retransmitting PDU Session Establishment Request due to T3580 expiry
[2023-01-10 08:47:21.827] [nas] [error] UAC access attempt is barred for identity[0], category[MO_sig]
[2023-01-10 08:47:22.828] [nas] [warning] Retransmitting PDU Session Release Request due to T3582 expiry
[2023-01-10 08:47:22.828] [nas] [debug] NAS Transport aborted, no active cell
[2023-01-10 08:47:22.986] [nas] [error] PLMN selection failure, no cells in coverage
[2023-01-10 08:47:37.843] [nas] [error] PDU Session Establishment procedure failure, no response from the network after 5 attempts
[2023-01-10 08:47:37.843] [nas] [debug] Aborting SM procedure for PTI[1], PSI[2]
[2023-01-10 08:47:37.843] [nas] [error] PDU Session Establishment procedure failure, no response from the network after 5 attempts
[2023-01-10 08:47:37.843] [nas] [debug] Aborting SM procedure for PTI[2], PSI[3]
[2023-01-10 08:47:38.844] [nas] [error] PDU Session Release procedure failure, no response from the network after 5 attempts
[2023-01-10 08:47:38.844] [nas] [debug] Aborting SM procedure for PTI[3], PSI[1]
[2023-01-10 08:47:38.844] [nas] [debug] Performing local release of PDU session[1]
[2023-01-10 08:47:38.844] [nas] [debug] Mobility registration updating required due to [PS-STATUS-INFORM]
[2023-01-10 08:47:48.742] [rrc] [warning] Acceptable cell selection failed, no cell is in coverage
[2023-01-10 08:47:48.742] [rrc] [error] Cell selection failure, no suitable or acceptable cell found
[2023-01-10 08:47:53.815] [nas] [error] PLMN selection failure, no cells in coverage
[2023-01-10 08:48:18.844] [nas] [debug] De-registration required due to [NORMAL]
[2023-01-10 08:48:18.851] [rrc] [warning] Acceptable cell selection failed, no cell is in coverage
[2023-01-10 08:48:18.851] [rrc] [error] Cell selection failure, no suitable or acceptable cell found
[2023-01-10 08:48:24.643] [nas] [error] PLMN selection failure, no cells in coverage
[2023-01-10 08:48:48.863] [rrc] [warning] Acceptable cell selection failed, no cell is in coverage
[2023-01-10 08:48:48.863] [rrc] [error] Cell selection failure, no suitable or acceptable cell found
[2023-01-10 08:48:55.472] [nas] [error] PLMN selection failure, no cells in coverage
[2023-01-10 08:49:18.875] [rrc] [warning] Acceptable cell selection failed, no cell is in coverage
[2023-01-10 08:49:18.875] [rrc] [error] Cell selection failure, no suitable or acceptable cell found
[2023-01-10 08:49:26.302] [nas] [error] PLMN selection failure, no cells in coverage
[2023-01-10 08:49:48.887] [rrc] [warning] Acceptable cell selection failed, no cell is in coverage
[2023-01-10 08:49:48.887] [rrc] [error] Cell selection failure, no suitable or acceptable cell found
[2023-01-10 08:49:57.130] [nas] [error] PLMN selection failure, no cells in coverage
[2023-01-10 08:50:18.899] [rrc] [warning] Acceptable cell selection failed, no cell is in coverage
[2023-01-10 08:50:18.899] [rrc] [error] Cell selection failure, no suitable or acceptable cell found
[2023-01-10 08:50:27.975] [nas] [error] PLMN selection failure, no cells in coverage
[2023-01-10 08:50:48.911] [rrc] [warning] Acceptable cell selection failed, no cell is in coverage
[2023-01-10 08:50:48.911] [rrc] [error] Cell selection failure, no suitable or acceptable cell found
[2023-01-10 08:50:58.803] [nas] [error] PLMN selection failure, no cells in coverage
[2023-01-10 08:51:18.923] [rrc] [warning] Acceptable cell selection failed, no cell is in coverage
[2023-01-10 08:51:18.923] [rrc] [error] Cell selection failure, no suitable or acceptable cell found
[2023-01-10 08:51:29.632] [nas] [error] PLMN selection failure, no cells in coverage
[2023-01-10 08:51:48.935] [rrc] [warning] Acceptable cell selection failed, no cell is in coverage
[2023-01-10 08:51:48.935] [rrc] [error] Cell selection failure, no suitable or acceptable cell found
[2023-01-10 08:52:00.460] [nas] [error] PLMN selection failure, no cells in coverage
[2023-01-10 08:52:18.948] [rrc] [warning] Acceptable cell selection failed, no cell is in coverage
[2023-01-10 08:52:18.948] [rrc] [error] Cell selection failure, no suitable or acceptable cell found
[2023-01-10 08:52:31.288] [nas] [error] PLMN selection failure, no cells in coverage
[2023-01-10 08:52:48.960] [rrc] [warning] Acceptable cell selection failed, no cell is in coverage
[2023-01-10 08:52:48.960] [rrc] [error] Cell selection failure, no suitable or acceptable cell found
[2023-01-10 08:53:02.118] [nas] [error] PLMN selection failure, no cells in coverage
[2023-01-10 08:53:18.972] [rrc] [warning] Acceptable cell selection failed, no cell is in coverage
[2023-01-10 08:53:18.972] [rrc] [error] Cell selection failure, no suitable or acceptable cell found
[2023-01-10 08:53:32.947] [nas] [error] PLMN selection failure, no cells in coverage
[2023-01-10 08:53:48.984] [rrc] [warning] Acceptable cell selection failed, no cell is in coverage
[2023-01-10 08:53:48.984] [rrc] [error] Cell selection failure, no suitable or acceptable cell found
[2023-01-10 08:54:03.775] [nas] [error] PLMN selection failure, no cells in coverage
[2023-01-10 08:54:18.996] [rrc] [warning] Acceptable cell selection failed, no cell is in coverage
[2023-01-10 08:54:18.996] [rrc] [error] Cell selection failure, no suitable or acceptable cell found
[2023-01-10 08:54:34.604] [nas] [error] PLMN selection failure, no cells in coverage
[2023-01-10 08:54:49.008] [rrc] [warning] Acceptable cell selection failed, no cell is in coverage
[2023-01-10 08:54:49.009] [rrc] [error] Cell selection failure, no suitable or acceptable cell found
[2023-01-10 08:55:05.432] [nas] [error] PLMN selection failure, no cells in coverage
[2023-01-10 08:55:19.020] [rrc] [warning] Acceptable cell selection failed, no cell is in coverage
[2023-01-10 08:55:19.020] [rrc] [error] Cell selection failure, no suitable or acceptable cell found
[2023-01-10 08:55:36.260] [nas] [error] PLMN selection failure, no cells in coverage
[2023-01-10 08:55:49.032] [rrc] [warning] Acceptable cell selection failed, no cell is in coverage
[2023-01-10 08:55:49.032] [rrc] [error] Cell selection failure, no suitable or acceptable cell found
[2023-01-10 08:56:07.088] [nas] [error] PLMN selection failure, no cells in coverage
[2023-01-10 08:56:19.044] [rrc] [warning] Acceptable cell selection failed, no cell is in coverage
[2023-01-10 08:56:19.044] [rrc] [error] Cell selection failure, no suitable or acceptable cell found
[2023-01-10 08:56:37.916] [nas] [error] PLMN selection failure, no cells in coverage
[2023-01-10 08:56:49.057] [rrc] [warning] Acceptable cell selection failed, no cell is in coverage
[2023-01-10 08:56:49.057] [rrc] [error] Cell selection failure, no suitable or acceptable cell found
[2023-01-10 08:57:08.744] [nas] [error] PLMN selection failure, no cells in coverage
[2023-01-10 08:57:19.069] [rrc] [warning] Acceptable cell selection failed, no cell is in coverage
[2023-01-10 08:57:19.069] [rrc] [error] Cell selection failure, no suitable or acceptable cell found
[2023-01-10 08:57:39.572] [nas] [error] PLMN selection failure, no cells in coverage
[2023-01-10 08:57:49.081] [rrc] [warning] Acceptable cell selection failed, no cell is in coverage
[2023-01-10 08:57:49.081] [rrc] [error] Cell selection failure, no suitable or acceptable cell found
[2023-01-10 08:58:10.400] [nas] [error] PLMN selection failure, no cells in coverage
[2023-01-10 08:58:19.093] [rrc] [warning] Acceptable cell selection failed, no cell is in coverage
[2023-01-10 08:58:19.093] [rrc] [error] Cell selection failure, no suitable or acceptable cell found
[2023-01-10 08:58:41.228] [nas] [error] PLMN selection failure, no cells in coverage
[2023-01-10 08:58:49.105] [rrc] [warning] Acceptable cell selection failed, no cell is in coverage
[2023-01-10 08:58:49.105] [rrc] [error] Cell selection failure, no suitable or acceptable cell found
[2023-01-10 08:59:12.056] [nas] [error] PLMN selection failure, no cells in coverage
[2023-01-10 08:59:19.117] [rrc] [warning] Acceptable cell selection failed, no cell is in coverage
[2023-01-10 08:59:19.117] [rrc] [error] Cell selection failure, no suitable or acceptable cell found
[2023-01-10 08:59:42.884] [nas] [error] PLMN selection failure, no cells in coverage
[2023-01-10 08:59:49.129] [rrc] [warning] Acceptable cell selection failed, no cell is in coverage
[2023-01-10 08:59:49.129] [rrc] [error] Cell selection failure, no suitable or acceptable cell found
[2023-01-10 09:00:13.714] [nas] [error] PLMN selection failure, no cells in coverage
[2023-01-10 09:00:19.141] [rrc] [warning] Acceptable cell selection failed, no cell is in coverage
[2023-01-10 09:00:19.141] [rrc] [error] Cell selection failure, no suitable or acceptable cell found
[2023-01-10 09:00:44.542] [nas] [error] PLMN selection failure, no cells in coverage
[2023-01-10 09:00:49.153] [rrc] [warning] Acceptable cell selection failed, no cell is in coverage
[2023-01-10 09:00:49.153] [rrc] [error] Cell selection failure, no suitable or acceptable cell found
[2023-01-10 09:01:15.370] [nas] [error] PLMN selection failure, no cells in coverage
[2023-01-10 09:01:19.165] [rrc] [warning] Acceptable cell selection failed, no cell is in coverage
[2023-01-10 09:01:19.165] [rrc] [error] Cell selection failure, no suitable or acceptable cell found
[2023-01-10 09:01:46.198] [nas] [error] PLMN selection failure, no cells in coverage
[2023-01-10 09:01:49.177] [rrc] [warning] Acceptable cell selection failed, no cell is in coverage
[2023-01-10 09:01:49.177] [rrc] [error] Cell selection failure, no suitable or acceptable cell found
[2023-01-10 09:02:17.026] [nas] [error] PLMN selection failure, no cells in coverage
[2023-01-10 09:02:19.189] [rrc] [warning] Acceptable cell selection failed, no cell is in coverage
[2023-01-10 09:02:19.189] [rrc] [error] Cell selection failure, no suitable or acceptable cell found
[2023-01-10 09:02:47.854] [nas] [error] PLMN selection failure, no cells in coverage
[2023-01-10 09:02:49.201] [rrc] [warning] Acceptable cell selection failed, no cell is in coverage
[2023-01-10 09:02:49.201] [rrc] [error] Cell selection failure, no suitable or acceptable cell found
[2023-01-10 09:03:18.683] [nas] [error] PLMN selection failure, no cells in coverage
[2023-01-10 09:03:19.213] [rrc] [warning] Acceptable cell selection failed, no cell is in coverage
[2023-01-10 09:03:19.213] [rrc] [error] Cell selection failure, no suitable or acceptable cell found
[2023-01-10 09:03:49.225] [rrc] [warning] Acceptable cell selection failed, no cell is in coverage
[2023-01-10 09:03:49.225] [rrc] [error] Cell selection failure, no suitable or acceptable cell found
[2023-01-10 09:03:49.511] [nas] [error] PLMN selection failure, no cells in coverage
[2023-01-10 09:04:19.237] [rrc] [warning] Acceptable cell selection failed, no cell is in coverage
[2023-01-10 09:04:19.237] [rrc] [error] Cell selection failure, no suitable or acceptable cell found
[2023-01-10 09:04:20.339] [nas] [error] PLMN selection failure, no cells in coverage
[2023-01-10 09:04:49.249] [rrc] [warning] Acceptable cell selection failed, no cell is in coverage
[2023-01-10 09:04:49.249] [rrc] [error] Cell selection failure, no suitable or acceptable cell found
[2023-01-10 09:04:51.167] [nas] [error] PLMN selection failure, no cells in coverage
[2023-01-10 09:05:19.261] [rrc] [warning] Acceptable cell selection failed, no cell is in coverage
[2023-01-10 09:05:19.261] [rrc] [error] Cell selection failure, no suitable or acceptable cell found
[2023-01-10 09:05:21.996] [nas] [error] PLMN selection failure, no cells in coverage
[2023-01-10 09:05:49.273] [rrc] [warning] Acceptable cell selection failed, no cell is in coverage
[2023-01-10 09:05:49.273] [rrc] [error] Cell selection failure, no suitable or acceptable cell found
[2023-01-10 09:05:52.825] [nas] [error] PLMN selection failure, no cells in coverage
[2023-01-10 09:06:19.285] [rrc] [warning] Acceptable cell selection failed, no cell is in coverage
[2023-01-10 09:06:19.285] [rrc] [error] Cell selection failure, no suitable or acceptable cell found
[2023-01-10 09:06:23.654] [nas] [error] PLMN selection failure, no cells in coverage
[2023-01-10 09:06:49.297] [rrc] [warning] Acceptable cell selection failed, no cell is in coverage
[2023-01-10 09:06:49.297] [rrc] [error] Cell selection failure, no suitable or acceptable cell found
[2023-01-10 09:06:54.482] [nas] [error] PLMN selection failure, no cells in coverage
