UERANSIM v3.2.6
[2023-01-10 08:44:58.650] [nas] [info] UE switches to state [MM-DEREGISTERED/PLMN-SEARCH]
[2023-01-10 08:44:58.655] [rrc] [debug] New signal detected for cell[1], total [1] cells in coverage
[2023-01-10 08:44:58.655] [nas] [info] Selected plmn[208/93]
[2023-01-10 08:44:58.655] [rrc] [info] Selected cell plmn[208/93] tac[1] category[SUITABLE]
[2023-01-10 08:44:58.655] [nas] [info] UE switches to state [MM-DEREGISTERED/PS]
[2023-01-10 08:44:58.655] [nas] [info] UE switches to state [MM-DEREGISTERED/NORMAL-SERVICE]
[2023-01-10 08:44:58.655] [nas] [debug] Initial registration required due to [MM-DEREG-NORMAL-SERVICE]
[2023-01-10 08:44:58.657] [nas] [debug] UAC access attempt is allowed for identity[0], category[MO_sig]
[2023-01-10 08:44:58.657] [nas] [debug] Sending Initial Registration
[2023-01-10 08:44:58.657] [rrc] [debug] Sending RRC Setup Request
[2023-01-10 08:44:58.657] [nas] [info] UE switches to state [MM-REGISTER-INITIATED]
[2023-01-10 08:44:58.658] [rrc] [info] RRC connection established
[2023-01-10 08:44:58.658] [rrc] [info] UE switches to state [RRC-CONNECTED]
[2023-01-10 08:44:58.658] [nas] [info] UE switches to state [CM-CONNECTED]
[2023-01-10 08:44:58.675] [nas] [debug] Authentication Request received
[2023-01-10 08:44:58.675] [nas] [debug] Sending Authentication Failure due to SQN out of range
[2023-01-10 08:44:58.687] [nas] [debug] Authentication Request received
[2023-01-10 08:44:58.695] [nas] [debug] Security Mode Command received
[2023-01-10 08:44:58.695] [nas] [debug] Selected integrity[2] ciphering[0]
[2023-01-10 08:44:58.727] [nas] [debug] Registration accept received
[2023-01-10 08:44:58.727] [nas] [info] UE switches to state [MM-REGISTERED/NORMAL-SERVICE]
[2023-01-10 08:44:58.727] [nas] [debug] Sending Registration Complete
[2023-01-10 08:44:58.727] [nas] [info] Initial Registration is successful
[2023-01-10 08:44:58.727] [nas] [debug] Sending PDU Session Establishment Request
[2023-01-10 08:44:58.727] [nas] [debug] UAC access attempt is allowed for identity[0], category[MO_sig]
[2023-01-10 08:44:58.967] [nas] [debug] PDU Session Establishment Accept received
[2023-01-10 08:44:58.967] [nas] [info] PDU Session establishment is successful PSI[1]
[2023-01-10 08:44:58.992] [app] [info] Connection setup for PDU session[1] is successful, TUN interface[uesimtun61, 10.60.0.66] is up.
[2023-01-10 08:46:17.425] [nas] [debug] Sending PDU Session Release Request for PSI[1]
[2023-01-10 08:46:17.688] [nas] [debug] Sending PDU Session Establishment Request
[2023-01-10 08:46:17.854] [nas] [error] No response from RRC from UAC checks, considering access attempt is barred
[2023-01-10 08:46:18.058] [nas] [debug] Sending PDU Session Release Request for PSI[1]
[2023-01-10 08:46:18.277] [nas] [debug] De-registration required due to [NORMAL]
[2023-01-10 08:46:18.287] [nas] [debug] Starting de-registration procedure due to [NORMAL]
[2023-01-10 08:46:18.287] [nas] [debug] Performing local release of PDU session[1]
[2023-01-10 08:46:18.287] [nas] [info] UE switches to state [MM-DEREGISTER-INITIATED]
[2023-01-10 08:46:18.518] [rrc] [debug] Signal lost for cell[1], total [0] cells in coverage
[2023-01-10 08:46:18.518] [nas] [error] Radio link failure detected
[2023-01-10 08:46:18.518] [nas] [info] UE switches to state [CM-IDLE]
[2023-01-10 08:46:18.518] [nas] [info] UE switches to state [MM-DEREGISTERED/PS]
[2023-01-10 08:46:18.518] [nas] [info] UE switches to state [MM-DEREGISTERED/PLMN-SEARCH]
[2023-01-10 08:46:18.518] [nas] [error] PLMN selection failure, no cells in coverage
[2023-01-10 08:46:18.682] [rrc] [warning] Acceptable cell selection failed, no cell is in coverage
[2023-01-10 08:46:18.682] [rrc] [error] Cell selection failure, no suitable or acceptable cell found
[2023-01-10 08:46:21.230] [nas] [error] PLMN selection failure, no cells in coverage
[2023-01-10 08:46:23.432] [nas] [error] PLMN selection failure, no cells in coverage
[2023-01-10 08:46:24.533] [nas] [info] UE switches to state [MM-DEREGISTERED/NO-CELL-AVAILABLE]
[2023-01-10 08:46:33.878] [nas] [warning] Retransmitting PDU Session Release Request due to T3582 expiry
[2023-01-10 08:46:33.878] [nas] [debug] NAS Transport aborted, no active cell
[2023-01-10 08:46:33.878] [nas] [warning] Retransmitting PDU Session Establishment Request due to T3580 expiry
[2023-01-10 08:46:33.878] [nas] [error] UAC access attempt is barred for identity[0], category[MO_sig]
[2023-01-10 08:46:34.879] [nas] [warning] Retransmitting PDU Session Release Request due to T3582 expiry
[2023-01-10 08:46:34.879] [nas] [debug] NAS Transport aborted, no active cell
[2023-01-10 08:46:48.694] [rrc] [warning] Acceptable cell selection failed, no cell is in coverage
[2023-01-10 08:46:48.694] [rrc] [error] Cell selection failure, no suitable or acceptable cell found
[2023-01-10 08:46:49.894] [nas] [warning] Retransmitting PDU Session Release Request due to T3582 expiry
[2023-01-10 08:46:49.894] [nas] [debug] NAS Transport aborted, no active cell
[2023-01-10 08:46:49.894] [nas] [warning] Retransmitting PDU Session Establishment Request due to T3580 expiry
[2023-01-10 08:46:49.894] [nas] [error] UAC access attempt is barred for identity[0], category[MO_sig]
[2023-01-10 08:46:50.895] [nas] [warning] Retransmitting PDU Session Release Request due to T3582 expiry
[2023-01-10 08:46:50.895] [nas] [debug] NAS Transport aborted, no active cell
[2023-01-10 08:46:54.260] [nas] [error] PLMN selection failure, no cells in coverage
[2023-01-10 08:47:05.911] [nas] [warning] Retransmitting PDU Session Release Request due to T3582 expiry
[2023-01-10 08:47:05.911] [nas] [debug] NAS Transport aborted, no active cell
[2023-01-10 08:47:05.911] [nas] [warning] Retransmitting PDU Session Establishment Request due to T3580 expiry
[2023-01-10 08:47:05.912] [nas] [error] UAC access attempt is barred for identity[0], category[MO_sig]
[2023-01-10 08:47:06.912] [nas] [warning] Retransmitting PDU Session Release Request due to T3582 expiry
[2023-01-10 08:47:06.912] [nas] [debug] NAS Transport aborted, no active cell
[2023-01-10 08:47:18.706] [rrc] [warning] Acceptable cell selection failed, no cell is in coverage
[2023-01-10 08:47:18.706] [rrc] [error] Cell selection failure, no suitable or acceptable cell found
[2023-01-10 08:47:21.927] [nas] [warning] Retransmitting PDU Session Release Request due to T3582 expiry
[2023-01-10 08:47:21.927] [nas] [debug] NAS Transport aborted, no active cell
[2023-01-10 08:47:21.927] [nas] [warning] Retransmitting PDU Session Establishment Request due to T3580 expiry
[2023-01-10 08:47:21.929] [nas] [error] UAC access attempt is barred for identity[0], category[MO_sig]
[2023-01-10 08:47:22.928] [nas] [warning] Retransmitting PDU Session Release Request due to T3582 expiry
[2023-01-10 08:47:22.928] [nas] [debug] NAS Transport aborted, no active cell
[2023-01-10 08:47:25.088] [nas] [error] PLMN selection failure, no cells in coverage
[2023-01-10 08:47:37.943] [nas] [error] PDU Session Release procedure failure, no response from the network after 5 attempts
[2023-01-10 08:47:37.943] [nas] [debug] Aborting SM procedure for PTI[1], PSI[1]
[2023-01-10 08:47:37.943] [nas] [debug] Performing local release of PDU session[1]
[2023-01-10 08:47:37.943] [nas] [debug] Mobility registration updating required due to [PS-STATUS-INFORM]
[2023-01-10 08:47:37.943] [nas] [error] PDU Session Establishment procedure failure, no response from the network after 5 attempts
[2023-01-10 08:47:37.943] [nas] [debug] Aborting SM procedure for PTI[2], PSI[2]
[2023-01-10 08:47:38.944] [nas] [error] PDU Session Release procedure failure, no response from the network after 5 attempts
[2023-01-10 08:47:38.944] [nas] [debug] Aborting SM procedure for PTI[3], PSI[1]
[2023-01-10 08:47:38.944] [nas] [debug] Performing local release of PDU session[1]
[2023-01-10 08:47:48.718] [rrc] [warning] Acceptable cell selection failed, no cell is in coverage
[2023-01-10 08:47:48.718] [rrc] [error] Cell selection failure, no suitable or acceptable cell found
[2023-01-10 08:47:55.916] [nas] [error] PLMN selection failure, no cells in coverage
[2023-01-10 08:48:18.561] [nas] [debug] De-registration required due to [NORMAL]
[2023-01-10 08:48:18.730] [rrc] [warning] Acceptable cell selection failed, no cell is in coverage
[2023-01-10 08:48:18.730] [rrc] [error] Cell selection failure, no suitable or acceptable cell found
[2023-01-10 08:48:26.744] [nas] [error] PLMN selection failure, no cells in coverage
[2023-01-10 08:48:48.742] [rrc] [warning] Acceptable cell selection failed, no cell is in coverage
[2023-01-10 08:48:48.742] [rrc] [error] Cell selection failure, no suitable or acceptable cell found
[2023-01-10 08:48:57.575] [nas] [error] PLMN selection failure, no cells in coverage
[2023-01-10 08:49:18.754] [rrc] [warning] Acceptable cell selection failed, no cell is in coverage
[2023-01-10 08:49:18.754] [rrc] [error] Cell selection failure, no suitable or acceptable cell found
[2023-01-10 08:49:28.404] [nas] [error] PLMN selection failure, no cells in coverage
[2023-01-10 08:49:48.766] [rrc] [warning] Acceptable cell selection failed, no cell is in coverage
[2023-01-10 08:49:48.766] [rrc] [error] Cell selection failure, no suitable or acceptable cell found
[2023-01-10 08:49:59.232] [nas] [error] PLMN selection failure, no cells in coverage
[2023-01-10 08:50:18.778] [rrc] [warning] Acceptable cell selection failed, no cell is in coverage
[2023-01-10 08:50:18.778] [rrc] [error] Cell selection failure, no suitable or acceptable cell found
[2023-01-10 08:50:30.061] [nas] [error] PLMN selection failure, no cells in coverage
[2023-01-10 08:50:48.790] [rrc] [warning] Acceptable cell selection failed, no cell is in coverage
[2023-01-10 08:50:48.790] [rrc] [error] Cell selection failure, no suitable or acceptable cell found
[2023-01-10 08:51:00.889] [nas] [error] PLMN selection failure, no cells in coverage
[2023-01-10 08:51:18.802] [rrc] [warning] Acceptable cell selection failed, no cell is in coverage
[2023-01-10 08:51:18.802] [rrc] [error] Cell selection failure, no suitable or acceptable cell found
[2023-01-10 08:51:31.717] [nas] [error] PLMN selection failure, no cells in coverage
[2023-01-10 08:51:48.814] [rrc] [warning] Acceptable cell selection failed, no cell is in coverage
[2023-01-10 08:51:48.814] [rrc] [error] Cell selection failure, no suitable or acceptable cell found
[2023-01-10 08:52:02.545] [nas] [error] PLMN selection failure, no cells in coverage
[2023-01-10 08:52:18.826] [rrc] [warning] Acceptable cell selection failed, no cell is in coverage
[2023-01-10 08:52:18.826] [rrc] [error] Cell selection failure, no suitable or acceptable cell found
[2023-01-10 08:52:33.373] [nas] [error] PLMN selection failure, no cells in coverage
[2023-01-10 08:52:48.838] [rrc] [warning] Acceptable cell selection failed, no cell is in coverage
[2023-01-10 08:52:48.838] [rrc] [error] Cell selection failure, no suitable or acceptable cell found
[2023-01-10 08:53:04.201] [nas] [error] PLMN selection failure, no cells in coverage
[2023-01-10 08:53:18.851] [rrc] [warning] Acceptable cell selection failed, no cell is in coverage
[2023-01-10 08:53:18.851] [rrc] [error] Cell selection failure, no suitable or acceptable cell found
[2023-01-10 08:53:35.029] [nas] [error] PLMN selection failure, no cells in coverage
[2023-01-10 08:53:48.863] [rrc] [warning] Acceptable cell selection failed, no cell is in coverage
[2023-01-10 08:53:48.863] [rrc] [error] Cell selection failure, no suitable or acceptable cell found
[2023-01-10 08:54:05.857] [nas] [error] PLMN selection failure, no cells in coverage
[2023-01-10 08:54:18.875] [rrc] [warning] Acceptable cell selection failed, no cell is in coverage
[2023-01-10 08:54:18.875] [rrc] [error] Cell selection failure, no suitable or acceptable cell found
[2023-01-10 08:54:36.686] [nas] [error] PLMN selection failure, no cells in coverage
[2023-01-10 08:54:48.887] [rrc] [warning] Acceptable cell selection failed, no cell is in coverage
[2023-01-10 08:54:48.887] [rrc] [error] Cell selection failure, no suitable or acceptable cell found
[2023-01-10 08:55:07.514] [nas] [error] PLMN selection failure, no cells in coverage
[2023-01-10 08:55:18.899] [rrc] [warning] Acceptable cell selection failed, no cell is in coverage
[2023-01-10 08:55:18.899] [rrc] [error] Cell selection failure, no suitable or acceptable cell found
[2023-01-10 08:55:38.342] [nas] [error] PLMN selection failure, no cells in coverage
[2023-01-10 08:55:48.911] [rrc] [warning] Acceptable cell selection failed, no cell is in coverage
[2023-01-10 08:55:48.911] [rrc] [error] Cell selection failure, no suitable or acceptable cell found
[2023-01-10 08:56:09.170] [nas] [error] PLMN selection failure, no cells in coverage
[2023-01-10 08:56:18.923] [rrc] [warning] Acceptable cell selection failed, no cell is in coverage
[2023-01-10 08:56:18.923] [rrc] [error] Cell selection failure, no suitable or acceptable cell found
[2023-01-10 08:56:39.998] [nas] [error] PLMN selection failure, no cells in coverage
[2023-01-10 08:56:48.936] [rrc] [warning] Acceptable cell selection failed, no cell is in coverage
[2023-01-10 08:56:48.936] [rrc] [error] Cell selection failure, no suitable or acceptable cell found
[2023-01-10 08:57:10.826] [nas] [error] PLMN selection failure, no cells in coverage
[2023-01-10 08:57:18.948] [rrc] [warning] Acceptable cell selection failed, no cell is in coverage
[2023-01-10 08:57:18.948] [rrc] [error] Cell selection failure, no suitable or acceptable cell found
[2023-01-10 08:57:41.654] [nas] [error] PLMN selection failure, no cells in coverage
[2023-01-10 08:57:48.960] [rrc] [warning] Acceptable cell selection failed, no cell is in coverage
[2023-01-10 08:57:48.960] [rrc] [error] Cell selection failure, no suitable or acceptable cell found
[2023-01-10 08:58:12.483] [nas] [error] PLMN selection failure, no cells in coverage
[2023-01-10 08:58:18.972] [rrc] [warning] Acceptable cell selection failed, no cell is in coverage
[2023-01-10 08:58:18.972] [rrc] [error] Cell selection failure, no suitable or acceptable cell found
[2023-01-10 08:58:43.311] [nas] [error] PLMN selection failure, no cells in coverage
[2023-01-10 08:58:48.984] [rrc] [warning] Acceptable cell selection failed, no cell is in coverage
[2023-01-10 08:58:48.984] [rrc] [error] Cell selection failure, no suitable or acceptable cell found
[2023-01-10 08:59:14.139] [nas] [error] PLMN selection failure, no cells in coverage
[2023-01-10 08:59:18.996] [rrc] [warning] Acceptable cell selection failed, no cell is in coverage
[2023-01-10 08:59:18.996] [rrc] [error] Cell selection failure, no suitable or acceptable cell found
[2023-01-10 08:59:44.967] [nas] [error] PLMN selection failure, no cells in coverage
[2023-01-10 08:59:49.008] [rrc] [warning] Acceptable cell selection failed, no cell is in coverage
[2023-01-10 08:59:49.008] [rrc] [error] Cell selection failure, no suitable or acceptable cell found
[2023-01-10 09:00:15.796] [nas] [error] PLMN selection failure, no cells in coverage
[2023-01-10 09:00:19.020] [rrc] [warning] Acceptable cell selection failed, no cell is in coverage
[2023-01-10 09:00:19.020] [rrc] [error] Cell selection failure, no suitable or acceptable cell found
[2023-01-10 09:00:46.624] [nas] [error] PLMN selection failure, no cells in coverage
[2023-01-10 09:00:49.032] [rrc] [warning] Acceptable cell selection failed, no cell is in coverage
[2023-01-10 09:00:49.032] [rrc] [error] Cell selection failure, no suitable or acceptable cell found
[2023-01-10 09:01:17.452] [nas] [error] PLMN selection failure, no cells in coverage
[2023-01-10 09:01:19.044] [rrc] [warning] Acceptable cell selection failed, no cell is in coverage
[2023-01-10 09:01:19.044] [rrc] [error] Cell selection failure, no suitable or acceptable cell found
[2023-01-10 09:01:48.281] [nas] [error] PLMN selection failure, no cells in coverage
[2023-01-10 09:01:49.056] [rrc] [warning] Acceptable cell selection failed, no cell is in coverage
[2023-01-10 09:01:49.056] [rrc] [error] Cell selection failure, no suitable or acceptable cell found
[2023-01-10 09:02:19.068] [rrc] [warning] Acceptable cell selection failed, no cell is in coverage
[2023-01-10 09:02:19.068] [rrc] [error] Cell selection failure, no suitable or acceptable cell found
[2023-01-10 09:02:19.109] [nas] [error] PLMN selection failure, no cells in coverage
[2023-01-10 09:02:49.080] [rrc] [warning] Acceptable cell selection failed, no cell is in coverage
[2023-01-10 09:02:49.080] [rrc] [error] Cell selection failure, no suitable or acceptable cell found
[2023-01-10 09:02:49.937] [nas] [error] PLMN selection failure, no cells in coverage
[2023-01-10 09:03:19.093] [rrc] [warning] Acceptable cell selection failed, no cell is in coverage
[2023-01-10 09:03:19.093] [rrc] [error] Cell selection failure, no suitable or acceptable cell found
[2023-01-10 09:03:20.766] [nas] [error] PLMN selection failure, no cells in coverage
[2023-01-10 09:03:49.105] [rrc] [warning] Acceptable cell selection failed, no cell is in coverage
[2023-01-10 09:03:49.105] [rrc] [error] Cell selection failure, no suitable or acceptable cell found
[2023-01-10 09:03:51.595] [nas] [error] PLMN selection failure, no cells in coverage
[2023-01-10 09:04:19.118] [rrc] [warning] Acceptable cell selection failed, no cell is in coverage
[2023-01-10 09:04:19.118] [rrc] [error] Cell selection failure, no suitable or acceptable cell found
[2023-01-10 09:04:22.423] [nas] [error] PLMN selection failure, no cells in coverage
[2023-01-10 09:04:49.131] [rrc] [warning] Acceptable cell selection failed, no cell is in coverage
[2023-01-10 09:04:49.131] [rrc] [error] Cell selection failure, no suitable or acceptable cell found
[2023-01-10 09:04:53.251] [nas] [error] PLMN selection failure, no cells in coverage
[2023-01-10 09:05:19.144] [rrc] [warning] Acceptable cell selection failed, no cell is in coverage
[2023-01-10 09:05:19.144] [rrc] [error] Cell selection failure, no suitable or acceptable cell found
[2023-01-10 09:05:24.079] [nas] [error] PLMN selection failure, no cells in coverage
[2023-01-10 09:05:49.156] [rrc] [warning] Acceptable cell selection failed, no cell is in coverage
[2023-01-10 09:05:49.156] [rrc] [error] Cell selection failure, no suitable or acceptable cell found
[2023-01-10 09:05:54.907] [nas] [error] PLMN selection failure, no cells in coverage
[2023-01-10 09:06:19.168] [rrc] [warning] Acceptable cell selection failed, no cell is in coverage
[2023-01-10 09:06:19.168] [rrc] [error] Cell selection failure, no suitable or acceptable cell found
[2023-01-10 09:06:25.735] [nas] [error] PLMN selection failure, no cells in coverage
[2023-01-10 09:06:49.181] [rrc] [warning] Acceptable cell selection failed, no cell is in coverage
[2023-01-10 09:06:49.181] [rrc] [error] Cell selection failure, no suitable or acceptable cell found
