UERANSIM v3.2.6
[2023-01-10 08:44:52.643] [nas] [info] UE switches to state [MM-DEREGISTERED/PLMN-SEARCH]
[2023-01-10 08:44:52.648] [rrc] [debug] New signal detected for cell[1], total [1] cells in coverage
[2023-01-10 08:44:52.649] [nas] [info] Selected plmn[208/93]
[2023-01-10 08:44:52.649] [rrc] [info] Selected cell plmn[208/93] tac[1] category[SUITABLE]
[2023-01-10 08:44:52.649] [nas] [info] UE switches to state [MM-DEREGISTERED/PS]
[2023-01-10 08:44:52.649] [nas] [info] UE switches to state [MM-DEREGISTERED/NORMAL-SERVICE]
[2023-01-10 08:44:52.649] [nas] [debug] Initial registration required due to [MM-DEREG-NORMAL-SERVICE]
[2023-01-10 08:44:52.650] [nas] [debug] UAC access attempt is allowed for identity[0], category[MO_sig]
[2023-01-10 08:44:52.650] [nas] [debug] Sending Initial Registration
[2023-01-10 08:44:52.650] [nas] [info] UE switches to state [MM-REGISTER-INITIATED]
[2023-01-10 08:44:52.650] [rrc] [debug] Sending RRC Setup Request
[2023-01-10 08:44:52.650] [rrc] [info] RRC connection established
[2023-01-10 08:44:52.650] [rrc] [info] UE switches to state [RRC-CONNECTED]
[2023-01-10 08:44:52.650] [nas] [info] UE switches to state [CM-CONNECTED]
[2023-01-10 08:44:52.670] [nas] [debug] Authentication Request received
[2023-01-10 08:44:52.670] [nas] [debug] Sending Authentication Failure due to SQN out of range
[2023-01-10 08:44:52.685] [nas] [debug] Authentication Request received
[2023-01-10 08:44:52.694] [nas] [debug] Security Mode Command received
[2023-01-10 08:44:52.695] [nas] [debug] Selected integrity[2] ciphering[0]
[2023-01-10 08:44:52.737] [nas] [debug] Registration accept received
[2023-01-10 08:44:52.737] [nas] [info] UE switches to state [MM-REGISTERED/NORMAL-SERVICE]
[2023-01-10 08:44:52.737] [nas] [debug] Sending Registration Complete
[2023-01-10 08:44:52.737] [nas] [info] Initial Registration is successful
[2023-01-10 08:44:52.737] [nas] [debug] Sending PDU Session Establishment Request
[2023-01-10 08:44:52.737] [nas] [debug] UAC access attempt is allowed for identity[0], category[MO_sig]
[2023-01-10 08:44:52.976] [nas] [debug] PDU Session Establishment Accept received
[2023-01-10 08:44:52.976] [nas] [info] PDU Session establishment is successful PSI[1]
[2023-01-10 08:44:53.001] [app] [info] Connection setup for PDU session[1] is successful, TUN interface[uesimtun59, 10.60.0.64] is up.
[2023-01-10 08:46:16.588] [nas] [debug] Sending PDU Session Release Request for PSI[1]
[2023-01-10 08:46:16.750] [nas] [debug] PDU Session Release Command received
[2023-01-10 08:46:16.750] [nas] [debug] Performing local release of PDU session[1]
[2023-01-10 08:46:17.299] [nas] [debug] Sending PDU Session Establishment Request
[2023-01-10 08:46:17.412] [nas] [error] No response from RRC from UAC checks, considering access attempt is barred
[2023-01-10 08:46:18.971] [rrc] [debug] Signal lost for cell[1], total [0] cells in coverage
[2023-01-10 08:46:18.971] [nas] [error] Radio link failure detected
[2023-01-10 08:46:18.971] [nas] [info] UE switches to state [CM-IDLE]
[2023-01-10 08:46:18.971] [nas] [info] UE switches to state [MM-REGISTERED/PS]
[2023-01-10 08:46:18.971] [nas] [info] UE switches to state [MM-REGISTERED/PLMN-SEARCH]
[2023-01-10 08:46:18.971] [nas] [error] PLMN selection failure, no cells in coverage
[2023-01-10 08:46:20.179] [rrc] [warning] Acceptable cell selection failed, no cell is in coverage
[2023-01-10 08:46:20.179] [rrc] [error] Cell selection failure, no suitable or acceptable cell found
[2023-01-10 08:46:21.839] [nas] [error] PLMN selection failure, no cells in coverage
[2023-01-10 08:46:24.041] [nas] [info] UE switches to state [MM-REGISTERED/NO-CELL-AVAILABLE]
[2023-01-10 08:46:33.750] [nas] [warning] Retransmitting PDU Session Establishment Request due to T3580 expiry
[2023-01-10 08:46:33.750] [nas] [error] UAC access attempt is barred for identity[0], category[MO_sig]
[2023-01-10 08:46:49.766] [nas] [warning] Retransmitting PDU Session Establishment Request due to T3580 expiry
[2023-01-10 08:46:49.766] [nas] [error] UAC access attempt is barred for identity[0], category[MO_sig]
[2023-01-10 08:46:50.191] [rrc] [warning] Acceptable cell selection failed, no cell is in coverage
[2023-01-10 08:46:50.191] [rrc] [error] Cell selection failure, no suitable or acceptable cell found
[2023-01-10 08:46:52.671] [nas] [error] PLMN selection failure, no cells in coverage
[2023-01-10 08:47:05.785] [nas] [warning] Retransmitting PDU Session Establishment Request due to T3580 expiry
[2023-01-10 08:47:05.785] [nas] [error] UAC access attempt is barred for identity[0], category[MO_sig]
[2023-01-10 08:47:20.203] [rrc] [warning] Acceptable cell selection failed, no cell is in coverage
[2023-01-10 08:47:20.203] [rrc] [error] Cell selection failure, no suitable or acceptable cell found
[2023-01-10 08:47:21.801] [nas] [warning] Retransmitting PDU Session Establishment Request due to T3580 expiry
[2023-01-10 08:47:21.804] [nas] [error] UAC access attempt is barred for identity[0], category[MO_sig]
[2023-01-10 08:47:23.500] [nas] [error] PLMN selection failure, no cells in coverage
[2023-01-10 08:47:37.817] [nas] [error] PDU Session Establishment procedure failure, no response from the network after 5 attempts
[2023-01-10 08:47:37.817] [nas] [debug] Aborting SM procedure for PTI[1], PSI[1]
[2023-01-10 08:47:50.215] [rrc] [warning] Acceptable cell selection failed, no cell is in coverage
[2023-01-10 08:47:50.215] [rrc] [error] Cell selection failure, no suitable or acceptable cell found
[2023-01-10 08:47:54.328] [nas] [error] PLMN selection failure, no cells in coverage
[2023-01-10 08:48:17.614] [nas] [debug] De-registration required due to [NORMAL]
[2023-01-10 08:48:20.227] [rrc] [warning] Acceptable cell selection failed, no cell is in coverage
[2023-01-10 08:48:20.227] [rrc] [error] Cell selection failure, no suitable or acceptable cell found
[2023-01-10 08:48:25.157] [nas] [error] PLMN selection failure, no cells in coverage
[2023-01-10 08:48:50.239] [rrc] [warning] Acceptable cell selection failed, no cell is in coverage
[2023-01-10 08:48:50.239] [rrc] [error] Cell selection failure, no suitable or acceptable cell found
[2023-01-10 08:48:55.985] [nas] [error] PLMN selection failure, no cells in coverage
[2023-01-10 08:49:20.251] [rrc] [warning] Acceptable cell selection failed, no cell is in coverage
[2023-01-10 08:49:20.251] [rrc] [error] Cell selection failure, no suitable or acceptable cell found
[2023-01-10 08:49:26.813] [nas] [error] PLMN selection failure, no cells in coverage
[2023-01-10 08:49:50.263] [rrc] [warning] Acceptable cell selection failed, no cell is in coverage
[2023-01-10 08:49:50.263] [rrc] [error] Cell selection failure, no suitable or acceptable cell found
[2023-01-10 08:49:57.641] [nas] [error] PLMN selection failure, no cells in coverage
[2023-01-10 08:50:20.275] [rrc] [warning] Acceptable cell selection failed, no cell is in coverage
[2023-01-10 08:50:20.275] [rrc] [error] Cell selection failure, no suitable or acceptable cell found
[2023-01-10 08:50:28.469] [nas] [error] PLMN selection failure, no cells in coverage
[2023-01-10 08:50:50.287] [rrc] [warning] Acceptable cell selection failed, no cell is in coverage
[2023-01-10 08:50:50.287] [rrc] [error] Cell selection failure, no suitable or acceptable cell found
[2023-01-10 08:50:59.297] [nas] [error] PLMN selection failure, no cells in coverage
[2023-01-10 08:51:20.299] [rrc] [warning] Acceptable cell selection failed, no cell is in coverage
[2023-01-10 08:51:20.299] [rrc] [error] Cell selection failure, no suitable or acceptable cell found
[2023-01-10 08:51:30.125] [nas] [error] PLMN selection failure, no cells in coverage
[2023-01-10 08:51:50.311] [rrc] [warning] Acceptable cell selection failed, no cell is in coverage
[2023-01-10 08:51:50.311] [rrc] [error] Cell selection failure, no suitable or acceptable cell found
[2023-01-10 08:52:00.953] [nas] [error] PLMN selection failure, no cells in coverage
[2023-01-10 08:52:20.323] [rrc] [warning] Acceptable cell selection failed, no cell is in coverage
[2023-01-10 08:52:20.323] [rrc] [error] Cell selection failure, no suitable or acceptable cell found
[2023-01-10 08:52:31.781] [nas] [error] PLMN selection failure, no cells in coverage
[2023-01-10 08:52:50.335] [rrc] [warning] Acceptable cell selection failed, no cell is in coverage
[2023-01-10 08:52:50.335] [rrc] [error] Cell selection failure, no suitable or acceptable cell found
[2023-01-10 08:53:02.609] [nas] [error] PLMN selection failure, no cells in coverage
[2023-01-10 08:53:20.347] [rrc] [warning] Acceptable cell selection failed, no cell is in coverage
[2023-01-10 08:53:20.347] [rrc] [error] Cell selection failure, no suitable or acceptable cell found
[2023-01-10 08:53:33.438] [nas] [error] PLMN selection failure, no cells in coverage
[2023-01-10 08:53:50.359] [rrc] [warning] Acceptable cell selection failed, no cell is in coverage
[2023-01-10 08:53:50.359] [rrc] [error] Cell selection failure, no suitable or acceptable cell found
[2023-01-10 08:54:04.266] [nas] [error] PLMN selection failure, no cells in coverage
[2023-01-10 08:54:20.371] [rrc] [warning] Acceptable cell selection failed, no cell is in coverage
[2023-01-10 08:54:20.371] [rrc] [error] Cell selection failure, no suitable or acceptable cell found
[2023-01-10 08:54:35.094] [nas] [error] PLMN selection failure, no cells in coverage
[2023-01-10 08:54:50.383] [rrc] [warning] Acceptable cell selection failed, no cell is in coverage
[2023-01-10 08:54:50.383] [rrc] [error] Cell selection failure, no suitable or acceptable cell found
[2023-01-10 08:55:05.923] [nas] [error] PLMN selection failure, no cells in coverage
[2023-01-10 08:55:20.395] [rrc] [warning] Acceptable cell selection failed, no cell is in coverage
[2023-01-10 08:55:20.395] [rrc] [error] Cell selection failure, no suitable or acceptable cell found
[2023-01-10 08:55:36.751] [nas] [error] PLMN selection failure, no cells in coverage
[2023-01-10 08:55:50.407] [rrc] [warning] Acceptable cell selection failed, no cell is in coverage
[2023-01-10 08:55:50.407] [rrc] [error] Cell selection failure, no suitable or acceptable cell found
[2023-01-10 08:56:07.579] [nas] [error] PLMN selection failure, no cells in coverage
[2023-01-10 08:56:20.419] [rrc] [warning] Acceptable cell selection failed, no cell is in coverage
[2023-01-10 08:56:20.419] [rrc] [error] Cell selection failure, no suitable or acceptable cell found
[2023-01-10 08:56:38.407] [nas] [error] PLMN selection failure, no cells in coverage
[2023-01-10 08:56:50.431] [rrc] [warning] Acceptable cell selection failed, no cell is in coverage
[2023-01-10 08:56:50.431] [rrc] [error] Cell selection failure, no suitable or acceptable cell found
[2023-01-10 08:57:09.236] [nas] [error] PLMN selection failure, no cells in coverage
[2023-01-10 08:57:20.443] [rrc] [warning] Acceptable cell selection failed, no cell is in coverage
[2023-01-10 08:57:20.443] [rrc] [error] Cell selection failure, no suitable or acceptable cell found
[2023-01-10 08:57:40.064] [nas] [error] PLMN selection failure, no cells in coverage
[2023-01-10 08:57:50.455] [rrc] [warning] Acceptable cell selection failed, no cell is in coverage
[2023-01-10 08:57:50.455] [rrc] [error] Cell selection failure, no suitable or acceptable cell found
[2023-01-10 08:58:10.892] [nas] [error] PLMN selection failure, no cells in coverage
[2023-01-10 08:58:20.467] [rrc] [warning] Acceptable cell selection failed, no cell is in coverage
[2023-01-10 08:58:20.467] [rrc] [error] Cell selection failure, no suitable or acceptable cell found
[2023-01-10 08:58:41.720] [nas] [error] PLMN selection failure, no cells in coverage
[2023-01-10 08:58:50.479] [rrc] [warning] Acceptable cell selection failed, no cell is in coverage
[2023-01-10 08:58:50.479] [rrc] [error] Cell selection failure, no suitable or acceptable cell found
[2023-01-10 08:59:12.548] [nas] [error] PLMN selection failure, no cells in coverage
[2023-01-10 08:59:20.491] [rrc] [warning] Acceptable cell selection failed, no cell is in coverage
[2023-01-10 08:59:20.491] [rrc] [error] Cell selection failure, no suitable or acceptable cell found
[2023-01-10 08:59:43.376] [nas] [error] PLMN selection failure, no cells in coverage
[2023-01-10 08:59:50.503] [rrc] [warning] Acceptable cell selection failed, no cell is in coverage
[2023-01-10 08:59:50.503] [rrc] [error] Cell selection failure, no suitable or acceptable cell found
[2023-01-10 09:00:14.204] [nas] [error] PLMN selection failure, no cells in coverage
[2023-01-10 09:00:20.516] [rrc] [warning] Acceptable cell selection failed, no cell is in coverage
[2023-01-10 09:00:20.516] [rrc] [error] Cell selection failure, no suitable or acceptable cell found
[2023-01-10 09:00:45.032] [nas] [error] PLMN selection failure, no cells in coverage
[2023-01-10 09:00:50.528] [rrc] [warning] Acceptable cell selection failed, no cell is in coverage
[2023-01-10 09:00:50.528] [rrc] [error] Cell selection failure, no suitable or acceptable cell found
[2023-01-10 09:01:15.860] [nas] [error] PLMN selection failure, no cells in coverage
[2023-01-10 09:01:20.541] [rrc] [warning] Acceptable cell selection failed, no cell is in coverage
[2023-01-10 09:01:20.541] [rrc] [error] Cell selection failure, no suitable or acceptable cell found
[2023-01-10 09:01:46.688] [nas] [error] PLMN selection failure, no cells in coverage
[2023-01-10 09:01:50.553] [rrc] [warning] Acceptable cell selection failed, no cell is in coverage
[2023-01-10 09:01:50.553] [rrc] [error] Cell selection failure, no suitable or acceptable cell found
[2023-01-10 09:02:17.516] [nas] [error] PLMN selection failure, no cells in coverage
[2023-01-10 09:02:20.565] [rrc] [warning] Acceptable cell selection failed, no cell is in coverage
[2023-01-10 09:02:20.565] [rrc] [error] Cell selection failure, no suitable or acceptable cell found
[2023-01-10 09:02:48.344] [nas] [error] PLMN selection failure, no cells in coverage
[2023-01-10 09:02:50.577] [rrc] [warning] Acceptable cell selection failed, no cell is in coverage
[2023-01-10 09:02:50.577] [rrc] [error] Cell selection failure, no suitable or acceptable cell found
[2023-01-10 09:03:19.172] [nas] [error] PLMN selection failure, no cells in coverage
[2023-01-10 09:03:20.589] [rrc] [warning] Acceptable cell selection failed, no cell is in coverage
[2023-01-10 09:03:20.589] [rrc] [error] Cell selection failure, no suitable or acceptable cell found
[2023-01-10 09:03:50.000] [nas] [error] PLMN selection failure, no cells in coverage
[2023-01-10 09:03:50.601] [rrc] [warning] Acceptable cell selection failed, no cell is in coverage
[2023-01-10 09:03:50.601] [rrc] [error] Cell selection failure, no suitable or acceptable cell found
[2023-01-10 09:04:20.613] [rrc] [warning] Acceptable cell selection failed, no cell is in coverage
[2023-01-10 09:04:20.613] [rrc] [error] Cell selection failure, no suitable or acceptable cell found
[2023-01-10 09:04:20.829] [nas] [error] PLMN selection failure, no cells in coverage
[2023-01-10 09:04:50.625] [rrc] [warning] Acceptable cell selection failed, no cell is in coverage
[2023-01-10 09:04:50.625] [rrc] [error] Cell selection failure, no suitable or acceptable cell found
[2023-01-10 09:04:51.657] [nas] [error] PLMN selection failure, no cells in coverage
[2023-01-10 09:05:20.637] [rrc] [warning] Acceptable cell selection failed, no cell is in coverage
[2023-01-10 09:05:20.637] [rrc] [error] Cell selection failure, no suitable or acceptable cell found
[2023-01-10 09:05:22.485] [nas] [error] PLMN selection failure, no cells in coverage
[2023-01-10 09:05:50.650] [rrc] [warning] Acceptable cell selection failed, no cell is in coverage
[2023-01-10 09:05:50.650] [rrc] [error] Cell selection failure, no suitable or acceptable cell found
[2023-01-10 09:05:53.313] [nas] [error] PLMN selection failure, no cells in coverage
[2023-01-10 09:06:20.663] [rrc] [warning] Acceptable cell selection failed, no cell is in coverage
[2023-01-10 09:06:20.663] [rrc] [error] Cell selection failure, no suitable or acceptable cell found
[2023-01-10 09:06:24.141] [nas] [error] PLMN selection failure, no cells in coverage
[2023-01-10 09:06:50.675] [rrc] [warning] Acceptable cell selection failed, no cell is in coverage
[2023-01-10 09:06:50.675] [rrc] [error] Cell selection failure, no suitable or acceptable cell found
[2023-01-10 09:06:54.969] [nas] [error] PLMN selection failure, no cells in coverage
