UERANSIM v3.2.6
[2023-01-10 08:45:38.691] [nas] [info] UE switches to state [MM-DEREGISTERED/PLMN-SEARCH]
[2023-01-10 08:45:38.702] [rrc] [debug] New signal detected for cell[1], total [1] cells in coverage
[2023-01-10 08:45:38.702] [nas] [info] Selected plmn[208/93]
[2023-01-10 08:45:38.702] [rrc] [info] Selected cell plmn[208/93] tac[1] category[SUITABLE]
[2023-01-10 08:45:38.702] [nas] [info] UE switches to state [MM-DEREGISTERED/PS]
[2023-01-10 08:45:38.702] [nas] [info] UE switches to state [MM-DEREGISTERED/NORMAL-SERVICE]
[2023-01-10 08:45:38.702] [nas] [debug] Initial registration required due to [MM-DEREG-NORMAL-SERVICE]
[2023-01-10 08:45:38.702] [nas] [debug] UAC access attempt is allowed for identity[0], category[MO_sig]
[2023-01-10 08:45:38.702] [nas] [debug] Sending Initial Registration
[2023-01-10 08:45:38.702] [nas] [info] UE switches to state [MM-REGISTER-INITIATED]
[2023-01-10 08:45:38.702] [rrc] [debug] Sending RRC Setup Request
[2023-01-10 08:45:38.703] [rrc] [info] RRC connection established
[2023-01-10 08:45:38.703] [rrc] [info] UE switches to state [RRC-CONNECTED]
[2023-01-10 08:45:38.703] [nas] [info] UE switches to state [CM-CONNECTED]
[2023-01-10 08:45:38.722] [nas] [debug] Authentication Request received
[2023-01-10 08:45:38.722] [nas] [debug] Sending Authentication Failure due to SQN out of range
[2023-01-10 08:45:38.736] [nas] [debug] Authentication Request received
[2023-01-10 08:45:38.744] [nas] [debug] Security Mode Command received
[2023-01-10 08:45:38.744] [nas] [debug] Selected integrity[2] ciphering[0]
[2023-01-10 08:45:38.774] [nas] [debug] Registration accept received
[2023-01-10 08:45:38.774] [nas] [info] UE switches to state [MM-REGISTERED/NORMAL-SERVICE]
[2023-01-10 08:45:38.774] [nas] [debug] Sending Registration Complete
[2023-01-10 08:45:38.774] [nas] [info] Initial Registration is successful
[2023-01-10 08:45:38.774] [nas] [debug] Sending PDU Session Establishment Request
[2023-01-10 08:45:38.774] [nas] [debug] UAC access attempt is allowed for identity[0], category[MO_sig]
[2023-01-10 08:45:39.012] [nas] [debug] PDU Session Establishment Accept received
[2023-01-10 08:45:39.012] [nas] [info] PDU Session establishment is successful PSI[1]
[2023-01-10 08:45:39.038] [app] [info] Connection setup for PDU session[1] is successful, TUN interface[uesimtun82, 10.60.0.87] is up.
[2023-01-10 08:46:17.602] [nas] [debug] Sending PDU Session Release Request for PSI[1]
[2023-01-10 08:46:18.061] [nas] [debug] Sending PDU Session Release Request for PSI[1]
[2023-01-10 08:46:18.225] [nas] [debug] Sending PDU Session Establishment Request
[2023-01-10 08:46:18.340] [nas] [error] No response from RRC from UAC checks, considering access attempt is barred
[2023-01-10 08:46:18.517] [rrc] [debug] Signal lost for cell[1], total [0] cells in coverage
[2023-01-10 08:46:18.517] [nas] [error] Radio link failure detected
[2023-01-10 08:46:18.517] [nas] [info] UE switches to state [CM-IDLE]
[2023-01-10 08:46:18.517] [nas] [info] UE switches to state [MM-REGISTERED/PS]
[2023-01-10 08:46:18.517] [nas] [info] UE switches to state [MM-REGISTERED/PLMN-SEARCH]
[2023-01-10 08:46:18.517] [nas] [error] PLMN selection failure, no cells in coverage
[2023-01-10 08:46:18.564] [nas] [debug] Sending PDU Session Release Request for PSI[1]
[2023-01-10 08:46:18.564] [nas] [debug] NAS Transport aborted, no active cell
[2023-01-10 08:46:18.707] [rrc] [warning] Acceptable cell selection failed, no cell is in coverage
[2023-01-10 08:46:18.707] [rrc] [error] Cell selection failure, no suitable or acceptable cell found
[2023-01-10 08:46:20.562] [nas] [error] PLMN selection failure, no cells in coverage
[2023-01-10 08:46:22.764] [nas] [error] PLMN selection failure, no cells in coverage
[2023-01-10 08:46:23.865] [nas] [info] UE switches to state [MM-REGISTERED/NO-CELL-AVAILABLE]
[2023-01-10 08:46:33.757] [nas] [warning] Retransmitting PDU Session Release Request due to T3582 expiry
[2023-01-10 08:46:33.757] [nas] [debug] NAS Transport aborted, no active cell
[2023-01-10 08:46:34.758] [nas] [warning] Retransmitting PDU Session Release Request due to T3582 expiry
[2023-01-10 08:46:34.758] [nas] [debug] NAS Transport aborted, no active cell
[2023-01-10 08:46:34.758] [nas] [warning] Retransmitting PDU Session Establishment Request due to T3580 expiry
[2023-01-10 08:46:34.762] [nas] [error] UAC access attempt is barred for identity[0], category[MO_sig]
[2023-01-10 08:46:34.762] [nas] [warning] Retransmitting PDU Session Release Request due to T3582 expiry
[2023-01-10 08:46:34.762] [nas] [debug] NAS Transport aborted, no active cell
[2023-01-10 08:46:48.732] [rrc] [warning] Acceptable cell selection failed, no cell is in coverage
[2023-01-10 08:46:48.732] [rrc] [error] Cell selection failure, no suitable or acceptable cell found
[2023-01-10 08:46:49.778] [nas] [warning] Retransmitting PDU Session Release Request due to T3582 expiry
[2023-01-10 08:46:49.778] [nas] [debug] NAS Transport aborted, no active cell
[2023-01-10 08:46:50.782] [nas] [warning] Retransmitting PDU Session Release Request due to T3582 expiry
[2023-01-10 08:46:50.782] [nas] [debug] NAS Transport aborted, no active cell
[2023-01-10 08:46:50.782] [nas] [warning] Retransmitting PDU Session Establishment Request due to T3580 expiry
[2023-01-10 08:46:50.785] [nas] [error] UAC access attempt is barred for identity[0], category[MO_sig]
[2023-01-10 08:46:50.785] [nas] [warning] Retransmitting PDU Session Release Request due to T3582 expiry
[2023-01-10 08:46:50.785] [nas] [debug] NAS Transport aborted, no active cell
[2023-01-10 08:46:53.593] [nas] [error] PLMN selection failure, no cells in coverage
[2023-01-10 08:47:05.802] [nas] [warning] Retransmitting PDU Session Release Request due to T3582 expiry
[2023-01-10 08:47:05.802] [nas] [debug] NAS Transport aborted, no active cell
[2023-01-10 08:47:06.803] [nas] [warning] Retransmitting PDU Session Release Request due to T3582 expiry
[2023-01-10 08:47:06.803] [nas] [debug] NAS Transport aborted, no active cell
[2023-01-10 08:47:06.803] [nas] [warning] Retransmitting PDU Session Establishment Request due to T3580 expiry
[2023-01-10 08:47:06.806] [nas] [error] UAC access attempt is barred for identity[0], category[MO_sig]
[2023-01-10 08:47:06.806] [nas] [warning] Retransmitting PDU Session Release Request due to T3582 expiry
[2023-01-10 08:47:06.806] [nas] [debug] NAS Transport aborted, no active cell
[2023-01-10 08:47:18.848] [rrc] [warning] Acceptable cell selection failed, no cell is in coverage
[2023-01-10 08:47:18.848] [rrc] [error] Cell selection failure, no suitable or acceptable cell found
[2023-01-10 08:47:21.850] [nas] [warning] Retransmitting PDU Session Release Request due to T3582 expiry
[2023-01-10 08:47:21.850] [nas] [debug] NAS Transport aborted, no active cell
[2023-01-10 08:47:22.851] [nas] [warning] Retransmitting PDU Session Release Request due to T3582 expiry
[2023-01-10 08:47:22.851] [nas] [debug] NAS Transport aborted, no active cell
[2023-01-10 08:47:22.851] [nas] [warning] Retransmitting PDU Session Establishment Request due to T3580 expiry
[2023-01-10 08:47:22.851] [nas] [error] UAC access attempt is barred for identity[0], category[MO_sig]
[2023-01-10 08:47:22.851] [nas] [warning] Retransmitting PDU Session Release Request due to T3582 expiry
[2023-01-10 08:47:22.851] [nas] [debug] NAS Transport aborted, no active cell
[2023-01-10 08:47:24.423] [nas] [error] PLMN selection failure, no cells in coverage
[2023-01-10 08:47:37.908] [nas] [error] PDU Session Release procedure failure, no response from the network after 5 attempts
[2023-01-10 08:47:37.908] [nas] [debug] Aborting SM procedure for PTI[1], PSI[1]
[2023-01-10 08:47:37.908] [nas] [debug] Performing local release of PDU session[1]
[2023-01-10 08:47:37.908] [nas] [debug] Mobility registration updating required due to [PS-STATUS-INFORM]
[2023-01-10 08:47:38.909] [nas] [error] PDU Session Release procedure failure, no response from the network after 5 attempts
[2023-01-10 08:47:38.909] [nas] [debug] Aborting SM procedure for PTI[2], PSI[1]
[2023-01-10 08:47:38.909] [nas] [debug] Performing local release of PDU session[1]
[2023-01-10 08:47:38.909] [nas] [error] PDU Session Establishment procedure failure, no response from the network after 5 attempts
[2023-01-10 08:47:38.909] [nas] [debug] Aborting SM procedure for PTI[3], PSI[2]
[2023-01-10 08:47:38.909] [nas] [error] PDU Session Release procedure failure, no response from the network after 5 attempts
[2023-01-10 08:47:38.909] [nas] [debug] Aborting SM procedure for PTI[4], PSI[1]
[2023-01-10 08:47:38.909] [nas] [debug] Performing local release of PDU session[1]
[2023-01-10 08:47:48.910] [rrc] [warning] Acceptable cell selection failed, no cell is in coverage
[2023-01-10 08:47:48.910] [rrc] [error] Cell selection failure, no suitable or acceptable cell found
[2023-01-10 08:47:55.251] [nas] [error] PLMN selection failure, no cells in coverage
[2023-01-10 08:48:18.922] [rrc] [warning] Acceptable cell selection failed, no cell is in coverage
[2023-01-10 08:48:18.922] [rrc] [error] Cell selection failure, no suitable or acceptable cell found
[2023-01-10 08:48:19.087] [nas] [debug] De-registration required due to [NORMAL]
[2023-01-10 08:48:26.079] [nas] [error] PLMN selection failure, no cells in coverage
[2023-01-10 08:48:48.934] [rrc] [warning] Acceptable cell selection failed, no cell is in coverage
[2023-01-10 08:48:48.934] [rrc] [error] Cell selection failure, no suitable or acceptable cell found
[2023-01-10 08:48:56.919] [nas] [error] PLMN selection failure, no cells in coverage
[2023-01-10 08:49:18.946] [rrc] [warning] Acceptable cell selection failed, no cell is in coverage
[2023-01-10 08:49:18.946] [rrc] [error] Cell selection failure, no suitable or acceptable cell found
[2023-01-10 08:49:27.747] [nas] [error] PLMN selection failure, no cells in coverage
[2023-01-10 08:49:48.958] [rrc] [warning] Acceptable cell selection failed, no cell is in coverage
[2023-01-10 08:49:48.958] [rrc] [error] Cell selection failure, no suitable or acceptable cell found
[2023-01-10 08:49:58.575] [nas] [error] PLMN selection failure, no cells in coverage
[2023-01-10 08:50:18.970] [rrc] [warning] Acceptable cell selection failed, no cell is in coverage
[2023-01-10 08:50:18.970] [rrc] [error] Cell selection failure, no suitable or acceptable cell found
[2023-01-10 08:50:29.403] [nas] [error] PLMN selection failure, no cells in coverage
[2023-01-10 08:50:48.982] [rrc] [warning] Acceptable cell selection failed, no cell is in coverage
[2023-01-10 08:50:48.982] [rrc] [error] Cell selection failure, no suitable or acceptable cell found
[2023-01-10 08:51:00.231] [nas] [error] PLMN selection failure, no cells in coverage
[2023-01-10 08:51:18.994] [rrc] [warning] Acceptable cell selection failed, no cell is in coverage
[2023-01-10 08:51:18.994] [rrc] [error] Cell selection failure, no suitable or acceptable cell found
[2023-01-10 08:51:31.059] [nas] [error] PLMN selection failure, no cells in coverage
[2023-01-10 08:51:49.006] [rrc] [warning] Acceptable cell selection failed, no cell is in coverage
[2023-01-10 08:51:49.006] [rrc] [error] Cell selection failure, no suitable or acceptable cell found
[2023-01-10 08:52:01.887] [nas] [error] PLMN selection failure, no cells in coverage
[2023-01-10 08:52:19.018] [rrc] [warning] Acceptable cell selection failed, no cell is in coverage
[2023-01-10 08:52:19.018] [rrc] [error] Cell selection failure, no suitable or acceptable cell found
[2023-01-10 08:52:32.715] [nas] [error] PLMN selection failure, no cells in coverage
[2023-01-10 08:52:49.030] [rrc] [warning] Acceptable cell selection failed, no cell is in coverage
[2023-01-10 08:52:49.030] [rrc] [error] Cell selection failure, no suitable or acceptable cell found
[2023-01-10 08:53:03.543] [nas] [error] PLMN selection failure, no cells in coverage
[2023-01-10 08:53:19.042] [rrc] [warning] Acceptable cell selection failed, no cell is in coverage
[2023-01-10 08:53:19.042] [rrc] [error] Cell selection failure, no suitable or acceptable cell found
[2023-01-10 08:53:34.372] [nas] [error] PLMN selection failure, no cells in coverage
[2023-01-10 08:53:49.054] [rrc] [warning] Acceptable cell selection failed, no cell is in coverage
[2023-01-10 08:53:49.054] [rrc] [error] Cell selection failure, no suitable or acceptable cell found
[2023-01-10 08:54:05.200] [nas] [error] PLMN selection failure, no cells in coverage
[2023-01-10 08:54:19.066] [rrc] [warning] Acceptable cell selection failed, no cell is in coverage
[2023-01-10 08:54:19.066] [rrc] [error] Cell selection failure, no suitable or acceptable cell found
[2023-01-10 08:54:36.028] [nas] [error] PLMN selection failure, no cells in coverage
[2023-01-10 08:54:49.078] [rrc] [warning] Acceptable cell selection failed, no cell is in coverage
[2023-01-10 08:54:49.078] [rrc] [error] Cell selection failure, no suitable or acceptable cell found
[2023-01-10 08:55:06.856] [nas] [error] PLMN selection failure, no cells in coverage
[2023-01-10 08:55:19.090] [rrc] [warning] Acceptable cell selection failed, no cell is in coverage
[2023-01-10 08:55:19.090] [rrc] [error] Cell selection failure, no suitable or acceptable cell found
[2023-01-10 08:55:37.684] [nas] [error] PLMN selection failure, no cells in coverage
[2023-01-10 08:55:49.102] [rrc] [warning] Acceptable cell selection failed, no cell is in coverage
[2023-01-10 08:55:49.102] [rrc] [error] Cell selection failure, no suitable or acceptable cell found
[2023-01-10 08:56:08.512] [nas] [error] PLMN selection failure, no cells in coverage
[2023-01-10 08:56:19.114] [rrc] [warning] Acceptable cell selection failed, no cell is in coverage
[2023-01-10 08:56:19.114] [rrc] [error] Cell selection failure, no suitable or acceptable cell found
[2023-01-10 08:56:39.340] [nas] [error] PLMN selection failure, no cells in coverage
[2023-01-10 08:56:49.126] [rrc] [warning] Acceptable cell selection failed, no cell is in coverage
[2023-01-10 08:56:49.126] [rrc] [error] Cell selection failure, no suitable or acceptable cell found
[2023-01-10 08:57:10.168] [nas] [error] PLMN selection failure, no cells in coverage
[2023-01-10 08:57:19.138] [rrc] [warning] Acceptable cell selection failed, no cell is in coverage
[2023-01-10 08:57:19.138] [rrc] [error] Cell selection failure, no suitable or acceptable cell found
[2023-01-10 08:57:40.996] [nas] [error] PLMN selection failure, no cells in coverage
[2023-01-10 08:57:49.150] [rrc] [warning] Acceptable cell selection failed, no cell is in coverage
[2023-01-10 08:57:49.150] [rrc] [error] Cell selection failure, no suitable or acceptable cell found
[2023-01-10 08:58:11.824] [nas] [error] PLMN selection failure, no cells in coverage
[2023-01-10 08:58:19.162] [rrc] [warning] Acceptable cell selection failed, no cell is in coverage
[2023-01-10 08:58:19.162] [rrc] [error] Cell selection failure, no suitable or acceptable cell found
[2023-01-10 08:58:42.653] [nas] [error] PLMN selection failure, no cells in coverage
[2023-01-10 08:58:49.174] [rrc] [warning] Acceptable cell selection failed, no cell is in coverage
[2023-01-10 08:58:49.174] [rrc] [error] Cell selection failure, no suitable or acceptable cell found
[2023-01-10 08:59:13.481] [nas] [error] PLMN selection failure, no cells in coverage
[2023-01-10 08:59:19.186] [rrc] [warning] Acceptable cell selection failed, no cell is in coverage
[2023-01-10 08:59:19.186] [rrc] [error] Cell selection failure, no suitable or acceptable cell found
[2023-01-10 08:59:44.309] [nas] [error] PLMN selection failure, no cells in coverage
[2023-01-10 08:59:49.198] [rrc] [warning] Acceptable cell selection failed, no cell is in coverage
[2023-01-10 08:59:49.198] [rrc] [error] Cell selection failure, no suitable or acceptable cell found
[2023-01-10 09:00:15.137] [nas] [error] PLMN selection failure, no cells in coverage
[2023-01-10 09:00:19.210] [rrc] [warning] Acceptable cell selection failed, no cell is in coverage
[2023-01-10 09:00:19.210] [rrc] [error] Cell selection failure, no suitable or acceptable cell found
[2023-01-10 09:00:45.966] [nas] [error] PLMN selection failure, no cells in coverage
[2023-01-10 09:00:49.222] [rrc] [warning] Acceptable cell selection failed, no cell is in coverage
[2023-01-10 09:00:49.222] [rrc] [error] Cell selection failure, no suitable or acceptable cell found
[2023-01-10 09:01:16.794] [nas] [error] PLMN selection failure, no cells in coverage
[2023-01-10 09:01:19.234] [rrc] [warning] Acceptable cell selection failed, no cell is in coverage
[2023-01-10 09:01:19.234] [rrc] [error] Cell selection failure, no suitable or acceptable cell found
[2023-01-10 09:01:47.622] [nas] [error] PLMN selection failure, no cells in coverage
[2023-01-10 09:01:49.246] [rrc] [warning] Acceptable cell selection failed, no cell is in coverage
[2023-01-10 09:01:49.246] [rrc] [error] Cell selection failure, no suitable or acceptable cell found
[2023-01-10 09:02:18.450] [nas] [error] PLMN selection failure, no cells in coverage
[2023-01-10 09:02:19.258] [rrc] [warning] Acceptable cell selection failed, no cell is in coverage
[2023-01-10 09:02:19.258] [rrc] [error] Cell selection failure, no suitable or acceptable cell found
[2023-01-10 09:02:49.270] [rrc] [warning] Acceptable cell selection failed, no cell is in coverage
[2023-01-10 09:02:49.270] [rrc] [error] Cell selection failure, no suitable or acceptable cell found
[2023-01-10 09:02:49.278] [nas] [error] PLMN selection failure, no cells in coverage
[2023-01-10 09:03:19.282] [rrc] [warning] Acceptable cell selection failed, no cell is in coverage
[2023-01-10 09:03:19.282] [rrc] [error] Cell selection failure, no suitable or acceptable cell found
[2023-01-10 09:03:20.106] [nas] [error] PLMN selection failure, no cells in coverage
[2023-01-10 09:03:49.294] [rrc] [warning] Acceptable cell selection failed, no cell is in coverage
[2023-01-10 09:03:49.294] [rrc] [error] Cell selection failure, no suitable or acceptable cell found
[2023-01-10 09:03:50.934] [nas] [error] PLMN selection failure, no cells in coverage
[2023-01-10 09:04:19.306] [rrc] [warning] Acceptable cell selection failed, no cell is in coverage
[2023-01-10 09:04:19.306] [rrc] [error] Cell selection failure, no suitable or acceptable cell found
[2023-01-10 09:04:21.763] [nas] [error] PLMN selection failure, no cells in coverage
[2023-01-10 09:04:49.318] [rrc] [warning] Acceptable cell selection failed, no cell is in coverage
[2023-01-10 09:04:49.318] [rrc] [error] Cell selection failure, no suitable or acceptable cell found
[2023-01-10 09:04:52.591] [nas] [error] PLMN selection failure, no cells in coverage
[2023-01-10 09:05:19.330] [rrc] [warning] Acceptable cell selection failed, no cell is in coverage
[2023-01-10 09:05:19.330] [rrc] [error] Cell selection failure, no suitable or acceptable cell found
[2023-01-10 09:05:23.419] [nas] [error] PLMN selection failure, no cells in coverage
[2023-01-10 09:05:49.342] [rrc] [warning] Acceptable cell selection failed, no cell is in coverage
[2023-01-10 09:05:49.342] [rrc] [error] Cell selection failure, no suitable or acceptable cell found
[2023-01-10 09:05:54.247] [nas] [error] PLMN selection failure, no cells in coverage
[2023-01-10 09:06:19.355] [rrc] [warning] Acceptable cell selection failed, no cell is in coverage
[2023-01-10 09:06:19.355] [rrc] [error] Cell selection failure, no suitable or acceptable cell found
[2023-01-10 09:06:25.076] [nas] [error] PLMN selection failure, no cells in coverage
[2023-01-10 09:06:49.367] [rrc] [warning] Acceptable cell selection failed, no cell is in coverage
[2023-01-10 09:06:49.367] [rrc] [error] Cell selection failure, no suitable or acceptable cell found
