UERANSIM v3.2.6
[2023-01-10 08:44:06.595] [nas] [info] UE switches to state [MM-DEREGISTERED/PLMN-SEARCH]
[2023-01-10 08:44:06.598] [rrc] [debug] New signal detected for cell[1], total [1] cells in coverage
[2023-01-10 08:44:06.598] [nas] [info] Selected plmn[208/93]
[2023-01-10 08:44:09.096] [rrc] [info] Selected cell plmn[208/93] tac[1] category[SUITABLE]
[2023-01-10 08:44:09.096] [nas] [info] UE switches to state [MM-DEREGISTERED/PS]
[2023-01-10 08:44:09.096] [nas] [info] UE switches to state [MM-DEREGISTERED/NORMAL-SERVICE]
[2023-01-10 08:44:09.096] [nas] [debug] Initial registration required due to [MM-DEREG-NORMAL-SERVICE]
[2023-01-10 08:44:09.097] [nas] [debug] UAC access attempt is allowed for identity[0], category[MO_sig]
[2023-01-10 08:44:09.097] [nas] [debug] Sending Initial Registration
[2023-01-10 08:44:09.097] [nas] [info] UE switches to state [MM-REGISTER-INITIATED]
[2023-01-10 08:44:09.097] [rrc] [debug] Sending RRC Setup Request
[2023-01-10 08:44:09.098] [rrc] [info] RRC connection established
[2023-01-10 08:44:09.098] [rrc] [info] UE switches to state [RRC-CONNECTED]
[2023-01-10 08:44:09.098] [nas] [info] UE switches to state [CM-CONNECTED]
[2023-01-10 08:44:09.113] [nas] [debug] Authentication Request received
[2023-01-10 08:44:09.124] [nas] [debug] Security Mode Command received
[2023-01-10 08:44:09.124] [nas] [debug] Selected integrity[2] ciphering[0]
[2023-01-10 08:44:09.150] [nas] [debug] Registration accept received
[2023-01-10 08:44:09.150] [nas] [info] UE switches to state [MM-REGISTERED/NORMAL-SERVICE]
[2023-01-10 08:44:09.150] [nas] [debug] Sending Registration Complete
[2023-01-10 08:44:09.150] [nas] [info] Initial Registration is successful
[2023-01-10 08:44:09.150] [nas] [debug] Sending PDU Session Establishment Request
[2023-01-10 08:44:09.151] [nas] [debug] UAC access attempt is allowed for identity[0], category[MO_sig]
[2023-01-10 08:44:09.388] [nas] [debug] PDU Session Establishment Accept received
[2023-01-10 08:44:09.389] [nas] [info] PDU Session establishment is successful PSI[1]
[2023-01-10 08:44:09.409] [app] [info] Connection setup for PDU session[1] is successful, TUN interface[uesimtun36, 10.60.0.41] is up.
[2023-01-10 08:46:14.923] [nas] [debug] Sending PDU Session Release Request for PSI[1]
[2023-01-10 08:46:15.068] [nas] [debug] PDU Session Release Command received
[2023-01-10 08:46:15.068] [nas] [debug] Performing local release of PDU session[1]
[2023-01-10 08:46:15.226] [nas] [debug] Sending PDU Session Establishment Request
[2023-01-10 08:46:15.337] [nas] [error] No response from RRC from UAC checks, considering access attempt is barred
[2023-01-10 08:46:18.319] [rrc] [debug] Signal lost for cell[1], total [0] cells in coverage
[2023-01-10 08:46:18.319] [nas] [error] Radio link failure detected
[2023-01-10 08:46:18.319] [nas] [info] UE switches to state [CM-IDLE]
[2023-01-10 08:46:18.319] [nas] [info] UE switches to state [MM-REGISTERED/PS]
[2023-01-10 08:46:18.319] [nas] [info] UE switches to state [MM-REGISTERED/PLMN-SEARCH]
[2023-01-10 08:46:18.319] [nas] [error] PLMN selection failure, no cells in coverage
[2023-01-10 08:46:19.148] [rrc] [warning] Acceptable cell selection failed, no cell is in coverage
[2023-01-10 08:46:19.148] [rrc] [error] Cell selection failure, no suitable or acceptable cell found
[2023-01-10 08:46:20.917] [nas] [error] PLMN selection failure, no cells in coverage
[2023-01-10 08:46:23.119] [nas] [error] PLMN selection failure, no cells in coverage
[2023-01-10 08:46:24.220] [nas] [info] UE switches to state [MM-REGISTERED/NO-CELL-AVAILABLE]
[2023-01-10 08:46:31.748] [nas] [warning] Retransmitting PDU Session Establishment Request due to T3580 expiry
[2023-01-10 08:46:31.751] [nas] [error] UAC access attempt is barred for identity[0], category[MO_sig]
[2023-01-10 08:46:47.764] [nas] [warning] Retransmitting PDU Session Establishment Request due to T3580 expiry
[2023-01-10 08:46:47.764] [nas] [error] UAC access attempt is barred for identity[0], category[MO_sig]
[2023-01-10 08:46:49.160] [rrc] [warning] Acceptable cell selection failed, no cell is in coverage
[2023-01-10 08:46:49.160] [rrc] [error] Cell selection failure, no suitable or acceptable cell found
[2023-01-10 08:46:53.947] [nas] [error] PLMN selection failure, no cells in coverage
[2023-01-10 08:47:03.781] [nas] [warning] Retransmitting PDU Session Establishment Request due to T3580 expiry
[2023-01-10 08:47:03.781] [nas] [error] UAC access attempt is barred for identity[0], category[MO_sig]
[2023-01-10 08:47:19.172] [rrc] [warning] Acceptable cell selection failed, no cell is in coverage
[2023-01-10 08:47:19.172] [rrc] [error] Cell selection failure, no suitable or acceptable cell found
[2023-01-10 08:47:19.798] [nas] [warning] Retransmitting PDU Session Establishment Request due to T3580 expiry
[2023-01-10 08:47:19.798] [nas] [error] UAC access attempt is barred for identity[0], category[MO_sig]
[2023-01-10 08:47:24.777] [nas] [error] PLMN selection failure, no cells in coverage
[2023-01-10 08:47:35.814] [nas] [error] PDU Session Establishment procedure failure, no response from the network after 5 attempts
[2023-01-10 08:47:35.814] [nas] [debug] Aborting SM procedure for PTI[1], PSI[1]
[2023-01-10 08:47:49.184] [rrc] [warning] Acceptable cell selection failed, no cell is in coverage
[2023-01-10 08:47:49.184] [rrc] [error] Cell selection failure, no suitable or acceptable cell found
[2023-01-10 08:47:55.605] [nas] [error] PLMN selection failure, no cells in coverage
[2023-01-10 08:48:15.674] [nas] [debug] De-registration required due to [NORMAL]
[2023-01-10 08:48:19.196] [rrc] [warning] Acceptable cell selection failed, no cell is in coverage
[2023-01-10 08:48:19.196] [rrc] [error] Cell selection failure, no suitable or acceptable cell found
[2023-01-10 08:48:26.433] [nas] [error] PLMN selection failure, no cells in coverage
[2023-01-10 08:48:49.208] [rrc] [warning] Acceptable cell selection failed, no cell is in coverage
[2023-01-10 08:48:49.208] [rrc] [error] Cell selection failure, no suitable or acceptable cell found
[2023-01-10 08:48:57.263] [nas] [error] PLMN selection failure, no cells in coverage
[2023-01-10 08:49:19.220] [rrc] [warning] Acceptable cell selection failed, no cell is in coverage
[2023-01-10 08:49:19.220] [rrc] [error] Cell selection failure, no suitable or acceptable cell found
[2023-01-10 08:49:28.091] [nas] [error] PLMN selection failure, no cells in coverage
[2023-01-10 08:49:49.232] [rrc] [warning] Acceptable cell selection failed, no cell is in coverage
[2023-01-10 08:49:49.232] [rrc] [error] Cell selection failure, no suitable or acceptable cell found
[2023-01-10 08:49:58.919] [nas] [error] PLMN selection failure, no cells in coverage
[2023-01-10 08:50:19.244] [rrc] [warning] Acceptable cell selection failed, no cell is in coverage
[2023-01-10 08:50:19.244] [rrc] [error] Cell selection failure, no suitable or acceptable cell found
[2023-01-10 08:50:29.747] [nas] [error] PLMN selection failure, no cells in coverage
[2023-01-10 08:50:49.256] [rrc] [warning] Acceptable cell selection failed, no cell is in coverage
[2023-01-10 08:50:49.256] [rrc] [error] Cell selection failure, no suitable or acceptable cell found
[2023-01-10 08:51:00.575] [nas] [error] PLMN selection failure, no cells in coverage
[2023-01-10 08:51:19.268] [rrc] [warning] Acceptable cell selection failed, no cell is in coverage
[2023-01-10 08:51:19.268] [rrc] [error] Cell selection failure, no suitable or acceptable cell found
[2023-01-10 08:51:31.403] [nas] [error] PLMN selection failure, no cells in coverage
[2023-01-10 08:51:49.280] [rrc] [warning] Acceptable cell selection failed, no cell is in coverage
[2023-01-10 08:51:49.280] [rrc] [error] Cell selection failure, no suitable or acceptable cell found
[2023-01-10 08:52:02.231] [nas] [error] PLMN selection failure, no cells in coverage
[2023-01-10 08:52:19.292] [rrc] [warning] Acceptable cell selection failed, no cell is in coverage
[2023-01-10 08:52:19.292] [rrc] [error] Cell selection failure, no suitable or acceptable cell found
[2023-01-10 08:52:33.059] [nas] [error] PLMN selection failure, no cells in coverage
[2023-01-10 08:52:49.304] [rrc] [warning] Acceptable cell selection failed, no cell is in coverage
[2023-01-10 08:52:49.304] [rrc] [error] Cell selection failure, no suitable or acceptable cell found
[2023-01-10 08:53:03.887] [nas] [error] PLMN selection failure, no cells in coverage
[2023-01-10 08:53:19.316] [rrc] [warning] Acceptable cell selection failed, no cell is in coverage
[2023-01-10 08:53:19.316] [rrc] [error] Cell selection failure, no suitable or acceptable cell found
[2023-01-10 08:53:34.716] [nas] [error] PLMN selection failure, no cells in coverage
[2023-01-10 08:53:49.328] [rrc] [warning] Acceptable cell selection failed, no cell is in coverage
[2023-01-10 08:53:49.328] [rrc] [error] Cell selection failure, no suitable or acceptable cell found
[2023-01-10 08:54:05.544] [nas] [error] PLMN selection failure, no cells in coverage
[2023-01-10 08:54:19.340] [rrc] [warning] Acceptable cell selection failed, no cell is in coverage
[2023-01-10 08:54:19.340] [rrc] [error] Cell selection failure, no suitable or acceptable cell found
[2023-01-10 08:54:36.372] [nas] [error] PLMN selection failure, no cells in coverage
[2023-01-10 08:54:49.352] [rrc] [warning] Acceptable cell selection failed, no cell is in coverage
[2023-01-10 08:54:49.352] [rrc] [error] Cell selection failure, no suitable or acceptable cell found
[2023-01-10 08:55:07.200] [nas] [error] PLMN selection failure, no cells in coverage
[2023-01-10 08:55:19.364] [rrc] [warning] Acceptable cell selection failed, no cell is in coverage
[2023-01-10 08:55:19.364] [rrc] [error] Cell selection failure, no suitable or acceptable cell found
[2023-01-10 08:55:38.028] [nas] [error] PLMN selection failure, no cells in coverage
[2023-01-10 08:55:49.376] [rrc] [warning] Acceptable cell selection failed, no cell is in coverage
[2023-01-10 08:55:49.376] [rrc] [error] Cell selection failure, no suitable or acceptable cell found
[2023-01-10 08:56:08.856] [nas] [error] PLMN selection failure, no cells in coverage
[2023-01-10 08:56:19.389] [rrc] [warning] Acceptable cell selection failed, no cell is in coverage
[2023-01-10 08:56:19.389] [rrc] [error] Cell selection failure, no suitable or acceptable cell found
[2023-01-10 08:56:39.684] [nas] [error] PLMN selection failure, no cells in coverage
[2023-01-10 08:56:49.401] [rrc] [warning] Acceptable cell selection failed, no cell is in coverage
[2023-01-10 08:56:49.401] [rrc] [error] Cell selection failure, no suitable or acceptable cell found
[2023-01-10 08:57:10.513] [nas] [error] PLMN selection failure, no cells in coverage
[2023-01-10 08:57:19.413] [rrc] [warning] Acceptable cell selection failed, no cell is in coverage
[2023-01-10 08:57:19.413] [rrc] [error] Cell selection failure, no suitable or acceptable cell found
[2023-01-10 08:57:41.341] [nas] [error] PLMN selection failure, no cells in coverage
[2023-01-10 08:57:49.425] [rrc] [warning] Acceptable cell selection failed, no cell is in coverage
[2023-01-10 08:57:49.425] [rrc] [error] Cell selection failure, no suitable or acceptable cell found
[2023-01-10 08:58:12.170] [nas] [error] PLMN selection failure, no cells in coverage
[2023-01-10 08:58:19.437] [rrc] [warning] Acceptable cell selection failed, no cell is in coverage
[2023-01-10 08:58:19.437] [rrc] [error] Cell selection failure, no suitable or acceptable cell found
[2023-01-10 08:58:42.998] [nas] [error] PLMN selection failure, no cells in coverage
[2023-01-10 08:58:49.450] [rrc] [warning] Acceptable cell selection failed, no cell is in coverage
[2023-01-10 08:58:49.450] [rrc] [error] Cell selection failure, no suitable or acceptable cell found
[2023-01-10 08:59:13.826] [nas] [error] PLMN selection failure, no cells in coverage
[2023-01-10 08:59:19.462] [rrc] [warning] Acceptable cell selection failed, no cell is in coverage
[2023-01-10 08:59:19.462] [rrc] [error] Cell selection failure, no suitable or acceptable cell found
[2023-01-10 08:59:44.654] [nas] [error] PLMN selection failure, no cells in coverage
[2023-01-10 08:59:49.474] [rrc] [warning] Acceptable cell selection failed, no cell is in coverage
[2023-01-10 08:59:49.474] [rrc] [error] Cell selection failure, no suitable or acceptable cell found
[2023-01-10 09:00:15.482] [nas] [error] PLMN selection failure, no cells in coverage
[2023-01-10 09:00:19.486] [rrc] [warning] Acceptable cell selection failed, no cell is in coverage
[2023-01-10 09:00:19.486] [rrc] [error] Cell selection failure, no suitable or acceptable cell found
[2023-01-10 09:00:46.310] [nas] [error] PLMN selection failure, no cells in coverage
[2023-01-10 09:00:49.498] [rrc] [warning] Acceptable cell selection failed, no cell is in coverage
[2023-01-10 09:00:49.498] [rrc] [error] Cell selection failure, no suitable or acceptable cell found
[2023-01-10 09:01:17.138] [nas] [error] PLMN selection failure, no cells in coverage
[2023-01-10 09:01:19.510] [rrc] [warning] Acceptable cell selection failed, no cell is in coverage
[2023-01-10 09:01:19.510] [rrc] [error] Cell selection failure, no suitable or acceptable cell found
[2023-01-10 09:01:47.966] [nas] [error] PLMN selection failure, no cells in coverage
[2023-01-10 09:01:49.522] [rrc] [warning] Acceptable cell selection failed, no cell is in coverage
[2023-01-10 09:01:49.522] [rrc] [error] Cell selection failure, no suitable or acceptable cell found
[2023-01-10 09:02:18.794] [nas] [error] PLMN selection failure, no cells in coverage
[2023-01-10 09:02:19.534] [rrc] [warning] Acceptable cell selection failed, no cell is in coverage
[2023-01-10 09:02:19.534] [rrc] [error] Cell selection failure, no suitable or acceptable cell found
[2023-01-10 09:02:49.546] [rrc] [warning] Acceptable cell selection failed, no cell is in coverage
[2023-01-10 09:02:49.546] [rrc] [error] Cell selection failure, no suitable or acceptable cell found
[2023-01-10 09:02:49.622] [nas] [error] PLMN selection failure, no cells in coverage
[2023-01-10 09:03:19.558] [rrc] [warning] Acceptable cell selection failed, no cell is in coverage
[2023-01-10 09:03:19.558] [rrc] [error] Cell selection failure, no suitable or acceptable cell found
[2023-01-10 09:03:20.452] [nas] [error] PLMN selection failure, no cells in coverage
[2023-01-10 09:03:49.570] [rrc] [warning] Acceptable cell selection failed, no cell is in coverage
[2023-01-10 09:03:49.570] [rrc] [error] Cell selection failure, no suitable or acceptable cell found
[2023-01-10 09:03:51.282] [nas] [error] PLMN selection failure, no cells in coverage
[2023-01-10 09:04:19.582] [rrc] [warning] Acceptable cell selection failed, no cell is in coverage
[2023-01-10 09:04:19.582] [rrc] [error] Cell selection failure, no suitable or acceptable cell found
[2023-01-10 09:04:22.110] [nas] [error] PLMN selection failure, no cells in coverage
[2023-01-10 09:04:49.594] [rrc] [warning] Acceptable cell selection failed, no cell is in coverage
[2023-01-10 09:04:49.594] [rrc] [error] Cell selection failure, no suitable or acceptable cell found
[2023-01-10 09:04:52.939] [nas] [error] PLMN selection failure, no cells in coverage
[2023-01-10 09:05:19.606] [rrc] [warning] Acceptable cell selection failed, no cell is in coverage
[2023-01-10 09:05:19.606] [rrc] [error] Cell selection failure, no suitable or acceptable cell found
[2023-01-10 09:05:23.767] [nas] [error] PLMN selection failure, no cells in coverage
[2023-01-10 09:05:49.618] [rrc] [warning] Acceptable cell selection failed, no cell is in coverage
[2023-01-10 09:05:49.618] [rrc] [error] Cell selection failure, no suitable or acceptable cell found
[2023-01-10 09:05:54.595] [nas] [error] PLMN selection failure, no cells in coverage
[2023-01-10 09:06:19.630] [rrc] [warning] Acceptable cell selection failed, no cell is in coverage
[2023-01-10 09:06:19.630] [rrc] [error] Cell selection failure, no suitable or acceptable cell found
[2023-01-10 09:06:25.423] [nas] [error] PLMN selection failure, no cells in coverage
[2023-01-10 09:06:49.642] [rrc] [warning] Acceptable cell selection failed, no cell is in coverage
[2023-01-10 09:06:49.642] [rrc] [error] Cell selection failure, no suitable or acceptable cell found
