UERANSIM v3.2.6
[2023-01-10 08:45:32.685] [nas] [info] UE switches to state [MM-DEREGISTERED/PLMN-SEARCH]
[2023-01-10 08:45:32.686] [rrc] [debug] New signal detected for cell[1], total [1] cells in coverage
[2023-01-10 08:45:32.693] [nas] [info] Selected plmn[208/93]
[2023-01-10 08:45:35.186] [rrc] [info] Selected cell plmn[208/93] tac[1] category[SUITABLE]
[2023-01-10 08:45:35.186] [nas] [info] UE switches to state [MM-DEREGISTERED/PS]
[2023-01-10 08:45:35.186] [nas] [info] UE switches to state [MM-DEREGISTERED/NORMAL-SERVICE]
[2023-01-10 08:45:35.186] [nas] [debug] Initial registration required due to [MM-DEREG-NORMAL-SERVICE]
[2023-01-10 08:45:35.188] [nas] [debug] UAC access attempt is allowed for identity[0], category[MO_sig]
[2023-01-10 08:45:35.188] [nas] [debug] Sending Initial Registration
[2023-01-10 08:45:35.188] [nas] [info] UE switches to state [MM-REGISTER-INITIATED]
[2023-01-10 08:45:35.188] [rrc] [debug] Sending RRC Setup Request
[2023-01-10 08:45:35.189] [rrc] [info] RRC connection established
[2023-01-10 08:45:35.189] [rrc] [info] UE switches to state [RRC-CONNECTED]
[2023-01-10 08:45:35.189] [nas] [info] UE switches to state [CM-CONNECTED]
[2023-01-10 08:45:35.216] [nas] [debug] Authentication Request received
[2023-01-10 08:45:35.216] [nas] [debug] Sending Authentication Failure due to SQN out of range
[2023-01-10 08:45:35.229] [nas] [debug] Authentication Request received
[2023-01-10 08:45:35.235] [nas] [debug] Security Mode Command received
[2023-01-10 08:45:35.235] [nas] [debug] Selected integrity[2] ciphering[0]
[2023-01-10 08:45:35.268] [nas] [debug] Registration accept received
[2023-01-10 08:45:35.268] [nas] [info] UE switches to state [MM-REGISTERED/NORMAL-SERVICE]
[2023-01-10 08:45:35.268] [nas] [debug] Sending Registration Complete
[2023-01-10 08:45:35.268] [nas] [info] Initial Registration is successful
[2023-01-10 08:45:35.268] [nas] [debug] Sending PDU Session Establishment Request
[2023-01-10 08:45:35.268] [nas] [debug] UAC access attempt is allowed for identity[0], category[MO_sig]
[2023-01-10 08:45:35.501] [nas] [debug] PDU Session Establishment Accept received
[2023-01-10 08:45:35.501] [nas] [info] PDU Session establishment is successful PSI[1]
[2023-01-10 08:45:35.532] [app] [info] Connection setup for PDU session[1] is successful, TUN interface[uesimtun80, 10.60.0.85] is up.
[2023-01-10 08:46:18.575] [nas] [debug] Sending PDU Session Release Request for PSI[1]
[2023-01-10 08:46:18.637] [nas] [debug] Sending PDU Session Release Request for PSI[1]
[2023-01-10 08:46:18.684] [nas] [debug] De-registration required due to [NORMAL]
[2023-01-10 08:46:18.694] [nas] [debug] Starting de-registration procedure due to [NORMAL]
[2023-01-10 08:46:18.694] [nas] [debug] Performing local release of PDU session[1]
[2023-01-10 08:46:18.694] [nas] [info] UE switches to state [MM-DEREGISTER-INITIATED]
[2023-01-10 08:46:18.721] [rrc] [debug] Signal lost for cell[1], total [0] cells in coverage
[2023-01-10 08:46:18.721] [nas] [error] Radio link failure detected
[2023-01-10 08:46:18.721] [nas] [info] UE switches to state [CM-IDLE]
[2023-01-10 08:46:18.721] [nas] [info] UE switches to state [MM-DEREGISTERED/PS]
[2023-01-10 08:46:18.721] [nas] [info] UE switches to state [MM-DEREGISTERED/PLMN-SEARCH]
[2023-01-10 08:46:18.721] [nas] [error] PLMN selection failure, no cells in coverage
[2023-01-10 08:46:20.204] [rrc] [warning] Acceptable cell selection failed, no cell is in coverage
[2023-01-10 08:46:20.204] [rrc] [error] Cell selection failure, no suitable or acceptable cell found
[2023-01-10 08:46:21.129] [nas] [error] PLMN selection failure, no cells in coverage
[2023-01-10 08:46:23.331] [nas] [error] PLMN selection failure, no cells in coverage
[2023-01-10 08:46:24.432] [nas] [info] UE switches to state [MM-DEREGISTERED/NO-CELL-AVAILABLE]
[2023-01-10 08:46:34.749] [nas] [warning] Retransmitting PDU Session Release Request due to T3582 expiry
[2023-01-10 08:46:34.749] [nas] [debug] NAS Transport aborted, no active cell
[2023-01-10 08:46:34.749] [nas] [warning] Retransmitting PDU Session Release Request due to T3582 expiry
[2023-01-10 08:46:34.749] [nas] [debug] NAS Transport aborted, no active cell
[2023-01-10 08:46:50.216] [rrc] [warning] Acceptable cell selection failed, no cell is in coverage
[2023-01-10 08:46:50.216] [rrc] [error] Cell selection failure, no suitable or acceptable cell found
[2023-01-10 08:46:50.765] [nas] [warning] Retransmitting PDU Session Release Request due to T3582 expiry
[2023-01-10 08:46:50.765] [nas] [debug] NAS Transport aborted, no active cell
[2023-01-10 08:46:50.765] [nas] [warning] Retransmitting PDU Session Release Request due to T3582 expiry
[2023-01-10 08:46:50.765] [nas] [debug] NAS Transport aborted, no active cell
[2023-01-10 08:46:54.159] [nas] [error] PLMN selection failure, no cells in coverage
[2023-01-10 08:47:06.782] [nas] [warning] Retransmitting PDU Session Release Request due to T3582 expiry
[2023-01-10 08:47:06.782] [nas] [debug] NAS Transport aborted, no active cell
[2023-01-10 08:47:06.782] [nas] [warning] Retransmitting PDU Session Release Request due to T3582 expiry
[2023-01-10 08:47:06.782] [nas] [debug] NAS Transport aborted, no active cell
[2023-01-10 08:47:20.229] [rrc] [warning] Acceptable cell selection failed, no cell is in coverage
[2023-01-10 08:47:20.229] [rrc] [error] Cell selection failure, no suitable or acceptable cell found
[2023-01-10 08:47:22.798] [nas] [warning] Retransmitting PDU Session Release Request due to T3582 expiry
[2023-01-10 08:47:22.798] [nas] [debug] NAS Transport aborted, no active cell
[2023-01-10 08:47:22.798] [nas] [warning] Retransmitting PDU Session Release Request due to T3582 expiry
[2023-01-10 08:47:22.798] [nas] [debug] NAS Transport aborted, no active cell
[2023-01-10 08:47:24.988] [nas] [error] PLMN selection failure, no cells in coverage
[2023-01-10 08:47:38.815] [nas] [error] PDU Session Release procedure failure, no response from the network after 5 attempts
[2023-01-10 08:47:38.815] [nas] [debug] Aborting SM procedure for PTI[1], PSI[1]
[2023-01-10 08:47:38.815] [nas] [debug] Performing local release of PDU session[1]
[2023-01-10 08:47:38.815] [nas] [debug] Mobility registration updating required due to [PS-STATUS-INFORM]
[2023-01-10 08:47:38.815] [nas] [error] PDU Session Release procedure failure, no response from the network after 5 attempts
[2023-01-10 08:47:38.815] [nas] [debug] Aborting SM procedure for PTI[2], PSI[1]
[2023-01-10 08:47:38.815] [nas] [debug] Performing local release of PDU session[1]
[2023-01-10 08:47:50.241] [rrc] [warning] Acceptable cell selection failed, no cell is in coverage
[2023-01-10 08:47:50.241] [rrc] [error] Cell selection failure, no suitable or acceptable cell found
[2023-01-10 08:47:55.816] [nas] [error] PLMN selection failure, no cells in coverage
[2023-01-10 08:48:18.891] [nas] [debug] De-registration required due to [NORMAL]
[2023-01-10 08:48:20.253] [rrc] [warning] Acceptable cell selection failed, no cell is in coverage
[2023-01-10 08:48:20.253] [rrc] [error] Cell selection failure, no suitable or acceptable cell found
[2023-01-10 08:48:26.644] [nas] [error] PLMN selection failure, no cells in coverage
[2023-01-10 08:48:50.265] [rrc] [warning] Acceptable cell selection failed, no cell is in coverage
[2023-01-10 08:48:50.265] [rrc] [error] Cell selection failure, no suitable or acceptable cell found
[2023-01-10 08:48:57.472] [nas] [error] PLMN selection failure, no cells in coverage
[2023-01-10 08:49:20.277] [rrc] [warning] Acceptable cell selection failed, no cell is in coverage
[2023-01-10 08:49:20.277] [rrc] [error] Cell selection failure, no suitable or acceptable cell found
[2023-01-10 08:49:28.300] [nas] [error] PLMN selection failure, no cells in coverage
[2023-01-10 08:49:50.289] [rrc] [warning] Acceptable cell selection failed, no cell is in coverage
[2023-01-10 08:49:50.289] [rrc] [error] Cell selection failure, no suitable or acceptable cell found
[2023-01-10 08:49:59.128] [nas] [error] PLMN selection failure, no cells in coverage
[2023-01-10 08:50:20.301] [rrc] [warning] Acceptable cell selection failed, no cell is in coverage
[2023-01-10 08:50:20.301] [rrc] [error] Cell selection failure, no suitable or acceptable cell found
[2023-01-10 08:50:29.956] [nas] [error] PLMN selection failure, no cells in coverage
[2023-01-10 08:50:50.314] [rrc] [warning] Acceptable cell selection failed, no cell is in coverage
[2023-01-10 08:50:50.314] [rrc] [error] Cell selection failure, no suitable or acceptable cell found
[2023-01-10 08:51:00.784] [nas] [error] PLMN selection failure, no cells in coverage
[2023-01-10 08:51:20.326] [rrc] [warning] Acceptable cell selection failed, no cell is in coverage
[2023-01-10 08:51:20.326] [rrc] [error] Cell selection failure, no suitable or acceptable cell found
[2023-01-10 08:51:31.612] [nas] [error] PLMN selection failure, no cells in coverage
[2023-01-10 08:51:50.338] [rrc] [warning] Acceptable cell selection failed, no cell is in coverage
[2023-01-10 08:51:50.338] [rrc] [error] Cell selection failure, no suitable or acceptable cell found
[2023-01-10 08:52:02.440] [nas] [error] PLMN selection failure, no cells in coverage
[2023-01-10 08:52:20.351] [rrc] [warning] Acceptable cell selection failed, no cell is in coverage
[2023-01-10 08:52:20.351] [rrc] [error] Cell selection failure, no suitable or acceptable cell found
[2023-01-10 08:52:33.268] [nas] [error] PLMN selection failure, no cells in coverage
[2023-01-10 08:52:50.363] [rrc] [warning] Acceptable cell selection failed, no cell is in coverage
[2023-01-10 08:52:50.363] [rrc] [error] Cell selection failure, no suitable or acceptable cell found
[2023-01-10 08:53:04.097] [nas] [error] PLMN selection failure, no cells in coverage
[2023-01-10 08:53:20.375] [rrc] [warning] Acceptable cell selection failed, no cell is in coverage
[2023-01-10 08:53:20.375] [rrc] [error] Cell selection failure, no suitable or acceptable cell found
[2023-01-10 08:53:34.925] [nas] [error] PLMN selection failure, no cells in coverage
[2023-01-10 08:53:50.387] [rrc] [warning] Acceptable cell selection failed, no cell is in coverage
[2023-01-10 08:53:50.387] [rrc] [error] Cell selection failure, no suitable or acceptable cell found
[2023-01-10 08:54:05.753] [nas] [error] PLMN selection failure, no cells in coverage
[2023-01-10 08:54:20.399] [rrc] [warning] Acceptable cell selection failed, no cell is in coverage
[2023-01-10 08:54:20.399] [rrc] [error] Cell selection failure, no suitable or acceptable cell found
[2023-01-10 08:54:36.581] [nas] [error] PLMN selection failure, no cells in coverage
[2023-01-10 08:54:50.412] [rrc] [warning] Acceptable cell selection failed, no cell is in coverage
[2023-01-10 08:54:50.412] [rrc] [error] Cell selection failure, no suitable or acceptable cell found
[2023-01-10 08:55:07.409] [nas] [error] PLMN selection failure, no cells in coverage
[2023-01-10 08:55:20.424] [rrc] [warning] Acceptable cell selection failed, no cell is in coverage
[2023-01-10 08:55:20.424] [rrc] [error] Cell selection failure, no suitable or acceptable cell found
[2023-01-10 08:55:38.237] [nas] [error] PLMN selection failure, no cells in coverage
[2023-01-10 08:55:50.436] [rrc] [warning] Acceptable cell selection failed, no cell is in coverage
[2023-01-10 08:55:50.436] [rrc] [error] Cell selection failure, no suitable or acceptable cell found
[2023-01-10 08:56:09.065] [nas] [error] PLMN selection failure, no cells in coverage
[2023-01-10 08:56:20.448] [rrc] [warning] Acceptable cell selection failed, no cell is in coverage
[2023-01-10 08:56:20.448] [rrc] [error] Cell selection failure, no suitable or acceptable cell found
[2023-01-10 08:56:39.893] [nas] [error] PLMN selection failure, no cells in coverage
[2023-01-10 08:56:50.460] [rrc] [warning] Acceptable cell selection failed, no cell is in coverage
[2023-01-10 08:56:50.460] [rrc] [error] Cell selection failure, no suitable or acceptable cell found
[2023-01-10 08:57:10.722] [nas] [error] PLMN selection failure, no cells in coverage
[2023-01-10 08:57:20.472] [rrc] [warning] Acceptable cell selection failed, no cell is in coverage
[2023-01-10 08:57:20.472] [rrc] [error] Cell selection failure, no suitable or acceptable cell found
[2023-01-10 08:57:41.550] [nas] [error] PLMN selection failure, no cells in coverage
[2023-01-10 08:57:50.484] [rrc] [warning] Acceptable cell selection failed, no cell is in coverage
[2023-01-10 08:57:50.484] [rrc] [error] Cell selection failure, no suitable or acceptable cell found
[2023-01-10 08:58:12.378] [nas] [error] PLMN selection failure, no cells in coverage
[2023-01-10 08:58:20.496] [rrc] [warning] Acceptable cell selection failed, no cell is in coverage
[2023-01-10 08:58:20.496] [rrc] [error] Cell selection failure, no suitable or acceptable cell found
[2023-01-10 08:58:43.206] [nas] [error] PLMN selection failure, no cells in coverage
[2023-01-10 08:58:50.509] [rrc] [warning] Acceptable cell selection failed, no cell is in coverage
[2023-01-10 08:58:50.509] [rrc] [error] Cell selection failure, no suitable or acceptable cell found
[2023-01-10 08:59:14.034] [nas] [error] PLMN selection failure, no cells in coverage
[2023-01-10 08:59:20.521] [rrc] [warning] Acceptable cell selection failed, no cell is in coverage
[2023-01-10 08:59:20.521] [rrc] [error] Cell selection failure, no suitable or acceptable cell found
[2023-01-10 08:59:44.862] [nas] [error] PLMN selection failure, no cells in coverage
[2023-01-10 08:59:50.533] [rrc] [warning] Acceptable cell selection failed, no cell is in coverage
[2023-01-10 08:59:50.533] [rrc] [error] Cell selection failure, no suitable or acceptable cell found
[2023-01-10 09:00:15.690] [nas] [error] PLMN selection failure, no cells in coverage
[2023-01-10 09:00:20.545] [rrc] [warning] Acceptable cell selection failed, no cell is in coverage
[2023-01-10 09:00:20.545] [rrc] [error] Cell selection failure, no suitable or acceptable cell found
[2023-01-10 09:00:46.519] [nas] [error] PLMN selection failure, no cells in coverage
[2023-01-10 09:00:50.557] [rrc] [warning] Acceptable cell selection failed, no cell is in coverage
[2023-01-10 09:00:50.557] [rrc] [error] Cell selection failure, no suitable or acceptable cell found
[2023-01-10 09:01:17.347] [nas] [error] PLMN selection failure, no cells in coverage
[2023-01-10 09:01:20.569] [rrc] [warning] Acceptable cell selection failed, no cell is in coverage
[2023-01-10 09:01:20.569] [rrc] [error] Cell selection failure, no suitable or acceptable cell found
[2023-01-10 09:01:48.175] [nas] [error] PLMN selection failure, no cells in coverage
[2023-01-10 09:01:50.581] [rrc] [warning] Acceptable cell selection failed, no cell is in coverage
[2023-01-10 09:01:50.581] [rrc] [error] Cell selection failure, no suitable or acceptable cell found
[2023-01-10 09:02:19.003] [nas] [error] PLMN selection failure, no cells in coverage
[2023-01-10 09:02:20.593] [rrc] [warning] Acceptable cell selection failed, no cell is in coverage
[2023-01-10 09:02:20.593] [rrc] [error] Cell selection failure, no suitable or acceptable cell found
[2023-01-10 09:02:49.831] [nas] [error] PLMN selection failure, no cells in coverage
[2023-01-10 09:02:50.605] [rrc] [warning] Acceptable cell selection failed, no cell is in coverage
[2023-01-10 09:02:50.605] [rrc] [error] Cell selection failure, no suitable or acceptable cell found
[2023-01-10 09:03:20.617] [rrc] [warning] Acceptable cell selection failed, no cell is in coverage
[2023-01-10 09:03:20.617] [rrc] [error] Cell selection failure, no suitable or acceptable cell found
[2023-01-10 09:03:20.661] [nas] [error] PLMN selection failure, no cells in coverage
[2023-01-10 09:03:50.629] [rrc] [warning] Acceptable cell selection failed, no cell is in coverage
[2023-01-10 09:03:50.629] [rrc] [error] Cell selection failure, no suitable or acceptable cell found
[2023-01-10 09:03:51.490] [nas] [error] PLMN selection failure, no cells in coverage
[2023-01-10 09:04:20.641] [rrc] [warning] Acceptable cell selection failed, no cell is in coverage
[2023-01-10 09:04:20.641] [rrc] [error] Cell selection failure, no suitable or acceptable cell found
[2023-01-10 09:04:22.319] [nas] [error] PLMN selection failure, no cells in coverage
[2023-01-10 09:04:50.653] [rrc] [warning] Acceptable cell selection failed, no cell is in coverage
[2023-01-10 09:04:50.653] [rrc] [error] Cell selection failure, no suitable or acceptable cell found
[2023-01-10 09:04:53.148] [nas] [error] PLMN selection failure, no cells in coverage
[2023-01-10 09:05:20.665] [rrc] [warning] Acceptable cell selection failed, no cell is in coverage
[2023-01-10 09:05:20.665] [rrc] [error] Cell selection failure, no suitable or acceptable cell found
[2023-01-10 09:05:23.976] [nas] [error] PLMN selection failure, no cells in coverage
[2023-01-10 09:05:50.677] [rrc] [warning] Acceptable cell selection failed, no cell is in coverage
[2023-01-10 09:05:50.677] [rrc] [error] Cell selection failure, no suitable or acceptable cell found
[2023-01-10 09:05:54.804] [nas] [error] PLMN selection failure, no cells in coverage
[2023-01-10 09:06:20.689] [rrc] [warning] Acceptable cell selection failed, no cell is in coverage
[2023-01-10 09:06:20.689] [rrc] [error] Cell selection failure, no suitable or acceptable cell found
[2023-01-10 09:06:25.632] [nas] [error] PLMN selection failure, no cells in coverage
[2023-01-10 09:06:50.701] [rrc] [warning] Acceptable cell selection failed, no cell is in coverage
[2023-01-10 09:06:50.701] [rrc] [error] Cell selection failure, no suitable or acceptable cell found
