UERANSIM v3.2.6
[2023-01-10 08:45:20.672] [nas] [info] UE switches to state [MM-DEREGISTERED/PLMN-SEARCH]
[2023-01-10 08:45:20.677] [rrc] [debug] New signal detected for cell[1], total [1] cells in coverage
[2023-01-10 08:45:20.678] [nas] [info] Selected plmn[208/93]
[2023-01-10 08:45:20.678] [rrc] [info] Selected cell plmn[208/93] tac[1] category[SUITABLE]
[2023-01-10 08:45:20.678] [nas] [info] UE switches to state [MM-DEREGISTERED/PS]
[2023-01-10 08:45:20.678] [nas] [info] UE switches to state [MM-DEREGISTERED/NORMAL-SERVICE]
[2023-01-10 08:45:20.678] [nas] [debug] Initial registration required due to [MM-DEREG-NORMAL-SERVICE]
[2023-01-10 08:45:20.679] [nas] [debug] UAC access attempt is allowed for identity[0], category[MO_sig]
[2023-01-10 08:45:20.679] [nas] [debug] Sending Initial Registration
[2023-01-10 08:45:20.679] [nas] [info] UE switches to state [MM-REGISTER-INITIATED]
[2023-01-10 08:45:20.679] [rrc] [debug] Sending RRC Setup Request
[2023-01-10 08:45:20.680] [rrc] [info] RRC connection established
[2023-01-10 08:45:20.680] [rrc] [info] UE switches to state [RRC-CONNECTED]
[2023-01-10 08:45:20.680] [nas] [info] UE switches to state [CM-CONNECTED]
[2023-01-10 08:45:20.697] [nas] [debug] Authentication Request received
[2023-01-10 08:45:20.697] [nas] [debug] Sending Authentication Failure due to SQN out of range
[2023-01-10 08:45:20.709] [nas] [debug] Authentication Request received
[2023-01-10 08:45:20.716] [nas] [debug] Security Mode Command received
[2023-01-10 08:45:20.716] [nas] [debug] Selected integrity[2] ciphering[0]
[2023-01-10 08:45:20.741] [nas] [debug] Registration accept received
[2023-01-10 08:45:20.741] [nas] [info] UE switches to state [MM-REGISTERED/NORMAL-SERVICE]
[2023-01-10 08:45:20.741] [nas] [debug] Sending Registration Complete
[2023-01-10 08:45:20.741] [nas] [info] Initial Registration is successful
[2023-01-10 08:45:20.741] [nas] [debug] Sending PDU Session Establishment Request
[2023-01-10 08:45:20.742] [nas] [debug] UAC access attempt is allowed for identity[0], category[MO_sig]
[2023-01-10 08:45:20.982] [nas] [debug] PDU Session Establishment Accept received
[2023-01-10 08:45:20.982] [nas] [info] PDU Session establishment is successful PSI[1]
[2023-01-10 08:45:21.005] [app] [info] Connection setup for PDU session[1] is successful, TUN interface[uesimtun72, 10.60.0.77] is up.
[2023-01-10 08:46:15.629] [nas] [debug] De-registration required due to [NORMAL]
[2023-01-10 08:46:15.644] [nas] [debug] Starting de-registration procedure due to [NORMAL]
[2023-01-10 08:46:15.644] [nas] [debug] Performing local release of PDU session[1]
[2023-01-10 08:46:15.644] [nas] [info] UE switches to state [MM-DEREGISTER-INITIATED]
[2023-01-10 08:46:15.829] [nas] [debug] De-registration accept received
[2023-01-10 08:46:15.829] [nas] [info] UE switches to state [MM-DEREGISTERED/PS]
[2023-01-10 08:46:15.829] [nas] [info] De-registration is successful
[2023-01-10 08:46:15.829] [nas] [info] UE switches to state [MM-DEREGISTERED/NORMAL-SERVICE]
[2023-01-10 08:46:15.829] [nas] [debug] Initial registration required due to [MM-DEREG-NORMAL-SERVICE]
[2023-01-10 08:46:15.829] [nas] [debug] Sending Initial Registration
[2023-01-10 08:46:15.829] [nas] [debug] Deleting NAS security context
[2023-01-10 08:46:15.829] [nas] [info] UE switches to state [MM-REGISTER-INITIATED]
[2023-01-10 08:46:15.831] [rrc] [debug] RRC Release received
[2023-01-10 08:46:15.831] [nas] [info] UE switches to state [CM-IDLE]
[2023-01-10 08:46:15.831] [nas] [info] UE switches to state [MM-DEREGISTERED/PS]
[2023-01-10 08:46:15.831] [nas] [info] UE switches to state [5U2-NOT-UPDATED]
[2023-01-10 08:46:15.831] [nas] [info] UE switches to state [MM-DEREGISTERED/ATTEMPTING-REGISTRATION]
[2023-01-10 08:46:18.118] [rrc] [debug] Signal lost for cell[1], total [0] cells in coverage
[2023-01-10 08:46:18.118] [nas] [info] UE switches to state [MM-DEREGISTERED/PS]
[2023-01-10 08:46:18.118] [nas] [info] UE switches to state [MM-DEREGISTERED/PLMN-SEARCH]
[2023-01-10 08:46:18.118] [nas] [error] PLMN selection failure, no cells in coverage
[2023-01-10 08:46:18.195] [rrc] [warning] Acceptable cell selection failed, no cell is in coverage
[2023-01-10 08:46:18.195] [rrc] [error] Cell selection failure, no suitable or acceptable cell found
[2023-01-10 08:46:20.129] [nas] [error] PLMN selection failure, no cells in coverage
[2023-01-10 08:46:22.331] [nas] [error] PLMN selection failure, no cells in coverage
[2023-01-10 08:46:23.432] [nas] [info] UE switches to state [MM-DEREGISTERED/NO-CELL-AVAILABLE]
[2023-01-10 08:46:48.207] [rrc] [warning] Acceptable cell selection failed, no cell is in coverage
[2023-01-10 08:46:48.207] [rrc] [error] Cell selection failure, no suitable or acceptable cell found
[2023-01-10 08:46:53.159] [nas] [error] PLMN selection failure, no cells in coverage
[2023-01-10 08:47:18.219] [rrc] [warning] Acceptable cell selection failed, no cell is in coverage
[2023-01-10 08:47:18.219] [rrc] [error] Cell selection failure, no suitable or acceptable cell found
[2023-01-10 08:47:23.987] [nas] [error] PLMN selection failure, no cells in coverage
[2023-01-10 08:47:48.231] [rrc] [warning] Acceptable cell selection failed, no cell is in coverage
[2023-01-10 08:47:48.231] [rrc] [error] Cell selection failure, no suitable or acceptable cell found
[2023-01-10 08:47:54.815] [nas] [error] PLMN selection failure, no cells in coverage
[2023-01-10 08:48:16.282] [nas] [debug] De-registration required due to [NORMAL]
[2023-01-10 08:48:18.243] [rrc] [warning] Acceptable cell selection failed, no cell is in coverage
[2023-01-10 08:48:18.243] [rrc] [error] Cell selection failure, no suitable or acceptable cell found
[2023-01-10 08:48:25.643] [nas] [error] PLMN selection failure, no cells in coverage
[2023-01-10 08:48:48.255] [rrc] [warning] Acceptable cell selection failed, no cell is in coverage
[2023-01-10 08:48:48.255] [rrc] [error] Cell selection failure, no suitable or acceptable cell found
[2023-01-10 08:48:56.471] [nas] [error] PLMN selection failure, no cells in coverage
[2023-01-10 08:49:18.268] [rrc] [warning] Acceptable cell selection failed, no cell is in coverage
[2023-01-10 08:49:18.268] [rrc] [error] Cell selection failure, no suitable or acceptable cell found
[2023-01-10 08:49:27.299] [nas] [error] PLMN selection failure, no cells in coverage
[2023-01-10 08:49:48.281] [rrc] [warning] Acceptable cell selection failed, no cell is in coverage
[2023-01-10 08:49:48.281] [rrc] [error] Cell selection failure, no suitable or acceptable cell found
[2023-01-10 08:49:58.127] [nas] [error] PLMN selection failure, no cells in coverage
[2023-01-10 08:50:18.293] [rrc] [warning] Acceptable cell selection failed, no cell is in coverage
[2023-01-10 08:50:18.293] [rrc] [error] Cell selection failure, no suitable or acceptable cell found
[2023-01-10 08:50:28.955] [nas] [error] PLMN selection failure, no cells in coverage
[2023-01-10 08:50:48.305] [rrc] [warning] Acceptable cell selection failed, no cell is in coverage
[2023-01-10 08:50:48.305] [rrc] [error] Cell selection failure, no suitable or acceptable cell found
[2023-01-10 08:50:59.783] [nas] [error] PLMN selection failure, no cells in coverage
[2023-01-10 08:51:18.317] [rrc] [warning] Acceptable cell selection failed, no cell is in coverage
[2023-01-10 08:51:18.317] [rrc] [error] Cell selection failure, no suitable or acceptable cell found
[2023-01-10 08:51:30.611] [nas] [error] PLMN selection failure, no cells in coverage
[2023-01-10 08:51:48.330] [rrc] [warning] Acceptable cell selection failed, no cell is in coverage
[2023-01-10 08:51:48.330] [rrc] [error] Cell selection failure, no suitable or acceptable cell found
[2023-01-10 08:52:01.439] [nas] [error] PLMN selection failure, no cells in coverage
[2023-01-10 08:52:18.342] [rrc] [warning] Acceptable cell selection failed, no cell is in coverage
[2023-01-10 08:52:18.342] [rrc] [error] Cell selection failure, no suitable or acceptable cell found
[2023-01-10 08:52:32.267] [nas] [error] PLMN selection failure, no cells in coverage
[2023-01-10 08:52:48.354] [rrc] [warning] Acceptable cell selection failed, no cell is in coverage
[2023-01-10 08:52:48.354] [rrc] [error] Cell selection failure, no suitable or acceptable cell found
[2023-01-10 08:53:03.095] [nas] [error] PLMN selection failure, no cells in coverage
[2023-01-10 08:53:18.366] [rrc] [warning] Acceptable cell selection failed, no cell is in coverage
[2023-01-10 08:53:18.366] [rrc] [error] Cell selection failure, no suitable or acceptable cell found
[2023-01-10 08:53:33.923] [nas] [error] PLMN selection failure, no cells in coverage
[2023-01-10 08:53:48.378] [rrc] [warning] Acceptable cell selection failed, no cell is in coverage
[2023-01-10 08:53:48.378] [rrc] [error] Cell selection failure, no suitable or acceptable cell found
[2023-01-10 08:54:04.752] [nas] [error] PLMN selection failure, no cells in coverage
[2023-01-10 08:54:18.390] [rrc] [warning] Acceptable cell selection failed, no cell is in coverage
[2023-01-10 08:54:18.390] [rrc] [error] Cell selection failure, no suitable or acceptable cell found
[2023-01-10 08:54:35.580] [nas] [error] PLMN selection failure, no cells in coverage
[2023-01-10 08:54:48.402] [rrc] [warning] Acceptable cell selection failed, no cell is in coverage
[2023-01-10 08:54:48.402] [rrc] [error] Cell selection failure, no suitable or acceptable cell found
[2023-01-10 08:55:06.408] [nas] [error] PLMN selection failure, no cells in coverage
[2023-01-10 08:55:18.414] [rrc] [warning] Acceptable cell selection failed, no cell is in coverage
[2023-01-10 08:55:18.414] [rrc] [error] Cell selection failure, no suitable or acceptable cell found
[2023-01-10 08:55:37.236] [nas] [error] PLMN selection failure, no cells in coverage
[2023-01-10 08:55:48.426] [rrc] [warning] Acceptable cell selection failed, no cell is in coverage
[2023-01-10 08:55:48.426] [rrc] [error] Cell selection failure, no suitable or acceptable cell found
[2023-01-10 08:56:08.064] [nas] [error] PLMN selection failure, no cells in coverage
[2023-01-10 08:56:18.438] [rrc] [warning] Acceptable cell selection failed, no cell is in coverage
[2023-01-10 08:56:18.438] [rrc] [error] Cell selection failure, no suitable or acceptable cell found
[2023-01-10 08:56:38.892] [nas] [error] PLMN selection failure, no cells in coverage
[2023-01-10 08:56:48.450] [rrc] [warning] Acceptable cell selection failed, no cell is in coverage
[2023-01-10 08:56:48.450] [rrc] [error] Cell selection failure, no suitable or acceptable cell found
[2023-01-10 08:57:09.720] [nas] [error] PLMN selection failure, no cells in coverage
[2023-01-10 08:57:18.462] [rrc] [warning] Acceptable cell selection failed, no cell is in coverage
[2023-01-10 08:57:18.462] [rrc] [error] Cell selection failure, no suitable or acceptable cell found
[2023-01-10 08:57:40.549] [nas] [error] PLMN selection failure, no cells in coverage
[2023-01-10 08:57:48.474] [rrc] [warning] Acceptable cell selection failed, no cell is in coverage
[2023-01-10 08:57:48.474] [rrc] [error] Cell selection failure, no suitable or acceptable cell found
[2023-01-10 08:58:11.377] [nas] [error] PLMN selection failure, no cells in coverage
[2023-01-10 08:58:18.487] [rrc] [warning] Acceptable cell selection failed, no cell is in coverage
[2023-01-10 08:58:18.487] [rrc] [error] Cell selection failure, no suitable or acceptable cell found
[2023-01-10 08:58:42.205] [nas] [error] PLMN selection failure, no cells in coverage
[2023-01-10 08:58:48.500] [rrc] [warning] Acceptable cell selection failed, no cell is in coverage
[2023-01-10 08:58:48.500] [rrc] [error] Cell selection failure, no suitable or acceptable cell found
[2023-01-10 08:59:13.033] [nas] [error] PLMN selection failure, no cells in coverage
[2023-01-10 08:59:18.512] [rrc] [warning] Acceptable cell selection failed, no cell is in coverage
[2023-01-10 08:59:18.512] [rrc] [error] Cell selection failure, no suitable or acceptable cell found
[2023-01-10 08:59:43.861] [nas] [error] PLMN selection failure, no cells in coverage
[2023-01-10 08:59:48.524] [rrc] [warning] Acceptable cell selection failed, no cell is in coverage
[2023-01-10 08:59:48.524] [rrc] [error] Cell selection failure, no suitable or acceptable cell found
[2023-01-10 09:00:14.689] [nas] [error] PLMN selection failure, no cells in coverage
[2023-01-10 09:00:18.536] [rrc] [warning] Acceptable cell selection failed, no cell is in coverage
[2023-01-10 09:00:18.536] [rrc] [error] Cell selection failure, no suitable or acceptable cell found
[2023-01-10 09:00:45.518] [nas] [error] PLMN selection failure, no cells in coverage
[2023-01-10 09:00:48.548] [rrc] [warning] Acceptable cell selection failed, no cell is in coverage
[2023-01-10 09:00:48.548] [rrc] [error] Cell selection failure, no suitable or acceptable cell found
[2023-01-10 09:01:16.350] [nas] [error] PLMN selection failure, no cells in coverage
[2023-01-10 09:01:18.560] [rrc] [warning] Acceptable cell selection failed, no cell is in coverage
[2023-01-10 09:01:18.560] [rrc] [error] Cell selection failure, no suitable or acceptable cell found
[2023-01-10 09:01:47.179] [nas] [error] PLMN selection failure, no cells in coverage
[2023-01-10 09:01:48.572] [rrc] [warning] Acceptable cell selection failed, no cell is in coverage
[2023-01-10 09:01:48.572] [rrc] [error] Cell selection failure, no suitable or acceptable cell found
[2023-01-10 09:02:18.007] [nas] [error] PLMN selection failure, no cells in coverage
[2023-01-10 09:02:18.584] [rrc] [warning] Acceptable cell selection failed, no cell is in coverage
[2023-01-10 09:02:18.584] [rrc] [error] Cell selection failure, no suitable or acceptable cell found
[2023-01-10 09:02:48.596] [rrc] [warning] Acceptable cell selection failed, no cell is in coverage
[2023-01-10 09:02:48.596] [rrc] [error] Cell selection failure, no suitable or acceptable cell found
[2023-01-10 09:02:48.836] [nas] [error] PLMN selection failure, no cells in coverage
[2023-01-10 09:03:18.608] [rrc] [warning] Acceptable cell selection failed, no cell is in coverage
[2023-01-10 09:03:18.608] [rrc] [error] Cell selection failure, no suitable or acceptable cell found
[2023-01-10 09:03:19.665] [nas] [error] PLMN selection failure, no cells in coverage
[2023-01-10 09:03:48.620] [rrc] [warning] Acceptable cell selection failed, no cell is in coverage
[2023-01-10 09:03:48.620] [rrc] [error] Cell selection failure, no suitable or acceptable cell found
[2023-01-10 09:03:50.494] [nas] [error] PLMN selection failure, no cells in coverage
[2023-01-10 09:04:18.632] [rrc] [warning] Acceptable cell selection failed, no cell is in coverage
[2023-01-10 09:04:18.632] [rrc] [error] Cell selection failure, no suitable or acceptable cell found
[2023-01-10 09:04:21.322] [nas] [error] PLMN selection failure, no cells in coverage
[2023-01-10 09:04:48.644] [rrc] [warning] Acceptable cell selection failed, no cell is in coverage
[2023-01-10 09:04:48.644] [rrc] [error] Cell selection failure, no suitable or acceptable cell found
[2023-01-10 09:04:52.151] [nas] [error] PLMN selection failure, no cells in coverage
[2023-01-10 09:05:18.656] [rrc] [warning] Acceptable cell selection failed, no cell is in coverage
[2023-01-10 09:05:18.656] [rrc] [error] Cell selection failure, no suitable or acceptable cell found
[2023-01-10 09:05:22.979] [nas] [error] PLMN selection failure, no cells in coverage
[2023-01-10 09:05:48.668] [rrc] [warning] Acceptable cell selection failed, no cell is in coverage
[2023-01-10 09:05:48.668] [rrc] [error] Cell selection failure, no suitable or acceptable cell found
[2023-01-10 09:05:53.807] [nas] [error] PLMN selection failure, no cells in coverage
[2023-01-10 09:06:18.680] [rrc] [warning] Acceptable cell selection failed, no cell is in coverage
[2023-01-10 09:06:18.680] [rrc] [error] Cell selection failure, no suitable or acceptable cell found
[2023-01-10 09:06:24.635] [nas] [error] PLMN selection failure, no cells in coverage
[2023-01-10 09:06:48.694] [rrc] [warning] Acceptable cell selection failed, no cell is in coverage
[2023-01-10 09:06:48.694] [rrc] [error] Cell selection failure, no suitable or acceptable cell found
[2023-01-10 09:06:55.463] [nas] [error] PLMN selection failure, no cells in coverage
