UERANSIM v3.2.6
[2023-01-10 08:45:34.687] [nas] [info] UE switches to state [MM-DEREGISTERED/PLMN-SEARCH]
[2023-01-10 08:45:34.695] [rrc] [debug] New signal detected for cell[1], total [1] cells in coverage
[2023-01-10 08:45:34.695] [nas] [info] Selected plmn[208/93]
[2023-01-10 08:45:34.695] [rrc] [info] Selected cell plmn[208/93] tac[1] category[SUITABLE]
[2023-01-10 08:45:34.695] [nas] [info] UE switches to state [MM-DEREGISTERED/PS]
[2023-01-10 08:45:34.695] [nas] [info] UE switches to state [MM-DEREGISTERED/NORMAL-SERVICE]
[2023-01-10 08:45:34.695] [nas] [debug] Initial registration required due to [MM-DEREG-NORMAL-SERVICE]
[2023-01-10 08:45:34.695] [nas] [debug] UAC access attempt is allowed for identity[0], category[MO_sig]
[2023-01-10 08:45:34.695] [nas] [debug] Sending Initial Registration
[2023-01-10 08:45:34.695] [nas] [info] UE switches to state [MM-REGISTER-INITIATED]
[2023-01-10 08:45:34.695] [rrc] [debug] Sending RRC Setup Request
[2023-01-10 08:45:34.696] [rrc] [info] RRC connection established
[2023-01-10 08:45:34.696] [rrc] [info] UE switches to state [RRC-CONNECTED]
[2023-01-10 08:45:34.696] [nas] [info] UE switches to state [CM-CONNECTED]
[2023-01-10 08:45:34.711] [nas] [debug] Authentication Request received
[2023-01-10 08:45:34.711] [nas] [debug] Sending Authentication Failure due to SQN out of range
[2023-01-10 08:45:34.725] [nas] [debug] Authentication Request received
[2023-01-10 08:45:34.732] [nas] [debug] Security Mode Command received
[2023-01-10 08:45:34.732] [nas] [debug] Selected integrity[2] ciphering[0]
[2023-01-10 08:45:34.759] [nas] [debug] Registration accept received
[2023-01-10 08:45:34.759] [nas] [info] UE switches to state [MM-REGISTERED/NORMAL-SERVICE]
[2023-01-10 08:45:34.759] [nas] [debug] Sending Registration Complete
[2023-01-10 08:45:34.759] [nas] [info] Initial Registration is successful
[2023-01-10 08:45:34.759] [nas] [debug] Sending PDU Session Establishment Request
[2023-01-10 08:45:34.761] [nas] [debug] UAC access attempt is allowed for identity[0], category[MO_sig]
[2023-01-10 08:45:34.994] [nas] [debug] PDU Session Establishment Accept received
[2023-01-10 08:45:34.994] [nas] [info] PDU Session establishment is successful PSI[1]
[2023-01-10 08:45:35.019] [app] [info] Connection setup for PDU session[1] is successful, TUN interface[uesimtun79, 10.60.0.84] is up.
[2023-01-10 08:46:17.738] [nas] [debug] Sending PDU Session Release Request for PSI[1]
[2023-01-10 08:46:17.901] [nas] [debug] Sending PDU Session Release Request for PSI[1]
[2023-01-10 08:46:18.086] [nas] [debug] De-registration required due to [NORMAL]
[2023-01-10 08:46:18.098] [nas] [debug] Starting de-registration procedure due to [NORMAL]
[2023-01-10 08:46:18.098] [nas] [debug] Performing local release of PDU session[1]
[2023-01-10 08:46:18.098] [nas] [info] UE switches to state [MM-DEREGISTER-INITIATED]
[2023-01-10 08:46:18.517] [rrc] [debug] Signal lost for cell[1], total [0] cells in coverage
[2023-01-10 08:46:18.517] [nas] [error] Radio link failure detected
[2023-01-10 08:46:18.517] [nas] [info] UE switches to state [CM-IDLE]
[2023-01-10 08:46:18.517] [nas] [info] UE switches to state [MM-DEREGISTERED/PS]
[2023-01-10 08:46:18.517] [nas] [info] UE switches to state [MM-DEREGISTERED/PLMN-SEARCH]
[2023-01-10 08:46:18.517] [nas] [error] PLMN selection failure, no cells in coverage
[2023-01-10 08:46:19.707] [rrc] [warning] Acceptable cell selection failed, no cell is in coverage
[2023-01-10 08:46:19.707] [rrc] [error] Cell selection failure, no suitable or acceptable cell found
[2023-01-10 08:46:20.929] [nas] [error] PLMN selection failure, no cells in coverage
[2023-01-10 08:46:23.131] [nas] [error] PLMN selection failure, no cells in coverage
[2023-01-10 08:46:24.232] [nas] [info] UE switches to state [MM-DEREGISTERED/NO-CELL-AVAILABLE]
[2023-01-10 08:46:33.766] [nas] [warning] Retransmitting PDU Session Release Request due to T3582 expiry
[2023-01-10 08:46:33.766] [nas] [debug] NAS Transport aborted, no active cell
[2023-01-10 08:46:34.767] [nas] [warning] Retransmitting PDU Session Release Request due to T3582 expiry
[2023-01-10 08:46:34.767] [nas] [debug] NAS Transport aborted, no active cell
[2023-01-10 08:46:49.720] [rrc] [warning] Acceptable cell selection failed, no cell is in coverage
[2023-01-10 08:46:49.720] [rrc] [error] Cell selection failure, no suitable or acceptable cell found
[2023-01-10 08:46:49.782] [nas] [warning] Retransmitting PDU Session Release Request due to T3582 expiry
[2023-01-10 08:46:49.782] [nas] [debug] NAS Transport aborted, no active cell
[2023-01-10 08:46:50.786] [nas] [warning] Retransmitting PDU Session Release Request due to T3582 expiry
[2023-01-10 08:46:50.786] [nas] [debug] NAS Transport aborted, no active cell
[2023-01-10 08:46:53.959] [nas] [error] PLMN selection failure, no cells in coverage
[2023-01-10 08:47:05.802] [nas] [warning] Retransmitting PDU Session Release Request due to T3582 expiry
[2023-01-10 08:47:05.802] [nas] [debug] NAS Transport aborted, no active cell
[2023-01-10 08:47:06.806] [nas] [warning] Retransmitting PDU Session Release Request due to T3582 expiry
[2023-01-10 08:47:06.806] [nas] [debug] NAS Transport aborted, no active cell
[2023-01-10 08:47:19.732] [rrc] [warning] Acceptable cell selection failed, no cell is in coverage
[2023-01-10 08:47:19.732] [rrc] [error] Cell selection failure, no suitable or acceptable cell found
[2023-01-10 08:47:21.821] [nas] [warning] Retransmitting PDU Session Release Request due to T3582 expiry
[2023-01-10 08:47:21.821] [nas] [debug] NAS Transport aborted, no active cell
[2023-01-10 08:47:22.822] [nas] [warning] Retransmitting PDU Session Release Request due to T3582 expiry
[2023-01-10 08:47:22.822] [nas] [debug] NAS Transport aborted, no active cell
[2023-01-10 08:47:24.787] [nas] [error] PLMN selection failure, no cells in coverage
[2023-01-10 08:47:37.837] [nas] [error] PDU Session Release procedure failure, no response from the network after 5 attempts
[2023-01-10 08:47:37.838] [nas] [debug] Aborting SM procedure for PTI[1], PSI[1]
[2023-01-10 08:47:37.838] [nas] [debug] Performing local release of PDU session[1]
[2023-01-10 08:47:37.838] [nas] [debug] Mobility registration updating required due to [PS-STATUS-INFORM]
[2023-01-10 08:47:38.838] [nas] [error] PDU Session Release procedure failure, no response from the network after 5 attempts
[2023-01-10 08:47:38.838] [nas] [debug] Aborting SM procedure for PTI[2], PSI[1]
[2023-01-10 08:47:38.838] [nas] [debug] Performing local release of PDU session[1]
[2023-01-10 08:47:49.744] [rrc] [warning] Acceptable cell selection failed, no cell is in coverage
[2023-01-10 08:47:49.744] [rrc] [error] Cell selection failure, no suitable or acceptable cell found
[2023-01-10 08:47:55.615] [nas] [error] PLMN selection failure, no cells in coverage
[2023-01-10 08:48:18.383] [nas] [debug] De-registration required due to [NORMAL]
[2023-01-10 08:48:19.756] [rrc] [warning] Acceptable cell selection failed, no cell is in coverage
[2023-01-10 08:48:19.756] [rrc] [error] Cell selection failure, no suitable or acceptable cell found
[2023-01-10 08:48:26.444] [nas] [error] PLMN selection failure, no cells in coverage
[2023-01-10 08:48:49.768] [rrc] [warning] Acceptable cell selection failed, no cell is in coverage
[2023-01-10 08:48:49.768] [rrc] [error] Cell selection failure, no suitable or acceptable cell found
[2023-01-10 08:48:57.273] [nas] [error] PLMN selection failure, no cells in coverage
[2023-01-10 08:49:19.780] [rrc] [warning] Acceptable cell selection failed, no cell is in coverage
[2023-01-10 08:49:19.780] [rrc] [error] Cell selection failure, no suitable or acceptable cell found
[2023-01-10 08:49:28.101] [nas] [error] PLMN selection failure, no cells in coverage
[2023-01-10 08:49:49.792] [rrc] [warning] Acceptable cell selection failed, no cell is in coverage
[2023-01-10 08:49:49.792] [rrc] [error] Cell selection failure, no suitable or acceptable cell found
[2023-01-10 08:49:58.929] [nas] [error] PLMN selection failure, no cells in coverage
[2023-01-10 08:50:19.804] [rrc] [warning] Acceptable cell selection failed, no cell is in coverage
[2023-01-10 08:50:19.804] [rrc] [error] Cell selection failure, no suitable or acceptable cell found
[2023-01-10 08:50:29.757] [nas] [error] PLMN selection failure, no cells in coverage
[2023-01-10 08:50:49.816] [rrc] [warning] Acceptable cell selection failed, no cell is in coverage
[2023-01-10 08:50:49.816] [rrc] [error] Cell selection failure, no suitable or acceptable cell found
[2023-01-10 08:51:00.585] [nas] [error] PLMN selection failure, no cells in coverage
[2023-01-10 08:51:19.828] [rrc] [warning] Acceptable cell selection failed, no cell is in coverage
[2023-01-10 08:51:19.828] [rrc] [error] Cell selection failure, no suitable or acceptable cell found
[2023-01-10 08:51:31.413] [nas] [error] PLMN selection failure, no cells in coverage
[2023-01-10 08:51:49.840] [rrc] [warning] Acceptable cell selection failed, no cell is in coverage
[2023-01-10 08:51:49.840] [rrc] [error] Cell selection failure, no suitable or acceptable cell found
[2023-01-10 08:52:02.241] [nas] [error] PLMN selection failure, no cells in coverage
[2023-01-10 08:52:19.852] [rrc] [warning] Acceptable cell selection failed, no cell is in coverage
[2023-01-10 08:52:19.852] [rrc] [error] Cell selection failure, no suitable or acceptable cell found
[2023-01-10 08:52:33.069] [nas] [error] PLMN selection failure, no cells in coverage
[2023-01-10 08:52:49.864] [rrc] [warning] Acceptable cell selection failed, no cell is in coverage
[2023-01-10 08:52:49.864] [rrc] [error] Cell selection failure, no suitable or acceptable cell found
[2023-01-10 08:53:03.899] [nas] [error] PLMN selection failure, no cells in coverage
[2023-01-10 08:53:19.876] [rrc] [warning] Acceptable cell selection failed, no cell is in coverage
[2023-01-10 08:53:19.876] [rrc] [error] Cell selection failure, no suitable or acceptable cell found
[2023-01-10 08:53:34.727] [nas] [error] PLMN selection failure, no cells in coverage
[2023-01-10 08:53:49.888] [rrc] [warning] Acceptable cell selection failed, no cell is in coverage
[2023-01-10 08:53:49.888] [rrc] [error] Cell selection failure, no suitable or acceptable cell found
[2023-01-10 08:54:05.555] [nas] [error] PLMN selection failure, no cells in coverage
[2023-01-10 08:54:19.900] [rrc] [warning] Acceptable cell selection failed, no cell is in coverage
[2023-01-10 08:54:19.900] [rrc] [error] Cell selection failure, no suitable or acceptable cell found
[2023-01-10 08:54:36.383] [nas] [error] PLMN selection failure, no cells in coverage
[2023-01-10 08:54:49.912] [rrc] [warning] Acceptable cell selection failed, no cell is in coverage
[2023-01-10 08:54:49.912] [rrc] [error] Cell selection failure, no suitable or acceptable cell found
[2023-01-10 08:55:07.211] [nas] [error] PLMN selection failure, no cells in coverage
[2023-01-10 08:55:19.924] [rrc] [warning] Acceptable cell selection failed, no cell is in coverage
[2023-01-10 08:55:19.924] [rrc] [error] Cell selection failure, no suitable or acceptable cell found
[2023-01-10 08:55:38.039] [nas] [error] PLMN selection failure, no cells in coverage
[2023-01-10 08:55:49.936] [rrc] [warning] Acceptable cell selection failed, no cell is in coverage
[2023-01-10 08:55:49.936] [rrc] [error] Cell selection failure, no suitable or acceptable cell found
[2023-01-10 08:56:08.868] [nas] [error] PLMN selection failure, no cells in coverage
[2023-01-10 08:56:19.948] [rrc] [warning] Acceptable cell selection failed, no cell is in coverage
[2023-01-10 08:56:19.948] [rrc] [error] Cell selection failure, no suitable or acceptable cell found
[2023-01-10 08:56:39.696] [nas] [error] PLMN selection failure, no cells in coverage
[2023-01-10 08:56:49.960] [rrc] [warning] Acceptable cell selection failed, no cell is in coverage
[2023-01-10 08:56:49.960] [rrc] [error] Cell selection failure, no suitable or acceptable cell found
[2023-01-10 08:57:10.524] [nas] [error] PLMN selection failure, no cells in coverage
[2023-01-10 08:57:19.972] [rrc] [warning] Acceptable cell selection failed, no cell is in coverage
[2023-01-10 08:57:19.972] [rrc] [error] Cell selection failure, no suitable or acceptable cell found
[2023-01-10 08:57:41.353] [nas] [error] PLMN selection failure, no cells in coverage
[2023-01-10 08:57:49.984] [rrc] [warning] Acceptable cell selection failed, no cell is in coverage
[2023-01-10 08:57:49.984] [rrc] [error] Cell selection failure, no suitable or acceptable cell found
[2023-01-10 08:58:12.182] [nas] [error] PLMN selection failure, no cells in coverage
[2023-01-10 08:58:19.996] [rrc] [warning] Acceptable cell selection failed, no cell is in coverage
[2023-01-10 08:58:19.996] [rrc] [error] Cell selection failure, no suitable or acceptable cell found
[2023-01-10 08:58:43.011] [nas] [error] PLMN selection failure, no cells in coverage
[2023-01-10 08:58:50.008] [rrc] [warning] Acceptable cell selection failed, no cell is in coverage
[2023-01-10 08:58:50.008] [rrc] [error] Cell selection failure, no suitable or acceptable cell found
[2023-01-10 08:59:13.840] [nas] [error] PLMN selection failure, no cells in coverage
[2023-01-10 08:59:20.020] [rrc] [warning] Acceptable cell selection failed, no cell is in coverage
[2023-01-10 08:59:20.020] [rrc] [error] Cell selection failure, no suitable or acceptable cell found
[2023-01-10 08:59:44.669] [nas] [error] PLMN selection failure, no cells in coverage
[2023-01-10 08:59:50.032] [rrc] [warning] Acceptable cell selection failed, no cell is in coverage
[2023-01-10 08:59:50.032] [rrc] [error] Cell selection failure, no suitable or acceptable cell found
[2023-01-10 09:00:15.497] [nas] [error] PLMN selection failure, no cells in coverage
[2023-01-10 09:00:20.044] [rrc] [warning] Acceptable cell selection failed, no cell is in coverage
[2023-01-10 09:00:20.044] [rrc] [error] Cell selection failure, no suitable or acceptable cell found
[2023-01-10 09:00:46.325] [nas] [error] PLMN selection failure, no cells in coverage
[2023-01-10 09:00:50.056] [rrc] [warning] Acceptable cell selection failed, no cell is in coverage
[2023-01-10 09:00:50.056] [rrc] [error] Cell selection failure, no suitable or acceptable cell found
[2023-01-10 09:01:17.153] [nas] [error] PLMN selection failure, no cells in coverage
[2023-01-10 09:01:20.068] [rrc] [warning] Acceptable cell selection failed, no cell is in coverage
[2023-01-10 09:01:20.069] [rrc] [error] Cell selection failure, no suitable or acceptable cell found
[2023-01-10 09:01:47.981] [nas] [error] PLMN selection failure, no cells in coverage
[2023-01-10 09:01:50.080] [rrc] [warning] Acceptable cell selection failed, no cell is in coverage
[2023-01-10 09:01:50.080] [rrc] [error] Cell selection failure, no suitable or acceptable cell found
[2023-01-10 09:02:18.810] [nas] [error] PLMN selection failure, no cells in coverage
[2023-01-10 09:02:20.092] [rrc] [warning] Acceptable cell selection failed, no cell is in coverage
[2023-01-10 09:02:20.092] [rrc] [error] Cell selection failure, no suitable or acceptable cell found
[2023-01-10 09:02:49.638] [nas] [error] PLMN selection failure, no cells in coverage
[2023-01-10 09:02:50.104] [rrc] [warning] Acceptable cell selection failed, no cell is in coverage
[2023-01-10 09:02:50.104] [rrc] [error] Cell selection failure, no suitable or acceptable cell found
[2023-01-10 09:03:20.116] [rrc] [warning] Acceptable cell selection failed, no cell is in coverage
[2023-01-10 09:03:20.116] [rrc] [error] Cell selection failure, no suitable or acceptable cell found
[2023-01-10 09:03:20.466] [nas] [error] PLMN selection failure, no cells in coverage
[2023-01-10 09:03:50.129] [rrc] [warning] Acceptable cell selection failed, no cell is in coverage
[2023-01-10 09:03:50.129] [rrc] [error] Cell selection failure, no suitable or acceptable cell found
[2023-01-10 09:03:51.294] [nas] [error] PLMN selection failure, no cells in coverage
[2023-01-10 09:04:20.141] [rrc] [warning] Acceptable cell selection failed, no cell is in coverage
[2023-01-10 09:04:20.141] [rrc] [error] Cell selection failure, no suitable or acceptable cell found
[2023-01-10 09:04:22.122] [nas] [error] PLMN selection failure, no cells in coverage
[2023-01-10 09:04:50.153] [rrc] [warning] Acceptable cell selection failed, no cell is in coverage
[2023-01-10 09:04:50.153] [rrc] [error] Cell selection failure, no suitable or acceptable cell found
[2023-01-10 09:04:52.950] [nas] [error] PLMN selection failure, no cells in coverage
[2023-01-10 09:05:20.165] [rrc] [warning] Acceptable cell selection failed, no cell is in coverage
[2023-01-10 09:05:20.165] [rrc] [error] Cell selection failure, no suitable or acceptable cell found
[2023-01-10 09:05:23.778] [nas] [error] PLMN selection failure, no cells in coverage
[2023-01-10 09:05:50.177] [rrc] [warning] Acceptable cell selection failed, no cell is in coverage
[2023-01-10 09:05:50.177] [rrc] [error] Cell selection failure, no suitable or acceptable cell found
[2023-01-10 09:05:54.606] [nas] [error] PLMN selection failure, no cells in coverage
[2023-01-10 09:06:20.189] [rrc] [warning] Acceptable cell selection failed, no cell is in coverage
[2023-01-10 09:06:20.189] [rrc] [error] Cell selection failure, no suitable or acceptable cell found
[2023-01-10 09:06:25.435] [nas] [error] PLMN selection failure, no cells in coverage
[2023-01-10 09:06:50.201] [rrc] [warning] Acceptable cell selection failed, no cell is in coverage
[2023-01-10 09:06:50.201] [rrc] [error] Cell selection failure, no suitable or acceptable cell found
