UERANSIM v3.2.6
[2023-01-10 08:43:32.563] [nas] [info] UE switches to state [MM-DEREGISTERED/PLMN-SEARCH]
[2023-01-10 08:43:32.563] [rrc] [debug] New signal detected for cell[1], total [1] cells in coverage
[2023-01-10 08:43:32.565] [nas] [info] Selected plmn[208/93]
[2023-01-10 08:43:32.565] [rrc] [info] Selected cell plmn[208/93] tac[1] category[SUITABLE]
[2023-01-10 08:43:32.565] [nas] [info] UE switches to state [MM-DEREGISTERED/PS]
[2023-01-10 08:43:32.565] [nas] [info] UE switches to state [MM-DEREGISTERED/NORMAL-SERVICE]
[2023-01-10 08:43:32.565] [nas] [debug] Initial registration required due to [MM-DEREG-NORMAL-SERVICE]
[2023-01-10 08:43:32.566] [nas] [debug] UAC access attempt is allowed for identity[0], category[MO_sig]
[2023-01-10 08:43:32.566] [nas] [debug] Sending Initial Registration
[2023-01-10 08:43:32.566] [nas] [info] UE switches to state [MM-REGISTER-INITIATED]
[2023-01-10 08:43:32.566] [rrc] [debug] Sending RRC Setup Request
[2023-01-10 08:43:32.566] [rrc] [info] RRC connection established
[2023-01-10 08:43:32.566] [rrc] [info] UE switches to state [RRC-CONNECTED]
[2023-01-10 08:43:32.566] [nas] [info] UE switches to state [CM-CONNECTED]
[2023-01-10 08:43:32.582] [nas] [debug] Authentication Request received
[2023-01-10 08:43:32.582] [nas] [debug] Sending Authentication Failure due to SQN out of range
[2023-01-10 08:43:32.594] [nas] [debug] Authentication Request received
[2023-01-10 08:43:32.602] [nas] [debug] Security Mode Command received
[2023-01-10 08:43:32.602] [nas] [debug] Selected integrity[2] ciphering[0]
[2023-01-10 08:43:32.626] [nas] [debug] Registration accept received
[2023-01-10 08:43:32.626] [nas] [info] UE switches to state [MM-REGISTERED/NORMAL-SERVICE]
[2023-01-10 08:43:32.626] [nas] [debug] Sending Registration Complete
[2023-01-10 08:43:32.626] [nas] [info] Initial Registration is successful
[2023-01-10 08:43:32.626] [nas] [debug] Sending PDU Session Establishment Request
[2023-01-10 08:43:32.627] [nas] [debug] UAC access attempt is allowed for identity[0], category[MO_sig]
[2023-01-10 08:43:32.863] [nas] [debug] PDU Session Establishment Accept received
[2023-01-10 08:43:32.863] [nas] [info] PDU Session establishment is successful PSI[1]
[2023-01-10 08:43:32.883] [app] [info] Connection setup for PDU session[1] is successful, TUN interface[uesimtun19, 10.60.0.24] is up.
[2023-01-10 08:46:18.176] [nas] [debug] Sending PDU Session Establishment Request
[2023-01-10 08:46:18.283] [nas] [error] No response from RRC from UAC checks, considering access attempt is barred
[2023-01-10 08:46:18.410] [nas] [debug] Sending PDU Session Establishment Request
[2023-01-10 08:46:18.516] [nas] [error] No response from RRC from UAC checks, considering access attempt is barred
[2023-01-10 08:46:18.580] [nas] [debug] Sending PDU Session Release Request for PSI[1]
[2023-01-10 08:46:18.721] [rrc] [debug] Signal lost for cell[1], total [0] cells in coverage
[2023-01-10 08:46:18.721] [nas] [error] Radio link failure detected
[2023-01-10 08:46:18.721] [nas] [info] UE switches to state [CM-IDLE]
[2023-01-10 08:46:18.721] [nas] [info] UE switches to state [MM-REGISTERED/PS]
[2023-01-10 08:46:18.721] [nas] [info] UE switches to state [MM-REGISTERED/PLMN-SEARCH]
[2023-01-10 08:46:18.721] [nas] [error] PLMN selection failure, no cells in coverage
[2023-01-10 08:46:20.131] [rrc] [warning] Acceptable cell selection failed, no cell is in coverage
[2023-01-10 08:46:20.131] [rrc] [error] Cell selection failure, no suitable or acceptable cell found
[2023-01-10 08:46:21.017] [nas] [error] PLMN selection failure, no cells in coverage
[2023-01-10 08:46:23.219] [nas] [error] PLMN selection failure, no cells in coverage
[2023-01-10 08:46:24.320] [nas] [info] UE switches to state [MM-REGISTERED/NO-CELL-AVAILABLE]
[2023-01-10 08:46:34.760] [nas] [warning] Retransmitting PDU Session Establishment Request due to T3580 expiry
[2023-01-10 08:46:34.762] [nas] [error] UAC access attempt is barred for identity[0], category[MO_sig]
[2023-01-10 08:46:34.762] [nas] [warning] Retransmitting PDU Session Establishment Request due to T3580 expiry
[2023-01-10 08:46:34.762] [nas] [error] UAC access attempt is barred for identity[0], category[MO_sig]
[2023-01-10 08:46:34.762] [nas] [warning] Retransmitting PDU Session Release Request due to T3582 expiry
[2023-01-10 08:46:34.762] [nas] [debug] NAS Transport aborted, no active cell
[2023-01-10 08:46:50.144] [rrc] [warning] Acceptable cell selection failed, no cell is in coverage
[2023-01-10 08:46:50.144] [rrc] [error] Cell selection failure, no suitable or acceptable cell found
[2023-01-10 08:46:50.782] [nas] [warning] Retransmitting PDU Session Establishment Request due to T3580 expiry
[2023-01-10 08:46:50.786] [nas] [error] UAC access attempt is barred for identity[0], category[MO_sig]
[2023-01-10 08:46:50.786] [nas] [warning] Retransmitting PDU Session Establishment Request due to T3580 expiry
[2023-01-10 08:46:50.786] [nas] [error] UAC access attempt is barred for identity[0], category[MO_sig]
[2023-01-10 08:46:50.786] [nas] [warning] Retransmitting PDU Session Release Request due to T3582 expiry
[2023-01-10 08:46:50.786] [nas] [debug] NAS Transport aborted, no active cell
[2023-01-10 08:46:54.048] [nas] [error] PLMN selection failure, no cells in coverage
[2023-01-10 08:47:06.800] [nas] [warning] Retransmitting PDU Session Establishment Request due to T3580 expiry
[2023-01-10 08:47:06.800] [nas] [error] UAC access attempt is barred for identity[0], category[MO_sig]
[2023-01-10 08:47:06.800] [nas] [warning] Retransmitting PDU Session Establishment Request due to T3580 expiry
[2023-01-10 08:47:06.800] [nas] [error] UAC access attempt is barred for identity[0], category[MO_sig]
[2023-01-10 08:47:06.800] [nas] [warning] Retransmitting PDU Session Release Request due to T3582 expiry
[2023-01-10 08:47:06.800] [nas] [debug] NAS Transport aborted, no active cell
[2023-01-10 08:47:20.156] [rrc] [warning] Acceptable cell selection failed, no cell is in coverage
[2023-01-10 08:47:20.156] [rrc] [error] Cell selection failure, no suitable or acceptable cell found
[2023-01-10 08:47:22.816] [nas] [warning] Retransmitting PDU Session Establishment Request due to T3580 expiry
[2023-01-10 08:47:22.818] [nas] [error] UAC access attempt is barred for identity[0], category[MO_sig]
[2023-01-10 08:47:22.818] [nas] [warning] Retransmitting PDU Session Establishment Request due to T3580 expiry
[2023-01-10 08:47:22.818] [nas] [error] UAC access attempt is barred for identity[0], category[MO_sig]
[2023-01-10 08:47:22.818] [nas] [warning] Retransmitting PDU Session Release Request due to T3582 expiry
[2023-01-10 08:47:22.818] [nas] [debug] NAS Transport aborted, no active cell
[2023-01-10 08:47:24.876] [nas] [error] PLMN selection failure, no cells in coverage
[2023-01-10 08:47:38.832] [nas] [error] PDU Session Establishment procedure failure, no response from the network after 5 attempts
[2023-01-10 08:47:38.832] [nas] [debug] Aborting SM procedure for PTI[1], PSI[2]
[2023-01-10 08:47:38.832] [nas] [error] PDU Session Establishment procedure failure, no response from the network after 5 attempts
[2023-01-10 08:47:38.832] [nas] [debug] Aborting SM procedure for PTI[2], PSI[3]
[2023-01-10 08:47:38.832] [nas] [error] PDU Session Release procedure failure, no response from the network after 5 attempts
[2023-01-10 08:47:38.832] [nas] [debug] Aborting SM procedure for PTI[3], PSI[1]
[2023-01-10 08:47:38.832] [nas] [debug] Performing local release of PDU session[1]
[2023-01-10 08:47:38.832] [nas] [debug] Mobility registration updating required due to [PS-STATUS-INFORM]
[2023-01-10 08:47:50.169] [rrc] [warning] Acceptable cell selection failed, no cell is in coverage
[2023-01-10 08:47:50.169] [rrc] [error] Cell selection failure, no suitable or acceptable cell found
[2023-01-10 08:47:55.704] [nas] [error] PLMN selection failure, no cells in coverage
[2023-01-10 08:48:18.763] [nas] [debug] De-registration required due to [NORMAL]
[2023-01-10 08:48:20.181] [rrc] [warning] Acceptable cell selection failed, no cell is in coverage
[2023-01-10 08:48:20.181] [rrc] [error] Cell selection failure, no suitable or acceptable cell found
[2023-01-10 08:48:26.532] [nas] [error] PLMN selection failure, no cells in coverage
[2023-01-10 08:48:50.193] [rrc] [warning] Acceptable cell selection failed, no cell is in coverage
[2023-01-10 08:48:50.193] [rrc] [error] Cell selection failure, no suitable or acceptable cell found
[2023-01-10 08:48:57.360] [nas] [error] PLMN selection failure, no cells in coverage
[2023-01-10 08:49:20.205] [rrc] [warning] Acceptable cell selection failed, no cell is in coverage
[2023-01-10 08:49:20.205] [rrc] [error] Cell selection failure, no suitable or acceptable cell found
[2023-01-10 08:49:28.188] [nas] [error] PLMN selection failure, no cells in coverage
[2023-01-10 08:49:50.217] [rrc] [warning] Acceptable cell selection failed, no cell is in coverage
[2023-01-10 08:49:50.217] [rrc] [error] Cell selection failure, no suitable or acceptable cell found
[2023-01-10 08:49:59.017] [nas] [error] PLMN selection failure, no cells in coverage
[2023-01-10 08:50:20.229] [rrc] [warning] Acceptable cell selection failed, no cell is in coverage
[2023-01-10 08:50:20.229] [rrc] [error] Cell selection failure, no suitable or acceptable cell found
[2023-01-10 08:50:29.845] [nas] [error] PLMN selection failure, no cells in coverage
[2023-01-10 08:50:50.241] [rrc] [warning] Acceptable cell selection failed, no cell is in coverage
[2023-01-10 08:50:50.241] [rrc] [error] Cell selection failure, no suitable or acceptable cell found
[2023-01-10 08:51:00.674] [nas] [error] PLMN selection failure, no cells in coverage
[2023-01-10 08:51:20.253] [rrc] [warning] Acceptable cell selection failed, no cell is in coverage
[2023-01-10 08:51:20.253] [rrc] [error] Cell selection failure, no suitable or acceptable cell found
[2023-01-10 08:51:31.502] [nas] [error] PLMN selection failure, no cells in coverage
[2023-01-10 08:51:50.265] [rrc] [warning] Acceptable cell selection failed, no cell is in coverage
[2023-01-10 08:51:50.265] [rrc] [error] Cell selection failure, no suitable or acceptable cell found
[2023-01-10 08:52:02.330] [nas] [error] PLMN selection failure, no cells in coverage
[2023-01-10 08:52:20.277] [rrc] [warning] Acceptable cell selection failed, no cell is in coverage
[2023-01-10 08:52:20.277] [rrc] [error] Cell selection failure, no suitable or acceptable cell found
[2023-01-10 08:52:33.158] [nas] [error] PLMN selection failure, no cells in coverage
[2023-01-10 08:52:50.290] [rrc] [warning] Acceptable cell selection failed, no cell is in coverage
[2023-01-10 08:52:50.290] [rrc] [error] Cell selection failure, no suitable or acceptable cell found
[2023-01-10 08:53:03.987] [nas] [error] PLMN selection failure, no cells in coverage
[2023-01-10 08:53:20.302] [rrc] [warning] Acceptable cell selection failed, no cell is in coverage
[2023-01-10 08:53:20.302] [rrc] [error] Cell selection failure, no suitable or acceptable cell found
[2023-01-10 08:53:34.815] [nas] [error] PLMN selection failure, no cells in coverage
[2023-01-10 08:53:50.314] [rrc] [warning] Acceptable cell selection failed, no cell is in coverage
[2023-01-10 08:53:50.314] [rrc] [error] Cell selection failure, no suitable or acceptable cell found
[2023-01-10 08:54:05.644] [nas] [error] PLMN selection failure, no cells in coverage
[2023-01-10 08:54:20.326] [rrc] [warning] Acceptable cell selection failed, no cell is in coverage
[2023-01-10 08:54:20.326] [rrc] [error] Cell selection failure, no suitable or acceptable cell found
[2023-01-10 08:54:36.472] [nas] [error] PLMN selection failure, no cells in coverage
[2023-01-10 08:54:50.338] [rrc] [warning] Acceptable cell selection failed, no cell is in coverage
[2023-01-10 08:54:50.338] [rrc] [error] Cell selection failure, no suitable or acceptable cell found
[2023-01-10 08:55:07.300] [nas] [error] PLMN selection failure, no cells in coverage
[2023-01-10 08:55:20.350] [rrc] [warning] Acceptable cell selection failed, no cell is in coverage
[2023-01-10 08:55:20.350] [rrc] [error] Cell selection failure, no suitable or acceptable cell found
[2023-01-10 08:55:38.128] [nas] [error] PLMN selection failure, no cells in coverage
[2023-01-10 08:55:50.362] [rrc] [warning] Acceptable cell selection failed, no cell is in coverage
[2023-01-10 08:55:50.362] [rrc] [error] Cell selection failure, no suitable or acceptable cell found
[2023-01-10 08:56:08.956] [nas] [error] PLMN selection failure, no cells in coverage
[2023-01-10 08:56:20.374] [rrc] [warning] Acceptable cell selection failed, no cell is in coverage
[2023-01-10 08:56:20.374] [rrc] [error] Cell selection failure, no suitable or acceptable cell found
[2023-01-10 08:56:39.784] [nas] [error] PLMN selection failure, no cells in coverage
[2023-01-10 08:56:50.386] [rrc] [warning] Acceptable cell selection failed, no cell is in coverage
[2023-01-10 08:56:50.386] [rrc] [error] Cell selection failure, no suitable or acceptable cell found
[2023-01-10 08:57:10.612] [nas] [error] PLMN selection failure, no cells in coverage
[2023-01-10 08:57:20.398] [rrc] [warning] Acceptable cell selection failed, no cell is in coverage
[2023-01-10 08:57:20.398] [rrc] [error] Cell selection failure, no suitable or acceptable cell found
[2023-01-10 08:57:41.440] [nas] [error] PLMN selection failure, no cells in coverage
[2023-01-10 08:57:50.410] [rrc] [warning] Acceptable cell selection failed, no cell is in coverage
[2023-01-10 08:57:50.410] [rrc] [error] Cell selection failure, no suitable or acceptable cell found
[2023-01-10 08:58:12.269] [nas] [error] PLMN selection failure, no cells in coverage
[2023-01-10 08:58:20.422] [rrc] [warning] Acceptable cell selection failed, no cell is in coverage
[2023-01-10 08:58:20.422] [rrc] [error] Cell selection failure, no suitable or acceptable cell found
[2023-01-10 08:58:43.098] [nas] [error] PLMN selection failure, no cells in coverage
[2023-01-10 08:58:50.434] [rrc] [warning] Acceptable cell selection failed, no cell is in coverage
[2023-01-10 08:58:50.434] [rrc] [error] Cell selection failure, no suitable or acceptable cell found
[2023-01-10 08:59:13.926] [nas] [error] PLMN selection failure, no cells in coverage
[2023-01-10 08:59:20.446] [rrc] [warning] Acceptable cell selection failed, no cell is in coverage
[2023-01-10 08:59:20.446] [rrc] [error] Cell selection failure, no suitable or acceptable cell found
[2023-01-10 08:59:44.754] [nas] [error] PLMN selection failure, no cells in coverage
[2023-01-10 08:59:50.458] [rrc] [warning] Acceptable cell selection failed, no cell is in coverage
[2023-01-10 08:59:50.459] [rrc] [error] Cell selection failure, no suitable or acceptable cell found
[2023-01-10 09:00:15.582] [nas] [error] PLMN selection failure, no cells in coverage
[2023-01-10 09:00:20.470] [rrc] [warning] Acceptable cell selection failed, no cell is in coverage
[2023-01-10 09:00:20.470] [rrc] [error] Cell selection failure, no suitable or acceptable cell found
[2023-01-10 09:00:46.411] [nas] [error] PLMN selection failure, no cells in coverage
[2023-01-10 09:00:50.483] [rrc] [warning] Acceptable cell selection failed, no cell is in coverage
[2023-01-10 09:00:50.483] [rrc] [error] Cell selection failure, no suitable or acceptable cell found
[2023-01-10 09:01:17.239] [nas] [error] PLMN selection failure, no cells in coverage
[2023-01-10 09:01:20.495] [rrc] [warning] Acceptable cell selection failed, no cell is in coverage
[2023-01-10 09:01:20.495] [rrc] [error] Cell selection failure, no suitable or acceptable cell found
[2023-01-10 09:01:48.067] [nas] [error] PLMN selection failure, no cells in coverage
[2023-01-10 09:01:50.507] [rrc] [warning] Acceptable cell selection failed, no cell is in coverage
[2023-01-10 09:01:50.507] [rrc] [error] Cell selection failure, no suitable or acceptable cell found
[2023-01-10 09:02:18.895] [nas] [error] PLMN selection failure, no cells in coverage
[2023-01-10 09:02:20.519] [rrc] [warning] Acceptable cell selection failed, no cell is in coverage
[2023-01-10 09:02:20.519] [rrc] [error] Cell selection failure, no suitable or acceptable cell found
[2023-01-10 09:02:49.723] [nas] [error] PLMN selection failure, no cells in coverage
[2023-01-10 09:02:50.532] [rrc] [warning] Acceptable cell selection failed, no cell is in coverage
[2023-01-10 09:02:50.532] [rrc] [error] Cell selection failure, no suitable or acceptable cell found
[2023-01-10 09:03:20.544] [rrc] [warning] Acceptable cell selection failed, no cell is in coverage
[2023-01-10 09:03:20.544] [rrc] [error] Cell selection failure, no suitable or acceptable cell found
[2023-01-10 09:03:20.551] [nas] [error] PLMN selection failure, no cells in coverage
[2023-01-10 09:03:50.556] [rrc] [warning] Acceptable cell selection failed, no cell is in coverage
[2023-01-10 09:03:50.556] [rrc] [error] Cell selection failure, no suitable or acceptable cell found
[2023-01-10 09:03:51.379] [nas] [error] PLMN selection failure, no cells in coverage
[2023-01-10 09:04:20.568] [rrc] [warning] Acceptable cell selection failed, no cell is in coverage
[2023-01-10 09:04:20.568] [rrc] [error] Cell selection failure, no suitable or acceptable cell found
[2023-01-10 09:04:22.207] [nas] [error] PLMN selection failure, no cells in coverage
[2023-01-10 09:04:50.580] [rrc] [warning] Acceptable cell selection failed, no cell is in coverage
[2023-01-10 09:04:50.580] [rrc] [error] Cell selection failure, no suitable or acceptable cell found
[2023-01-10 09:04:53.036] [nas] [error] PLMN selection failure, no cells in coverage
[2023-01-10 09:05:20.592] [rrc] [warning] Acceptable cell selection failed, no cell is in coverage
[2023-01-10 09:05:20.592] [rrc] [error] Cell selection failure, no suitable or acceptable cell found
[2023-01-10 09:05:23.864] [nas] [error] PLMN selection failure, no cells in coverage
[2023-01-10 09:05:50.604] [rrc] [warning] Acceptable cell selection failed, no cell is in coverage
[2023-01-10 09:05:50.604] [rrc] [error] Cell selection failure, no suitable or acceptable cell found
[2023-01-10 09:05:54.692] [nas] [error] PLMN selection failure, no cells in coverage
[2023-01-10 09:06:20.616] [rrc] [warning] Acceptable cell selection failed, no cell is in coverage
[2023-01-10 09:06:20.616] [rrc] [error] Cell selection failure, no suitable or acceptable cell found
[2023-01-10 09:06:25.520] [nas] [error] PLMN selection failure, no cells in coverage
[2023-01-10 09:06:50.628] [rrc] [warning] Acceptable cell selection failed, no cell is in coverage
[2023-01-10 09:06:50.628] [rrc] [error] Cell selection failure, no suitable or acceptable cell found
