UERANSIM v3.2.6
[2023-01-10 08:45:04.656] [nas] [info] UE switches to state [MM-DEREGISTERED/PLMN-SEARCH]
[2023-01-10 08:45:04.656] [rrc] [debug] New signal detected for cell[1], total [1] cells in coverage
[2023-01-10 08:45:04.661] [nas] [info] Selected plmn[208/93]
[2023-01-10 08:45:04.661] [rrc] [info] Selected cell plmn[208/93] tac[1] category[SUITABLE]
[2023-01-10 08:45:04.661] [nas] [info] UE switches to state [MM-DEREGISTERED/PS]
[2023-01-10 08:45:04.661] [nas] [info] UE switches to state [MM-DEREGISTERED/NORMAL-SERVICE]
[2023-01-10 08:45:04.661] [nas] [debug] Initial registration required due to [MM-DEREG-NORMAL-SERVICE]
[2023-01-10 08:45:04.663] [nas] [debug] UAC access attempt is allowed for identity[0], category[MO_sig]
[2023-01-10 08:45:04.663] [nas] [debug] Sending Initial Registration
[2023-01-10 08:45:04.663] [nas] [info] UE switches to state [MM-REGISTER-INITIATED]
[2023-01-10 08:45:04.663] [rrc] [debug] Sending RRC Setup Request
[2023-01-10 08:45:04.664] [rrc] [info] RRC connection established
[2023-01-10 08:45:04.664] [rrc] [info] UE switches to state [RRC-CONNECTED]
[2023-01-10 08:45:04.664] [nas] [info] UE switches to state [CM-CONNECTED]
[2023-01-10 08:45:04.685] [nas] [debug] Authentication Request received
[2023-01-10 08:45:04.690] [nas] [debug] Security Mode Command received
[2023-01-10 08:45:04.690] [nas] [debug] Selected integrity[2] ciphering[0]
[2023-01-10 08:45:04.716] [nas] [debug] Registration accept received
[2023-01-10 08:45:04.716] [nas] [info] UE switches to state [MM-REGISTERED/NORMAL-SERVICE]
[2023-01-10 08:45:04.716] [nas] [debug] Sending Registration Complete
[2023-01-10 08:45:04.716] [nas] [info] Initial Registration is successful
[2023-01-10 08:45:04.716] [nas] [debug] Sending PDU Session Establishment Request
[2023-01-10 08:45:04.718] [nas] [debug] UAC access attempt is allowed for identity[0], category[MO_sig]
[2023-01-10 08:45:04.958] [nas] [debug] PDU Session Establishment Accept received
[2023-01-10 08:45:04.958] [nas] [info] PDU Session establishment is successful PSI[1]
[2023-01-10 08:45:04.983] [app] [info] Connection setup for PDU session[1] is successful, TUN interface[uesimtun65, 10.60.0.70] is up.
[2023-01-10 08:46:15.605] [nas] [debug] Sending PDU Session Release Request for PSI[1]
[2023-01-10 08:46:15.811] [nas] [debug] PDU Session Release Command received
[2023-01-10 08:46:15.811] [nas] [debug] Performing local release of PDU session[1]
[2023-01-10 08:46:15.850] [nas] [debug] De-registration required due to [NORMAL]
[2023-01-10 08:46:15.860] [nas] [debug] Starting de-registration procedure due to [NORMAL]
[2023-01-10 08:46:15.860] [nas] [info] UE switches to state [MM-DEREGISTER-INITIATED]
[2023-01-10 08:46:16.009] [rrc] [debug] RRC Release received
[2023-01-10 08:46:16.009] [nas] [debug] De-registration accept received
[2023-01-10 08:46:16.009] [nas] [info] UE switches to state [MM-DEREGISTERED/PS]
[2023-01-10 08:46:16.009] [nas] [info] De-registration is successful
[2023-01-10 08:46:16.009] [nas] [info] UE switches to state [CM-IDLE]
[2023-01-10 08:46:16.009] [nas] [info] UE switches to state [MM-DEREGISTERED/NORMAL-SERVICE]
[2023-01-10 08:46:16.009] [nas] [debug] Initial registration required due to [MM-DEREG-NORMAL-SERVICE]
[2023-01-10 08:46:16.010] [nas] [debug] UAC access attempt is allowed for identity[0], category[MO_sig]
[2023-01-10 08:46:16.010] [nas] [debug] Sending Initial Registration
[2023-01-10 08:46:16.010] [nas] [debug] Deleting NAS security context
[2023-01-10 08:46:16.010] [nas] [info] UE switches to state [MM-REGISTER-INITIATED]
[2023-01-10 08:46:16.010] [rrc] [debug] Sending RRC Setup Request
[2023-01-10 08:46:16.014] [rrc] [info] RRC connection established
[2023-01-10 08:46:16.014] [rrc] [info] UE switches to state [RRC-CONNECTED]
[2023-01-10 08:46:16.015] [nas] [info] UE switches to state [CM-CONNECTED]
[2023-01-10 08:46:16.451] [nas] [debug] Authentication Request received
[2023-01-10 08:46:16.689] [nas] [debug] Security Mode Command received
[2023-01-10 08:46:16.689] [nas] [debug] Selected integrity[2] ciphering[0]
[2023-01-10 08:46:16.897] [nas] [debug] Registration accept received
[2023-01-10 08:46:16.897] [nas] [info] UE switches to state [MM-REGISTERED/NORMAL-SERVICE]
[2023-01-10 08:46:16.897] [nas] [debug] Sending Registration Complete
[2023-01-10 08:46:16.897] [nas] [info] Initial Registration is successful
[2023-01-10 08:46:16.897] [nas] [debug] Sending PDU Session Establishment Request
[2023-01-10 08:46:16.898] [nas] [debug] UAC access attempt is allowed for identity[0], category[MO_sig]
[2023-01-10 08:46:18.508] [rrc] [debug] Signal lost for cell[1], total [0] cells in coverage
[2023-01-10 08:46:18.508] [nas] [error] Radio link failure detected
[2023-01-10 08:46:18.508] [nas] [info] UE switches to state [CM-IDLE]
[2023-01-10 08:46:18.508] [nas] [info] UE switches to state [MM-REGISTERED/PS]
[2023-01-10 08:46:18.508] [nas] [info] UE switches to state [MM-REGISTERED/PLMN-SEARCH]
[2023-01-10 08:46:18.508] [nas] [error] PLMN selection failure, no cells in coverage
[2023-01-10 08:46:19.690] [rrc] [warning] Acceptable cell selection failed, no cell is in coverage
[2023-01-10 08:46:19.690] [rrc] [error] Cell selection failure, no suitable or acceptable cell found
[2023-01-10 08:46:20.631] [nas] [error] PLMN selection failure, no cells in coverage
[2023-01-10 08:46:22.833] [nas] [error] PLMN selection failure, no cells in coverage
[2023-01-10 08:46:23.934] [nas] [info] UE switches to state [MM-REGISTERED/NO-CELL-AVAILABLE]
[2023-01-10 08:46:33.759] [nas] [warning] Retransmitting PDU Session Establishment Request due to T3580 expiry
[2023-01-10 08:46:33.759] [nas] [error] UAC access attempt is barred for identity[0], category[MO_sig]
[2023-01-10 08:46:49.702] [rrc] [warning] Acceptable cell selection failed, no cell is in coverage
[2023-01-10 08:46:49.702] [rrc] [error] Cell selection failure, no suitable or acceptable cell found
[2023-01-10 08:46:49.778] [nas] [warning] Retransmitting PDU Session Establishment Request due to T3580 expiry
[2023-01-10 08:46:49.778] [nas] [error] UAC access attempt is barred for identity[0], category[MO_sig]
[2023-01-10 08:46:53.662] [nas] [error] PLMN selection failure, no cells in coverage
[2023-01-10 08:47:05.794] [nas] [warning] Retransmitting PDU Session Establishment Request due to T3580 expiry
[2023-01-10 08:47:05.796] [nas] [error] UAC access attempt is barred for identity[0], category[MO_sig]
[2023-01-10 08:47:19.715] [rrc] [warning] Acceptable cell selection failed, no cell is in coverage
[2023-01-10 08:47:19.715] [rrc] [error] Cell selection failure, no suitable or acceptable cell found
[2023-01-10 08:47:21.810] [nas] [warning] Retransmitting PDU Session Establishment Request due to T3580 expiry
[2023-01-10 08:47:21.810] [nas] [error] UAC access attempt is barred for identity[0], category[MO_sig]
[2023-01-10 08:47:24.490] [nas] [error] PLMN selection failure, no cells in coverage
[2023-01-10 08:47:37.829] [nas] [error] PDU Session Establishment procedure failure, no response from the network after 5 attempts
[2023-01-10 08:47:37.829] [nas] [debug] Aborting SM procedure for PTI[1], PSI[1]
[2023-01-10 08:47:49.727] [rrc] [warning] Acceptable cell selection failed, no cell is in coverage
[2023-01-10 08:47:49.727] [rrc] [error] Cell selection failure, no suitable or acceptable cell found
[2023-01-10 08:47:55.318] [nas] [error] PLMN selection failure, no cells in coverage
[2023-01-10 08:48:16.228] [nas] [debug] De-registration required due to [NORMAL]
[2023-01-10 08:48:19.739] [rrc] [warning] Acceptable cell selection failed, no cell is in coverage
[2023-01-10 08:48:19.739] [rrc] [error] Cell selection failure, no suitable or acceptable cell found
[2023-01-10 08:48:26.148] [nas] [error] PLMN selection failure, no cells in coverage
[2023-01-10 08:48:49.751] [rrc] [warning] Acceptable cell selection failed, no cell is in coverage
[2023-01-10 08:48:49.751] [rrc] [error] Cell selection failure, no suitable or acceptable cell found
[2023-01-10 08:48:56.977] [nas] [error] PLMN selection failure, no cells in coverage
[2023-01-10 08:49:19.763] [rrc] [warning] Acceptable cell selection failed, no cell is in coverage
[2023-01-10 08:49:19.763] [rrc] [error] Cell selection failure, no suitable or acceptable cell found
[2023-01-10 08:49:27.805] [nas] [error] PLMN selection failure, no cells in coverage
[2023-01-10 08:49:49.775] [rrc] [warning] Acceptable cell selection failed, no cell is in coverage
[2023-01-10 08:49:49.775] [rrc] [error] Cell selection failure, no suitable or acceptable cell found
[2023-01-10 08:49:58.634] [nas] [error] PLMN selection failure, no cells in coverage
[2023-01-10 08:50:19.787] [rrc] [warning] Acceptable cell selection failed, no cell is in coverage
[2023-01-10 08:50:19.787] [rrc] [error] Cell selection failure, no suitable or acceptable cell found
[2023-01-10 08:50:29.462] [nas] [error] PLMN selection failure, no cells in coverage
[2023-01-10 08:50:49.799] [rrc] [warning] Acceptable cell selection failed, no cell is in coverage
[2023-01-10 08:50:49.799] [rrc] [error] Cell selection failure, no suitable or acceptable cell found
[2023-01-10 08:51:00.291] [nas] [error] PLMN selection failure, no cells in coverage
[2023-01-10 08:51:19.811] [rrc] [warning] Acceptable cell selection failed, no cell is in coverage
[2023-01-10 08:51:19.811] [rrc] [error] Cell selection failure, no suitable or acceptable cell found
[2023-01-10 08:51:31.119] [nas] [error] PLMN selection failure, no cells in coverage
[2023-01-10 08:51:49.823] [rrc] [warning] Acceptable cell selection failed, no cell is in coverage
[2023-01-10 08:51:49.823] [rrc] [error] Cell selection failure, no suitable or acceptable cell found
[2023-01-10 08:52:01.947] [nas] [error] PLMN selection failure, no cells in coverage
[2023-01-10 08:52:19.835] [rrc] [warning] Acceptable cell selection failed, no cell is in coverage
[2023-01-10 08:52:19.835] [rrc] [error] Cell selection failure, no suitable or acceptable cell found
[2023-01-10 08:52:32.775] [nas] [error] PLMN selection failure, no cells in coverage
[2023-01-10 08:52:49.848] [rrc] [warning] Acceptable cell selection failed, no cell is in coverage
[2023-01-10 08:52:49.848] [rrc] [error] Cell selection failure, no suitable or acceptable cell found
[2023-01-10 08:53:03.604] [nas] [error] PLMN selection failure, no cells in coverage
[2023-01-10 08:53:19.860] [rrc] [warning] Acceptable cell selection failed, no cell is in coverage
[2023-01-10 08:53:19.860] [rrc] [error] Cell selection failure, no suitable or acceptable cell found
[2023-01-10 08:53:34.432] [nas] [error] PLMN selection failure, no cells in coverage
[2023-01-10 08:53:49.872] [rrc] [warning] Acceptable cell selection failed, no cell is in coverage
[2023-01-10 08:53:49.872] [rrc] [error] Cell selection failure, no suitable or acceptable cell found
[2023-01-10 08:54:05.260] [nas] [error] PLMN selection failure, no cells in coverage
[2023-01-10 08:54:19.884] [rrc] [warning] Acceptable cell selection failed, no cell is in coverage
[2023-01-10 08:54:19.884] [rrc] [error] Cell selection failure, no suitable or acceptable cell found
[2023-01-10 08:54:36.088] [nas] [error] PLMN selection failure, no cells in coverage
[2023-01-10 08:54:49.896] [rrc] [warning] Acceptable cell selection failed, no cell is in coverage
[2023-01-10 08:54:49.896] [rrc] [error] Cell selection failure, no suitable or acceptable cell found
[2023-01-10 08:55:06.916] [nas] [error] PLMN selection failure, no cells in coverage
[2023-01-10 08:55:19.908] [rrc] [warning] Acceptable cell selection failed, no cell is in coverage
[2023-01-10 08:55:19.908] [rrc] [error] Cell selection failure, no suitable or acceptable cell found
[2023-01-10 08:55:37.744] [nas] [error] PLMN selection failure, no cells in coverage
[2023-01-10 08:55:49.920] [rrc] [warning] Acceptable cell selection failed, no cell is in coverage
[2023-01-10 08:55:49.920] [rrc] [error] Cell selection failure, no suitable or acceptable cell found
[2023-01-10 08:56:08.572] [nas] [error] PLMN selection failure, no cells in coverage
[2023-01-10 08:56:19.932] [rrc] [warning] Acceptable cell selection failed, no cell is in coverage
[2023-01-10 08:56:19.932] [rrc] [error] Cell selection failure, no suitable or acceptable cell found
[2023-01-10 08:56:39.400] [nas] [error] PLMN selection failure, no cells in coverage
[2023-01-10 08:56:49.944] [rrc] [warning] Acceptable cell selection failed, no cell is in coverage
[2023-01-10 08:56:49.944] [rrc] [error] Cell selection failure, no suitable or acceptable cell found
[2023-01-10 08:57:10.228] [nas] [error] PLMN selection failure, no cells in coverage
[2023-01-10 08:57:19.956] [rrc] [warning] Acceptable cell selection failed, no cell is in coverage
[2023-01-10 08:57:19.956] [rrc] [error] Cell selection failure, no suitable or acceptable cell found
[2023-01-10 08:57:41.056] [nas] [error] PLMN selection failure, no cells in coverage
[2023-01-10 08:57:49.968] [rrc] [warning] Acceptable cell selection failed, no cell is in coverage
[2023-01-10 08:57:49.968] [rrc] [error] Cell selection failure, no suitable or acceptable cell found
[2023-01-10 08:58:11.884] [nas] [error] PLMN selection failure, no cells in coverage
[2023-01-10 08:58:19.980] [rrc] [warning] Acceptable cell selection failed, no cell is in coverage
[2023-01-10 08:58:19.980] [rrc] [error] Cell selection failure, no suitable or acceptable cell found
[2023-01-10 08:58:42.714] [nas] [error] PLMN selection failure, no cells in coverage
[2023-01-10 08:58:49.993] [rrc] [warning] Acceptable cell selection failed, no cell is in coverage
[2023-01-10 08:58:49.993] [rrc] [error] Cell selection failure, no suitable or acceptable cell found
[2023-01-10 08:59:13.542] [nas] [error] PLMN selection failure, no cells in coverage
[2023-01-10 08:59:20.005] [rrc] [warning] Acceptable cell selection failed, no cell is in coverage
[2023-01-10 08:59:20.005] [rrc] [error] Cell selection failure, no suitable or acceptable cell found
[2023-01-10 08:59:44.370] [nas] [error] PLMN selection failure, no cells in coverage
[2023-01-10 08:59:50.017] [rrc] [warning] Acceptable cell selection failed, no cell is in coverage
[2023-01-10 08:59:50.017] [rrc] [error] Cell selection failure, no suitable or acceptable cell found
[2023-01-10 09:00:15.198] [nas] [error] PLMN selection failure, no cells in coverage
[2023-01-10 09:00:20.029] [rrc] [warning] Acceptable cell selection failed, no cell is in coverage
[2023-01-10 09:00:20.029] [rrc] [error] Cell selection failure, no suitable or acceptable cell found
[2023-01-10 09:00:46.026] [nas] [error] PLMN selection failure, no cells in coverage
[2023-01-10 09:00:50.041] [rrc] [warning] Acceptable cell selection failed, no cell is in coverage
[2023-01-10 09:00:50.041] [rrc] [error] Cell selection failure, no suitable or acceptable cell found
[2023-01-10 09:01:16.854] [nas] [error] PLMN selection failure, no cells in coverage
[2023-01-10 09:01:20.053] [rrc] [warning] Acceptable cell selection failed, no cell is in coverage
[2023-01-10 09:01:20.053] [rrc] [error] Cell selection failure, no suitable or acceptable cell found
[2023-01-10 09:01:47.682] [nas] [error] PLMN selection failure, no cells in coverage
[2023-01-10 09:01:50.065] [rrc] [warning] Acceptable cell selection failed, no cell is in coverage
[2023-01-10 09:01:50.065] [rrc] [error] Cell selection failure, no suitable or acceptable cell found
[2023-01-10 09:02:18.510] [nas] [error] PLMN selection failure, no cells in coverage
[2023-01-10 09:02:20.077] [rrc] [warning] Acceptable cell selection failed, no cell is in coverage
[2023-01-10 09:02:20.077] [rrc] [error] Cell selection failure, no suitable or acceptable cell found
[2023-01-10 09:02:49.338] [nas] [error] PLMN selection failure, no cells in coverage
[2023-01-10 09:02:50.089] [rrc] [warning] Acceptable cell selection failed, no cell is in coverage
[2023-01-10 09:02:50.089] [rrc] [error] Cell selection failure, no suitable or acceptable cell found
[2023-01-10 09:03:20.101] [rrc] [warning] Acceptable cell selection failed, no cell is in coverage
[2023-01-10 09:03:20.101] [rrc] [error] Cell selection failure, no suitable or acceptable cell found
[2023-01-10 09:03:20.167] [nas] [error] PLMN selection failure, no cells in coverage
[2023-01-10 09:03:50.113] [rrc] [warning] Acceptable cell selection failed, no cell is in coverage
[2023-01-10 09:03:50.113] [rrc] [error] Cell selection failure, no suitable or acceptable cell found
[2023-01-10 09:03:50.995] [nas] [error] PLMN selection failure, no cells in coverage
[2023-01-10 09:04:20.125] [rrc] [warning] Acceptable cell selection failed, no cell is in coverage
[2023-01-10 09:04:20.125] [rrc] [error] Cell selection failure, no suitable or acceptable cell found
[2023-01-10 09:04:21.824] [nas] [error] PLMN selection failure, no cells in coverage
[2023-01-10 09:04:50.137] [rrc] [warning] Acceptable cell selection failed, no cell is in coverage
[2023-01-10 09:04:50.137] [rrc] [error] Cell selection failure, no suitable or acceptable cell found
[2023-01-10 09:04:52.652] [nas] [error] PLMN selection failure, no cells in coverage
[2023-01-10 09:05:20.149] [rrc] [warning] Acceptable cell selection failed, no cell is in coverage
[2023-01-10 09:05:20.149] [rrc] [error] Cell selection failure, no suitable or acceptable cell found
[2023-01-10 09:05:23.480] [nas] [error] PLMN selection failure, no cells in coverage
[2023-01-10 09:05:50.161] [rrc] [warning] Acceptable cell selection failed, no cell is in coverage
[2023-01-10 09:05:50.161] [rrc] [error] Cell selection failure, no suitable or acceptable cell found
[2023-01-10 09:05:54.309] [nas] [error] PLMN selection failure, no cells in coverage
[2023-01-10 09:06:20.173] [rrc] [warning] Acceptable cell selection failed, no cell is in coverage
[2023-01-10 09:06:20.173] [rrc] [error] Cell selection failure, no suitable or acceptable cell found
[2023-01-10 09:06:25.137] [nas] [error] PLMN selection failure, no cells in coverage
[2023-01-10 09:06:50.185] [rrc] [warning] Acceptable cell selection failed, no cell is in coverage
[2023-01-10 09:06:50.185] [rrc] [error] Cell selection failure, no suitable or acceptable cell found
