UERANSIM v3.2.6
[2023-01-10 08:46:06.721] [nas] [info] UE switches to state [MM-DEREGISTERED/PLMN-SEARCH]
[2023-01-10 08:46:06.728] [rrc] [debug] New signal detected for cell[1], total [1] cells in coverage
[2023-01-10 08:46:06.728] [nas] [info] Selected plmn[208/93]
[2023-01-10 08:46:06.728] [rrc] [info] Selected cell plmn[208/93] tac[1] category[SUITABLE]
[2023-01-10 08:46:06.728] [nas] [info] UE switches to state [MM-DEREGISTERED/PS]
[2023-01-10 08:46:06.728] [nas] [info] UE switches to state [MM-DEREGISTERED/NORMAL-SERVICE]
[2023-01-10 08:46:06.728] [nas] [debug] Initial registration required due to [MM-DEREG-NORMAL-SERVICE]
[2023-01-10 08:46:06.729] [nas] [debug] UAC access attempt is allowed for identity[0], category[MO_sig]
[2023-01-10 08:46:06.729] [nas] [debug] Sending Initial Registration
[2023-01-10 08:46:06.729] [rrc] [debug] Sending RRC Setup Request
[2023-01-10 08:46:06.729] [nas] [info] UE switches to state [MM-REGISTER-INITIATED]
[2023-01-10 08:46:06.730] [rrc] [info] RRC connection established
[2023-01-10 08:46:06.730] [rrc] [info] UE switches to state [RRC-CONNECTED]
[2023-01-10 08:46:06.730] [nas] [info] UE switches to state [CM-CONNECTED]
[2023-01-10 08:46:06.748] [nas] [debug] Authentication Request received
[2023-01-10 08:46:06.748] [nas] [debug] Sending Authentication Failure due to SQN out of range
[2023-01-10 08:46:06.762] [nas] [debug] Authentication Request received
[2023-01-10 08:46:06.768] [nas] [debug] Security Mode Command received
[2023-01-10 08:46:06.768] [nas] [debug] Selected integrity[2] ciphering[0]
[2023-01-10 08:46:06.800] [nas] [debug] Registration accept received
[2023-01-10 08:46:06.800] [nas] [info] UE switches to state [MM-REGISTERED/NORMAL-SERVICE]
[2023-01-10 08:46:06.800] [nas] [debug] Sending Registration Complete
[2023-01-10 08:46:06.800] [nas] [info] Initial Registration is successful
[2023-01-10 08:46:06.800] [nas] [debug] Sending PDU Session Establishment Request
[2023-01-10 08:46:06.800] [nas] [debug] UAC access attempt is allowed for identity[0], category[MO_sig]
[2023-01-10 08:46:07.035] [nas] [debug] PDU Session Establishment Accept received
[2023-01-10 08:46:07.035] [nas] [info] PDU Session establishment is successful PSI[1]
[2023-01-10 08:46:07.062] [app] [info] Connection setup for PDU session[1] is successful, TUN interface[uesimtun96, 10.60.0.101] is up.
[2023-01-10 08:46:14.907] [nas] [debug] Sending PDU Session Release Request for PSI[1]
[2023-01-10 08:46:15.048] [nas] [debug] De-registration required due to [NORMAL]
[2023-01-10 08:46:15.060] [nas] [debug] Starting de-registration procedure due to [NORMAL]
[2023-01-10 08:46:15.060] [nas] [debug] Performing local release of PDU session[1]
[2023-01-10 08:46:15.060] [nas] [info] UE switches to state [MM-DEREGISTER-INITIATED]
[2023-01-10 08:46:15.060] [nas] [debug] PDU Session Release Command received
[2023-01-10 08:46:15.060] [nas] [error] PS[1] is already in inactive state, ignoring release command
[2023-01-10 08:46:15.060] [nas] [warning] Sending SM Cause[INVALID_PDU_SESSION_IDENTITY] for PSI[1]
[2023-01-10 08:46:15.143] [nas] [debug] De-registration accept received
[2023-01-10 08:46:15.144] [nas] [info] UE switches to state [MM-DEREGISTERED/PS]
[2023-01-10 08:46:15.144] [nas] [info] De-registration is successful
[2023-01-10 08:46:15.144] [nas] [info] UE switches to state [MM-DEREGISTERED/NORMAL-SERVICE]
[2023-01-10 08:46:15.144] [nas] [debug] Initial registration required due to [MM-DEREG-NORMAL-SERVICE]
[2023-01-10 08:46:15.144] [nas] [debug] Sending Initial Registration
[2023-01-10 08:46:15.144] [nas] [debug] Deleting NAS security context
[2023-01-10 08:46:15.144] [nas] [info] UE switches to state [MM-REGISTER-INITIATED]
[2023-01-10 08:46:15.148] [rrc] [debug] RRC Release received
[2023-01-10 08:46:15.148] [nas] [info] UE switches to state [CM-IDLE]
[2023-01-10 08:46:15.148] [nas] [info] UE switches to state [MM-DEREGISTERED/PS]
[2023-01-10 08:46:15.148] [nas] [info] UE switches to state [5U2-NOT-UPDATED]
[2023-01-10 08:46:15.148] [nas] [info] UE switches to state [MM-DEREGISTERED/ATTEMPTING-REGISTRATION]
[2023-01-10 08:46:18.515] [rrc] [debug] Signal lost for cell[1], total [0] cells in coverage
[2023-01-10 08:46:18.516] [nas] [info] UE switches to state [MM-DEREGISTERED/PS]
[2023-01-10 08:46:18.516] [nas] [info] UE switches to state [MM-DEREGISTERED/PLMN-SEARCH]
[2023-01-10 08:46:18.516] [nas] [error] PLMN selection failure, no cells in coverage
[2023-01-10 08:46:19.226] [rrc] [warning] Acceptable cell selection failed, no cell is in coverage
[2023-01-10 08:46:19.226] [rrc] [error] Cell selection failure, no suitable or acceptable cell found
[2023-01-10 08:46:21.038] [nas] [error] PLMN selection failure, no cells in coverage
[2023-01-10 08:46:23.240] [nas] [error] PLMN selection failure, no cells in coverage
[2023-01-10 08:46:24.341] [nas] [info] UE switches to state [MM-DEREGISTERED/NO-CELL-AVAILABLE]
[2023-01-10 08:46:31.750] [nas] [warning] Retransmitting PDU Session Release Request due to T3582 expiry
[2023-01-10 08:46:31.750] [nas] [debug] NAS Transport aborted, no active cell
[2023-01-10 08:46:47.766] [nas] [warning] Retransmitting PDU Session Release Request due to T3582 expiry
[2023-01-10 08:46:47.766] [nas] [debug] NAS Transport aborted, no active cell
[2023-01-10 08:46:49.238] [rrc] [warning] Acceptable cell selection failed, no cell is in coverage
[2023-01-10 08:46:49.238] [rrc] [error] Cell selection failure, no suitable or acceptable cell found
[2023-01-10 08:46:54.068] [nas] [error] PLMN selection failure, no cells in coverage
[2023-01-10 08:47:03.783] [nas] [warning] Retransmitting PDU Session Release Request due to T3582 expiry
[2023-01-10 08:47:03.783] [nas] [debug] NAS Transport aborted, no active cell
[2023-01-10 08:47:19.252] [rrc] [warning] Acceptable cell selection failed, no cell is in coverage
[2023-01-10 08:47:19.252] [rrc] [error] Cell selection failure, no suitable or acceptable cell found
[2023-01-10 08:47:19.799] [nas] [warning] Retransmitting PDU Session Release Request due to T3582 expiry
[2023-01-10 08:47:19.799] [nas] [debug] NAS Transport aborted, no active cell
[2023-01-10 08:47:24.896] [nas] [error] PLMN selection failure, no cells in coverage
[2023-01-10 08:47:35.820] [nas] [error] PDU Session Release procedure failure, no response from the network after 5 attempts
[2023-01-10 08:47:35.820] [nas] [debug] Aborting SM procedure for PTI[1], PSI[1]
[2023-01-10 08:47:35.820] [nas] [debug] Performing local release of PDU session[1]
[2023-01-10 08:47:35.820] [nas] [debug] Mobility registration updating required due to [PS-STATUS-INFORM]
[2023-01-10 08:47:49.264] [rrc] [warning] Acceptable cell selection failed, no cell is in coverage
[2023-01-10 08:47:49.264] [rrc] [error] Cell selection failure, no suitable or acceptable cell found
[2023-01-10 08:47:55.724] [nas] [error] PLMN selection failure, no cells in coverage
[2023-01-10 08:48:15.280] [nas] [debug] De-registration required due to [NORMAL]
[2023-01-10 08:48:19.276] [rrc] [warning] Acceptable cell selection failed, no cell is in coverage
[2023-01-10 08:48:19.276] [rrc] [error] Cell selection failure, no suitable or acceptable cell found
[2023-01-10 08:48:26.553] [nas] [error] PLMN selection failure, no cells in coverage
[2023-01-10 08:48:49.288] [rrc] [warning] Acceptable cell selection failed, no cell is in coverage
[2023-01-10 08:48:49.289] [rrc] [error] Cell selection failure, no suitable or acceptable cell found
[2023-01-10 08:48:57.381] [nas] [error] PLMN selection failure, no cells in coverage
[2023-01-10 08:49:19.300] [rrc] [warning] Acceptable cell selection failed, no cell is in coverage
[2023-01-10 08:49:19.300] [rrc] [error] Cell selection failure, no suitable or acceptable cell found
[2023-01-10 08:49:28.209] [nas] [error] PLMN selection failure, no cells in coverage
[2023-01-10 08:49:49.312] [rrc] [warning] Acceptable cell selection failed, no cell is in coverage
[2023-01-10 08:49:49.312] [rrc] [error] Cell selection failure, no suitable or acceptable cell found
[2023-01-10 08:49:59.037] [nas] [error] PLMN selection failure, no cells in coverage
[2023-01-10 08:50:19.324] [rrc] [warning] Acceptable cell selection failed, no cell is in coverage
[2023-01-10 08:50:19.324] [rrc] [error] Cell selection failure, no suitable or acceptable cell found
[2023-01-10 08:50:29.865] [nas] [error] PLMN selection failure, no cells in coverage
[2023-01-10 08:50:49.336] [rrc] [warning] Acceptable cell selection failed, no cell is in coverage
[2023-01-10 08:50:49.336] [rrc] [error] Cell selection failure, no suitable or acceptable cell found
[2023-01-10 08:51:00.693] [nas] [error] PLMN selection failure, no cells in coverage
[2023-01-10 08:51:19.348] [rrc] [warning] Acceptable cell selection failed, no cell is in coverage
[2023-01-10 08:51:19.348] [rrc] [error] Cell selection failure, no suitable or acceptable cell found
[2023-01-10 08:51:31.521] [nas] [error] PLMN selection failure, no cells in coverage
[2023-01-10 08:51:49.360] [rrc] [warning] Acceptable cell selection failed, no cell is in coverage
[2023-01-10 08:51:49.360] [rrc] [error] Cell selection failure, no suitable or acceptable cell found
[2023-01-10 08:52:02.349] [nas] [error] PLMN selection failure, no cells in coverage
[2023-01-10 08:52:19.372] [rrc] [warning] Acceptable cell selection failed, no cell is in coverage
[2023-01-10 08:52:19.372] [rrc] [error] Cell selection failure, no suitable or acceptable cell found
[2023-01-10 08:52:33.179] [nas] [error] PLMN selection failure, no cells in coverage
[2023-01-10 08:52:49.384] [rrc] [warning] Acceptable cell selection failed, no cell is in coverage
[2023-01-10 08:52:49.384] [rrc] [error] Cell selection failure, no suitable or acceptable cell found
[2023-01-10 08:53:04.007] [nas] [error] PLMN selection failure, no cells in coverage
[2023-01-10 08:53:19.396] [rrc] [warning] Acceptable cell selection failed, no cell is in coverage
[2023-01-10 08:53:19.396] [rrc] [error] Cell selection failure, no suitable or acceptable cell found
[2023-01-10 08:53:34.835] [nas] [error] PLMN selection failure, no cells in coverage
[2023-01-10 08:53:49.408] [rrc] [warning] Acceptable cell selection failed, no cell is in coverage
[2023-01-10 08:53:49.408] [rrc] [error] Cell selection failure, no suitable or acceptable cell found
[2023-01-10 08:54:05.663] [nas] [error] PLMN selection failure, no cells in coverage
[2023-01-10 08:54:19.420] [rrc] [warning] Acceptable cell selection failed, no cell is in coverage
[2023-01-10 08:54:19.420] [rrc] [error] Cell selection failure, no suitable or acceptable cell found
[2023-01-10 08:54:36.491] [nas] [error] PLMN selection failure, no cells in coverage
[2023-01-10 08:54:49.432] [rrc] [warning] Acceptable cell selection failed, no cell is in coverage
[2023-01-10 08:54:49.432] [rrc] [error] Cell selection failure, no suitable or acceptable cell found
[2023-01-10 08:55:07.319] [nas] [error] PLMN selection failure, no cells in coverage
[2023-01-10 08:55:19.444] [rrc] [warning] Acceptable cell selection failed, no cell is in coverage
[2023-01-10 08:55:19.444] [rrc] [error] Cell selection failure, no suitable or acceptable cell found
[2023-01-10 08:55:38.147] [nas] [error] PLMN selection failure, no cells in coverage
[2023-01-10 08:55:49.456] [rrc] [warning] Acceptable cell selection failed, no cell is in coverage
[2023-01-10 08:55:49.456] [rrc] [error] Cell selection failure, no suitable or acceptable cell found
[2023-01-10 08:56:08.975] [nas] [error] PLMN selection failure, no cells in coverage
[2023-01-10 08:56:19.468] [rrc] [warning] Acceptable cell selection failed, no cell is in coverage
[2023-01-10 08:56:19.468] [rrc] [error] Cell selection failure, no suitable or acceptable cell found
[2023-01-10 08:56:39.803] [nas] [error] PLMN selection failure, no cells in coverage
[2023-01-10 08:56:49.480] [rrc] [warning] Acceptable cell selection failed, no cell is in coverage
[2023-01-10 08:56:49.480] [rrc] [error] Cell selection failure, no suitable or acceptable cell found
[2023-01-10 08:57:10.631] [nas] [error] PLMN selection failure, no cells in coverage
[2023-01-10 08:57:19.492] [rrc] [warning] Acceptable cell selection failed, no cell is in coverage
[2023-01-10 08:57:19.492] [rrc] [error] Cell selection failure, no suitable or acceptable cell found
[2023-01-10 08:57:41.459] [nas] [error] PLMN selection failure, no cells in coverage
[2023-01-10 08:57:49.505] [rrc] [warning] Acceptable cell selection failed, no cell is in coverage
[2023-01-10 08:57:49.505] [rrc] [error] Cell selection failure, no suitable or acceptable cell found
[2023-01-10 08:58:12.288] [nas] [error] PLMN selection failure, no cells in coverage
[2023-01-10 08:58:19.517] [rrc] [warning] Acceptable cell selection failed, no cell is in coverage
[2023-01-10 08:58:19.517] [rrc] [error] Cell selection failure, no suitable or acceptable cell found
[2023-01-10 08:58:43.117] [nas] [error] PLMN selection failure, no cells in coverage
[2023-01-10 08:58:49.530] [rrc] [warning] Acceptable cell selection failed, no cell is in coverage
[2023-01-10 08:58:49.530] [rrc] [error] Cell selection failure, no suitable or acceptable cell found
[2023-01-10 08:59:13.945] [nas] [error] PLMN selection failure, no cells in coverage
[2023-01-10 08:59:19.542] [rrc] [warning] Acceptable cell selection failed, no cell is in coverage
[2023-01-10 08:59:19.542] [rrc] [error] Cell selection failure, no suitable or acceptable cell found
[2023-01-10 08:59:44.773] [nas] [error] PLMN selection failure, no cells in coverage
[2023-01-10 08:59:49.554] [rrc] [warning] Acceptable cell selection failed, no cell is in coverage
[2023-01-10 08:59:49.554] [rrc] [error] Cell selection failure, no suitable or acceptable cell found
[2023-01-10 09:00:15.601] [nas] [error] PLMN selection failure, no cells in coverage
[2023-01-10 09:00:19.566] [rrc] [warning] Acceptable cell selection failed, no cell is in coverage
[2023-01-10 09:00:19.566] [rrc] [error] Cell selection failure, no suitable or acceptable cell found
[2023-01-10 09:00:46.429] [nas] [error] PLMN selection failure, no cells in coverage
[2023-01-10 09:00:49.578] [rrc] [warning] Acceptable cell selection failed, no cell is in coverage
[2023-01-10 09:00:49.578] [rrc] [error] Cell selection failure, no suitable or acceptable cell found
[2023-01-10 09:01:17.257] [nas] [error] PLMN selection failure, no cells in coverage
[2023-01-10 09:01:19.590] [rrc] [warning] Acceptable cell selection failed, no cell is in coverage
[2023-01-10 09:01:19.590] [rrc] [error] Cell selection failure, no suitable or acceptable cell found
[2023-01-10 09:01:48.085] [nas] [error] PLMN selection failure, no cells in coverage
[2023-01-10 09:01:49.602] [rrc] [warning] Acceptable cell selection failed, no cell is in coverage
[2023-01-10 09:01:49.602] [rrc] [error] Cell selection failure, no suitable or acceptable cell found
[2023-01-10 09:02:18.913] [nas] [error] PLMN selection failure, no cells in coverage
[2023-01-10 09:02:19.614] [rrc] [warning] Acceptable cell selection failed, no cell is in coverage
[2023-01-10 09:02:19.614] [rrc] [error] Cell selection failure, no suitable or acceptable cell found
[2023-01-10 09:02:49.626] [rrc] [warning] Acceptable cell selection failed, no cell is in coverage
[2023-01-10 09:02:49.626] [rrc] [error] Cell selection failure, no suitable or acceptable cell found
[2023-01-10 09:02:49.741] [nas] [error] PLMN selection failure, no cells in coverage
[2023-01-10 09:03:19.638] [rrc] [warning] Acceptable cell selection failed, no cell is in coverage
[2023-01-10 09:03:19.638] [rrc] [error] Cell selection failure, no suitable or acceptable cell found
[2023-01-10 09:03:20.569] [nas] [error] PLMN selection failure, no cells in coverage
[2023-01-10 09:03:49.651] [rrc] [warning] Acceptable cell selection failed, no cell is in coverage
[2023-01-10 09:03:49.651] [rrc] [error] Cell selection failure, no suitable or acceptable cell found
[2023-01-10 09:03:51.397] [nas] [error] PLMN selection failure, no cells in coverage
[2023-01-10 09:04:19.663] [rrc] [warning] Acceptable cell selection failed, no cell is in coverage
[2023-01-10 09:04:19.663] [rrc] [error] Cell selection failure, no suitable or acceptable cell found
[2023-01-10 09:04:22.225] [nas] [error] PLMN selection failure, no cells in coverage
[2023-01-10 09:04:49.675] [rrc] [warning] Acceptable cell selection failed, no cell is in coverage
[2023-01-10 09:04:49.675] [rrc] [error] Cell selection failure, no suitable or acceptable cell found
[2023-01-10 09:04:53.053] [nas] [error] PLMN selection failure, no cells in coverage
[2023-01-10 09:05:19.687] [rrc] [warning] Acceptable cell selection failed, no cell is in coverage
[2023-01-10 09:05:19.687] [rrc] [error] Cell selection failure, no suitable or acceptable cell found
[2023-01-10 09:05:23.881] [nas] [error] PLMN selection failure, no cells in coverage
[2023-01-10 09:05:49.699] [rrc] [warning] Acceptable cell selection failed, no cell is in coverage
[2023-01-10 09:05:49.699] [rrc] [error] Cell selection failure, no suitable or acceptable cell found
[2023-01-10 09:05:54.709] [nas] [error] PLMN selection failure, no cells in coverage
[2023-01-10 09:06:19.711] [rrc] [warning] Acceptable cell selection failed, no cell is in coverage
[2023-01-10 09:06:19.711] [rrc] [error] Cell selection failure, no suitable or acceptable cell found
[2023-01-10 09:06:25.539] [nas] [error] PLMN selection failure, no cells in coverage
[2023-01-10 09:06:49.723] [rrc] [warning] Acceptable cell selection failed, no cell is in coverage
[2023-01-10 09:06:49.723] [rrc] [error] Cell selection failure, no suitable or acceptable cell found
