UERANSIM v3.2.6
[2023-01-10 08:44:44.635] [nas] [info] UE switches to state [MM-DEREGISTERED/PLMN-SEARCH]
[2023-01-10 08:44:44.638] [rrc] [debug] New signal detected for cell[1], total [1] cells in coverage
[2023-01-10 08:44:44.639] [nas] [info] Selected plmn[208/93]
[2023-01-10 08:44:44.639] [rrc] [info] Selected cell plmn[208/93] tac[1] category[SUITABLE]
[2023-01-10 08:44:44.639] [nas] [info] UE switches to state [MM-DEREGISTERED/PS]
[2023-01-10 08:44:44.639] [nas] [info] UE switches to state [MM-DEREGISTERED/NORMAL-SERVICE]
[2023-01-10 08:44:44.639] [nas] [debug] Initial registration required due to [MM-DEREG-NORMAL-SERVICE]
[2023-01-10 08:44:44.639] [nas] [debug] UAC access attempt is allowed for identity[0], category[MO_sig]
[2023-01-10 08:44:44.639] [nas] [debug] Sending Initial Registration
[2023-01-10 08:44:44.639] [nas] [info] UE switches to state [MM-REGISTER-INITIATED]
[2023-01-10 08:44:44.639] [rrc] [debug] Sending RRC Setup Request
[2023-01-10 08:44:44.640] [rrc] [info] RRC connection established
[2023-01-10 08:44:44.640] [rrc] [info] UE switches to state [RRC-CONNECTED]
[2023-01-10 08:44:44.640] [nas] [info] UE switches to state [CM-CONNECTED]
[2023-01-10 08:44:44.657] [nas] [debug] Authentication Request received
[2023-01-10 08:44:44.657] [nas] [debug] Sending Authentication Failure due to SQN out of range
[2023-01-10 08:44:44.667] [nas] [debug] Authentication Request received
[2023-01-10 08:44:44.673] [nas] [debug] Security Mode Command received
[2023-01-10 08:44:44.673] [nas] [debug] Selected integrity[2] ciphering[0]
[2023-01-10 08:44:44.704] [nas] [debug] Registration accept received
[2023-01-10 08:44:44.704] [nas] [info] UE switches to state [MM-REGISTERED/NORMAL-SERVICE]
[2023-01-10 08:44:44.704] [nas] [debug] Sending Registration Complete
[2023-01-10 08:44:44.704] [nas] [info] Initial Registration is successful
[2023-01-10 08:44:44.704] [nas] [debug] Sending PDU Session Establishment Request
[2023-01-10 08:44:44.706] [nas] [debug] UAC access attempt is allowed for identity[0], category[MO_sig]
[2023-01-10 08:44:44.940] [nas] [debug] PDU Session Establishment Accept received
[2023-01-10 08:44:44.940] [nas] [info] PDU Session establishment is successful PSI[1]
[2023-01-10 08:44:44.965] [app] [info] Connection setup for PDU session[1] is successful, TUN interface[uesimtun55, 10.60.0.60] is up.
[2023-01-10 08:46:17.787] [nas] [debug] Sending PDU Session Release Request for PSI[1]
[2023-01-10 08:46:18.071] [nas] [debug] De-registration required due to [NORMAL]
[2023-01-10 08:46:18.082] [nas] [debug] Starting de-registration procedure due to [NORMAL]
[2023-01-10 08:46:18.082] [nas] [debug] Performing local release of PDU session[1]
[2023-01-10 08:46:18.082] [nas] [info] UE switches to state [MM-DEREGISTER-INITIATED]
[2023-01-10 08:46:18.911] [rrc] [debug] Signal lost for cell[1], total [0] cells in coverage
[2023-01-10 08:46:18.911] [nas] [error] Radio link failure detected
[2023-01-10 08:46:18.911] [nas] [info] UE switches to state [CM-IDLE]
[2023-01-10 08:46:18.911] [nas] [info] UE switches to state [MM-DEREGISTERED/PS]
[2023-01-10 08:46:18.911] [nas] [info] UE switches to state [MM-DEREGISTERED/PLMN-SEARCH]
[2023-01-10 08:46:18.911] [nas] [error] PLMN selection failure, no cells in coverage
[2023-01-10 08:46:19.675] [rrc] [warning] Acceptable cell selection failed, no cell is in coverage
[2023-01-10 08:46:19.675] [rrc] [error] Cell selection failure, no suitable or acceptable cell found
[2023-01-10 08:46:21.525] [nas] [error] PLMN selection failure, no cells in coverage
[2023-01-10 08:46:23.727] [nas] [error] PLMN selection failure, no cells in coverage
[2023-01-10 08:46:24.828] [nas] [info] UE switches to state [MM-DEREGISTERED/NO-CELL-AVAILABLE]
[2023-01-10 08:46:34.751] [nas] [warning] Retransmitting PDU Session Release Request due to T3582 expiry
[2023-01-10 08:46:34.751] [nas] [debug] NAS Transport aborted, no active cell
[2023-01-10 08:46:49.687] [rrc] [warning] Acceptable cell selection failed, no cell is in coverage
[2023-01-10 08:46:49.687] [rrc] [error] Cell selection failure, no suitable or acceptable cell found
[2023-01-10 08:46:50.769] [nas] [warning] Retransmitting PDU Session Release Request due to T3582 expiry
[2023-01-10 08:46:50.769] [nas] [debug] NAS Transport aborted, no active cell
[2023-01-10 08:46:54.555] [nas] [error] PLMN selection failure, no cells in coverage
[2023-01-10 08:47:06.786] [nas] [warning] Retransmitting PDU Session Release Request due to T3582 expiry
[2023-01-10 08:47:06.786] [nas] [debug] NAS Transport aborted, no active cell
[2023-01-10 08:47:19.699] [rrc] [warning] Acceptable cell selection failed, no cell is in coverage
[2023-01-10 08:47:19.699] [rrc] [error] Cell selection failure, no suitable or acceptable cell found
[2023-01-10 08:47:22.803] [nas] [warning] Retransmitting PDU Session Release Request due to T3582 expiry
[2023-01-10 08:47:22.803] [nas] [debug] NAS Transport aborted, no active cell
[2023-01-10 08:47:25.383] [nas] [error] PLMN selection failure, no cells in coverage
[2023-01-10 08:47:38.819] [nas] [error] PDU Session Release procedure failure, no response from the network after 5 attempts
[2023-01-10 08:47:38.819] [nas] [debug] Aborting SM procedure for PTI[1], PSI[1]
[2023-01-10 08:47:38.819] [nas] [debug] Performing local release of PDU session[1]
[2023-01-10 08:47:38.819] [nas] [debug] Mobility registration updating required due to [PS-STATUS-INFORM]
[2023-01-10 08:47:49.711] [rrc] [warning] Acceptable cell selection failed, no cell is in coverage
[2023-01-10 08:47:49.711] [rrc] [error] Cell selection failure, no suitable or acceptable cell found
[2023-01-10 08:47:56.212] [nas] [error] PLMN selection failure, no cells in coverage
[2023-01-10 08:48:18.339] [nas] [debug] De-registration required due to [NORMAL]
[2023-01-10 08:48:19.723] [rrc] [warning] Acceptable cell selection failed, no cell is in coverage
[2023-01-10 08:48:19.723] [rrc] [error] Cell selection failure, no suitable or acceptable cell found
[2023-01-10 08:48:27.040] [nas] [error] PLMN selection failure, no cells in coverage
[2023-01-10 08:48:49.735] [rrc] [warning] Acceptable cell selection failed, no cell is in coverage
[2023-01-10 08:48:49.735] [rrc] [error] Cell selection failure, no suitable or acceptable cell found
[2023-01-10 08:48:57.869] [nas] [error] PLMN selection failure, no cells in coverage
[2023-01-10 08:49:19.747] [rrc] [warning] Acceptable cell selection failed, no cell is in coverage
[2023-01-10 08:49:19.747] [rrc] [error] Cell selection failure, no suitable or acceptable cell found
[2023-01-10 08:49:28.697] [nas] [error] PLMN selection failure, no cells in coverage
[2023-01-10 08:49:49.760] [rrc] [warning] Acceptable cell selection failed, no cell is in coverage
[2023-01-10 08:49:49.760] [rrc] [error] Cell selection failure, no suitable or acceptable cell found
[2023-01-10 08:49:59.525] [nas] [error] PLMN selection failure, no cells in coverage
[2023-01-10 08:50:19.772] [rrc] [warning] Acceptable cell selection failed, no cell is in coverage
[2023-01-10 08:50:19.772] [rrc] [error] Cell selection failure, no suitable or acceptable cell found
[2023-01-10 08:50:30.353] [nas] [error] PLMN selection failure, no cells in coverage
[2023-01-10 08:50:49.784] [rrc] [warning] Acceptable cell selection failed, no cell is in coverage
[2023-01-10 08:50:49.784] [rrc] [error] Cell selection failure, no suitable or acceptable cell found
[2023-01-10 08:51:01.181] [nas] [error] PLMN selection failure, no cells in coverage
[2023-01-10 08:51:19.796] [rrc] [warning] Acceptable cell selection failed, no cell is in coverage
[2023-01-10 08:51:19.796] [rrc] [error] Cell selection failure, no suitable or acceptable cell found
[2023-01-10 08:51:32.009] [nas] [error] PLMN selection failure, no cells in coverage
[2023-01-10 08:51:49.808] [rrc] [warning] Acceptable cell selection failed, no cell is in coverage
[2023-01-10 08:51:49.808] [rrc] [error] Cell selection failure, no suitable or acceptable cell found
[2023-01-10 08:52:02.837] [nas] [error] PLMN selection failure, no cells in coverage
[2023-01-10 08:52:19.820] [rrc] [warning] Acceptable cell selection failed, no cell is in coverage
[2023-01-10 08:52:19.820] [rrc] [error] Cell selection failure, no suitable or acceptable cell found
[2023-01-10 08:52:33.665] [nas] [error] PLMN selection failure, no cells in coverage
[2023-01-10 08:52:49.832] [rrc] [warning] Acceptable cell selection failed, no cell is in coverage
[2023-01-10 08:52:49.832] [rrc] [error] Cell selection failure, no suitable or acceptable cell found
[2023-01-10 08:53:04.493] [nas] [error] PLMN selection failure, no cells in coverage
[2023-01-10 08:53:19.844] [rrc] [warning] Acceptable cell selection failed, no cell is in coverage
[2023-01-10 08:53:19.844] [rrc] [error] Cell selection failure, no suitable or acceptable cell found
[2023-01-10 08:53:35.321] [nas] [error] PLMN selection failure, no cells in coverage
[2023-01-10 08:53:49.856] [rrc] [warning] Acceptable cell selection failed, no cell is in coverage
[2023-01-10 08:53:49.856] [rrc] [error] Cell selection failure, no suitable or acceptable cell found
[2023-01-10 08:54:06.149] [nas] [error] PLMN selection failure, no cells in coverage
[2023-01-10 08:54:19.868] [rrc] [warning] Acceptable cell selection failed, no cell is in coverage
[2023-01-10 08:54:19.868] [rrc] [error] Cell selection failure, no suitable or acceptable cell found
[2023-01-10 08:54:36.978] [nas] [error] PLMN selection failure, no cells in coverage
[2023-01-10 08:54:49.880] [rrc] [warning] Acceptable cell selection failed, no cell is in coverage
[2023-01-10 08:54:49.880] [rrc] [error] Cell selection failure, no suitable or acceptable cell found
[2023-01-10 08:55:07.806] [nas] [error] PLMN selection failure, no cells in coverage
[2023-01-10 08:55:19.892] [rrc] [warning] Acceptable cell selection failed, no cell is in coverage
[2023-01-10 08:55:19.892] [rrc] [error] Cell selection failure, no suitable or acceptable cell found
[2023-01-10 08:55:38.635] [nas] [error] PLMN selection failure, no cells in coverage
[2023-01-10 08:55:49.904] [rrc] [warning] Acceptable cell selection failed, no cell is in coverage
[2023-01-10 08:55:49.904] [rrc] [error] Cell selection failure, no suitable or acceptable cell found
[2023-01-10 08:56:09.463] [nas] [error] PLMN selection failure, no cells in coverage
[2023-01-10 08:56:19.916] [rrc] [warning] Acceptable cell selection failed, no cell is in coverage
[2023-01-10 08:56:19.916] [rrc] [error] Cell selection failure, no suitable or acceptable cell found
[2023-01-10 08:56:40.291] [nas] [error] PLMN selection failure, no cells in coverage
[2023-01-10 08:56:49.928] [rrc] [warning] Acceptable cell selection failed, no cell is in coverage
[2023-01-10 08:56:49.928] [rrc] [error] Cell selection failure, no suitable or acceptable cell found
[2023-01-10 08:57:11.119] [nas] [error] PLMN selection failure, no cells in coverage
[2023-01-10 08:57:19.940] [rrc] [warning] Acceptable cell selection failed, no cell is in coverage
[2023-01-10 08:57:19.940] [rrc] [error] Cell selection failure, no suitable or acceptable cell found
[2023-01-10 08:57:41.947] [nas] [error] PLMN selection failure, no cells in coverage
[2023-01-10 08:57:49.952] [rrc] [warning] Acceptable cell selection failed, no cell is in coverage
[2023-01-10 08:57:49.952] [rrc] [error] Cell selection failure, no suitable or acceptable cell found
[2023-01-10 08:58:12.775] [nas] [error] PLMN selection failure, no cells in coverage
[2023-01-10 08:58:19.964] [rrc] [warning] Acceptable cell selection failed, no cell is in coverage
[2023-01-10 08:58:19.964] [rrc] [error] Cell selection failure, no suitable or acceptable cell found
[2023-01-10 08:58:43.603] [nas] [error] PLMN selection failure, no cells in coverage
[2023-01-10 08:58:49.977] [rrc] [warning] Acceptable cell selection failed, no cell is in coverage
[2023-01-10 08:58:49.977] [rrc] [error] Cell selection failure, no suitable or acceptable cell found
[2023-01-10 08:59:14.431] [nas] [error] PLMN selection failure, no cells in coverage
[2023-01-10 08:59:19.991] [rrc] [warning] Acceptable cell selection failed, no cell is in coverage
[2023-01-10 08:59:19.991] [rrc] [error] Cell selection failure, no suitable or acceptable cell found
[2023-01-10 08:59:45.259] [nas] [error] PLMN selection failure, no cells in coverage
[2023-01-10 08:59:50.003] [rrc] [warning] Acceptable cell selection failed, no cell is in coverage
[2023-01-10 08:59:50.003] [rrc] [error] Cell selection failure, no suitable or acceptable cell found
[2023-01-10 09:00:16.087] [nas] [error] PLMN selection failure, no cells in coverage
[2023-01-10 09:00:20.015] [rrc] [warning] Acceptable cell selection failed, no cell is in coverage
[2023-01-10 09:00:20.015] [rrc] [error] Cell selection failure, no suitable or acceptable cell found
[2023-01-10 09:00:46.916] [nas] [error] PLMN selection failure, no cells in coverage
[2023-01-10 09:00:50.027] [rrc] [warning] Acceptable cell selection failed, no cell is in coverage
[2023-01-10 09:00:50.027] [rrc] [error] Cell selection failure, no suitable or acceptable cell found
[2023-01-10 09:01:17.744] [nas] [error] PLMN selection failure, no cells in coverage
[2023-01-10 09:01:20.039] [rrc] [warning] Acceptable cell selection failed, no cell is in coverage
[2023-01-10 09:01:20.039] [rrc] [error] Cell selection failure, no suitable or acceptable cell found
[2023-01-10 09:01:48.572] [nas] [error] PLMN selection failure, no cells in coverage
[2023-01-10 09:01:50.051] [rrc] [warning] Acceptable cell selection failed, no cell is in coverage
[2023-01-10 09:01:50.051] [rrc] [error] Cell selection failure, no suitable or acceptable cell found
[2023-01-10 09:02:19.400] [nas] [error] PLMN selection failure, no cells in coverage
[2023-01-10 09:02:20.063] [rrc] [warning] Acceptable cell selection failed, no cell is in coverage
[2023-01-10 09:02:20.063] [rrc] [error] Cell selection failure, no suitable or acceptable cell found
[2023-01-10 09:02:50.075] [rrc] [warning] Acceptable cell selection failed, no cell is in coverage
[2023-01-10 09:02:50.075] [rrc] [error] Cell selection failure, no suitable or acceptable cell found
[2023-01-10 09:02:50.228] [nas] [error] PLMN selection failure, no cells in coverage
[2023-01-10 09:03:20.087] [rrc] [warning] Acceptable cell selection failed, no cell is in coverage
[2023-01-10 09:03:20.087] [rrc] [error] Cell selection failure, no suitable or acceptable cell found
[2023-01-10 09:03:21.056] [nas] [error] PLMN selection failure, no cells in coverage
[2023-01-10 09:03:50.100] [rrc] [warning] Acceptable cell selection failed, no cell is in coverage
[2023-01-10 09:03:50.100] [rrc] [error] Cell selection failure, no suitable or acceptable cell found
[2023-01-10 09:03:51.884] [nas] [error] PLMN selection failure, no cells in coverage
[2023-01-10 09:04:20.112] [rrc] [warning] Acceptable cell selection failed, no cell is in coverage
[2023-01-10 09:04:20.112] [rrc] [error] Cell selection failure, no suitable or acceptable cell found
[2023-01-10 09:04:22.712] [nas] [error] PLMN selection failure, no cells in coverage
[2023-01-10 09:04:50.124] [rrc] [warning] Acceptable cell selection failed, no cell is in coverage
[2023-01-10 09:04:50.124] [rrc] [error] Cell selection failure, no suitable or acceptable cell found
[2023-01-10 09:04:53.540] [nas] [error] PLMN selection failure, no cells in coverage
[2023-01-10 09:05:20.136] [rrc] [warning] Acceptable cell selection failed, no cell is in coverage
[2023-01-10 09:05:20.136] [rrc] [error] Cell selection failure, no suitable or acceptable cell found
[2023-01-10 09:05:24.368] [nas] [error] PLMN selection failure, no cells in coverage
[2023-01-10 09:05:50.148] [rrc] [warning] Acceptable cell selection failed, no cell is in coverage
[2023-01-10 09:05:50.148] [rrc] [error] Cell selection failure, no suitable or acceptable cell found
[2023-01-10 09:05:55.196] [nas] [error] PLMN selection failure, no cells in coverage
[2023-01-10 09:06:20.160] [rrc] [warning] Acceptable cell selection failed, no cell is in coverage
[2023-01-10 09:06:20.160] [rrc] [error] Cell selection failure, no suitable or acceptable cell found
[2023-01-10 09:06:26.024] [nas] [error] PLMN selection failure, no cells in coverage
[2023-01-10 09:06:50.172] [rrc] [warning] Acceptable cell selection failed, no cell is in coverage
[2023-01-10 09:06:50.172] [rrc] [error] Cell selection failure, no suitable or acceptable cell found
