UERANSIM v3.2.6
[2023-01-10 08:45:18.670] [nas] [info] UE switches to state [MM-DEREGISTERED/PLMN-SEARCH]
[2023-01-10 08:45:18.675] [rrc] [debug] New signal detected for cell[1], total [1] cells in coverage
[2023-01-10 08:45:18.675] [nas] [info] Selected plmn[208/93]
[2023-01-10 08:45:21.171] [rrc] [info] Selected cell plmn[208/93] tac[1] category[SUITABLE]
[2023-01-10 08:45:21.171] [nas] [info] UE switches to state [MM-DEREGISTERED/PS]
[2023-01-10 08:45:21.171] [nas] [info] UE switches to state [MM-DEREGISTERED/NORMAL-SERVICE]
[2023-01-10 08:45:21.171] [nas] [debug] Initial registration required due to [MM-DEREG-NORMAL-SERVICE]
[2023-01-10 08:45:21.172] [nas] [debug] UAC access attempt is allowed for identity[0], category[MO_sig]
[2023-01-10 08:45:21.172] [nas] [debug] Sending Initial Registration
[2023-01-10 08:45:21.172] [nas] [info] UE switches to state [MM-REGISTER-INITIATED]
[2023-01-10 08:45:21.172] [rrc] [debug] Sending RRC Setup Request
[2023-01-10 08:45:21.173] [rrc] [info] RRC connection established
[2023-01-10 08:45:21.173] [rrc] [info] UE switches to state [RRC-CONNECTED]
[2023-01-10 08:45:21.173] [nas] [info] UE switches to state [CM-CONNECTED]
[2023-01-10 08:45:21.202] [nas] [debug] Authentication Request received
[2023-01-10 08:45:21.202] [nas] [debug] Sending Authentication Failure due to SQN out of range
[2023-01-10 08:45:21.213] [nas] [debug] Authentication Request received
[2023-01-10 08:45:21.219] [nas] [debug] Security Mode Command received
[2023-01-10 08:45:21.219] [nas] [debug] Selected integrity[2] ciphering[0]
[2023-01-10 08:45:21.249] [nas] [debug] Registration accept received
[2023-01-10 08:45:21.250] [nas] [info] UE switches to state [MM-REGISTERED/NORMAL-SERVICE]
[2023-01-10 08:45:21.250] [nas] [debug] Sending Registration Complete
[2023-01-10 08:45:21.250] [nas] [info] Initial Registration is successful
[2023-01-10 08:45:21.250] [nas] [debug] Sending PDU Session Establishment Request
[2023-01-10 08:45:21.251] [nas] [debug] UAC access attempt is allowed for identity[0], category[MO_sig]
[2023-01-10 08:45:21.494] [nas] [debug] PDU Session Establishment Accept received
[2023-01-10 08:45:21.494] [nas] [info] PDU Session establishment is successful PSI[1]
[2023-01-10 08:45:21.523] [app] [info] Connection setup for PDU session[1] is successful, TUN interface[uesimtun73, 10.60.0.78] is up.
[2023-01-10 08:46:18.315] [rrc] [debug] Signal lost for cell[1], total [0] cells in coverage
[2023-01-10 08:46:18.315] [nas] [error] Radio link failure detected
[2023-01-10 08:46:18.315] [nas] [info] UE switches to state [CM-IDLE]
[2023-01-10 08:46:18.315] [nas] [info] UE switches to state [MM-REGISTERED/PS]
[2023-01-10 08:46:18.315] [nas] [info] UE switches to state [MM-REGISTERED/PLMN-SEARCH]
[2023-01-10 08:46:18.315] [nas] [error] PLMN selection failure, no cells in coverage
[2023-01-10 08:46:18.392] [nas] [debug] Sending PDU Session Release Request for PSI[1]
[2023-01-10 08:46:18.392] [nas] [debug] NAS Transport aborted, no active cell
[2023-01-10 08:46:18.694] [rrc] [warning] Acceptable cell selection failed, no cell is in coverage
[2023-01-10 08:46:18.694] [rrc] [error] Cell selection failure, no suitable or acceptable cell found
[2023-01-10 08:46:20.328] [nas] [error] PLMN selection failure, no cells in coverage
[2023-01-10 08:46:22.530] [nas] [error] PLMN selection failure, no cells in coverage
[2023-01-10 08:46:23.631] [nas] [info] UE switches to state [MM-REGISTERED/NO-CELL-AVAILABLE]
[2023-01-10 08:46:34.754] [nas] [warning] Retransmitting PDU Session Release Request due to T3582 expiry
[2023-01-10 08:46:34.754] [nas] [debug] NAS Transport aborted, no active cell
[2023-01-10 08:46:48.706] [rrc] [warning] Acceptable cell selection failed, no cell is in coverage
[2023-01-10 08:46:48.706] [rrc] [error] Cell selection failure, no suitable or acceptable cell found
[2023-01-10 08:46:50.770] [nas] [warning] Retransmitting PDU Session Release Request due to T3582 expiry
[2023-01-10 08:46:50.770] [nas] [debug] NAS Transport aborted, no active cell
[2023-01-10 08:46:53.358] [nas] [error] PLMN selection failure, no cells in coverage
[2023-01-10 08:47:06.786] [nas] [warning] Retransmitting PDU Session Release Request due to T3582 expiry
[2023-01-10 08:47:06.786] [nas] [debug] NAS Transport aborted, no active cell
[2023-01-10 08:47:18.718] [rrc] [warning] Acceptable cell selection failed, no cell is in coverage
[2023-01-10 08:47:18.718] [rrc] [error] Cell selection failure, no suitable or acceptable cell found
[2023-01-10 08:47:22.802] [nas] [warning] Retransmitting PDU Session Release Request due to T3582 expiry
[2023-01-10 08:47:22.802] [nas] [debug] NAS Transport aborted, no active cell
[2023-01-10 08:47:24.186] [nas] [error] PLMN selection failure, no cells in coverage
[2023-01-10 08:47:38.818] [nas] [error] PDU Session Release procedure failure, no response from the network after 5 attempts
[2023-01-10 08:47:38.818] [nas] [debug] Aborting SM procedure for PTI[1], PSI[1]
[2023-01-10 08:47:38.818] [nas] [debug] Performing local release of PDU session[1]
[2023-01-10 08:47:38.818] [nas] [debug] Mobility registration updating required due to [PS-STATUS-INFORM]
[2023-01-10 08:47:48.730] [rrc] [warning] Acceptable cell selection failed, no cell is in coverage
[2023-01-10 08:47:48.730] [rrc] [error] Cell selection failure, no suitable or acceptable cell found
[2023-01-10 08:47:55.016] [nas] [error] PLMN selection failure, no cells in coverage
[2023-01-10 08:48:18.634] [nas] [debug] De-registration required due to [NORMAL]
[2023-01-10 08:48:18.742] [rrc] [warning] Acceptable cell selection failed, no cell is in coverage
[2023-01-10 08:48:18.742] [rrc] [error] Cell selection failure, no suitable or acceptable cell found
[2023-01-10 08:48:25.844] [nas] [error] PLMN selection failure, no cells in coverage
[2023-01-10 08:48:48.754] [rrc] [warning] Acceptable cell selection failed, no cell is in coverage
[2023-01-10 08:48:48.754] [rrc] [error] Cell selection failure, no suitable or acceptable cell found
[2023-01-10 08:48:56.672] [nas] [error] PLMN selection failure, no cells in coverage
[2023-01-10 08:49:18.766] [rrc] [warning] Acceptable cell selection failed, no cell is in coverage
[2023-01-10 08:49:18.766] [rrc] [error] Cell selection failure, no suitable or acceptable cell found
[2023-01-10 08:49:27.500] [nas] [error] PLMN selection failure, no cells in coverage
[2023-01-10 08:49:48.780] [rrc] [warning] Acceptable cell selection failed, no cell is in coverage
[2023-01-10 08:49:48.780] [rrc] [error] Cell selection failure, no suitable or acceptable cell found
[2023-01-10 08:49:58.328] [nas] [error] PLMN selection failure, no cells in coverage
[2023-01-10 08:50:18.792] [rrc] [warning] Acceptable cell selection failed, no cell is in coverage
[2023-01-10 08:50:18.792] [rrc] [error] Cell selection failure, no suitable or acceptable cell found
[2023-01-10 08:50:29.157] [nas] [error] PLMN selection failure, no cells in coverage
[2023-01-10 08:50:48.804] [rrc] [warning] Acceptable cell selection failed, no cell is in coverage
[2023-01-10 08:50:48.804] [rrc] [error] Cell selection failure, no suitable or acceptable cell found
[2023-01-10 08:50:59.985] [nas] [error] PLMN selection failure, no cells in coverage
[2023-01-10 08:51:18.816] [rrc] [warning] Acceptable cell selection failed, no cell is in coverage
[2023-01-10 08:51:18.816] [rrc] [error] Cell selection failure, no suitable or acceptable cell found
[2023-01-10 08:51:30.813] [nas] [error] PLMN selection failure, no cells in coverage
[2023-01-10 08:51:48.828] [rrc] [warning] Acceptable cell selection failed, no cell is in coverage
[2023-01-10 08:51:48.828] [rrc] [error] Cell selection failure, no suitable or acceptable cell found
[2023-01-10 08:52:01.641] [nas] [error] PLMN selection failure, no cells in coverage
[2023-01-10 08:52:18.840] [rrc] [warning] Acceptable cell selection failed, no cell is in coverage
[2023-01-10 08:52:18.840] [rrc] [error] Cell selection failure, no suitable or acceptable cell found
[2023-01-10 08:52:32.469] [nas] [error] PLMN selection failure, no cells in coverage
[2023-01-10 08:52:48.852] [rrc] [warning] Acceptable cell selection failed, no cell is in coverage
[2023-01-10 08:52:48.852] [rrc] [error] Cell selection failure, no suitable or acceptable cell found
[2023-01-10 08:53:03.298] [nas] [error] PLMN selection failure, no cells in coverage
[2023-01-10 08:53:18.864] [rrc] [warning] Acceptable cell selection failed, no cell is in coverage
[2023-01-10 08:53:18.864] [rrc] [error] Cell selection failure, no suitable or acceptable cell found
[2023-01-10 08:53:34.126] [nas] [error] PLMN selection failure, no cells in coverage
[2023-01-10 08:53:48.876] [rrc] [warning] Acceptable cell selection failed, no cell is in coverage
[2023-01-10 08:53:48.876] [rrc] [error] Cell selection failure, no suitable or acceptable cell found
[2023-01-10 08:54:04.954] [nas] [error] PLMN selection failure, no cells in coverage
[2023-01-10 08:54:18.888] [rrc] [warning] Acceptable cell selection failed, no cell is in coverage
[2023-01-10 08:54:18.888] [rrc] [error] Cell selection failure, no suitable or acceptable cell found
[2023-01-10 08:54:35.782] [nas] [error] PLMN selection failure, no cells in coverage
[2023-01-10 08:54:48.901] [rrc] [warning] Acceptable cell selection failed, no cell is in coverage
[2023-01-10 08:54:48.901] [rrc] [error] Cell selection failure, no suitable or acceptable cell found
[2023-01-10 08:55:06.610] [nas] [error] PLMN selection failure, no cells in coverage
[2023-01-10 08:55:18.913] [rrc] [warning] Acceptable cell selection failed, no cell is in coverage
[2023-01-10 08:55:18.913] [rrc] [error] Cell selection failure, no suitable or acceptable cell found
[2023-01-10 08:55:37.438] [nas] [error] PLMN selection failure, no cells in coverage
[2023-01-10 08:55:48.925] [rrc] [warning] Acceptable cell selection failed, no cell is in coverage
[2023-01-10 08:55:48.925] [rrc] [error] Cell selection failure, no suitable or acceptable cell found
[2023-01-10 08:56:08.266] [nas] [error] PLMN selection failure, no cells in coverage
[2023-01-10 08:56:18.937] [rrc] [warning] Acceptable cell selection failed, no cell is in coverage
[2023-01-10 08:56:18.937] [rrc] [error] Cell selection failure, no suitable or acceptable cell found
[2023-01-10 08:56:39.094] [nas] [error] PLMN selection failure, no cells in coverage
[2023-01-10 08:56:48.949] [rrc] [warning] Acceptable cell selection failed, no cell is in coverage
[2023-01-10 08:56:48.949] [rrc] [error] Cell selection failure, no suitable or acceptable cell found
[2023-01-10 08:57:09.922] [nas] [error] PLMN selection failure, no cells in coverage
[2023-01-10 08:57:18.961] [rrc] [warning] Acceptable cell selection failed, no cell is in coverage
[2023-01-10 08:57:18.961] [rrc] [error] Cell selection failure, no suitable or acceptable cell found
[2023-01-10 08:57:40.751] [nas] [error] PLMN selection failure, no cells in coverage
[2023-01-10 08:57:48.974] [rrc] [warning] Acceptable cell selection failed, no cell is in coverage
[2023-01-10 08:57:48.974] [rrc] [error] Cell selection failure, no suitable or acceptable cell found
[2023-01-10 08:58:11.579] [nas] [error] PLMN selection failure, no cells in coverage
[2023-01-10 08:58:18.987] [rrc] [warning] Acceptable cell selection failed, no cell is in coverage
[2023-01-10 08:58:18.987] [rrc] [error] Cell selection failure, no suitable or acceptable cell found
[2023-01-10 08:58:42.407] [nas] [error] PLMN selection failure, no cells in coverage
[2023-01-10 08:58:48.999] [rrc] [warning] Acceptable cell selection failed, no cell is in coverage
[2023-01-10 08:58:48.999] [rrc] [error] Cell selection failure, no suitable or acceptable cell found
[2023-01-10 08:59:13.235] [nas] [error] PLMN selection failure, no cells in coverage
[2023-01-10 08:59:19.011] [rrc] [warning] Acceptable cell selection failed, no cell is in coverage
[2023-01-10 08:59:19.011] [rrc] [error] Cell selection failure, no suitable or acceptable cell found
[2023-01-10 08:59:44.063] [nas] [error] PLMN selection failure, no cells in coverage
[2023-01-10 08:59:49.023] [rrc] [warning] Acceptable cell selection failed, no cell is in coverage
[2023-01-10 08:59:49.023] [rrc] [error] Cell selection failure, no suitable or acceptable cell found
[2023-01-10 09:00:14.891] [nas] [error] PLMN selection failure, no cells in coverage
[2023-01-10 09:00:19.035] [rrc] [warning] Acceptable cell selection failed, no cell is in coverage
[2023-01-10 09:00:19.035] [rrc] [error] Cell selection failure, no suitable or acceptable cell found
[2023-01-10 09:00:45.719] [nas] [error] PLMN selection failure, no cells in coverage
[2023-01-10 09:00:49.047] [rrc] [warning] Acceptable cell selection failed, no cell is in coverage
[2023-01-10 09:00:49.047] [rrc] [error] Cell selection failure, no suitable or acceptable cell found
[2023-01-10 09:01:16.547] [nas] [error] PLMN selection failure, no cells in coverage
[2023-01-10 09:01:19.059] [rrc] [warning] Acceptable cell selection failed, no cell is in coverage
[2023-01-10 09:01:19.059] [rrc] [error] Cell selection failure, no suitable or acceptable cell found
[2023-01-10 09:01:47.375] [nas] [error] PLMN selection failure, no cells in coverage
[2023-01-10 09:01:49.071] [rrc] [warning] Acceptable cell selection failed, no cell is in coverage
[2023-01-10 09:01:49.071] [rrc] [error] Cell selection failure, no suitable or acceptable cell found
[2023-01-10 09:02:18.203] [nas] [error] PLMN selection failure, no cells in coverage
[2023-01-10 09:02:19.083] [rrc] [warning] Acceptable cell selection failed, no cell is in coverage
[2023-01-10 09:02:19.083] [rrc] [error] Cell selection failure, no suitable or acceptable cell found
[2023-01-10 09:02:49.031] [nas] [error] PLMN selection failure, no cells in coverage
[2023-01-10 09:02:49.095] [rrc] [warning] Acceptable cell selection failed, no cell is in coverage
[2023-01-10 09:02:49.095] [rrc] [error] Cell selection failure, no suitable or acceptable cell found
[2023-01-10 09:03:19.107] [rrc] [warning] Acceptable cell selection failed, no cell is in coverage
[2023-01-10 09:03:19.107] [rrc] [error] Cell selection failure, no suitable or acceptable cell found
[2023-01-10 09:03:19.859] [nas] [error] PLMN selection failure, no cells in coverage
[2023-01-10 09:03:49.119] [rrc] [warning] Acceptable cell selection failed, no cell is in coverage
[2023-01-10 09:03:49.119] [rrc] [error] Cell selection failure, no suitable or acceptable cell found
[2023-01-10 09:03:50.687] [nas] [error] PLMN selection failure, no cells in coverage
[2023-01-10 09:04:19.131] [rrc] [warning] Acceptable cell selection failed, no cell is in coverage
[2023-01-10 09:04:19.131] [rrc] [error] Cell selection failure, no suitable or acceptable cell found
[2023-01-10 09:04:21.516] [nas] [error] PLMN selection failure, no cells in coverage
[2023-01-10 09:04:49.143] [rrc] [warning] Acceptable cell selection failed, no cell is in coverage
[2023-01-10 09:04:49.143] [rrc] [error] Cell selection failure, no suitable or acceptable cell found
[2023-01-10 09:04:52.344] [nas] [error] PLMN selection failure, no cells in coverage
[2023-01-10 09:05:19.155] [rrc] [warning] Acceptable cell selection failed, no cell is in coverage
[2023-01-10 09:05:19.155] [rrc] [error] Cell selection failure, no suitable or acceptable cell found
[2023-01-10 09:05:23.172] [nas] [error] PLMN selection failure, no cells in coverage
[2023-01-10 09:05:49.167] [rrc] [warning] Acceptable cell selection failed, no cell is in coverage
[2023-01-10 09:05:49.167] [rrc] [error] Cell selection failure, no suitable or acceptable cell found
[2023-01-10 09:05:54.000] [nas] [error] PLMN selection failure, no cells in coverage
[2023-01-10 09:06:19.179] [rrc] [warning] Acceptable cell selection failed, no cell is in coverage
[2023-01-10 09:06:19.179] [rrc] [error] Cell selection failure, no suitable or acceptable cell found
[2023-01-10 09:06:24.832] [nas] [error] PLMN selection failure, no cells in coverage
[2023-01-10 09:06:49.191] [rrc] [warning] Acceptable cell selection failed, no cell is in coverage
[2023-01-10 09:06:49.191] [rrc] [error] Cell selection failure, no suitable or acceptable cell found
