UERANSIM v3.2.6
[2023-01-10 08:43:08.538] [nas] [info] UE switches to state [MM-DEREGISTERED/PLMN-SEARCH]
[2023-01-10 08:43:08.539] [rrc] [debug] New signal detected for cell[1], total [1] cells in coverage
[2023-01-10 08:43:08.539] [nas] [info] Selected plmn[208/93]
[2023-01-10 08:43:08.539] [rrc] [info] Selected cell plmn[208/93] tac[1] category[SUITABLE]
[2023-01-10 08:43:08.539] [nas] [info] UE switches to state [MM-DEREGISTERED/PS]
[2023-01-10 08:43:08.539] [nas] [info] UE switches to state [MM-DEREGISTERED/NORMAL-SERVICE]
[2023-01-10 08:43:08.539] [nas] [debug] Initial registration required due to [MM-DEREG-NORMAL-SERVICE]
[2023-01-10 08:43:08.539] [nas] [debug] UAC access attempt is allowed for identity[0], category[MO_sig]
[2023-01-10 08:43:08.539] [nas] [debug] Sending Initial Registration
[2023-01-10 08:43:08.539] [nas] [info] UE switches to state [MM-REGISTER-INITIATED]
[2023-01-10 08:43:08.539] [rrc] [debug] Sending RRC Setup Request
[2023-01-10 08:43:08.540] [rrc] [info] RRC connection established
[2023-01-10 08:43:08.540] [rrc] [info] UE switches to state [RRC-CONNECTED]
[2023-01-10 08:43:08.540] [nas] [info] UE switches to state [CM-CONNECTED]
[2023-01-10 08:43:08.556] [nas] [debug] Authentication Request received
[2023-01-10 08:43:08.556] [nas] [debug] Sending Authentication Failure due to SQN out of range
[2023-01-10 08:43:08.569] [nas] [debug] Authentication Request received
[2023-01-10 08:43:08.576] [nas] [debug] Security Mode Command received
[2023-01-10 08:43:08.576] [nas] [debug] Selected integrity[2] ciphering[0]
[2023-01-10 08:43:08.606] [nas] [debug] Registration accept received
[2023-01-10 08:43:08.606] [nas] [info] UE switches to state [MM-REGISTERED/NORMAL-SERVICE]
[2023-01-10 08:43:08.606] [nas] [debug] Sending Registration Complete
[2023-01-10 08:43:08.606] [nas] [info] Initial Registration is successful
[2023-01-10 08:43:08.606] [nas] [debug] Sending PDU Session Establishment Request
[2023-01-10 08:43:08.608] [nas] [debug] UAC access attempt is allowed for identity[0], category[MO_sig]
[2023-01-10 08:43:08.844] [nas] [debug] PDU Session Establishment Accept received
[2023-01-10 08:43:08.844] [nas] [info] PDU Session establishment is successful PSI[1]
[2023-01-10 08:43:08.864] [app] [info] Connection setup for PDU session[1] is successful, TUN interface[uesimtun7, 10.60.0.12] is up.
[2023-01-10 08:46:18.119] [rrc] [debug] Signal lost for cell[1], total [0] cells in coverage
[2023-01-10 08:46:18.119] [nas] [error] Radio link failure detected
[2023-01-10 08:46:18.119] [nas] [info] UE switches to state [CM-IDLE]
[2023-01-10 08:46:18.119] [nas] [info] UE switches to state [MM-REGISTERED/PS]
[2023-01-10 08:46:18.119] [nas] [info] UE switches to state [MM-REGISTERED/PLMN-SEARCH]
[2023-01-10 08:46:18.119] [nas] [error] PLMN selection failure, no cells in coverage
[2023-01-10 08:46:18.459] [nas] [debug] Sending PDU Session Release Request for PSI[1]
[2023-01-10 08:46:18.459] [nas] [debug] NAS Transport aborted, no active cell
[2023-01-10 08:46:18.623] [rrc] [warning] Acceptable cell selection failed, no cell is in coverage
[2023-01-10 08:46:18.623] [rrc] [error] Cell selection failure, no suitable or acceptable cell found
[2023-01-10 08:46:21.217] [nas] [error] PLMN selection failure, no cells in coverage
[2023-01-10 08:46:23.419] [nas] [info] UE switches to state [MM-REGISTERED/NO-CELL-AVAILABLE]
[2023-01-10 08:46:34.757] [nas] [warning] Retransmitting PDU Session Release Request due to T3582 expiry
[2023-01-10 08:46:34.757] [nas] [debug] NAS Transport aborted, no active cell
[2023-01-10 08:46:48.635] [rrc] [warning] Acceptable cell selection failed, no cell is in coverage
[2023-01-10 08:46:48.635] [rrc] [error] Cell selection failure, no suitable or acceptable cell found
[2023-01-10 08:46:50.774] [nas] [warning] Retransmitting PDU Session Release Request due to T3582 expiry
[2023-01-10 08:46:50.774] [nas] [debug] NAS Transport aborted, no active cell
[2023-01-10 08:46:52.045] [nas] [error] PLMN selection failure, no cells in coverage
[2023-01-10 08:47:06.790] [nas] [warning] Retransmitting PDU Session Release Request due to T3582 expiry
[2023-01-10 08:47:06.790] [nas] [debug] NAS Transport aborted, no active cell
[2023-01-10 08:47:18.647] [rrc] [warning] Acceptable cell selection failed, no cell is in coverage
[2023-01-10 08:47:18.647] [rrc] [error] Cell selection failure, no suitable or acceptable cell found
[2023-01-10 08:47:22.807] [nas] [warning] Retransmitting PDU Session Release Request due to T3582 expiry
[2023-01-10 08:47:22.807] [nas] [debug] NAS Transport aborted, no active cell
[2023-01-10 08:47:22.873] [nas] [error] PLMN selection failure, no cells in coverage
[2023-01-10 08:47:38.824] [nas] [error] PDU Session Release procedure failure, no response from the network after 5 attempts
[2023-01-10 08:47:38.825] [nas] [debug] Aborting SM procedure for PTI[1], PSI[1]
[2023-01-10 08:47:38.825] [nas] [debug] Performing local release of PDU session[1]
[2023-01-10 08:47:38.825] [nas] [debug] Mobility registration updating required due to [PS-STATUS-INFORM]
[2023-01-10 08:47:48.659] [rrc] [warning] Acceptable cell selection failed, no cell is in coverage
[2023-01-10 08:47:48.659] [rrc] [error] Cell selection failure, no suitable or acceptable cell found
[2023-01-10 08:47:53.701] [nas] [error] PLMN selection failure, no cells in coverage
[2023-01-10 08:48:18.671] [rrc] [warning] Acceptable cell selection failed, no cell is in coverage
[2023-01-10 08:48:18.671] [rrc] [error] Cell selection failure, no suitable or acceptable cell found
[2023-01-10 08:48:18.688] [nas] [debug] De-registration required due to [NORMAL]
[2023-01-10 08:48:24.530] [nas] [error] PLMN selection failure, no cells in coverage
[2023-01-10 08:48:48.683] [rrc] [warning] Acceptable cell selection failed, no cell is in coverage
[2023-01-10 08:48:48.683] [rrc] [error] Cell selection failure, no suitable or acceptable cell found
[2023-01-10 08:48:55.358] [nas] [error] PLMN selection failure, no cells in coverage
[2023-01-10 08:49:18.695] [rrc] [warning] Acceptable cell selection failed, no cell is in coverage
[2023-01-10 08:49:18.695] [rrc] [error] Cell selection failure, no suitable or acceptable cell found
[2023-01-10 08:49:26.186] [nas] [error] PLMN selection failure, no cells in coverage
[2023-01-10 08:49:48.708] [rrc] [warning] Acceptable cell selection failed, no cell is in coverage
[2023-01-10 08:49:48.708] [rrc] [error] Cell selection failure, no suitable or acceptable cell found
[2023-01-10 08:49:57.014] [nas] [error] PLMN selection failure, no cells in coverage
[2023-01-10 08:50:18.720] [rrc] [warning] Acceptable cell selection failed, no cell is in coverage
[2023-01-10 08:50:18.720] [rrc] [error] Cell selection failure, no suitable or acceptable cell found
[2023-01-10 08:50:27.842] [nas] [error] PLMN selection failure, no cells in coverage
[2023-01-10 08:50:48.732] [rrc] [warning] Acceptable cell selection failed, no cell is in coverage
[2023-01-10 08:50:48.732] [rrc] [error] Cell selection failure, no suitable or acceptable cell found
[2023-01-10 08:50:58.670] [nas] [error] PLMN selection failure, no cells in coverage
[2023-01-10 08:51:18.744] [rrc] [warning] Acceptable cell selection failed, no cell is in coverage
[2023-01-10 08:51:18.744] [rrc] [error] Cell selection failure, no suitable or acceptable cell found
[2023-01-10 08:51:29.498] [nas] [error] PLMN selection failure, no cells in coverage
[2023-01-10 08:51:48.756] [rrc] [warning] Acceptable cell selection failed, no cell is in coverage
[2023-01-10 08:51:48.756] [rrc] [error] Cell selection failure, no suitable or acceptable cell found
[2023-01-10 08:52:00.326] [nas] [error] PLMN selection failure, no cells in coverage
[2023-01-10 08:52:18.768] [rrc] [warning] Acceptable cell selection failed, no cell is in coverage
[2023-01-10 08:52:18.768] [rrc] [error] Cell selection failure, no suitable or acceptable cell found
[2023-01-10 08:52:31.154] [nas] [error] PLMN selection failure, no cells in coverage
[2023-01-10 08:52:48.780] [rrc] [warning] Acceptable cell selection failed, no cell is in coverage
[2023-01-10 08:52:48.780] [rrc] [error] Cell selection failure, no suitable or acceptable cell found
[2023-01-10 08:53:01.982] [nas] [error] PLMN selection failure, no cells in coverage
[2023-01-10 08:53:18.792] [rrc] [warning] Acceptable cell selection failed, no cell is in coverage
[2023-01-10 08:53:18.792] [rrc] [error] Cell selection failure, no suitable or acceptable cell found
[2023-01-10 08:53:32.810] [nas] [error] PLMN selection failure, no cells in coverage
[2023-01-10 08:53:48.804] [rrc] [warning] Acceptable cell selection failed, no cell is in coverage
[2023-01-10 08:53:48.804] [rrc] [error] Cell selection failure, no suitable or acceptable cell found
[2023-01-10 08:54:03.638] [nas] [error] PLMN selection failure, no cells in coverage
[2023-01-10 08:54:18.816] [rrc] [warning] Acceptable cell selection failed, no cell is in coverage
[2023-01-10 08:54:18.816] [rrc] [error] Cell selection failure, no suitable or acceptable cell found
[2023-01-10 08:54:34.466] [nas] [error] PLMN selection failure, no cells in coverage
[2023-01-10 08:54:48.828] [rrc] [warning] Acceptable cell selection failed, no cell is in coverage
[2023-01-10 08:54:48.828] [rrc] [error] Cell selection failure, no suitable or acceptable cell found
[2023-01-10 08:55:05.294] [nas] [error] PLMN selection failure, no cells in coverage
[2023-01-10 08:55:18.840] [rrc] [warning] Acceptable cell selection failed, no cell is in coverage
[2023-01-10 08:55:18.840] [rrc] [error] Cell selection failure, no suitable or acceptable cell found
[2023-01-10 08:55:36.122] [nas] [error] PLMN selection failure, no cells in coverage
[2023-01-10 08:55:48.852] [rrc] [warning] Acceptable cell selection failed, no cell is in coverage
[2023-01-10 08:55:48.852] [rrc] [error] Cell selection failure, no suitable or acceptable cell found
[2023-01-10 08:56:06.950] [nas] [error] PLMN selection failure, no cells in coverage
[2023-01-10 08:56:18.864] [rrc] [warning] Acceptable cell selection failed, no cell is in coverage
[2023-01-10 08:56:18.864] [rrc] [error] Cell selection failure, no suitable or acceptable cell found
[2023-01-10 08:56:37.778] [nas] [error] PLMN selection failure, no cells in coverage
[2023-01-10 08:56:48.876] [rrc] [warning] Acceptable cell selection failed, no cell is in coverage
[2023-01-10 08:56:48.876] [rrc] [error] Cell selection failure, no suitable or acceptable cell found
[2023-01-10 08:57:08.606] [nas] [error] PLMN selection failure, no cells in coverage
[2023-01-10 08:57:18.889] [rrc] [warning] Acceptable cell selection failed, no cell is in coverage
[2023-01-10 08:57:18.889] [rrc] [error] Cell selection failure, no suitable or acceptable cell found
[2023-01-10 08:57:39.435] [nas] [error] PLMN selection failure, no cells in coverage
[2023-01-10 08:57:48.901] [rrc] [warning] Acceptable cell selection failed, no cell is in coverage
[2023-01-10 08:57:48.901] [rrc] [error] Cell selection failure, no suitable or acceptable cell found
[2023-01-10 08:58:10.263] [nas] [error] PLMN selection failure, no cells in coverage
[2023-01-10 08:58:18.913] [rrc] [warning] Acceptable cell selection failed, no cell is in coverage
[2023-01-10 08:58:18.913] [rrc] [error] Cell selection failure, no suitable or acceptable cell found
[2023-01-10 08:58:41.091] [nas] [error] PLMN selection failure, no cells in coverage
[2023-01-10 08:58:48.925] [rrc] [warning] Acceptable cell selection failed, no cell is in coverage
[2023-01-10 08:58:48.925] [rrc] [error] Cell selection failure, no suitable or acceptable cell found
[2023-01-10 08:59:11.919] [nas] [error] PLMN selection failure, no cells in coverage
[2023-01-10 08:59:18.937] [rrc] [warning] Acceptable cell selection failed, no cell is in coverage
[2023-01-10 08:59:18.937] [rrc] [error] Cell selection failure, no suitable or acceptable cell found
[2023-01-10 08:59:42.747] [nas] [error] PLMN selection failure, no cells in coverage
[2023-01-10 08:59:48.949] [rrc] [warning] Acceptable cell selection failed, no cell is in coverage
[2023-01-10 08:59:48.949] [rrc] [error] Cell selection failure, no suitable or acceptable cell found
[2023-01-10 09:00:13.575] [nas] [error] PLMN selection failure, no cells in coverage
[2023-01-10 09:00:18.961] [rrc] [warning] Acceptable cell selection failed, no cell is in coverage
[2023-01-10 09:00:18.961] [rrc] [error] Cell selection failure, no suitable or acceptable cell found
[2023-01-10 09:00:44.404] [nas] [error] PLMN selection failure, no cells in coverage
[2023-01-10 09:00:48.974] [rrc] [warning] Acceptable cell selection failed, no cell is in coverage
[2023-01-10 09:00:48.974] [rrc] [error] Cell selection failure, no suitable or acceptable cell found
[2023-01-10 09:01:15.233] [nas] [error] PLMN selection failure, no cells in coverage
[2023-01-10 09:01:18.986] [rrc] [warning] Acceptable cell selection failed, no cell is in coverage
[2023-01-10 09:01:18.986] [rrc] [error] Cell selection failure, no suitable or acceptable cell found
[2023-01-10 09:01:46.061] [nas] [error] PLMN selection failure, no cells in coverage
[2023-01-10 09:01:48.998] [rrc] [warning] Acceptable cell selection failed, no cell is in coverage
[2023-01-10 09:01:48.998] [rrc] [error] Cell selection failure, no suitable or acceptable cell found
[2023-01-10 09:02:16.889] [nas] [error] PLMN selection failure, no cells in coverage
[2023-01-10 09:02:19.010] [rrc] [warning] Acceptable cell selection failed, no cell is in coverage
[2023-01-10 09:02:19.010] [rrc] [error] Cell selection failure, no suitable or acceptable cell found
[2023-01-10 09:02:47.717] [nas] [error] PLMN selection failure, no cells in coverage
[2023-01-10 09:02:49.022] [rrc] [warning] Acceptable cell selection failed, no cell is in coverage
[2023-01-10 09:02:49.022] [rrc] [error] Cell selection failure, no suitable or acceptable cell found
[2023-01-10 09:03:18.546] [nas] [error] PLMN selection failure, no cells in coverage
[2023-01-10 09:03:19.034] [rrc] [warning] Acceptable cell selection failed, no cell is in coverage
[2023-01-10 09:03:19.034] [rrc] [error] Cell selection failure, no suitable or acceptable cell found
[2023-01-10 09:03:49.046] [rrc] [warning] Acceptable cell selection failed, no cell is in coverage
[2023-01-10 09:03:49.046] [rrc] [error] Cell selection failure, no suitable or acceptable cell found
[2023-01-10 09:03:49.374] [nas] [error] PLMN selection failure, no cells in coverage
[2023-01-10 09:04:19.058] [rrc] [warning] Acceptable cell selection failed, no cell is in coverage
[2023-01-10 09:04:19.058] [rrc] [error] Cell selection failure, no suitable or acceptable cell found
[2023-01-10 09:04:20.202] [nas] [error] PLMN selection failure, no cells in coverage
[2023-01-10 09:04:49.071] [rrc] [warning] Acceptable cell selection failed, no cell is in coverage
[2023-01-10 09:04:49.071] [rrc] [error] Cell selection failure, no suitable or acceptable cell found
[2023-01-10 09:04:51.030] [nas] [error] PLMN selection failure, no cells in coverage
[2023-01-10 09:05:19.083] [rrc] [warning] Acceptable cell selection failed, no cell is in coverage
[2023-01-10 09:05:19.083] [rrc] [error] Cell selection failure, no suitable or acceptable cell found
[2023-01-10 09:05:21.860] [nas] [error] PLMN selection failure, no cells in coverage
[2023-01-10 09:05:49.095] [rrc] [warning] Acceptable cell selection failed, no cell is in coverage
[2023-01-10 09:05:49.095] [rrc] [error] Cell selection failure, no suitable or acceptable cell found
[2023-01-10 09:05:52.689] [nas] [error] PLMN selection failure, no cells in coverage
[2023-01-10 09:06:19.107] [rrc] [warning] Acceptable cell selection failed, no cell is in coverage
[2023-01-10 09:06:19.107] [rrc] [error] Cell selection failure, no suitable or acceptable cell found
[2023-01-10 09:06:23.517] [nas] [error] PLMN selection failure, no cells in coverage
[2023-01-10 09:06:49.120] [rrc] [warning] Acceptable cell selection failed, no cell is in coverage
[2023-01-10 09:06:49.120] [rrc] [error] Cell selection failure, no suitable or acceptable cell found
[2023-01-10 09:06:54.345] [nas] [error] PLMN selection failure, no cells in coverage
