UERANSIM v3.2.6
[2023-01-10 08:45:02.654] [nas] [info] UE switches to state [MM-DEREGISTERED/PLMN-SEARCH]
[2023-01-10 08:45:02.658] [rrc] [debug] New signal detected for cell[1], total [1] cells in coverage
[2023-01-10 08:45:02.662] [nas] [info] Selected plmn[208/93]
[2023-01-10 08:45:02.662] [rrc] [info] Selected cell plmn[208/93] tac[1] category[SUITABLE]
[2023-01-10 08:45:02.662] [nas] [info] UE switches to state [MM-DEREGISTERED/PS]
[2023-01-10 08:45:02.662] [nas] [info] UE switches to state [MM-DEREGISTERED/NORMAL-SERVICE]
[2023-01-10 08:45:02.662] [nas] [debug] Initial registration required due to [MM-DEREG-NORMAL-SERVICE]
[2023-01-10 08:45:02.662] [nas] [debug] UAC access attempt is allowed for identity[0], category[MO_sig]
[2023-01-10 08:45:02.662] [nas] [debug] Sending Initial Registration
[2023-01-10 08:45:02.662] [nas] [info] UE switches to state [MM-REGISTER-INITIATED]
[2023-01-10 08:45:02.662] [rrc] [debug] Sending RRC Setup Request
[2023-01-10 08:45:02.663] [rrc] [info] RRC connection established
[2023-01-10 08:45:02.663] [rrc] [info] UE switches to state [RRC-CONNECTED]
[2023-01-10 08:45:02.663] [nas] [info] UE switches to state [CM-CONNECTED]
[2023-01-10 08:45:02.677] [nas] [debug] Authentication Request received
[2023-01-10 08:45:02.677] [nas] [debug] Sending Authentication Failure due to SQN out of range
[2023-01-10 08:45:02.690] [nas] [debug] Authentication Request received
[2023-01-10 08:45:02.698] [nas] [debug] Security Mode Command received
[2023-01-10 08:45:02.698] [nas] [debug] Selected integrity[2] ciphering[0]
[2023-01-10 08:45:02.725] [nas] [debug] Registration accept received
[2023-01-10 08:45:02.725] [nas] [info] UE switches to state [MM-REGISTERED/NORMAL-SERVICE]
[2023-01-10 08:45:02.725] [nas] [debug] Sending Registration Complete
[2023-01-10 08:45:02.725] [nas] [info] Initial Registration is successful
[2023-01-10 08:45:02.725] [nas] [debug] Sending PDU Session Establishment Request
[2023-01-10 08:45:02.725] [nas] [debug] UAC access attempt is allowed for identity[0], category[MO_sig]
[2023-01-10 08:45:02.960] [nas] [debug] PDU Session Establishment Accept received
[2023-01-10 08:45:02.960] [nas] [info] PDU Session establishment is successful PSI[1]
[2023-01-10 08:45:02.980] [app] [info] Connection setup for PDU session[1] is successful, TUN interface[uesimtun64, 10.60.0.69] is up.
[2023-01-10 08:46:16.012] [nas] [debug] Sending PDU Session Release Request for PSI[1]
[2023-01-10 08:46:16.165] [nas] [debug] PDU Session Release Command received
[2023-01-10 08:46:16.165] [nas] [debug] Performing local release of PDU session[1]
[2023-01-10 08:46:16.338] [nas] [debug] Sending PDU Session Establishment Request
[2023-01-10 08:46:16.445] [nas] [error] No response from RRC from UAC checks, considering access attempt is barred
[2023-01-10 08:46:18.584] [rrc] [debug] Signal lost for cell[1], total [0] cells in coverage
[2023-01-10 08:46:18.584] [nas] [error] Radio link failure detected
[2023-01-10 08:46:18.584] [nas] [info] UE switches to state [CM-IDLE]
[2023-01-10 08:46:18.584] [nas] [info] UE switches to state [MM-REGISTERED/PS]
[2023-01-10 08:46:18.584] [nas] [info] UE switches to state [MM-REGISTERED/PLMN-SEARCH]
[2023-01-10 08:46:18.584] [nas] [error] PLMN selection failure, no cells in coverage
[2023-01-10 08:46:20.185] [rrc] [warning] Acceptable cell selection failed, no cell is in coverage
[2023-01-10 08:46:20.185] [rrc] [error] Cell selection failure, no suitable or acceptable cell found
[2023-01-10 08:46:20.858] [nas] [error] PLMN selection failure, no cells in coverage
[2023-01-10 08:46:23.060] [nas] [error] PLMN selection failure, no cells in coverage
[2023-01-10 08:46:24.161] [nas] [info] UE switches to state [MM-REGISTERED/NO-CELL-AVAILABLE]
[2023-01-10 08:46:32.762] [nas] [warning] Retransmitting PDU Session Establishment Request due to T3580 expiry
[2023-01-10 08:46:32.762] [nas] [error] UAC access attempt is barred for identity[0], category[MO_sig]
[2023-01-10 08:46:48.778] [nas] [warning] Retransmitting PDU Session Establishment Request due to T3580 expiry
[2023-01-10 08:46:48.778] [nas] [error] UAC access attempt is barred for identity[0], category[MO_sig]
[2023-01-10 08:46:50.198] [rrc] [warning] Acceptable cell selection failed, no cell is in coverage
[2023-01-10 08:46:50.198] [rrc] [error] Cell selection failure, no suitable or acceptable cell found
[2023-01-10 08:46:53.889] [nas] [error] PLMN selection failure, no cells in coverage
[2023-01-10 08:47:04.796] [nas] [warning] Retransmitting PDU Session Establishment Request due to T3580 expiry
[2023-01-10 08:47:04.798] [nas] [error] UAC access attempt is barred for identity[0], category[MO_sig]
[2023-01-10 08:47:20.211] [rrc] [warning] Acceptable cell selection failed, no cell is in coverage
[2023-01-10 08:47:20.211] [rrc] [error] Cell selection failure, no suitable or acceptable cell found
[2023-01-10 08:47:20.813] [nas] [warning] Retransmitting PDU Session Establishment Request due to T3580 expiry
[2023-01-10 08:47:20.813] [nas] [error] UAC access attempt is barred for identity[0], category[MO_sig]
[2023-01-10 08:47:24.717] [nas] [error] PLMN selection failure, no cells in coverage
[2023-01-10 08:47:36.829] [nas] [error] PDU Session Establishment procedure failure, no response from the network after 5 attempts
[2023-01-10 08:47:36.829] [nas] [debug] Aborting SM procedure for PTI[1], PSI[1]
[2023-01-10 08:47:50.223] [rrc] [warning] Acceptable cell selection failed, no cell is in coverage
[2023-01-10 08:47:50.223] [rrc] [error] Cell selection failure, no suitable or acceptable cell found
[2023-01-10 08:47:55.545] [nas] [error] PLMN selection failure, no cells in coverage
[2023-01-10 08:48:16.751] [nas] [debug] De-registration required due to [NORMAL]
[2023-01-10 08:48:20.235] [rrc] [warning] Acceptable cell selection failed, no cell is in coverage
[2023-01-10 08:48:20.235] [rrc] [error] Cell selection failure, no suitable or acceptable cell found
[2023-01-10 08:48:26.373] [nas] [error] PLMN selection failure, no cells in coverage
[2023-01-10 08:48:50.247] [rrc] [warning] Acceptable cell selection failed, no cell is in coverage
[2023-01-10 08:48:50.247] [rrc] [error] Cell selection failure, no suitable or acceptable cell found
[2023-01-10 08:48:57.201] [nas] [error] PLMN selection failure, no cells in coverage
[2023-01-10 08:49:20.259] [rrc] [warning] Acceptable cell selection failed, no cell is in coverage
[2023-01-10 08:49:20.259] [rrc] [error] Cell selection failure, no suitable or acceptable cell found
[2023-01-10 08:49:28.029] [nas] [error] PLMN selection failure, no cells in coverage
[2023-01-10 08:49:50.271] [rrc] [warning] Acceptable cell selection failed, no cell is in coverage
[2023-01-10 08:49:50.271] [rrc] [error] Cell selection failure, no suitable or acceptable cell found
[2023-01-10 08:49:58.857] [nas] [error] PLMN selection failure, no cells in coverage
[2023-01-10 08:50:20.283] [rrc] [warning] Acceptable cell selection failed, no cell is in coverage
[2023-01-10 08:50:20.283] [rrc] [error] Cell selection failure, no suitable or acceptable cell found
[2023-01-10 08:50:29.685] [nas] [error] PLMN selection failure, no cells in coverage
[2023-01-10 08:50:50.295] [rrc] [warning] Acceptable cell selection failed, no cell is in coverage
[2023-01-10 08:50:50.295] [rrc] [error] Cell selection failure, no suitable or acceptable cell found
[2023-01-10 08:51:00.514] [nas] [error] PLMN selection failure, no cells in coverage
[2023-01-10 08:51:20.307] [rrc] [warning] Acceptable cell selection failed, no cell is in coverage
[2023-01-10 08:51:20.307] [rrc] [error] Cell selection failure, no suitable or acceptable cell found
[2023-01-10 08:51:31.342] [nas] [error] PLMN selection failure, no cells in coverage
[2023-01-10 08:51:50.319] [rrc] [warning] Acceptable cell selection failed, no cell is in coverage
[2023-01-10 08:51:50.319] [rrc] [error] Cell selection failure, no suitable or acceptable cell found
[2023-01-10 08:52:02.170] [nas] [error] PLMN selection failure, no cells in coverage
[2023-01-10 08:52:20.331] [rrc] [warning] Acceptable cell selection failed, no cell is in coverage
[2023-01-10 08:52:20.331] [rrc] [error] Cell selection failure, no suitable or acceptable cell found
[2023-01-10 08:52:32.998] [nas] [error] PLMN selection failure, no cells in coverage
[2023-01-10 08:52:50.343] [rrc] [warning] Acceptable cell selection failed, no cell is in coverage
[2023-01-10 08:52:50.343] [rrc] [error] Cell selection failure, no suitable or acceptable cell found
[2023-01-10 08:53:03.826] [nas] [error] PLMN selection failure, no cells in coverage
[2023-01-10 08:53:20.355] [rrc] [warning] Acceptable cell selection failed, no cell is in coverage
[2023-01-10 08:53:20.355] [rrc] [error] Cell selection failure, no suitable or acceptable cell found
[2023-01-10 08:53:34.654] [nas] [error] PLMN selection failure, no cells in coverage
[2023-01-10 08:53:50.367] [rrc] [warning] Acceptable cell selection failed, no cell is in coverage
[2023-01-10 08:53:50.367] [rrc] [error] Cell selection failure, no suitable or acceptable cell found
[2023-01-10 08:54:05.482] [nas] [error] PLMN selection failure, no cells in coverage
[2023-01-10 08:54:20.379] [rrc] [warning] Acceptable cell selection failed, no cell is in coverage
[2023-01-10 08:54:20.379] [rrc] [error] Cell selection failure, no suitable or acceptable cell found
[2023-01-10 08:54:36.310] [nas] [error] PLMN selection failure, no cells in coverage
[2023-01-10 08:54:50.391] [rrc] [warning] Acceptable cell selection failed, no cell is in coverage
[2023-01-10 08:54:50.391] [rrc] [error] Cell selection failure, no suitable or acceptable cell found
[2023-01-10 08:55:07.138] [nas] [error] PLMN selection failure, no cells in coverage
[2023-01-10 08:55:20.403] [rrc] [warning] Acceptable cell selection failed, no cell is in coverage
[2023-01-10 08:55:20.403] [rrc] [error] Cell selection failure, no suitable or acceptable cell found
[2023-01-10 08:55:37.966] [nas] [error] PLMN selection failure, no cells in coverage
[2023-01-10 08:55:50.415] [rrc] [warning] Acceptable cell selection failed, no cell is in coverage
[2023-01-10 08:55:50.415] [rrc] [error] Cell selection failure, no suitable or acceptable cell found
[2023-01-10 08:56:08.794] [nas] [error] PLMN selection failure, no cells in coverage
[2023-01-10 08:56:20.427] [rrc] [warning] Acceptable cell selection failed, no cell is in coverage
[2023-01-10 08:56:20.427] [rrc] [error] Cell selection failure, no suitable or acceptable cell found
[2023-01-10 08:56:39.622] [nas] [error] PLMN selection failure, no cells in coverage
[2023-01-10 08:56:50.439] [rrc] [warning] Acceptable cell selection failed, no cell is in coverage
[2023-01-10 08:56:50.439] [rrc] [error] Cell selection failure, no suitable or acceptable cell found
[2023-01-10 08:57:10.450] [nas] [error] PLMN selection failure, no cells in coverage
[2023-01-10 08:57:20.451] [rrc] [warning] Acceptable cell selection failed, no cell is in coverage
[2023-01-10 08:57:20.451] [rrc] [error] Cell selection failure, no suitable or acceptable cell found
[2023-01-10 08:57:41.278] [nas] [error] PLMN selection failure, no cells in coverage
[2023-01-10 08:57:50.463] [rrc] [warning] Acceptable cell selection failed, no cell is in coverage
[2023-01-10 08:57:50.463] [rrc] [error] Cell selection failure, no suitable or acceptable cell found
[2023-01-10 08:58:12.107] [nas] [error] PLMN selection failure, no cells in coverage
[2023-01-10 08:58:20.475] [rrc] [warning] Acceptable cell selection failed, no cell is in coverage
[2023-01-10 08:58:20.475] [rrc] [error] Cell selection failure, no suitable or acceptable cell found
[2023-01-10 08:58:42.935] [nas] [error] PLMN selection failure, no cells in coverage
[2023-01-10 08:58:50.487] [rrc] [warning] Acceptable cell selection failed, no cell is in coverage
[2023-01-10 08:58:50.487] [rrc] [error] Cell selection failure, no suitable or acceptable cell found
[2023-01-10 08:59:13.764] [nas] [error] PLMN selection failure, no cells in coverage
[2023-01-10 08:59:20.499] [rrc] [warning] Acceptable cell selection failed, no cell is in coverage
[2023-01-10 08:59:20.499] [rrc] [error] Cell selection failure, no suitable or acceptable cell found
[2023-01-10 08:59:44.592] [nas] [error] PLMN selection failure, no cells in coverage
[2023-01-10 08:59:50.511] [rrc] [warning] Acceptable cell selection failed, no cell is in coverage
[2023-01-10 08:59:50.511] [rrc] [error] Cell selection failure, no suitable or acceptable cell found
[2023-01-10 09:00:15.420] [nas] [error] PLMN selection failure, no cells in coverage
[2023-01-10 09:00:20.523] [rrc] [warning] Acceptable cell selection failed, no cell is in coverage
[2023-01-10 09:00:20.523] [rrc] [error] Cell selection failure, no suitable or acceptable cell found
[2023-01-10 09:00:46.248] [nas] [error] PLMN selection failure, no cells in coverage
[2023-01-10 09:00:50.535] [rrc] [warning] Acceptable cell selection failed, no cell is in coverage
[2023-01-10 09:00:50.535] [rrc] [error] Cell selection failure, no suitable or acceptable cell found
[2023-01-10 09:01:17.076] [nas] [error] PLMN selection failure, no cells in coverage
[2023-01-10 09:01:20.547] [rrc] [warning] Acceptable cell selection failed, no cell is in coverage
[2023-01-10 09:01:20.547] [rrc] [error] Cell selection failure, no suitable or acceptable cell found
[2023-01-10 09:01:47.904] [nas] [error] PLMN selection failure, no cells in coverage
[2023-01-10 09:01:50.559] [rrc] [warning] Acceptable cell selection failed, no cell is in coverage
[2023-01-10 09:01:50.559] [rrc] [error] Cell selection failure, no suitable or acceptable cell found
[2023-01-10 09:02:18.732] [nas] [error] PLMN selection failure, no cells in coverage
[2023-01-10 09:02:20.571] [rrc] [warning] Acceptable cell selection failed, no cell is in coverage
[2023-01-10 09:02:20.571] [rrc] [error] Cell selection failure, no suitable or acceptable cell found
[2023-01-10 09:02:49.560] [nas] [error] PLMN selection failure, no cells in coverage
[2023-01-10 09:02:50.583] [rrc] [warning] Acceptable cell selection failed, no cell is in coverage
[2023-01-10 09:02:50.583] [rrc] [error] Cell selection failure, no suitable or acceptable cell found
[2023-01-10 09:03:20.389] [nas] [error] PLMN selection failure, no cells in coverage
[2023-01-10 09:03:20.595] [rrc] [warning] Acceptable cell selection failed, no cell is in coverage
[2023-01-10 09:03:20.595] [rrc] [error] Cell selection failure, no suitable or acceptable cell found
[2023-01-10 09:03:50.608] [rrc] [warning] Acceptable cell selection failed, no cell is in coverage
[2023-01-10 09:03:50.608] [rrc] [error] Cell selection failure, no suitable or acceptable cell found
[2023-01-10 09:03:51.218] [nas] [error] PLMN selection failure, no cells in coverage
[2023-01-10 09:04:20.621] [rrc] [warning] Acceptable cell selection failed, no cell is in coverage
[2023-01-10 09:04:20.621] [rrc] [error] Cell selection failure, no suitable or acceptable cell found
[2023-01-10 09:04:22.046] [nas] [error] PLMN selection failure, no cells in coverage
[2023-01-10 09:04:50.633] [rrc] [warning] Acceptable cell selection failed, no cell is in coverage
[2023-01-10 09:04:50.633] [rrc] [error] Cell selection failure, no suitable or acceptable cell found
[2023-01-10 09:04:52.874] [nas] [error] PLMN selection failure, no cells in coverage
[2023-01-10 09:05:20.645] [rrc] [warning] Acceptable cell selection failed, no cell is in coverage
[2023-01-10 09:05:20.645] [rrc] [error] Cell selection failure, no suitable or acceptable cell found
[2023-01-10 09:05:23.702] [nas] [error] PLMN selection failure, no cells in coverage
[2023-01-10 09:05:50.657] [rrc] [warning] Acceptable cell selection failed, no cell is in coverage
[2023-01-10 09:05:50.657] [rrc] [error] Cell selection failure, no suitable or acceptable cell found
[2023-01-10 09:05:54.530] [nas] [error] PLMN selection failure, no cells in coverage
[2023-01-10 09:06:20.669] [rrc] [warning] Acceptable cell selection failed, no cell is in coverage
[2023-01-10 09:06:20.669] [rrc] [error] Cell selection failure, no suitable or acceptable cell found
[2023-01-10 09:06:25.359] [nas] [error] PLMN selection failure, no cells in coverage
[2023-01-10 09:06:50.684] [rrc] [warning] Acceptable cell selection failed, no cell is in coverage
[2023-01-10 09:06:50.684] [rrc] [error] Cell selection failure, no suitable or acceptable cell found
