UERANSIM v3.2.6
[2023-01-10 08:43:44.574] [nas] [info] UE switches to state [MM-DEREGISTERED/PLMN-SEARCH]
[2023-01-10 08:43:44.576] [rrc] [debug] New signal detected for cell[1], total [1] cells in coverage
[2023-01-10 08:43:44.576] [nas] [info] Selected plmn[208/93]
[2023-01-10 08:43:44.576] [rrc] [info] Selected cell plmn[208/93] tac[1] category[SUITABLE]
[2023-01-10 08:43:44.576] [nas] [info] UE switches to state [MM-DEREGISTERED/PS]
[2023-01-10 08:43:44.576] [nas] [info] UE switches to state [MM-DEREGISTERED/NORMAL-SERVICE]
[2023-01-10 08:43:44.576] [nas] [debug] Initial registration required due to [MM-DEREG-NORMAL-SERVICE]
[2023-01-10 08:43:44.577] [nas] [debug] UAC access attempt is allowed for identity[0], category[MO_sig]
[2023-01-10 08:43:44.577] [nas] [debug] Sending Initial Registration
[2023-01-10 08:43:44.577] [nas] [info] UE switches to state [MM-REGISTER-INITIATED]
[2023-01-10 08:43:44.577] [rrc] [debug] Sending RRC Setup Request
[2023-01-10 08:43:44.577] [rrc] [info] RRC connection established
[2023-01-10 08:43:44.577] [rrc] [info] UE switches to state [RRC-CONNECTED]
[2023-01-10 08:43:44.577] [nas] [info] UE switches to state [CM-CONNECTED]
[2023-01-10 08:43:44.591] [nas] [debug] Authentication Request received
[2023-01-10 08:43:44.597] [nas] [debug] Security Mode Command received
[2023-01-10 08:43:44.597] [nas] [debug] Selected integrity[2] ciphering[0]
[2023-01-10 08:43:44.622] [nas] [debug] Registration accept received
[2023-01-10 08:43:44.623] [nas] [info] UE switches to state [MM-REGISTERED/NORMAL-SERVICE]
[2023-01-10 08:43:44.623] [nas] [debug] Sending Registration Complete
[2023-01-10 08:43:44.623] [nas] [info] Initial Registration is successful
[2023-01-10 08:43:44.623] [nas] [debug] Sending PDU Session Establishment Request
[2023-01-10 08:43:44.623] [nas] [debug] UAC access attempt is allowed for identity[0], category[MO_sig]
[2023-01-10 08:43:44.868] [nas] [debug] PDU Session Establishment Accept received
[2023-01-10 08:43:44.869] [nas] [info] PDU Session establishment is successful PSI[1]
[2023-01-10 08:43:44.891] [app] [info] Connection setup for PDU session[1] is successful, TUN interface[uesimtun24, 10.60.0.29] is up.
[2023-01-10 08:46:16.696] [nas] [debug] Sending PDU Session Release Request for PSI[1]
[2023-01-10 08:46:16.910] [nas] [debug] PDU Session Release Command received
[2023-01-10 08:46:16.910] [nas] [debug] Performing local release of PDU session[1]
[2023-01-10 08:46:17.619] [nas] [debug] Sending PDU Session Establishment Request
[2023-01-10 08:46:17.622] [nas] [debug] UAC access attempt is allowed for identity[0], category[MO_sig]
[2023-01-10 08:46:17.696] [nas] [debug] De-registration required due to [NORMAL]
[2023-01-10 08:46:17.706] [nas] [debug] Starting de-registration procedure due to [NORMAL]
[2023-01-10 08:46:17.706] [nas] [info] UE switches to state [MM-DEREGISTER-INITIATED]
[2023-01-10 08:46:18.319] [rrc] [debug] Signal lost for cell[1], total [0] cells in coverage
[2023-01-10 08:46:18.319] [nas] [error] Radio link failure detected
[2023-01-10 08:46:18.319] [nas] [info] UE switches to state [CM-IDLE]
[2023-01-10 08:46:18.319] [nas] [info] UE switches to state [MM-DEREGISTERED/PS]
[2023-01-10 08:46:18.319] [nas] [info] UE switches to state [MM-DEREGISTERED/PLMN-SEARCH]
[2023-01-10 08:46:18.319] [nas] [error] PLMN selection failure, no cells in coverage
[2023-01-10 08:46:19.642] [rrc] [warning] Acceptable cell selection failed, no cell is in coverage
[2023-01-10 08:46:19.642] [rrc] [error] Cell selection failure, no suitable or acceptable cell found
[2023-01-10 08:46:20.922] [nas] [error] PLMN selection failure, no cells in coverage
[2023-01-10 08:46:23.124] [nas] [error] PLMN selection failure, no cells in coverage
[2023-01-10 08:46:24.225] [nas] [info] UE switches to state [MM-DEREGISTERED/NO-CELL-AVAILABLE]
[2023-01-10 08:46:33.756] [nas] [warning] Retransmitting PDU Session Establishment Request due to T3580 expiry
[2023-01-10 08:46:33.756] [nas] [error] UAC access attempt is barred for identity[0], category[MO_sig]
[2023-01-10 08:46:49.654] [rrc] [warning] Acceptable cell selection failed, no cell is in coverage
[2023-01-10 08:46:49.654] [rrc] [error] Cell selection failure, no suitable or acceptable cell found
[2023-01-10 08:46:49.773] [nas] [warning] Retransmitting PDU Session Establishment Request due to T3580 expiry
[2023-01-10 08:46:49.778] [nas] [error] UAC access attempt is barred for identity[0], category[MO_sig]
[2023-01-10 08:46:53.952] [nas] [error] PLMN selection failure, no cells in coverage
[2023-01-10 08:47:05.789] [nas] [warning] Retransmitting PDU Session Establishment Request due to T3580 expiry
[2023-01-10 08:47:05.789] [nas] [error] UAC access attempt is barred for identity[0], category[MO_sig]
[2023-01-10 08:47:19.666] [rrc] [warning] Acceptable cell selection failed, no cell is in coverage
[2023-01-10 08:47:19.666] [rrc] [error] Cell selection failure, no suitable or acceptable cell found
[2023-01-10 08:47:21.806] [nas] [warning] Retransmitting PDU Session Establishment Request due to T3580 expiry
[2023-01-10 08:47:21.806] [nas] [error] UAC access attempt is barred for identity[0], category[MO_sig]
[2023-01-10 08:47:24.780] [nas] [error] PLMN selection failure, no cells in coverage
[2023-01-10 08:47:37.822] [nas] [error] PDU Session Establishment procedure failure, no response from the network after 5 attempts
[2023-01-10 08:47:37.822] [nas] [debug] Aborting SM procedure for PTI[1], PSI[1]
[2023-01-10 08:47:49.678] [rrc] [warning] Acceptable cell selection failed, no cell is in coverage
[2023-01-10 08:47:49.678] [rrc] [error] Cell selection failure, no suitable or acceptable cell found
[2023-01-10 08:47:55.608] [nas] [error] PLMN selection failure, no cells in coverage
[2023-01-10 08:48:17.914] [nas] [debug] De-registration required due to [NORMAL]
[2023-01-10 08:48:19.690] [rrc] [warning] Acceptable cell selection failed, no cell is in coverage
[2023-01-10 08:48:19.690] [rrc] [error] Cell selection failure, no suitable or acceptable cell found
[2023-01-10 08:48:26.436] [nas] [error] PLMN selection failure, no cells in coverage
[2023-01-10 08:48:49.702] [rrc] [warning] Acceptable cell selection failed, no cell is in coverage
[2023-01-10 08:48:49.702] [rrc] [error] Cell selection failure, no suitable or acceptable cell found
[2023-01-10 08:48:57.264] [nas] [error] PLMN selection failure, no cells in coverage
[2023-01-10 08:49:19.714] [rrc] [warning] Acceptable cell selection failed, no cell is in coverage
[2023-01-10 08:49:19.714] [rrc] [error] Cell selection failure, no suitable or acceptable cell found
[2023-01-10 08:49:28.092] [nas] [error] PLMN selection failure, no cells in coverage
[2023-01-10 08:49:49.726] [rrc] [warning] Acceptable cell selection failed, no cell is in coverage
[2023-01-10 08:49:49.726] [rrc] [error] Cell selection failure, no suitable or acceptable cell found
[2023-01-10 08:49:58.920] [nas] [error] PLMN selection failure, no cells in coverage
[2023-01-10 08:50:19.738] [rrc] [warning] Acceptable cell selection failed, no cell is in coverage
[2023-01-10 08:50:19.738] [rrc] [error] Cell selection failure, no suitable or acceptable cell found
[2023-01-10 08:50:29.748] [nas] [error] PLMN selection failure, no cells in coverage
[2023-01-10 08:50:49.750] [rrc] [warning] Acceptable cell selection failed, no cell is in coverage
[2023-01-10 08:50:49.750] [rrc] [error] Cell selection failure, no suitable or acceptable cell found
[2023-01-10 08:51:00.578] [nas] [error] PLMN selection failure, no cells in coverage
[2023-01-10 08:51:19.762] [rrc] [warning] Acceptable cell selection failed, no cell is in coverage
[2023-01-10 08:51:19.762] [rrc] [error] Cell selection failure, no suitable or acceptable cell found
[2023-01-10 08:51:31.406] [nas] [error] PLMN selection failure, no cells in coverage
[2023-01-10 08:51:49.774] [rrc] [warning] Acceptable cell selection failed, no cell is in coverage
[2023-01-10 08:51:49.774] [rrc] [error] Cell selection failure, no suitable or acceptable cell found
[2023-01-10 08:52:02.235] [nas] [error] PLMN selection failure, no cells in coverage
[2023-01-10 08:52:19.786] [rrc] [warning] Acceptable cell selection failed, no cell is in coverage
[2023-01-10 08:52:19.786] [rrc] [error] Cell selection failure, no suitable or acceptable cell found
[2023-01-10 08:52:33.065] [nas] [error] PLMN selection failure, no cells in coverage
[2023-01-10 08:52:49.798] [rrc] [warning] Acceptable cell selection failed, no cell is in coverage
[2023-01-10 08:52:49.798] [rrc] [error] Cell selection failure, no suitable or acceptable cell found
[2023-01-10 08:53:03.893] [nas] [error] PLMN selection failure, no cells in coverage
[2023-01-10 08:53:19.810] [rrc] [warning] Acceptable cell selection failed, no cell is in coverage
[2023-01-10 08:53:19.810] [rrc] [error] Cell selection failure, no suitable or acceptable cell found
[2023-01-10 08:53:34.722] [nas] [error] PLMN selection failure, no cells in coverage
[2023-01-10 08:53:49.822] [rrc] [warning] Acceptable cell selection failed, no cell is in coverage
[2023-01-10 08:53:49.822] [rrc] [error] Cell selection failure, no suitable or acceptable cell found
[2023-01-10 08:54:05.550] [nas] [error] PLMN selection failure, no cells in coverage
[2023-01-10 08:54:19.834] [rrc] [warning] Acceptable cell selection failed, no cell is in coverage
[2023-01-10 08:54:19.834] [rrc] [error] Cell selection failure, no suitable or acceptable cell found
[2023-01-10 08:54:36.378] [nas] [error] PLMN selection failure, no cells in coverage
[2023-01-10 08:54:49.846] [rrc] [warning] Acceptable cell selection failed, no cell is in coverage
[2023-01-10 08:54:49.846] [rrc] [error] Cell selection failure, no suitable or acceptable cell found
[2023-01-10 08:55:07.207] [nas] [error] PLMN selection failure, no cells in coverage
[2023-01-10 08:55:19.859] [rrc] [warning] Acceptable cell selection failed, no cell is in coverage
[2023-01-10 08:55:19.859] [rrc] [error] Cell selection failure, no suitable or acceptable cell found
[2023-01-10 08:55:38.037] [nas] [error] PLMN selection failure, no cells in coverage
[2023-01-10 08:55:49.871] [rrc] [warning] Acceptable cell selection failed, no cell is in coverage
[2023-01-10 08:55:49.871] [rrc] [error] Cell selection failure, no suitable or acceptable cell found
[2023-01-10 08:56:08.865] [nas] [error] PLMN selection failure, no cells in coverage
[2023-01-10 08:56:19.883] [rrc] [warning] Acceptable cell selection failed, no cell is in coverage
[2023-01-10 08:56:19.883] [rrc] [error] Cell selection failure, no suitable or acceptable cell found
[2023-01-10 08:56:39.693] [nas] [error] PLMN selection failure, no cells in coverage
[2023-01-10 08:56:49.895] [rrc] [warning] Acceptable cell selection failed, no cell is in coverage
[2023-01-10 08:56:49.895] [rrc] [error] Cell selection failure, no suitable or acceptable cell found
[2023-01-10 08:57:10.521] [nas] [error] PLMN selection failure, no cells in coverage
[2023-01-10 08:57:19.907] [rrc] [warning] Acceptable cell selection failed, no cell is in coverage
[2023-01-10 08:57:19.907] [rrc] [error] Cell selection failure, no suitable or acceptable cell found
[2023-01-10 08:57:41.349] [nas] [error] PLMN selection failure, no cells in coverage
[2023-01-10 08:57:49.920] [rrc] [warning] Acceptable cell selection failed, no cell is in coverage
[2023-01-10 08:57:49.920] [rrc] [error] Cell selection failure, no suitable or acceptable cell found
[2023-01-10 08:58:12.177] [nas] [error] PLMN selection failure, no cells in coverage
[2023-01-10 08:58:19.932] [rrc] [warning] Acceptable cell selection failed, no cell is in coverage
[2023-01-10 08:58:19.932] [rrc] [error] Cell selection failure, no suitable or acceptable cell found
[2023-01-10 08:58:43.006] [nas] [error] PLMN selection failure, no cells in coverage
[2023-01-10 08:58:49.944] [rrc] [warning] Acceptable cell selection failed, no cell is in coverage
[2023-01-10 08:58:49.944] [rrc] [error] Cell selection failure, no suitable or acceptable cell found
[2023-01-10 08:59:13.834] [nas] [error] PLMN selection failure, no cells in coverage
[2023-01-10 08:59:19.956] [rrc] [warning] Acceptable cell selection failed, no cell is in coverage
[2023-01-10 08:59:19.956] [rrc] [error] Cell selection failure, no suitable or acceptable cell found
[2023-01-10 08:59:44.663] [nas] [error] PLMN selection failure, no cells in coverage
[2023-01-10 08:59:49.968] [rrc] [warning] Acceptable cell selection failed, no cell is in coverage
[2023-01-10 08:59:49.968] [rrc] [error] Cell selection failure, no suitable or acceptable cell found
[2023-01-10 09:00:15.491] [nas] [error] PLMN selection failure, no cells in coverage
[2023-01-10 09:00:19.980] [rrc] [warning] Acceptable cell selection failed, no cell is in coverage
[2023-01-10 09:00:19.980] [rrc] [error] Cell selection failure, no suitable or acceptable cell found
[2023-01-10 09:00:46.319] [nas] [error] PLMN selection failure, no cells in coverage
[2023-01-10 09:00:49.992] [rrc] [warning] Acceptable cell selection failed, no cell is in coverage
[2023-01-10 09:00:49.992] [rrc] [error] Cell selection failure, no suitable or acceptable cell found
[2023-01-10 09:01:17.147] [nas] [error] PLMN selection failure, no cells in coverage
[2023-01-10 09:01:20.004] [rrc] [warning] Acceptable cell selection failed, no cell is in coverage
[2023-01-10 09:01:20.004] [rrc] [error] Cell selection failure, no suitable or acceptable cell found
[2023-01-10 09:01:47.975] [nas] [error] PLMN selection failure, no cells in coverage
[2023-01-10 09:01:50.016] [rrc] [warning] Acceptable cell selection failed, no cell is in coverage
[2023-01-10 09:01:50.016] [rrc] [error] Cell selection failure, no suitable or acceptable cell found
[2023-01-10 09:02:18.803] [nas] [error] PLMN selection failure, no cells in coverage
[2023-01-10 09:02:20.029] [rrc] [warning] Acceptable cell selection failed, no cell is in coverage
[2023-01-10 09:02:20.029] [rrc] [error] Cell selection failure, no suitable or acceptable cell found
[2023-01-10 09:02:49.631] [nas] [error] PLMN selection failure, no cells in coverage
[2023-01-10 09:02:50.041] [rrc] [warning] Acceptable cell selection failed, no cell is in coverage
[2023-01-10 09:02:50.041] [rrc] [error] Cell selection failure, no suitable or acceptable cell found
[2023-01-10 09:03:20.053] [rrc] [warning] Acceptable cell selection failed, no cell is in coverage
[2023-01-10 09:03:20.053] [rrc] [error] Cell selection failure, no suitable or acceptable cell found
[2023-01-10 09:03:20.459] [nas] [error] PLMN selection failure, no cells in coverage
[2023-01-10 09:03:50.065] [rrc] [warning] Acceptable cell selection failed, no cell is in coverage
[2023-01-10 09:03:50.065] [rrc] [error] Cell selection failure, no suitable or acceptable cell found
[2023-01-10 09:03:51.287] [nas] [error] PLMN selection failure, no cells in coverage
[2023-01-10 09:04:20.077] [rrc] [warning] Acceptable cell selection failed, no cell is in coverage
[2023-01-10 09:04:20.078] [rrc] [error] Cell selection failure, no suitable or acceptable cell found
[2023-01-10 09:04:22.115] [nas] [error] PLMN selection failure, no cells in coverage
[2023-01-10 09:04:50.089] [rrc] [warning] Acceptable cell selection failed, no cell is in coverage
[2023-01-10 09:04:50.089] [rrc] [error] Cell selection failure, no suitable or acceptable cell found
[2023-01-10 09:04:52.944] [nas] [error] PLMN selection failure, no cells in coverage
[2023-01-10 09:05:20.101] [rrc] [warning] Acceptable cell selection failed, no cell is in coverage
[2023-01-10 09:05:20.101] [rrc] [error] Cell selection failure, no suitable or acceptable cell found
[2023-01-10 09:05:23.772] [nas] [error] PLMN selection failure, no cells in coverage
[2023-01-10 09:05:50.113] [rrc] [warning] Acceptable cell selection failed, no cell is in coverage
[2023-01-10 09:05:50.113] [rrc] [error] Cell selection failure, no suitable or acceptable cell found
[2023-01-10 09:05:54.600] [nas] [error] PLMN selection failure, no cells in coverage
[2023-01-10 09:06:20.125] [rrc] [warning] Acceptable cell selection failed, no cell is in coverage
[2023-01-10 09:06:20.125] [rrc] [error] Cell selection failure, no suitable or acceptable cell found
[2023-01-10 09:06:25.429] [nas] [error] PLMN selection failure, no cells in coverage
[2023-01-10 09:06:50.137] [rrc] [warning] Acceptable cell selection failed, no cell is in coverage
[2023-01-10 09:06:50.137] [rrc] [error] Cell selection failure, no suitable or acceptable cell found
