UERANSIM v3.2.6
[2023-01-10 08:43:18.550] [nas] [info] UE switches to state [MM-DEREGISTERED/PLMN-SEARCH]
[2023-01-10 08:43:18.551] [rrc] [debug] New signal detected for cell[1], total [1] cells in coverage
[2023-01-10 08:43:18.551] [nas] [info] Selected plmn[208/93]
[2023-01-10 08:43:18.551] [rrc] [info] Selected cell plmn[208/93] tac[1] category[SUITABLE]
[2023-01-10 08:43:18.551] [nas] [info] UE switches to state [MM-DEREGISTERED/PS]
[2023-01-10 08:43:18.551] [nas] [info] UE switches to state [MM-DEREGISTERED/NORMAL-SERVICE]
[2023-01-10 08:43:18.551] [nas] [debug] Initial registration required due to [MM-DEREG-NORMAL-SERVICE]
[2023-01-10 08:43:18.551] [nas] [debug] UAC access attempt is allowed for identity[0], category[MO_sig]
[2023-01-10 08:43:18.551] [nas] [debug] Sending Initial Registration
[2023-01-10 08:43:18.551] [nas] [info] UE switches to state [MM-REGISTER-INITIATED]
[2023-01-10 08:43:18.551] [rrc] [debug] Sending RRC Setup Request
[2023-01-10 08:43:18.553] [rrc] [info] RRC connection established
[2023-01-10 08:43:18.553] [rrc] [info] UE switches to state [RRC-CONNECTED]
[2023-01-10 08:43:18.554] [nas] [info] UE switches to state [CM-CONNECTED]
[2023-01-10 08:43:18.573] [nas] [debug] Authentication Request received
[2023-01-10 08:43:18.573] [nas] [debug] Sending Authentication Failure due to SQN out of range
[2023-01-10 08:43:18.582] [nas] [debug] Authentication Request received
[2023-01-10 08:43:18.592] [nas] [debug] Security Mode Command received
[2023-01-10 08:43:18.592] [nas] [debug] Selected integrity[2] ciphering[0]
[2023-01-10 08:43:18.621] [nas] [debug] Registration accept received
[2023-01-10 08:43:18.621] [nas] [info] UE switches to state [MM-REGISTERED/NORMAL-SERVICE]
[2023-01-10 08:43:18.621] [nas] [debug] Sending Registration Complete
[2023-01-10 08:43:18.621] [nas] [info] Initial Registration is successful
[2023-01-10 08:43:18.621] [nas] [debug] Sending PDU Session Establishment Request
[2023-01-10 08:43:18.623] [nas] [debug] UAC access attempt is allowed for identity[0], category[MO_sig]
[2023-01-10 08:43:18.860] [nas] [debug] PDU Session Establishment Accept received
[2023-01-10 08:43:18.860] [nas] [info] PDU Session establishment is successful PSI[1]
[2023-01-10 08:43:18.872] [app] [info] Connection setup for PDU session[1] is successful, TUN interface[uesimtun12, 10.60.0.17] is up.
[2023-01-10 08:46:15.429] [nas] [debug] Sending PDU Session Establishment Request
[2023-01-10 08:46:15.539] [nas] [error] No response from RRC from UAC checks, considering access attempt is barred
[2023-01-10 08:46:15.868] [nas] [debug] Sending PDU Session Establishment Request
[2023-01-10 08:46:15.973] [nas] [error] No response from RRC from UAC checks, considering access attempt is barred
[2023-01-10 08:46:16.244] [nas] [debug] De-registration required due to [NORMAL]
[2023-01-10 08:46:16.253] [nas] [debug] Starting de-registration procedure due to [NORMAL]
[2023-01-10 08:46:16.253] [nas] [debug] Performing local release of PDU session[1]
[2023-01-10 08:46:16.254] [nas] [info] UE switches to state [MM-DEREGISTER-INITIATED]
[2023-01-10 08:46:16.613] [nas] [debug] De-registration accept received
[2023-01-10 08:46:16.613] [nas] [info] UE switches to state [MM-DEREGISTERED/PS]
[2023-01-10 08:46:16.613] [nas] [info] De-registration is successful
[2023-01-10 08:46:16.613] [nas] [info] UE switches to state [MM-DEREGISTERED/NORMAL-SERVICE]
[2023-01-10 08:46:16.613] [nas] [debug] Initial registration required due to [MM-DEREG-NORMAL-SERVICE]
[2023-01-10 08:46:16.613] [nas] [debug] Sending Initial Registration
[2023-01-10 08:46:16.613] [nas] [debug] Deleting NAS security context
[2023-01-10 08:46:16.613] [nas] [info] UE switches to state [MM-REGISTER-INITIATED]
[2023-01-10 08:46:16.613] [rrc] [debug] RRC Release received
[2023-01-10 08:46:16.613] [nas] [info] UE switches to state [CM-IDLE]
[2023-01-10 08:46:16.613] [nas] [info] UE switches to state [MM-DEREGISTERED/PS]
[2023-01-10 08:46:16.613] [nas] [info] UE switches to state [5U2-NOT-UPDATED]
[2023-01-10 08:46:16.613] [nas] [info] UE switches to state [MM-DEREGISTERED/ATTEMPTING-REGISTRATION]
[2023-01-10 08:46:18.021] [rrc] [debug] Signal lost for cell[1], total [0] cells in coverage
[2023-01-10 08:46:18.021] [nas] [info] UE switches to state [MM-DEREGISTERED/PS]
[2023-01-10 08:46:18.021] [nas] [info] UE switches to state [MM-DEREGISTERED/PLMN-SEARCH]
[2023-01-10 08:46:18.021] [nas] [error] PLMN selection failure, no cells in coverage
[2023-01-10 08:46:18.622] [rrc] [warning] Acceptable cell selection failed, no cell is in coverage
[2023-01-10 08:46:18.622] [rrc] [error] Cell selection failure, no suitable or acceptable cell found
[2023-01-10 08:46:20.214] [nas] [error] PLMN selection failure, no cells in coverage
[2023-01-10 08:46:22.416] [nas] [error] PLMN selection failure, no cells in coverage
[2023-01-10 08:46:23.517] [nas] [info] UE switches to state [MM-DEREGISTERED/NO-CELL-AVAILABLE]
[2023-01-10 08:46:31.754] [nas] [warning] Retransmitting PDU Session Establishment Request due to T3580 expiry
[2023-01-10 08:46:31.756] [nas] [error] UAC access attempt is barred for identity[0], category[MO_sig]
[2023-01-10 08:46:32.755] [nas] [warning] Retransmitting PDU Session Establishment Request due to T3580 expiry
[2023-01-10 08:46:32.755] [nas] [error] UAC access attempt is barred for identity[0], category[MO_sig]
[2023-01-10 08:46:47.770] [nas] [warning] Retransmitting PDU Session Establishment Request due to T3580 expiry
[2023-01-10 08:46:47.772] [nas] [error] UAC access attempt is barred for identity[0], category[MO_sig]
[2023-01-10 08:46:48.634] [rrc] [warning] Acceptable cell selection failed, no cell is in coverage
[2023-01-10 08:46:48.634] [rrc] [error] Cell selection failure, no suitable or acceptable cell found
[2023-01-10 08:46:48.771] [nas] [warning] Retransmitting PDU Session Establishment Request due to T3580 expiry
[2023-01-10 08:46:48.772] [nas] [error] UAC access attempt is barred for identity[0], category[MO_sig]
[2023-01-10 08:46:53.246] [nas] [error] PLMN selection failure, no cells in coverage
[2023-01-10 08:47:03.787] [nas] [warning] Retransmitting PDU Session Establishment Request due to T3580 expiry
[2023-01-10 08:47:03.790] [nas] [error] UAC access attempt is barred for identity[0], category[MO_sig]
[2023-01-10 08:47:04.788] [nas] [warning] Retransmitting PDU Session Establishment Request due to T3580 expiry
[2023-01-10 08:47:04.790] [nas] [error] UAC access attempt is barred for identity[0], category[MO_sig]
[2023-01-10 08:47:18.646] [rrc] [warning] Acceptable cell selection failed, no cell is in coverage
[2023-01-10 08:47:18.646] [rrc] [error] Cell selection failure, no suitable or acceptable cell found
[2023-01-10 08:47:19.803] [nas] [warning] Retransmitting PDU Session Establishment Request due to T3580 expiry
[2023-01-10 08:47:19.805] [nas] [error] UAC access attempt is barred for identity[0], category[MO_sig]
[2023-01-10 08:47:20.804] [nas] [warning] Retransmitting PDU Session Establishment Request due to T3580 expiry
[2023-01-10 08:47:20.804] [nas] [error] UAC access attempt is barred for identity[0], category[MO_sig]
[2023-01-10 08:47:24.075] [nas] [error] PLMN selection failure, no cells in coverage
[2023-01-10 08:47:35.820] [nas] [error] PDU Session Establishment procedure failure, no response from the network after 5 attempts
[2023-01-10 08:47:35.820] [nas] [debug] Aborting SM procedure for PTI[1], PSI[2]
[2023-01-10 08:47:36.821] [nas] [error] PDU Session Establishment procedure failure, no response from the network after 5 attempts
[2023-01-10 08:47:36.821] [nas] [debug] Aborting SM procedure for PTI[2], PSI[3]
[2023-01-10 08:47:48.658] [rrc] [warning] Acceptable cell selection failed, no cell is in coverage
[2023-01-10 08:47:48.658] [rrc] [error] Cell selection failure, no suitable or acceptable cell found
[2023-01-10 08:47:54.903] [nas] [error] PLMN selection failure, no cells in coverage
[2023-01-10 08:48:16.550] [nas] [debug] De-registration required due to [NORMAL]
[2023-01-10 08:48:18.670] [rrc] [warning] Acceptable cell selection failed, no cell is in coverage
[2023-01-10 08:48:18.670] [rrc] [error] Cell selection failure, no suitable or acceptable cell found
[2023-01-10 08:48:25.731] [nas] [error] PLMN selection failure, no cells in coverage
[2023-01-10 08:48:48.682] [rrc] [warning] Acceptable cell selection failed, no cell is in coverage
[2023-01-10 08:48:48.682] [rrc] [error] Cell selection failure, no suitable or acceptable cell found
[2023-01-10 08:48:56.559] [nas] [error] PLMN selection failure, no cells in coverage
[2023-01-10 08:49:18.694] [rrc] [warning] Acceptable cell selection failed, no cell is in coverage
[2023-01-10 08:49:18.694] [rrc] [error] Cell selection failure, no suitable or acceptable cell found
[2023-01-10 08:49:27.387] [nas] [error] PLMN selection failure, no cells in coverage
[2023-01-10 08:49:48.706] [rrc] [warning] Acceptable cell selection failed, no cell is in coverage
[2023-01-10 08:49:48.706] [rrc] [error] Cell selection failure, no suitable or acceptable cell found
[2023-01-10 08:49:58.215] [nas] [error] PLMN selection failure, no cells in coverage
[2023-01-10 08:50:18.718] [rrc] [warning] Acceptable cell selection failed, no cell is in coverage
[2023-01-10 08:50:18.718] [rrc] [error] Cell selection failure, no suitable or acceptable cell found
[2023-01-10 08:50:29.043] [nas] [error] PLMN selection failure, no cells in coverage
[2023-01-10 08:50:48.730] [rrc] [warning] Acceptable cell selection failed, no cell is in coverage
[2023-01-10 08:50:48.730] [rrc] [error] Cell selection failure, no suitable or acceptable cell found
[2023-01-10 08:50:59.871] [nas] [error] PLMN selection failure, no cells in coverage
[2023-01-10 08:51:18.742] [rrc] [warning] Acceptable cell selection failed, no cell is in coverage
[2023-01-10 08:51:18.742] [rrc] [error] Cell selection failure, no suitable or acceptable cell found
[2023-01-10 08:51:30.699] [nas] [error] PLMN selection failure, no cells in coverage
[2023-01-10 08:51:48.754] [rrc] [warning] Acceptable cell selection failed, no cell is in coverage
[2023-01-10 08:51:48.754] [rrc] [error] Cell selection failure, no suitable or acceptable cell found
[2023-01-10 08:52:01.527] [nas] [error] PLMN selection failure, no cells in coverage
[2023-01-10 08:52:18.766] [rrc] [warning] Acceptable cell selection failed, no cell is in coverage
[2023-01-10 08:52:18.766] [rrc] [error] Cell selection failure, no suitable or acceptable cell found
[2023-01-10 08:52:32.355] [nas] [error] PLMN selection failure, no cells in coverage
[2023-01-10 08:52:48.778] [rrc] [warning] Acceptable cell selection failed, no cell is in coverage
[2023-01-10 08:52:48.778] [rrc] [error] Cell selection failure, no suitable or acceptable cell found
[2023-01-10 08:53:03.184] [nas] [error] PLMN selection failure, no cells in coverage
[2023-01-10 08:53:18.790] [rrc] [warning] Acceptable cell selection failed, no cell is in coverage
[2023-01-10 08:53:18.790] [rrc] [error] Cell selection failure, no suitable or acceptable cell found
[2023-01-10 08:53:34.012] [nas] [error] PLMN selection failure, no cells in coverage
[2023-01-10 08:53:48.802] [rrc] [warning] Acceptable cell selection failed, no cell is in coverage
[2023-01-10 08:53:48.802] [rrc] [error] Cell selection failure, no suitable or acceptable cell found
[2023-01-10 08:54:04.840] [nas] [error] PLMN selection failure, no cells in coverage
[2023-01-10 08:54:18.814] [rrc] [warning] Acceptable cell selection failed, no cell is in coverage
[2023-01-10 08:54:18.814] [rrc] [error] Cell selection failure, no suitable or acceptable cell found
[2023-01-10 08:54:35.668] [nas] [error] PLMN selection failure, no cells in coverage
[2023-01-10 08:54:48.826] [rrc] [warning] Acceptable cell selection failed, no cell is in coverage
[2023-01-10 08:54:48.826] [rrc] [error] Cell selection failure, no suitable or acceptable cell found
[2023-01-10 08:55:06.496] [nas] [error] PLMN selection failure, no cells in coverage
[2023-01-10 08:55:18.838] [rrc] [warning] Acceptable cell selection failed, no cell is in coverage
[2023-01-10 08:55:18.838] [rrc] [error] Cell selection failure, no suitable or acceptable cell found
[2023-01-10 08:55:37.324] [nas] [error] PLMN selection failure, no cells in coverage
[2023-01-10 08:55:48.850] [rrc] [warning] Acceptable cell selection failed, no cell is in coverage
[2023-01-10 08:55:48.850] [rrc] [error] Cell selection failure, no suitable or acceptable cell found
[2023-01-10 08:56:08.152] [nas] [error] PLMN selection failure, no cells in coverage
[2023-01-10 08:56:18.862] [rrc] [warning] Acceptable cell selection failed, no cell is in coverage
[2023-01-10 08:56:18.862] [rrc] [error] Cell selection failure, no suitable or acceptable cell found
[2023-01-10 08:56:38.980] [nas] [error] PLMN selection failure, no cells in coverage
[2023-01-10 08:56:48.874] [rrc] [warning] Acceptable cell selection failed, no cell is in coverage
[2023-01-10 08:56:48.874] [rrc] [error] Cell selection failure, no suitable or acceptable cell found
[2023-01-10 08:57:09.808] [nas] [error] PLMN selection failure, no cells in coverage
[2023-01-10 08:57:18.886] [rrc] [warning] Acceptable cell selection failed, no cell is in coverage
[2023-01-10 08:57:18.886] [rrc] [error] Cell selection failure, no suitable or acceptable cell found
[2023-01-10 08:57:40.636] [nas] [error] PLMN selection failure, no cells in coverage
[2023-01-10 08:57:48.898] [rrc] [warning] Acceptable cell selection failed, no cell is in coverage
[2023-01-10 08:57:48.898] [rrc] [error] Cell selection failure, no suitable or acceptable cell found
[2023-01-10 08:58:11.465] [nas] [error] PLMN selection failure, no cells in coverage
[2023-01-10 08:58:18.910] [rrc] [warning] Acceptable cell selection failed, no cell is in coverage
[2023-01-10 08:58:18.910] [rrc] [error] Cell selection failure, no suitable or acceptable cell found
[2023-01-10 08:58:42.293] [nas] [error] PLMN selection failure, no cells in coverage
[2023-01-10 08:58:48.923] [rrc] [warning] Acceptable cell selection failed, no cell is in coverage
[2023-01-10 08:58:48.923] [rrc] [error] Cell selection failure, no suitable or acceptable cell found
[2023-01-10 08:59:13.121] [nas] [error] PLMN selection failure, no cells in coverage
[2023-01-10 08:59:18.936] [rrc] [warning] Acceptable cell selection failed, no cell is in coverage
[2023-01-10 08:59:18.936] [rrc] [error] Cell selection failure, no suitable or acceptable cell found
[2023-01-10 08:59:43.949] [nas] [error] PLMN selection failure, no cells in coverage
[2023-01-10 08:59:48.948] [rrc] [warning] Acceptable cell selection failed, no cell is in coverage
[2023-01-10 08:59:48.948] [rrc] [error] Cell selection failure, no suitable or acceptable cell found
[2023-01-10 09:00:14.777] [nas] [error] PLMN selection failure, no cells in coverage
[2023-01-10 09:00:18.960] [rrc] [warning] Acceptable cell selection failed, no cell is in coverage
[2023-01-10 09:00:18.960] [rrc] [error] Cell selection failure, no suitable or acceptable cell found
[2023-01-10 09:00:45.605] [nas] [error] PLMN selection failure, no cells in coverage
[2023-01-10 09:00:48.972] [rrc] [warning] Acceptable cell selection failed, no cell is in coverage
[2023-01-10 09:00:48.972] [rrc] [error] Cell selection failure, no suitable or acceptable cell found
[2023-01-10 09:01:16.433] [nas] [error] PLMN selection failure, no cells in coverage
[2023-01-10 09:01:18.984] [rrc] [warning] Acceptable cell selection failed, no cell is in coverage
[2023-01-10 09:01:18.984] [rrc] [error] Cell selection failure, no suitable or acceptable cell found
[2023-01-10 09:01:47.261] [nas] [error] PLMN selection failure, no cells in coverage
[2023-01-10 09:01:48.996] [rrc] [warning] Acceptable cell selection failed, no cell is in coverage
[2023-01-10 09:01:48.996] [rrc] [error] Cell selection failure, no suitable or acceptable cell found
[2023-01-10 09:02:18.091] [nas] [error] PLMN selection failure, no cells in coverage
[2023-01-10 09:02:19.008] [rrc] [warning] Acceptable cell selection failed, no cell is in coverage
[2023-01-10 09:02:19.008] [rrc] [error] Cell selection failure, no suitable or acceptable cell found
[2023-01-10 09:02:48.919] [nas] [error] PLMN selection failure, no cells in coverage
[2023-01-10 09:02:49.020] [rrc] [warning] Acceptable cell selection failed, no cell is in coverage
[2023-01-10 09:02:49.020] [rrc] [error] Cell selection failure, no suitable or acceptable cell found
[2023-01-10 09:03:19.032] [rrc] [warning] Acceptable cell selection failed, no cell is in coverage
[2023-01-10 09:03:19.032] [rrc] [error] Cell selection failure, no suitable or acceptable cell found
[2023-01-10 09:03:19.747] [nas] [error] PLMN selection failure, no cells in coverage
[2023-01-10 09:03:49.044] [rrc] [warning] Acceptable cell selection failed, no cell is in coverage
[2023-01-10 09:03:49.044] [rrc] [error] Cell selection failure, no suitable or acceptable cell found
[2023-01-10 09:03:50.575] [nas] [error] PLMN selection failure, no cells in coverage
[2023-01-10 09:04:19.056] [rrc] [warning] Acceptable cell selection failed, no cell is in coverage
[2023-01-10 09:04:19.056] [rrc] [error] Cell selection failure, no suitable or acceptable cell found
[2023-01-10 09:04:21.404] [nas] [error] PLMN selection failure, no cells in coverage
[2023-01-10 09:04:49.068] [rrc] [warning] Acceptable cell selection failed, no cell is in coverage
[2023-01-10 09:04:49.068] [rrc] [error] Cell selection failure, no suitable or acceptable cell found
[2023-01-10 09:04:52.232] [nas] [error] PLMN selection failure, no cells in coverage
[2023-01-10 09:05:19.080] [rrc] [warning] Acceptable cell selection failed, no cell is in coverage
[2023-01-10 09:05:19.080] [rrc] [error] Cell selection failure, no suitable or acceptable cell found
[2023-01-10 09:05:23.061] [nas] [error] PLMN selection failure, no cells in coverage
[2023-01-10 09:05:49.092] [rrc] [warning] Acceptable cell selection failed, no cell is in coverage
[2023-01-10 09:05:49.092] [rrc] [error] Cell selection failure, no suitable or acceptable cell found
[2023-01-10 09:05:53.889] [nas] [error] PLMN selection failure, no cells in coverage
[2023-01-10 09:06:19.104] [rrc] [warning] Acceptable cell selection failed, no cell is in coverage
[2023-01-10 09:06:19.104] [rrc] [error] Cell selection failure, no suitable or acceptable cell found
[2023-01-10 09:06:24.717] [nas] [error] PLMN selection failure, no cells in coverage
[2023-01-10 09:06:49.116] [rrc] [warning] Acceptable cell selection failed, no cell is in coverage
[2023-01-10 09:06:49.116] [rrc] [error] Cell selection failure, no suitable or acceptable cell found
[2023-01-10 09:06:55.545] [nas] [error] PLMN selection failure, no cells in coverage
