UERANSIM v3.2.6
[2023-01-10 08:44:28.619] [nas] [info] UE switches to state [MM-DEREGISTERED/PLMN-SEARCH]
[2023-01-10 08:44:28.622] [rrc] [debug] New signal detected for cell[1], total [1] cells in coverage
[2023-01-10 08:44:28.623] [nas] [info] Selected plmn[208/93]
[2023-01-10 08:44:28.623] [rrc] [info] Selected cell plmn[208/93] tac[1] category[SUITABLE]
[2023-01-10 08:44:28.623] [nas] [info] UE switches to state [MM-DEREGISTERED/PS]
[2023-01-10 08:44:28.623] [nas] [info] UE switches to state [MM-DEREGISTERED/NORMAL-SERVICE]
[2023-01-10 08:44:28.623] [nas] [debug] Initial registration required due to [MM-DEREG-NORMAL-SERVICE]
[2023-01-10 08:44:28.623] [nas] [debug] UAC access attempt is allowed for identity[0], category[MO_sig]
[2023-01-10 08:44:28.623] [nas] [debug] Sending Initial Registration
[2023-01-10 08:44:28.623] [nas] [info] UE switches to state [MM-REGISTER-INITIATED]
[2023-01-10 08:44:28.623] [rrc] [debug] Sending RRC Setup Request
[2023-01-10 08:44:28.624] [rrc] [info] RRC connection established
[2023-01-10 08:44:28.624] [rrc] [info] UE switches to state [RRC-CONNECTED]
[2023-01-10 08:44:28.624] [nas] [info] UE switches to state [CM-CONNECTED]
[2023-01-10 08:44:28.638] [nas] [debug] Authentication Request received
[2023-01-10 08:44:28.638] [nas] [debug] Sending Authentication Failure due to SQN out of range
[2023-01-10 08:44:28.649] [nas] [debug] Authentication Request received
[2023-01-10 08:44:28.657] [nas] [debug] Security Mode Command received
[2023-01-10 08:44:28.657] [nas] [debug] Selected integrity[2] ciphering[0]
[2023-01-10 08:44:28.683] [nas] [debug] Registration accept received
[2023-01-10 08:44:28.683] [nas] [info] UE switches to state [MM-REGISTERED/NORMAL-SERVICE]
[2023-01-10 08:44:28.683] [nas] [debug] Sending Registration Complete
[2023-01-10 08:44:28.683] [nas] [info] Initial Registration is successful
[2023-01-10 08:44:28.683] [nas] [debug] Sending PDU Session Establishment Request
[2023-01-10 08:44:28.685] [nas] [debug] UAC access attempt is allowed for identity[0], category[MO_sig]
[2023-01-10 08:44:28.922] [nas] [debug] PDU Session Establishment Accept received
[2023-01-10 08:44:28.922] [nas] [info] PDU Session establishment is successful PSI[1]
[2023-01-10 08:44:28.942] [app] [info] Connection setup for PDU session[1] is successful, TUN interface[uesimtun47, 10.60.0.52] is up.
[2023-01-10 08:46:17.280] [nas] [debug] De-registration required due to [NORMAL]
[2023-01-10 08:46:17.290] [nas] [debug] Starting de-registration procedure due to [NORMAL]
[2023-01-10 08:46:17.290] [nas] [debug] Performing local release of PDU session[1]
[2023-01-10 08:46:17.290] [nas] [info] UE switches to state [MM-DEREGISTER-INITIATED]
[2023-01-10 08:46:17.503] [nas] [debug] De-registration required due to [NORMAL]
[2023-01-10 08:46:18.912] [rrc] [debug] Signal lost for cell[1], total [0] cells in coverage
[2023-01-10 08:46:18.912] [nas] [error] Radio link failure detected
[2023-01-10 08:46:18.912] [nas] [info] UE switches to state [CM-IDLE]
[2023-01-10 08:46:18.912] [nas] [info] UE switches to state [MM-DEREGISTERED/PS]
[2023-01-10 08:46:18.912] [nas] [info] UE switches to state [MM-DEREGISTERED/PLMN-SEARCH]
[2023-01-10 08:46:18.912] [nas] [error] PLMN selection failure, no cells in coverage
[2023-01-10 08:46:20.925] [nas] [error] PLMN selection failure, no cells in coverage
[2023-01-10 08:46:21.164] [rrc] [warning] Acceptable cell selection failed, no cell is in coverage
[2023-01-10 08:46:21.164] [rrc] [error] Cell selection failure, no suitable or acceptable cell found
[2023-01-10 08:46:23.127] [nas] [error] PLMN selection failure, no cells in coverage
[2023-01-10 08:46:24.228] [nas] [info] UE switches to state [MM-DEREGISTERED/NO-CELL-AVAILABLE]
[2023-01-10 08:46:51.176] [rrc] [warning] Acceptable cell selection failed, no cell is in coverage
[2023-01-10 08:46:51.176] [rrc] [error] Cell selection failure, no suitable or acceptable cell found
[2023-01-10 08:46:53.956] [nas] [error] PLMN selection failure, no cells in coverage
[2023-01-10 08:47:21.188] [rrc] [warning] Acceptable cell selection failed, no cell is in coverage
[2023-01-10 08:47:21.188] [rrc] [error] Cell selection failure, no suitable or acceptable cell found
[2023-01-10 08:47:24.786] [nas] [error] PLMN selection failure, no cells in coverage
[2023-01-10 08:47:51.201] [rrc] [warning] Acceptable cell selection failed, no cell is in coverage
[2023-01-10 08:47:51.201] [rrc] [error] Cell selection failure, no suitable or acceptable cell found
[2023-01-10 08:47:55.614] [nas] [error] PLMN selection failure, no cells in coverage
[2023-01-10 08:48:17.825] [nas] [debug] De-registration required due to [NORMAL]
[2023-01-10 08:48:21.213] [rrc] [warning] Acceptable cell selection failed, no cell is in coverage
[2023-01-10 08:48:21.213] [rrc] [error] Cell selection failure, no suitable or acceptable cell found
[2023-01-10 08:48:26.442] [nas] [error] PLMN selection failure, no cells in coverage
[2023-01-10 08:48:51.227] [rrc] [warning] Acceptable cell selection failed, no cell is in coverage
[2023-01-10 08:48:51.227] [rrc] [error] Cell selection failure, no suitable or acceptable cell found
[2023-01-10 08:48:57.270] [nas] [error] PLMN selection failure, no cells in coverage
[2023-01-10 08:49:21.239] [rrc] [warning] Acceptable cell selection failed, no cell is in coverage
[2023-01-10 08:49:21.239] [rrc] [error] Cell selection failure, no suitable or acceptable cell found
[2023-01-10 08:49:28.098] [nas] [error] PLMN selection failure, no cells in coverage
[2023-01-10 08:49:51.251] [rrc] [warning] Acceptable cell selection failed, no cell is in coverage
[2023-01-10 08:49:51.251] [rrc] [error] Cell selection failure, no suitable or acceptable cell found
[2023-01-10 08:49:58.926] [nas] [error] PLMN selection failure, no cells in coverage
[2023-01-10 08:50:21.263] [rrc] [warning] Acceptable cell selection failed, no cell is in coverage
[2023-01-10 08:50:21.263] [rrc] [error] Cell selection failure, no suitable or acceptable cell found
[2023-01-10 08:50:29.754] [nas] [error] PLMN selection failure, no cells in coverage
[2023-01-10 08:50:51.275] [rrc] [warning] Acceptable cell selection failed, no cell is in coverage
[2023-01-10 08:50:51.275] [rrc] [error] Cell selection failure, no suitable or acceptable cell found
[2023-01-10 08:51:00.582] [nas] [error] PLMN selection failure, no cells in coverage
[2023-01-10 08:51:21.287] [rrc] [warning] Acceptable cell selection failed, no cell is in coverage
[2023-01-10 08:51:21.287] [rrc] [error] Cell selection failure, no suitable or acceptable cell found
[2023-01-10 08:51:31.410] [nas] [error] PLMN selection failure, no cells in coverage
[2023-01-10 08:51:51.299] [rrc] [warning] Acceptable cell selection failed, no cell is in coverage
[2023-01-10 08:51:51.299] [rrc] [error] Cell selection failure, no suitable or acceptable cell found
[2023-01-10 08:52:02.238] [nas] [error] PLMN selection failure, no cells in coverage
[2023-01-10 08:52:21.311] [rrc] [warning] Acceptable cell selection failed, no cell is in coverage
[2023-01-10 08:52:21.311] [rrc] [error] Cell selection failure, no suitable or acceptable cell found
[2023-01-10 08:52:33.066] [nas] [error] PLMN selection failure, no cells in coverage
[2023-01-10 08:52:51.323] [rrc] [warning] Acceptable cell selection failed, no cell is in coverage
[2023-01-10 08:52:51.323] [rrc] [error] Cell selection failure, no suitable or acceptable cell found
[2023-01-10 08:53:03.894] [nas] [error] PLMN selection failure, no cells in coverage
[2023-01-10 08:53:21.335] [rrc] [warning] Acceptable cell selection failed, no cell is in coverage
[2023-01-10 08:53:21.335] [rrc] [error] Cell selection failure, no suitable or acceptable cell found
[2023-01-10 08:53:34.722] [nas] [error] PLMN selection failure, no cells in coverage
[2023-01-10 08:53:51.347] [rrc] [warning] Acceptable cell selection failed, no cell is in coverage
[2023-01-10 08:53:51.347] [rrc] [error] Cell selection failure, no suitable or acceptable cell found
[2023-01-10 08:54:05.550] [nas] [error] PLMN selection failure, no cells in coverage
[2023-01-10 08:54:21.359] [rrc] [warning] Acceptable cell selection failed, no cell is in coverage
[2023-01-10 08:54:21.359] [rrc] [error] Cell selection failure, no suitable or acceptable cell found
[2023-01-10 08:54:36.378] [nas] [error] PLMN selection failure, no cells in coverage
[2023-01-10 08:54:51.371] [rrc] [warning] Acceptable cell selection failed, no cell is in coverage
[2023-01-10 08:54:51.371] [rrc] [error] Cell selection failure, no suitable or acceptable cell found
[2023-01-10 08:55:07.207] [nas] [error] PLMN selection failure, no cells in coverage
[2023-01-10 08:55:21.383] [rrc] [warning] Acceptable cell selection failed, no cell is in coverage
[2023-01-10 08:55:21.383] [rrc] [error] Cell selection failure, no suitable or acceptable cell found
[2023-01-10 08:55:38.035] [nas] [error] PLMN selection failure, no cells in coverage
[2023-01-10 08:55:51.395] [rrc] [warning] Acceptable cell selection failed, no cell is in coverage
[2023-01-10 08:55:51.395] [rrc] [error] Cell selection failure, no suitable or acceptable cell found
[2023-01-10 08:56:08.863] [nas] [error] PLMN selection failure, no cells in coverage
[2023-01-10 08:56:21.407] [rrc] [warning] Acceptable cell selection failed, no cell is in coverage
[2023-01-10 08:56:21.407] [rrc] [error] Cell selection failure, no suitable or acceptable cell found
[2023-01-10 08:56:39.691] [nas] [error] PLMN selection failure, no cells in coverage
[2023-01-10 08:56:51.419] [rrc] [warning] Acceptable cell selection failed, no cell is in coverage
[2023-01-10 08:56:51.419] [rrc] [error] Cell selection failure, no suitable or acceptable cell found
[2023-01-10 08:57:10.519] [nas] [error] PLMN selection failure, no cells in coverage
[2023-01-10 08:57:21.431] [rrc] [warning] Acceptable cell selection failed, no cell is in coverage
[2023-01-10 08:57:21.431] [rrc] [error] Cell selection failure, no suitable or acceptable cell found
[2023-01-10 08:57:41.347] [nas] [error] PLMN selection failure, no cells in coverage
[2023-01-10 08:57:51.443] [rrc] [warning] Acceptable cell selection failed, no cell is in coverage
[2023-01-10 08:57:51.443] [rrc] [error] Cell selection failure, no suitable or acceptable cell found
[2023-01-10 08:58:12.175] [nas] [error] PLMN selection failure, no cells in coverage
[2023-01-10 08:58:21.455] [rrc] [warning] Acceptable cell selection failed, no cell is in coverage
[2023-01-10 08:58:21.455] [rrc] [error] Cell selection failure, no suitable or acceptable cell found
[2023-01-10 08:58:43.004] [nas] [error] PLMN selection failure, no cells in coverage
[2023-01-10 08:58:51.467] [rrc] [warning] Acceptable cell selection failed, no cell is in coverage
[2023-01-10 08:58:51.467] [rrc] [error] Cell selection failure, no suitable or acceptable cell found
[2023-01-10 08:59:13.832] [nas] [error] PLMN selection failure, no cells in coverage
[2023-01-10 08:59:21.479] [rrc] [warning] Acceptable cell selection failed, no cell is in coverage
[2023-01-10 08:59:21.479] [rrc] [error] Cell selection failure, no suitable or acceptable cell found
[2023-01-10 08:59:44.660] [nas] [error] PLMN selection failure, no cells in coverage
[2023-01-10 08:59:51.491] [rrc] [warning] Acceptable cell selection failed, no cell is in coverage
[2023-01-10 08:59:51.491] [rrc] [error] Cell selection failure, no suitable or acceptable cell found
[2023-01-10 09:00:15.488] [nas] [error] PLMN selection failure, no cells in coverage
[2023-01-10 09:00:21.503] [rrc] [warning] Acceptable cell selection failed, no cell is in coverage
[2023-01-10 09:00:21.503] [rrc] [error] Cell selection failure, no suitable or acceptable cell found
[2023-01-10 09:00:46.316] [nas] [error] PLMN selection failure, no cells in coverage
[2023-01-10 09:00:51.515] [rrc] [warning] Acceptable cell selection failed, no cell is in coverage
[2023-01-10 09:00:51.515] [rrc] [error] Cell selection failure, no suitable or acceptable cell found
[2023-01-10 09:01:17.144] [nas] [error] PLMN selection failure, no cells in coverage
[2023-01-10 09:01:21.527] [rrc] [warning] Acceptable cell selection failed, no cell is in coverage
[2023-01-10 09:01:21.527] [rrc] [error] Cell selection failure, no suitable or acceptable cell found
[2023-01-10 09:01:47.972] [nas] [error] PLMN selection failure, no cells in coverage
[2023-01-10 09:01:51.539] [rrc] [warning] Acceptable cell selection failed, no cell is in coverage
[2023-01-10 09:01:51.539] [rrc] [error] Cell selection failure, no suitable or acceptable cell found
[2023-01-10 09:02:18.800] [nas] [error] PLMN selection failure, no cells in coverage
[2023-01-10 09:02:21.551] [rrc] [warning] Acceptable cell selection failed, no cell is in coverage
[2023-01-10 09:02:21.551] [rrc] [error] Cell selection failure, no suitable or acceptable cell found
[2023-01-10 09:02:49.629] [nas] [error] PLMN selection failure, no cells in coverage
[2023-01-10 09:02:51.563] [rrc] [warning] Acceptable cell selection failed, no cell is in coverage
[2023-01-10 09:02:51.563] [rrc] [error] Cell selection failure, no suitable or acceptable cell found
[2023-01-10 09:03:20.457] [nas] [error] PLMN selection failure, no cells in coverage
[2023-01-10 09:03:21.575] [rrc] [warning] Acceptable cell selection failed, no cell is in coverage
[2023-01-10 09:03:21.575] [rrc] [error] Cell selection failure, no suitable or acceptable cell found
[2023-01-10 09:03:51.285] [nas] [error] PLMN selection failure, no cells in coverage
[2023-01-10 09:03:51.589] [rrc] [warning] Acceptable cell selection failed, no cell is in coverage
[2023-01-10 09:03:51.589] [rrc] [error] Cell selection failure, no suitable or acceptable cell found
[2023-01-10 09:04:21.601] [rrc] [warning] Acceptable cell selection failed, no cell is in coverage
[2023-01-10 09:04:21.601] [rrc] [error] Cell selection failure, no suitable or acceptable cell found
[2023-01-10 09:04:22.113] [nas] [error] PLMN selection failure, no cells in coverage
[2023-01-10 09:04:51.613] [rrc] [warning] Acceptable cell selection failed, no cell is in coverage
[2023-01-10 09:04:51.613] [rrc] [error] Cell selection failure, no suitable or acceptable cell found
[2023-01-10 09:04:52.941] [nas] [error] PLMN selection failure, no cells in coverage
[2023-01-10 09:05:21.625] [rrc] [warning] Acceptable cell selection failed, no cell is in coverage
[2023-01-10 09:05:21.625] [rrc] [error] Cell selection failure, no suitable or acceptable cell found
[2023-01-10 09:05:23.769] [nas] [error] PLMN selection failure, no cells in coverage
[2023-01-10 09:05:51.637] [rrc] [warning] Acceptable cell selection failed, no cell is in coverage
[2023-01-10 09:05:51.637] [rrc] [error] Cell selection failure, no suitable or acceptable cell found
[2023-01-10 09:05:54.597] [nas] [error] PLMN selection failure, no cells in coverage
[2023-01-10 09:06:21.649] [rrc] [warning] Acceptable cell selection failed, no cell is in coverage
[2023-01-10 09:06:21.649] [rrc] [error] Cell selection failure, no suitable or acceptable cell found
[2023-01-10 09:06:25.426] [nas] [error] PLMN selection failure, no cells in coverage
[2023-01-10 09:06:51.662] [rrc] [warning] Acceptable cell selection failed, no cell is in coverage
[2023-01-10 09:06:51.662] [rrc] [error] Cell selection failure, no suitable or acceptable cell found
