UERANSIM v3.2.6
[2023-01-10 08:43:48.577] [nas] [info] UE switches to state [MM-DEREGISTERED/PLMN-SEARCH]
[2023-01-10 08:43:48.580] [rrc] [debug] New signal detected for cell[1], total [1] cells in coverage
[2023-01-10 08:43:48.580] [nas] [info] Selected plmn[208/93]
[2023-01-10 08:43:51.078] [rrc] [info] Selected cell plmn[208/93] tac[1] category[SUITABLE]
[2023-01-10 08:43:51.078] [nas] [info] UE switches to state [MM-DEREGISTERED/PS]
[2023-01-10 08:43:51.078] [nas] [info] UE switches to state [MM-DEREGISTERED/NORMAL-SERVICE]
[2023-01-10 08:43:51.078] [nas] [debug] Initial registration required due to [MM-DEREG-NORMAL-SERVICE]
[2023-01-10 08:43:51.078] [nas] [debug] UAC access attempt is allowed for identity[0], category[MO_sig]
[2023-01-10 08:43:51.078] [nas] [debug] Sending Initial Registration
[2023-01-10 08:43:51.078] [nas] [info] UE switches to state [MM-REGISTER-INITIATED]
[2023-01-10 08:43:51.078] [rrc] [debug] Sending RRC Setup Request
[2023-01-10 08:43:51.078] [rrc] [info] RRC connection established
[2023-01-10 08:43:51.078] [rrc] [info] UE switches to state [RRC-CONNECTED]
[2023-01-10 08:43:51.079] [nas] [info] UE switches to state [CM-CONNECTED]
[2023-01-10 08:43:51.096] [nas] [debug] Authentication Request received
[2023-01-10 08:43:51.096] [nas] [debug] Sending Authentication Failure due to SQN out of range
[2023-01-10 08:43:51.109] [nas] [debug] Authentication Request received
[2023-01-10 08:43:51.114] [nas] [debug] Security Mode Command received
[2023-01-10 08:43:51.114] [nas] [debug] Selected integrity[2] ciphering[0]
[2023-01-10 08:43:51.146] [nas] [debug] Registration accept received
[2023-01-10 08:43:51.146] [nas] [info] UE switches to state [MM-REGISTERED/NORMAL-SERVICE]
[2023-01-10 08:43:51.146] [nas] [debug] Sending Registration Complete
[2023-01-10 08:43:51.146] [nas] [info] Initial Registration is successful
[2023-01-10 08:43:51.146] [nas] [debug] Sending PDU Session Establishment Request
[2023-01-10 08:43:51.148] [nas] [debug] UAC access attempt is allowed for identity[0], category[MO_sig]
[2023-01-10 08:43:51.385] [nas] [debug] PDU Session Establishment Accept received
[2023-01-10 08:43:51.385] [nas] [info] PDU Session establishment is successful PSI[1]
[2023-01-10 08:43:51.406] [app] [info] Connection setup for PDU session[1] is successful, TUN interface[uesimtun27, 10.60.0.32] is up.
[2023-01-10 08:46:17.271] [nas] [debug] Sending PDU Session Establishment Request
[2023-01-10 08:46:17.379] [nas] [error] No response from RRC from UAC checks, considering access attempt is barred
[2023-01-10 08:46:17.602] [nas] [debug] De-registration required due to [NORMAL]
[2023-01-10 08:46:17.614] [nas] [debug] Starting de-registration procedure due to [NORMAL]
[2023-01-10 08:46:17.614] [nas] [debug] Performing local release of PDU session[1]
[2023-01-10 08:46:17.614] [nas] [info] UE switches to state [MM-DEREGISTER-INITIATED]
[2023-01-10 08:46:18.911] [rrc] [debug] Signal lost for cell[1], total [0] cells in coverage
[2023-01-10 08:46:18.911] [nas] [error] Radio link failure detected
[2023-01-10 08:46:18.911] [nas] [info] UE switches to state [CM-IDLE]
[2023-01-10 08:46:18.911] [nas] [info] UE switches to state [MM-DEREGISTERED/PS]
[2023-01-10 08:46:18.911] [nas] [info] UE switches to state [MM-DEREGISTERED/PLMN-SEARCH]
[2023-01-10 08:46:18.911] [nas] [error] PLMN selection failure, no cells in coverage
[2023-01-10 08:46:21.140] [rrc] [warning] Acceptable cell selection failed, no cell is in coverage
[2023-01-10 08:46:21.140] [rrc] [error] Cell selection failure, no suitable or acceptable cell found
[2023-01-10 08:46:21.620] [nas] [error] PLMN selection failure, no cells in coverage
[2023-01-10 08:46:23.822] [nas] [error] PLMN selection failure, no cells in coverage
[2023-01-10 08:46:24.923] [nas] [info] UE switches to state [MM-DEREGISTERED/NO-CELL-AVAILABLE]
[2023-01-10 08:46:33.753] [nas] [warning] Retransmitting PDU Session Establishment Request due to T3580 expiry
[2023-01-10 08:46:33.757] [nas] [error] UAC access attempt is barred for identity[0], category[MO_sig]
[2023-01-10 08:46:49.769] [nas] [warning] Retransmitting PDU Session Establishment Request due to T3580 expiry
[2023-01-10 08:46:49.778] [nas] [error] UAC access attempt is barred for identity[0], category[MO_sig]
[2023-01-10 08:46:51.153] [rrc] [warning] Acceptable cell selection failed, no cell is in coverage
[2023-01-10 08:46:51.153] [rrc] [error] Cell selection failure, no suitable or acceptable cell found
[2023-01-10 08:46:54.651] [nas] [error] PLMN selection failure, no cells in coverage
[2023-01-10 08:47:05.785] [nas] [warning] Retransmitting PDU Session Establishment Request due to T3580 expiry
[2023-01-10 08:47:05.786] [nas] [error] UAC access attempt is barred for identity[0], category[MO_sig]
[2023-01-10 08:47:21.165] [rrc] [warning] Acceptable cell selection failed, no cell is in coverage
[2023-01-10 08:47:21.165] [rrc] [error] Cell selection failure, no suitable or acceptable cell found
[2023-01-10 08:47:21.801] [nas] [warning] Retransmitting PDU Session Establishment Request due to T3580 expiry
[2023-01-10 08:47:21.806] [nas] [error] UAC access attempt is barred for identity[0], category[MO_sig]
[2023-01-10 08:47:25.480] [nas] [error] PLMN selection failure, no cells in coverage
[2023-01-10 08:47:37.818] [nas] [error] PDU Session Establishment procedure failure, no response from the network after 5 attempts
[2023-01-10 08:47:37.818] [nas] [debug] Aborting SM procedure for PTI[1], PSI[2]
[2023-01-10 08:47:51.177] [rrc] [warning] Acceptable cell selection failed, no cell is in coverage
[2023-01-10 08:47:51.177] [rrc] [error] Cell selection failure, no suitable or acceptable cell found
[2023-01-10 08:47:56.309] [nas] [error] PLMN selection failure, no cells in coverage
[2023-01-10 08:48:17.918] [nas] [debug] De-registration required due to [NORMAL]
[2023-01-10 08:48:21.189] [rrc] [warning] Acceptable cell selection failed, no cell is in coverage
[2023-01-10 08:48:21.189] [rrc] [error] Cell selection failure, no suitable or acceptable cell found
[2023-01-10 08:48:27.137] [nas] [error] PLMN selection failure, no cells in coverage
[2023-01-10 08:48:51.201] [rrc] [warning] Acceptable cell selection failed, no cell is in coverage
[2023-01-10 08:48:51.201] [rrc] [error] Cell selection failure, no suitable or acceptable cell found
[2023-01-10 08:48:57.966] [nas] [error] PLMN selection failure, no cells in coverage
[2023-01-10 08:49:21.213] [rrc] [warning] Acceptable cell selection failed, no cell is in coverage
[2023-01-10 08:49:21.213] [rrc] [error] Cell selection failure, no suitable or acceptable cell found
[2023-01-10 08:49:28.794] [nas] [error] PLMN selection failure, no cells in coverage
[2023-01-10 08:49:51.225] [rrc] [warning] Acceptable cell selection failed, no cell is in coverage
[2023-01-10 08:49:51.225] [rrc] [error] Cell selection failure, no suitable or acceptable cell found
[2023-01-10 08:49:59.622] [nas] [error] PLMN selection failure, no cells in coverage
[2023-01-10 08:50:21.237] [rrc] [warning] Acceptable cell selection failed, no cell is in coverage
[2023-01-10 08:50:21.237] [rrc] [error] Cell selection failure, no suitable or acceptable cell found
[2023-01-10 08:50:30.450] [nas] [error] PLMN selection failure, no cells in coverage
[2023-01-10 08:50:51.249] [rrc] [warning] Acceptable cell selection failed, no cell is in coverage
[2023-01-10 08:50:51.249] [rrc] [error] Cell selection failure, no suitable or acceptable cell found
[2023-01-10 08:51:01.279] [nas] [error] PLMN selection failure, no cells in coverage
[2023-01-10 08:51:21.261] [rrc] [warning] Acceptable cell selection failed, no cell is in coverage
[2023-01-10 08:51:21.261] [rrc] [error] Cell selection failure, no suitable or acceptable cell found
[2023-01-10 08:51:32.107] [nas] [error] PLMN selection failure, no cells in coverage
[2023-01-10 08:51:51.273] [rrc] [warning] Acceptable cell selection failed, no cell is in coverage
[2023-01-10 08:51:51.273] [rrc] [error] Cell selection failure, no suitable or acceptable cell found
[2023-01-10 08:52:02.936] [nas] [error] PLMN selection failure, no cells in coverage
[2023-01-10 08:52:21.285] [rrc] [warning] Acceptable cell selection failed, no cell is in coverage
[2023-01-10 08:52:21.285] [rrc] [error] Cell selection failure, no suitable or acceptable cell found
[2023-01-10 08:52:33.764] [nas] [error] PLMN selection failure, no cells in coverage
[2023-01-10 08:52:51.297] [rrc] [warning] Acceptable cell selection failed, no cell is in coverage
[2023-01-10 08:52:51.297] [rrc] [error] Cell selection failure, no suitable or acceptable cell found
[2023-01-10 08:53:04.592] [nas] [error] PLMN selection failure, no cells in coverage
[2023-01-10 08:53:21.309] [rrc] [warning] Acceptable cell selection failed, no cell is in coverage
[2023-01-10 08:53:21.309] [rrc] [error] Cell selection failure, no suitable or acceptable cell found
[2023-01-10 08:53:35.420] [nas] [error] PLMN selection failure, no cells in coverage
[2023-01-10 08:53:51.321] [rrc] [warning] Acceptable cell selection failed, no cell is in coverage
[2023-01-10 08:53:51.321] [rrc] [error] Cell selection failure, no suitable or acceptable cell found
[2023-01-10 08:54:06.248] [nas] [error] PLMN selection failure, no cells in coverage
[2023-01-10 08:54:21.333] [rrc] [warning] Acceptable cell selection failed, no cell is in coverage
[2023-01-10 08:54:21.333] [rrc] [error] Cell selection failure, no suitable or acceptable cell found
[2023-01-10 08:54:37.076] [nas] [error] PLMN selection failure, no cells in coverage
[2023-01-10 08:54:51.345] [rrc] [warning] Acceptable cell selection failed, no cell is in coverage
[2023-01-10 08:54:51.345] [rrc] [error] Cell selection failure, no suitable or acceptable cell found
[2023-01-10 08:55:07.904] [nas] [error] PLMN selection failure, no cells in coverage
[2023-01-10 08:55:21.357] [rrc] [warning] Acceptable cell selection failed, no cell is in coverage
[2023-01-10 08:55:21.357] [rrc] [error] Cell selection failure, no suitable or acceptable cell found
[2023-01-10 08:55:38.733] [nas] [error] PLMN selection failure, no cells in coverage
[2023-01-10 08:55:51.369] [rrc] [warning] Acceptable cell selection failed, no cell is in coverage
[2023-01-10 08:55:51.369] [rrc] [error] Cell selection failure, no suitable or acceptable cell found
[2023-01-10 08:56:09.562] [nas] [error] PLMN selection failure, no cells in coverage
[2023-01-10 08:56:21.381] [rrc] [warning] Acceptable cell selection failed, no cell is in coverage
[2023-01-10 08:56:21.381] [rrc] [error] Cell selection failure, no suitable or acceptable cell found
[2023-01-10 08:56:40.390] [nas] [error] PLMN selection failure, no cells in coverage
[2023-01-10 08:56:51.393] [rrc] [warning] Acceptable cell selection failed, no cell is in coverage
[2023-01-10 08:56:51.393] [rrc] [error] Cell selection failure, no suitable or acceptable cell found
[2023-01-10 08:57:11.218] [nas] [error] PLMN selection failure, no cells in coverage
[2023-01-10 08:57:21.405] [rrc] [warning] Acceptable cell selection failed, no cell is in coverage
[2023-01-10 08:57:21.405] [rrc] [error] Cell selection failure, no suitable or acceptable cell found
[2023-01-10 08:57:42.046] [nas] [error] PLMN selection failure, no cells in coverage
[2023-01-10 08:57:51.417] [rrc] [warning] Acceptable cell selection failed, no cell is in coverage
[2023-01-10 08:57:51.417] [rrc] [error] Cell selection failure, no suitable or acceptable cell found
[2023-01-10 08:58:12.874] [nas] [error] PLMN selection failure, no cells in coverage
[2023-01-10 08:58:21.429] [rrc] [warning] Acceptable cell selection failed, no cell is in coverage
[2023-01-10 08:58:21.429] [rrc] [error] Cell selection failure, no suitable or acceptable cell found
[2023-01-10 08:58:43.702] [nas] [error] PLMN selection failure, no cells in coverage
[2023-01-10 08:58:51.441] [rrc] [warning] Acceptable cell selection failed, no cell is in coverage
[2023-01-10 08:58:51.441] [rrc] [error] Cell selection failure, no suitable or acceptable cell found
[2023-01-10 08:59:14.530] [nas] [error] PLMN selection failure, no cells in coverage
[2023-01-10 08:59:21.453] [rrc] [warning] Acceptable cell selection failed, no cell is in coverage
[2023-01-10 08:59:21.453] [rrc] [error] Cell selection failure, no suitable or acceptable cell found
[2023-01-10 08:59:45.358] [nas] [error] PLMN selection failure, no cells in coverage
[2023-01-10 08:59:51.465] [rrc] [warning] Acceptable cell selection failed, no cell is in coverage
[2023-01-10 08:59:51.465] [rrc] [error] Cell selection failure, no suitable or acceptable cell found
[2023-01-10 09:00:16.186] [nas] [error] PLMN selection failure, no cells in coverage
[2023-01-10 09:00:21.477] [rrc] [warning] Acceptable cell selection failed, no cell is in coverage
[2023-01-10 09:00:21.477] [rrc] [error] Cell selection failure, no suitable or acceptable cell found
[2023-01-10 09:00:47.014] [nas] [error] PLMN selection failure, no cells in coverage
[2023-01-10 09:00:51.489] [rrc] [warning] Acceptable cell selection failed, no cell is in coverage
[2023-01-10 09:00:51.489] [rrc] [error] Cell selection failure, no suitable or acceptable cell found
[2023-01-10 09:01:17.843] [nas] [error] PLMN selection failure, no cells in coverage
[2023-01-10 09:01:21.502] [rrc] [warning] Acceptable cell selection failed, no cell is in coverage
[2023-01-10 09:01:21.502] [rrc] [error] Cell selection failure, no suitable or acceptable cell found
[2023-01-10 09:01:48.671] [nas] [error] PLMN selection failure, no cells in coverage
[2023-01-10 09:01:51.514] [rrc] [warning] Acceptable cell selection failed, no cell is in coverage
[2023-01-10 09:01:51.514] [rrc] [error] Cell selection failure, no suitable or acceptable cell found
[2023-01-10 09:02:19.499] [nas] [error] PLMN selection failure, no cells in coverage
[2023-01-10 09:02:21.526] [rrc] [warning] Acceptable cell selection failed, no cell is in coverage
[2023-01-10 09:02:21.526] [rrc] [error] Cell selection failure, no suitable or acceptable cell found
[2023-01-10 09:02:50.327] [nas] [error] PLMN selection failure, no cells in coverage
[2023-01-10 09:02:51.538] [rrc] [warning] Acceptable cell selection failed, no cell is in coverage
[2023-01-10 09:02:51.538] [rrc] [error] Cell selection failure, no suitable or acceptable cell found
[2023-01-10 09:03:21.155] [nas] [error] PLMN selection failure, no cells in coverage
[2023-01-10 09:03:21.550] [rrc] [warning] Acceptable cell selection failed, no cell is in coverage
[2023-01-10 09:03:21.550] [rrc] [error] Cell selection failure, no suitable or acceptable cell found
[2023-01-10 09:03:51.562] [rrc] [warning] Acceptable cell selection failed, no cell is in coverage
[2023-01-10 09:03:51.562] [rrc] [error] Cell selection failure, no suitable or acceptable cell found
[2023-01-10 09:03:51.984] [nas] [error] PLMN selection failure, no cells in coverage
[2023-01-10 09:04:21.574] [rrc] [warning] Acceptable cell selection failed, no cell is in coverage
[2023-01-10 09:04:21.574] [rrc] [error] Cell selection failure, no suitable or acceptable cell found
[2023-01-10 09:04:22.813] [nas] [error] PLMN selection failure, no cells in coverage
[2023-01-10 09:04:51.586] [rrc] [warning] Acceptable cell selection failed, no cell is in coverage
[2023-01-10 09:04:51.586] [rrc] [error] Cell selection failure, no suitable or acceptable cell found
[2023-01-10 09:04:53.641] [nas] [error] PLMN selection failure, no cells in coverage
[2023-01-10 09:05:21.598] [rrc] [warning] Acceptable cell selection failed, no cell is in coverage
[2023-01-10 09:05:21.598] [rrc] [error] Cell selection failure, no suitable or acceptable cell found
[2023-01-10 09:05:24.469] [nas] [error] PLMN selection failure, no cells in coverage
[2023-01-10 09:05:51.610] [rrc] [warning] Acceptable cell selection failed, no cell is in coverage
[2023-01-10 09:05:51.610] [rrc] [error] Cell selection failure, no suitable or acceptable cell found
[2023-01-10 09:05:55.298] [nas] [error] PLMN selection failure, no cells in coverage
[2023-01-10 09:06:21.622] [rrc] [warning] Acceptable cell selection failed, no cell is in coverage
[2023-01-10 09:06:21.622] [rrc] [error] Cell selection failure, no suitable or acceptable cell found
[2023-01-10 09:06:26.126] [nas] [error] PLMN selection failure, no cells in coverage
[2023-01-10 09:06:51.634] [rrc] [warning] Acceptable cell selection failed, no cell is in coverage
[2023-01-10 09:06:51.634] [rrc] [error] Cell selection failure, no suitable or acceptable cell found
