UERANSIM v3.2.6
[2023-01-10 08:44:14.603] [nas] [info] UE switches to state [MM-DEREGISTERED/PLMN-SEARCH]
[2023-01-10 08:44:14.603] [rrc] [debug] New signal detected for cell[1], total [1] cells in coverage
[2023-01-10 08:44:14.606] [nas] [info] Selected plmn[208/93]
[2023-01-10 08:44:14.606] [rrc] [info] Selected cell plmn[208/93] tac[1] category[SUITABLE]
[2023-01-10 08:44:14.606] [nas] [info] UE switches to state [MM-DEREGISTERED/PS]
[2023-01-10 08:44:14.606] [nas] [info] UE switches to state [MM-DEREGISTERED/NORMAL-SERVICE]
[2023-01-10 08:44:14.606] [nas] [debug] Initial registration required due to [MM-DEREG-NORMAL-SERVICE]
[2023-01-10 08:44:14.606] [nas] [debug] UAC access attempt is allowed for identity[0], category[MO_sig]
[2023-01-10 08:44:14.606] [nas] [debug] Sending Initial Registration
[2023-01-10 08:44:14.606] [nas] [info] UE switches to state [MM-REGISTER-INITIATED]
[2023-01-10 08:44:14.606] [rrc] [debug] Sending RRC Setup Request
[2023-01-10 08:44:14.607] [rrc] [info] RRC connection established
[2023-01-10 08:44:14.607] [rrc] [info] UE switches to state [RRC-CONNECTED]
[2023-01-10 08:44:14.607] [nas] [info] UE switches to state [CM-CONNECTED]
[2023-01-10 08:44:14.623] [nas] [debug] Authentication Request received
[2023-01-10 08:44:14.629] [nas] [debug] Security Mode Command received
[2023-01-10 08:44:14.629] [nas] [debug] Selected integrity[2] ciphering[0]
[2023-01-10 08:44:14.658] [nas] [debug] Registration accept received
[2023-01-10 08:44:14.658] [nas] [info] UE switches to state [MM-REGISTERED/NORMAL-SERVICE]
[2023-01-10 08:44:14.658] [nas] [debug] Sending Registration Complete
[2023-01-10 08:44:14.658] [nas] [info] Initial Registration is successful
[2023-01-10 08:44:14.658] [nas] [debug] Sending PDU Session Establishment Request
[2023-01-10 08:44:14.658] [nas] [debug] UAC access attempt is allowed for identity[0], category[MO_sig]
[2023-01-10 08:44:14.902] [nas] [debug] PDU Session Establishment Accept received
[2023-01-10 08:44:14.902] [nas] [info] PDU Session establishment is successful PSI[1]
[2023-01-10 08:44:14.925] [app] [info] Connection setup for PDU session[1] is successful, TUN interface[uesimtun40, 10.60.0.45] is up.
[2023-01-10 08:46:14.756] [nas] [debug] Sending PDU Session Release Request for PSI[1]
[2023-01-10 08:46:14.796] [nas] [debug] PDU Session Release Command received
[2023-01-10 08:46:14.796] [nas] [debug] Performing local release of PDU session[1]
[2023-01-10 08:46:15.147] [nas] [debug] De-registration required due to [NORMAL]
[2023-01-10 08:46:15.157] [nas] [debug] Starting de-registration procedure due to [NORMAL]
[2023-01-10 08:46:15.157] [nas] [info] UE switches to state [MM-DEREGISTER-INITIATED]
[2023-01-10 08:46:15.233] [nas] [debug] De-registration accept received
[2023-01-10 08:46:15.233] [nas] [info] UE switches to state [MM-DEREGISTERED/PS]
[2023-01-10 08:46:15.233] [nas] [info] De-registration is successful
[2023-01-10 08:46:15.233] [nas] [info] UE switches to state [MM-DEREGISTERED/NORMAL-SERVICE]
[2023-01-10 08:46:15.233] [nas] [debug] Initial registration required due to [MM-DEREG-NORMAL-SERVICE]
[2023-01-10 08:46:15.233] [nas] [debug] Sending Initial Registration
[2023-01-10 08:46:15.233] [nas] [debug] Deleting NAS security context
[2023-01-10 08:46:15.233] [nas] [info] UE switches to state [MM-REGISTER-INITIATED]
[2023-01-10 08:46:15.247] [rrc] [debug] RRC Release received
[2023-01-10 08:46:15.247] [nas] [info] UE switches to state [CM-IDLE]
[2023-01-10 08:46:15.247] [nas] [info] UE switches to state [MM-DEREGISTERED/PS]
[2023-01-10 08:46:15.247] [nas] [info] UE switches to state [5U2-NOT-UPDATED]
[2023-01-10 08:46:15.247] [nas] [info] UE switches to state [MM-DEREGISTERED/ATTEMPTING-REGISTRATION]
[2023-01-10 08:46:18.721] [rrc] [debug] Signal lost for cell[1], total [0] cells in coverage
[2023-01-10 08:46:18.721] [nas] [info] UE switches to state [MM-DEREGISTERED/PS]
[2023-01-10 08:46:18.721] [nas] [info] UE switches to state [MM-DEREGISTERED/PLMN-SEARCH]
[2023-01-10 08:46:18.721] [nas] [error] PLMN selection failure, no cells in coverage
[2023-01-10 08:46:19.653] [rrc] [warning] Acceptable cell selection failed, no cell is in coverage
[2023-01-10 08:46:19.653] [rrc] [error] Cell selection failure, no suitable or acceptable cell found
[2023-01-10 08:46:21.220] [nas] [error] PLMN selection failure, no cells in coverage
[2023-01-10 08:46:23.422] [nas] [error] PLMN selection failure, no cells in coverage
[2023-01-10 08:46:24.524] [nas] [info] UE switches to state [MM-DEREGISTERED/NO-CELL-AVAILABLE]
[2023-01-10 08:46:49.665] [rrc] [warning] Acceptable cell selection failed, no cell is in coverage
[2023-01-10 08:46:49.665] [rrc] [error] Cell selection failure, no suitable or acceptable cell found
[2023-01-10 08:46:54.251] [nas] [error] PLMN selection failure, no cells in coverage
[2023-01-10 08:47:19.677] [rrc] [warning] Acceptable cell selection failed, no cell is in coverage
[2023-01-10 08:47:19.677] [rrc] [error] Cell selection failure, no suitable or acceptable cell found
[2023-01-10 08:47:25.079] [nas] [error] PLMN selection failure, no cells in coverage
[2023-01-10 08:47:49.689] [rrc] [warning] Acceptable cell selection failed, no cell is in coverage
[2023-01-10 08:47:49.689] [rrc] [error] Cell selection failure, no suitable or acceptable cell found
[2023-01-10 08:47:55.908] [nas] [error] PLMN selection failure, no cells in coverage
[2023-01-10 08:48:15.438] [nas] [debug] De-registration required due to [NORMAL]
[2023-01-10 08:48:19.701] [rrc] [warning] Acceptable cell selection failed, no cell is in coverage
[2023-01-10 08:48:19.701] [rrc] [error] Cell selection failure, no suitable or acceptable cell found
[2023-01-10 08:48:26.737] [nas] [error] PLMN selection failure, no cells in coverage
[2023-01-10 08:48:49.713] [rrc] [warning] Acceptable cell selection failed, no cell is in coverage
[2023-01-10 08:48:49.713] [rrc] [error] Cell selection failure, no suitable or acceptable cell found
[2023-01-10 08:48:57.565] [nas] [error] PLMN selection failure, no cells in coverage
[2023-01-10 08:49:19.725] [rrc] [warning] Acceptable cell selection failed, no cell is in coverage
[2023-01-10 08:49:19.725] [rrc] [error] Cell selection failure, no suitable or acceptable cell found
[2023-01-10 08:49:28.393] [nas] [error] PLMN selection failure, no cells in coverage
[2023-01-10 08:49:49.737] [rrc] [warning] Acceptable cell selection failed, no cell is in coverage
[2023-01-10 08:49:49.737] [rrc] [error] Cell selection failure, no suitable or acceptable cell found
[2023-01-10 08:49:59.221] [nas] [error] PLMN selection failure, no cells in coverage
[2023-01-10 08:50:19.749] [rrc] [warning] Acceptable cell selection failed, no cell is in coverage
[2023-01-10 08:50:19.749] [rrc] [error] Cell selection failure, no suitable or acceptable cell found
[2023-01-10 08:50:30.049] [nas] [error] PLMN selection failure, no cells in coverage
[2023-01-10 08:50:49.761] [rrc] [warning] Acceptable cell selection failed, no cell is in coverage
[2023-01-10 08:50:49.761] [rrc] [error] Cell selection failure, no suitable or acceptable cell found
[2023-01-10 08:51:00.877] [nas] [error] PLMN selection failure, no cells in coverage
[2023-01-10 08:51:19.773] [rrc] [warning] Acceptable cell selection failed, no cell is in coverage
[2023-01-10 08:51:19.773] [rrc] [error] Cell selection failure, no suitable or acceptable cell found
[2023-01-10 08:51:31.705] [nas] [error] PLMN selection failure, no cells in coverage
[2023-01-10 08:51:49.785] [rrc] [warning] Acceptable cell selection failed, no cell is in coverage
[2023-01-10 08:51:49.785] [rrc] [error] Cell selection failure, no suitable or acceptable cell found
[2023-01-10 08:52:02.533] [nas] [error] PLMN selection failure, no cells in coverage
[2023-01-10 08:52:19.797] [rrc] [warning] Acceptable cell selection failed, no cell is in coverage
[2023-01-10 08:52:19.797] [rrc] [error] Cell selection failure, no suitable or acceptable cell found
[2023-01-10 08:52:33.361] [nas] [error] PLMN selection failure, no cells in coverage
[2023-01-10 08:52:49.809] [rrc] [warning] Acceptable cell selection failed, no cell is in coverage
[2023-01-10 08:52:49.809] [rrc] [error] Cell selection failure, no suitable or acceptable cell found
[2023-01-10 08:53:04.189] [nas] [error] PLMN selection failure, no cells in coverage
[2023-01-10 08:53:19.821] [rrc] [warning] Acceptable cell selection failed, no cell is in coverage
[2023-01-10 08:53:19.821] [rrc] [error] Cell selection failure, no suitable or acceptable cell found
[2023-01-10 08:53:35.018] [nas] [error] PLMN selection failure, no cells in coverage
[2023-01-10 08:53:49.833] [rrc] [warning] Acceptable cell selection failed, no cell is in coverage
[2023-01-10 08:53:49.833] [rrc] [error] Cell selection failure, no suitable or acceptable cell found
[2023-01-10 08:54:05.846] [nas] [error] PLMN selection failure, no cells in coverage
[2023-01-10 08:54:19.845] [rrc] [warning] Acceptable cell selection failed, no cell is in coverage
[2023-01-10 08:54:19.845] [rrc] [error] Cell selection failure, no suitable or acceptable cell found
[2023-01-10 08:54:36.674] [nas] [error] PLMN selection failure, no cells in coverage
[2023-01-10 08:54:49.858] [rrc] [warning] Acceptable cell selection failed, no cell is in coverage
[2023-01-10 08:54:49.858] [rrc] [error] Cell selection failure, no suitable or acceptable cell found
[2023-01-10 08:55:07.502] [nas] [error] PLMN selection failure, no cells in coverage
[2023-01-10 08:55:19.870] [rrc] [warning] Acceptable cell selection failed, no cell is in coverage
[2023-01-10 08:55:19.870] [rrc] [error] Cell selection failure, no suitable or acceptable cell found
[2023-01-10 08:55:38.330] [nas] [error] PLMN selection failure, no cells in coverage
[2023-01-10 08:55:49.882] [rrc] [warning] Acceptable cell selection failed, no cell is in coverage
[2023-01-10 08:55:49.882] [rrc] [error] Cell selection failure, no suitable or acceptable cell found
[2023-01-10 08:56:09.158] [nas] [error] PLMN selection failure, no cells in coverage
[2023-01-10 08:56:19.894] [rrc] [warning] Acceptable cell selection failed, no cell is in coverage
[2023-01-10 08:56:19.894] [rrc] [error] Cell selection failure, no suitable or acceptable cell found
[2023-01-10 08:56:39.986] [nas] [error] PLMN selection failure, no cells in coverage
[2023-01-10 08:56:49.907] [rrc] [warning] Acceptable cell selection failed, no cell is in coverage
[2023-01-10 08:56:49.907] [rrc] [error] Cell selection failure, no suitable or acceptable cell found
[2023-01-10 08:57:10.814] [nas] [error] PLMN selection failure, no cells in coverage
[2023-01-10 08:57:19.920] [rrc] [warning] Acceptable cell selection failed, no cell is in coverage
[2023-01-10 08:57:19.920] [rrc] [error] Cell selection failure, no suitable or acceptable cell found
[2023-01-10 08:57:41.642] [nas] [error] PLMN selection failure, no cells in coverage
[2023-01-10 08:57:49.932] [rrc] [warning] Acceptable cell selection failed, no cell is in coverage
[2023-01-10 08:57:49.932] [rrc] [error] Cell selection failure, no suitable or acceptable cell found
[2023-01-10 08:58:12.470] [nas] [error] PLMN selection failure, no cells in coverage
[2023-01-10 08:58:19.945] [rrc] [warning] Acceptable cell selection failed, no cell is in coverage
[2023-01-10 08:58:19.945] [rrc] [error] Cell selection failure, no suitable or acceptable cell found
[2023-01-10 08:58:43.298] [nas] [error] PLMN selection failure, no cells in coverage
[2023-01-10 08:58:49.957] [rrc] [warning] Acceptable cell selection failed, no cell is in coverage
[2023-01-10 08:58:49.957] [rrc] [error] Cell selection failure, no suitable or acceptable cell found
[2023-01-10 08:59:14.126] [nas] [error] PLMN selection failure, no cells in coverage
[2023-01-10 08:59:19.969] [rrc] [warning] Acceptable cell selection failed, no cell is in coverage
[2023-01-10 08:59:19.969] [rrc] [error] Cell selection failure, no suitable or acceptable cell found
[2023-01-10 08:59:44.954] [nas] [error] PLMN selection failure, no cells in coverage
[2023-01-10 08:59:49.981] [rrc] [warning] Acceptable cell selection failed, no cell is in coverage
[2023-01-10 08:59:49.981] [rrc] [error] Cell selection failure, no suitable or acceptable cell found
[2023-01-10 09:00:15.782] [nas] [error] PLMN selection failure, no cells in coverage
[2023-01-10 09:00:19.993] [rrc] [warning] Acceptable cell selection failed, no cell is in coverage
[2023-01-10 09:00:19.993] [rrc] [error] Cell selection failure, no suitable or acceptable cell found
[2023-01-10 09:00:46.611] [nas] [error] PLMN selection failure, no cells in coverage
[2023-01-10 09:00:50.005] [rrc] [warning] Acceptable cell selection failed, no cell is in coverage
[2023-01-10 09:00:50.005] [rrc] [error] Cell selection failure, no suitable or acceptable cell found
[2023-01-10 09:01:17.440] [nas] [error] PLMN selection failure, no cells in coverage
[2023-01-10 09:01:20.017] [rrc] [warning] Acceptable cell selection failed, no cell is in coverage
[2023-01-10 09:01:20.017] [rrc] [error] Cell selection failure, no suitable or acceptable cell found
[2023-01-10 09:01:48.268] [nas] [error] PLMN selection failure, no cells in coverage
[2023-01-10 09:01:50.029] [rrc] [warning] Acceptable cell selection failed, no cell is in coverage
[2023-01-10 09:01:50.029] [rrc] [error] Cell selection failure, no suitable or acceptable cell found
[2023-01-10 09:02:19.096] [nas] [error] PLMN selection failure, no cells in coverage
[2023-01-10 09:02:20.041] [rrc] [warning] Acceptable cell selection failed, no cell is in coverage
[2023-01-10 09:02:20.041] [rrc] [error] Cell selection failure, no suitable or acceptable cell found
[2023-01-10 09:02:49.924] [nas] [error] PLMN selection failure, no cells in coverage
[2023-01-10 09:02:50.053] [rrc] [warning] Acceptable cell selection failed, no cell is in coverage
[2023-01-10 09:02:50.053] [rrc] [error] Cell selection failure, no suitable or acceptable cell found
[2023-01-10 09:03:20.065] [rrc] [warning] Acceptable cell selection failed, no cell is in coverage
[2023-01-10 09:03:20.065] [rrc] [error] Cell selection failure, no suitable or acceptable cell found
[2023-01-10 09:03:20.753] [nas] [error] PLMN selection failure, no cells in coverage
[2023-01-10 09:03:50.077] [rrc] [warning] Acceptable cell selection failed, no cell is in coverage
[2023-01-10 09:03:50.077] [rrc] [error] Cell selection failure, no suitable or acceptable cell found
[2023-01-10 09:03:51.581] [nas] [error] PLMN selection failure, no cells in coverage
[2023-01-10 09:04:20.089] [rrc] [warning] Acceptable cell selection failed, no cell is in coverage
[2023-01-10 09:04:20.089] [rrc] [error] Cell selection failure, no suitable or acceptable cell found
[2023-01-10 09:04:22.409] [nas] [error] PLMN selection failure, no cells in coverage
[2023-01-10 09:04:50.101] [rrc] [warning] Acceptable cell selection failed, no cell is in coverage
[2023-01-10 09:04:50.101] [rrc] [error] Cell selection failure, no suitable or acceptable cell found
[2023-01-10 09:04:53.237] [nas] [error] PLMN selection failure, no cells in coverage
[2023-01-10 09:05:20.113] [rrc] [warning] Acceptable cell selection failed, no cell is in coverage
[2023-01-10 09:05:20.113] [rrc] [error] Cell selection failure, no suitable or acceptable cell found
[2023-01-10 09:05:24.065] [nas] [error] PLMN selection failure, no cells in coverage
[2023-01-10 09:05:50.125] [rrc] [warning] Acceptable cell selection failed, no cell is in coverage
[2023-01-10 09:05:50.125] [rrc] [error] Cell selection failure, no suitable or acceptable cell found
[2023-01-10 09:05:54.893] [nas] [error] PLMN selection failure, no cells in coverage
[2023-01-10 09:06:20.137] [rrc] [warning] Acceptable cell selection failed, no cell is in coverage
[2023-01-10 09:06:20.137] [rrc] [error] Cell selection failure, no suitable or acceptable cell found
[2023-01-10 09:06:25.721] [nas] [error] PLMN selection failure, no cells in coverage
[2023-01-10 09:06:50.149] [rrc] [warning] Acceptable cell selection failed, no cell is in coverage
[2023-01-10 09:06:50.149] [rrc] [error] Cell selection failure, no suitable or acceptable cell found
