UERANSIM v3.2.6
[2023-01-10 08:44:50.641] [nas] [info] UE switches to state [MM-DEREGISTERED/PLMN-SEARCH]
[2023-01-10 08:44:50.643] [rrc] [debug] New signal detected for cell[1], total [1] cells in coverage
[2023-01-10 08:44:50.647] [nas] [info] Selected plmn[208/93]
[2023-01-10 08:44:50.648] [rrc] [info] Selected cell plmn[208/93] tac[1] category[SUITABLE]
[2023-01-10 08:44:50.648] [nas] [info] UE switches to state [MM-DEREGISTERED/PS]
[2023-01-10 08:44:50.648] [nas] [info] UE switches to state [MM-DEREGISTERED/NORMAL-SERVICE]
[2023-01-10 08:44:50.648] [nas] [debug] Initial registration required due to [MM-DEREG-NORMAL-SERVICE]
[2023-01-10 08:44:50.648] [nas] [debug] UAC access attempt is allowed for identity[0], category[MO_sig]
[2023-01-10 08:44:50.648] [nas] [debug] Sending Initial Registration
[2023-01-10 08:44:50.648] [nas] [info] UE switches to state [MM-REGISTER-INITIATED]
[2023-01-10 08:44:50.648] [rrc] [debug] Sending RRC Setup Request
[2023-01-10 08:44:50.649] [rrc] [info] RRC connection established
[2023-01-10 08:44:50.649] [rrc] [info] UE switches to state [RRC-CONNECTED]
[2023-01-10 08:44:50.649] [nas] [info] UE switches to state [CM-CONNECTED]
[2023-01-10 08:44:50.665] [nas] [debug] Authentication Request received
[2023-01-10 08:44:50.665] [nas] [debug] Sending Authentication Failure due to SQN out of range
[2023-01-10 08:44:50.679] [nas] [debug] Authentication Request received
[2023-01-10 08:44:50.686] [nas] [debug] Security Mode Command received
[2023-01-10 08:44:50.686] [nas] [debug] Selected integrity[2] ciphering[0]
[2023-01-10 08:44:50.713] [nas] [debug] Registration accept received
[2023-01-10 08:44:50.713] [nas] [info] UE switches to state [MM-REGISTERED/NORMAL-SERVICE]
[2023-01-10 08:44:50.713] [nas] [debug] Sending Registration Complete
[2023-01-10 08:44:50.713] [nas] [info] Initial Registration is successful
[2023-01-10 08:44:50.713] [nas] [debug] Sending PDU Session Establishment Request
[2023-01-10 08:44:50.713] [nas] [debug] UAC access attempt is allowed for identity[0], category[MO_sig]
[2023-01-10 08:44:50.948] [nas] [debug] PDU Session Establishment Accept received
[2023-01-10 08:44:50.948] [nas] [info] PDU Session establishment is successful PSI[1]
[2023-01-10 08:44:50.970] [app] [info] Connection setup for PDU session[1] is successful, TUN interface[uesimtun58, 10.60.0.63] is up.
[2023-01-10 08:46:16.702] [nas] [debug] De-registration required due to [NORMAL]
[2023-01-10 08:46:16.711] [nas] [debug] Starting de-registration procedure due to [NORMAL]
[2023-01-10 08:46:16.711] [nas] [debug] Performing local release of PDU session[1]
[2023-01-10 08:46:16.711] [nas] [info] UE switches to state [MM-DEREGISTER-INITIATED]
[2023-01-10 08:46:16.934] [rrc] [debug] RRC Release received
[2023-01-10 08:46:16.934] [nas] [debug] De-registration accept received
[2023-01-10 08:46:16.934] [nas] [info] UE switches to state [MM-DEREGISTERED/PS]
[2023-01-10 08:46:16.934] [nas] [info] De-registration is successful
[2023-01-10 08:46:16.934] [nas] [info] UE switches to state [CM-IDLE]
[2023-01-10 08:46:16.934] [nas] [info] UE switches to state [MM-DEREGISTERED/NORMAL-SERVICE]
[2023-01-10 08:46:16.934] [nas] [debug] Initial registration required due to [MM-DEREG-NORMAL-SERVICE]
[2023-01-10 08:46:16.935] [nas] [debug] UAC access attempt is allowed for identity[0], category[MO_sig]
[2023-01-10 08:46:16.935] [nas] [debug] Sending Initial Registration
[2023-01-10 08:46:16.935] [nas] [debug] Deleting NAS security context
[2023-01-10 08:46:16.935] [nas] [info] UE switches to state [MM-REGISTER-INITIATED]
[2023-01-10 08:46:16.935] [rrc] [debug] Sending RRC Setup Request
[2023-01-10 08:46:16.935] [rrc] [info] RRC connection established
[2023-01-10 08:46:16.935] [rrc] [info] UE switches to state [RRC-CONNECTED]
[2023-01-10 08:46:16.935] [nas] [info] UE switches to state [CM-CONNECTED]
[2023-01-10 08:46:18.538] [rrc] [debug] Signal lost for cell[1], total [0] cells in coverage
[2023-01-10 08:46:18.538] [nas] [error] Radio link failure detected
[2023-01-10 08:46:18.538] [nas] [info] UE switches to state [CM-IDLE]
[2023-01-10 08:46:18.538] [nas] [info] UE switches to state [MM-DEREGISTERED/PS]
[2023-01-10 08:46:18.538] [nas] [info] UE switches to state [5U2-NOT-UPDATED]
[2023-01-10 08:46:18.538] [nas] [info] UE switches to state [MM-DEREGISTERED/ATTEMPTING-REGISTRATION]
[2023-01-10 08:46:18.538] [nas] [info] UE switches to state [MM-DEREGISTERED/PS]
[2023-01-10 08:46:18.538] [nas] [info] UE switches to state [MM-DEREGISTERED/PLMN-SEARCH]
[2023-01-10 08:46:18.538] [nas] [error] PLMN selection failure, no cells in coverage
[2023-01-10 08:46:20.677] [rrc] [warning] Acceptable cell selection failed, no cell is in coverage
[2023-01-10 08:46:20.677] [rrc] [error] Cell selection failure, no suitable or acceptable cell found
[2023-01-10 08:46:20.925] [nas] [error] PLMN selection failure, no cells in coverage
[2023-01-10 08:46:23.127] [nas] [error] PLMN selection failure, no cells in coverage
[2023-01-10 08:46:24.228] [nas] [info] UE switches to state [MM-DEREGISTERED/NO-CELL-AVAILABLE]
[2023-01-10 08:46:50.689] [rrc] [warning] Acceptable cell selection failed, no cell is in coverage
[2023-01-10 08:46:50.689] [rrc] [error] Cell selection failure, no suitable or acceptable cell found
[2023-01-10 08:46:53.956] [nas] [error] PLMN selection failure, no cells in coverage
[2023-01-10 08:47:20.702] [rrc] [warning] Acceptable cell selection failed, no cell is in coverage
[2023-01-10 08:47:20.702] [rrc] [error] Cell selection failure, no suitable or acceptable cell found
[2023-01-10 08:47:24.785] [nas] [error] PLMN selection failure, no cells in coverage
[2023-01-10 08:47:50.714] [rrc] [warning] Acceptable cell selection failed, no cell is in coverage
[2023-01-10 08:47:50.714] [rrc] [error] Cell selection failure, no suitable or acceptable cell found
[2023-01-10 08:47:55.614] [nas] [error] PLMN selection failure, no cells in coverage
[2023-01-10 08:48:17.224] [nas] [debug] De-registration required due to [NORMAL]
[2023-01-10 08:48:20.726] [rrc] [warning] Acceptable cell selection failed, no cell is in coverage
[2023-01-10 08:48:20.726] [rrc] [error] Cell selection failure, no suitable or acceptable cell found
[2023-01-10 08:48:26.442] [nas] [error] PLMN selection failure, no cells in coverage
[2023-01-10 08:48:50.738] [rrc] [warning] Acceptable cell selection failed, no cell is in coverage
[2023-01-10 08:48:50.738] [rrc] [error] Cell selection failure, no suitable or acceptable cell found
[2023-01-10 08:48:57.270] [nas] [error] PLMN selection failure, no cells in coverage
[2023-01-10 08:49:20.750] [rrc] [warning] Acceptable cell selection failed, no cell is in coverage
[2023-01-10 08:49:20.750] [rrc] [error] Cell selection failure, no suitable or acceptable cell found
[2023-01-10 08:49:28.098] [nas] [error] PLMN selection failure, no cells in coverage
[2023-01-10 08:49:50.762] [rrc] [warning] Acceptable cell selection failed, no cell is in coverage
[2023-01-10 08:49:50.762] [rrc] [error] Cell selection failure, no suitable or acceptable cell found
[2023-01-10 08:49:58.926] [nas] [error] PLMN selection failure, no cells in coverage
[2023-01-10 08:50:20.774] [rrc] [warning] Acceptable cell selection failed, no cell is in coverage
[2023-01-10 08:50:20.774] [rrc] [error] Cell selection failure, no suitable or acceptable cell found
[2023-01-10 08:50:29.754] [nas] [error] PLMN selection failure, no cells in coverage
[2023-01-10 08:50:50.786] [rrc] [warning] Acceptable cell selection failed, no cell is in coverage
[2023-01-10 08:50:50.786] [rrc] [error] Cell selection failure, no suitable or acceptable cell found
[2023-01-10 08:51:00.583] [nas] [error] PLMN selection failure, no cells in coverage
[2023-01-10 08:51:20.798] [rrc] [warning] Acceptable cell selection failed, no cell is in coverage
[2023-01-10 08:51:20.798] [rrc] [error] Cell selection failure, no suitable or acceptable cell found
[2023-01-10 08:51:31.411] [nas] [error] PLMN selection failure, no cells in coverage
[2023-01-10 08:51:50.810] [rrc] [warning] Acceptable cell selection failed, no cell is in coverage
[2023-01-10 08:51:50.810] [rrc] [error] Cell selection failure, no suitable or acceptable cell found
[2023-01-10 08:52:02.239] [nas] [error] PLMN selection failure, no cells in coverage
[2023-01-10 08:52:20.822] [rrc] [warning] Acceptable cell selection failed, no cell is in coverage
[2023-01-10 08:52:20.822] [rrc] [error] Cell selection failure, no suitable or acceptable cell found
[2023-01-10 08:52:33.067] [nas] [error] PLMN selection failure, no cells in coverage
[2023-01-10 08:52:50.834] [rrc] [warning] Acceptable cell selection failed, no cell is in coverage
[2023-01-10 08:52:50.834] [rrc] [error] Cell selection failure, no suitable or acceptable cell found
[2023-01-10 08:53:03.896] [nas] [error] PLMN selection failure, no cells in coverage
[2023-01-10 08:53:20.846] [rrc] [warning] Acceptable cell selection failed, no cell is in coverage
[2023-01-10 08:53:20.846] [rrc] [error] Cell selection failure, no suitable or acceptable cell found
[2023-01-10 08:53:34.724] [nas] [error] PLMN selection failure, no cells in coverage
[2023-01-10 08:53:50.858] [rrc] [warning] Acceptable cell selection failed, no cell is in coverage
[2023-01-10 08:53:50.858] [rrc] [error] Cell selection failure, no suitable or acceptable cell found
[2023-01-10 08:54:05.552] [nas] [error] PLMN selection failure, no cells in coverage
[2023-01-10 08:54:20.870] [rrc] [warning] Acceptable cell selection failed, no cell is in coverage
[2023-01-10 08:54:20.870] [rrc] [error] Cell selection failure, no suitable or acceptable cell found
[2023-01-10 08:54:36.380] [nas] [error] PLMN selection failure, no cells in coverage
[2023-01-10 08:54:50.882] [rrc] [warning] Acceptable cell selection failed, no cell is in coverage
[2023-01-10 08:54:50.882] [rrc] [error] Cell selection failure, no suitable or acceptable cell found
[2023-01-10 08:55:07.208] [nas] [error] PLMN selection failure, no cells in coverage
[2023-01-10 08:55:20.894] [rrc] [warning] Acceptable cell selection failed, no cell is in coverage
[2023-01-10 08:55:20.894] [rrc] [error] Cell selection failure, no suitable or acceptable cell found
[2023-01-10 08:55:38.037] [nas] [error] PLMN selection failure, no cells in coverage
[2023-01-10 08:55:50.906] [rrc] [warning] Acceptable cell selection failed, no cell is in coverage
[2023-01-10 08:55:50.906] [rrc] [error] Cell selection failure, no suitable or acceptable cell found
[2023-01-10 08:56:08.865] [nas] [error] PLMN selection failure, no cells in coverage
[2023-01-10 08:56:20.918] [rrc] [warning] Acceptable cell selection failed, no cell is in coverage
[2023-01-10 08:56:20.918] [rrc] [error] Cell selection failure, no suitable or acceptable cell found
[2023-01-10 08:56:39.693] [nas] [error] PLMN selection failure, no cells in coverage
[2023-01-10 08:56:50.930] [rrc] [warning] Acceptable cell selection failed, no cell is in coverage
[2023-01-10 08:56:50.930] [rrc] [error] Cell selection failure, no suitable or acceptable cell found
[2023-01-10 08:57:10.521] [nas] [error] PLMN selection failure, no cells in coverage
[2023-01-10 08:57:20.942] [rrc] [warning] Acceptable cell selection failed, no cell is in coverage
[2023-01-10 08:57:20.942] [rrc] [error] Cell selection failure, no suitable or acceptable cell found
[2023-01-10 08:57:41.349] [nas] [error] PLMN selection failure, no cells in coverage
[2023-01-10 08:57:50.954] [rrc] [warning] Acceptable cell selection failed, no cell is in coverage
[2023-01-10 08:57:50.954] [rrc] [error] Cell selection failure, no suitable or acceptable cell found
[2023-01-10 08:58:12.177] [nas] [error] PLMN selection failure, no cells in coverage
[2023-01-10 08:58:20.967] [rrc] [warning] Acceptable cell selection failed, no cell is in coverage
[2023-01-10 08:58:20.967] [rrc] [error] Cell selection failure, no suitable or acceptable cell found
[2023-01-10 08:58:43.006] [nas] [error] PLMN selection failure, no cells in coverage
[2023-01-10 08:58:50.979] [rrc] [warning] Acceptable cell selection failed, no cell is in coverage
[2023-01-10 08:58:50.979] [rrc] [error] Cell selection failure, no suitable or acceptable cell found
[2023-01-10 08:59:13.834] [nas] [error] PLMN selection failure, no cells in coverage
[2023-01-10 08:59:20.991] [rrc] [warning] Acceptable cell selection failed, no cell is in coverage
[2023-01-10 08:59:20.991] [rrc] [error] Cell selection failure, no suitable or acceptable cell found
[2023-01-10 08:59:44.663] [nas] [error] PLMN selection failure, no cells in coverage
[2023-01-10 08:59:51.003] [rrc] [warning] Acceptable cell selection failed, no cell is in coverage
[2023-01-10 08:59:51.003] [rrc] [error] Cell selection failure, no suitable or acceptable cell found
[2023-01-10 09:00:15.491] [nas] [error] PLMN selection failure, no cells in coverage
[2023-01-10 09:00:21.015] [rrc] [warning] Acceptable cell selection failed, no cell is in coverage
[2023-01-10 09:00:21.015] [rrc] [error] Cell selection failure, no suitable or acceptable cell found
[2023-01-10 09:00:46.319] [nas] [error] PLMN selection failure, no cells in coverage
[2023-01-10 09:00:51.027] [rrc] [warning] Acceptable cell selection failed, no cell is in coverage
[2023-01-10 09:00:51.027] [rrc] [error] Cell selection failure, no suitable or acceptable cell found
[2023-01-10 09:01:17.147] [nas] [error] PLMN selection failure, no cells in coverage
[2023-01-10 09:01:21.039] [rrc] [warning] Acceptable cell selection failed, no cell is in coverage
[2023-01-10 09:01:21.039] [rrc] [error] Cell selection failure, no suitable or acceptable cell found
[2023-01-10 09:01:47.975] [nas] [error] PLMN selection failure, no cells in coverage
[2023-01-10 09:01:51.051] [rrc] [warning] Acceptable cell selection failed, no cell is in coverage
[2023-01-10 09:01:51.051] [rrc] [error] Cell selection failure, no suitable or acceptable cell found
[2023-01-10 09:02:18.803] [nas] [error] PLMN selection failure, no cells in coverage
[2023-01-10 09:02:21.063] [rrc] [warning] Acceptable cell selection failed, no cell is in coverage
[2023-01-10 09:02:21.063] [rrc] [error] Cell selection failure, no suitable or acceptable cell found
[2023-01-10 09:02:49.631] [nas] [error] PLMN selection failure, no cells in coverage
[2023-01-10 09:02:51.075] [rrc] [warning] Acceptable cell selection failed, no cell is in coverage
[2023-01-10 09:02:51.075] [rrc] [error] Cell selection failure, no suitable or acceptable cell found
[2023-01-10 09:03:20.460] [nas] [error] PLMN selection failure, no cells in coverage
[2023-01-10 09:03:21.087] [rrc] [warning] Acceptable cell selection failed, no cell is in coverage
[2023-01-10 09:03:21.087] [rrc] [error] Cell selection failure, no suitable or acceptable cell found
[2023-01-10 09:03:51.100] [rrc] [warning] Acceptable cell selection failed, no cell is in coverage
[2023-01-10 09:03:51.100] [rrc] [error] Cell selection failure, no suitable or acceptable cell found
[2023-01-10 09:03:51.290] [nas] [error] PLMN selection failure, no cells in coverage
[2023-01-10 09:04:21.112] [rrc] [warning] Acceptable cell selection failed, no cell is in coverage
[2023-01-10 09:04:21.112] [rrc] [error] Cell selection failure, no suitable or acceptable cell found
[2023-01-10 09:04:22.118] [nas] [error] PLMN selection failure, no cells in coverage
[2023-01-10 09:04:51.124] [rrc] [warning] Acceptable cell selection failed, no cell is in coverage
[2023-01-10 09:04:51.124] [rrc] [error] Cell selection failure, no suitable or acceptable cell found
[2023-01-10 09:04:52.946] [nas] [error] PLMN selection failure, no cells in coverage
[2023-01-10 09:05:21.136] [rrc] [warning] Acceptable cell selection failed, no cell is in coverage
[2023-01-10 09:05:21.136] [rrc] [error] Cell selection failure, no suitable or acceptable cell found
[2023-01-10 09:05:23.774] [nas] [error] PLMN selection failure, no cells in coverage
[2023-01-10 09:05:51.148] [rrc] [warning] Acceptable cell selection failed, no cell is in coverage
[2023-01-10 09:05:51.148] [rrc] [error] Cell selection failure, no suitable or acceptable cell found
[2023-01-10 09:05:54.602] [nas] [error] PLMN selection failure, no cells in coverage
[2023-01-10 09:06:21.160] [rrc] [warning] Acceptable cell selection failed, no cell is in coverage
[2023-01-10 09:06:21.160] [rrc] [error] Cell selection failure, no suitable or acceptable cell found
[2023-01-10 09:06:25.430] [nas] [error] PLMN selection failure, no cells in coverage
[2023-01-10 09:06:51.172] [rrc] [warning] Acceptable cell selection failed, no cell is in coverage
[2023-01-10 09:06:51.172] [rrc] [error] Cell selection failure, no suitable or acceptable cell found
