UERANSIM v3.2.6
[2023-01-10 08:44:18.611] [nas] [info] UE switches to state [MM-DEREGISTERED/PLMN-SEARCH]
[2023-01-10 08:44:18.611] [rrc] [debug] New signal detected for cell[1], total [1] cells in coverage
[2023-01-10 08:44:18.611] [nas] [info] Selected plmn[208/93]
[2023-01-10 08:44:18.611] [rrc] [info] Selected cell plmn[208/93] tac[1] category[SUITABLE]
[2023-01-10 08:44:18.611] [nas] [info] UE switches to state [MM-DEREGISTERED/PS]
[2023-01-10 08:44:18.611] [nas] [info] UE switches to state [MM-DEREGISTERED/NORMAL-SERVICE]
[2023-01-10 08:44:18.611] [nas] [debug] Initial registration required due to [MM-DEREG-NORMAL-SERVICE]
[2023-01-10 08:44:18.612] [nas] [debug] UAC access attempt is allowed for identity[0], category[MO_sig]
[2023-01-10 08:44:18.612] [nas] [debug] Sending Initial Registration
[2023-01-10 08:44:18.612] [nas] [info] UE switches to state [MM-REGISTER-INITIATED]
[2023-01-10 08:44:18.612] [rrc] [debug] Sending RRC Setup Request
[2023-01-10 08:44:18.612] [rrc] [info] RRC connection established
[2023-01-10 08:44:18.612] [rrc] [info] UE switches to state [RRC-CONNECTED]
[2023-01-10 08:44:18.613] [nas] [info] UE switches to state [CM-CONNECTED]
[2023-01-10 08:44:18.635] [nas] [debug] Authentication Request received
[2023-01-10 08:44:18.635] [nas] [debug] Sending Authentication Failure due to SQN out of range
[2023-01-10 08:44:18.651] [nas] [debug] Authentication Request received
[2023-01-10 08:44:18.659] [nas] [debug] Security Mode Command received
[2023-01-10 08:44:18.659] [nas] [debug] Selected integrity[2] ciphering[0]
[2023-01-10 08:44:18.694] [nas] [debug] Registration accept received
[2023-01-10 08:44:18.694] [nas] [info] UE switches to state [MM-REGISTERED/NORMAL-SERVICE]
[2023-01-10 08:44:18.694] [nas] [debug] Sending Registration Complete
[2023-01-10 08:44:18.694] [nas] [info] Initial Registration is successful
[2023-01-10 08:44:18.694] [nas] [debug] Sending PDU Session Establishment Request
[2023-01-10 08:44:18.694] [nas] [debug] UAC access attempt is allowed for identity[0], category[MO_sig]
[2023-01-10 08:44:18.935] [nas] [debug] PDU Session Establishment Accept received
[2023-01-10 08:44:18.935] [nas] [info] PDU Session establishment is successful PSI[1]
[2023-01-10 08:44:18.955] [app] [info] Connection setup for PDU session[1] is successful, TUN interface[uesimtun42, 10.60.0.47] is up.
[2023-01-10 08:46:17.880] [nas] [debug] De-registration required due to [NORMAL]
[2023-01-10 08:46:17.890] [nas] [debug] Starting de-registration procedure due to [NORMAL]
[2023-01-10 08:46:17.890] [nas] [debug] Performing local release of PDU session[1]
[2023-01-10 08:46:17.890] [nas] [info] UE switches to state [MM-DEREGISTER-INITIATED]
[2023-01-10 08:46:18.135] [nas] [debug] Sending PDU Session Establishment Request
[2023-01-10 08:46:18.282] [nas] [error] No response from RRC from UAC checks, considering access attempt is barred
[2023-01-10 08:46:18.318] [rrc] [debug] Signal lost for cell[1], total [0] cells in coverage
[2023-01-10 08:46:18.319] [nas] [error] Radio link failure detected
[2023-01-10 08:46:18.319] [nas] [info] UE switches to state [CM-IDLE]
[2023-01-10 08:46:18.319] [nas] [info] UE switches to state [MM-DEREGISTERED/PS]
[2023-01-10 08:46:18.319] [nas] [info] UE switches to state [MM-DEREGISTERED/PLMN-SEARCH]
[2023-01-10 08:46:18.319] [nas] [error] PLMN selection failure, no cells in coverage
[2023-01-10 08:46:18.656] [rrc] [warning] Acceptable cell selection failed, no cell is in coverage
[2023-01-10 08:46:18.656] [rrc] [error] Cell selection failure, no suitable or acceptable cell found
[2023-01-10 08:46:20.823] [nas] [error] PLMN selection failure, no cells in coverage
[2023-01-10 08:46:23.026] [nas] [error] PLMN selection failure, no cells in coverage
[2023-01-10 08:46:24.127] [nas] [info] UE switches to state [MM-DEREGISTERED/NO-CELL-AVAILABLE]
[2023-01-10 08:46:34.745] [nas] [warning] Retransmitting PDU Session Establishment Request due to T3580 expiry
[2023-01-10 08:46:34.745] [nas] [error] UAC access attempt is barred for identity[0], category[MO_sig]
[2023-01-10 08:46:48.668] [rrc] [warning] Acceptable cell selection failed, no cell is in coverage
[2023-01-10 08:46:48.669] [rrc] [error] Cell selection failure, no suitable or acceptable cell found
[2023-01-10 08:46:50.761] [nas] [warning] Retransmitting PDU Session Establishment Request due to T3580 expiry
[2023-01-10 08:46:50.761] [nas] [error] UAC access attempt is barred for identity[0], category[MO_sig]
[2023-01-10 08:46:53.854] [nas] [error] PLMN selection failure, no cells in coverage
[2023-01-10 08:47:06.778] [nas] [warning] Retransmitting PDU Session Establishment Request due to T3580 expiry
[2023-01-10 08:47:06.778] [nas] [error] UAC access attempt is barred for identity[0], category[MO_sig]
[2023-01-10 08:47:18.680] [rrc] [warning] Acceptable cell selection failed, no cell is in coverage
[2023-01-10 08:47:18.680] [rrc] [error] Cell selection failure, no suitable or acceptable cell found
[2023-01-10 08:47:22.794] [nas] [warning] Retransmitting PDU Session Establishment Request due to T3580 expiry
[2023-01-10 08:47:22.794] [nas] [error] UAC access attempt is barred for identity[0], category[MO_sig]
[2023-01-10 08:47:24.682] [nas] [error] PLMN selection failure, no cells in coverage
[2023-01-10 08:47:38.817] [nas] [error] PDU Session Establishment procedure failure, no response from the network after 5 attempts
[2023-01-10 08:47:38.817] [nas] [debug] Aborting SM procedure for PTI[1], PSI[1]
[2023-01-10 08:47:48.692] [rrc] [warning] Acceptable cell selection failed, no cell is in coverage
[2023-01-10 08:47:48.692] [rrc] [error] Cell selection failure, no suitable or acceptable cell found
[2023-01-10 08:47:55.510] [nas] [error] PLMN selection failure, no cells in coverage
[2023-01-10 08:48:18.492] [nas] [debug] De-registration required due to [NORMAL]
[2023-01-10 08:48:18.704] [rrc] [warning] Acceptable cell selection failed, no cell is in coverage
[2023-01-10 08:48:18.704] [rrc] [error] Cell selection failure, no suitable or acceptable cell found
[2023-01-10 08:48:26.338] [nas] [error] PLMN selection failure, no cells in coverage
[2023-01-10 08:48:48.716] [rrc] [warning] Acceptable cell selection failed, no cell is in coverage
[2023-01-10 08:48:48.716] [rrc] [error] Cell selection failure, no suitable or acceptable cell found
[2023-01-10 08:48:57.166] [nas] [error] PLMN selection failure, no cells in coverage
[2023-01-10 08:49:18.729] [rrc] [warning] Acceptable cell selection failed, no cell is in coverage
[2023-01-10 08:49:18.729] [rrc] [error] Cell selection failure, no suitable or acceptable cell found
[2023-01-10 08:49:27.994] [nas] [error] PLMN selection failure, no cells in coverage
[2023-01-10 08:49:48.741] [rrc] [warning] Acceptable cell selection failed, no cell is in coverage
[2023-01-10 08:49:48.741] [rrc] [error] Cell selection failure, no suitable or acceptable cell found
[2023-01-10 08:49:58.823] [nas] [error] PLMN selection failure, no cells in coverage
[2023-01-10 08:50:18.753] [rrc] [warning] Acceptable cell selection failed, no cell is in coverage
[2023-01-10 08:50:18.753] [rrc] [error] Cell selection failure, no suitable or acceptable cell found
[2023-01-10 08:50:29.652] [nas] [error] PLMN selection failure, no cells in coverage
[2023-01-10 08:50:48.765] [rrc] [warning] Acceptable cell selection failed, no cell is in coverage
[2023-01-10 08:50:48.765] [rrc] [error] Cell selection failure, no suitable or acceptable cell found
[2023-01-10 08:51:00.480] [nas] [error] PLMN selection failure, no cells in coverage
[2023-01-10 08:51:18.777] [rrc] [warning] Acceptable cell selection failed, no cell is in coverage
[2023-01-10 08:51:18.777] [rrc] [error] Cell selection failure, no suitable or acceptable cell found
[2023-01-10 08:51:31.310] [nas] [error] PLMN selection failure, no cells in coverage
[2023-01-10 08:51:48.790] [rrc] [warning] Acceptable cell selection failed, no cell is in coverage
[2023-01-10 08:51:48.790] [rrc] [error] Cell selection failure, no suitable or acceptable cell found
[2023-01-10 08:52:02.138] [nas] [error] PLMN selection failure, no cells in coverage
[2023-01-10 08:52:18.802] [rrc] [warning] Acceptable cell selection failed, no cell is in coverage
[2023-01-10 08:52:18.802] [rrc] [error] Cell selection failure, no suitable or acceptable cell found
[2023-01-10 08:52:32.966] [nas] [error] PLMN selection failure, no cells in coverage
[2023-01-10 08:52:48.815] [rrc] [warning] Acceptable cell selection failed, no cell is in coverage
[2023-01-10 08:52:48.815] [rrc] [error] Cell selection failure, no suitable or acceptable cell found
[2023-01-10 08:53:03.794] [nas] [error] PLMN selection failure, no cells in coverage
[2023-01-10 08:53:18.827] [rrc] [warning] Acceptable cell selection failed, no cell is in coverage
[2023-01-10 08:53:18.827] [rrc] [error] Cell selection failure, no suitable or acceptable cell found
[2023-01-10 08:53:34.622] [nas] [error] PLMN selection failure, no cells in coverage
[2023-01-10 08:53:48.839] [rrc] [warning] Acceptable cell selection failed, no cell is in coverage
[2023-01-10 08:53:48.839] [rrc] [error] Cell selection failure, no suitable or acceptable cell found
[2023-01-10 08:54:05.450] [nas] [error] PLMN selection failure, no cells in coverage
[2023-01-10 08:54:18.851] [rrc] [warning] Acceptable cell selection failed, no cell is in coverage
[2023-01-10 08:54:18.851] [rrc] [error] Cell selection failure, no suitable or acceptable cell found
[2023-01-10 08:54:36.278] [nas] [error] PLMN selection failure, no cells in coverage
[2023-01-10 08:54:48.863] [rrc] [warning] Acceptable cell selection failed, no cell is in coverage
[2023-01-10 08:54:48.863] [rrc] [error] Cell selection failure, no suitable or acceptable cell found
[2023-01-10 08:55:07.106] [nas] [error] PLMN selection failure, no cells in coverage
[2023-01-10 08:55:18.875] [rrc] [warning] Acceptable cell selection failed, no cell is in coverage
[2023-01-10 08:55:18.875] [rrc] [error] Cell selection failure, no suitable or acceptable cell found
[2023-01-10 08:55:37.934] [nas] [error] PLMN selection failure, no cells in coverage
[2023-01-10 08:55:48.887] [rrc] [warning] Acceptable cell selection failed, no cell is in coverage
[2023-01-10 08:55:48.887] [rrc] [error] Cell selection failure, no suitable or acceptable cell found
[2023-01-10 08:56:08.762] [nas] [error] PLMN selection failure, no cells in coverage
[2023-01-10 08:56:18.899] [rrc] [warning] Acceptable cell selection failed, no cell is in coverage
[2023-01-10 08:56:18.899] [rrc] [error] Cell selection failure, no suitable or acceptable cell found
[2023-01-10 08:56:39.590] [nas] [error] PLMN selection failure, no cells in coverage
[2023-01-10 08:56:48.911] [rrc] [warning] Acceptable cell selection failed, no cell is in coverage
[2023-01-10 08:56:48.911] [rrc] [error] Cell selection failure, no suitable or acceptable cell found
[2023-01-10 08:57:10.418] [nas] [error] PLMN selection failure, no cells in coverage
[2023-01-10 08:57:18.924] [rrc] [warning] Acceptable cell selection failed, no cell is in coverage
[2023-01-10 08:57:18.924] [rrc] [error] Cell selection failure, no suitable or acceptable cell found
[2023-01-10 08:57:41.246] [nas] [error] PLMN selection failure, no cells in coverage
[2023-01-10 08:57:48.936] [rrc] [warning] Acceptable cell selection failed, no cell is in coverage
[2023-01-10 08:57:48.936] [rrc] [error] Cell selection failure, no suitable or acceptable cell found
[2023-01-10 08:58:12.075] [nas] [error] PLMN selection failure, no cells in coverage
[2023-01-10 08:58:18.948] [rrc] [warning] Acceptable cell selection failed, no cell is in coverage
[2023-01-10 08:58:18.948] [rrc] [error] Cell selection failure, no suitable or acceptable cell found
[2023-01-10 08:58:42.904] [nas] [error] PLMN selection failure, no cells in coverage
[2023-01-10 08:58:48.960] [rrc] [warning] Acceptable cell selection failed, no cell is in coverage
[2023-01-10 08:58:48.960] [rrc] [error] Cell selection failure, no suitable or acceptable cell found
[2023-01-10 08:59:13.732] [nas] [error] PLMN selection failure, no cells in coverage
[2023-01-10 08:59:18.972] [rrc] [warning] Acceptable cell selection failed, no cell is in coverage
[2023-01-10 08:59:18.972] [rrc] [error] Cell selection failure, no suitable or acceptable cell found
[2023-01-10 08:59:44.560] [nas] [error] PLMN selection failure, no cells in coverage
[2023-01-10 08:59:48.984] [rrc] [warning] Acceptable cell selection failed, no cell is in coverage
[2023-01-10 08:59:48.984] [rrc] [error] Cell selection failure, no suitable or acceptable cell found
[2023-01-10 09:00:15.388] [nas] [error] PLMN selection failure, no cells in coverage
[2023-01-10 09:00:18.996] [rrc] [warning] Acceptable cell selection failed, no cell is in coverage
[2023-01-10 09:00:18.996] [rrc] [error] Cell selection failure, no suitable or acceptable cell found
[2023-01-10 09:00:46.216] [nas] [error] PLMN selection failure, no cells in coverage
[2023-01-10 09:00:49.008] [rrc] [warning] Acceptable cell selection failed, no cell is in coverage
[2023-01-10 09:00:49.008] [rrc] [error] Cell selection failure, no suitable or acceptable cell found
[2023-01-10 09:01:17.044] [nas] [error] PLMN selection failure, no cells in coverage
[2023-01-10 09:01:19.020] [rrc] [warning] Acceptable cell selection failed, no cell is in coverage
[2023-01-10 09:01:19.020] [rrc] [error] Cell selection failure, no suitable or acceptable cell found
[2023-01-10 09:01:47.873] [nas] [error] PLMN selection failure, no cells in coverage
[2023-01-10 09:01:49.032] [rrc] [warning] Acceptable cell selection failed, no cell is in coverage
[2023-01-10 09:01:49.032] [rrc] [error] Cell selection failure, no suitable or acceptable cell found
[2023-01-10 09:02:18.701] [nas] [error] PLMN selection failure, no cells in coverage
[2023-01-10 09:02:19.044] [rrc] [warning] Acceptable cell selection failed, no cell is in coverage
[2023-01-10 09:02:19.044] [rrc] [error] Cell selection failure, no suitable or acceptable cell found
[2023-01-10 09:02:49.056] [rrc] [warning] Acceptable cell selection failed, no cell is in coverage
[2023-01-10 09:02:49.056] [rrc] [error] Cell selection failure, no suitable or acceptable cell found
[2023-01-10 09:02:49.529] [nas] [error] PLMN selection failure, no cells in coverage
[2023-01-10 09:03:19.070] [rrc] [warning] Acceptable cell selection failed, no cell is in coverage
[2023-01-10 09:03:19.070] [rrc] [error] Cell selection failure, no suitable or acceptable cell found
[2023-01-10 09:03:20.357] [nas] [error] PLMN selection failure, no cells in coverage
[2023-01-10 09:03:49.082] [rrc] [warning] Acceptable cell selection failed, no cell is in coverage
[2023-01-10 09:03:49.082] [rrc] [error] Cell selection failure, no suitable or acceptable cell found
[2023-01-10 09:03:51.185] [nas] [error] PLMN selection failure, no cells in coverage
[2023-01-10 09:04:19.094] [rrc] [warning] Acceptable cell selection failed, no cell is in coverage
[2023-01-10 09:04:19.094] [rrc] [error] Cell selection failure, no suitable or acceptable cell found
[2023-01-10 09:04:22.013] [nas] [error] PLMN selection failure, no cells in coverage
[2023-01-10 09:04:49.106] [rrc] [warning] Acceptable cell selection failed, no cell is in coverage
[2023-01-10 09:04:49.106] [rrc] [error] Cell selection failure, no suitable or acceptable cell found
[2023-01-10 09:04:52.842] [nas] [error] PLMN selection failure, no cells in coverage
[2023-01-10 09:05:19.118] [rrc] [warning] Acceptable cell selection failed, no cell is in coverage
[2023-01-10 09:05:19.118] [rrc] [error] Cell selection failure, no suitable or acceptable cell found
[2023-01-10 09:05:23.670] [nas] [error] PLMN selection failure, no cells in coverage
[2023-01-10 09:05:49.130] [rrc] [warning] Acceptable cell selection failed, no cell is in coverage
[2023-01-10 09:05:49.130] [rrc] [error] Cell selection failure, no suitable or acceptable cell found
[2023-01-10 09:05:54.498] [nas] [error] PLMN selection failure, no cells in coverage
[2023-01-10 09:06:19.142] [rrc] [warning] Acceptable cell selection failed, no cell is in coverage
[2023-01-10 09:06:19.142] [rrc] [error] Cell selection failure, no suitable or acceptable cell found
[2023-01-10 09:06:25.326] [nas] [error] PLMN selection failure, no cells in coverage
[2023-01-10 09:06:49.154] [rrc] [warning] Acceptable cell selection failed, no cell is in coverage
[2023-01-10 09:06:49.154] [rrc] [error] Cell selection failure, no suitable or acceptable cell found
