UERANSIM v3.2.6
[2023-01-10 08:46:02.717] [nas] [info] UE switches to state [MM-DEREGISTERED/PLMN-SEARCH]
[2023-01-10 08:46:02.729] [rrc] [debug] New signal detected for cell[1], total [1] cells in coverage
[2023-01-10 08:46:02.729] [nas] [info] Selected plmn[208/93]
[2023-01-10 08:46:02.729] [rrc] [info] Selected cell plmn[208/93] tac[1] category[SUITABLE]
[2023-01-10 08:46:02.729] [nas] [info] UE switches to state [MM-DEREGISTERED/PS]
[2023-01-10 08:46:02.729] [nas] [info] UE switches to state [MM-DEREGISTERED/NORMAL-SERVICE]
[2023-01-10 08:46:02.729] [nas] [debug] Initial registration required due to [MM-DEREG-NORMAL-SERVICE]
[2023-01-10 08:46:02.729] [nas] [debug] UAC access attempt is allowed for identity[0], category[MO_sig]
[2023-01-10 08:46:02.729] [nas] [debug] Sending Initial Registration
[2023-01-10 08:46:02.729] [nas] [info] UE switches to state [MM-REGISTER-INITIATED]
[2023-01-10 08:46:02.729] [rrc] [debug] Sending RRC Setup Request
[2023-01-10 08:46:02.730] [rrc] [info] RRC connection established
[2023-01-10 08:46:02.730] [rrc] [info] UE switches to state [RRC-CONNECTED]
[2023-01-10 08:46:02.730] [nas] [info] UE switches to state [CM-CONNECTED]
[2023-01-10 08:46:02.748] [nas] [debug] Authentication Request received
[2023-01-10 08:46:02.748] [nas] [debug] Sending Authentication Failure due to SQN out of range
[2023-01-10 08:46:02.760] [nas] [debug] Authentication Request received
[2023-01-10 08:46:02.766] [nas] [debug] Security Mode Command received
[2023-01-10 08:46:02.766] [nas] [debug] Selected integrity[2] ciphering[0]
[2023-01-10 08:46:02.796] [nas] [debug] Registration accept received
[2023-01-10 08:46:02.796] [nas] [info] UE switches to state [MM-REGISTERED/NORMAL-SERVICE]
[2023-01-10 08:46:02.796] [nas] [debug] Sending Registration Complete
[2023-01-10 08:46:02.796] [nas] [info] Initial Registration is successful
[2023-01-10 08:46:02.796] [nas] [debug] Sending PDU Session Establishment Request
[2023-01-10 08:46:02.796] [nas] [debug] UAC access attempt is allowed for identity[0], category[MO_sig]
[2023-01-10 08:46:03.035] [nas] [debug] PDU Session Establishment Accept received
[2023-01-10 08:46:03.035] [nas] [info] PDU Session establishment is successful PSI[1]
[2023-01-10 08:46:03.064] [app] [info] Connection setup for PDU session[1] is successful, TUN interface[uesimtun94, 10.60.0.99] is up.
[2023-01-10 08:46:18.074] [nas] [debug] Sending PDU Session Release Request for PSI[1]
[2023-01-10 08:46:18.230] [nas] [debug] De-registration required due to [NORMAL]
[2023-01-10 08:46:18.237] [nas] [debug] Starting de-registration procedure due to [NORMAL]
[2023-01-10 08:46:18.237] [nas] [debug] Performing local release of PDU session[1]
[2023-01-10 08:46:18.237] [nas] [info] UE switches to state [MM-DEREGISTER-INITIATED]
[2023-01-10 08:46:18.721] [rrc] [debug] Signal lost for cell[1], total [0] cells in coverage
[2023-01-10 08:46:18.721] [nas] [error] Radio link failure detected
[2023-01-10 08:46:18.721] [nas] [info] UE switches to state [CM-IDLE]
[2023-01-10 08:46:18.721] [nas] [info] UE switches to state [MM-DEREGISTERED/PS]
[2023-01-10 08:46:18.721] [nas] [info] UE switches to state [MM-DEREGISTERED/PLMN-SEARCH]
[2023-01-10 08:46:18.721] [nas] [error] PLMN selection failure, no cells in coverage
[2023-01-10 08:46:20.227] [rrc] [warning] Acceptable cell selection failed, no cell is in coverage
[2023-01-10 08:46:20.227] [rrc] [error] Cell selection failure, no suitable or acceptable cell found
[2023-01-10 08:46:21.442] [nas] [error] PLMN selection failure, no cells in coverage
[2023-01-10 08:46:23.644] [nas] [error] PLMN selection failure, no cells in coverage
[2023-01-10 08:46:24.745] [nas] [info] UE switches to state [MM-DEREGISTERED/NO-CELL-AVAILABLE]
[2023-01-10 08:46:34.753] [nas] [warning] Retransmitting PDU Session Release Request due to T3582 expiry
[2023-01-10 08:46:34.753] [nas] [debug] NAS Transport aborted, no active cell
[2023-01-10 08:46:50.239] [rrc] [warning] Acceptable cell selection failed, no cell is in coverage
[2023-01-10 08:46:50.239] [rrc] [error] Cell selection failure, no suitable or acceptable cell found
[2023-01-10 08:46:50.770] [nas] [warning] Retransmitting PDU Session Release Request due to T3582 expiry
[2023-01-10 08:46:50.770] [nas] [debug] NAS Transport aborted, no active cell
[2023-01-10 08:46:54.472] [nas] [error] PLMN selection failure, no cells in coverage
[2023-01-10 08:47:06.786] [nas] [warning] Retransmitting PDU Session Release Request due to T3582 expiry
[2023-01-10 08:47:06.786] [nas] [debug] NAS Transport aborted, no active cell
[2023-01-10 08:47:20.251] [rrc] [warning] Acceptable cell selection failed, no cell is in coverage
[2023-01-10 08:47:20.251] [rrc] [error] Cell selection failure, no suitable or acceptable cell found
[2023-01-10 08:47:22.803] [nas] [warning] Retransmitting PDU Session Release Request due to T3582 expiry
[2023-01-10 08:47:22.803] [nas] [debug] NAS Transport aborted, no active cell
[2023-01-10 08:47:25.300] [nas] [error] PLMN selection failure, no cells in coverage
[2023-01-10 08:47:38.820] [nas] [error] PDU Session Release procedure failure, no response from the network after 5 attempts
[2023-01-10 08:47:38.820] [nas] [debug] Aborting SM procedure for PTI[1], PSI[1]
[2023-01-10 08:47:38.820] [nas] [debug] Performing local release of PDU session[1]
[2023-01-10 08:47:38.820] [nas] [debug] Mobility registration updating required due to [PS-STATUS-INFORM]
[2023-01-10 08:47:50.263] [rrc] [warning] Acceptable cell selection failed, no cell is in coverage
[2023-01-10 08:47:50.263] [rrc] [error] Cell selection failure, no suitable or acceptable cell found
[2023-01-10 08:47:56.128] [nas] [error] PLMN selection failure, no cells in coverage
[2023-01-10 08:48:18.487] [nas] [debug] De-registration required due to [NORMAL]
[2023-01-10 08:48:20.275] [rrc] [warning] Acceptable cell selection failed, no cell is in coverage
[2023-01-10 08:48:20.275] [rrc] [error] Cell selection failure, no suitable or acceptable cell found
[2023-01-10 08:48:26.956] [nas] [error] PLMN selection failure, no cells in coverage
[2023-01-10 08:48:50.287] [rrc] [warning] Acceptable cell selection failed, no cell is in coverage
[2023-01-10 08:48:50.287] [rrc] [error] Cell selection failure, no suitable or acceptable cell found
[2023-01-10 08:48:57.784] [nas] [error] PLMN selection failure, no cells in coverage
[2023-01-10 08:49:20.299] [rrc] [warning] Acceptable cell selection failed, no cell is in coverage
[2023-01-10 08:49:20.299] [rrc] [error] Cell selection failure, no suitable or acceptable cell found
[2023-01-10 08:49:28.612] [nas] [error] PLMN selection failure, no cells in coverage
[2023-01-10 08:49:50.311] [rrc] [warning] Acceptable cell selection failed, no cell is in coverage
[2023-01-10 08:49:50.311] [rrc] [error] Cell selection failure, no suitable or acceptable cell found
[2023-01-10 08:49:59.440] [nas] [error] PLMN selection failure, no cells in coverage
[2023-01-10 08:50:20.323] [rrc] [warning] Acceptable cell selection failed, no cell is in coverage
[2023-01-10 08:50:20.323] [rrc] [error] Cell selection failure, no suitable or acceptable cell found
[2023-01-10 08:50:30.268] [nas] [error] PLMN selection failure, no cells in coverage
[2023-01-10 08:50:50.336] [rrc] [warning] Acceptable cell selection failed, no cell is in coverage
[2023-01-10 08:50:50.336] [rrc] [error] Cell selection failure, no suitable or acceptable cell found
[2023-01-10 08:51:01.096] [nas] [error] PLMN selection failure, no cells in coverage
[2023-01-10 08:51:20.348] [rrc] [warning] Acceptable cell selection failed, no cell is in coverage
[2023-01-10 08:51:20.348] [rrc] [error] Cell selection failure, no suitable or acceptable cell found
[2023-01-10 08:51:31.924] [nas] [error] PLMN selection failure, no cells in coverage
[2023-01-10 08:51:50.361] [rrc] [warning] Acceptable cell selection failed, no cell is in coverage
[2023-01-10 08:51:50.361] [rrc] [error] Cell selection failure, no suitable or acceptable cell found
[2023-01-10 08:52:02.753] [nas] [error] PLMN selection failure, no cells in coverage
[2023-01-10 08:52:20.373] [rrc] [warning] Acceptable cell selection failed, no cell is in coverage
[2023-01-10 08:52:20.373] [rrc] [error] Cell selection failure, no suitable or acceptable cell found
[2023-01-10 08:52:33.581] [nas] [error] PLMN selection failure, no cells in coverage
[2023-01-10 08:52:50.385] [rrc] [warning] Acceptable cell selection failed, no cell is in coverage
[2023-01-10 08:52:50.385] [rrc] [error] Cell selection failure, no suitable or acceptable cell found
[2023-01-10 08:53:04.409] [nas] [error] PLMN selection failure, no cells in coverage
[2023-01-10 08:53:20.397] [rrc] [warning] Acceptable cell selection failed, no cell is in coverage
[2023-01-10 08:53:20.397] [rrc] [error] Cell selection failure, no suitable or acceptable cell found
[2023-01-10 08:53:35.237] [nas] [error] PLMN selection failure, no cells in coverage
[2023-01-10 08:53:50.409] [rrc] [warning] Acceptable cell selection failed, no cell is in coverage
[2023-01-10 08:53:50.409] [rrc] [error] Cell selection failure, no suitable or acceptable cell found
[2023-01-10 08:54:06.065] [nas] [error] PLMN selection failure, no cells in coverage
[2023-01-10 08:54:20.421] [rrc] [warning] Acceptable cell selection failed, no cell is in coverage
[2023-01-10 08:54:20.421] [rrc] [error] Cell selection failure, no suitable or acceptable cell found
[2023-01-10 08:54:36.893] [nas] [error] PLMN selection failure, no cells in coverage
[2023-01-10 08:54:50.434] [rrc] [warning] Acceptable cell selection failed, no cell is in coverage
[2023-01-10 08:54:50.434] [rrc] [error] Cell selection failure, no suitable or acceptable cell found
[2023-01-10 08:55:07.721] [nas] [error] PLMN selection failure, no cells in coverage
[2023-01-10 08:55:20.446] [rrc] [warning] Acceptable cell selection failed, no cell is in coverage
[2023-01-10 08:55:20.446] [rrc] [error] Cell selection failure, no suitable or acceptable cell found
[2023-01-10 08:55:38.549] [nas] [error] PLMN selection failure, no cells in coverage
[2023-01-10 08:55:50.458] [rrc] [warning] Acceptable cell selection failed, no cell is in coverage
[2023-01-10 08:55:50.458] [rrc] [error] Cell selection failure, no suitable or acceptable cell found
[2023-01-10 08:56:09.377] [nas] [error] PLMN selection failure, no cells in coverage
[2023-01-10 08:56:20.470] [rrc] [warning] Acceptable cell selection failed, no cell is in coverage
[2023-01-10 08:56:20.470] [rrc] [error] Cell selection failure, no suitable or acceptable cell found
[2023-01-10 08:56:40.205] [nas] [error] PLMN selection failure, no cells in coverage
[2023-01-10 08:56:50.482] [rrc] [warning] Acceptable cell selection failed, no cell is in coverage
[2023-01-10 08:56:50.482] [rrc] [error] Cell selection failure, no suitable or acceptable cell found
[2023-01-10 08:57:11.033] [nas] [error] PLMN selection failure, no cells in coverage
[2023-01-10 08:57:20.494] [rrc] [warning] Acceptable cell selection failed, no cell is in coverage
[2023-01-10 08:57:20.494] [rrc] [error] Cell selection failure, no suitable or acceptable cell found
[2023-01-10 08:57:41.862] [nas] [error] PLMN selection failure, no cells in coverage
[2023-01-10 08:57:50.506] [rrc] [warning] Acceptable cell selection failed, no cell is in coverage
[2023-01-10 08:57:50.506] [rrc] [error] Cell selection failure, no suitable or acceptable cell found
[2023-01-10 08:58:12.691] [nas] [error] PLMN selection failure, no cells in coverage
[2023-01-10 08:58:20.518] [rrc] [warning] Acceptable cell selection failed, no cell is in coverage
[2023-01-10 08:58:20.518] [rrc] [error] Cell selection failure, no suitable or acceptable cell found
[2023-01-10 08:58:43.519] [nas] [error] PLMN selection failure, no cells in coverage
[2023-01-10 08:58:50.530] [rrc] [warning] Acceptable cell selection failed, no cell is in coverage
[2023-01-10 08:58:50.530] [rrc] [error] Cell selection failure, no suitable or acceptable cell found
[2023-01-10 08:59:14.347] [nas] [error] PLMN selection failure, no cells in coverage
[2023-01-10 08:59:20.542] [rrc] [warning] Acceptable cell selection failed, no cell is in coverage
[2023-01-10 08:59:20.542] [rrc] [error] Cell selection failure, no suitable or acceptable cell found
[2023-01-10 08:59:45.175] [nas] [error] PLMN selection failure, no cells in coverage
[2023-01-10 08:59:50.554] [rrc] [warning] Acceptable cell selection failed, no cell is in coverage
[2023-01-10 08:59:50.554] [rrc] [error] Cell selection failure, no suitable or acceptable cell found
[2023-01-10 09:00:16.003] [nas] [error] PLMN selection failure, no cells in coverage
[2023-01-10 09:00:20.566] [rrc] [warning] Acceptable cell selection failed, no cell is in coverage
[2023-01-10 09:00:20.566] [rrc] [error] Cell selection failure, no suitable or acceptable cell found
[2023-01-10 09:00:46.831] [nas] [error] PLMN selection failure, no cells in coverage
[2023-01-10 09:00:50.578] [rrc] [warning] Acceptable cell selection failed, no cell is in coverage
[2023-01-10 09:00:50.578] [rrc] [error] Cell selection failure, no suitable or acceptable cell found
[2023-01-10 09:01:17.659] [nas] [error] PLMN selection failure, no cells in coverage
[2023-01-10 09:01:20.590] [rrc] [warning] Acceptable cell selection failed, no cell is in coverage
[2023-01-10 09:01:20.590] [rrc] [error] Cell selection failure, no suitable or acceptable cell found
[2023-01-10 09:01:48.487] [nas] [error] PLMN selection failure, no cells in coverage
[2023-01-10 09:01:50.602] [rrc] [warning] Acceptable cell selection failed, no cell is in coverage
[2023-01-10 09:01:50.602] [rrc] [error] Cell selection failure, no suitable or acceptable cell found
[2023-01-10 09:02:19.315] [nas] [error] PLMN selection failure, no cells in coverage
[2023-01-10 09:02:20.614] [rrc] [warning] Acceptable cell selection failed, no cell is in coverage
[2023-01-10 09:02:20.614] [rrc] [error] Cell selection failure, no suitable or acceptable cell found
[2023-01-10 09:02:50.143] [nas] [error] PLMN selection failure, no cells in coverage
[2023-01-10 09:02:50.626] [rrc] [warning] Acceptable cell selection failed, no cell is in coverage
[2023-01-10 09:02:50.626] [rrc] [error] Cell selection failure, no suitable or acceptable cell found
[2023-01-10 09:03:20.638] [rrc] [warning] Acceptable cell selection failed, no cell is in coverage
[2023-01-10 09:03:20.638] [rrc] [error] Cell selection failure, no suitable or acceptable cell found
[2023-01-10 09:03:20.972] [nas] [error] PLMN selection failure, no cells in coverage
[2023-01-10 09:03:50.650] [rrc] [warning] Acceptable cell selection failed, no cell is in coverage
[2023-01-10 09:03:50.650] [rrc] [error] Cell selection failure, no suitable or acceptable cell found
[2023-01-10 09:03:51.800] [nas] [error] PLMN selection failure, no cells in coverage
[2023-01-10 09:04:20.662] [rrc] [warning] Acceptable cell selection failed, no cell is in coverage
[2023-01-10 09:04:20.662] [rrc] [error] Cell selection failure, no suitable or acceptable cell found
[2023-01-10 09:04:22.628] [nas] [error] PLMN selection failure, no cells in coverage
[2023-01-10 09:04:50.674] [rrc] [warning] Acceptable cell selection failed, no cell is in coverage
[2023-01-10 09:04:50.674] [rrc] [error] Cell selection failure, no suitable or acceptable cell found
[2023-01-10 09:04:53.456] [nas] [error] PLMN selection failure, no cells in coverage
[2023-01-10 09:05:20.686] [rrc] [warning] Acceptable cell selection failed, no cell is in coverage
[2023-01-10 09:05:20.686] [rrc] [error] Cell selection failure, no suitable or acceptable cell found
[2023-01-10 09:05:24.284] [nas] [error] PLMN selection failure, no cells in coverage
[2023-01-10 09:05:50.698] [rrc] [warning] Acceptable cell selection failed, no cell is in coverage
[2023-01-10 09:05:50.698] [rrc] [error] Cell selection failure, no suitable or acceptable cell found
[2023-01-10 09:05:55.112] [nas] [error] PLMN selection failure, no cells in coverage
[2023-01-10 09:06:20.710] [rrc] [warning] Acceptable cell selection failed, no cell is in coverage
[2023-01-10 09:06:20.710] [rrc] [error] Cell selection failure, no suitable or acceptable cell found
[2023-01-10 09:06:25.942] [nas] [error] PLMN selection failure, no cells in coverage
[2023-01-10 09:06:50.722] [rrc] [warning] Acceptable cell selection failed, no cell is in coverage
[2023-01-10 09:06:50.722] [rrc] [error] Cell selection failure, no suitable or acceptable cell found
