UERANSIM v3.2.6
[2023-01-10 08:43:10.541] [rrc] [debug] New signal detected for cell[1], total [1] cells in coverage
[2023-01-10 08:43:10.541] [nas] [info] UE switches to state [MM-DEREGISTERED/PLMN-SEARCH]
[2023-01-10 08:43:10.542] [nas] [info] Selected plmn[208/93]
[2023-01-10 08:43:13.042] [rrc] [info] Selected cell plmn[208/93] tac[1] category[SUITABLE]
[2023-01-10 08:43:13.042] [nas] [info] UE switches to state [MM-DEREGISTERED/PS]
[2023-01-10 08:43:13.042] [nas] [info] UE switches to state [MM-DEREGISTERED/NORMAL-SERVICE]
[2023-01-10 08:43:13.042] [nas] [debug] Initial registration required due to [MM-DEREG-NORMAL-SERVICE]
[2023-01-10 08:43:13.044] [nas] [debug] UAC access attempt is allowed for identity[0], category[MO_sig]
[2023-01-10 08:43:13.044] [nas] [debug] Sending Initial Registration
[2023-01-10 08:43:13.044] [rrc] [debug] Sending RRC Setup Request
[2023-01-10 08:43:13.044] [nas] [info] UE switches to state [MM-REGISTER-INITIATED]
[2023-01-10 08:43:13.045] [rrc] [info] RRC connection established
[2023-01-10 08:43:13.045] [rrc] [info] UE switches to state [RRC-CONNECTED]
[2023-01-10 08:43:13.045] [nas] [info] UE switches to state [CM-CONNECTED]
[2023-01-10 08:43:13.065] [nas] [debug] Authentication Request received
[2023-01-10 08:43:13.065] [nas] [debug] Sending Authentication Failure due to SQN out of range
[2023-01-10 08:43:13.076] [nas] [debug] Authentication Request received
[2023-01-10 08:43:13.082] [nas] [debug] Security Mode Command received
[2023-01-10 08:43:13.082] [nas] [debug] Selected integrity[2] ciphering[0]
[2023-01-10 08:43:13.117] [nas] [debug] Registration accept received
[2023-01-10 08:43:13.117] [nas] [info] UE switches to state [MM-REGISTERED/NORMAL-SERVICE]
[2023-01-10 08:43:13.117] [nas] [debug] Sending Registration Complete
[2023-01-10 08:43:13.117] [nas] [info] Initial Registration is successful
[2023-01-10 08:43:13.117] [nas] [debug] Sending PDU Session Establishment Request
[2023-01-10 08:43:13.117] [nas] [debug] UAC access attempt is allowed for identity[0], category[MO_sig]
[2023-01-10 08:43:13.356] [nas] [debug] PDU Session Establishment Accept received
[2023-01-10 08:43:13.359] [nas] [info] PDU Session establishment is successful PSI[1]
[2023-01-10 08:43:13.373] [app] [info] Connection setup for PDU session[1] is successful, TUN interface[uesimtun9, 10.60.0.14] is up.
[2023-01-10 08:46:17.276] [nas] [debug] Sending PDU Session Establishment Request
[2023-01-10 08:46:17.399] [nas] [error] No response from RRC from UAC checks, considering access attempt is barred
[2023-01-10 08:46:18.058] [nas] [debug] Sending PDU Session Release Request for PSI[1]
[2023-01-10 08:46:18.119] [rrc] [debug] Signal lost for cell[1], total [0] cells in coverage
[2023-01-10 08:46:18.119] [nas] [error] Radio link failure detected
[2023-01-10 08:46:18.119] [nas] [info] UE switches to state [CM-IDLE]
[2023-01-10 08:46:18.119] [nas] [info] UE switches to state [MM-REGISTERED/PS]
[2023-01-10 08:46:18.119] [nas] [info] UE switches to state [MM-REGISTERED/PLMN-SEARCH]
[2023-01-10 08:46:18.119] [nas] [error] PLMN selection failure, no cells in coverage
[2023-01-10 08:46:20.619] [rrc] [warning] Acceptable cell selection failed, no cell is in coverage
[2023-01-10 08:46:20.619] [rrc] [error] Cell selection failure, no suitable or acceptable cell found
[2023-01-10 08:46:21.017] [nas] [error] PLMN selection failure, no cells in coverage
[2023-01-10 08:46:23.219] [nas] [info] UE switches to state [MM-REGISTERED/NO-CELL-AVAILABLE]
[2023-01-10 08:46:33.759] [nas] [warning] Retransmitting PDU Session Establishment Request due to T3580 expiry
[2023-01-10 08:46:33.759] [nas] [error] UAC access attempt is barred for identity[0], category[MO_sig]
[2023-01-10 08:46:34.760] [nas] [warning] Retransmitting PDU Session Release Request due to T3582 expiry
[2023-01-10 08:46:34.760] [nas] [debug] NAS Transport aborted, no active cell
[2023-01-10 08:46:49.776] [nas] [warning] Retransmitting PDU Session Establishment Request due to T3580 expiry
[2023-01-10 08:46:49.778] [nas] [error] UAC access attempt is barred for identity[0], category[MO_sig]
[2023-01-10 08:46:50.632] [rrc] [warning] Acceptable cell selection failed, no cell is in coverage
[2023-01-10 08:46:50.632] [rrc] [error] Cell selection failure, no suitable or acceptable cell found
[2023-01-10 08:46:50.777] [nas] [warning] Retransmitting PDU Session Release Request due to T3582 expiry
[2023-01-10 08:46:50.777] [nas] [debug] NAS Transport aborted, no active cell
[2023-01-10 08:46:51.845] [nas] [error] PLMN selection failure, no cells in coverage
[2023-01-10 08:47:05.794] [nas] [warning] Retransmitting PDU Session Establishment Request due to T3580 expiry
[2023-01-10 08:47:05.797] [nas] [error] UAC access attempt is barred for identity[0], category[MO_sig]
[2023-01-10 08:47:06.797] [nas] [warning] Retransmitting PDU Session Release Request due to T3582 expiry
[2023-01-10 08:47:06.797] [nas] [debug] NAS Transport aborted, no active cell
[2023-01-10 08:47:20.644] [rrc] [warning] Acceptable cell selection failed, no cell is in coverage
[2023-01-10 08:47:20.644] [rrc] [error] Cell selection failure, no suitable or acceptable cell found
[2023-01-10 08:47:21.812] [nas] [warning] Retransmitting PDU Session Establishment Request due to T3580 expiry
[2023-01-10 08:47:21.813] [nas] [error] UAC access attempt is barred for identity[0], category[MO_sig]
[2023-01-10 08:47:22.684] [nas] [error] PLMN selection failure, no cells in coverage
[2023-01-10 08:47:22.814] [nas] [warning] Retransmitting PDU Session Release Request due to T3582 expiry
[2023-01-10 08:47:22.814] [nas] [debug] NAS Transport aborted, no active cell
[2023-01-10 08:47:37.833] [nas] [error] PDU Session Establishment procedure failure, no response from the network after 5 attempts
[2023-01-10 08:47:37.833] [nas] [debug] Aborting SM procedure for PTI[1], PSI[2]
[2023-01-10 08:47:38.834] [nas] [error] PDU Session Release procedure failure, no response from the network after 5 attempts
[2023-01-10 08:47:38.834] [nas] [debug] Aborting SM procedure for PTI[2], PSI[1]
[2023-01-10 08:47:38.834] [nas] [debug] Performing local release of PDU session[1]
[2023-01-10 08:47:38.834] [nas] [debug] Mobility registration updating required due to [PS-STATUS-INFORM]
[2023-01-10 08:47:50.656] [rrc] [warning] Acceptable cell selection failed, no cell is in coverage
[2023-01-10 08:47:50.656] [rrc] [error] Cell selection failure, no suitable or acceptable cell found
[2023-01-10 08:47:53.512] [nas] [error] PLMN selection failure, no cells in coverage
[2023-01-10 08:48:18.647] [nas] [debug] De-registration required due to [NORMAL]
[2023-01-10 08:48:20.668] [rrc] [warning] Acceptable cell selection failed, no cell is in coverage
[2023-01-10 08:48:20.668] [rrc] [error] Cell selection failure, no suitable or acceptable cell found
[2023-01-10 08:48:24.340] [nas] [error] PLMN selection failure, no cells in coverage
[2023-01-10 08:48:50.680] [rrc] [warning] Acceptable cell selection failed, no cell is in coverage
[2023-01-10 08:48:50.680] [rrc] [error] Cell selection failure, no suitable or acceptable cell found
[2023-01-10 08:48:55.170] [nas] [error] PLMN selection failure, no cells in coverage
[2023-01-10 08:49:20.692] [rrc] [warning] Acceptable cell selection failed, no cell is in coverage
[2023-01-10 08:49:20.692] [rrc] [error] Cell selection failure, no suitable or acceptable cell found
[2023-01-10 08:49:25.998] [nas] [error] PLMN selection failure, no cells in coverage
[2023-01-10 08:49:50.704] [rrc] [warning] Acceptable cell selection failed, no cell is in coverage
[2023-01-10 08:49:50.704] [rrc] [error] Cell selection failure, no suitable or acceptable cell found
[2023-01-10 08:49:56.826] [nas] [error] PLMN selection failure, no cells in coverage
[2023-01-10 08:50:20.716] [rrc] [warning] Acceptable cell selection failed, no cell is in coverage
[2023-01-10 08:50:20.716] [rrc] [error] Cell selection failure, no suitable or acceptable cell found
[2023-01-10 08:50:27.661] [nas] [error] PLMN selection failure, no cells in coverage
[2023-01-10 08:50:50.728] [rrc] [warning] Acceptable cell selection failed, no cell is in coverage
[2023-01-10 08:50:50.728] [rrc] [error] Cell selection failure, no suitable or acceptable cell found
[2023-01-10 08:50:58.489] [nas] [error] PLMN selection failure, no cells in coverage
[2023-01-10 08:51:20.740] [rrc] [warning] Acceptable cell selection failed, no cell is in coverage
[2023-01-10 08:51:20.740] [rrc] [error] Cell selection failure, no suitable or acceptable cell found
[2023-01-10 08:51:29.317] [nas] [error] PLMN selection failure, no cells in coverage
[2023-01-10 08:51:50.753] [rrc] [warning] Acceptable cell selection failed, no cell is in coverage
[2023-01-10 08:51:50.753] [rrc] [error] Cell selection failure, no suitable or acceptable cell found
[2023-01-10 08:52:00.145] [nas] [error] PLMN selection failure, no cells in coverage
[2023-01-10 08:52:20.765] [rrc] [warning] Acceptable cell selection failed, no cell is in coverage
[2023-01-10 08:52:20.765] [rrc] [error] Cell selection failure, no suitable or acceptable cell found
[2023-01-10 08:52:30.973] [nas] [error] PLMN selection failure, no cells in coverage
[2023-01-10 08:52:50.777] [rrc] [warning] Acceptable cell selection failed, no cell is in coverage
[2023-01-10 08:52:50.777] [rrc] [error] Cell selection failure, no suitable or acceptable cell found
[2023-01-10 08:53:01.801] [nas] [error] PLMN selection failure, no cells in coverage
[2023-01-10 08:53:20.789] [rrc] [warning] Acceptable cell selection failed, no cell is in coverage
[2023-01-10 08:53:20.789] [rrc] [error] Cell selection failure, no suitable or acceptable cell found
[2023-01-10 08:53:32.629] [nas] [error] PLMN selection failure, no cells in coverage
[2023-01-10 08:53:50.801] [rrc] [warning] Acceptable cell selection failed, no cell is in coverage
[2023-01-10 08:53:50.801] [rrc] [error] Cell selection failure, no suitable or acceptable cell found
[2023-01-10 08:54:03.457] [nas] [error] PLMN selection failure, no cells in coverage
[2023-01-10 08:54:20.813] [rrc] [warning] Acceptable cell selection failed, no cell is in coverage
[2023-01-10 08:54:20.813] [rrc] [error] Cell selection failure, no suitable or acceptable cell found
[2023-01-10 08:54:34.286] [nas] [error] PLMN selection failure, no cells in coverage
[2023-01-10 08:54:50.825] [rrc] [warning] Acceptable cell selection failed, no cell is in coverage
[2023-01-10 08:54:50.825] [rrc] [error] Cell selection failure, no suitable or acceptable cell found
[2023-01-10 08:55:05.114] [nas] [error] PLMN selection failure, no cells in coverage
[2023-01-10 08:55:20.837] [rrc] [warning] Acceptable cell selection failed, no cell is in coverage
[2023-01-10 08:55:20.837] [rrc] [error] Cell selection failure, no suitable or acceptable cell found
[2023-01-10 08:55:35.942] [nas] [error] PLMN selection failure, no cells in coverage
[2023-01-10 08:55:50.849] [rrc] [warning] Acceptable cell selection failed, no cell is in coverage
[2023-01-10 08:55:50.849] [rrc] [error] Cell selection failure, no suitable or acceptable cell found
[2023-01-10 08:56:06.770] [nas] [error] PLMN selection failure, no cells in coverage
[2023-01-10 08:56:20.861] [rrc] [warning] Acceptable cell selection failed, no cell is in coverage
[2023-01-10 08:56:20.861] [rrc] [error] Cell selection failure, no suitable or acceptable cell found
[2023-01-10 08:56:37.598] [nas] [error] PLMN selection failure, no cells in coverage
[2023-01-10 08:56:50.873] [rrc] [warning] Acceptable cell selection failed, no cell is in coverage
[2023-01-10 08:56:50.873] [rrc] [error] Cell selection failure, no suitable or acceptable cell found
[2023-01-10 08:57:08.426] [nas] [error] PLMN selection failure, no cells in coverage
[2023-01-10 08:57:20.886] [rrc] [warning] Acceptable cell selection failed, no cell is in coverage
[2023-01-10 08:57:20.886] [rrc] [error] Cell selection failure, no suitable or acceptable cell found
[2023-01-10 08:57:39.254] [nas] [error] PLMN selection failure, no cells in coverage
[2023-01-10 08:57:50.898] [rrc] [warning] Acceptable cell selection failed, no cell is in coverage
[2023-01-10 08:57:50.898] [rrc] [error] Cell selection failure, no suitable or acceptable cell found
[2023-01-10 08:58:10.082] [nas] [error] PLMN selection failure, no cells in coverage
[2023-01-10 08:58:20.910] [rrc] [warning] Acceptable cell selection failed, no cell is in coverage
[2023-01-10 08:58:20.910] [rrc] [error] Cell selection failure, no suitable or acceptable cell found
[2023-01-10 08:58:40.910] [nas] [error] PLMN selection failure, no cells in coverage
[2023-01-10 08:58:50.922] [rrc] [warning] Acceptable cell selection failed, no cell is in coverage
[2023-01-10 08:58:50.922] [rrc] [error] Cell selection failure, no suitable or acceptable cell found
[2023-01-10 08:59:11.738] [nas] [error] PLMN selection failure, no cells in coverage
[2023-01-10 08:59:20.935] [rrc] [warning] Acceptable cell selection failed, no cell is in coverage
[2023-01-10 08:59:20.935] [rrc] [error] Cell selection failure, no suitable or acceptable cell found
[2023-01-10 08:59:42.566] [nas] [error] PLMN selection failure, no cells in coverage
[2023-01-10 08:59:50.947] [rrc] [warning] Acceptable cell selection failed, no cell is in coverage
[2023-01-10 08:59:50.947] [rrc] [error] Cell selection failure, no suitable or acceptable cell found
[2023-01-10 09:00:13.394] [nas] [error] PLMN selection failure, no cells in coverage
[2023-01-10 09:00:20.959] [rrc] [warning] Acceptable cell selection failed, no cell is in coverage
[2023-01-10 09:00:20.959] [rrc] [error] Cell selection failure, no suitable or acceptable cell found
[2023-01-10 09:00:44.222] [nas] [error] PLMN selection failure, no cells in coverage
[2023-01-10 09:00:50.971] [rrc] [warning] Acceptable cell selection failed, no cell is in coverage
[2023-01-10 09:00:50.971] [rrc] [error] Cell selection failure, no suitable or acceptable cell found
[2023-01-10 09:01:15.051] [nas] [error] PLMN selection failure, no cells in coverage
[2023-01-10 09:01:20.983] [rrc] [warning] Acceptable cell selection failed, no cell is in coverage
[2023-01-10 09:01:20.983] [rrc] [error] Cell selection failure, no suitable or acceptable cell found
[2023-01-10 09:01:45.879] [nas] [error] PLMN selection failure, no cells in coverage
[2023-01-10 09:01:50.996] [rrc] [warning] Acceptable cell selection failed, no cell is in coverage
[2023-01-10 09:01:50.996] [rrc] [error] Cell selection failure, no suitable or acceptable cell found
[2023-01-10 09:02:16.707] [nas] [error] PLMN selection failure, no cells in coverage
[2023-01-10 09:02:21.008] [rrc] [warning] Acceptable cell selection failed, no cell is in coverage
[2023-01-10 09:02:21.008] [rrc] [error] Cell selection failure, no suitable or acceptable cell found
[2023-01-10 09:02:47.535] [nas] [error] PLMN selection failure, no cells in coverage
[2023-01-10 09:02:51.020] [rrc] [warning] Acceptable cell selection failed, no cell is in coverage
[2023-01-10 09:02:51.020] [rrc] [error] Cell selection failure, no suitable or acceptable cell found
[2023-01-10 09:03:18.363] [nas] [error] PLMN selection failure, no cells in coverage
[2023-01-10 09:03:21.032] [rrc] [warning] Acceptable cell selection failed, no cell is in coverage
[2023-01-10 09:03:21.032] [rrc] [error] Cell selection failure, no suitable or acceptable cell found
[2023-01-10 09:03:49.191] [nas] [error] PLMN selection failure, no cells in coverage
[2023-01-10 09:03:51.044] [rrc] [warning] Acceptable cell selection failed, no cell is in coverage
[2023-01-10 09:03:51.044] [rrc] [error] Cell selection failure, no suitable or acceptable cell found
[2023-01-10 09:04:20.019] [nas] [error] PLMN selection failure, no cells in coverage
[2023-01-10 09:04:21.057] [rrc] [warning] Acceptable cell selection failed, no cell is in coverage
[2023-01-10 09:04:21.058] [rrc] [error] Cell selection failure, no suitable or acceptable cell found
[2023-01-10 09:04:50.848] [nas] [error] PLMN selection failure, no cells in coverage
[2023-01-10 09:04:51.070] [rrc] [warning] Acceptable cell selection failed, no cell is in coverage
[2023-01-10 09:04:51.070] [rrc] [error] Cell selection failure, no suitable or acceptable cell found
[2023-01-10 09:05:21.082] [rrc] [warning] Acceptable cell selection failed, no cell is in coverage
[2023-01-10 09:05:21.082] [rrc] [error] Cell selection failure, no suitable or acceptable cell found
[2023-01-10 09:05:21.676] [nas] [error] PLMN selection failure, no cells in coverage
[2023-01-10 09:05:51.094] [rrc] [warning] Acceptable cell selection failed, no cell is in coverage
[2023-01-10 09:05:51.094] [rrc] [error] Cell selection failure, no suitable or acceptable cell found
[2023-01-10 09:05:52.504] [nas] [error] PLMN selection failure, no cells in coverage
[2023-01-10 09:06:21.106] [rrc] [warning] Acceptable cell selection failed, no cell is in coverage
[2023-01-10 09:06:21.106] [rrc] [error] Cell selection failure, no suitable or acceptable cell found
[2023-01-10 09:06:23.332] [nas] [error] PLMN selection failure, no cells in coverage
[2023-01-10 09:06:51.118] [rrc] [warning] Acceptable cell selection failed, no cell is in coverage
[2023-01-10 09:06:51.118] [rrc] [error] Cell selection failure, no suitable or acceptable cell found
[2023-01-10 09:06:54.160] [nas] [error] PLMN selection failure, no cells in coverage
