UERANSIM v3.2.6
[2023-01-10 08:45:10.661] [nas] [info] UE switches to state [MM-DEREGISTERED/PLMN-SEARCH]
[2023-01-10 08:45:10.662] [rrc] [debug] New signal detected for cell[1], total [1] cells in coverage
[2023-01-10 08:45:10.667] [nas] [info] Selected plmn[208/93]
[2023-01-10 08:45:10.667] [rrc] [info] Selected cell plmn[208/93] tac[1] category[SUITABLE]
[2023-01-10 08:45:10.667] [nas] [info] UE switches to state [MM-DEREGISTERED/PS]
[2023-01-10 08:45:10.668] [nas] [info] UE switches to state [MM-DEREGISTERED/NORMAL-SERVICE]
[2023-01-10 08:45:10.668] [nas] [debug] Initial registration required due to [MM-DEREG-NORMAL-SERVICE]
[2023-01-10 08:45:10.668] [nas] [debug] UAC access attempt is allowed for identity[0], category[MO_sig]
[2023-01-10 08:45:10.668] [nas] [debug] Sending Initial Registration
[2023-01-10 08:45:10.668] [nas] [info] UE switches to state [MM-REGISTER-INITIATED]
[2023-01-10 08:45:10.668] [rrc] [debug] Sending RRC Setup Request
[2023-01-10 08:45:10.669] [rrc] [info] RRC connection established
[2023-01-10 08:45:10.669] [rrc] [info] UE switches to state [RRC-CONNECTED]
[2023-01-10 08:45:10.669] [nas] [info] UE switches to state [CM-CONNECTED]
[2023-01-10 08:45:10.686] [nas] [debug] Authentication Request received
[2023-01-10 08:45:10.686] [nas] [debug] Sending Authentication Failure due to SQN out of range
[2023-01-10 08:45:10.698] [nas] [debug] Authentication Request received
[2023-01-10 08:45:10.703] [nas] [debug] Security Mode Command received
[2023-01-10 08:45:10.703] [nas] [debug] Selected integrity[2] ciphering[0]
[2023-01-10 08:45:10.732] [nas] [debug] Registration accept received
[2023-01-10 08:45:10.732] [nas] [info] UE switches to state [MM-REGISTERED/NORMAL-SERVICE]
[2023-01-10 08:45:10.732] [nas] [debug] Sending Registration Complete
[2023-01-10 08:45:10.732] [nas] [info] Initial Registration is successful
[2023-01-10 08:45:10.732] [nas] [debug] Sending PDU Session Establishment Request
[2023-01-10 08:45:10.732] [nas] [debug] UAC access attempt is allowed for identity[0], category[MO_sig]
[2023-01-10 08:45:10.966] [nas] [debug] PDU Session Establishment Accept received
[2023-01-10 08:45:10.967] [nas] [info] PDU Session establishment is successful PSI[1]
[2023-01-10 08:45:10.986] [app] [info] Connection setup for PDU session[1] is successful, TUN interface[uesimtun68, 10.60.0.73] is up.
[2023-01-10 08:46:16.190] [nas] [debug] De-registration required due to [NORMAL]
[2023-01-10 08:46:16.200] [nas] [debug] Starting de-registration procedure due to [NORMAL]
[2023-01-10 08:46:16.200] [nas] [debug] Performing local release of PDU session[1]
[2023-01-10 08:46:16.200] [nas] [info] UE switches to state [MM-DEREGISTER-INITIATED]
[2023-01-10 08:46:16.519] [nas] [debug] De-registration accept received
[2023-01-10 08:46:16.519] [nas] [info] UE switches to state [MM-DEREGISTERED/PS]
[2023-01-10 08:46:16.519] [nas] [info] De-registration is successful
[2023-01-10 08:46:16.519] [nas] [info] UE switches to state [MM-DEREGISTERED/NORMAL-SERVICE]
[2023-01-10 08:46:16.519] [nas] [debug] Initial registration required due to [MM-DEREG-NORMAL-SERVICE]
[2023-01-10 08:46:16.519] [nas] [debug] Sending Initial Registration
[2023-01-10 08:46:16.520] [nas] [debug] Deleting NAS security context
[2023-01-10 08:46:16.520] [nas] [info] UE switches to state [MM-REGISTER-INITIATED]
[2023-01-10 08:46:16.523] [rrc] [debug] RRC Release received
[2023-01-10 08:46:16.523] [nas] [info] UE switches to state [CM-IDLE]
[2023-01-10 08:46:16.523] [nas] [info] UE switches to state [MM-DEREGISTERED/PS]
[2023-01-10 08:46:16.523] [nas] [info] UE switches to state [5U2-NOT-UPDATED]
[2023-01-10 08:46:16.523] [nas] [info] UE switches to state [MM-DEREGISTERED/ATTEMPTING-REGISTRATION]
[2023-01-10 08:46:18.938] [rrc] [debug] Signal lost for cell[1], total [0] cells in coverage
[2023-01-10 08:46:18.938] [nas] [info] UE switches to state [MM-DEREGISTERED/PS]
[2023-01-10 08:46:18.938] [nas] [info] UE switches to state [MM-DEREGISTERED/PLMN-SEARCH]
[2023-01-10 08:46:18.938] [nas] [error] PLMN selection failure, no cells in coverage
[2023-01-10 08:46:20.695] [rrc] [warning] Acceptable cell selection failed, no cell is in coverage
[2023-01-10 08:46:20.695] [rrc] [error] Cell selection failure, no suitable or acceptable cell found
[2023-01-10 08:46:21.128] [nas] [error] PLMN selection failure, no cells in coverage
[2023-01-10 08:46:23.330] [nas] [error] PLMN selection failure, no cells in coverage
[2023-01-10 08:46:24.431] [nas] [info] UE switches to state [MM-DEREGISTERED/NO-CELL-AVAILABLE]
[2023-01-10 08:46:50.707] [rrc] [warning] Acceptable cell selection failed, no cell is in coverage
[2023-01-10 08:46:50.707] [rrc] [error] Cell selection failure, no suitable or acceptable cell found
[2023-01-10 08:46:54.159] [nas] [error] PLMN selection failure, no cells in coverage
[2023-01-10 08:47:20.719] [rrc] [warning] Acceptable cell selection failed, no cell is in coverage
[2023-01-10 08:47:20.719] [rrc] [error] Cell selection failure, no suitable or acceptable cell found
[2023-01-10 08:47:24.988] [nas] [error] PLMN selection failure, no cells in coverage
[2023-01-10 08:47:50.731] [rrc] [warning] Acceptable cell selection failed, no cell is in coverage
[2023-01-10 08:47:50.731] [rrc] [error] Cell selection failure, no suitable or acceptable cell found
[2023-01-10 08:47:55.817] [nas] [error] PLMN selection failure, no cells in coverage
[2023-01-10 08:48:20.743] [rrc] [warning] Acceptable cell selection failed, no cell is in coverage
[2023-01-10 08:48:20.743] [rrc] [error] Cell selection failure, no suitable or acceptable cell found
[2023-01-10 08:48:26.645] [nas] [error] PLMN selection failure, no cells in coverage
[2023-01-10 08:48:50.755] [rrc] [warning] Acceptable cell selection failed, no cell is in coverage
[2023-01-10 08:48:50.755] [rrc] [error] Cell selection failure, no suitable or acceptable cell found
[2023-01-10 08:48:57.474] [nas] [error] PLMN selection failure, no cells in coverage
[2023-01-10 08:49:20.767] [rrc] [warning] Acceptable cell selection failed, no cell is in coverage
[2023-01-10 08:49:20.767] [rrc] [error] Cell selection failure, no suitable or acceptable cell found
[2023-01-10 08:49:28.302] [nas] [error] PLMN selection failure, no cells in coverage
[2023-01-10 08:49:50.779] [rrc] [warning] Acceptable cell selection failed, no cell is in coverage
[2023-01-10 08:49:50.779] [rrc] [error] Cell selection failure, no suitable or acceptable cell found
[2023-01-10 08:49:59.131] [nas] [error] PLMN selection failure, no cells in coverage
[2023-01-10 08:50:20.791] [rrc] [warning] Acceptable cell selection failed, no cell is in coverage
[2023-01-10 08:50:20.791] [rrc] [error] Cell selection failure, no suitable or acceptable cell found
[2023-01-10 08:50:29.959] [nas] [error] PLMN selection failure, no cells in coverage
[2023-01-10 08:50:50.803] [rrc] [warning] Acceptable cell selection failed, no cell is in coverage
[2023-01-10 08:50:50.803] [rrc] [error] Cell selection failure, no suitable or acceptable cell found
[2023-01-10 08:51:00.788] [nas] [error] PLMN selection failure, no cells in coverage
[2023-01-10 08:51:20.815] [rrc] [warning] Acceptable cell selection failed, no cell is in coverage
[2023-01-10 08:51:20.815] [rrc] [error] Cell selection failure, no suitable or acceptable cell found
[2023-01-10 08:51:31.616] [nas] [error] PLMN selection failure, no cells in coverage
[2023-01-10 08:51:50.827] [rrc] [warning] Acceptable cell selection failed, no cell is in coverage
[2023-01-10 08:51:50.827] [rrc] [error] Cell selection failure, no suitable or acceptable cell found
[2023-01-10 08:52:02.444] [nas] [error] PLMN selection failure, no cells in coverage
[2023-01-10 08:52:20.839] [rrc] [warning] Acceptable cell selection failed, no cell is in coverage
[2023-01-10 08:52:20.839] [rrc] [error] Cell selection failure, no suitable or acceptable cell found
[2023-01-10 08:52:33.272] [nas] [error] PLMN selection failure, no cells in coverage
[2023-01-10 08:52:50.851] [rrc] [warning] Acceptable cell selection failed, no cell is in coverage
[2023-01-10 08:52:50.851] [rrc] [error] Cell selection failure, no suitable or acceptable cell found
[2023-01-10 08:53:04.101] [nas] [error] PLMN selection failure, no cells in coverage
[2023-01-10 08:53:20.863] [rrc] [warning] Acceptable cell selection failed, no cell is in coverage
[2023-01-10 08:53:20.863] [rrc] [error] Cell selection failure, no suitable or acceptable cell found
[2023-01-10 08:53:34.929] [nas] [error] PLMN selection failure, no cells in coverage
[2023-01-10 08:53:50.875] [rrc] [warning] Acceptable cell selection failed, no cell is in coverage
[2023-01-10 08:53:50.875] [rrc] [error] Cell selection failure, no suitable or acceptable cell found
[2023-01-10 08:54:05.757] [nas] [error] PLMN selection failure, no cells in coverage
[2023-01-10 08:54:20.887] [rrc] [warning] Acceptable cell selection failed, no cell is in coverage
[2023-01-10 08:54:20.887] [rrc] [error] Cell selection failure, no suitable or acceptable cell found
[2023-01-10 08:54:36.585] [nas] [error] PLMN selection failure, no cells in coverage
[2023-01-10 08:54:50.899] [rrc] [warning] Acceptable cell selection failed, no cell is in coverage
[2023-01-10 08:54:50.899] [rrc] [error] Cell selection failure, no suitable or acceptable cell found
[2023-01-10 08:55:07.413] [nas] [error] PLMN selection failure, no cells in coverage
[2023-01-10 08:55:20.911] [rrc] [warning] Acceptable cell selection failed, no cell is in coverage
[2023-01-10 08:55:20.911] [rrc] [error] Cell selection failure, no suitable or acceptable cell found
[2023-01-10 08:55:38.241] [nas] [error] PLMN selection failure, no cells in coverage
[2023-01-10 08:55:50.923] [rrc] [warning] Acceptable cell selection failed, no cell is in coverage
[2023-01-10 08:55:50.923] [rrc] [error] Cell selection failure, no suitable or acceptable cell found
[2023-01-10 08:56:09.069] [nas] [error] PLMN selection failure, no cells in coverage
[2023-01-10 08:56:20.935] [rrc] [warning] Acceptable cell selection failed, no cell is in coverage
[2023-01-10 08:56:20.935] [rrc] [error] Cell selection failure, no suitable or acceptable cell found
[2023-01-10 08:56:39.897] [nas] [error] PLMN selection failure, no cells in coverage
[2023-01-10 08:56:50.947] [rrc] [warning] Acceptable cell selection failed, no cell is in coverage
[2023-01-10 08:56:50.947] [rrc] [error] Cell selection failure, no suitable or acceptable cell found
[2023-01-10 08:57:10.725] [nas] [error] PLMN selection failure, no cells in coverage
[2023-01-10 08:57:20.959] [rrc] [warning] Acceptable cell selection failed, no cell is in coverage
[2023-01-10 08:57:20.959] [rrc] [error] Cell selection failure, no suitable or acceptable cell found
[2023-01-10 08:57:41.553] [nas] [error] PLMN selection failure, no cells in coverage
[2023-01-10 08:57:50.971] [rrc] [warning] Acceptable cell selection failed, no cell is in coverage
[2023-01-10 08:57:50.971] [rrc] [error] Cell selection failure, no suitable or acceptable cell found
[2023-01-10 08:58:12.381] [nas] [error] PLMN selection failure, no cells in coverage
[2023-01-10 08:58:20.983] [rrc] [warning] Acceptable cell selection failed, no cell is in coverage
[2023-01-10 08:58:20.983] [rrc] [error] Cell selection failure, no suitable or acceptable cell found
[2023-01-10 08:58:43.210] [nas] [error] PLMN selection failure, no cells in coverage
[2023-01-10 08:58:50.995] [rrc] [warning] Acceptable cell selection failed, no cell is in coverage
[2023-01-10 08:58:50.995] [rrc] [error] Cell selection failure, no suitable or acceptable cell found
[2023-01-10 08:59:14.038] [nas] [error] PLMN selection failure, no cells in coverage
[2023-01-10 08:59:21.007] [rrc] [warning] Acceptable cell selection failed, no cell is in coverage
[2023-01-10 08:59:21.007] [rrc] [error] Cell selection failure, no suitable or acceptable cell found
[2023-01-10 08:59:44.866] [nas] [error] PLMN selection failure, no cells in coverage
[2023-01-10 08:59:51.019] [rrc] [warning] Acceptable cell selection failed, no cell is in coverage
[2023-01-10 08:59:51.019] [rrc] [error] Cell selection failure, no suitable or acceptable cell found
[2023-01-10 09:00:15.694] [nas] [error] PLMN selection failure, no cells in coverage
[2023-01-10 09:00:21.031] [rrc] [warning] Acceptable cell selection failed, no cell is in coverage
[2023-01-10 09:00:21.031] [rrc] [error] Cell selection failure, no suitable or acceptable cell found
[2023-01-10 09:00:46.522] [nas] [error] PLMN selection failure, no cells in coverage
[2023-01-10 09:00:51.043] [rrc] [warning] Acceptable cell selection failed, no cell is in coverage
[2023-01-10 09:00:51.043] [rrc] [error] Cell selection failure, no suitable or acceptable cell found
[2023-01-10 09:01:17.350] [nas] [error] PLMN selection failure, no cells in coverage
[2023-01-10 09:01:21.055] [rrc] [warning] Acceptable cell selection failed, no cell is in coverage
[2023-01-10 09:01:21.055] [rrc] [error] Cell selection failure, no suitable or acceptable cell found
[2023-01-10 09:01:48.180] [nas] [error] PLMN selection failure, no cells in coverage
[2023-01-10 09:01:51.067] [rrc] [warning] Acceptable cell selection failed, no cell is in coverage
[2023-01-10 09:01:51.067] [rrc] [error] Cell selection failure, no suitable or acceptable cell found
[2023-01-10 09:02:19.008] [nas] [error] PLMN selection failure, no cells in coverage
[2023-01-10 09:02:21.079] [rrc] [warning] Acceptable cell selection failed, no cell is in coverage
[2023-01-10 09:02:21.079] [rrc] [error] Cell selection failure, no suitable or acceptable cell found
[2023-01-10 09:02:49.836] [nas] [error] PLMN selection failure, no cells in coverage
[2023-01-10 09:02:51.091] [rrc] [warning] Acceptable cell selection failed, no cell is in coverage
[2023-01-10 09:02:51.091] [rrc] [error] Cell selection failure, no suitable or acceptable cell found
[2023-01-10 09:03:20.664] [nas] [error] PLMN selection failure, no cells in coverage
[2023-01-10 09:03:21.103] [rrc] [warning] Acceptable cell selection failed, no cell is in coverage
[2023-01-10 09:03:21.103] [rrc] [error] Cell selection failure, no suitable or acceptable cell found
[2023-01-10 09:03:51.115] [rrc] [warning] Acceptable cell selection failed, no cell is in coverage
[2023-01-10 09:03:51.115] [rrc] [error] Cell selection failure, no suitable or acceptable cell found
[2023-01-10 09:03:51.493] [nas] [error] PLMN selection failure, no cells in coverage
[2023-01-10 09:04:21.127] [rrc] [warning] Acceptable cell selection failed, no cell is in coverage
[2023-01-10 09:04:21.128] [rrc] [error] Cell selection failure, no suitable or acceptable cell found
[2023-01-10 09:04:22.321] [nas] [error] PLMN selection failure, no cells in coverage
[2023-01-10 09:04:51.139] [rrc] [warning] Acceptable cell selection failed, no cell is in coverage
[2023-01-10 09:04:51.139] [rrc] [error] Cell selection failure, no suitable or acceptable cell found
[2023-01-10 09:04:53.149] [nas] [error] PLMN selection failure, no cells in coverage
[2023-01-10 09:05:21.152] [rrc] [warning] Acceptable cell selection failed, no cell is in coverage
[2023-01-10 09:05:21.152] [rrc] [error] Cell selection failure, no suitable or acceptable cell found
[2023-01-10 09:05:23.978] [nas] [error] PLMN selection failure, no cells in coverage
[2023-01-10 09:05:51.164] [rrc] [warning] Acceptable cell selection failed, no cell is in coverage
[2023-01-10 09:05:51.164] [rrc] [error] Cell selection failure, no suitable or acceptable cell found
[2023-01-10 09:05:54.806] [nas] [error] PLMN selection failure, no cells in coverage
[2023-01-10 09:06:21.176] [rrc] [warning] Acceptable cell selection failed, no cell is in coverage
[2023-01-10 09:06:21.176] [rrc] [error] Cell selection failure, no suitable or acceptable cell found
[2023-01-10 09:06:25.635] [nas] [error] PLMN selection failure, no cells in coverage
[2023-01-10 09:06:51.188] [rrc] [warning] Acceptable cell selection failed, no cell is in coverage
[2023-01-10 09:06:51.188] [rrc] [error] Cell selection failure, no suitable or acceptable cell found
