UERANSIM v3.2.6
[2023-01-10 08:43:38.569] [nas] [info] UE switches to state [MM-DEREGISTERED/PLMN-SEARCH]
[2023-01-10 08:43:38.571] [rrc] [debug] New signal detected for cell[1], total [1] cells in coverage
[2023-01-10 08:43:38.573] [nas] [info] Selected plmn[208/93]
[2023-01-10 08:43:38.573] [rrc] [info] Selected cell plmn[208/93] tac[1] category[SUITABLE]
[2023-01-10 08:43:38.573] [nas] [info] UE switches to state [MM-DEREGISTERED/PS]
[2023-01-10 08:43:38.573] [nas] [info] UE switches to state [MM-DEREGISTERED/NORMAL-SERVICE]
[2023-01-10 08:43:38.573] [nas] [debug] Initial registration required due to [MM-DEREG-NORMAL-SERVICE]
[2023-01-10 08:43:38.574] [nas] [debug] UAC access attempt is allowed for identity[0], category[MO_sig]
[2023-01-10 08:43:38.574] [nas] [debug] Sending Initial Registration
[2023-01-10 08:43:38.574] [nas] [info] UE switches to state [MM-REGISTER-INITIATED]
[2023-01-10 08:43:38.574] [rrc] [debug] Sending RRC Setup Request
[2023-01-10 08:43:38.574] [rrc] [info] RRC connection established
[2023-01-10 08:43:38.575] [rrc] [info] UE switches to state [RRC-CONNECTED]
[2023-01-10 08:43:38.575] [nas] [info] UE switches to state [CM-CONNECTED]
[2023-01-10 08:43:38.593] [nas] [debug] Authentication Request received
[2023-01-10 08:43:38.593] [nas] [debug] Sending Authentication Failure due to SQN out of range
[2023-01-10 08:43:38.605] [nas] [debug] Authentication Request received
[2023-01-10 08:43:38.611] [nas] [debug] Security Mode Command received
[2023-01-10 08:43:38.611] [nas] [debug] Selected integrity[2] ciphering[0]
[2023-01-10 08:43:38.637] [nas] [debug] Registration accept received
[2023-01-10 08:43:38.637] [nas] [info] UE switches to state [MM-REGISTERED/NORMAL-SERVICE]
[2023-01-10 08:43:38.637] [nas] [debug] Sending Registration Complete
[2023-01-10 08:43:38.637] [nas] [info] Initial Registration is successful
[2023-01-10 08:43:38.637] [nas] [debug] Sending PDU Session Establishment Request
[2023-01-10 08:43:38.638] [nas] [debug] UAC access attempt is allowed for identity[0], category[MO_sig]
[2023-01-10 08:43:38.883] [nas] [debug] PDU Session Establishment Accept received
[2023-01-10 08:43:38.883] [nas] [info] PDU Session establishment is successful PSI[1]
[2023-01-10 08:43:38.907] [app] [info] Connection setup for PDU session[1] is successful, TUN interface[uesimtun22, 10.60.0.27] is up.
[2023-01-10 08:46:18.319] [rrc] [debug] Signal lost for cell[1], total [0] cells in coverage
[2023-01-10 08:46:18.319] [nas] [error] Radio link failure detected
[2023-01-10 08:46:18.319] [nas] [info] UE switches to state [CM-IDLE]
[2023-01-10 08:46:18.319] [nas] [info] UE switches to state [MM-REGISTERED/PS]
[2023-01-10 08:46:18.319] [nas] [info] UE switches to state [MM-REGISTERED/PLMN-SEARCH]
[2023-01-10 08:46:18.319] [nas] [error] PLMN selection failure, no cells in coverage
[2023-01-10 08:46:18.371] [nas] [debug] Sending PDU Session Release Request for PSI[1]
[2023-01-10 08:46:18.371] [nas] [debug] NAS Transport aborted, no active cell
[2023-01-10 08:46:18.635] [rrc] [warning] Acceptable cell selection failed, no cell is in coverage
[2023-01-10 08:46:18.635] [rrc] [error] Cell selection failure, no suitable or acceptable cell found
[2023-01-10 08:46:20.421] [nas] [error] PLMN selection failure, no cells in coverage
[2023-01-10 08:46:22.623] [nas] [error] PLMN selection failure, no cells in coverage
[2023-01-10 08:46:23.724] [nas] [info] UE switches to state [MM-REGISTERED/NO-CELL-AVAILABLE]
[2023-01-10 08:46:34.766] [nas] [warning] Retransmitting PDU Session Release Request due to T3582 expiry
[2023-01-10 08:46:34.766] [nas] [debug] NAS Transport aborted, no active cell
[2023-01-10 08:46:48.648] [rrc] [warning] Acceptable cell selection failed, no cell is in coverage
[2023-01-10 08:46:48.648] [rrc] [error] Cell selection failure, no suitable or acceptable cell found
[2023-01-10 08:46:50.782] [nas] [warning] Retransmitting PDU Session Release Request due to T3582 expiry
[2023-01-10 08:46:50.782] [nas] [debug] NAS Transport aborted, no active cell
[2023-01-10 08:46:53.453] [nas] [error] PLMN selection failure, no cells in coverage
[2023-01-10 08:47:06.800] [nas] [warning] Retransmitting PDU Session Release Request due to T3582 expiry
[2023-01-10 08:47:06.800] [nas] [debug] NAS Transport aborted, no active cell
[2023-01-10 08:47:18.660] [rrc] [warning] Acceptable cell selection failed, no cell is in coverage
[2023-01-10 08:47:18.660] [rrc] [error] Cell selection failure, no suitable or acceptable cell found
[2023-01-10 08:47:22.816] [nas] [warning] Retransmitting PDU Session Release Request due to T3582 expiry
[2023-01-10 08:47:22.816] [nas] [debug] NAS Transport aborted, no active cell
[2023-01-10 08:47:24.282] [nas] [error] PLMN selection failure, no cells in coverage
[2023-01-10 08:47:38.832] [nas] [error] PDU Session Release procedure failure, no response from the network after 5 attempts
[2023-01-10 08:47:38.832] [nas] [debug] Aborting SM procedure for PTI[1], PSI[1]
[2023-01-10 08:47:38.832] [nas] [debug] Performing local release of PDU session[1]
[2023-01-10 08:47:38.832] [nas] [debug] Mobility registration updating required due to [PS-STATUS-INFORM]
[2023-01-10 08:47:48.672] [rrc] [warning] Acceptable cell selection failed, no cell is in coverage
[2023-01-10 08:47:48.672] [rrc] [error] Cell selection failure, no suitable or acceptable cell found
[2023-01-10 08:47:55.110] [nas] [error] PLMN selection failure, no cells in coverage
[2023-01-10 08:48:18.606] [nas] [debug] De-registration required due to [NORMAL]
[2023-01-10 08:48:18.684] [rrc] [warning] Acceptable cell selection failed, no cell is in coverage
[2023-01-10 08:48:18.684] [rrc] [error] Cell selection failure, no suitable or acceptable cell found
[2023-01-10 08:48:25.938] [nas] [error] PLMN selection failure, no cells in coverage
[2023-01-10 08:48:48.697] [rrc] [warning] Acceptable cell selection failed, no cell is in coverage
[2023-01-10 08:48:48.697] [rrc] [error] Cell selection failure, no suitable or acceptable cell found
[2023-01-10 08:48:56.766] [nas] [error] PLMN selection failure, no cells in coverage
[2023-01-10 08:49:18.709] [rrc] [warning] Acceptable cell selection failed, no cell is in coverage
[2023-01-10 08:49:18.709] [rrc] [error] Cell selection failure, no suitable or acceptable cell found
[2023-01-10 08:49:27.594] [nas] [error] PLMN selection failure, no cells in coverage
[2023-01-10 08:49:48.721] [rrc] [warning] Acceptable cell selection failed, no cell is in coverage
[2023-01-10 08:49:48.721] [rrc] [error] Cell selection failure, no suitable or acceptable cell found
[2023-01-10 08:49:58.422] [nas] [error] PLMN selection failure, no cells in coverage
[2023-01-10 08:50:18.733] [rrc] [warning] Acceptable cell selection failed, no cell is in coverage
[2023-01-10 08:50:18.733] [rrc] [error] Cell selection failure, no suitable or acceptable cell found
[2023-01-10 08:50:29.250] [nas] [error] PLMN selection failure, no cells in coverage
[2023-01-10 08:50:48.746] [rrc] [warning] Acceptable cell selection failed, no cell is in coverage
[2023-01-10 08:50:48.746] [rrc] [error] Cell selection failure, no suitable or acceptable cell found
[2023-01-10 08:51:00.078] [nas] [error] PLMN selection failure, no cells in coverage
[2023-01-10 08:51:18.758] [rrc] [warning] Acceptable cell selection failed, no cell is in coverage
[2023-01-10 08:51:18.758] [rrc] [error] Cell selection failure, no suitable or acceptable cell found
[2023-01-10 08:51:30.906] [nas] [error] PLMN selection failure, no cells in coverage
[2023-01-10 08:51:48.770] [rrc] [warning] Acceptable cell selection failed, no cell is in coverage
[2023-01-10 08:51:48.770] [rrc] [error] Cell selection failure, no suitable or acceptable cell found
[2023-01-10 08:52:01.734] [nas] [error] PLMN selection failure, no cells in coverage
[2023-01-10 08:52:18.782] [rrc] [warning] Acceptable cell selection failed, no cell is in coverage
[2023-01-10 08:52:18.782] [rrc] [error] Cell selection failure, no suitable or acceptable cell found
[2023-01-10 08:52:32.563] [nas] [error] PLMN selection failure, no cells in coverage
[2023-01-10 08:52:48.794] [rrc] [warning] Acceptable cell selection failed, no cell is in coverage
[2023-01-10 08:52:48.794] [rrc] [error] Cell selection failure, no suitable or acceptable cell found
[2023-01-10 08:53:03.392] [nas] [error] PLMN selection failure, no cells in coverage
[2023-01-10 08:53:18.806] [rrc] [warning] Acceptable cell selection failed, no cell is in coverage
[2023-01-10 08:53:18.806] [rrc] [error] Cell selection failure, no suitable or acceptable cell found
[2023-01-10 08:53:34.220] [nas] [error] PLMN selection failure, no cells in coverage
[2023-01-10 08:53:48.818] [rrc] [warning] Acceptable cell selection failed, no cell is in coverage
[2023-01-10 08:53:48.818] [rrc] [error] Cell selection failure, no suitable or acceptable cell found
[2023-01-10 08:54:05.048] [nas] [error] PLMN selection failure, no cells in coverage
[2023-01-10 08:54:18.830] [rrc] [warning] Acceptable cell selection failed, no cell is in coverage
[2023-01-10 08:54:18.830] [rrc] [error] Cell selection failure, no suitable or acceptable cell found
[2023-01-10 08:54:35.877] [nas] [error] PLMN selection failure, no cells in coverage
[2023-01-10 08:54:48.842] [rrc] [warning] Acceptable cell selection failed, no cell is in coverage
[2023-01-10 08:54:48.842] [rrc] [error] Cell selection failure, no suitable or acceptable cell found
[2023-01-10 08:55:06.705] [nas] [error] PLMN selection failure, no cells in coverage
[2023-01-10 08:55:18.854] [rrc] [warning] Acceptable cell selection failed, no cell is in coverage
[2023-01-10 08:55:18.854] [rrc] [error] Cell selection failure, no suitable or acceptable cell found
[2023-01-10 08:55:37.534] [nas] [error] PLMN selection failure, no cells in coverage
[2023-01-10 08:55:48.866] [rrc] [warning] Acceptable cell selection failed, no cell is in coverage
[2023-01-10 08:55:48.866] [rrc] [error] Cell selection failure, no suitable or acceptable cell found
[2023-01-10 08:56:08.362] [nas] [error] PLMN selection failure, no cells in coverage
[2023-01-10 08:56:18.879] [rrc] [warning] Acceptable cell selection failed, no cell is in coverage
[2023-01-10 08:56:18.879] [rrc] [error] Cell selection failure, no suitable or acceptable cell found
[2023-01-10 08:56:39.190] [nas] [error] PLMN selection failure, no cells in coverage
[2023-01-10 08:56:48.891] [rrc] [warning] Acceptable cell selection failed, no cell is in coverage
[2023-01-10 08:56:48.891] [rrc] [error] Cell selection failure, no suitable or acceptable cell found
[2023-01-10 08:57:10.018] [nas] [error] PLMN selection failure, no cells in coverage
[2023-01-10 08:57:18.903] [rrc] [warning] Acceptable cell selection failed, no cell is in coverage
[2023-01-10 08:57:18.903] [rrc] [error] Cell selection failure, no suitable or acceptable cell found
[2023-01-10 08:57:40.846] [nas] [error] PLMN selection failure, no cells in coverage
[2023-01-10 08:57:48.915] [rrc] [warning] Acceptable cell selection failed, no cell is in coverage
[2023-01-10 08:57:48.915] [rrc] [error] Cell selection failure, no suitable or acceptable cell found
[2023-01-10 08:58:11.674] [nas] [error] PLMN selection failure, no cells in coverage
[2023-01-10 08:58:18.927] [rrc] [warning] Acceptable cell selection failed, no cell is in coverage
[2023-01-10 08:58:18.927] [rrc] [error] Cell selection failure, no suitable or acceptable cell found
[2023-01-10 08:58:42.502] [nas] [error] PLMN selection failure, no cells in coverage
[2023-01-10 08:58:48.939] [rrc] [warning] Acceptable cell selection failed, no cell is in coverage
[2023-01-10 08:58:48.939] [rrc] [error] Cell selection failure, no suitable or acceptable cell found
[2023-01-10 08:59:13.331] [nas] [error] PLMN selection failure, no cells in coverage
[2023-01-10 08:59:18.951] [rrc] [warning] Acceptable cell selection failed, no cell is in coverage
[2023-01-10 08:59:18.951] [rrc] [error] Cell selection failure, no suitable or acceptable cell found
[2023-01-10 08:59:44.159] [nas] [error] PLMN selection failure, no cells in coverage
[2023-01-10 08:59:48.963] [rrc] [warning] Acceptable cell selection failed, no cell is in coverage
[2023-01-10 08:59:48.963] [rrc] [error] Cell selection failure, no suitable or acceptable cell found
[2023-01-10 09:00:14.987] [nas] [error] PLMN selection failure, no cells in coverage
[2023-01-10 09:00:18.975] [rrc] [warning] Acceptable cell selection failed, no cell is in coverage
[2023-01-10 09:00:18.975] [rrc] [error] Cell selection failure, no suitable or acceptable cell found
[2023-01-10 09:00:45.815] [nas] [error] PLMN selection failure, no cells in coverage
[2023-01-10 09:00:48.987] [rrc] [warning] Acceptable cell selection failed, no cell is in coverage
[2023-01-10 09:00:48.987] [rrc] [error] Cell selection failure, no suitable or acceptable cell found
[2023-01-10 09:01:16.644] [nas] [error] PLMN selection failure, no cells in coverage
[2023-01-10 09:01:18.999] [rrc] [warning] Acceptable cell selection failed, no cell is in coverage
[2023-01-10 09:01:18.999] [rrc] [error] Cell selection failure, no suitable or acceptable cell found
[2023-01-10 09:01:47.472] [nas] [error] PLMN selection failure, no cells in coverage
[2023-01-10 09:01:49.011] [rrc] [warning] Acceptable cell selection failed, no cell is in coverage
[2023-01-10 09:01:49.011] [rrc] [error] Cell selection failure, no suitable or acceptable cell found
[2023-01-10 09:02:18.300] [nas] [error] PLMN selection failure, no cells in coverage
[2023-01-10 09:02:19.023] [rrc] [warning] Acceptable cell selection failed, no cell is in coverage
[2023-01-10 09:02:19.023] [rrc] [error] Cell selection failure, no suitable or acceptable cell found
[2023-01-10 09:02:49.035] [rrc] [warning] Acceptable cell selection failed, no cell is in coverage
[2023-01-10 09:02:49.035] [rrc] [error] Cell selection failure, no suitable or acceptable cell found
[2023-01-10 09:02:49.129] [nas] [error] PLMN selection failure, no cells in coverage
[2023-01-10 09:03:19.047] [rrc] [warning] Acceptable cell selection failed, no cell is in coverage
[2023-01-10 09:03:19.047] [rrc] [error] Cell selection failure, no suitable or acceptable cell found
[2023-01-10 09:03:19.957] [nas] [error] PLMN selection failure, no cells in coverage
[2023-01-10 09:03:49.059] [rrc] [warning] Acceptable cell selection failed, no cell is in coverage
[2023-01-10 09:03:49.059] [rrc] [error] Cell selection failure, no suitable or acceptable cell found
[2023-01-10 09:03:50.785] [nas] [error] PLMN selection failure, no cells in coverage
[2023-01-10 09:04:19.071] [rrc] [warning] Acceptable cell selection failed, no cell is in coverage
[2023-01-10 09:04:19.071] [rrc] [error] Cell selection failure, no suitable or acceptable cell found
[2023-01-10 09:04:21.613] [nas] [error] PLMN selection failure, no cells in coverage
[2023-01-10 09:04:49.083] [rrc] [warning] Acceptable cell selection failed, no cell is in coverage
[2023-01-10 09:04:49.083] [rrc] [error] Cell selection failure, no suitable or acceptable cell found
[2023-01-10 09:04:52.441] [nas] [error] PLMN selection failure, no cells in coverage
[2023-01-10 09:05:19.096] [rrc] [warning] Acceptable cell selection failed, no cell is in coverage
[2023-01-10 09:05:19.096] [rrc] [error] Cell selection failure, no suitable or acceptable cell found
[2023-01-10 09:05:23.269] [nas] [error] PLMN selection failure, no cells in coverage
[2023-01-10 09:05:49.108] [rrc] [warning] Acceptable cell selection failed, no cell is in coverage
[2023-01-10 09:05:49.108] [rrc] [error] Cell selection failure, no suitable or acceptable cell found
[2023-01-10 09:05:54.097] [nas] [error] PLMN selection failure, no cells in coverage
[2023-01-10 09:06:19.120] [rrc] [warning] Acceptable cell selection failed, no cell is in coverage
[2023-01-10 09:06:19.120] [rrc] [error] Cell selection failure, no suitable or acceptable cell found
[2023-01-10 09:06:24.925] [nas] [error] PLMN selection failure, no cells in coverage
[2023-01-10 09:06:49.132] [rrc] [warning] Acceptable cell selection failed, no cell is in coverage
[2023-01-10 09:06:49.132] [rrc] [error] Cell selection failure, no suitable or acceptable cell found
