UERANSIM v3.2.6
[2023-01-10 08:44:04.593] [nas] [info] UE switches to state [MM-DEREGISTERED/PLMN-SEARCH]
[2023-01-10 08:44:04.596] [rrc] [debug] New signal detected for cell[1], total [1] cells in coverage
[2023-01-10 08:44:04.596] [nas] [info] Selected plmn[208/93]
[2023-01-10 08:44:04.596] [rrc] [info] Selected cell plmn[208/93] tac[1] category[SUITABLE]
[2023-01-10 08:44:04.596] [nas] [info] UE switches to state [MM-DEREGISTERED/PS]
[2023-01-10 08:44:04.596] [nas] [info] UE switches to state [MM-DEREGISTERED/NORMAL-SERVICE]
[2023-01-10 08:44:04.596] [nas] [debug] Initial registration required due to [MM-DEREG-NORMAL-SERVICE]
[2023-01-10 08:44:04.596] [nas] [debug] UAC access attempt is allowed for identity[0], category[MO_sig]
[2023-01-10 08:44:04.596] [nas] [debug] Sending Initial Registration
[2023-01-10 08:44:04.596] [nas] [info] UE switches to state [MM-REGISTER-INITIATED]
[2023-01-10 08:44:04.596] [rrc] [debug] Sending RRC Setup Request
[2023-01-10 08:44:04.597] [rrc] [info] RRC connection established
[2023-01-10 08:44:04.597] [rrc] [info] UE switches to state [RRC-CONNECTED]
[2023-01-10 08:44:04.597] [nas] [info] UE switches to state [CM-CONNECTED]
[2023-01-10 08:44:04.612] [nas] [debug] Authentication Request received
[2023-01-10 08:44:04.612] [nas] [debug] Sending Authentication Failure due to SQN out of range
[2023-01-10 08:44:04.624] [nas] [debug] Authentication Request received
[2023-01-10 08:44:04.630] [nas] [debug] Security Mode Command received
[2023-01-10 08:44:04.630] [nas] [debug] Selected integrity[2] ciphering[0]
[2023-01-10 08:44:04.656] [nas] [debug] Registration accept received
[2023-01-10 08:44:04.656] [nas] [info] UE switches to state [MM-REGISTERED/NORMAL-SERVICE]
[2023-01-10 08:44:04.656] [nas] [debug] Sending Registration Complete
[2023-01-10 08:44:04.656] [nas] [info] Initial Registration is successful
[2023-01-10 08:44:04.656] [nas] [debug] Sending PDU Session Establishment Request
[2023-01-10 08:44:04.656] [nas] [debug] UAC access attempt is allowed for identity[0], category[MO_sig]
[2023-01-10 08:44:04.893] [nas] [debug] PDU Session Establishment Accept received
[2023-01-10 08:44:04.893] [nas] [info] PDU Session establishment is successful PSI[1]
[2023-01-10 08:44:04.918] [app] [info] Connection setup for PDU session[1] is successful, TUN interface[uesimtun34, 10.60.0.39] is up.
[2023-01-10 08:46:18.118] [rrc] [debug] Signal lost for cell[1], total [0] cells in coverage
[2023-01-10 08:46:18.118] [nas] [error] Radio link failure detected
[2023-01-10 08:46:18.118] [nas] [info] UE switches to state [CM-IDLE]
[2023-01-10 08:46:18.118] [nas] [info] UE switches to state [MM-REGISTERED/PS]
[2023-01-10 08:46:18.118] [nas] [info] UE switches to state [MM-REGISTERED/PLMN-SEARCH]
[2023-01-10 08:46:18.118] [nas] [error] PLMN selection failure, no cells in coverage
[2023-01-10 08:46:18.396] [nas] [debug] Sending PDU Session Release Request for PSI[1]
[2023-01-10 08:46:18.396] [nas] [debug] NAS Transport aborted, no active cell
[2023-01-10 08:46:19.650] [rrc] [warning] Acceptable cell selection failed, no cell is in coverage
[2023-01-10 08:46:19.651] [rrc] [error] Cell selection failure, no suitable or acceptable cell found
[2023-01-10 08:46:21.118] [nas] [error] PLMN selection failure, no cells in coverage
[2023-01-10 08:46:23.320] [nas] [info] UE switches to state [MM-REGISTERED/NO-CELL-AVAILABLE]
[2023-01-10 08:46:34.743] [nas] [warning] Retransmitting PDU Session Release Request due to T3582 expiry
[2023-01-10 08:46:34.743] [nas] [debug] NAS Transport aborted, no active cell
[2023-01-10 08:46:49.662] [rrc] [warning] Acceptable cell selection failed, no cell is in coverage
[2023-01-10 08:46:49.662] [rrc] [error] Cell selection failure, no suitable or acceptable cell found
[2023-01-10 08:46:50.759] [nas] [warning] Retransmitting PDU Session Release Request due to T3582 expiry
[2023-01-10 08:46:50.759] [nas] [debug] NAS Transport aborted, no active cell
[2023-01-10 08:46:51.946] [nas] [error] PLMN selection failure, no cells in coverage
[2023-01-10 08:47:06.775] [nas] [warning] Retransmitting PDU Session Release Request due to T3582 expiry
[2023-01-10 08:47:06.775] [nas] [debug] NAS Transport aborted, no active cell
[2023-01-10 08:47:19.674] [rrc] [warning] Acceptable cell selection failed, no cell is in coverage
[2023-01-10 08:47:19.674] [rrc] [error] Cell selection failure, no suitable or acceptable cell found
[2023-01-10 08:47:22.774] [nas] [error] PLMN selection failure, no cells in coverage
[2023-01-10 08:47:22.791] [nas] [warning] Retransmitting PDU Session Release Request due to T3582 expiry
[2023-01-10 08:47:22.791] [nas] [debug] NAS Transport aborted, no active cell
[2023-01-10 08:47:38.808] [nas] [error] PDU Session Release procedure failure, no response from the network after 5 attempts
[2023-01-10 08:47:38.808] [nas] [debug] Aborting SM procedure for PTI[1], PSI[1]
[2023-01-10 08:47:38.808] [nas] [debug] Performing local release of PDU session[1]
[2023-01-10 08:47:38.808] [nas] [debug] Mobility registration updating required due to [PS-STATUS-INFORM]
[2023-01-10 08:47:49.686] [rrc] [warning] Acceptable cell selection failed, no cell is in coverage
[2023-01-10 08:47:49.686] [rrc] [error] Cell selection failure, no suitable or acceptable cell found
[2023-01-10 08:47:53.602] [nas] [error] PLMN selection failure, no cells in coverage
[2023-01-10 08:48:18.672] [nas] [debug] De-registration required due to [NORMAL]
[2023-01-10 08:48:19.698] [rrc] [warning] Acceptable cell selection failed, no cell is in coverage
[2023-01-10 08:48:19.698] [rrc] [error] Cell selection failure, no suitable or acceptable cell found
[2023-01-10 08:48:24.430] [nas] [error] PLMN selection failure, no cells in coverage
[2023-01-10 08:48:49.710] [rrc] [warning] Acceptable cell selection failed, no cell is in coverage
[2023-01-10 08:48:49.710] [rrc] [error] Cell selection failure, no suitable or acceptable cell found
[2023-01-10 08:48:55.258] [nas] [error] PLMN selection failure, no cells in coverage
[2023-01-10 08:49:19.722] [rrc] [warning] Acceptable cell selection failed, no cell is in coverage
[2023-01-10 08:49:19.722] [rrc] [error] Cell selection failure, no suitable or acceptable cell found
[2023-01-10 08:49:26.086] [nas] [error] PLMN selection failure, no cells in coverage
[2023-01-10 08:49:49.734] [rrc] [warning] Acceptable cell selection failed, no cell is in coverage
[2023-01-10 08:49:49.734] [rrc] [error] Cell selection failure, no suitable or acceptable cell found
[2023-01-10 08:49:56.915] [nas] [error] PLMN selection failure, no cells in coverage
[2023-01-10 08:50:19.747] [rrc] [warning] Acceptable cell selection failed, no cell is in coverage
[2023-01-10 08:50:19.747] [rrc] [error] Cell selection failure, no suitable or acceptable cell found
[2023-01-10 08:50:27.743] [nas] [error] PLMN selection failure, no cells in coverage
[2023-01-10 08:50:49.759] [rrc] [warning] Acceptable cell selection failed, no cell is in coverage
[2023-01-10 08:50:49.759] [rrc] [error] Cell selection failure, no suitable or acceptable cell found
[2023-01-10 08:50:58.571] [nas] [error] PLMN selection failure, no cells in coverage
[2023-01-10 08:51:19.771] [rrc] [warning] Acceptable cell selection failed, no cell is in coverage
[2023-01-10 08:51:19.771] [rrc] [error] Cell selection failure, no suitable or acceptable cell found
[2023-01-10 08:51:29.399] [nas] [error] PLMN selection failure, no cells in coverage
[2023-01-10 08:51:49.783] [rrc] [warning] Acceptable cell selection failed, no cell is in coverage
[2023-01-10 08:51:49.783] [rrc] [error] Cell selection failure, no suitable or acceptable cell found
[2023-01-10 08:52:00.227] [nas] [error] PLMN selection failure, no cells in coverage
[2023-01-10 08:52:19.795] [rrc] [warning] Acceptable cell selection failed, no cell is in coverage
[2023-01-10 08:52:19.795] [rrc] [error] Cell selection failure, no suitable or acceptable cell found
[2023-01-10 08:52:31.055] [nas] [error] PLMN selection failure, no cells in coverage
[2023-01-10 08:52:49.808] [rrc] [warning] Acceptable cell selection failed, no cell is in coverage
[2023-01-10 08:52:49.808] [rrc] [error] Cell selection failure, no suitable or acceptable cell found
[2023-01-10 08:53:01.883] [nas] [error] PLMN selection failure, no cells in coverage
[2023-01-10 08:53:19.820] [rrc] [warning] Acceptable cell selection failed, no cell is in coverage
[2023-01-10 08:53:19.820] [rrc] [error] Cell selection failure, no suitable or acceptable cell found
[2023-01-10 08:53:32.711] [nas] [error] PLMN selection failure, no cells in coverage
[2023-01-10 08:53:49.832] [rrc] [warning] Acceptable cell selection failed, no cell is in coverage
[2023-01-10 08:53:49.833] [rrc] [error] Cell selection failure, no suitable or acceptable cell found
[2023-01-10 08:54:03.539] [nas] [error] PLMN selection failure, no cells in coverage
[2023-01-10 08:54:19.844] [rrc] [warning] Acceptable cell selection failed, no cell is in coverage
[2023-01-10 08:54:19.844] [rrc] [error] Cell selection failure, no suitable or acceptable cell found
[2023-01-10 08:54:34.367] [nas] [error] PLMN selection failure, no cells in coverage
[2023-01-10 08:54:49.856] [rrc] [warning] Acceptable cell selection failed, no cell is in coverage
[2023-01-10 08:54:49.856] [rrc] [error] Cell selection failure, no suitable or acceptable cell found
[2023-01-10 08:55:05.195] [nas] [error] PLMN selection failure, no cells in coverage
[2023-01-10 08:55:19.868] [rrc] [warning] Acceptable cell selection failed, no cell is in coverage
[2023-01-10 08:55:19.868] [rrc] [error] Cell selection failure, no suitable or acceptable cell found
[2023-01-10 08:55:36.023] [nas] [error] PLMN selection failure, no cells in coverage
[2023-01-10 08:55:49.880] [rrc] [warning] Acceptable cell selection failed, no cell is in coverage
[2023-01-10 08:55:49.880] [rrc] [error] Cell selection failure, no suitable or acceptable cell found
[2023-01-10 08:56:06.851] [nas] [error] PLMN selection failure, no cells in coverage
[2023-01-10 08:56:19.892] [rrc] [warning] Acceptable cell selection failed, no cell is in coverage
[2023-01-10 08:56:19.892] [rrc] [error] Cell selection failure, no suitable or acceptable cell found
[2023-01-10 08:56:37.679] [nas] [error] PLMN selection failure, no cells in coverage
[2023-01-10 08:56:49.904] [rrc] [warning] Acceptable cell selection failed, no cell is in coverage
[2023-01-10 08:56:49.904] [rrc] [error] Cell selection failure, no suitable or acceptable cell found
[2023-01-10 08:57:08.508] [nas] [error] PLMN selection failure, no cells in coverage
[2023-01-10 08:57:19.916] [rrc] [warning] Acceptable cell selection failed, no cell is in coverage
[2023-01-10 08:57:19.916] [rrc] [error] Cell selection failure, no suitable or acceptable cell found
[2023-01-10 08:57:39.336] [nas] [error] PLMN selection failure, no cells in coverage
[2023-01-10 08:57:49.929] [rrc] [warning] Acceptable cell selection failed, no cell is in coverage
[2023-01-10 08:57:49.929] [rrc] [error] Cell selection failure, no suitable or acceptable cell found
[2023-01-10 08:58:10.165] [nas] [error] PLMN selection failure, no cells in coverage
[2023-01-10 08:58:19.941] [rrc] [warning] Acceptable cell selection failed, no cell is in coverage
[2023-01-10 08:58:19.941] [rrc] [error] Cell selection failure, no suitable or acceptable cell found
[2023-01-10 08:58:40.993] [nas] [error] PLMN selection failure, no cells in coverage
[2023-01-10 08:58:49.954] [rrc] [warning] Acceptable cell selection failed, no cell is in coverage
[2023-01-10 08:58:49.954] [rrc] [error] Cell selection failure, no suitable or acceptable cell found
[2023-01-10 08:59:11.821] [nas] [error] PLMN selection failure, no cells in coverage
[2023-01-10 08:59:19.966] [rrc] [warning] Acceptable cell selection failed, no cell is in coverage
[2023-01-10 08:59:19.966] [rrc] [error] Cell selection failure, no suitable or acceptable cell found
[2023-01-10 08:59:42.649] [nas] [error] PLMN selection failure, no cells in coverage
[2023-01-10 08:59:49.978] [rrc] [warning] Acceptable cell selection failed, no cell is in coverage
[2023-01-10 08:59:49.978] [rrc] [error] Cell selection failure, no suitable or acceptable cell found
[2023-01-10 09:00:13.477] [nas] [error] PLMN selection failure, no cells in coverage
[2023-01-10 09:00:19.990] [rrc] [warning] Acceptable cell selection failed, no cell is in coverage
[2023-01-10 09:00:19.990] [rrc] [error] Cell selection failure, no suitable or acceptable cell found
[2023-01-10 09:00:44.305] [nas] [error] PLMN selection failure, no cells in coverage
[2023-01-10 09:00:50.002] [rrc] [warning] Acceptable cell selection failed, no cell is in coverage
[2023-01-10 09:00:50.002] [rrc] [error] Cell selection failure, no suitable or acceptable cell found
[2023-01-10 09:01:15.133] [nas] [error] PLMN selection failure, no cells in coverage
[2023-01-10 09:01:20.014] [rrc] [warning] Acceptable cell selection failed, no cell is in coverage
[2023-01-10 09:01:20.014] [rrc] [error] Cell selection failure, no suitable or acceptable cell found
[2023-01-10 09:01:45.961] [nas] [error] PLMN selection failure, no cells in coverage
[2023-01-10 09:01:50.026] [rrc] [warning] Acceptable cell selection failed, no cell is in coverage
[2023-01-10 09:01:50.026] [rrc] [error] Cell selection failure, no suitable or acceptable cell found
[2023-01-10 09:02:16.789] [nas] [error] PLMN selection failure, no cells in coverage
[2023-01-10 09:02:20.038] [rrc] [warning] Acceptable cell selection failed, no cell is in coverage
[2023-01-10 09:02:20.038] [rrc] [error] Cell selection failure, no suitable or acceptable cell found
[2023-01-10 09:02:47.617] [nas] [error] PLMN selection failure, no cells in coverage
[2023-01-10 09:02:50.050] [rrc] [warning] Acceptable cell selection failed, no cell is in coverage
[2023-01-10 09:02:50.050] [rrc] [error] Cell selection failure, no suitable or acceptable cell found
[2023-01-10 09:03:18.445] [nas] [error] PLMN selection failure, no cells in coverage
[2023-01-10 09:03:20.062] [rrc] [warning] Acceptable cell selection failed, no cell is in coverage
[2023-01-10 09:03:20.062] [rrc] [error] Cell selection failure, no suitable or acceptable cell found
[2023-01-10 09:03:49.273] [nas] [error] PLMN selection failure, no cells in coverage
[2023-01-10 09:03:50.075] [rrc] [warning] Acceptable cell selection failed, no cell is in coverage
[2023-01-10 09:03:50.075] [rrc] [error] Cell selection failure, no suitable or acceptable cell found
[2023-01-10 09:04:20.087] [rrc] [warning] Acceptable cell selection failed, no cell is in coverage
[2023-01-10 09:04:20.087] [rrc] [error] Cell selection failure, no suitable or acceptable cell found
[2023-01-10 09:04:20.101] [nas] [error] PLMN selection failure, no cells in coverage
[2023-01-10 09:04:50.099] [rrc] [warning] Acceptable cell selection failed, no cell is in coverage
[2023-01-10 09:04:50.099] [rrc] [error] Cell selection failure, no suitable or acceptable cell found
[2023-01-10 09:04:50.929] [nas] [error] PLMN selection failure, no cells in coverage
[2023-01-10 09:05:20.111] [rrc] [warning] Acceptable cell selection failed, no cell is in coverage
[2023-01-10 09:05:20.111] [rrc] [error] Cell selection failure, no suitable or acceptable cell found
[2023-01-10 09:05:21.757] [nas] [error] PLMN selection failure, no cells in coverage
[2023-01-10 09:05:50.123] [rrc] [warning] Acceptable cell selection failed, no cell is in coverage
[2023-01-10 09:05:50.123] [rrc] [error] Cell selection failure, no suitable or acceptable cell found
[2023-01-10 09:05:52.585] [nas] [error] PLMN selection failure, no cells in coverage
[2023-01-10 09:06:20.135] [rrc] [warning] Acceptable cell selection failed, no cell is in coverage
[2023-01-10 09:06:20.135] [rrc] [error] Cell selection failure, no suitable or acceptable cell found
[2023-01-10 09:06:23.413] [nas] [error] PLMN selection failure, no cells in coverage
[2023-01-10 09:06:50.147] [rrc] [warning] Acceptable cell selection failed, no cell is in coverage
[2023-01-10 09:06:50.147] [rrc] [error] Cell selection failure, no suitable or acceptable cell found
[2023-01-10 09:06:54.241] [nas] [error] PLMN selection failure, no cells in coverage
