UERANSIM v3.2.6
[2023-01-10 07:18:19.780] [nas] [info] UE switches to state [MM-DEREGISTERED/PLMN-SEARCH]
[2023-01-10 07:18:19.780] [rrc] [debug] New signal detected for cell[1], total [1] cells in coverage
[2023-01-10 07:18:19.780] [nas] [info] Selected plmn[208/93]
[2023-01-10 07:18:22.280] [rrc] [info] Selected cell plmn[208/93] tac[1] category[SUITABLE]
[2023-01-10 07:18:22.280] [nas] [info] UE switches to state [MM-DEREGISTERED/PS]
[2023-01-10 07:18:22.280] [nas] [info] UE switches to state [MM-DEREGISTERED/NORMAL-SERVICE]
[2023-01-10 07:18:22.280] [nas] [debug] Initial registration required due to [MM-DEREG-NORMAL-SERVICE]
[2023-01-10 07:18:22.280] [nas] [debug] UAC access attempt is allowed for identity[0], category[MO_sig]
[2023-01-10 07:18:22.280] [nas] [debug] Sending Initial Registration
[2023-01-10 07:18:22.280] [nas] [info] UE switches to state [MM-REGISTER-INITIATED]
[2023-01-10 07:18:22.280] [rrc] [debug] Sending RRC Setup Request
[2023-01-10 07:18:22.280] [rrc] [info] RRC connection established
[2023-01-10 07:18:22.280] [rrc] [info] UE switches to state [RRC-CONNECTED]
[2023-01-10 07:18:22.280] [nas] [info] UE switches to state [CM-CONNECTED]
[2023-01-10 07:18:22.296] [nas] [debug] Authentication Request received
[2023-01-10 07:18:22.306] [nas] [debug] Security Mode Command received
[2023-01-10 07:18:22.306] [nas] [debug] Selected integrity[2] ciphering[0]
[2023-01-10 07:18:22.328] [nas] [debug] Registration accept received
[2023-01-10 07:18:22.328] [nas] [info] UE switches to state [MM-REGISTERED/NORMAL-SERVICE]
[2023-01-10 07:18:22.328] [nas] [debug] Sending Registration Complete
[2023-01-10 07:18:22.328] [nas] [info] Initial Registration is successful
[2023-01-10 07:18:22.328] [nas] [debug] Sending PDU Session Establishment Request
[2023-01-10 07:18:22.328] [nas] [debug] UAC access attempt is allowed for identity[0], category[MO_sig]
[2023-01-10 07:18:22.562] [nas] [debug] PDU Session Establishment Accept received
[2023-01-10 07:18:22.562] [nas] [info] PDU Session establishment is successful PSI[1]
[2023-01-10 07:18:22.579] [app] [info] Connection setup for PDU session[1] is successful, TUN interface[uesimtun9, 10.60.0.69] is up.
[2023-01-10 07:18:23.916] [nas] [debug] De-registration required due to [NORMAL]
[2023-01-10 07:18:23.925] [nas] [debug] Starting de-registration procedure due to [NORMAL]
[2023-01-10 07:18:23.925] [nas] [debug] Performing local release of PDU session[1]
[2023-01-10 07:18:23.925] [nas] [info] UE switches to state [MM-DEREGISTER-INITIATED]
[2023-01-10 07:18:24.097] [nas] [debug] De-registration required due to [NORMAL]
[2023-01-10 07:18:24.108] [nas] [debug] De-registration accept received
[2023-01-10 07:18:24.108] [nas] [info] UE switches to state [MM-DEREGISTERED/PS]
[2023-01-10 07:18:24.108] [nas] [info] De-registration is successful
[2023-01-10 07:18:24.108] [nas] [info] UE switches to state [MM-DEREGISTERED/NORMAL-SERVICE]
[2023-01-10 07:18:24.108] [nas] [debug] Initial registration required due to [MM-DEREG-NORMAL-SERVICE]
[2023-01-10 07:18:24.108] [nas] [debug] Sending Initial Registration
[2023-01-10 07:18:24.108] [nas] [debug] Deleting NAS security context
[2023-01-10 07:18:24.108] [nas] [info] UE switches to state [MM-REGISTER-INITIATED]
[2023-01-10 07:18:24.109] [rrc] [debug] RRC Release received
[2023-01-10 07:18:24.109] [nas] [info] UE switches to state [CM-IDLE]
[2023-01-10 07:18:24.109] [nas] [info] UE switches to state [MM-DEREGISTERED/PS]
[2023-01-10 07:18:24.109] [nas] [info] UE switches to state [5U2-NOT-UPDATED]
[2023-01-10 07:18:24.109] [nas] [info] UE switches to state [MM-DEREGISTERED/ATTEMPTING-REGISTRATION]
[2023-01-10 07:18:34.794] [nas] [debug] NAS timer[3511] expired [1]
[2023-01-10 07:18:34.794] [nas] [debug] Initial registration required due to [T3511-EXPIRY-IN-ATT-REG]
[2023-01-10 07:18:34.798] [nas] [debug] UAC access attempt is allowed for identity[0], category[MO_sig]
[2023-01-10 07:18:34.798] [nas] [debug] Sending Initial Registration
[2023-01-10 07:18:34.798] [rrc] [debug] Sending RRC Setup Request
[2023-01-10 07:18:34.799] [nas] [info] UE switches to state [MM-REGISTER-INITIATED]
[2023-01-10 07:18:34.799] [rrc] [info] RRC connection established
[2023-01-10 07:18:34.799] [rrc] [info] UE switches to state [RRC-CONNECTED]
[2023-01-10 07:18:34.799] [nas] [info] UE switches to state [CM-CONNECTED]
[2023-01-10 07:18:34.845] [nas] [debug] Authentication Request received
[2023-01-10 07:18:34.890] [nas] [debug] Security Mode Command received
[2023-01-10 07:18:34.890] [nas] [debug] Selected integrity[2] ciphering[0]
[2023-01-10 07:18:34.981] [nas] [debug] Registration accept received
[2023-01-10 07:18:34.981] [nas] [info] UE switches to state [MM-REGISTERED/NORMAL-SERVICE]
[2023-01-10 07:18:34.981] [nas] [info] UE switches to state [5U1-UPDATED]
[2023-01-10 07:18:34.981] [nas] [debug] Sending Registration Complete
[2023-01-10 07:18:34.981] [nas] [info] Initial Registration is successful
[2023-01-10 07:18:34.981] [nas] [debug] Sending PDU Session Establishment Request
[2023-01-10 07:18:34.987] [nas] [debug] UAC access attempt is allowed for identity[0], category[MO_sig]
[2023-01-10 07:18:35.066] [nas] [debug] PDU Session Establishment Accept received
[2023-01-10 07:18:35.066] [nas] [info] PDU Session establishment is successful PSI[1]
[2023-01-10 07:18:35.074] [app] [info] Connection setup for PDU session[1] is successful, TUN interface[uesimtun3, 10.60.0.76] is up.
[2023-01-10 07:18:39.211] [nas] [debug] Sending PDU Session Release Request for PSI[1]
[2023-01-10 07:18:39.218] [nas] [debug] Sending PDU Session Establishment Request
[2023-01-10 07:18:39.319] [nas] [error] No response from RRC from UAC checks, considering access attempt is barred
[2023-01-10 07:18:39.338] [nas] [debug] Sending PDU Session Release Request for PSI[1]
[2023-01-10 07:18:39.345] [nas] [debug] Sending PDU Session Establishment Request
[2023-01-10 07:18:39.446] [nas] [error] No response from RRC from UAC checks, considering access attempt is barred
[2023-01-10 07:18:39.450] [nas] [debug] PDU Session Release Command received
[2023-01-10 07:18:39.450] [nas] [debug] Performing local release of PDU session[1]
[2023-01-10 07:18:39.573] [nas] [error] PDU Session Release Reject received [REQUEST_REJECTED_UNSPECIFIED]
[2023-01-10 07:18:39.573] [nas] [error] PS release reject received without being requested
[2023-01-10 07:18:39.573] [nas] [warning] Sending SM Cause[MESSAGE_TYPE_NOT_COMPATIBLE_WITH_THE_PROTOCOL_STATE] for PSI[1]
[2023-01-10 07:18:39.578] [nas] [error] MM Cause with invalid SM message type in DL NAS Transport, ignoring received message
[2023-01-10 07:18:55.817] [nas] [warning] Retransmitting PDU Session Establishment Request due to T3580 expiry
[2023-01-10 07:18:55.818] [nas] [debug] UAC access attempt is allowed for identity[0], category[MO_sig]
[2023-01-10 07:18:55.818] [nas] [warning] Retransmitting PDU Session Establishment Request due to T3580 expiry
[2023-01-10 07:18:55.818] [nas] [debug] UAC access attempt is allowed for identity[0], category[MO_sig]
[2023-01-10 07:18:55.897] [nas] [debug] PDU Session Establishment Accept received
[2023-01-10 07:18:55.897] [nas] [info] PDU Session establishment is successful PSI[2]
[2023-01-10 07:18:55.907] [app] [info] Connection setup for PDU session[2] is successful, TUN interface[uesimtun4, 10.60.0.91] is up.
[2023-01-10 07:18:55.930] [nas] [debug] PDU Session Establishment Accept received
[2023-01-10 07:18:55.930] [nas] [info] PDU Session establishment is successful PSI[3]
[2023-01-10 07:18:55.947] [app] [info] Connection setup for PDU session[3] is successful, TUN interface[uesimtun5, 10.60.0.92] is up.
[2023-01-10 07:18:59.486] [nas] [debug] Sending PDU Session Establishment Request
[2023-01-10 07:18:59.587] [nas] [error] No response from RRC from UAC checks, considering access attempt is barred
[2023-01-10 07:18:59.625] [nas] [debug] Sending PDU Session Release Request for PSI[3]
[2023-01-10 07:18:59.655] [nas] [debug] PDU Session Release Command received
[2023-01-10 07:18:59.655] [nas] [debug] Performing local release of PDU session[3]
