UERANSIM v3.2.6
[2023-01-10 08:44:34.623] [nas] [info] UE switches to state [MM-DEREGISTERED/PLMN-SEARCH]
[2023-01-10 08:44:34.628] [rrc] [debug] New signal detected for cell[1], total [1] cells in coverage
[2023-01-10 08:44:34.628] [nas] [info] Selected plmn[208/93]
[2023-01-10 08:44:34.628] [rrc] [info] Selected cell plmn[208/93] tac[1] category[SUITABLE]
[2023-01-10 08:44:34.629] [nas] [info] UE switches to state [MM-DEREGISTERED/PS]
[2023-01-10 08:44:34.629] [nas] [info] UE switches to state [MM-DEREGISTERED/NORMAL-SERVICE]
[2023-01-10 08:44:34.629] [nas] [debug] Initial registration required due to [MM-DEREG-NORMAL-SERVICE]
[2023-01-10 08:44:34.629] [nas] [debug] UAC access attempt is allowed for identity[0], category[MO_sig]
[2023-01-10 08:44:34.629] [nas] [debug] Sending Initial Registration
[2023-01-10 08:44:34.629] [nas] [info] UE switches to state [MM-REGISTER-INITIATED]
[2023-01-10 08:44:34.629] [rrc] [debug] Sending RRC Setup Request
[2023-01-10 08:44:34.629] [rrc] [info] RRC connection established
[2023-01-10 08:44:34.629] [rrc] [info] UE switches to state [RRC-CONNECTED]
[2023-01-10 08:44:34.630] [nas] [info] UE switches to state [CM-CONNECTED]
[2023-01-10 08:44:34.646] [nas] [debug] Authentication Request received
[2023-01-10 08:44:34.646] [nas] [debug] Sending Authentication Failure due to SQN out of range
[2023-01-10 08:44:34.656] [nas] [debug] Authentication Request received
[2023-01-10 08:44:34.665] [nas] [debug] Security Mode Command received
[2023-01-10 08:44:34.665] [nas] [debug] Selected integrity[2] ciphering[0]
[2023-01-10 08:44:34.689] [nas] [debug] Registration accept received
[2023-01-10 08:44:34.689] [nas] [info] UE switches to state [MM-REGISTERED/NORMAL-SERVICE]
[2023-01-10 08:44:34.689] [nas] [debug] Sending Registration Complete
[2023-01-10 08:44:34.689] [nas] [info] Initial Registration is successful
[2023-01-10 08:44:34.689] [nas] [debug] Sending PDU Session Establishment Request
[2023-01-10 08:44:34.691] [nas] [debug] UAC access attempt is allowed for identity[0], category[MO_sig]
[2023-01-10 08:44:34.930] [nas] [debug] PDU Session Establishment Accept received
[2023-01-10 08:44:34.930] [nas] [info] PDU Session establishment is successful PSI[1]
[2023-01-10 08:44:34.952] [app] [info] Connection setup for PDU session[1] is successful, TUN interface[uesimtun50, 10.60.0.55] is up.
[2023-01-10 08:46:16.001] [nas] [debug] De-registration required due to [NORMAL]
[2023-01-10 08:46:16.012] [nas] [debug] Starting de-registration procedure due to [NORMAL]
[2023-01-10 08:46:16.012] [nas] [debug] Performing local release of PDU session[1]
[2023-01-10 08:46:16.012] [nas] [info] UE switches to state [MM-DEREGISTER-INITIATED]
[2023-01-10 08:46:16.143] [nas] [debug] De-registration accept received
[2023-01-10 08:46:16.143] [nas] [info] UE switches to state [MM-DEREGISTERED/PS]
[2023-01-10 08:46:16.143] [nas] [info] De-registration is successful
[2023-01-10 08:46:16.143] [nas] [info] UE switches to state [MM-DEREGISTERED/NORMAL-SERVICE]
[2023-01-10 08:46:16.143] [nas] [debug] Initial registration required due to [MM-DEREG-NORMAL-SERVICE]
[2023-01-10 08:46:16.143] [nas] [debug] Sending Initial Registration
[2023-01-10 08:46:16.143] [nas] [debug] Deleting NAS security context
[2023-01-10 08:46:16.143] [nas] [info] UE switches to state [MM-REGISTER-INITIATED]
[2023-01-10 08:46:16.143] [rrc] [debug] RRC Release received
[2023-01-10 08:46:16.143] [nas] [info] UE switches to state [CM-IDLE]
[2023-01-10 08:46:16.143] [nas] [info] UE switches to state [MM-DEREGISTERED/PS]
[2023-01-10 08:46:16.143] [nas] [info] UE switches to state [5U2-NOT-UPDATED]
[2023-01-10 08:46:16.143] [nas] [info] UE switches to state [MM-DEREGISTERED/ATTEMPTING-REGISTRATION]
[2023-01-10 08:46:18.369] [rrc] [debug] Signal lost for cell[1], total [0] cells in coverage
[2023-01-10 08:46:18.369] [nas] [info] UE switches to state [MM-DEREGISTERED/PS]
[2023-01-10 08:46:18.369] [nas] [info] UE switches to state [MM-DEREGISTERED/PLMN-SEARCH]
[2023-01-10 08:46:18.369] [nas] [error] PLMN selection failure, no cells in coverage
[2023-01-10 08:46:19.665] [rrc] [warning] Acceptable cell selection failed, no cell is in coverage
[2023-01-10 08:46:19.665] [rrc] [error] Cell selection failure, no suitable or acceptable cell found
[2023-01-10 08:46:21.422] [nas] [error] PLMN selection failure, no cells in coverage
[2023-01-10 08:46:23.624] [nas] [info] UE switches to state [MM-DEREGISTERED/NO-CELL-AVAILABLE]
[2023-01-10 08:46:49.677] [rrc] [warning] Acceptable cell selection failed, no cell is in coverage
[2023-01-10 08:46:49.677] [rrc] [error] Cell selection failure, no suitable or acceptable cell found
[2023-01-10 08:46:52.250] [nas] [error] PLMN selection failure, no cells in coverage
[2023-01-10 08:47:19.689] [rrc] [warning] Acceptable cell selection failed, no cell is in coverage
[2023-01-10 08:47:19.689] [rrc] [error] Cell selection failure, no suitable or acceptable cell found
[2023-01-10 08:47:23.079] [nas] [error] PLMN selection failure, no cells in coverage
[2023-01-10 08:47:49.701] [rrc] [warning] Acceptable cell selection failed, no cell is in coverage
[2023-01-10 08:47:49.701] [rrc] [error] Cell selection failure, no suitable or acceptable cell found
[2023-01-10 08:47:53.907] [nas] [error] PLMN selection failure, no cells in coverage
[2023-01-10 08:48:16.554] [nas] [debug] De-registration required due to [NORMAL]
[2023-01-10 08:48:19.713] [rrc] [warning] Acceptable cell selection failed, no cell is in coverage
[2023-01-10 08:48:19.713] [rrc] [error] Cell selection failure, no suitable or acceptable cell found
[2023-01-10 08:48:24.735] [nas] [error] PLMN selection failure, no cells in coverage
[2023-01-10 08:48:49.725] [rrc] [warning] Acceptable cell selection failed, no cell is in coverage
[2023-01-10 08:48:49.725] [rrc] [error] Cell selection failure, no suitable or acceptable cell found
[2023-01-10 08:48:55.564] [nas] [error] PLMN selection failure, no cells in coverage
[2023-01-10 08:49:19.737] [rrc] [warning] Acceptable cell selection failed, no cell is in coverage
[2023-01-10 08:49:19.737] [rrc] [error] Cell selection failure, no suitable or acceptable cell found
[2023-01-10 08:49:26.394] [nas] [error] PLMN selection failure, no cells in coverage
[2023-01-10 08:49:49.750] [rrc] [warning] Acceptable cell selection failed, no cell is in coverage
[2023-01-10 08:49:49.750] [rrc] [error] Cell selection failure, no suitable or acceptable cell found
[2023-01-10 08:49:57.222] [nas] [error] PLMN selection failure, no cells in coverage
[2023-01-10 08:50:19.762] [rrc] [warning] Acceptable cell selection failed, no cell is in coverage
[2023-01-10 08:50:19.762] [rrc] [error] Cell selection failure, no suitable or acceptable cell found
[2023-01-10 08:50:28.050] [nas] [error] PLMN selection failure, no cells in coverage
[2023-01-10 08:50:49.774] [rrc] [warning] Acceptable cell selection failed, no cell is in coverage
[2023-01-10 08:50:49.774] [rrc] [error] Cell selection failure, no suitable or acceptable cell found
[2023-01-10 08:50:58.879] [nas] [error] PLMN selection failure, no cells in coverage
[2023-01-10 08:51:19.786] [rrc] [warning] Acceptable cell selection failed, no cell is in coverage
[2023-01-10 08:51:19.786] [rrc] [error] Cell selection failure, no suitable or acceptable cell found
[2023-01-10 08:51:29.707] [nas] [error] PLMN selection failure, no cells in coverage
[2023-01-10 08:51:49.798] [rrc] [warning] Acceptable cell selection failed, no cell is in coverage
[2023-01-10 08:51:49.798] [rrc] [error] Cell selection failure, no suitable or acceptable cell found
[2023-01-10 08:52:00.535] [nas] [error] PLMN selection failure, no cells in coverage
[2023-01-10 08:52:19.810] [rrc] [warning] Acceptable cell selection failed, no cell is in coverage
[2023-01-10 08:52:19.810] [rrc] [error] Cell selection failure, no suitable or acceptable cell found
[2023-01-10 08:52:31.364] [nas] [error] PLMN selection failure, no cells in coverage
[2023-01-10 08:52:49.822] [rrc] [warning] Acceptable cell selection failed, no cell is in coverage
[2023-01-10 08:52:49.822] [rrc] [error] Cell selection failure, no suitable or acceptable cell found
[2023-01-10 08:53:02.193] [nas] [error] PLMN selection failure, no cells in coverage
[2023-01-10 08:53:19.834] [rrc] [warning] Acceptable cell selection failed, no cell is in coverage
[2023-01-10 08:53:19.834] [rrc] [error] Cell selection failure, no suitable or acceptable cell found
[2023-01-10 08:53:33.021] [nas] [error] PLMN selection failure, no cells in coverage
[2023-01-10 08:53:49.846] [rrc] [warning] Acceptable cell selection failed, no cell is in coverage
[2023-01-10 08:53:49.846] [rrc] [error] Cell selection failure, no suitable or acceptable cell found
[2023-01-10 08:54:03.849] [nas] [error] PLMN selection failure, no cells in coverage
[2023-01-10 08:54:19.858] [rrc] [warning] Acceptable cell selection failed, no cell is in coverage
[2023-01-10 08:54:19.858] [rrc] [error] Cell selection failure, no suitable or acceptable cell found
[2023-01-10 08:54:34.678] [nas] [error] PLMN selection failure, no cells in coverage
[2023-01-10 08:54:49.870] [rrc] [warning] Acceptable cell selection failed, no cell is in coverage
[2023-01-10 08:54:49.870] [rrc] [error] Cell selection failure, no suitable or acceptable cell found
[2023-01-10 08:55:05.506] [nas] [error] PLMN selection failure, no cells in coverage
[2023-01-10 08:55:19.882] [rrc] [warning] Acceptable cell selection failed, no cell is in coverage
[2023-01-10 08:55:19.882] [rrc] [error] Cell selection failure, no suitable or acceptable cell found
[2023-01-10 08:55:36.334] [nas] [error] PLMN selection failure, no cells in coverage
[2023-01-10 08:55:49.894] [rrc] [warning] Acceptable cell selection failed, no cell is in coverage
[2023-01-10 08:55:49.894] [rrc] [error] Cell selection failure, no suitable or acceptable cell found
[2023-01-10 08:56:07.163] [nas] [error] PLMN selection failure, no cells in coverage
[2023-01-10 08:56:19.906] [rrc] [warning] Acceptable cell selection failed, no cell is in coverage
[2023-01-10 08:56:19.906] [rrc] [error] Cell selection failure, no suitable or acceptable cell found
[2023-01-10 08:56:37.991] [nas] [error] PLMN selection failure, no cells in coverage
[2023-01-10 08:56:49.918] [rrc] [warning] Acceptable cell selection failed, no cell is in coverage
[2023-01-10 08:56:49.918] [rrc] [error] Cell selection failure, no suitable or acceptable cell found
[2023-01-10 08:57:08.819] [nas] [error] PLMN selection failure, no cells in coverage
[2023-01-10 08:57:19.930] [rrc] [warning] Acceptable cell selection failed, no cell is in coverage
[2023-01-10 08:57:19.930] [rrc] [error] Cell selection failure, no suitable or acceptable cell found
[2023-01-10 08:57:39.648] [nas] [error] PLMN selection failure, no cells in coverage
[2023-01-10 08:57:49.942] [rrc] [warning] Acceptable cell selection failed, no cell is in coverage
[2023-01-10 08:57:49.942] [rrc] [error] Cell selection failure, no suitable or acceptable cell found
[2023-01-10 08:58:10.476] [nas] [error] PLMN selection failure, no cells in coverage
[2023-01-10 08:58:19.954] [rrc] [warning] Acceptable cell selection failed, no cell is in coverage
[2023-01-10 08:58:19.954] [rrc] [error] Cell selection failure, no suitable or acceptable cell found
[2023-01-10 08:58:41.305] [nas] [error] PLMN selection failure, no cells in coverage
[2023-01-10 08:58:49.966] [rrc] [warning] Acceptable cell selection failed, no cell is in coverage
[2023-01-10 08:58:49.966] [rrc] [error] Cell selection failure, no suitable or acceptable cell found
[2023-01-10 08:59:12.133] [nas] [error] PLMN selection failure, no cells in coverage
[2023-01-10 08:59:19.978] [rrc] [warning] Acceptable cell selection failed, no cell is in coverage
[2023-01-10 08:59:19.978] [rrc] [error] Cell selection failure, no suitable or acceptable cell found
[2023-01-10 08:59:42.961] [nas] [error] PLMN selection failure, no cells in coverage
[2023-01-10 08:59:49.990] [rrc] [warning] Acceptable cell selection failed, no cell is in coverage
[2023-01-10 08:59:49.990] [rrc] [error] Cell selection failure, no suitable or acceptable cell found
[2023-01-10 09:00:13.790] [nas] [error] PLMN selection failure, no cells in coverage
[2023-01-10 09:00:20.002] [rrc] [warning] Acceptable cell selection failed, no cell is in coverage
[2023-01-10 09:00:20.002] [rrc] [error] Cell selection failure, no suitable or acceptable cell found
[2023-01-10 09:00:44.618] [nas] [error] PLMN selection failure, no cells in coverage
[2023-01-10 09:00:50.014] [rrc] [warning] Acceptable cell selection failed, no cell is in coverage
[2023-01-10 09:00:50.014] [rrc] [error] Cell selection failure, no suitable or acceptable cell found
[2023-01-10 09:01:15.446] [nas] [error] PLMN selection failure, no cells in coverage
[2023-01-10 09:01:20.026] [rrc] [warning] Acceptable cell selection failed, no cell is in coverage
[2023-01-10 09:01:20.026] [rrc] [error] Cell selection failure, no suitable or acceptable cell found
[2023-01-10 09:01:46.274] [nas] [error] PLMN selection failure, no cells in coverage
[2023-01-10 09:01:50.038] [rrc] [warning] Acceptable cell selection failed, no cell is in coverage
[2023-01-10 09:01:50.038] [rrc] [error] Cell selection failure, no suitable or acceptable cell found
[2023-01-10 09:02:17.102] [nas] [error] PLMN selection failure, no cells in coverage
[2023-01-10 09:02:20.050] [rrc] [warning] Acceptable cell selection failed, no cell is in coverage
[2023-01-10 09:02:20.050] [rrc] [error] Cell selection failure, no suitable or acceptable cell found
[2023-01-10 09:02:47.930] [nas] [error] PLMN selection failure, no cells in coverage
[2023-01-10 09:02:50.062] [rrc] [warning] Acceptable cell selection failed, no cell is in coverage
[2023-01-10 09:02:50.062] [rrc] [error] Cell selection failure, no suitable or acceptable cell found
[2023-01-10 09:03:18.758] [nas] [error] PLMN selection failure, no cells in coverage
[2023-01-10 09:03:20.074] [rrc] [warning] Acceptable cell selection failed, no cell is in coverage
[2023-01-10 09:03:20.074] [rrc] [error] Cell selection failure, no suitable or acceptable cell found
[2023-01-10 09:03:49.586] [nas] [error] PLMN selection failure, no cells in coverage
[2023-01-10 09:03:50.086] [rrc] [warning] Acceptable cell selection failed, no cell is in coverage
[2023-01-10 09:03:50.086] [rrc] [error] Cell selection failure, no suitable or acceptable cell found
[2023-01-10 09:04:20.100] [rrc] [warning] Acceptable cell selection failed, no cell is in coverage
[2023-01-10 09:04:20.100] [rrc] [error] Cell selection failure, no suitable or acceptable cell found
[2023-01-10 09:04:20.415] [nas] [error] PLMN selection failure, no cells in coverage
[2023-01-10 09:04:50.112] [rrc] [warning] Acceptable cell selection failed, no cell is in coverage
[2023-01-10 09:04:50.112] [rrc] [error] Cell selection failure, no suitable or acceptable cell found
[2023-01-10 09:04:51.243] [nas] [error] PLMN selection failure, no cells in coverage
[2023-01-10 09:05:20.125] [rrc] [warning] Acceptable cell selection failed, no cell is in coverage
[2023-01-10 09:05:20.125] [rrc] [error] Cell selection failure, no suitable or acceptable cell found
[2023-01-10 09:05:22.072] [nas] [error] PLMN selection failure, no cells in coverage
[2023-01-10 09:05:50.137] [rrc] [warning] Acceptable cell selection failed, no cell is in coverage
[2023-01-10 09:05:50.137] [rrc] [error] Cell selection failure, no suitable or acceptable cell found
[2023-01-10 09:05:52.900] [nas] [error] PLMN selection failure, no cells in coverage
[2023-01-10 09:06:20.149] [rrc] [warning] Acceptable cell selection failed, no cell is in coverage
[2023-01-10 09:06:20.149] [rrc] [error] Cell selection failure, no suitable or acceptable cell found
[2023-01-10 09:06:23.731] [nas] [error] PLMN selection failure, no cells in coverage
[2023-01-10 09:06:50.161] [rrc] [warning] Acceptable cell selection failed, no cell is in coverage
[2023-01-10 09:06:50.161] [rrc] [error] Cell selection failure, no suitable or acceptable cell found
[2023-01-10 09:06:54.560] [nas] [error] PLMN selection failure, no cells in coverage
