UERANSIM v3.2.6
[2023-01-10 08:43:28.559] [nas] [info] UE switches to state [MM-DEREGISTERED/PLMN-SEARCH]
[2023-01-10 08:43:28.561] [rrc] [debug] New signal detected for cell[1], total [1] cells in coverage
[2023-01-10 08:43:28.561] [nas] [info] Selected plmn[208/93]
[2023-01-10 08:43:28.561] [rrc] [info] Selected cell plmn[208/93] tac[1] category[SUITABLE]
[2023-01-10 08:43:28.561] [nas] [info] UE switches to state [MM-DEREGISTERED/PS]
[2023-01-10 08:43:28.561] [nas] [info] UE switches to state [MM-DEREGISTERED/NORMAL-SERVICE]
[2023-01-10 08:43:28.561] [nas] [debug] Initial registration required due to [MM-DEREG-NORMAL-SERVICE]
[2023-01-10 08:43:28.562] [nas] [debug] UAC access attempt is allowed for identity[0], category[MO_sig]
[2023-01-10 08:43:28.562] [nas] [debug] Sending Initial Registration
[2023-01-10 08:43:28.562] [nas] [info] UE switches to state [MM-REGISTER-INITIATED]
[2023-01-10 08:43:28.562] [rrc] [debug] Sending RRC Setup Request
[2023-01-10 08:43:28.562] [rrc] [info] RRC connection established
[2023-01-10 08:43:28.562] [rrc] [info] UE switches to state [RRC-CONNECTED]
[2023-01-10 08:43:28.563] [nas] [info] UE switches to state [CM-CONNECTED]
[2023-01-10 08:43:28.580] [nas] [debug] Authentication Request received
[2023-01-10 08:43:28.580] [nas] [debug] Sending Authentication Failure due to SQN out of range
[2023-01-10 08:43:28.592] [nas] [debug] Authentication Request received
[2023-01-10 08:43:28.601] [nas] [debug] Security Mode Command received
[2023-01-10 08:43:28.601] [nas] [debug] Selected integrity[2] ciphering[0]
[2023-01-10 08:43:28.628] [nas] [debug] Registration accept received
[2023-01-10 08:43:28.629] [nas] [info] UE switches to state [MM-REGISTERED/NORMAL-SERVICE]
[2023-01-10 08:43:28.629] [nas] [debug] Sending Registration Complete
[2023-01-10 08:43:28.629] [nas] [info] Initial Registration is successful
[2023-01-10 08:43:28.629] [nas] [debug] Sending PDU Session Establishment Request
[2023-01-10 08:43:28.629] [nas] [debug] UAC access attempt is allowed for identity[0], category[MO_sig]
[2023-01-10 08:43:28.867] [nas] [debug] PDU Session Establishment Accept received
[2023-01-10 08:43:28.867] [nas] [info] PDU Session establishment is successful PSI[1]
[2023-01-10 08:43:28.882] [app] [info] Connection setup for PDU session[1] is successful, TUN interface[uesimtun17, 10.60.0.22] is up.
[2023-01-10 08:46:18.319] [rrc] [debug] Signal lost for cell[1], total [0] cells in coverage
[2023-01-10 08:46:18.319] [nas] [error] Radio link failure detected
[2023-01-10 08:46:18.319] [nas] [info] UE switches to state [CM-IDLE]
[2023-01-10 08:46:18.319] [nas] [info] UE switches to state [MM-REGISTERED/PS]
[2023-01-10 08:46:18.319] [nas] [info] UE switches to state [MM-REGISTERED/PLMN-SEARCH]
[2023-01-10 08:46:18.319] [nas] [error] PLMN selection failure, no cells in coverage
[2023-01-10 08:46:18.469] [nas] [debug] Sending PDU Session Release Request for PSI[1]
[2023-01-10 08:46:18.469] [nas] [debug] NAS Transport aborted, no active cell
[2023-01-10 08:46:18.629] [rrc] [warning] Acceptable cell selection failed, no cell is in coverage
[2023-01-10 08:46:18.629] [rrc] [error] Cell selection failure, no suitable or acceptable cell found
[2023-01-10 08:46:21.418] [nas] [error] PLMN selection failure, no cells in coverage
[2023-01-10 08:46:23.620] [nas] [info] UE switches to state [MM-REGISTERED/NO-CELL-AVAILABLE]
[2023-01-10 08:46:34.760] [nas] [warning] Retransmitting PDU Session Release Request due to T3582 expiry
[2023-01-10 08:46:34.760] [nas] [debug] NAS Transport aborted, no active cell
[2023-01-10 08:46:48.642] [rrc] [warning] Acceptable cell selection failed, no cell is in coverage
[2023-01-10 08:46:48.642] [rrc] [error] Cell selection failure, no suitable or acceptable cell found
[2023-01-10 08:46:50.782] [nas] [warning] Retransmitting PDU Session Release Request due to T3582 expiry
[2023-01-10 08:46:50.782] [nas] [debug] NAS Transport aborted, no active cell
[2023-01-10 08:46:52.246] [nas] [error] PLMN selection failure, no cells in coverage
[2023-01-10 08:47:06.800] [nas] [warning] Retransmitting PDU Session Release Request due to T3582 expiry
[2023-01-10 08:47:06.800] [nas] [debug] NAS Transport aborted, no active cell
[2023-01-10 08:47:18.654] [rrc] [warning] Acceptable cell selection failed, no cell is in coverage
[2023-01-10 08:47:18.654] [rrc] [error] Cell selection failure, no suitable or acceptable cell found
[2023-01-10 08:47:22.818] [nas] [warning] Retransmitting PDU Session Release Request due to T3582 expiry
[2023-01-10 08:47:22.818] [nas] [debug] NAS Transport aborted, no active cell
[2023-01-10 08:47:23.074] [nas] [error] PLMN selection failure, no cells in coverage
[2023-01-10 08:47:38.836] [nas] [error] PDU Session Release procedure failure, no response from the network after 5 attempts
[2023-01-10 08:47:38.836] [nas] [debug] Aborting SM procedure for PTI[1], PSI[1]
[2023-01-10 08:47:38.836] [nas] [debug] Performing local release of PDU session[1]
[2023-01-10 08:47:38.836] [nas] [debug] Mobility registration updating required due to [PS-STATUS-INFORM]
[2023-01-10 08:47:48.666] [rrc] [warning] Acceptable cell selection failed, no cell is in coverage
[2023-01-10 08:47:48.666] [rrc] [error] Cell selection failure, no suitable or acceptable cell found
[2023-01-10 08:47:53.902] [nas] [error] PLMN selection failure, no cells in coverage
[2023-01-10 08:48:18.678] [rrc] [warning] Acceptable cell selection failed, no cell is in coverage
[2023-01-10 08:48:18.678] [rrc] [error] Cell selection failure, no suitable or acceptable cell found
[2023-01-10 08:48:18.695] [nas] [debug] De-registration required due to [NORMAL]
[2023-01-10 08:48:24.730] [nas] [error] PLMN selection failure, no cells in coverage
[2023-01-10 08:48:48.690] [rrc] [warning] Acceptable cell selection failed, no cell is in coverage
[2023-01-10 08:48:48.690] [rrc] [error] Cell selection failure, no suitable or acceptable cell found
[2023-01-10 08:48:55.558] [nas] [error] PLMN selection failure, no cells in coverage
[2023-01-10 08:49:18.702] [rrc] [warning] Acceptable cell selection failed, no cell is in coverage
[2023-01-10 08:49:18.702] [rrc] [error] Cell selection failure, no suitable or acceptable cell found
[2023-01-10 08:49:26.386] [nas] [error] PLMN selection failure, no cells in coverage
[2023-01-10 08:49:48.714] [rrc] [warning] Acceptable cell selection failed, no cell is in coverage
[2023-01-10 08:49:48.714] [rrc] [error] Cell selection failure, no suitable or acceptable cell found
[2023-01-10 08:49:57.214] [nas] [error] PLMN selection failure, no cells in coverage
[2023-01-10 08:50:18.726] [rrc] [warning] Acceptable cell selection failed, no cell is in coverage
[2023-01-10 08:50:18.726] [rrc] [error] Cell selection failure, no suitable or acceptable cell found
[2023-01-10 08:50:28.042] [nas] [error] PLMN selection failure, no cells in coverage
[2023-01-10 08:50:48.738] [rrc] [warning] Acceptable cell selection failed, no cell is in coverage
[2023-01-10 08:50:48.738] [rrc] [error] Cell selection failure, no suitable or acceptable cell found
[2023-01-10 08:50:58.870] [nas] [error] PLMN selection failure, no cells in coverage
[2023-01-10 08:51:18.750] [rrc] [warning] Acceptable cell selection failed, no cell is in coverage
[2023-01-10 08:51:18.750] [rrc] [error] Cell selection failure, no suitable or acceptable cell found
[2023-01-10 08:51:29.698] [nas] [error] PLMN selection failure, no cells in coverage
[2023-01-10 08:51:48.762] [rrc] [warning] Acceptable cell selection failed, no cell is in coverage
[2023-01-10 08:51:48.762] [rrc] [error] Cell selection failure, no suitable or acceptable cell found
[2023-01-10 08:52:00.527] [nas] [error] PLMN selection failure, no cells in coverage
[2023-01-10 08:52:18.774] [rrc] [warning] Acceptable cell selection failed, no cell is in coverage
[2023-01-10 08:52:18.774] [rrc] [error] Cell selection failure, no suitable or acceptable cell found
[2023-01-10 08:52:31.355] [nas] [error] PLMN selection failure, no cells in coverage
[2023-01-10 08:52:48.786] [rrc] [warning] Acceptable cell selection failed, no cell is in coverage
[2023-01-10 08:52:48.786] [rrc] [error] Cell selection failure, no suitable or acceptable cell found
[2023-01-10 08:53:02.183] [nas] [error] PLMN selection failure, no cells in coverage
[2023-01-10 08:53:18.798] [rrc] [warning] Acceptable cell selection failed, no cell is in coverage
[2023-01-10 08:53:18.798] [rrc] [error] Cell selection failure, no suitable or acceptable cell found
[2023-01-10 08:53:33.011] [nas] [error] PLMN selection failure, no cells in coverage
[2023-01-10 08:53:48.810] [rrc] [warning] Acceptable cell selection failed, no cell is in coverage
[2023-01-10 08:53:48.810] [rrc] [error] Cell selection failure, no suitable or acceptable cell found
[2023-01-10 08:54:03.839] [nas] [error] PLMN selection failure, no cells in coverage
[2023-01-10 08:54:18.822] [rrc] [warning] Acceptable cell selection failed, no cell is in coverage
[2023-01-10 08:54:18.822] [rrc] [error] Cell selection failure, no suitable or acceptable cell found
[2023-01-10 08:54:34.667] [nas] [error] PLMN selection failure, no cells in coverage
[2023-01-10 08:54:48.834] [rrc] [warning] Acceptable cell selection failed, no cell is in coverage
[2023-01-10 08:54:48.834] [rrc] [error] Cell selection failure, no suitable or acceptable cell found
[2023-01-10 08:55:05.495] [nas] [error] PLMN selection failure, no cells in coverage
[2023-01-10 08:55:18.846] [rrc] [warning] Acceptable cell selection failed, no cell is in coverage
[2023-01-10 08:55:18.846] [rrc] [error] Cell selection failure, no suitable or acceptable cell found
[2023-01-10 08:55:36.323] [nas] [error] PLMN selection failure, no cells in coverage
[2023-01-10 08:55:48.858] [rrc] [warning] Acceptable cell selection failed, no cell is in coverage
[2023-01-10 08:55:48.858] [rrc] [error] Cell selection failure, no suitable or acceptable cell found
[2023-01-10 08:56:07.151] [nas] [error] PLMN selection failure, no cells in coverage
[2023-01-10 08:56:18.870] [rrc] [warning] Acceptable cell selection failed, no cell is in coverage
[2023-01-10 08:56:18.870] [rrc] [error] Cell selection failure, no suitable or acceptable cell found
[2023-01-10 08:56:37.979] [nas] [error] PLMN selection failure, no cells in coverage
[2023-01-10 08:56:48.882] [rrc] [warning] Acceptable cell selection failed, no cell is in coverage
[2023-01-10 08:56:48.882] [rrc] [error] Cell selection failure, no suitable or acceptable cell found
[2023-01-10 08:57:08.807] [nas] [error] PLMN selection failure, no cells in coverage
[2023-01-10 08:57:18.894] [rrc] [warning] Acceptable cell selection failed, no cell is in coverage
[2023-01-10 08:57:18.894] [rrc] [error] Cell selection failure, no suitable or acceptable cell found
[2023-01-10 08:57:39.635] [nas] [error] PLMN selection failure, no cells in coverage
[2023-01-10 08:57:48.906] [rrc] [warning] Acceptable cell selection failed, no cell is in coverage
[2023-01-10 08:57:48.906] [rrc] [error] Cell selection failure, no suitable or acceptable cell found
[2023-01-10 08:58:10.463] [nas] [error] PLMN selection failure, no cells in coverage
[2023-01-10 08:58:18.919] [rrc] [warning] Acceptable cell selection failed, no cell is in coverage
[2023-01-10 08:58:18.919] [rrc] [error] Cell selection failure, no suitable or acceptable cell found
[2023-01-10 08:58:41.291] [nas] [error] PLMN selection failure, no cells in coverage
[2023-01-10 08:58:48.931] [rrc] [warning] Acceptable cell selection failed, no cell is in coverage
[2023-01-10 08:58:48.931] [rrc] [error] Cell selection failure, no suitable or acceptable cell found
[2023-01-10 08:59:12.120] [nas] [error] PLMN selection failure, no cells in coverage
[2023-01-10 08:59:18.943] [rrc] [warning] Acceptable cell selection failed, no cell is in coverage
[2023-01-10 08:59:18.943] [rrc] [error] Cell selection failure, no suitable or acceptable cell found
[2023-01-10 08:59:42.948] [nas] [error] PLMN selection failure, no cells in coverage
[2023-01-10 08:59:48.955] [rrc] [warning] Acceptable cell selection failed, no cell is in coverage
[2023-01-10 08:59:48.955] [rrc] [error] Cell selection failure, no suitable or acceptable cell found
[2023-01-10 09:00:13.776] [nas] [error] PLMN selection failure, no cells in coverage
[2023-01-10 09:00:18.967] [rrc] [warning] Acceptable cell selection failed, no cell is in coverage
[2023-01-10 09:00:18.967] [rrc] [error] Cell selection failure, no suitable or acceptable cell found
[2023-01-10 09:00:44.604] [nas] [error] PLMN selection failure, no cells in coverage
[2023-01-10 09:00:48.979] [rrc] [warning] Acceptable cell selection failed, no cell is in coverage
[2023-01-10 09:00:48.979] [rrc] [error] Cell selection failure, no suitable or acceptable cell found
[2023-01-10 09:01:15.432] [nas] [error] PLMN selection failure, no cells in coverage
[2023-01-10 09:01:18.991] [rrc] [warning] Acceptable cell selection failed, no cell is in coverage
[2023-01-10 09:01:18.991] [rrc] [error] Cell selection failure, no suitable or acceptable cell found
[2023-01-10 09:01:46.260] [nas] [error] PLMN selection failure, no cells in coverage
[2023-01-10 09:01:49.003] [rrc] [warning] Acceptable cell selection failed, no cell is in coverage
[2023-01-10 09:01:49.003] [rrc] [error] Cell selection failure, no suitable or acceptable cell found
[2023-01-10 09:02:17.088] [nas] [error] PLMN selection failure, no cells in coverage
[2023-01-10 09:02:19.015] [rrc] [warning] Acceptable cell selection failed, no cell is in coverage
[2023-01-10 09:02:19.015] [rrc] [error] Cell selection failure, no suitable or acceptable cell found
[2023-01-10 09:02:47.916] [nas] [error] PLMN selection failure, no cells in coverage
[2023-01-10 09:02:49.027] [rrc] [warning] Acceptable cell selection failed, no cell is in coverage
[2023-01-10 09:02:49.027] [rrc] [error] Cell selection failure, no suitable or acceptable cell found
[2023-01-10 09:03:18.744] [nas] [error] PLMN selection failure, no cells in coverage
[2023-01-10 09:03:19.039] [rrc] [warning] Acceptable cell selection failed, no cell is in coverage
[2023-01-10 09:03:19.039] [rrc] [error] Cell selection failure, no suitable or acceptable cell found
[2023-01-10 09:03:49.051] [rrc] [warning] Acceptable cell selection failed, no cell is in coverage
[2023-01-10 09:03:49.051] [rrc] [error] Cell selection failure, no suitable or acceptable cell found
[2023-01-10 09:03:49.573] [nas] [error] PLMN selection failure, no cells in coverage
[2023-01-10 09:04:19.063] [rrc] [warning] Acceptable cell selection failed, no cell is in coverage
[2023-01-10 09:04:19.063] [rrc] [error] Cell selection failure, no suitable or acceptable cell found
[2023-01-10 09:04:20.402] [nas] [error] PLMN selection failure, no cells in coverage
[2023-01-10 09:04:49.075] [rrc] [warning] Acceptable cell selection failed, no cell is in coverage
[2023-01-10 09:04:49.075] [rrc] [error] Cell selection failure, no suitable or acceptable cell found
[2023-01-10 09:04:51.230] [nas] [error] PLMN selection failure, no cells in coverage
[2023-01-10 09:05:19.087] [rrc] [warning] Acceptable cell selection failed, no cell is in coverage
[2023-01-10 09:05:19.087] [rrc] [error] Cell selection failure, no suitable or acceptable cell found
[2023-01-10 09:05:22.058] [nas] [error] PLMN selection failure, no cells in coverage
[2023-01-10 09:05:49.099] [rrc] [warning] Acceptable cell selection failed, no cell is in coverage
[2023-01-10 09:05:49.099] [rrc] [error] Cell selection failure, no suitable or acceptable cell found
[2023-01-10 09:05:52.886] [nas] [error] PLMN selection failure, no cells in coverage
[2023-01-10 09:06:19.111] [rrc] [warning] Acceptable cell selection failed, no cell is in coverage
[2023-01-10 09:06:19.111] [rrc] [error] Cell selection failure, no suitable or acceptable cell found
[2023-01-10 09:06:23.714] [nas] [error] PLMN selection failure, no cells in coverage
[2023-01-10 09:06:49.123] [rrc] [warning] Acceptable cell selection failed, no cell is in coverage
[2023-01-10 09:06:49.123] [rrc] [error] Cell selection failure, no suitable or acceptable cell found
[2023-01-10 09:06:54.542] [nas] [error] PLMN selection failure, no cells in coverage
