UERANSIM v3.2.6
[2023-01-10 08:43:20.552] [nas] [info] UE switches to state [MM-DEREGISTERED/PLMN-SEARCH]
[2023-01-10 08:43:20.553] [rrc] [debug] New signal detected for cell[1], total [1] cells in coverage
[2023-01-10 08:43:20.553] [nas] [info] Selected plmn[208/93]
[2023-01-10 08:43:20.554] [rrc] [info] Selected cell plmn[208/93] tac[1] category[SUITABLE]
[2023-01-10 08:43:20.554] [nas] [info] UE switches to state [MM-DEREGISTERED/PS]
[2023-01-10 08:43:20.554] [nas] [info] UE switches to state [MM-DEREGISTERED/NORMAL-SERVICE]
[2023-01-10 08:43:20.554] [nas] [debug] Initial registration required due to [MM-DEREG-NORMAL-SERVICE]
[2023-01-10 08:43:20.555] [nas] [debug] UAC access attempt is allowed for identity[0], category[MO_sig]
[2023-01-10 08:43:20.555] [nas] [debug] Sending Initial Registration
[2023-01-10 08:43:20.555] [nas] [info] UE switches to state [MM-REGISTER-INITIATED]
[2023-01-10 08:43:20.556] [rrc] [debug] Sending RRC Setup Request
[2023-01-10 08:43:20.558] [rrc] [info] RRC connection established
[2023-01-10 08:43:20.558] [rrc] [info] UE switches to state [RRC-CONNECTED]
[2023-01-10 08:43:20.558] [nas] [info] UE switches to state [CM-CONNECTED]
[2023-01-10 08:43:20.576] [nas] [debug] Authentication Request received
[2023-01-10 08:43:20.581] [nas] [debug] Security Mode Command received
[2023-01-10 08:43:20.581] [nas] [debug] Selected integrity[2] ciphering[0]
[2023-01-10 08:43:20.607] [nas] [debug] Registration accept received
[2023-01-10 08:43:20.607] [nas] [info] UE switches to state [MM-REGISTERED/NORMAL-SERVICE]
[2023-01-10 08:43:20.607] [nas] [debug] Sending Registration Complete
[2023-01-10 08:43:20.607] [nas] [info] Initial Registration is successful
[2023-01-10 08:43:20.607] [nas] [debug] Sending PDU Session Establishment Request
[2023-01-10 08:43:20.607] [nas] [debug] UAC access attempt is allowed for identity[0], category[MO_sig]
[2023-01-10 08:43:20.845] [nas] [debug] PDU Session Establishment Accept received
[2023-01-10 08:43:20.845] [nas] [info] PDU Session establishment is successful PSI[1]
[2023-01-10 08:43:20.867] [app] [info] Connection setup for PDU session[1] is successful, TUN interface[uesimtun13, 10.60.0.18] is up.
[2023-01-10 08:46:15.013] [nas] [debug] Sending PDU Session Establishment Request
[2023-01-10 08:46:15.135] [nas] [error] No response from RRC from UAC checks, considering access attempt is barred
[2023-01-10 08:46:15.423] [nas] [debug] Sending PDU Session Release Request for PSI[1]
[2023-01-10 08:46:15.588] [nas] [debug] PDU Session Release Command received
[2023-01-10 08:46:15.588] [nas] [debug] Performing local release of PDU session[1]
[2023-01-10 08:46:16.145] [nas] [warning] PDU session release procedure could not start: PS[2] is not active already
[2023-01-10 08:46:18.719] [rrc] [debug] Signal lost for cell[1], total [0] cells in coverage
[2023-01-10 08:46:18.719] [nas] [error] Radio link failure detected
[2023-01-10 08:46:18.719] [nas] [info] UE switches to state [CM-IDLE]
[2023-01-10 08:46:18.719] [nas] [info] UE switches to state [MM-REGISTERED/PS]
[2023-01-10 08:46:18.719] [nas] [info] UE switches to state [MM-REGISTERED/PLMN-SEARCH]
[2023-01-10 08:46:18.719] [nas] [error] PLMN selection failure, no cells in coverage
[2023-01-10 08:46:20.623] [rrc] [warning] Acceptable cell selection failed, no cell is in coverage
[2023-01-10 08:46:20.623] [rrc] [error] Cell selection failure, no suitable or acceptable cell found
[2023-01-10 08:46:21.117] [nas] [error] PLMN selection failure, no cells in coverage
[2023-01-10 08:46:23.319] [nas] [error] PLMN selection failure, no cells in coverage
[2023-01-10 08:46:24.420] [nas] [info] UE switches to state [MM-REGISTERED/NO-CELL-AVAILABLE]
[2023-01-10 08:46:31.757] [nas] [warning] Retransmitting PDU Session Establishment Request due to T3580 expiry
[2023-01-10 08:46:31.757] [nas] [error] UAC access attempt is barred for identity[0], category[MO_sig]
[2023-01-10 08:46:47.773] [nas] [warning] Retransmitting PDU Session Establishment Request due to T3580 expiry
[2023-01-10 08:46:47.773] [nas] [error] UAC access attempt is barred for identity[0], category[MO_sig]
[2023-01-10 08:46:50.635] [rrc] [warning] Acceptable cell selection failed, no cell is in coverage
[2023-01-10 08:46:50.635] [rrc] [error] Cell selection failure, no suitable or acceptable cell found
[2023-01-10 08:46:54.148] [nas] [error] PLMN selection failure, no cells in coverage
[2023-01-10 08:47:03.795] [nas] [warning] Retransmitting PDU Session Establishment Request due to T3580 expiry
[2023-01-10 08:47:03.795] [nas] [error] UAC access attempt is barred for identity[0], category[MO_sig]
[2023-01-10 08:47:19.819] [nas] [warning] Retransmitting PDU Session Establishment Request due to T3580 expiry
[2023-01-10 08:47:19.819] [nas] [error] UAC access attempt is barred for identity[0], category[MO_sig]
[2023-01-10 08:47:20.647] [rrc] [warning] Acceptable cell selection failed, no cell is in coverage
[2023-01-10 08:47:20.647] [rrc] [error] Cell selection failure, no suitable or acceptable cell found
[2023-01-10 08:47:24.976] [nas] [error] PLMN selection failure, no cells in coverage
[2023-01-10 08:47:35.835] [nas] [error] PDU Session Establishment procedure failure, no response from the network after 5 attempts
[2023-01-10 08:47:35.835] [nas] [debug] Aborting SM procedure for PTI[1], PSI[2]
[2023-01-10 08:47:50.659] [rrc] [warning] Acceptable cell selection failed, no cell is in coverage
[2023-01-10 08:47:50.659] [rrc] [error] Cell selection failure, no suitable or acceptable cell found
[2023-01-10 08:47:55.804] [nas] [error] PLMN selection failure, no cells in coverage
[2023-01-10 08:48:16.475] [nas] [debug] De-registration required due to [NORMAL]
[2023-01-10 08:48:20.671] [rrc] [warning] Acceptable cell selection failed, no cell is in coverage
[2023-01-10 08:48:20.671] [rrc] [error] Cell selection failure, no suitable or acceptable cell found
[2023-01-10 08:48:26.632] [nas] [error] PLMN selection failure, no cells in coverage
[2023-01-10 08:48:50.683] [rrc] [warning] Acceptable cell selection failed, no cell is in coverage
[2023-01-10 08:48:50.683] [rrc] [error] Cell selection failure, no suitable or acceptable cell found
[2023-01-10 08:48:57.460] [nas] [error] PLMN selection failure, no cells in coverage
[2023-01-10 08:49:20.695] [rrc] [warning] Acceptable cell selection failed, no cell is in coverage
[2023-01-10 08:49:20.695] [rrc] [error] Cell selection failure, no suitable or acceptable cell found
[2023-01-10 08:49:28.288] [nas] [error] PLMN selection failure, no cells in coverage
[2023-01-10 08:49:50.707] [rrc] [warning] Acceptable cell selection failed, no cell is in coverage
[2023-01-10 08:49:50.707] [rrc] [error] Cell selection failure, no suitable or acceptable cell found
[2023-01-10 08:49:59.117] [nas] [error] PLMN selection failure, no cells in coverage
[2023-01-10 08:50:20.719] [rrc] [warning] Acceptable cell selection failed, no cell is in coverage
[2023-01-10 08:50:20.719] [rrc] [error] Cell selection failure, no suitable or acceptable cell found
[2023-01-10 08:50:29.945] [nas] [error] PLMN selection failure, no cells in coverage
[2023-01-10 08:50:50.731] [rrc] [warning] Acceptable cell selection failed, no cell is in coverage
[2023-01-10 08:50:50.731] [rrc] [error] Cell selection failure, no suitable or acceptable cell found
[2023-01-10 08:51:00.773] [nas] [error] PLMN selection failure, no cells in coverage
[2023-01-10 08:51:20.743] [rrc] [warning] Acceptable cell selection failed, no cell is in coverage
[2023-01-10 08:51:20.743] [rrc] [error] Cell selection failure, no suitable or acceptable cell found
[2023-01-10 08:51:31.601] [nas] [error] PLMN selection failure, no cells in coverage
[2023-01-10 08:51:50.755] [rrc] [warning] Acceptable cell selection failed, no cell is in coverage
[2023-01-10 08:51:50.755] [rrc] [error] Cell selection failure, no suitable or acceptable cell found
[2023-01-10 08:52:02.429] [nas] [error] PLMN selection failure, no cells in coverage
[2023-01-10 08:52:20.767] [rrc] [warning] Acceptable cell selection failed, no cell is in coverage
[2023-01-10 08:52:20.767] [rrc] [error] Cell selection failure, no suitable or acceptable cell found
[2023-01-10 08:52:33.257] [nas] [error] PLMN selection failure, no cells in coverage
[2023-01-10 08:52:50.780] [rrc] [warning] Acceptable cell selection failed, no cell is in coverage
[2023-01-10 08:52:50.780] [rrc] [error] Cell selection failure, no suitable or acceptable cell found
[2023-01-10 08:53:04.086] [nas] [error] PLMN selection failure, no cells in coverage
[2023-01-10 08:53:20.793] [rrc] [warning] Acceptable cell selection failed, no cell is in coverage
[2023-01-10 08:53:20.793] [rrc] [error] Cell selection failure, no suitable or acceptable cell found
[2023-01-10 08:53:34.914] [nas] [error] PLMN selection failure, no cells in coverage
[2023-01-10 08:53:50.805] [rrc] [warning] Acceptable cell selection failed, no cell is in coverage
[2023-01-10 08:53:50.805] [rrc] [error] Cell selection failure, no suitable or acceptable cell found
[2023-01-10 08:54:05.742] [nas] [error] PLMN selection failure, no cells in coverage
[2023-01-10 08:54:20.817] [rrc] [warning] Acceptable cell selection failed, no cell is in coverage
[2023-01-10 08:54:20.817] [rrc] [error] Cell selection failure, no suitable or acceptable cell found
[2023-01-10 08:54:36.570] [nas] [error] PLMN selection failure, no cells in coverage
[2023-01-10 08:54:50.829] [rrc] [warning] Acceptable cell selection failed, no cell is in coverage
[2023-01-10 08:54:50.829] [rrc] [error] Cell selection failure, no suitable or acceptable cell found
[2023-01-10 08:55:07.398] [nas] [error] PLMN selection failure, no cells in coverage
[2023-01-10 08:55:20.841] [rrc] [warning] Acceptable cell selection failed, no cell is in coverage
[2023-01-10 08:55:20.841] [rrc] [error] Cell selection failure, no suitable or acceptable cell found
[2023-01-10 08:55:38.226] [nas] [error] PLMN selection failure, no cells in coverage
[2023-01-10 08:55:50.853] [rrc] [warning] Acceptable cell selection failed, no cell is in coverage
[2023-01-10 08:55:50.853] [rrc] [error] Cell selection failure, no suitable or acceptable cell found
[2023-01-10 08:56:09.054] [nas] [error] PLMN selection failure, no cells in coverage
[2023-01-10 08:56:20.865] [rrc] [warning] Acceptable cell selection failed, no cell is in coverage
[2023-01-10 08:56:20.865] [rrc] [error] Cell selection failure, no suitable or acceptable cell found
[2023-01-10 08:56:39.882] [nas] [error] PLMN selection failure, no cells in coverage
[2023-01-10 08:56:50.877] [rrc] [warning] Acceptable cell selection failed, no cell is in coverage
[2023-01-10 08:56:50.877] [rrc] [error] Cell selection failure, no suitable or acceptable cell found
[2023-01-10 08:57:10.710] [nas] [error] PLMN selection failure, no cells in coverage
[2023-01-10 08:57:20.889] [rrc] [warning] Acceptable cell selection failed, no cell is in coverage
[2023-01-10 08:57:20.889] [rrc] [error] Cell selection failure, no suitable or acceptable cell found
[2023-01-10 08:57:41.538] [nas] [error] PLMN selection failure, no cells in coverage
[2023-01-10 08:57:50.901] [rrc] [warning] Acceptable cell selection failed, no cell is in coverage
[2023-01-10 08:57:50.901] [rrc] [error] Cell selection failure, no suitable or acceptable cell found
[2023-01-10 08:58:12.367] [nas] [error] PLMN selection failure, no cells in coverage
[2023-01-10 08:58:20.913] [rrc] [warning] Acceptable cell selection failed, no cell is in coverage
[2023-01-10 08:58:20.913] [rrc] [error] Cell selection failure, no suitable or acceptable cell found
[2023-01-10 08:58:43.195] [nas] [error] PLMN selection failure, no cells in coverage
[2023-01-10 08:58:50.925] [rrc] [warning] Acceptable cell selection failed, no cell is in coverage
[2023-01-10 08:58:50.925] [rrc] [error] Cell selection failure, no suitable or acceptable cell found
[2023-01-10 08:59:14.023] [nas] [error] PLMN selection failure, no cells in coverage
[2023-01-10 08:59:20.937] [rrc] [warning] Acceptable cell selection failed, no cell is in coverage
[2023-01-10 08:59:20.937] [rrc] [error] Cell selection failure, no suitable or acceptable cell found
[2023-01-10 08:59:44.851] [nas] [error] PLMN selection failure, no cells in coverage
[2023-01-10 08:59:50.949] [rrc] [warning] Acceptable cell selection failed, no cell is in coverage
[2023-01-10 08:59:50.949] [rrc] [error] Cell selection failure, no suitable or acceptable cell found
[2023-01-10 09:00:15.679] [nas] [error] PLMN selection failure, no cells in coverage
[2023-01-10 09:00:20.962] [rrc] [warning] Acceptable cell selection failed, no cell is in coverage
[2023-01-10 09:00:20.962] [rrc] [error] Cell selection failure, no suitable or acceptable cell found
[2023-01-10 09:00:46.507] [nas] [error] PLMN selection failure, no cells in coverage
[2023-01-10 09:00:50.974] [rrc] [warning] Acceptable cell selection failed, no cell is in coverage
[2023-01-10 09:00:50.974] [rrc] [error] Cell selection failure, no suitable or acceptable cell found
[2023-01-10 09:01:17.335] [nas] [error] PLMN selection failure, no cells in coverage
[2023-01-10 09:01:20.986] [rrc] [warning] Acceptable cell selection failed, no cell is in coverage
[2023-01-10 09:01:20.986] [rrc] [error] Cell selection failure, no suitable or acceptable cell found
[2023-01-10 09:01:48.163] [nas] [error] PLMN selection failure, no cells in coverage
[2023-01-10 09:01:50.998] [rrc] [warning] Acceptable cell selection failed, no cell is in coverage
[2023-01-10 09:01:50.998] [rrc] [error] Cell selection failure, no suitable or acceptable cell found
[2023-01-10 09:02:18.992] [nas] [error] PLMN selection failure, no cells in coverage
[2023-01-10 09:02:21.010] [rrc] [warning] Acceptable cell selection failed, no cell is in coverage
[2023-01-10 09:02:21.010] [rrc] [error] Cell selection failure, no suitable or acceptable cell found
[2023-01-10 09:02:49.820] [nas] [error] PLMN selection failure, no cells in coverage
[2023-01-10 09:02:51.022] [rrc] [warning] Acceptable cell selection failed, no cell is in coverage
[2023-01-10 09:02:51.022] [rrc] [error] Cell selection failure, no suitable or acceptable cell found
[2023-01-10 09:03:20.648] [nas] [error] PLMN selection failure, no cells in coverage
[2023-01-10 09:03:21.034] [rrc] [warning] Acceptable cell selection failed, no cell is in coverage
[2023-01-10 09:03:21.034] [rrc] [error] Cell selection failure, no suitable or acceptable cell found
[2023-01-10 09:03:51.047] [rrc] [warning] Acceptable cell selection failed, no cell is in coverage
[2023-01-10 09:03:51.047] [rrc] [error] Cell selection failure, no suitable or acceptable cell found
[2023-01-10 09:03:51.476] [nas] [error] PLMN selection failure, no cells in coverage
[2023-01-10 09:04:21.059] [rrc] [warning] Acceptable cell selection failed, no cell is in coverage
[2023-01-10 09:04:21.059] [rrc] [error] Cell selection failure, no suitable or acceptable cell found
[2023-01-10 09:04:22.304] [nas] [error] PLMN selection failure, no cells in coverage
[2023-01-10 09:04:51.071] [rrc] [warning] Acceptable cell selection failed, no cell is in coverage
[2023-01-10 09:04:51.071] [rrc] [error] Cell selection failure, no suitable or acceptable cell found
[2023-01-10 09:04:53.132] [nas] [error] PLMN selection failure, no cells in coverage
[2023-01-10 09:05:21.083] [rrc] [warning] Acceptable cell selection failed, no cell is in coverage
[2023-01-10 09:05:21.083] [rrc] [error] Cell selection failure, no suitable or acceptable cell found
[2023-01-10 09:05:23.961] [nas] [error] PLMN selection failure, no cells in coverage
[2023-01-10 09:05:51.095] [rrc] [warning] Acceptable cell selection failed, no cell is in coverage
[2023-01-10 09:05:51.095] [rrc] [error] Cell selection failure, no suitable or acceptable cell found
[2023-01-10 09:05:54.789] [nas] [error] PLMN selection failure, no cells in coverage
[2023-01-10 09:06:21.108] [rrc] [warning] Acceptable cell selection failed, no cell is in coverage
[2023-01-10 09:06:21.108] [rrc] [error] Cell selection failure, no suitable or acceptable cell found
[2023-01-10 09:06:25.617] [nas] [error] PLMN selection failure, no cells in coverage
[2023-01-10 09:06:51.120] [rrc] [warning] Acceptable cell selection failed, no cell is in coverage
[2023-01-10 09:06:51.120] [rrc] [error] Cell selection failure, no suitable or acceptable cell found
