UERANSIM v3.2.6
[2023-01-10 08:43:52.581] [nas] [info] UE switches to state [MM-DEREGISTERED/PLMN-SEARCH]
[2023-01-10 08:43:52.583] [rrc] [debug] New signal detected for cell[1], total [1] cells in coverage
[2023-01-10 08:43:52.583] [nas] [info] Selected plmn[208/93]
[2023-01-10 08:43:52.583] [rrc] [info] Selected cell plmn[208/93] tac[1] category[SUITABLE]
[2023-01-10 08:43:52.583] [nas] [info] UE switches to state [MM-DEREGISTERED/PS]
[2023-01-10 08:43:52.583] [nas] [info] UE switches to state [MM-DEREGISTERED/NORMAL-SERVICE]
[2023-01-10 08:43:52.583] [nas] [debug] Initial registration required due to [MM-DEREG-NORMAL-SERVICE]
[2023-01-10 08:43:52.583] [nas] [debug] UAC access attempt is allowed for identity[0], category[MO_sig]
[2023-01-10 08:43:52.583] [nas] [debug] Sending Initial Registration
[2023-01-10 08:43:52.583] [nas] [info] UE switches to state [MM-REGISTER-INITIATED]
[2023-01-10 08:43:52.583] [rrc] [debug] Sending RRC Setup Request
[2023-01-10 08:43:52.584] [rrc] [info] RRC connection established
[2023-01-10 08:43:52.584] [rrc] [info] UE switches to state [RRC-CONNECTED]
[2023-01-10 08:43:52.585] [nas] [info] UE switches to state [CM-CONNECTED]
[2023-01-10 08:43:52.604] [nas] [debug] Authentication Request received
[2023-01-10 08:43:52.604] [nas] [debug] Sending Authentication Failure due to SQN out of range
[2023-01-10 08:43:52.614] [nas] [debug] Authentication Request received
[2023-01-10 08:43:52.621] [nas] [debug] Security Mode Command received
[2023-01-10 08:43:52.621] [nas] [debug] Selected integrity[2] ciphering[0]
[2023-01-10 08:43:52.651] [nas] [debug] Registration accept received
[2023-01-10 08:43:52.651] [nas] [info] UE switches to state [MM-REGISTERED/NORMAL-SERVICE]
[2023-01-10 08:43:52.651] [nas] [debug] Sending Registration Complete
[2023-01-10 08:43:52.651] [nas] [info] Initial Registration is successful
[2023-01-10 08:43:52.651] [nas] [debug] Sending PDU Session Establishment Request
[2023-01-10 08:43:52.651] [nas] [debug] UAC access attempt is allowed for identity[0], category[MO_sig]
[2023-01-10 08:43:52.890] [nas] [debug] PDU Session Establishment Accept received
[2023-01-10 08:43:52.890] [nas] [info] PDU Session establishment is successful PSI[1]
[2023-01-10 08:43:52.917] [app] [info] Connection setup for PDU session[1] is successful, TUN interface[uesimtun28, 10.60.0.33] is up.
[2023-01-10 08:46:17.579] [nas] [debug] Sending PDU Session Release Request for PSI[1]
[2023-01-10 08:46:17.760] [nas] [debug] De-registration required due to [NORMAL]
[2023-01-10 08:46:17.774] [nas] [debug] Starting de-registration procedure due to [NORMAL]
[2023-01-10 08:46:17.774] [nas] [debug] Performing local release of PDU session[1]
[2023-01-10 08:46:17.774] [nas] [info] UE switches to state [MM-DEREGISTER-INITIATED]
[2023-01-10 08:46:18.921] [rrc] [debug] Signal lost for cell[1], total [0] cells in coverage
[2023-01-10 08:46:18.921] [nas] [error] Radio link failure detected
[2023-01-10 08:46:18.921] [nas] [info] UE switches to state [CM-IDLE]
[2023-01-10 08:46:18.921] [nas] [info] UE switches to state [MM-DEREGISTERED/PS]
[2023-01-10 08:46:18.921] [nas] [info] UE switches to state [MM-DEREGISTERED/PLMN-SEARCH]
[2023-01-10 08:46:18.921] [nas] [error] PLMN selection failure, no cells in coverage
[2023-01-10 08:46:20.139] [rrc] [warning] Acceptable cell selection failed, no cell is in coverage
[2023-01-10 08:46:20.139] [rrc] [error] Cell selection failure, no suitable or acceptable cell found
[2023-01-10 08:46:21.215] [nas] [error] PLMN selection failure, no cells in coverage
[2023-01-10 08:46:23.417] [nas] [error] PLMN selection failure, no cells in coverage
[2023-01-10 08:46:24.518] [nas] [info] UE switches to state [MM-DEREGISTERED/NO-CELL-AVAILABLE]
[2023-01-10 08:46:33.742] [nas] [warning] Retransmitting PDU Session Release Request due to T3582 expiry
[2023-01-10 08:46:33.742] [nas] [debug] NAS Transport aborted, no active cell
[2023-01-10 08:46:49.758] [nas] [warning] Retransmitting PDU Session Release Request due to T3582 expiry
[2023-01-10 08:46:49.758] [nas] [debug] NAS Transport aborted, no active cell
[2023-01-10 08:46:50.151] [rrc] [warning] Acceptable cell selection failed, no cell is in coverage
[2023-01-10 08:46:50.151] [rrc] [error] Cell selection failure, no suitable or acceptable cell found
[2023-01-10 08:46:54.246] [nas] [error] PLMN selection failure, no cells in coverage
[2023-01-10 08:47:05.775] [nas] [warning] Retransmitting PDU Session Release Request due to T3582 expiry
[2023-01-10 08:47:05.775] [nas] [debug] NAS Transport aborted, no active cell
[2023-01-10 08:47:20.163] [rrc] [warning] Acceptable cell selection failed, no cell is in coverage
[2023-01-10 08:47:20.163] [rrc] [error] Cell selection failure, no suitable or acceptable cell found
[2023-01-10 08:47:21.791] [nas] [warning] Retransmitting PDU Session Release Request due to T3582 expiry
[2023-01-10 08:47:21.791] [nas] [debug] NAS Transport aborted, no active cell
[2023-01-10 08:47:25.074] [nas] [error] PLMN selection failure, no cells in coverage
[2023-01-10 08:47:37.807] [nas] [error] PDU Session Release procedure failure, no response from the network after 5 attempts
[2023-01-10 08:47:37.807] [nas] [debug] Aborting SM procedure for PTI[1], PSI[1]
[2023-01-10 08:47:37.807] [nas] [debug] Performing local release of PDU session[1]
[2023-01-10 08:47:37.807] [nas] [debug] Mobility registration updating required due to [PS-STATUS-INFORM]
[2023-01-10 08:47:50.175] [rrc] [warning] Acceptable cell selection failed, no cell is in coverage
[2023-01-10 08:47:50.175] [rrc] [error] Cell selection failure, no suitable or acceptable cell found
[2023-01-10 08:47:55.902] [nas] [error] PLMN selection failure, no cells in coverage
[2023-01-10 08:48:18.144] [nas] [debug] De-registration required due to [NORMAL]
[2023-01-10 08:48:20.187] [rrc] [warning] Acceptable cell selection failed, no cell is in coverage
[2023-01-10 08:48:20.187] [rrc] [error] Cell selection failure, no suitable or acceptable cell found
[2023-01-10 08:48:26.731] [nas] [error] PLMN selection failure, no cells in coverage
[2023-01-10 08:48:50.199] [rrc] [warning] Acceptable cell selection failed, no cell is in coverage
[2023-01-10 08:48:50.199] [rrc] [error] Cell selection failure, no suitable or acceptable cell found
[2023-01-10 08:48:57.559] [nas] [error] PLMN selection failure, no cells in coverage
[2023-01-10 08:49:20.211] [rrc] [warning] Acceptable cell selection failed, no cell is in coverage
[2023-01-10 08:49:20.211] [rrc] [error] Cell selection failure, no suitable or acceptable cell found
[2023-01-10 08:49:28.388] [nas] [error] PLMN selection failure, no cells in coverage
[2023-01-10 08:49:50.223] [rrc] [warning] Acceptable cell selection failed, no cell is in coverage
[2023-01-10 08:49:50.223] [rrc] [error] Cell selection failure, no suitable or acceptable cell found
[2023-01-10 08:49:59.216] [nas] [error] PLMN selection failure, no cells in coverage
[2023-01-10 08:50:20.235] [rrc] [warning] Acceptable cell selection failed, no cell is in coverage
[2023-01-10 08:50:20.235] [rrc] [error] Cell selection failure, no suitable or acceptable cell found
[2023-01-10 08:50:30.044] [nas] [error] PLMN selection failure, no cells in coverage
[2023-01-10 08:50:50.247] [rrc] [warning] Acceptable cell selection failed, no cell is in coverage
[2023-01-10 08:50:50.247] [rrc] [error] Cell selection failure, no suitable or acceptable cell found
[2023-01-10 08:51:00.872] [nas] [error] PLMN selection failure, no cells in coverage
[2023-01-10 08:51:20.259] [rrc] [warning] Acceptable cell selection failed, no cell is in coverage
[2023-01-10 08:51:20.259] [rrc] [error] Cell selection failure, no suitable or acceptable cell found
[2023-01-10 08:51:31.700] [nas] [error] PLMN selection failure, no cells in coverage
[2023-01-10 08:51:50.271] [rrc] [warning] Acceptable cell selection failed, no cell is in coverage
[2023-01-10 08:51:50.271] [rrc] [error] Cell selection failure, no suitable or acceptable cell found
[2023-01-10 08:52:02.528] [nas] [error] PLMN selection failure, no cells in coverage
[2023-01-10 08:52:20.283] [rrc] [warning] Acceptable cell selection failed, no cell is in coverage
[2023-01-10 08:52:20.283] [rrc] [error] Cell selection failure, no suitable or acceptable cell found
[2023-01-10 08:52:33.356] [nas] [error] PLMN selection failure, no cells in coverage
[2023-01-10 08:52:50.295] [rrc] [warning] Acceptable cell selection failed, no cell is in coverage
[2023-01-10 08:52:50.295] [rrc] [error] Cell selection failure, no suitable or acceptable cell found
[2023-01-10 08:53:04.184] [nas] [error] PLMN selection failure, no cells in coverage
[2023-01-10 08:53:20.307] [rrc] [warning] Acceptable cell selection failed, no cell is in coverage
[2023-01-10 08:53:20.307] [rrc] [error] Cell selection failure, no suitable or acceptable cell found
[2023-01-10 08:53:35.012] [nas] [error] PLMN selection failure, no cells in coverage
[2023-01-10 08:53:50.319] [rrc] [warning] Acceptable cell selection failed, no cell is in coverage
[2023-01-10 08:53:50.319] [rrc] [error] Cell selection failure, no suitable or acceptable cell found
[2023-01-10 08:54:05.840] [nas] [error] PLMN selection failure, no cells in coverage
[2023-01-10 08:54:20.331] [rrc] [warning] Acceptable cell selection failed, no cell is in coverage
[2023-01-10 08:54:20.331] [rrc] [error] Cell selection failure, no suitable or acceptable cell found
[2023-01-10 08:54:36.668] [nas] [error] PLMN selection failure, no cells in coverage
[2023-01-10 08:54:50.343] [rrc] [warning] Acceptable cell selection failed, no cell is in coverage
[2023-01-10 08:54:50.343] [rrc] [error] Cell selection failure, no suitable or acceptable cell found
[2023-01-10 08:55:07.496] [nas] [error] PLMN selection failure, no cells in coverage
[2023-01-10 08:55:20.356] [rrc] [warning] Acceptable cell selection failed, no cell is in coverage
[2023-01-10 08:55:20.356] [rrc] [error] Cell selection failure, no suitable or acceptable cell found
[2023-01-10 08:55:38.324] [nas] [error] PLMN selection failure, no cells in coverage
[2023-01-10 08:55:50.368] [rrc] [warning] Acceptable cell selection failed, no cell is in coverage
[2023-01-10 08:55:50.368] [rrc] [error] Cell selection failure, no suitable or acceptable cell found
[2023-01-10 08:56:09.152] [nas] [error] PLMN selection failure, no cells in coverage
[2023-01-10 08:56:20.380] [rrc] [warning] Acceptable cell selection failed, no cell is in coverage
[2023-01-10 08:56:20.380] [rrc] [error] Cell selection failure, no suitable or acceptable cell found
[2023-01-10 08:56:39.980] [nas] [error] PLMN selection failure, no cells in coverage
[2023-01-10 08:56:50.392] [rrc] [warning] Acceptable cell selection failed, no cell is in coverage
[2023-01-10 08:56:50.392] [rrc] [error] Cell selection failure, no suitable or acceptable cell found
[2023-01-10 08:57:10.808] [nas] [error] PLMN selection failure, no cells in coverage
[2023-01-10 08:57:20.404] [rrc] [warning] Acceptable cell selection failed, no cell is in coverage
[2023-01-10 08:57:20.404] [rrc] [error] Cell selection failure, no suitable or acceptable cell found
[2023-01-10 08:57:41.637] [nas] [error] PLMN selection failure, no cells in coverage
[2023-01-10 08:57:50.416] [rrc] [warning] Acceptable cell selection failed, no cell is in coverage
[2023-01-10 08:57:50.416] [rrc] [error] Cell selection failure, no suitable or acceptable cell found
[2023-01-10 08:58:12.465] [nas] [error] PLMN selection failure, no cells in coverage
[2023-01-10 08:58:20.428] [rrc] [warning] Acceptable cell selection failed, no cell is in coverage
[2023-01-10 08:58:20.428] [rrc] [error] Cell selection failure, no suitable or acceptable cell found
[2023-01-10 08:58:43.293] [nas] [error] PLMN selection failure, no cells in coverage
[2023-01-10 08:58:50.440] [rrc] [warning] Acceptable cell selection failed, no cell is in coverage
[2023-01-10 08:58:50.440] [rrc] [error] Cell selection failure, no suitable or acceptable cell found
[2023-01-10 08:59:14.121] [nas] [error] PLMN selection failure, no cells in coverage
[2023-01-10 08:59:20.452] [rrc] [warning] Acceptable cell selection failed, no cell is in coverage
[2023-01-10 08:59:20.452] [rrc] [error] Cell selection failure, no suitable or acceptable cell found
[2023-01-10 08:59:44.949] [nas] [error] PLMN selection failure, no cells in coverage
[2023-01-10 08:59:50.465] [rrc] [warning] Acceptable cell selection failed, no cell is in coverage
[2023-01-10 08:59:50.465] [rrc] [error] Cell selection failure, no suitable or acceptable cell found
[2023-01-10 09:00:15.777] [nas] [error] PLMN selection failure, no cells in coverage
[2023-01-10 09:00:20.477] [rrc] [warning] Acceptable cell selection failed, no cell is in coverage
[2023-01-10 09:00:20.477] [rrc] [error] Cell selection failure, no suitable or acceptable cell found
[2023-01-10 09:00:46.606] [nas] [error] PLMN selection failure, no cells in coverage
[2023-01-10 09:00:50.489] [rrc] [warning] Acceptable cell selection failed, no cell is in coverage
[2023-01-10 09:00:50.489] [rrc] [error] Cell selection failure, no suitable or acceptable cell found
[2023-01-10 09:01:17.435] [nas] [error] PLMN selection failure, no cells in coverage
[2023-01-10 09:01:20.501] [rrc] [warning] Acceptable cell selection failed, no cell is in coverage
[2023-01-10 09:01:20.501] [rrc] [error] Cell selection failure, no suitable or acceptable cell found
[2023-01-10 09:01:48.263] [nas] [error] PLMN selection failure, no cells in coverage
[2023-01-10 09:01:50.513] [rrc] [warning] Acceptable cell selection failed, no cell is in coverage
[2023-01-10 09:01:50.513] [rrc] [error] Cell selection failure, no suitable or acceptable cell found
[2023-01-10 09:02:19.091] [nas] [error] PLMN selection failure, no cells in coverage
[2023-01-10 09:02:20.525] [rrc] [warning] Acceptable cell selection failed, no cell is in coverage
[2023-01-10 09:02:20.525] [rrc] [error] Cell selection failure, no suitable or acceptable cell found
[2023-01-10 09:02:49.920] [nas] [error] PLMN selection failure, no cells in coverage
[2023-01-10 09:02:50.537] [rrc] [warning] Acceptable cell selection failed, no cell is in coverage
[2023-01-10 09:02:50.537] [rrc] [error] Cell selection failure, no suitable or acceptable cell found
[2023-01-10 09:03:20.549] [rrc] [warning] Acceptable cell selection failed, no cell is in coverage
[2023-01-10 09:03:20.549] [rrc] [error] Cell selection failure, no suitable or acceptable cell found
[2023-01-10 09:03:20.748] [nas] [error] PLMN selection failure, no cells in coverage
[2023-01-10 09:03:50.561] [rrc] [warning] Acceptable cell selection failed, no cell is in coverage
[2023-01-10 09:03:50.561] [rrc] [error] Cell selection failure, no suitable or acceptable cell found
[2023-01-10 09:03:51.576] [nas] [error] PLMN selection failure, no cells in coverage
[2023-01-10 09:04:20.573] [rrc] [warning] Acceptable cell selection failed, no cell is in coverage
[2023-01-10 09:04:20.573] [rrc] [error] Cell selection failure, no suitable or acceptable cell found
[2023-01-10 09:04:22.404] [nas] [error] PLMN selection failure, no cells in coverage
[2023-01-10 09:04:50.585] [rrc] [warning] Acceptable cell selection failed, no cell is in coverage
[2023-01-10 09:04:50.585] [rrc] [error] Cell selection failure, no suitable or acceptable cell found
[2023-01-10 09:04:53.232] [nas] [error] PLMN selection failure, no cells in coverage
[2023-01-10 09:05:20.597] [rrc] [warning] Acceptable cell selection failed, no cell is in coverage
[2023-01-10 09:05:20.597] [rrc] [error] Cell selection failure, no suitable or acceptable cell found
[2023-01-10 09:05:24.062] [nas] [error] PLMN selection failure, no cells in coverage
[2023-01-10 09:05:50.609] [rrc] [warning] Acceptable cell selection failed, no cell is in coverage
[2023-01-10 09:05:50.609] [rrc] [error] Cell selection failure, no suitable or acceptable cell found
[2023-01-10 09:05:54.890] [nas] [error] PLMN selection failure, no cells in coverage
[2023-01-10 09:06:20.621] [rrc] [warning] Acceptable cell selection failed, no cell is in coverage
[2023-01-10 09:06:20.621] [rrc] [error] Cell selection failure, no suitable or acceptable cell found
[2023-01-10 09:06:25.718] [nas] [error] PLMN selection failure, no cells in coverage
[2023-01-10 09:06:50.633] [rrc] [warning] Acceptable cell selection failed, no cell is in coverage
[2023-01-10 09:06:50.633] [rrc] [error] Cell selection failure, no suitable or acceptable cell found
