UERANSIM v3.2.6
[2023-01-10 08:45:46.700] [nas] [info] UE switches to state [MM-DEREGISTERED/PLMN-SEARCH]
[2023-01-10 08:45:46.706] [rrc] [debug] New signal detected for cell[1], total [1] cells in coverage
[2023-01-10 08:45:46.706] [nas] [info] Selected plmn[208/93]
[2023-01-10 08:45:49.201] [rrc] [info] Selected cell plmn[208/93] tac[1] category[SUITABLE]
[2023-01-10 08:45:49.201] [nas] [info] UE switches to state [MM-DEREGISTERED/PS]
[2023-01-10 08:45:49.201] [nas] [info] UE switches to state [MM-DEREGISTERED/NORMAL-SERVICE]
[2023-01-10 08:45:49.201] [nas] [debug] Initial registration required due to [MM-DEREG-NORMAL-SERVICE]
[2023-01-10 08:45:49.201] [nas] [debug] UAC access attempt is allowed for identity[0], category[MO_sig]
[2023-01-10 08:45:49.201] [nas] [debug] Sending Initial Registration
[2023-01-10 08:45:49.201] [nas] [info] UE switches to state [MM-REGISTER-INITIATED]
[2023-01-10 08:45:49.201] [rrc] [debug] Sending RRC Setup Request
[2023-01-10 08:45:49.201] [rrc] [info] RRC connection established
[2023-01-10 08:45:49.201] [rrc] [info] UE switches to state [RRC-CONNECTED]
[2023-01-10 08:45:49.202] [nas] [info] UE switches to state [CM-CONNECTED]
[2023-01-10 08:45:49.229] [nas] [debug] Authentication Request received
[2023-01-10 08:45:49.229] [nas] [debug] Sending Authentication Failure due to SQN out of range
[2023-01-10 08:45:49.240] [nas] [debug] Authentication Request received
[2023-01-10 08:45:49.248] [nas] [debug] Security Mode Command received
[2023-01-10 08:45:49.248] [nas] [debug] Selected integrity[2] ciphering[0]
[2023-01-10 08:45:49.279] [nas] [debug] Registration accept received
[2023-01-10 08:45:49.279] [nas] [info] UE switches to state [MM-REGISTERED/NORMAL-SERVICE]
[2023-01-10 08:45:49.279] [nas] [debug] Sending Registration Complete
[2023-01-10 08:45:49.279] [nas] [info] Initial Registration is successful
[2023-01-10 08:45:49.279] [nas] [debug] Sending PDU Session Establishment Request
[2023-01-10 08:45:49.281] [nas] [debug] UAC access attempt is allowed for identity[0], category[MO_sig]
[2023-01-10 08:45:49.513] [nas] [debug] PDU Session Establishment Accept received
[2023-01-10 08:45:49.516] [nas] [info] PDU Session establishment is successful PSI[1]
[2023-01-10 08:45:49.545] [app] [info] Connection setup for PDU session[1] is successful, TUN interface[uesimtun87, 10.60.0.92] is up.
[2023-01-10 08:46:15.862] [nas] [debug] Sending PDU Session Release Request for PSI[1]
[2023-01-10 08:46:16.021] [nas] [debug] PDU Session Release Command received
[2023-01-10 08:46:16.021] [nas] [debug] Performing local release of PDU session[1]
[2023-01-10 08:46:16.108] [nas] [debug] Sending PDU Session Establishment Request
[2023-01-10 08:46:16.115] [nas] [debug] UAC access attempt is allowed for identity[0], category[MO_sig]
[2023-01-10 08:46:16.297] [nas] [debug] PDU Session Establishment Accept received
[2023-01-10 08:46:16.297] [nas] [info] PDU Session establishment is successful PSI[1]
[2023-01-10 08:46:16.732] [app] [info] Connection setup for PDU session[1] is successful, TUN interface[uesimtun2, 10.60.0.110] is up.
[2023-01-10 08:46:18.710] [rrc] [debug] Signal lost for cell[1], total [0] cells in coverage
[2023-01-10 08:46:18.710] [nas] [error] Radio link failure detected
[2023-01-10 08:46:18.710] [nas] [info] UE switches to state [CM-IDLE]
[2023-01-10 08:46:18.710] [nas] [info] UE switches to state [MM-REGISTERED/PS]
[2023-01-10 08:46:18.710] [nas] [info] UE switches to state [MM-REGISTERED/PLMN-SEARCH]
[2023-01-10 08:46:18.710] [nas] [error] PLMN selection failure, no cells in coverage
[2023-01-10 08:46:19.214] [rrc] [warning] Acceptable cell selection failed, no cell is in coverage
[2023-01-10 08:46:19.214] [rrc] [error] Cell selection failure, no suitable or acceptable cell found
[2023-01-10 08:46:20.832] [nas] [error] PLMN selection failure, no cells in coverage
[2023-01-10 08:46:23.034] [nas] [error] PLMN selection failure, no cells in coverage
[2023-01-10 08:46:24.135] [nas] [info] UE switches to state [MM-REGISTERED/NO-CELL-AVAILABLE]
[2023-01-10 08:46:49.226] [rrc] [warning] Acceptable cell selection failed, no cell is in coverage
[2023-01-10 08:46:49.226] [rrc] [error] Cell selection failure, no suitable or acceptable cell found
[2023-01-10 08:46:53.862] [nas] [error] PLMN selection failure, no cells in coverage
[2023-01-10 08:47:19.238] [rrc] [warning] Acceptable cell selection failed, no cell is in coverage
[2023-01-10 08:47:19.238] [rrc] [error] Cell selection failure, no suitable or acceptable cell found
[2023-01-10 08:47:24.690] [nas] [error] PLMN selection failure, no cells in coverage
[2023-01-10 08:47:49.250] [rrc] [warning] Acceptable cell selection failed, no cell is in coverage
[2023-01-10 08:47:49.250] [rrc] [error] Cell selection failure, no suitable or acceptable cell found
[2023-01-10 08:47:55.519] [nas] [error] PLMN selection failure, no cells in coverage
[2023-01-10 08:48:16.584] [nas] [debug] De-registration required due to [NORMAL]
[2023-01-10 08:48:19.262] [rrc] [warning] Acceptable cell selection failed, no cell is in coverage
[2023-01-10 08:48:19.262] [rrc] [error] Cell selection failure, no suitable or acceptable cell found
[2023-01-10 08:48:26.348] [nas] [error] PLMN selection failure, no cells in coverage
[2023-01-10 08:48:49.274] [rrc] [warning] Acceptable cell selection failed, no cell is in coverage
[2023-01-10 08:48:49.274] [rrc] [error] Cell selection failure, no suitable or acceptable cell found
[2023-01-10 08:48:57.176] [nas] [error] PLMN selection failure, no cells in coverage
[2023-01-10 08:49:19.286] [rrc] [warning] Acceptable cell selection failed, no cell is in coverage
[2023-01-10 08:49:19.286] [rrc] [error] Cell selection failure, no suitable or acceptable cell found
[2023-01-10 08:49:28.004] [nas] [error] PLMN selection failure, no cells in coverage
[2023-01-10 08:49:49.298] [rrc] [warning] Acceptable cell selection failed, no cell is in coverage
[2023-01-10 08:49:49.298] [rrc] [error] Cell selection failure, no suitable or acceptable cell found
[2023-01-10 08:49:58.832] [nas] [error] PLMN selection failure, no cells in coverage
[2023-01-10 08:50:19.310] [rrc] [warning] Acceptable cell selection failed, no cell is in coverage
[2023-01-10 08:50:19.310] [rrc] [error] Cell selection failure, no suitable or acceptable cell found
[2023-01-10 08:50:29.660] [nas] [error] PLMN selection failure, no cells in coverage
[2023-01-10 08:50:49.322] [rrc] [warning] Acceptable cell selection failed, no cell is in coverage
[2023-01-10 08:50:49.322] [rrc] [error] Cell selection failure, no suitable or acceptable cell found
[2023-01-10 08:51:00.488] [nas] [error] PLMN selection failure, no cells in coverage
[2023-01-10 08:51:19.334] [rrc] [warning] Acceptable cell selection failed, no cell is in coverage
[2023-01-10 08:51:19.334] [rrc] [error] Cell selection failure, no suitable or acceptable cell found
[2023-01-10 08:51:31.316] [nas] [error] PLMN selection failure, no cells in coverage
[2023-01-10 08:51:49.346] [rrc] [warning] Acceptable cell selection failed, no cell is in coverage
[2023-01-10 08:51:49.346] [rrc] [error] Cell selection failure, no suitable or acceptable cell found
[2023-01-10 08:52:02.144] [nas] [error] PLMN selection failure, no cells in coverage
[2023-01-10 08:52:19.359] [rrc] [warning] Acceptable cell selection failed, no cell is in coverage
[2023-01-10 08:52:19.359] [rrc] [error] Cell selection failure, no suitable or acceptable cell found
[2023-01-10 08:52:32.972] [nas] [error] PLMN selection failure, no cells in coverage
[2023-01-10 08:52:49.371] [rrc] [warning] Acceptable cell selection failed, no cell is in coverage
[2023-01-10 08:52:49.371] [rrc] [error] Cell selection failure, no suitable or acceptable cell found
[2023-01-10 08:53:03.801] [nas] [error] PLMN selection failure, no cells in coverage
[2023-01-10 08:53:19.383] [rrc] [warning] Acceptable cell selection failed, no cell is in coverage
[2023-01-10 08:53:19.383] [rrc] [error] Cell selection failure, no suitable or acceptable cell found
[2023-01-10 08:53:34.629] [nas] [error] PLMN selection failure, no cells in coverage
[2023-01-10 08:53:49.395] [rrc] [warning] Acceptable cell selection failed, no cell is in coverage
[2023-01-10 08:53:49.395] [rrc] [error] Cell selection failure, no suitable or acceptable cell found
[2023-01-10 08:54:05.457] [nas] [error] PLMN selection failure, no cells in coverage
[2023-01-10 08:54:19.407] [rrc] [warning] Acceptable cell selection failed, no cell is in coverage
[2023-01-10 08:54:19.407] [rrc] [error] Cell selection failure, no suitable or acceptable cell found
[2023-01-10 08:54:36.286] [nas] [error] PLMN selection failure, no cells in coverage
[2023-01-10 08:54:49.419] [rrc] [warning] Acceptable cell selection failed, no cell is in coverage
[2023-01-10 08:54:49.419] [rrc] [error] Cell selection failure, no suitable or acceptable cell found
[2023-01-10 08:55:07.114] [nas] [error] PLMN selection failure, no cells in coverage
[2023-01-10 08:55:19.431] [rrc] [warning] Acceptable cell selection failed, no cell is in coverage
[2023-01-10 08:55:19.431] [rrc] [error] Cell selection failure, no suitable or acceptable cell found
[2023-01-10 08:55:37.942] [nas] [error] PLMN selection failure, no cells in coverage
[2023-01-10 08:55:49.443] [rrc] [warning] Acceptable cell selection failed, no cell is in coverage
[2023-01-10 08:55:49.443] [rrc] [error] Cell selection failure, no suitable or acceptable cell found
[2023-01-10 08:56:08.770] [nas] [error] PLMN selection failure, no cells in coverage
[2023-01-10 08:56:19.455] [rrc] [warning] Acceptable cell selection failed, no cell is in coverage
[2023-01-10 08:56:19.455] [rrc] [error] Cell selection failure, no suitable or acceptable cell found
[2023-01-10 08:56:39.598] [nas] [error] PLMN selection failure, no cells in coverage
[2023-01-10 08:56:49.467] [rrc] [warning] Acceptable cell selection failed, no cell is in coverage
[2023-01-10 08:56:49.467] [rrc] [error] Cell selection failure, no suitable or acceptable cell found
[2023-01-10 08:57:10.426] [nas] [error] PLMN selection failure, no cells in coverage
[2023-01-10 08:57:19.479] [rrc] [warning] Acceptable cell selection failed, no cell is in coverage
[2023-01-10 08:57:19.479] [rrc] [error] Cell selection failure, no suitable or acceptable cell found
[2023-01-10 08:57:41.254] [nas] [error] PLMN selection failure, no cells in coverage
[2023-01-10 08:57:49.491] [rrc] [warning] Acceptable cell selection failed, no cell is in coverage
[2023-01-10 08:57:49.491] [rrc] [error] Cell selection failure, no suitable or acceptable cell found
[2023-01-10 08:58:12.083] [nas] [error] PLMN selection failure, no cells in coverage
[2023-01-10 08:58:19.503] [rrc] [warning] Acceptable cell selection failed, no cell is in coverage
[2023-01-10 08:58:19.503] [rrc] [error] Cell selection failure, no suitable or acceptable cell found
[2023-01-10 08:58:42.911] [nas] [error] PLMN selection failure, no cells in coverage
[2023-01-10 08:58:49.515] [rrc] [warning] Acceptable cell selection failed, no cell is in coverage
[2023-01-10 08:58:49.515] [rrc] [error] Cell selection failure, no suitable or acceptable cell found
[2023-01-10 08:59:13.739] [nas] [error] PLMN selection failure, no cells in coverage
[2023-01-10 08:59:19.528] [rrc] [warning] Acceptable cell selection failed, no cell is in coverage
[2023-01-10 08:59:19.528] [rrc] [error] Cell selection failure, no suitable or acceptable cell found
[2023-01-10 08:59:44.567] [nas] [error] PLMN selection failure, no cells in coverage
[2023-01-10 08:59:49.541] [rrc] [warning] Acceptable cell selection failed, no cell is in coverage
[2023-01-10 08:59:49.541] [rrc] [error] Cell selection failure, no suitable or acceptable cell found
[2023-01-10 09:00:15.395] [nas] [error] PLMN selection failure, no cells in coverage
[2023-01-10 09:00:19.553] [rrc] [warning] Acceptable cell selection failed, no cell is in coverage
[2023-01-10 09:00:19.553] [rrc] [error] Cell selection failure, no suitable or acceptable cell found
[2023-01-10 09:00:46.223] [nas] [error] PLMN selection failure, no cells in coverage
[2023-01-10 09:00:49.565] [rrc] [warning] Acceptable cell selection failed, no cell is in coverage
[2023-01-10 09:00:49.565] [rrc] [error] Cell selection failure, no suitable or acceptable cell found
[2023-01-10 09:01:17.051] [nas] [error] PLMN selection failure, no cells in coverage
[2023-01-10 09:01:19.577] [rrc] [warning] Acceptable cell selection failed, no cell is in coverage
[2023-01-10 09:01:19.577] [rrc] [error] Cell selection failure, no suitable or acceptable cell found
[2023-01-10 09:01:47.879] [nas] [error] PLMN selection failure, no cells in coverage
[2023-01-10 09:01:49.589] [rrc] [warning] Acceptable cell selection failed, no cell is in coverage
[2023-01-10 09:01:49.589] [rrc] [error] Cell selection failure, no suitable or acceptable cell found
[2023-01-10 09:02:18.707] [nas] [error] PLMN selection failure, no cells in coverage
[2023-01-10 09:02:19.601] [rrc] [warning] Acceptable cell selection failed, no cell is in coverage
[2023-01-10 09:02:19.601] [rrc] [error] Cell selection failure, no suitable or acceptable cell found
[2023-01-10 09:02:49.535] [nas] [error] PLMN selection failure, no cells in coverage
[2023-01-10 09:02:49.613] [rrc] [warning] Acceptable cell selection failed, no cell is in coverage
[2023-01-10 09:02:49.613] [rrc] [error] Cell selection failure, no suitable or acceptable cell found
[2023-01-10 09:03:19.625] [rrc] [warning] Acceptable cell selection failed, no cell is in coverage
[2023-01-10 09:03:19.625] [rrc] [error] Cell selection failure, no suitable or acceptable cell found
[2023-01-10 09:03:20.363] [nas] [error] PLMN selection failure, no cells in coverage
[2023-01-10 09:03:49.638] [rrc] [warning] Acceptable cell selection failed, no cell is in coverage
[2023-01-10 09:03:49.638] [rrc] [error] Cell selection failure, no suitable or acceptable cell found
[2023-01-10 09:03:51.191] [nas] [error] PLMN selection failure, no cells in coverage
[2023-01-10 09:04:19.650] [rrc] [warning] Acceptable cell selection failed, no cell is in coverage
[2023-01-10 09:04:19.650] [rrc] [error] Cell selection failure, no suitable or acceptable cell found
[2023-01-10 09:04:22.023] [nas] [error] PLMN selection failure, no cells in coverage
[2023-01-10 09:04:49.662] [rrc] [warning] Acceptable cell selection failed, no cell is in coverage
[2023-01-10 09:04:49.662] [rrc] [error] Cell selection failure, no suitable or acceptable cell found
[2023-01-10 09:04:52.851] [nas] [error] PLMN selection failure, no cells in coverage
[2023-01-10 09:05:19.674] [rrc] [warning] Acceptable cell selection failed, no cell is in coverage
[2023-01-10 09:05:19.674] [rrc] [error] Cell selection failure, no suitable or acceptable cell found
[2023-01-10 09:05:23.679] [nas] [error] PLMN selection failure, no cells in coverage
[2023-01-10 09:05:49.686] [rrc] [warning] Acceptable cell selection failed, no cell is in coverage
[2023-01-10 09:05:49.686] [rrc] [error] Cell selection failure, no suitable or acceptable cell found
[2023-01-10 09:05:54.507] [nas] [error] PLMN selection failure, no cells in coverage
[2023-01-10 09:06:19.698] [rrc] [warning] Acceptable cell selection failed, no cell is in coverage
[2023-01-10 09:06:19.698] [rrc] [error] Cell selection failure, no suitable or acceptable cell found
[2023-01-10 09:06:25.335] [nas] [error] PLMN selection failure, no cells in coverage
[2023-01-10 09:06:49.710] [rrc] [warning] Acceptable cell selection failed, no cell is in coverage
[2023-01-10 09:06:49.710] [rrc] [error] Cell selection failure, no suitable or acceptable cell found
