UERANSIM v3.2.6
[2023-01-10 08:43:14.545] [nas] [info] UE switches to state [MM-DEREGISTERED/PLMN-SEARCH]
[2023-01-10 08:43:14.546] [rrc] [debug] New signal detected for cell[1], total [1] cells in coverage
[2023-01-10 08:43:14.546] [nas] [info] Selected plmn[208/93]
[2023-01-10 08:43:14.546] [rrc] [info] Selected cell plmn[208/93] tac[1] category[SUITABLE]
[2023-01-10 08:43:14.546] [nas] [info] UE switches to state [MM-DEREGISTERED/PS]
[2023-01-10 08:43:14.546] [nas] [info] UE switches to state [MM-DEREGISTERED/NORMAL-SERVICE]
[2023-01-10 08:43:14.546] [nas] [debug] Initial registration required due to [MM-DEREG-NORMAL-SERVICE]
[2023-01-10 08:43:14.546] [nas] [debug] UAC access attempt is allowed for identity[0], category[MO_sig]
[2023-01-10 08:43:14.546] [nas] [debug] Sending Initial Registration
[2023-01-10 08:43:14.546] [nas] [info] UE switches to state [MM-REGISTER-INITIATED]
[2023-01-10 08:43:14.546] [rrc] [debug] Sending RRC Setup Request
[2023-01-10 08:43:14.546] [rrc] [info] RRC connection established
[2023-01-10 08:43:14.546] [rrc] [info] UE switches to state [RRC-CONNECTED]
[2023-01-10 08:43:14.547] [nas] [info] UE switches to state [CM-CONNECTED]
[2023-01-10 08:43:14.565] [nas] [debug] Authentication Request received
[2023-01-10 08:43:14.565] [nas] [debug] Sending Authentication Failure due to SQN out of range
[2023-01-10 08:43:14.577] [nas] [debug] Authentication Request received
[2023-01-10 08:43:14.586] [nas] [debug] Security Mode Command received
[2023-01-10 08:43:14.586] [nas] [debug] Selected integrity[2] ciphering[0]
[2023-01-10 08:43:14.611] [nas] [debug] Registration accept received
[2023-01-10 08:43:14.611] [nas] [info] UE switches to state [MM-REGISTERED/NORMAL-SERVICE]
[2023-01-10 08:43:14.611] [nas] [debug] Sending Registration Complete
[2023-01-10 08:43:14.611] [nas] [info] Initial Registration is successful
[2023-01-10 08:43:14.611] [nas] [debug] Sending PDU Session Establishment Request
[2023-01-10 08:43:14.614] [nas] [debug] UAC access attempt is allowed for identity[0], category[MO_sig]
[2023-01-10 08:43:14.858] [nas] [debug] PDU Session Establishment Accept received
[2023-01-10 08:43:14.859] [nas] [info] PDU Session establishment is successful PSI[1]
[2023-01-10 08:43:14.885] [app] [info] Connection setup for PDU session[1] is successful, TUN interface[uesimtun10, 10.60.0.15] is up.
[2023-01-10 08:46:16.949] [nas] [debug] Sending PDU Session Establishment Request
[2023-01-10 08:46:17.082] [nas] [error] No response from RRC from UAC checks, considering access attempt is barred
[2023-01-10 08:46:17.427] [nas] [debug] De-registration required due to [NORMAL]
[2023-01-10 08:46:17.434] [nas] [debug] Starting de-registration procedure due to [NORMAL]
[2023-01-10 08:46:17.434] [nas] [debug] Performing local release of PDU session[1]
[2023-01-10 08:46:17.434] [nas] [info] UE switches to state [MM-DEREGISTER-INITIATED]
[2023-01-10 08:46:18.921] [rrc] [debug] Signal lost for cell[1], total [0] cells in coverage
[2023-01-10 08:46:18.921] [nas] [error] Radio link failure detected
[2023-01-10 08:46:18.921] [nas] [info] UE switches to state [CM-IDLE]
[2023-01-10 08:46:18.921] [nas] [info] UE switches to state [MM-DEREGISTERED/PS]
[2023-01-10 08:46:18.921] [nas] [info] UE switches to state [MM-DEREGISTERED/PLMN-SEARCH]
[2023-01-10 08:46:18.921] [nas] [error] PLMN selection failure, no cells in coverage
[2023-01-10 08:46:19.627] [rrc] [warning] Acceptable cell selection failed, no cell is in coverage
[2023-01-10 08:46:19.627] [rrc] [error] Cell selection failure, no suitable or acceptable cell found
[2023-01-10 08:46:21.723] [nas] [error] PLMN selection failure, no cells in coverage
[2023-01-10 08:46:23.925] [nas] [info] UE switches to state [MM-DEREGISTERED/NO-CELL-AVAILABLE]
[2023-01-10 08:46:33.754] [nas] [warning] Retransmitting PDU Session Establishment Request due to T3580 expiry
[2023-01-10 08:46:33.756] [nas] [error] UAC access attempt is barred for identity[0], category[MO_sig]
[2023-01-10 08:46:49.639] [rrc] [warning] Acceptable cell selection failed, no cell is in coverage
[2023-01-10 08:46:49.639] [rrc] [error] Cell selection failure, no suitable or acceptable cell found
[2023-01-10 08:46:49.771] [nas] [warning] Retransmitting PDU Session Establishment Request due to T3580 expiry
[2023-01-10 08:46:49.778] [nas] [error] UAC access attempt is barred for identity[0], category[MO_sig]
[2023-01-10 08:46:52.551] [nas] [error] PLMN selection failure, no cells in coverage
[2023-01-10 08:47:05.788] [nas] [warning] Retransmitting PDU Session Establishment Request due to T3580 expiry
[2023-01-10 08:47:05.788] [nas] [error] UAC access attempt is barred for identity[0], category[MO_sig]
[2023-01-10 08:47:19.651] [rrc] [warning] Acceptable cell selection failed, no cell is in coverage
[2023-01-10 08:47:19.651] [rrc] [error] Cell selection failure, no suitable or acceptable cell found
[2023-01-10 08:47:21.804] [nas] [warning] Retransmitting PDU Session Establishment Request due to T3580 expiry
[2023-01-10 08:47:21.806] [nas] [error] UAC access attempt is barred for identity[0], category[MO_sig]
[2023-01-10 08:47:23.379] [nas] [error] PLMN selection failure, no cells in coverage
[2023-01-10 08:47:37.820] [nas] [error] PDU Session Establishment procedure failure, no response from the network after 5 attempts
[2023-01-10 08:47:37.820] [nas] [debug] Aborting SM procedure for PTI[1], PSI[2]
[2023-01-10 08:47:49.664] [rrc] [warning] Acceptable cell selection failed, no cell is in coverage
[2023-01-10 08:47:49.664] [rrc] [error] Cell selection failure, no suitable or acceptable cell found
[2023-01-10 08:47:54.207] [nas] [error] PLMN selection failure, no cells in coverage
[2023-01-10 08:48:17.743] [nas] [debug] De-registration required due to [NORMAL]
[2023-01-10 08:48:19.676] [rrc] [warning] Acceptable cell selection failed, no cell is in coverage
[2023-01-10 08:48:19.676] [rrc] [error] Cell selection failure, no suitable or acceptable cell found
[2023-01-10 08:48:25.035] [nas] [error] PLMN selection failure, no cells in coverage
[2023-01-10 08:48:49.688] [rrc] [warning] Acceptable cell selection failed, no cell is in coverage
[2023-01-10 08:48:49.688] [rrc] [error] Cell selection failure, no suitable or acceptable cell found
[2023-01-10 08:48:55.863] [nas] [error] PLMN selection failure, no cells in coverage
[2023-01-10 08:49:19.700] [rrc] [warning] Acceptable cell selection failed, no cell is in coverage
[2023-01-10 08:49:19.700] [rrc] [error] Cell selection failure, no suitable or acceptable cell found
[2023-01-10 08:49:26.691] [nas] [error] PLMN selection failure, no cells in coverage
[2023-01-10 08:49:49.712] [rrc] [warning] Acceptable cell selection failed, no cell is in coverage
[2023-01-10 08:49:49.712] [rrc] [error] Cell selection failure, no suitable or acceptable cell found
[2023-01-10 08:49:57.519] [nas] [error] PLMN selection failure, no cells in coverage
[2023-01-10 08:50:19.724] [rrc] [warning] Acceptable cell selection failed, no cell is in coverage
[2023-01-10 08:50:19.724] [rrc] [error] Cell selection failure, no suitable or acceptable cell found
[2023-01-10 08:50:28.348] [nas] [error] PLMN selection failure, no cells in coverage
[2023-01-10 08:50:49.736] [rrc] [warning] Acceptable cell selection failed, no cell is in coverage
[2023-01-10 08:50:49.736] [rrc] [error] Cell selection failure, no suitable or acceptable cell found
[2023-01-10 08:50:59.176] [nas] [error] PLMN selection failure, no cells in coverage
[2023-01-10 08:51:19.748] [rrc] [warning] Acceptable cell selection failed, no cell is in coverage
[2023-01-10 08:51:19.748] [rrc] [error] Cell selection failure, no suitable or acceptable cell found
[2023-01-10 08:51:30.004] [nas] [error] PLMN selection failure, no cells in coverage
[2023-01-10 08:51:49.760] [rrc] [warning] Acceptable cell selection failed, no cell is in coverage
[2023-01-10 08:51:49.760] [rrc] [error] Cell selection failure, no suitable or acceptable cell found
[2023-01-10 08:52:00.832] [nas] [error] PLMN selection failure, no cells in coverage
[2023-01-10 08:52:19.772] [rrc] [warning] Acceptable cell selection failed, no cell is in coverage
[2023-01-10 08:52:19.772] [rrc] [error] Cell selection failure, no suitable or acceptable cell found
[2023-01-10 08:52:31.660] [nas] [error] PLMN selection failure, no cells in coverage
[2023-01-10 08:52:49.784] [rrc] [warning] Acceptable cell selection failed, no cell is in coverage
[2023-01-10 08:52:49.784] [rrc] [error] Cell selection failure, no suitable or acceptable cell found
[2023-01-10 08:53:02.488] [nas] [error] PLMN selection failure, no cells in coverage
[2023-01-10 08:53:19.796] [rrc] [warning] Acceptable cell selection failed, no cell is in coverage
[2023-01-10 08:53:19.796] [rrc] [error] Cell selection failure, no suitable or acceptable cell found
[2023-01-10 08:53:33.316] [nas] [error] PLMN selection failure, no cells in coverage
[2023-01-10 08:53:49.808] [rrc] [warning] Acceptable cell selection failed, no cell is in coverage
[2023-01-10 08:53:49.808] [rrc] [error] Cell selection failure, no suitable or acceptable cell found
[2023-01-10 08:54:04.144] [nas] [error] PLMN selection failure, no cells in coverage
[2023-01-10 08:54:19.821] [rrc] [warning] Acceptable cell selection failed, no cell is in coverage
[2023-01-10 08:54:19.821] [rrc] [error] Cell selection failure, no suitable or acceptable cell found
[2023-01-10 08:54:34.972] [nas] [error] PLMN selection failure, no cells in coverage
[2023-01-10 08:54:49.833] [rrc] [warning] Acceptable cell selection failed, no cell is in coverage
[2023-01-10 08:54:49.833] [rrc] [error] Cell selection failure, no suitable or acceptable cell found
[2023-01-10 08:55:05.800] [nas] [error] PLMN selection failure, no cells in coverage
[2023-01-10 08:55:19.845] [rrc] [warning] Acceptable cell selection failed, no cell is in coverage
[2023-01-10 08:55:19.845] [rrc] [error] Cell selection failure, no suitable or acceptable cell found
[2023-01-10 08:55:36.628] [nas] [error] PLMN selection failure, no cells in coverage
[2023-01-10 08:55:49.857] [rrc] [warning] Acceptable cell selection failed, no cell is in coverage
[2023-01-10 08:55:49.857] [rrc] [error] Cell selection failure, no suitable or acceptable cell found
[2023-01-10 08:56:07.456] [nas] [error] PLMN selection failure, no cells in coverage
[2023-01-10 08:56:19.869] [rrc] [warning] Acceptable cell selection failed, no cell is in coverage
[2023-01-10 08:56:19.869] [rrc] [error] Cell selection failure, no suitable or acceptable cell found
[2023-01-10 08:56:38.284] [nas] [error] PLMN selection failure, no cells in coverage
[2023-01-10 08:56:49.881] [rrc] [warning] Acceptable cell selection failed, no cell is in coverage
[2023-01-10 08:56:49.881] [rrc] [error] Cell selection failure, no suitable or acceptable cell found
[2023-01-10 08:57:09.113] [nas] [error] PLMN selection failure, no cells in coverage
[2023-01-10 08:57:19.893] [rrc] [warning] Acceptable cell selection failed, no cell is in coverage
[2023-01-10 08:57:19.893] [rrc] [error] Cell selection failure, no suitable or acceptable cell found
[2023-01-10 08:57:39.941] [nas] [error] PLMN selection failure, no cells in coverage
[2023-01-10 08:57:49.905] [rrc] [warning] Acceptable cell selection failed, no cell is in coverage
[2023-01-10 08:57:49.905] [rrc] [error] Cell selection failure, no suitable or acceptable cell found
[2023-01-10 08:58:10.769] [nas] [error] PLMN selection failure, no cells in coverage
[2023-01-10 08:58:19.919] [rrc] [warning] Acceptable cell selection failed, no cell is in coverage
[2023-01-10 08:58:19.919] [rrc] [error] Cell selection failure, no suitable or acceptable cell found
[2023-01-10 08:58:41.597] [nas] [error] PLMN selection failure, no cells in coverage
[2023-01-10 08:58:49.931] [rrc] [warning] Acceptable cell selection failed, no cell is in coverage
[2023-01-10 08:58:49.931] [rrc] [error] Cell selection failure, no suitable or acceptable cell found
[2023-01-10 08:59:12.425] [nas] [error] PLMN selection failure, no cells in coverage
[2023-01-10 08:59:19.943] [rrc] [warning] Acceptable cell selection failed, no cell is in coverage
[2023-01-10 08:59:19.943] [rrc] [error] Cell selection failure, no suitable or acceptable cell found
[2023-01-10 08:59:43.254] [nas] [error] PLMN selection failure, no cells in coverage
[2023-01-10 08:59:49.955] [rrc] [warning] Acceptable cell selection failed, no cell is in coverage
[2023-01-10 08:59:49.955] [rrc] [error] Cell selection failure, no suitable or acceptable cell found
[2023-01-10 09:00:14.082] [nas] [error] PLMN selection failure, no cells in coverage
[2023-01-10 09:00:19.967] [rrc] [warning] Acceptable cell selection failed, no cell is in coverage
[2023-01-10 09:00:19.967] [rrc] [error] Cell selection failure, no suitable or acceptable cell found
[2023-01-10 09:00:44.911] [nas] [error] PLMN selection failure, no cells in coverage
[2023-01-10 09:00:49.979] [rrc] [warning] Acceptable cell selection failed, no cell is in coverage
[2023-01-10 09:00:49.979] [rrc] [error] Cell selection failure, no suitable or acceptable cell found
[2023-01-10 09:01:15.741] [nas] [error] PLMN selection failure, no cells in coverage
[2023-01-10 09:01:19.991] [rrc] [warning] Acceptable cell selection failed, no cell is in coverage
[2023-01-10 09:01:19.991] [rrc] [error] Cell selection failure, no suitable or acceptable cell found
[2023-01-10 09:01:46.570] [nas] [error] PLMN selection failure, no cells in coverage
[2023-01-10 09:01:50.003] [rrc] [warning] Acceptable cell selection failed, no cell is in coverage
[2023-01-10 09:01:50.003] [rrc] [error] Cell selection failure, no suitable or acceptable cell found
[2023-01-10 09:02:17.398] [nas] [error] PLMN selection failure, no cells in coverage
[2023-01-10 09:02:20.015] [rrc] [warning] Acceptable cell selection failed, no cell is in coverage
[2023-01-10 09:02:20.015] [rrc] [error] Cell selection failure, no suitable or acceptable cell found
[2023-01-10 09:02:48.226] [nas] [error] PLMN selection failure, no cells in coverage
[2023-01-10 09:02:50.028] [rrc] [warning] Acceptable cell selection failed, no cell is in coverage
[2023-01-10 09:02:50.028] [rrc] [error] Cell selection failure, no suitable or acceptable cell found
[2023-01-10 09:03:19.055] [nas] [error] PLMN selection failure, no cells in coverage
[2023-01-10 09:03:20.040] [rrc] [warning] Acceptable cell selection failed, no cell is in coverage
[2023-01-10 09:03:20.040] [rrc] [error] Cell selection failure, no suitable or acceptable cell found
[2023-01-10 09:03:49.884] [nas] [error] PLMN selection failure, no cells in coverage
[2023-01-10 09:03:50.052] [rrc] [warning] Acceptable cell selection failed, no cell is in coverage
[2023-01-10 09:03:50.052] [rrc] [error] Cell selection failure, no suitable or acceptable cell found
[2023-01-10 09:04:20.065] [rrc] [warning] Acceptable cell selection failed, no cell is in coverage
[2023-01-10 09:04:20.065] [rrc] [error] Cell selection failure, no suitable or acceptable cell found
[2023-01-10 09:04:20.712] [nas] [error] PLMN selection failure, no cells in coverage
[2023-01-10 09:04:50.077] [rrc] [warning] Acceptable cell selection failed, no cell is in coverage
[2023-01-10 09:04:50.077] [rrc] [error] Cell selection failure, no suitable or acceptable cell found
[2023-01-10 09:04:51.540] [nas] [error] PLMN selection failure, no cells in coverage
[2023-01-10 09:05:20.089] [rrc] [warning] Acceptable cell selection failed, no cell is in coverage
[2023-01-10 09:05:20.089] [rrc] [error] Cell selection failure, no suitable or acceptable cell found
[2023-01-10 09:05:22.368] [nas] [error] PLMN selection failure, no cells in coverage
[2023-01-10 09:05:50.101] [rrc] [warning] Acceptable cell selection failed, no cell is in coverage
[2023-01-10 09:05:50.101] [rrc] [error] Cell selection failure, no suitable or acceptable cell found
[2023-01-10 09:05:53.197] [nas] [error] PLMN selection failure, no cells in coverage
[2023-01-10 09:06:20.113] [rrc] [warning] Acceptable cell selection failed, no cell is in coverage
[2023-01-10 09:06:20.113] [rrc] [error] Cell selection failure, no suitable or acceptable cell found
[2023-01-10 09:06:24.025] [nas] [error] PLMN selection failure, no cells in coverage
[2023-01-10 09:06:50.125] [rrc] [warning] Acceptable cell selection failed, no cell is in coverage
[2023-01-10 09:06:50.125] [rrc] [error] Cell selection failure, no suitable or acceptable cell found
[2023-01-10 09:06:54.854] [nas] [error] PLMN selection failure, no cells in coverage
