UERANSIM v3.2.6
[2023-01-10 08:45:48.702] [nas] [info] UE switches to state [MM-DEREGISTERED/PLMN-SEARCH]
[2023-01-10 08:45:48.709] [rrc] [debug] New signal detected for cell[1], total [1] cells in coverage
[2023-01-10 08:45:48.709] [nas] [info] Selected plmn[208/93]
[2023-01-10 08:45:48.710] [rrc] [info] Selected cell plmn[208/93] tac[1] category[SUITABLE]
[2023-01-10 08:45:48.710] [nas] [info] UE switches to state [MM-DEREGISTERED/PS]
[2023-01-10 08:45:48.710] [nas] [info] UE switches to state [MM-DEREGISTERED/NORMAL-SERVICE]
[2023-01-10 08:45:48.710] [nas] [debug] Initial registration required due to [MM-DEREG-NORMAL-SERVICE]
[2023-01-10 08:45:48.711] [nas] [debug] UAC access attempt is allowed for identity[0], category[MO_sig]
[2023-01-10 08:45:48.711] [nas] [debug] Sending Initial Registration
[2023-01-10 08:45:48.711] [nas] [info] UE switches to state [MM-REGISTER-INITIATED]
[2023-01-10 08:45:48.711] [rrc] [debug] Sending RRC Setup Request
[2023-01-10 08:45:48.712] [rrc] [info] RRC connection established
[2023-01-10 08:45:48.712] [rrc] [info] UE switches to state [RRC-CONNECTED]
[2023-01-10 08:45:48.712] [nas] [info] UE switches to state [CM-CONNECTED]
[2023-01-10 08:45:48.730] [nas] [debug] Authentication Request received
[2023-01-10 08:45:48.730] [nas] [debug] Sending Authentication Failure due to SQN out of range
[2023-01-10 08:45:48.739] [nas] [debug] Authentication Request received
[2023-01-10 08:45:48.746] [nas] [debug] Security Mode Command received
[2023-01-10 08:45:48.746] [nas] [debug] Selected integrity[2] ciphering[0]
[2023-01-10 08:45:48.771] [nas] [debug] Registration accept received
[2023-01-10 08:45:48.771] [nas] [info] UE switches to state [MM-REGISTERED/NORMAL-SERVICE]
[2023-01-10 08:45:48.771] [nas] [debug] Sending Registration Complete
[2023-01-10 08:45:48.771] [nas] [info] Initial Registration is successful
[2023-01-10 08:45:48.771] [nas] [debug] Sending PDU Session Establishment Request
[2023-01-10 08:45:48.773] [nas] [debug] UAC access attempt is allowed for identity[0], category[MO_sig]
[2023-01-10 08:45:49.010] [nas] [debug] PDU Session Establishment Accept received
[2023-01-10 08:45:49.010] [nas] [info] PDU Session establishment is successful PSI[1]
[2023-01-10 08:45:49.039] [app] [info] Connection setup for PDU session[1] is successful, TUN interface[uesimtun86, 10.60.0.91] is up.
[2023-01-10 08:46:17.714] [nas] [debug] Sending PDU Session Establishment Request
[2023-01-10 08:46:17.841] [nas] [error] No response from RRC from UAC checks, considering access attempt is barred
[2023-01-10 08:46:18.005] [nas] [debug] Sending PDU Session Establishment Request
[2023-01-10 08:46:18.109] [nas] [error] No response from RRC from UAC checks, considering access attempt is barred
[2023-01-10 08:46:18.228] [nas] [debug] Sending PDU Session Establishment Request
[2023-01-10 08:46:18.335] [nas] [error] No response from RRC from UAC checks, considering access attempt is barred
[2023-01-10 08:46:18.721] [rrc] [debug] Signal lost for cell[1], total [0] cells in coverage
[2023-01-10 08:46:18.721] [nas] [error] Radio link failure detected
[2023-01-10 08:46:18.721] [nas] [info] UE switches to state [CM-IDLE]
[2023-01-10 08:46:18.721] [nas] [info] UE switches to state [MM-REGISTERED/PS]
[2023-01-10 08:46:18.721] [nas] [info] UE switches to state [MM-REGISTERED/PLMN-SEARCH]
[2023-01-10 08:46:18.721] [nas] [error] PLMN selection failure, no cells in coverage
[2023-01-10 08:46:21.217] [rrc] [warning] Acceptable cell selection failed, no cell is in coverage
[2023-01-10 08:46:21.217] [rrc] [error] Cell selection failure, no suitable or acceptable cell found
[2023-01-10 08:46:21.734] [nas] [error] PLMN selection failure, no cells in coverage
[2023-01-10 08:46:23.936] [nas] [info] UE switches to state [MM-REGISTERED/NO-CELL-AVAILABLE]
[2023-01-10 08:46:33.868] [nas] [warning] Retransmitting PDU Session Establishment Request due to T3580 expiry
[2023-01-10 08:46:33.868] [nas] [error] UAC access attempt is barred for identity[0], category[MO_sig]
[2023-01-10 08:46:34.869] [nas] [warning] Retransmitting PDU Session Establishment Request due to T3580 expiry
[2023-01-10 08:46:34.869] [nas] [error] UAC access attempt is barred for identity[0], category[MO_sig]
[2023-01-10 08:46:34.869] [nas] [warning] Retransmitting PDU Session Establishment Request due to T3580 expiry
[2023-01-10 08:46:34.869] [nas] [error] UAC access attempt is barred for identity[0], category[MO_sig]
[2023-01-10 08:46:49.884] [nas] [warning] Retransmitting PDU Session Establishment Request due to T3580 expiry
[2023-01-10 08:46:49.884] [nas] [error] UAC access attempt is barred for identity[0], category[MO_sig]
[2023-01-10 08:46:50.885] [nas] [warning] Retransmitting PDU Session Establishment Request due to T3580 expiry
[2023-01-10 08:46:50.885] [nas] [error] UAC access attempt is barred for identity[0], category[MO_sig]
[2023-01-10 08:46:50.885] [nas] [warning] Retransmitting PDU Session Establishment Request due to T3580 expiry
[2023-01-10 08:46:50.885] [nas] [error] UAC access attempt is barred for identity[0], category[MO_sig]
[2023-01-10 08:46:51.230] [rrc] [warning] Acceptable cell selection failed, no cell is in coverage
[2023-01-10 08:46:51.230] [rrc] [error] Cell selection failure, no suitable or acceptable cell found
[2023-01-10 08:46:52.562] [nas] [error] PLMN selection failure, no cells in coverage
[2023-01-10 08:47:05.900] [nas] [warning] Retransmitting PDU Session Establishment Request due to T3580 expiry
[2023-01-10 08:47:05.901] [nas] [error] UAC access attempt is barred for identity[0], category[MO_sig]
[2023-01-10 08:47:06.901] [nas] [warning] Retransmitting PDU Session Establishment Request due to T3580 expiry
[2023-01-10 08:47:06.901] [nas] [error] UAC access attempt is barred for identity[0], category[MO_sig]
[2023-01-10 08:47:06.901] [nas] [warning] Retransmitting PDU Session Establishment Request due to T3580 expiry
[2023-01-10 08:47:06.901] [nas] [error] UAC access attempt is barred for identity[0], category[MO_sig]
[2023-01-10 08:47:21.242] [rrc] [warning] Acceptable cell selection failed, no cell is in coverage
[2023-01-10 08:47:21.242] [rrc] [error] Cell selection failure, no suitable or acceptable cell found
[2023-01-10 08:47:21.916] [nas] [warning] Retransmitting PDU Session Establishment Request due to T3580 expiry
[2023-01-10 08:47:21.916] [nas] [error] UAC access attempt is barred for identity[0], category[MO_sig]
[2023-01-10 08:47:22.917] [nas] [warning] Retransmitting PDU Session Establishment Request due to T3580 expiry
[2023-01-10 08:47:22.917] [nas] [error] UAC access attempt is barred for identity[0], category[MO_sig]
[2023-01-10 08:47:22.917] [nas] [warning] Retransmitting PDU Session Establishment Request due to T3580 expiry
[2023-01-10 08:47:22.917] [nas] [error] UAC access attempt is barred for identity[0], category[MO_sig]
[2023-01-10 08:47:23.390] [nas] [error] PLMN selection failure, no cells in coverage
[2023-01-10 08:47:37.932] [nas] [error] PDU Session Establishment procedure failure, no response from the network after 5 attempts
[2023-01-10 08:47:37.932] [nas] [debug] Aborting SM procedure for PTI[1], PSI[2]
[2023-01-10 08:47:38.933] [nas] [error] PDU Session Establishment procedure failure, no response from the network after 5 attempts
[2023-01-10 08:47:38.933] [nas] [debug] Aborting SM procedure for PTI[2], PSI[3]
[2023-01-10 08:47:38.933] [nas] [error] PDU Session Establishment procedure failure, no response from the network after 5 attempts
[2023-01-10 08:47:38.933] [nas] [debug] Aborting SM procedure for PTI[3], PSI[4]
[2023-01-10 08:47:51.254] [rrc] [warning] Acceptable cell selection failed, no cell is in coverage
[2023-01-10 08:47:51.254] [rrc] [error] Cell selection failure, no suitable or acceptable cell found
[2023-01-10 08:47:54.218] [nas] [error] PLMN selection failure, no cells in coverage
[2023-01-10 08:48:18.543] [nas] [debug] De-registration required due to [NORMAL]
[2023-01-10 08:48:21.266] [rrc] [warning] Acceptable cell selection failed, no cell is in coverage
[2023-01-10 08:48:21.266] [rrc] [error] Cell selection failure, no suitable or acceptable cell found
[2023-01-10 08:48:25.046] [nas] [error] PLMN selection failure, no cells in coverage
[2023-01-10 08:48:51.278] [rrc] [warning] Acceptable cell selection failed, no cell is in coverage
[2023-01-10 08:48:51.278] [rrc] [error] Cell selection failure, no suitable or acceptable cell found
[2023-01-10 08:48:55.875] [nas] [error] PLMN selection failure, no cells in coverage
[2023-01-10 08:49:21.291] [rrc] [warning] Acceptable cell selection failed, no cell is in coverage
[2023-01-10 08:49:21.291] [rrc] [error] Cell selection failure, no suitable or acceptable cell found
[2023-01-10 08:49:26.703] [nas] [error] PLMN selection failure, no cells in coverage
[2023-01-10 08:49:51.303] [rrc] [warning] Acceptable cell selection failed, no cell is in coverage
[2023-01-10 08:49:51.303] [rrc] [error] Cell selection failure, no suitable or acceptable cell found
[2023-01-10 08:49:57.531] [nas] [error] PLMN selection failure, no cells in coverage
[2023-01-10 08:50:21.315] [rrc] [warning] Acceptable cell selection failed, no cell is in coverage
[2023-01-10 08:50:21.315] [rrc] [error] Cell selection failure, no suitable or acceptable cell found
[2023-01-10 08:50:28.360] [nas] [error] PLMN selection failure, no cells in coverage
[2023-01-10 08:50:51.327] [rrc] [warning] Acceptable cell selection failed, no cell is in coverage
[2023-01-10 08:50:51.327] [rrc] [error] Cell selection failure, no suitable or acceptable cell found
[2023-01-10 08:50:59.188] [nas] [error] PLMN selection failure, no cells in coverage
[2023-01-10 08:51:21.339] [rrc] [warning] Acceptable cell selection failed, no cell is in coverage
[2023-01-10 08:51:21.339] [rrc] [error] Cell selection failure, no suitable or acceptable cell found
[2023-01-10 08:51:30.016] [nas] [error] PLMN selection failure, no cells in coverage
[2023-01-10 08:51:51.351] [rrc] [warning] Acceptable cell selection failed, no cell is in coverage
[2023-01-10 08:51:51.351] [rrc] [error] Cell selection failure, no suitable or acceptable cell found
[2023-01-10 08:52:00.844] [nas] [error] PLMN selection failure, no cells in coverage
[2023-01-10 08:52:21.363] [rrc] [warning] Acceptable cell selection failed, no cell is in coverage
[2023-01-10 08:52:21.363] [rrc] [error] Cell selection failure, no suitable or acceptable cell found
[2023-01-10 08:52:31.672] [nas] [error] PLMN selection failure, no cells in coverage
[2023-01-10 08:52:51.376] [rrc] [warning] Acceptable cell selection failed, no cell is in coverage
[2023-01-10 08:52:51.376] [rrc] [error] Cell selection failure, no suitable or acceptable cell found
[2023-01-10 08:53:02.500] [nas] [error] PLMN selection failure, no cells in coverage
[2023-01-10 08:53:21.388] [rrc] [warning] Acceptable cell selection failed, no cell is in coverage
[2023-01-10 08:53:21.388] [rrc] [error] Cell selection failure, no suitable or acceptable cell found
[2023-01-10 08:53:33.328] [nas] [error] PLMN selection failure, no cells in coverage
[2023-01-10 08:53:51.400] [rrc] [warning] Acceptable cell selection failed, no cell is in coverage
[2023-01-10 08:53:51.400] [rrc] [error] Cell selection failure, no suitable or acceptable cell found
[2023-01-10 08:54:04.156] [nas] [error] PLMN selection failure, no cells in coverage
[2023-01-10 08:54:21.413] [rrc] [warning] Acceptable cell selection failed, no cell is in coverage
[2023-01-10 08:54:21.413] [rrc] [error] Cell selection failure, no suitable or acceptable cell found
[2023-01-10 08:54:34.984] [nas] [error] PLMN selection failure, no cells in coverage
[2023-01-10 08:54:51.425] [rrc] [warning] Acceptable cell selection failed, no cell is in coverage
[2023-01-10 08:54:51.425] [rrc] [error] Cell selection failure, no suitable or acceptable cell found
[2023-01-10 08:55:05.813] [nas] [error] PLMN selection failure, no cells in coverage
[2023-01-10 08:55:21.437] [rrc] [warning] Acceptable cell selection failed, no cell is in coverage
[2023-01-10 08:55:21.437] [rrc] [error] Cell selection failure, no suitable or acceptable cell found
[2023-01-10 08:55:36.642] [nas] [error] PLMN selection failure, no cells in coverage
[2023-01-10 08:55:51.449] [rrc] [warning] Acceptable cell selection failed, no cell is in coverage
[2023-01-10 08:55:51.449] [rrc] [error] Cell selection failure, no suitable or acceptable cell found
[2023-01-10 08:56:07.470] [nas] [error] PLMN selection failure, no cells in coverage
[2023-01-10 08:56:21.461] [rrc] [warning] Acceptable cell selection failed, no cell is in coverage
[2023-01-10 08:56:21.461] [rrc] [error] Cell selection failure, no suitable or acceptable cell found
[2023-01-10 08:56:38.298] [nas] [error] PLMN selection failure, no cells in coverage
[2023-01-10 08:56:51.473] [rrc] [warning] Acceptable cell selection failed, no cell is in coverage
[2023-01-10 08:56:51.473] [rrc] [error] Cell selection failure, no suitable or acceptable cell found
[2023-01-10 08:57:09.126] [nas] [error] PLMN selection failure, no cells in coverage
[2023-01-10 08:57:21.485] [rrc] [warning] Acceptable cell selection failed, no cell is in coverage
[2023-01-10 08:57:21.485] [rrc] [error] Cell selection failure, no suitable or acceptable cell found
[2023-01-10 08:57:39.954] [nas] [error] PLMN selection failure, no cells in coverage
[2023-01-10 08:57:51.497] [rrc] [warning] Acceptable cell selection failed, no cell is in coverage
[2023-01-10 08:57:51.497] [rrc] [error] Cell selection failure, no suitable or acceptable cell found
[2023-01-10 08:58:10.782] [nas] [error] PLMN selection failure, no cells in coverage
[2023-01-10 08:58:21.509] [rrc] [warning] Acceptable cell selection failed, no cell is in coverage
[2023-01-10 08:58:21.509] [rrc] [error] Cell selection failure, no suitable or acceptable cell found
[2023-01-10 08:58:41.610] [nas] [error] PLMN selection failure, no cells in coverage
[2023-01-10 08:58:51.523] [rrc] [warning] Acceptable cell selection failed, no cell is in coverage
[2023-01-10 08:58:51.523] [rrc] [error] Cell selection failure, no suitable or acceptable cell found
[2023-01-10 08:59:12.439] [nas] [error] PLMN selection failure, no cells in coverage
[2023-01-10 08:59:21.535] [rrc] [warning] Acceptable cell selection failed, no cell is in coverage
[2023-01-10 08:59:21.535] [rrc] [error] Cell selection failure, no suitable or acceptable cell found
[2023-01-10 08:59:43.267] [nas] [error] PLMN selection failure, no cells in coverage
[2023-01-10 08:59:51.548] [rrc] [warning] Acceptable cell selection failed, no cell is in coverage
[2023-01-10 08:59:51.548] [rrc] [error] Cell selection failure, no suitable or acceptable cell found
[2023-01-10 09:00:14.095] [nas] [error] PLMN selection failure, no cells in coverage
[2023-01-10 09:00:21.560] [rrc] [warning] Acceptable cell selection failed, no cell is in coverage
[2023-01-10 09:00:21.560] [rrc] [error] Cell selection failure, no suitable or acceptable cell found
[2023-01-10 09:00:44.923] [nas] [error] PLMN selection failure, no cells in coverage
[2023-01-10 09:00:51.572] [rrc] [warning] Acceptable cell selection failed, no cell is in coverage
[2023-01-10 09:00:51.572] [rrc] [error] Cell selection failure, no suitable or acceptable cell found
[2023-01-10 09:01:15.752] [nas] [error] PLMN selection failure, no cells in coverage
[2023-01-10 09:01:21.584] [rrc] [warning] Acceptable cell selection failed, no cell is in coverage
[2023-01-10 09:01:21.584] [rrc] [error] Cell selection failure, no suitable or acceptable cell found
[2023-01-10 09:01:46.580] [nas] [error] PLMN selection failure, no cells in coverage
[2023-01-10 09:01:51.596] [rrc] [warning] Acceptable cell selection failed, no cell is in coverage
[2023-01-10 09:01:51.596] [rrc] [error] Cell selection failure, no suitable or acceptable cell found
[2023-01-10 09:02:17.408] [nas] [error] PLMN selection failure, no cells in coverage
[2023-01-10 09:02:21.608] [rrc] [warning] Acceptable cell selection failed, no cell is in coverage
[2023-01-10 09:02:21.608] [rrc] [error] Cell selection failure, no suitable or acceptable cell found
[2023-01-10 09:02:48.236] [nas] [error] PLMN selection failure, no cells in coverage
[2023-01-10 09:02:51.620] [rrc] [warning] Acceptable cell selection failed, no cell is in coverage
[2023-01-10 09:02:51.620] [rrc] [error] Cell selection failure, no suitable or acceptable cell found
[2023-01-10 09:03:19.064] [nas] [error] PLMN selection failure, no cells in coverage
[2023-01-10 09:03:21.633] [rrc] [warning] Acceptable cell selection failed, no cell is in coverage
[2023-01-10 09:03:21.633] [rrc] [error] Cell selection failure, no suitable or acceptable cell found
[2023-01-10 09:03:49.892] [nas] [error] PLMN selection failure, no cells in coverage
[2023-01-10 09:03:51.645] [rrc] [warning] Acceptable cell selection failed, no cell is in coverage
[2023-01-10 09:03:51.645] [rrc] [error] Cell selection failure, no suitable or acceptable cell found
[2023-01-10 09:04:20.720] [nas] [error] PLMN selection failure, no cells in coverage
[2023-01-10 09:04:21.658] [rrc] [warning] Acceptable cell selection failed, no cell is in coverage
[2023-01-10 09:04:21.658] [rrc] [error] Cell selection failure, no suitable or acceptable cell found
[2023-01-10 09:04:51.548] [nas] [error] PLMN selection failure, no cells in coverage
[2023-01-10 09:04:51.670] [rrc] [warning] Acceptable cell selection failed, no cell is in coverage
[2023-01-10 09:04:51.670] [rrc] [error] Cell selection failure, no suitable or acceptable cell found
[2023-01-10 09:05:21.682] [rrc] [warning] Acceptable cell selection failed, no cell is in coverage
[2023-01-10 09:05:21.682] [rrc] [error] Cell selection failure, no suitable or acceptable cell found
[2023-01-10 09:05:22.377] [nas] [error] PLMN selection failure, no cells in coverage
[2023-01-10 09:05:51.694] [rrc] [warning] Acceptable cell selection failed, no cell is in coverage
[2023-01-10 09:05:51.694] [rrc] [error] Cell selection failure, no suitable or acceptable cell found
[2023-01-10 09:05:53.205] [nas] [error] PLMN selection failure, no cells in coverage
[2023-01-10 09:06:21.706] [rrc] [warning] Acceptable cell selection failed, no cell is in coverage
[2023-01-10 09:06:21.706] [rrc] [error] Cell selection failure, no suitable or acceptable cell found
[2023-01-10 09:06:24.033] [nas] [error] PLMN selection failure, no cells in coverage
[2023-01-10 09:06:51.719] [rrc] [warning] Acceptable cell selection failed, no cell is in coverage
[2023-01-10 09:06:51.719] [rrc] [error] Cell selection failure, no suitable or acceptable cell found
[2023-01-10 09:06:54.862] [nas] [error] PLMN selection failure, no cells in coverage
