UERANSIM v3.2.6
[2023-01-10 08:46:00.715] [nas] [info] UE switches to state [MM-DEREGISTERED/PLMN-SEARCH]
[2023-01-10 08:46:00.722] [rrc] [debug] New signal detected for cell[1], total [1] cells in coverage
[2023-01-10 08:46:00.722] [nas] [info] Selected plmn[208/93]
[2023-01-10 08:46:00.722] [rrc] [info] Selected cell plmn[208/93] tac[1] category[SUITABLE]
[2023-01-10 08:46:00.722] [nas] [info] UE switches to state [MM-DEREGISTERED/PS]
[2023-01-10 08:46:00.722] [nas] [info] UE switches to state [MM-DEREGISTERED/NORMAL-SERVICE]
[2023-01-10 08:46:00.722] [nas] [debug] Initial registration required due to [MM-DEREG-NORMAL-SERVICE]
[2023-01-10 08:46:00.726] [nas] [debug] UAC access attempt is allowed for identity[0], category[MO_sig]
[2023-01-10 08:46:00.726] [nas] [debug] Sending Initial Registration
[2023-01-10 08:46:00.726] [rrc] [debug] Sending RRC Setup Request
[2023-01-10 08:46:00.726] [nas] [info] UE switches to state [MM-REGISTER-INITIATED]
[2023-01-10 08:46:00.727] [rrc] [info] RRC connection established
[2023-01-10 08:46:00.728] [rrc] [info] UE switches to state [RRC-CONNECTED]
[2023-01-10 08:46:00.728] [nas] [info] UE switches to state [CM-CONNECTED]
[2023-01-10 08:46:00.744] [nas] [debug] Authentication Request received
[2023-01-10 08:46:00.744] [nas] [debug] Sending Authentication Failure due to SQN out of range
[2023-01-10 08:46:00.758] [nas] [debug] Authentication Request received
[2023-01-10 08:46:00.765] [nas] [debug] Security Mode Command received
[2023-01-10 08:46:00.765] [nas] [debug] Selected integrity[2] ciphering[0]
[2023-01-10 08:46:00.788] [nas] [debug] Registration accept received
[2023-01-10 08:46:00.788] [nas] [info] UE switches to state [MM-REGISTERED/NORMAL-SERVICE]
[2023-01-10 08:46:00.788] [nas] [debug] Sending Registration Complete
[2023-01-10 08:46:00.788] [nas] [info] Initial Registration is successful
[2023-01-10 08:46:00.788] [nas] [debug] Sending PDU Session Establishment Request
[2023-01-10 08:46:00.789] [nas] [debug] UAC access attempt is allowed for identity[0], category[MO_sig]
[2023-01-10 08:46:01.025] [nas] [debug] PDU Session Establishment Accept received
[2023-01-10 08:46:01.025] [nas] [info] PDU Session establishment is successful PSI[1]
[2023-01-10 08:46:01.048] [app] [info] Connection setup for PDU session[1] is successful, TUN interface[uesimtun93, 10.60.0.98] is up.
[2023-01-10 08:46:14.917] [nas] [debug] Sending PDU Session Release Request for PSI[1]
[2023-01-10 08:46:15.067] [nas] [debug] PDU Session Release Command received
[2023-01-10 08:46:15.067] [nas] [debug] Performing local release of PDU session[1]
[2023-01-10 08:46:15.194] [nas] [debug] De-registration required due to [NORMAL]
[2023-01-10 08:46:15.203] [nas] [debug] Starting de-registration procedure due to [NORMAL]
[2023-01-10 08:46:15.203] [nas] [info] UE switches to state [MM-DEREGISTER-INITIATED]
[2023-01-10 08:46:15.327] [rrc] [debug] RRC Release received
[2023-01-10 08:46:15.327] [nas] [debug] De-registration accept received
[2023-01-10 08:46:15.327] [nas] [info] UE switches to state [MM-DEREGISTERED/PS]
[2023-01-10 08:46:15.327] [nas] [info] De-registration is successful
[2023-01-10 08:46:15.327] [nas] [info] UE switches to state [CM-IDLE]
[2023-01-10 08:46:15.327] [nas] [info] UE switches to state [MM-DEREGISTERED/NORMAL-SERVICE]
[2023-01-10 08:46:15.327] [nas] [debug] Initial registration required due to [MM-DEREG-NORMAL-SERVICE]
[2023-01-10 08:46:15.331] [nas] [debug] UAC access attempt is allowed for identity[0], category[MO_sig]
[2023-01-10 08:46:15.331] [nas] [debug] Sending Initial Registration
[2023-01-10 08:46:15.331] [rrc] [debug] Sending RRC Setup Request
[2023-01-10 08:46:15.331] [nas] [debug] Deleting NAS security context
[2023-01-10 08:46:15.331] [nas] [info] UE switches to state [MM-REGISTER-INITIATED]
[2023-01-10 08:46:15.332] [rrc] [info] RRC connection established
[2023-01-10 08:46:15.332] [rrc] [info] UE switches to state [RRC-CONNECTED]
[2023-01-10 08:46:15.332] [nas] [info] UE switches to state [CM-CONNECTED]
[2023-01-10 08:46:15.622] [nas] [debug] Authentication Request received
[2023-01-10 08:46:15.826] [nas] [debug] Security Mode Command received
[2023-01-10 08:46:15.826] [nas] [debug] Selected integrity[2] ciphering[0]
[2023-01-10 08:46:15.976] [nas] [debug] Registration accept received
[2023-01-10 08:46:15.976] [nas] [info] UE switches to state [MM-REGISTERED/NORMAL-SERVICE]
[2023-01-10 08:46:15.976] [nas] [debug] Sending Registration Complete
[2023-01-10 08:46:15.976] [nas] [info] Initial Registration is successful
[2023-01-10 08:46:15.976] [nas] [debug] Sending PDU Session Establishment Request
[2023-01-10 08:46:15.978] [nas] [debug] UAC access attempt is allowed for identity[0], category[MO_sig]
[2023-01-10 08:46:16.096] [nas] [debug] PDU Session Establishment Accept received
[2023-01-10 08:46:16.096] [nas] [info] PDU Session establishment is successful PSI[1]
[2023-01-10 08:46:16.526] [app] [info] Connection setup for PDU session[1] is successful, TUN interface[uesimtun18, 10.60.0.109] is up.
[2023-01-10 08:46:18.119] [rrc] [debug] Signal lost for cell[1], total [0] cells in coverage
[2023-01-10 08:46:18.119] [nas] [error] Radio link failure detected
[2023-01-10 08:46:18.119] [nas] [info] UE switches to state [CM-IDLE]
[2023-01-10 08:46:18.119] [nas] [info] UE switches to state [MM-REGISTERED/PS]
[2023-01-10 08:46:18.119] [nas] [info] UE switches to state [MM-REGISTERED/PLMN-SEARCH]
[2023-01-10 08:46:18.119] [nas] [error] PLMN selection failure, no cells in coverage
[2023-01-10 08:46:18.222] [rrc] [warning] Acceptable cell selection failed, no cell is in coverage
[2023-01-10 08:46:18.222] [rrc] [error] Cell selection failure, no suitable or acceptable cell found
[2023-01-10 08:46:20.539] [nas] [error] PLMN selection failure, no cells in coverage
[2023-01-10 08:46:22.741] [nas] [error] PLMN selection failure, no cells in coverage
[2023-01-10 08:46:23.842] [nas] [info] UE switches to state [MM-REGISTERED/NO-CELL-AVAILABLE]
[2023-01-10 08:46:48.234] [rrc] [warning] Acceptable cell selection failed, no cell is in coverage
[2023-01-10 08:46:48.234] [rrc] [error] Cell selection failure, no suitable or acceptable cell found
[2023-01-10 08:46:53.570] [nas] [error] PLMN selection failure, no cells in coverage
[2023-01-10 08:47:18.246] [rrc] [warning] Acceptable cell selection failed, no cell is in coverage
[2023-01-10 08:47:18.246] [rrc] [error] Cell selection failure, no suitable or acceptable cell found
[2023-01-10 08:47:24.399] [nas] [error] PLMN selection failure, no cells in coverage
[2023-01-10 08:47:48.258] [rrc] [warning] Acceptable cell selection failed, no cell is in coverage
[2023-01-10 08:47:48.258] [rrc] [error] Cell selection failure, no suitable or acceptable cell found
[2023-01-10 08:47:55.229] [nas] [error] PLMN selection failure, no cells in coverage
[2023-01-10 08:48:15.478] [nas] [debug] De-registration required due to [NORMAL]
[2023-01-10 08:48:18.270] [rrc] [warning] Acceptable cell selection failed, no cell is in coverage
[2023-01-10 08:48:18.270] [rrc] [error] Cell selection failure, no suitable or acceptable cell found
[2023-01-10 08:48:26.057] [nas] [error] PLMN selection failure, no cells in coverage
[2023-01-10 08:48:48.282] [rrc] [warning] Acceptable cell selection failed, no cell is in coverage
[2023-01-10 08:48:48.282] [rrc] [error] Cell selection failure, no suitable or acceptable cell found
[2023-01-10 08:48:56.885] [nas] [error] PLMN selection failure, no cells in coverage
[2023-01-10 08:49:18.294] [rrc] [warning] Acceptable cell selection failed, no cell is in coverage
[2023-01-10 08:49:18.294] [rrc] [error] Cell selection failure, no suitable or acceptable cell found
[2023-01-10 08:49:27.714] [nas] [error] PLMN selection failure, no cells in coverage
[2023-01-10 08:49:48.306] [rrc] [warning] Acceptable cell selection failed, no cell is in coverage
[2023-01-10 08:49:48.306] [rrc] [error] Cell selection failure, no suitable or acceptable cell found
[2023-01-10 08:49:58.542] [nas] [error] PLMN selection failure, no cells in coverage
[2023-01-10 08:50:18.318] [rrc] [warning] Acceptable cell selection failed, no cell is in coverage
[2023-01-10 08:50:18.318] [rrc] [error] Cell selection failure, no suitable or acceptable cell found
[2023-01-10 08:50:29.370] [nas] [error] PLMN selection failure, no cells in coverage
[2023-01-10 08:50:48.330] [rrc] [warning] Acceptable cell selection failed, no cell is in coverage
[2023-01-10 08:50:48.330] [rrc] [error] Cell selection failure, no suitable or acceptable cell found
[2023-01-10 08:51:00.198] [nas] [error] PLMN selection failure, no cells in coverage
[2023-01-10 08:51:18.342] [rrc] [warning] Acceptable cell selection failed, no cell is in coverage
[2023-01-10 08:51:18.342] [rrc] [error] Cell selection failure, no suitable or acceptable cell found
[2023-01-10 08:51:31.027] [nas] [error] PLMN selection failure, no cells in coverage
[2023-01-10 08:51:48.354] [rrc] [warning] Acceptable cell selection failed, no cell is in coverage
[2023-01-10 08:51:48.354] [rrc] [error] Cell selection failure, no suitable or acceptable cell found
[2023-01-10 08:52:01.855] [nas] [error] PLMN selection failure, no cells in coverage
[2023-01-10 08:52:18.366] [rrc] [warning] Acceptable cell selection failed, no cell is in coverage
[2023-01-10 08:52:18.366] [rrc] [error] Cell selection failure, no suitable or acceptable cell found
[2023-01-10 08:52:32.683] [nas] [error] PLMN selection failure, no cells in coverage
[2023-01-10 08:52:48.378] [rrc] [warning] Acceptable cell selection failed, no cell is in coverage
[2023-01-10 08:52:48.378] [rrc] [error] Cell selection failure, no suitable or acceptable cell found
[2023-01-10 08:53:03.512] [nas] [error] PLMN selection failure, no cells in coverage
[2023-01-10 08:53:18.390] [rrc] [warning] Acceptable cell selection failed, no cell is in coverage
[2023-01-10 08:53:18.390] [rrc] [error] Cell selection failure, no suitable or acceptable cell found
[2023-01-10 08:53:34.340] [nas] [error] PLMN selection failure, no cells in coverage
[2023-01-10 08:53:48.402] [rrc] [warning] Acceptable cell selection failed, no cell is in coverage
[2023-01-10 08:53:48.402] [rrc] [error] Cell selection failure, no suitable or acceptable cell found
[2023-01-10 08:54:05.168] [nas] [error] PLMN selection failure, no cells in coverage
[2023-01-10 08:54:18.414] [rrc] [warning] Acceptable cell selection failed, no cell is in coverage
[2023-01-10 08:54:18.414] [rrc] [error] Cell selection failure, no suitable or acceptable cell found
[2023-01-10 08:54:35.996] [nas] [error] PLMN selection failure, no cells in coverage
[2023-01-10 08:54:48.426] [rrc] [warning] Acceptable cell selection failed, no cell is in coverage
[2023-01-10 08:54:48.426] [rrc] [error] Cell selection failure, no suitable or acceptable cell found
[2023-01-10 08:55:06.824] [nas] [error] PLMN selection failure, no cells in coverage
[2023-01-10 08:55:18.438] [rrc] [warning] Acceptable cell selection failed, no cell is in coverage
[2023-01-10 08:55:18.438] [rrc] [error] Cell selection failure, no suitable or acceptable cell found
[2023-01-10 08:55:37.652] [nas] [error] PLMN selection failure, no cells in coverage
[2023-01-10 08:55:48.450] [rrc] [warning] Acceptable cell selection failed, no cell is in coverage
[2023-01-10 08:55:48.450] [rrc] [error] Cell selection failure, no suitable or acceptable cell found
[2023-01-10 08:56:08.480] [nas] [error] PLMN selection failure, no cells in coverage
[2023-01-10 08:56:18.462] [rrc] [warning] Acceptable cell selection failed, no cell is in coverage
[2023-01-10 08:56:18.462] [rrc] [error] Cell selection failure, no suitable or acceptable cell found
[2023-01-10 08:56:39.308] [nas] [error] PLMN selection failure, no cells in coverage
[2023-01-10 08:56:48.474] [rrc] [warning] Acceptable cell selection failed, no cell is in coverage
[2023-01-10 08:56:48.474] [rrc] [error] Cell selection failure, no suitable or acceptable cell found
[2023-01-10 08:57:10.136] [nas] [error] PLMN selection failure, no cells in coverage
[2023-01-10 08:57:18.486] [rrc] [warning] Acceptable cell selection failed, no cell is in coverage
[2023-01-10 08:57:18.486] [rrc] [error] Cell selection failure, no suitable or acceptable cell found
[2023-01-10 08:57:40.965] [nas] [error] PLMN selection failure, no cells in coverage
[2023-01-10 08:57:48.498] [rrc] [warning] Acceptable cell selection failed, no cell is in coverage
[2023-01-10 08:57:48.498] [rrc] [error] Cell selection failure, no suitable or acceptable cell found
[2023-01-10 08:58:11.793] [nas] [error] PLMN selection failure, no cells in coverage
[2023-01-10 08:58:18.510] [rrc] [warning] Acceptable cell selection failed, no cell is in coverage
[2023-01-10 08:58:18.510] [rrc] [error] Cell selection failure, no suitable or acceptable cell found
[2023-01-10 08:58:42.622] [nas] [error] PLMN selection failure, no cells in coverage
[2023-01-10 08:58:48.523] [rrc] [warning] Acceptable cell selection failed, no cell is in coverage
[2023-01-10 08:58:48.523] [rrc] [error] Cell selection failure, no suitable or acceptable cell found
[2023-01-10 08:59:13.450] [nas] [error] PLMN selection failure, no cells in coverage
[2023-01-10 08:59:18.535] [rrc] [warning] Acceptable cell selection failed, no cell is in coverage
[2023-01-10 08:59:18.535] [rrc] [error] Cell selection failure, no suitable or acceptable cell found
[2023-01-10 08:59:44.279] [nas] [error] PLMN selection failure, no cells in coverage
[2023-01-10 08:59:48.547] [rrc] [warning] Acceptable cell selection failed, no cell is in coverage
[2023-01-10 08:59:48.547] [rrc] [error] Cell selection failure, no suitable or acceptable cell found
[2023-01-10 09:00:15.107] [nas] [error] PLMN selection failure, no cells in coverage
[2023-01-10 09:00:18.559] [rrc] [warning] Acceptable cell selection failed, no cell is in coverage
[2023-01-10 09:00:18.559] [rrc] [error] Cell selection failure, no suitable or acceptable cell found
[2023-01-10 09:00:45.936] [nas] [error] PLMN selection failure, no cells in coverage
[2023-01-10 09:00:48.571] [rrc] [warning] Acceptable cell selection failed, no cell is in coverage
[2023-01-10 09:00:48.571] [rrc] [error] Cell selection failure, no suitable or acceptable cell found
[2023-01-10 09:01:16.764] [nas] [error] PLMN selection failure, no cells in coverage
[2023-01-10 09:01:18.583] [rrc] [warning] Acceptable cell selection failed, no cell is in coverage
[2023-01-10 09:01:18.583] [rrc] [error] Cell selection failure, no suitable or acceptable cell found
[2023-01-10 09:01:47.592] [nas] [error] PLMN selection failure, no cells in coverage
[2023-01-10 09:01:48.595] [rrc] [warning] Acceptable cell selection failed, no cell is in coverage
[2023-01-10 09:01:48.595] [rrc] [error] Cell selection failure, no suitable or acceptable cell found
[2023-01-10 09:02:18.420] [nas] [error] PLMN selection failure, no cells in coverage
[2023-01-10 09:02:18.607] [rrc] [warning] Acceptable cell selection failed, no cell is in coverage
[2023-01-10 09:02:18.607] [rrc] [error] Cell selection failure, no suitable or acceptable cell found
[2023-01-10 09:02:48.619] [rrc] [warning] Acceptable cell selection failed, no cell is in coverage
[2023-01-10 09:02:48.619] [rrc] [error] Cell selection failure, no suitable or acceptable cell found
[2023-01-10 09:02:49.248] [nas] [error] PLMN selection failure, no cells in coverage
[2023-01-10 09:03:18.632] [rrc] [warning] Acceptable cell selection failed, no cell is in coverage
[2023-01-10 09:03:18.632] [rrc] [error] Cell selection failure, no suitable or acceptable cell found
[2023-01-10 09:03:20.076] [nas] [error] PLMN selection failure, no cells in coverage
[2023-01-10 09:03:48.644] [rrc] [warning] Acceptable cell selection failed, no cell is in coverage
[2023-01-10 09:03:48.644] [rrc] [error] Cell selection failure, no suitable or acceptable cell found
[2023-01-10 09:03:50.904] [nas] [error] PLMN selection failure, no cells in coverage
[2023-01-10 09:04:18.656] [rrc] [warning] Acceptable cell selection failed, no cell is in coverage
[2023-01-10 09:04:18.656] [rrc] [error] Cell selection failure, no suitable or acceptable cell found
[2023-01-10 09:04:21.732] [nas] [error] PLMN selection failure, no cells in coverage
[2023-01-10 09:04:48.668] [rrc] [warning] Acceptable cell selection failed, no cell is in coverage
[2023-01-10 09:04:48.668] [rrc] [error] Cell selection failure, no suitable or acceptable cell found
[2023-01-10 09:04:52.560] [nas] [error] PLMN selection failure, no cells in coverage
[2023-01-10 09:05:18.680] [rrc] [warning] Acceptable cell selection failed, no cell is in coverage
[2023-01-10 09:05:18.680] [rrc] [error] Cell selection failure, no suitable or acceptable cell found
[2023-01-10 09:05:23.388] [nas] [error] PLMN selection failure, no cells in coverage
[2023-01-10 09:05:48.692] [rrc] [warning] Acceptable cell selection failed, no cell is in coverage
[2023-01-10 09:05:48.692] [rrc] [error] Cell selection failure, no suitable or acceptable cell found
[2023-01-10 09:05:54.216] [nas] [error] PLMN selection failure, no cells in coverage
[2023-01-10 09:06:18.704] [rrc] [warning] Acceptable cell selection failed, no cell is in coverage
[2023-01-10 09:06:18.704] [rrc] [error] Cell selection failure, no suitable or acceptable cell found
[2023-01-10 09:06:25.044] [nas] [error] PLMN selection failure, no cells in coverage
[2023-01-10 09:06:48.716] [rrc] [warning] Acceptable cell selection failed, no cell is in coverage
[2023-01-10 09:06:48.716] [rrc] [error] Cell selection failure, no suitable or acceptable cell found
