UERANSIM v3.2.6
[2023-01-10 08:44:42.633] [nas] [info] UE switches to state [MM-DEREGISTERED/PLMN-SEARCH]
[2023-01-10 08:44:42.633] [rrc] [debug] New signal detected for cell[1], total [1] cells in coverage
[2023-01-10 08:44:42.639] [nas] [info] Selected plmn[208/93]
[2023-01-10 08:44:42.639] [rrc] [info] Selected cell plmn[208/93] tac[1] category[SUITABLE]
[2023-01-10 08:44:42.640] [nas] [info] UE switches to state [MM-DEREGISTERED/PS]
[2023-01-10 08:44:42.640] [nas] [info] UE switches to state [MM-DEREGISTERED/NORMAL-SERVICE]
[2023-01-10 08:44:42.640] [nas] [debug] Initial registration required due to [MM-DEREG-NORMAL-SERVICE]
[2023-01-10 08:44:42.640] [nas] [debug] UAC access attempt is allowed for identity[0], category[MO_sig]
[2023-01-10 08:44:42.640] [nas] [debug] Sending Initial Registration
[2023-01-10 08:44:42.640] [nas] [info] UE switches to state [MM-REGISTER-INITIATED]
[2023-01-10 08:44:42.640] [rrc] [debug] Sending RRC Setup Request
[2023-01-10 08:44:42.640] [rrc] [info] RRC connection established
[2023-01-10 08:44:42.640] [rrc] [info] UE switches to state [RRC-CONNECTED]
[2023-01-10 08:44:42.640] [nas] [info] UE switches to state [CM-CONNECTED]
[2023-01-10 08:44:42.657] [nas] [debug] Authentication Request received
[2023-01-10 08:44:42.657] [nas] [debug] Sending Authentication Failure due to SQN out of range
[2023-01-10 08:44:42.669] [nas] [debug] Authentication Request received
[2023-01-10 08:44:42.675] [nas] [debug] Security Mode Command received
[2023-01-10 08:44:42.675] [nas] [debug] Selected integrity[2] ciphering[0]
[2023-01-10 08:44:42.704] [nas] [debug] Registration accept received
[2023-01-10 08:44:42.704] [nas] [info] UE switches to state [MM-REGISTERED/NORMAL-SERVICE]
[2023-01-10 08:44:42.704] [nas] [debug] Sending Registration Complete
[2023-01-10 08:44:42.704] [nas] [info] Initial Registration is successful
[2023-01-10 08:44:42.704] [nas] [debug] Sending PDU Session Establishment Request
[2023-01-10 08:44:42.704] [nas] [debug] UAC access attempt is allowed for identity[0], category[MO_sig]
[2023-01-10 08:44:42.940] [nas] [debug] PDU Session Establishment Accept received
[2023-01-10 08:44:42.940] [nas] [info] PDU Session establishment is successful PSI[1]
[2023-01-10 08:44:42.967] [app] [info] Connection setup for PDU session[1] is successful, TUN interface[uesimtun54, 10.60.0.59] is up.
[2023-01-10 08:46:16.730] [nas] [debug] De-registration required due to [NORMAL]
[2023-01-10 08:46:16.740] [nas] [debug] Starting de-registration procedure due to [NORMAL]
[2023-01-10 08:46:16.740] [nas] [debug] Performing local release of PDU session[1]
[2023-01-10 08:46:16.741] [nas] [info] UE switches to state [MM-DEREGISTER-INITIATED]
[2023-01-10 08:46:16.933] [nas] [debug] De-registration required due to [NORMAL]
[2023-01-10 08:46:16.945] [rrc] [debug] RRC Release received
[2023-01-10 08:46:16.945] [nas] [debug] De-registration accept received
[2023-01-10 08:46:16.945] [nas] [info] UE switches to state [MM-DEREGISTERED/PS]
[2023-01-10 08:46:16.945] [nas] [info] De-registration is successful
[2023-01-10 08:46:16.945] [nas] [info] UE switches to state [CM-IDLE]
[2023-01-10 08:46:16.945] [nas] [info] UE switches to state [MM-DEREGISTERED/NORMAL-SERVICE]
[2023-01-10 08:46:16.945] [nas] [debug] Initial registration required due to [MM-DEREG-NORMAL-SERVICE]
[2023-01-10 08:46:16.947] [nas] [debug] UAC access attempt is allowed for identity[0], category[MO_sig]
[2023-01-10 08:46:16.947] [nas] [debug] Sending Initial Registration
[2023-01-10 08:46:16.947] [nas] [debug] Deleting NAS security context
[2023-01-10 08:46:16.947] [nas] [info] UE switches to state [MM-REGISTER-INITIATED]
[2023-01-10 08:46:16.947] [rrc] [debug] Sending RRC Setup Request
[2023-01-10 08:46:16.947] [rrc] [info] RRC connection established
[2023-01-10 08:46:16.947] [rrc] [info] UE switches to state [RRC-CONNECTED]
[2023-01-10 08:46:16.947] [nas] [info] UE switches to state [CM-CONNECTED]
[2023-01-10 08:46:18.353] [rrc] [debug] Signal lost for cell[1], total [0] cells in coverage
[2023-01-10 08:46:18.353] [nas] [error] Radio link failure detected
[2023-01-10 08:46:18.353] [nas] [info] UE switches to state [CM-IDLE]
[2023-01-10 08:46:18.353] [nas] [info] UE switches to state [MM-DEREGISTERED/PS]
[2023-01-10 08:46:18.353] [nas] [info] UE switches to state [5U2-NOT-UPDATED]
[2023-01-10 08:46:18.353] [nas] [info] UE switches to state [MM-DEREGISTERED/ATTEMPTING-REGISTRATION]
[2023-01-10 08:46:18.353] [nas] [info] UE switches to state [MM-DEREGISTERED/PS]
[2023-01-10 08:46:18.353] [nas] [info] UE switches to state [MM-DEREGISTERED/PLMN-SEARCH]
[2023-01-10 08:46:18.353] [nas] [error] PLMN selection failure, no cells in coverage
[2023-01-10 08:46:20.172] [rrc] [warning] Acceptable cell selection failed, no cell is in coverage
[2023-01-10 08:46:20.172] [rrc] [error] Cell selection failure, no suitable or acceptable cell found
[2023-01-10 08:46:20.622] [nas] [error] PLMN selection failure, no cells in coverage
[2023-01-10 08:46:22.824] [nas] [error] PLMN selection failure, no cells in coverage
[2023-01-10 08:46:23.925] [nas] [info] UE switches to state [MM-DEREGISTERED/NO-CELL-AVAILABLE]
[2023-01-10 08:46:50.184] [rrc] [warning] Acceptable cell selection failed, no cell is in coverage
[2023-01-10 08:46:50.184] [rrc] [error] Cell selection failure, no suitable or acceptable cell found
[2023-01-10 08:46:53.652] [nas] [error] PLMN selection failure, no cells in coverage
[2023-01-10 08:47:20.196] [rrc] [warning] Acceptable cell selection failed, no cell is in coverage
[2023-01-10 08:47:20.196] [rrc] [error] Cell selection failure, no suitable or acceptable cell found
[2023-01-10 08:47:24.480] [nas] [error] PLMN selection failure, no cells in coverage
[2023-01-10 08:47:50.208] [rrc] [warning] Acceptable cell selection failed, no cell is in coverage
[2023-01-10 08:47:50.208] [rrc] [error] Cell selection failure, no suitable or acceptable cell found
[2023-01-10 08:47:55.308] [nas] [error] PLMN selection failure, no cells in coverage
[2023-01-10 08:48:17.264] [nas] [debug] De-registration required due to [NORMAL]
[2023-01-10 08:48:20.221] [rrc] [warning] Acceptable cell selection failed, no cell is in coverage
[2023-01-10 08:48:20.221] [rrc] [error] Cell selection failure, no suitable or acceptable cell found
[2023-01-10 08:48:26.136] [nas] [error] PLMN selection failure, no cells in coverage
[2023-01-10 08:48:50.233] [rrc] [warning] Acceptable cell selection failed, no cell is in coverage
[2023-01-10 08:48:50.233] [rrc] [error] Cell selection failure, no suitable or acceptable cell found
[2023-01-10 08:48:56.964] [nas] [error] PLMN selection failure, no cells in coverage
[2023-01-10 08:49:20.245] [rrc] [warning] Acceptable cell selection failed, no cell is in coverage
[2023-01-10 08:49:20.245] [rrc] [error] Cell selection failure, no suitable or acceptable cell found
[2023-01-10 08:49:27.792] [nas] [error] PLMN selection failure, no cells in coverage
[2023-01-10 08:49:50.257] [rrc] [warning] Acceptable cell selection failed, no cell is in coverage
[2023-01-10 08:49:50.257] [rrc] [error] Cell selection failure, no suitable or acceptable cell found
[2023-01-10 08:49:58.620] [nas] [error] PLMN selection failure, no cells in coverage
[2023-01-10 08:50:20.269] [rrc] [warning] Acceptable cell selection failed, no cell is in coverage
[2023-01-10 08:50:20.269] [rrc] [error] Cell selection failure, no suitable or acceptable cell found
[2023-01-10 08:50:29.450] [nas] [error] PLMN selection failure, no cells in coverage
[2023-01-10 08:50:50.281] [rrc] [warning] Acceptable cell selection failed, no cell is in coverage
[2023-01-10 08:50:50.281] [rrc] [error] Cell selection failure, no suitable or acceptable cell found
[2023-01-10 08:51:00.278] [nas] [error] PLMN selection failure, no cells in coverage
[2023-01-10 08:51:20.293] [rrc] [warning] Acceptable cell selection failed, no cell is in coverage
[2023-01-10 08:51:20.293] [rrc] [error] Cell selection failure, no suitable or acceptable cell found
[2023-01-10 08:51:31.107] [nas] [error] PLMN selection failure, no cells in coverage
[2023-01-10 08:51:50.305] [rrc] [warning] Acceptable cell selection failed, no cell is in coverage
[2023-01-10 08:51:50.305] [rrc] [error] Cell selection failure, no suitable or acceptable cell found
[2023-01-10 08:52:01.935] [nas] [error] PLMN selection failure, no cells in coverage
[2023-01-10 08:52:20.317] [rrc] [warning] Acceptable cell selection failed, no cell is in coverage
[2023-01-10 08:52:20.317] [rrc] [error] Cell selection failure, no suitable or acceptable cell found
[2023-01-10 08:52:32.763] [nas] [error] PLMN selection failure, no cells in coverage
[2023-01-10 08:52:50.330] [rrc] [warning] Acceptable cell selection failed, no cell is in coverage
[2023-01-10 08:52:50.330] [rrc] [error] Cell selection failure, no suitable or acceptable cell found
[2023-01-10 08:53:03.591] [nas] [error] PLMN selection failure, no cells in coverage
[2023-01-10 08:53:20.342] [rrc] [warning] Acceptable cell selection failed, no cell is in coverage
[2023-01-10 08:53:20.342] [rrc] [error] Cell selection failure, no suitable or acceptable cell found
[2023-01-10 08:53:34.419] [nas] [error] PLMN selection failure, no cells in coverage
[2023-01-10 08:53:50.354] [rrc] [warning] Acceptable cell selection failed, no cell is in coverage
[2023-01-10 08:53:50.354] [rrc] [error] Cell selection failure, no suitable or acceptable cell found
[2023-01-10 08:54:05.247] [nas] [error] PLMN selection failure, no cells in coverage
[2023-01-10 08:54:20.366] [rrc] [warning] Acceptable cell selection failed, no cell is in coverage
[2023-01-10 08:54:20.366] [rrc] [error] Cell selection failure, no suitable or acceptable cell found
[2023-01-10 08:54:36.076] [nas] [error] PLMN selection failure, no cells in coverage
[2023-01-10 08:54:50.378] [rrc] [warning] Acceptable cell selection failed, no cell is in coverage
[2023-01-10 08:54:50.378] [rrc] [error] Cell selection failure, no suitable or acceptable cell found
[2023-01-10 08:55:06.905] [nas] [error] PLMN selection failure, no cells in coverage
[2023-01-10 08:55:20.390] [rrc] [warning] Acceptable cell selection failed, no cell is in coverage
[2023-01-10 08:55:20.390] [rrc] [error] Cell selection failure, no suitable or acceptable cell found
[2023-01-10 08:55:37.733] [nas] [error] PLMN selection failure, no cells in coverage
[2023-01-10 08:55:50.402] [rrc] [warning] Acceptable cell selection failed, no cell is in coverage
[2023-01-10 08:55:50.402] [rrc] [error] Cell selection failure, no suitable or acceptable cell found
[2023-01-10 08:56:08.561] [nas] [error] PLMN selection failure, no cells in coverage
[2023-01-10 08:56:20.414] [rrc] [warning] Acceptable cell selection failed, no cell is in coverage
[2023-01-10 08:56:20.414] [rrc] [error] Cell selection failure, no suitable or acceptable cell found
[2023-01-10 08:56:39.389] [nas] [error] PLMN selection failure, no cells in coverage
[2023-01-10 08:56:50.427] [rrc] [warning] Acceptable cell selection failed, no cell is in coverage
[2023-01-10 08:56:50.427] [rrc] [error] Cell selection failure, no suitable or acceptable cell found
[2023-01-10 08:57:10.217] [nas] [error] PLMN selection failure, no cells in coverage
[2023-01-10 08:57:20.439] [rrc] [warning] Acceptable cell selection failed, no cell is in coverage
[2023-01-10 08:57:20.439] [rrc] [error] Cell selection failure, no suitable or acceptable cell found
[2023-01-10 08:57:41.045] [nas] [error] PLMN selection failure, no cells in coverage
[2023-01-10 08:57:50.452] [rrc] [warning] Acceptable cell selection failed, no cell is in coverage
[2023-01-10 08:57:50.452] [rrc] [error] Cell selection failure, no suitable or acceptable cell found
[2023-01-10 08:58:11.873] [nas] [error] PLMN selection failure, no cells in coverage
[2023-01-10 08:58:20.465] [rrc] [warning] Acceptable cell selection failed, no cell is in coverage
[2023-01-10 08:58:20.465] [rrc] [error] Cell selection failure, no suitable or acceptable cell found
[2023-01-10 08:58:42.702] [nas] [error] PLMN selection failure, no cells in coverage
[2023-01-10 08:58:50.477] [rrc] [warning] Acceptable cell selection failed, no cell is in coverage
[2023-01-10 08:58:50.477] [rrc] [error] Cell selection failure, no suitable or acceptable cell found
[2023-01-10 08:59:13.530] [nas] [error] PLMN selection failure, no cells in coverage
[2023-01-10 08:59:20.489] [rrc] [warning] Acceptable cell selection failed, no cell is in coverage
[2023-01-10 08:59:20.489] [rrc] [error] Cell selection failure, no suitable or acceptable cell found
[2023-01-10 08:59:44.359] [nas] [error] PLMN selection failure, no cells in coverage
[2023-01-10 08:59:50.501] [rrc] [warning] Acceptable cell selection failed, no cell is in coverage
[2023-01-10 08:59:50.501] [rrc] [error] Cell selection failure, no suitable or acceptable cell found
[2023-01-10 09:00:15.187] [nas] [error] PLMN selection failure, no cells in coverage
[2023-01-10 09:00:20.513] [rrc] [warning] Acceptable cell selection failed, no cell is in coverage
[2023-01-10 09:00:20.513] [rrc] [error] Cell selection failure, no suitable or acceptable cell found
[2023-01-10 09:00:46.015] [nas] [error] PLMN selection failure, no cells in coverage
[2023-01-10 09:00:50.525] [rrc] [warning] Acceptable cell selection failed, no cell is in coverage
[2023-01-10 09:00:50.525] [rrc] [error] Cell selection failure, no suitable or acceptable cell found
[2023-01-10 09:01:16.843] [nas] [error] PLMN selection failure, no cells in coverage
[2023-01-10 09:01:20.537] [rrc] [warning] Acceptable cell selection failed, no cell is in coverage
[2023-01-10 09:01:20.537] [rrc] [error] Cell selection failure, no suitable or acceptable cell found
[2023-01-10 09:01:47.671] [nas] [error] PLMN selection failure, no cells in coverage
[2023-01-10 09:01:50.549] [rrc] [warning] Acceptable cell selection failed, no cell is in coverage
[2023-01-10 09:01:50.549] [rrc] [error] Cell selection failure, no suitable or acceptable cell found
[2023-01-10 09:02:18.499] [nas] [error] PLMN selection failure, no cells in coverage
[2023-01-10 09:02:20.561] [rrc] [warning] Acceptable cell selection failed, no cell is in coverage
[2023-01-10 09:02:20.561] [rrc] [error] Cell selection failure, no suitable or acceptable cell found
[2023-01-10 09:02:49.327] [nas] [error] PLMN selection failure, no cells in coverage
[2023-01-10 09:02:50.573] [rrc] [warning] Acceptable cell selection failed, no cell is in coverage
[2023-01-10 09:02:50.573] [rrc] [error] Cell selection failure, no suitable or acceptable cell found
[2023-01-10 09:03:20.156] [nas] [error] PLMN selection failure, no cells in coverage
[2023-01-10 09:03:20.585] [rrc] [warning] Acceptable cell selection failed, no cell is in coverage
[2023-01-10 09:03:20.585] [rrc] [error] Cell selection failure, no suitable or acceptable cell found
[2023-01-10 09:03:50.597] [rrc] [warning] Acceptable cell selection failed, no cell is in coverage
[2023-01-10 09:03:50.597] [rrc] [error] Cell selection failure, no suitable or acceptable cell found
[2023-01-10 09:03:50.985] [nas] [error] PLMN selection failure, no cells in coverage
[2023-01-10 09:04:20.609] [rrc] [warning] Acceptable cell selection failed, no cell is in coverage
[2023-01-10 09:04:20.609] [rrc] [error] Cell selection failure, no suitable or acceptable cell found
[2023-01-10 09:04:21.813] [nas] [error] PLMN selection failure, no cells in coverage
[2023-01-10 09:04:50.621] [rrc] [warning] Acceptable cell selection failed, no cell is in coverage
[2023-01-10 09:04:50.621] [rrc] [error] Cell selection failure, no suitable or acceptable cell found
[2023-01-10 09:04:52.641] [nas] [error] PLMN selection failure, no cells in coverage
[2023-01-10 09:05:20.633] [rrc] [warning] Acceptable cell selection failed, no cell is in coverage
[2023-01-10 09:05:20.633] [rrc] [error] Cell selection failure, no suitable or acceptable cell found
[2023-01-10 09:05:23.469] [nas] [error] PLMN selection failure, no cells in coverage
[2023-01-10 09:05:50.645] [rrc] [warning] Acceptable cell selection failed, no cell is in coverage
[2023-01-10 09:05:50.645] [rrc] [error] Cell selection failure, no suitable or acceptable cell found
[2023-01-10 09:05:54.298] [nas] [error] PLMN selection failure, no cells in coverage
[2023-01-10 09:06:20.657] [rrc] [warning] Acceptable cell selection failed, no cell is in coverage
[2023-01-10 09:06:20.657] [rrc] [error] Cell selection failure, no suitable or acceptable cell found
[2023-01-10 09:06:25.127] [nas] [error] PLMN selection failure, no cells in coverage
[2023-01-10 09:06:50.669] [rrc] [warning] Acceptable cell selection failed, no cell is in coverage
[2023-01-10 09:06:50.669] [rrc] [error] Cell selection failure, no suitable or acceptable cell found
