UERANSIM v3.2.6
[2023-01-10 08:45:58.714] [nas] [info] UE switches to state [MM-DEREGISTERED/PLMN-SEARCH]
[2023-01-10 08:45:58.714] [rrc] [debug] New signal detected for cell[1], total [1] cells in coverage
[2023-01-10 08:45:58.721] [nas] [info] Selected plmn[208/93]
[2023-01-10 08:45:58.721] [rrc] [info] Selected cell plmn[208/93] tac[1] category[SUITABLE]
[2023-01-10 08:45:58.721] [nas] [info] UE switches to state [MM-DEREGISTERED/PS]
[2023-01-10 08:45:58.721] [nas] [info] UE switches to state [MM-DEREGISTERED/NORMAL-SERVICE]
[2023-01-10 08:45:58.721] [nas] [debug] Initial registration required due to [MM-DEREG-NORMAL-SERVICE]
[2023-01-10 08:45:58.721] [nas] [debug] UAC access attempt is allowed for identity[0], category[MO_sig]
[2023-01-10 08:45:58.721] [nas] [debug] Sending Initial Registration
[2023-01-10 08:45:58.721] [nas] [info] UE switches to state [MM-REGISTER-INITIATED]
[2023-01-10 08:45:58.721] [rrc] [debug] Sending RRC Setup Request
[2023-01-10 08:45:58.724] [rrc] [info] RRC connection established
[2023-01-10 08:45:58.724] [rrc] [info] UE switches to state [RRC-CONNECTED]
[2023-01-10 08:45:58.724] [nas] [info] UE switches to state [CM-CONNECTED]
[2023-01-10 08:45:58.743] [nas] [debug] Authentication Request received
[2023-01-10 08:45:58.743] [nas] [debug] Sending Authentication Failure due to SQN out of range
[2023-01-10 08:45:58.753] [nas] [debug] Authentication Request received
[2023-01-10 08:45:58.762] [nas] [debug] Security Mode Command received
[2023-01-10 08:45:58.762] [nas] [debug] Selected integrity[2] ciphering[0]
[2023-01-10 08:45:58.790] [nas] [debug] Registration accept received
[2023-01-10 08:45:58.790] [nas] [info] UE switches to state [MM-REGISTERED/NORMAL-SERVICE]
[2023-01-10 08:45:58.790] [nas] [debug] Sending Registration Complete
[2023-01-10 08:45:58.790] [nas] [info] Initial Registration is successful
[2023-01-10 08:45:58.790] [nas] [debug] Sending PDU Session Establishment Request
[2023-01-10 08:45:58.790] [nas] [debug] UAC access attempt is allowed for identity[0], category[MO_sig]
[2023-01-10 08:45:59.031] [nas] [debug] PDU Session Establishment Accept received
[2023-01-10 08:45:59.031] [nas] [info] PDU Session establishment is successful PSI[1]
[2023-01-10 08:45:59.056] [app] [info] Connection setup for PDU session[1] is successful, TUN interface[uesimtun92, 10.60.0.97] is up.
[2023-01-10 08:46:17.081] [nas] [debug] Sending PDU Session Establishment Request
[2023-01-10 08:46:17.193] [nas] [error] No response from RRC from UAC checks, considering access attempt is barred
[2023-01-10 08:46:17.541] [nas] [debug] Sending PDU Session Establishment Request
[2023-01-10 08:46:17.647] [nas] [error] No response from RRC from UAC checks, considering access attempt is barred
[2023-01-10 08:46:17.995] [nas] [warning] PDU session release procedure could not start: PS[2] is not active already
[2023-01-10 08:46:18.911] [rrc] [debug] Signal lost for cell[1], total [0] cells in coverage
[2023-01-10 08:46:18.912] [nas] [error] Radio link failure detected
[2023-01-10 08:46:18.912] [nas] [info] UE switches to state [CM-IDLE]
[2023-01-10 08:46:18.912] [nas] [info] UE switches to state [MM-REGISTERED/PS]
[2023-01-10 08:46:18.912] [nas] [info] UE switches to state [MM-REGISTERED/PLMN-SEARCH]
[2023-01-10 08:46:18.912] [nas] [error] PLMN selection failure, no cells in coverage
[2023-01-10 08:46:21.227] [rrc] [warning] Acceptable cell selection failed, no cell is in coverage
[2023-01-10 08:46:21.227] [rrc] [error] Cell selection failure, no suitable or acceptable cell found
[2023-01-10 08:46:21.842] [nas] [error] PLMN selection failure, no cells in coverage
[2023-01-10 08:46:24.044] [nas] [info] UE switches to state [MM-REGISTERED/NO-CELL-AVAILABLE]
[2023-01-10 08:46:33.763] [nas] [warning] Retransmitting PDU Session Establishment Request due to T3580 expiry
[2023-01-10 08:46:33.765] [nas] [error] UAC access attempt is barred for identity[0], category[MO_sig]
[2023-01-10 08:46:33.765] [nas] [warning] Retransmitting PDU Session Establishment Request due to T3580 expiry
[2023-01-10 08:46:33.765] [nas] [error] UAC access attempt is barred for identity[0], category[MO_sig]
[2023-01-10 08:46:49.779] [nas] [warning] Retransmitting PDU Session Establishment Request due to T3580 expiry
[2023-01-10 08:46:49.781] [nas] [error] UAC access attempt is barred for identity[0], category[MO_sig]
[2023-01-10 08:46:49.781] [nas] [warning] Retransmitting PDU Session Establishment Request due to T3580 expiry
[2023-01-10 08:46:49.781] [nas] [error] UAC access attempt is barred for identity[0], category[MO_sig]
[2023-01-10 08:46:51.239] [rrc] [warning] Acceptable cell selection failed, no cell is in coverage
[2023-01-10 08:46:51.239] [rrc] [error] Cell selection failure, no suitable or acceptable cell found
[2023-01-10 08:46:52.670] [nas] [error] PLMN selection failure, no cells in coverage
[2023-01-10 08:47:05.799] [nas] [warning] Retransmitting PDU Session Establishment Request due to T3580 expiry
[2023-01-10 08:47:05.802] [nas] [error] UAC access attempt is barred for identity[0], category[MO_sig]
[2023-01-10 08:47:05.802] [nas] [warning] Retransmitting PDU Session Establishment Request due to T3580 expiry
[2023-01-10 08:47:05.802] [nas] [error] UAC access attempt is barred for identity[0], category[MO_sig]
[2023-01-10 08:47:21.251] [rrc] [warning] Acceptable cell selection failed, no cell is in coverage
[2023-01-10 08:47:21.251] [rrc] [error] Cell selection failure, no suitable or acceptable cell found
[2023-01-10 08:47:21.817] [nas] [warning] Retransmitting PDU Session Establishment Request due to T3580 expiry
[2023-01-10 08:47:21.817] [nas] [error] UAC access attempt is barred for identity[0], category[MO_sig]
[2023-01-10 08:47:21.817] [nas] [warning] Retransmitting PDU Session Establishment Request due to T3580 expiry
[2023-01-10 08:47:21.817] [nas] [error] UAC access attempt is barred for identity[0], category[MO_sig]
[2023-01-10 08:47:23.498] [nas] [error] PLMN selection failure, no cells in coverage
[2023-01-10 08:47:37.833] [nas] [error] PDU Session Establishment procedure failure, no response from the network after 5 attempts
[2023-01-10 08:47:37.833] [nas] [debug] Aborting SM procedure for PTI[1], PSI[2]
[2023-01-10 08:47:37.833] [nas] [error] PDU Session Establishment procedure failure, no response from the network after 5 attempts
[2023-01-10 08:47:37.833] [nas] [debug] Aborting SM procedure for PTI[2], PSI[3]
[2023-01-10 08:47:51.263] [rrc] [warning] Acceptable cell selection failed, no cell is in coverage
[2023-01-10 08:47:51.263] [rrc] [error] Cell selection failure, no suitable or acceptable cell found
[2023-01-10 08:47:54.328] [nas] [error] PLMN selection failure, no cells in coverage
[2023-01-10 08:48:18.662] [nas] [debug] De-registration required due to [NORMAL]
[2023-01-10 08:48:21.275] [rrc] [warning] Acceptable cell selection failed, no cell is in coverage
[2023-01-10 08:48:21.275] [rrc] [error] Cell selection failure, no suitable or acceptable cell found
[2023-01-10 08:48:25.157] [nas] [error] PLMN selection failure, no cells in coverage
[2023-01-10 08:48:51.292] [rrc] [warning] Acceptable cell selection failed, no cell is in coverage
[2023-01-10 08:48:51.292] [rrc] [error] Cell selection failure, no suitable or acceptable cell found
[2023-01-10 08:48:55.985] [nas] [error] PLMN selection failure, no cells in coverage
[2023-01-10 08:49:21.405] [rrc] [warning] Acceptable cell selection failed, no cell is in coverage
[2023-01-10 08:49:21.405] [rrc] [error] Cell selection failure, no suitable or acceptable cell found
[2023-01-10 08:49:26.813] [nas] [error] PLMN selection failure, no cells in coverage
[2023-01-10 08:49:51.526] [rrc] [warning] Acceptable cell selection failed, no cell is in coverage
[2023-01-10 08:49:51.526] [rrc] [error] Cell selection failure, no suitable or acceptable cell found
[2023-01-10 08:49:57.641] [nas] [error] PLMN selection failure, no cells in coverage
[2023-01-10 08:50:21.555] [rrc] [warning] Acceptable cell selection failed, no cell is in coverage
[2023-01-10 08:50:21.555] [rrc] [error] Cell selection failure, no suitable or acceptable cell found
[2023-01-10 08:50:28.469] [nas] [error] PLMN selection failure, no cells in coverage
[2023-01-10 08:50:51.567] [rrc] [warning] Acceptable cell selection failed, no cell is in coverage
[2023-01-10 08:50:51.567] [rrc] [error] Cell selection failure, no suitable or acceptable cell found
[2023-01-10 08:50:59.297] [nas] [error] PLMN selection failure, no cells in coverage
[2023-01-10 08:51:21.579] [rrc] [warning] Acceptable cell selection failed, no cell is in coverage
[2023-01-10 08:51:21.579] [rrc] [error] Cell selection failure, no suitable or acceptable cell found
[2023-01-10 08:51:30.125] [nas] [error] PLMN selection failure, no cells in coverage
[2023-01-10 08:51:51.591] [rrc] [warning] Acceptable cell selection failed, no cell is in coverage
[2023-01-10 08:51:51.591] [rrc] [error] Cell selection failure, no suitable or acceptable cell found
[2023-01-10 08:52:00.953] [nas] [error] PLMN selection failure, no cells in coverage
[2023-01-10 08:52:21.603] [rrc] [warning] Acceptable cell selection failed, no cell is in coverage
[2023-01-10 08:52:21.603] [rrc] [error] Cell selection failure, no suitable or acceptable cell found
[2023-01-10 08:52:31.781] [nas] [error] PLMN selection failure, no cells in coverage
[2023-01-10 08:52:51.615] [rrc] [warning] Acceptable cell selection failed, no cell is in coverage
[2023-01-10 08:52:51.615] [rrc] [error] Cell selection failure, no suitable or acceptable cell found
[2023-01-10 08:53:02.609] [nas] [error] PLMN selection failure, no cells in coverage
[2023-01-10 08:53:21.627] [rrc] [warning] Acceptable cell selection failed, no cell is in coverage
[2023-01-10 08:53:21.627] [rrc] [error] Cell selection failure, no suitable or acceptable cell found
[2023-01-10 08:53:33.438] [nas] [error] PLMN selection failure, no cells in coverage
[2023-01-10 08:53:51.639] [rrc] [warning] Acceptable cell selection failed, no cell is in coverage
[2023-01-10 08:53:51.639] [rrc] [error] Cell selection failure, no suitable or acceptable cell found
[2023-01-10 08:54:04.266] [nas] [error] PLMN selection failure, no cells in coverage
[2023-01-10 08:54:21.651] [rrc] [warning] Acceptable cell selection failed, no cell is in coverage
[2023-01-10 08:54:21.651] [rrc] [error] Cell selection failure, no suitable or acceptable cell found
[2023-01-10 08:54:35.094] [nas] [error] PLMN selection failure, no cells in coverage
[2023-01-10 08:54:51.663] [rrc] [warning] Acceptable cell selection failed, no cell is in coverage
[2023-01-10 08:54:51.663] [rrc] [error] Cell selection failure, no suitable or acceptable cell found
[2023-01-10 08:55:05.923] [nas] [error] PLMN selection failure, no cells in coverage
[2023-01-10 08:55:21.675] [rrc] [warning] Acceptable cell selection failed, no cell is in coverage
[2023-01-10 08:55:21.675] [rrc] [error] Cell selection failure, no suitable or acceptable cell found
[2023-01-10 08:55:36.751] [nas] [error] PLMN selection failure, no cells in coverage
[2023-01-10 08:55:51.687] [rrc] [warning] Acceptable cell selection failed, no cell is in coverage
[2023-01-10 08:55:51.687] [rrc] [error] Cell selection failure, no suitable or acceptable cell found
[2023-01-10 08:56:07.579] [nas] [error] PLMN selection failure, no cells in coverage
[2023-01-10 08:56:21.699] [rrc] [warning] Acceptable cell selection failed, no cell is in coverage
[2023-01-10 08:56:21.699] [rrc] [error] Cell selection failure, no suitable or acceptable cell found
[2023-01-10 08:56:38.407] [nas] [error] PLMN selection failure, no cells in coverage
[2023-01-10 08:56:51.711] [rrc] [warning] Acceptable cell selection failed, no cell is in coverage
[2023-01-10 08:56:51.711] [rrc] [error] Cell selection failure, no suitable or acceptable cell found
[2023-01-10 08:57:09.236] [nas] [error] PLMN selection failure, no cells in coverage
[2023-01-10 08:57:21.723] [rrc] [warning] Acceptable cell selection failed, no cell is in coverage
[2023-01-10 08:57:21.723] [rrc] [error] Cell selection failure, no suitable or acceptable cell found
[2023-01-10 08:57:40.064] [nas] [error] PLMN selection failure, no cells in coverage
[2023-01-10 08:57:51.736] [rrc] [warning] Acceptable cell selection failed, no cell is in coverage
[2023-01-10 08:57:51.736] [rrc] [error] Cell selection failure, no suitable or acceptable cell found
[2023-01-10 08:58:10.892] [nas] [error] PLMN selection failure, no cells in coverage
[2023-01-10 08:58:21.748] [rrc] [warning] Acceptable cell selection failed, no cell is in coverage
[2023-01-10 08:58:21.748] [rrc] [error] Cell selection failure, no suitable or acceptable cell found
[2023-01-10 08:58:41.720] [nas] [error] PLMN selection failure, no cells in coverage
[2023-01-10 08:58:51.761] [rrc] [warning] Acceptable cell selection failed, no cell is in coverage
[2023-01-10 08:58:51.761] [rrc] [error] Cell selection failure, no suitable or acceptable cell found
[2023-01-10 08:59:12.548] [nas] [error] PLMN selection failure, no cells in coverage
[2023-01-10 08:59:21.773] [rrc] [warning] Acceptable cell selection failed, no cell is in coverage
[2023-01-10 08:59:21.773] [rrc] [error] Cell selection failure, no suitable or acceptable cell found
[2023-01-10 08:59:43.376] [nas] [error] PLMN selection failure, no cells in coverage
[2023-01-10 08:59:51.785] [rrc] [warning] Acceptable cell selection failed, no cell is in coverage
[2023-01-10 08:59:51.785] [rrc] [error] Cell selection failure, no suitable or acceptable cell found
[2023-01-10 09:00:14.204] [nas] [error] PLMN selection failure, no cells in coverage
[2023-01-10 09:00:21.797] [rrc] [warning] Acceptable cell selection failed, no cell is in coverage
[2023-01-10 09:00:21.797] [rrc] [error] Cell selection failure, no suitable or acceptable cell found
[2023-01-10 09:00:45.032] [nas] [error] PLMN selection failure, no cells in coverage
[2023-01-10 09:00:51.809] [rrc] [warning] Acceptable cell selection failed, no cell is in coverage
[2023-01-10 09:00:51.809] [rrc] [error] Cell selection failure, no suitable or acceptable cell found
[2023-01-10 09:01:15.860] [nas] [error] PLMN selection failure, no cells in coverage
[2023-01-10 09:01:21.821] [rrc] [warning] Acceptable cell selection failed, no cell is in coverage
[2023-01-10 09:01:21.821] [rrc] [error] Cell selection failure, no suitable or acceptable cell found
[2023-01-10 09:01:46.688] [nas] [error] PLMN selection failure, no cells in coverage
[2023-01-10 09:01:51.833] [rrc] [warning] Acceptable cell selection failed, no cell is in coverage
[2023-01-10 09:01:51.833] [rrc] [error] Cell selection failure, no suitable or acceptable cell found
[2023-01-10 09:02:17.516] [nas] [error] PLMN selection failure, no cells in coverage
[2023-01-10 09:02:21.845] [rrc] [warning] Acceptable cell selection failed, no cell is in coverage
[2023-01-10 09:02:21.845] [rrc] [error] Cell selection failure, no suitable or acceptable cell found
[2023-01-10 09:02:48.344] [nas] [error] PLMN selection failure, no cells in coverage
[2023-01-10 09:02:51.857] [rrc] [warning] Acceptable cell selection failed, no cell is in coverage
[2023-01-10 09:02:51.858] [rrc] [error] Cell selection failure, no suitable or acceptable cell found
[2023-01-10 09:03:19.172] [nas] [error] PLMN selection failure, no cells in coverage
[2023-01-10 09:03:21.869] [rrc] [warning] Acceptable cell selection failed, no cell is in coverage
[2023-01-10 09:03:21.869] [rrc] [error] Cell selection failure, no suitable or acceptable cell found
[2023-01-10 09:03:50.000] [nas] [error] PLMN selection failure, no cells in coverage
[2023-01-10 09:03:51.881] [rrc] [warning] Acceptable cell selection failed, no cell is in coverage
[2023-01-10 09:03:51.881] [rrc] [error] Cell selection failure, no suitable or acceptable cell found
[2023-01-10 09:04:20.830] [nas] [error] PLMN selection failure, no cells in coverage
[2023-01-10 09:04:21.893] [rrc] [warning] Acceptable cell selection failed, no cell is in coverage
[2023-01-10 09:04:21.893] [rrc] [error] Cell selection failure, no suitable or acceptable cell found
[2023-01-10 09:04:51.658] [nas] [error] PLMN selection failure, no cells in coverage
[2023-01-10 09:04:51.905] [rrc] [warning] Acceptable cell selection failed, no cell is in coverage
[2023-01-10 09:04:51.905] [rrc] [error] Cell selection failure, no suitable or acceptable cell found
[2023-01-10 09:05:21.917] [rrc] [warning] Acceptable cell selection failed, no cell is in coverage
[2023-01-10 09:05:21.917] [rrc] [error] Cell selection failure, no suitable or acceptable cell found
[2023-01-10 09:05:22.486] [nas] [error] PLMN selection failure, no cells in coverage
[2023-01-10 09:05:51.929] [rrc] [warning] Acceptable cell selection failed, no cell is in coverage
[2023-01-10 09:05:51.929] [rrc] [error] Cell selection failure, no suitable or acceptable cell found
[2023-01-10 09:05:53.314] [nas] [error] PLMN selection failure, no cells in coverage
[2023-01-10 09:06:21.941] [rrc] [warning] Acceptable cell selection failed, no cell is in coverage
[2023-01-10 09:06:21.941] [rrc] [error] Cell selection failure, no suitable or acceptable cell found
[2023-01-10 09:06:24.142] [nas] [error] PLMN selection failure, no cells in coverage
[2023-01-10 09:06:51.953] [rrc] [warning] Acceptable cell selection failed, no cell is in coverage
[2023-01-10 09:06:51.953] [rrc] [error] Cell selection failure, no suitable or acceptable cell found
[2023-01-10 09:06:54.970] [nas] [error] PLMN selection failure, no cells in coverage
