UERANSIM v3.2.6
[2023-01-10 08:42:56.524] [nas] [info] UE switches to state [MM-DEREGISTERED/PLMN-SEARCH]
[2023-01-10 08:42:56.525] [rrc] [debug] New signal detected for cell[1], total [1] cells in coverage
[2023-01-10 08:42:56.525] [nas] [info] Selected plmn[208/93]
[2023-01-10 08:42:56.525] [rrc] [info] Selected cell plmn[208/93] tac[1] category[SUITABLE]
[2023-01-10 08:42:56.525] [nas] [info] UE switches to state [MM-DEREGISTERED/PS]
[2023-01-10 08:42:56.525] [nas] [info] UE switches to state [MM-DEREGISTERED/NORMAL-SERVICE]
[2023-01-10 08:42:56.525] [nas] [debug] Initial registration required due to [MM-DEREG-NORMAL-SERVICE]
[2023-01-10 08:42:56.527] [nas] [debug] UAC access attempt is allowed for identity[0], category[MO_sig]
[2023-01-10 08:42:56.527] [nas] [debug] Sending Initial Registration
[2023-01-10 08:42:56.527] [nas] [info] UE switches to state [MM-REGISTER-INITIATED]
[2023-01-10 08:42:56.527] [rrc] [debug] Sending RRC Setup Request
[2023-01-10 08:42:56.527] [rrc] [info] RRC connection established
[2023-01-10 08:42:56.527] [rrc] [info] UE switches to state [RRC-CONNECTED]
[2023-01-10 08:42:56.527] [nas] [info] UE switches to state [CM-CONNECTED]
[2023-01-10 08:42:56.546] [nas] [debug] Authentication Request received
[2023-01-10 08:42:56.546] [nas] [debug] Sending Authentication Failure due to SQN out of range
[2023-01-10 08:42:56.559] [nas] [debug] Authentication Request received
[2023-01-10 08:42:56.564] [nas] [debug] Security Mode Command received
[2023-01-10 08:42:56.564] [nas] [debug] Selected integrity[2] ciphering[0]
[2023-01-10 08:42:56.592] [nas] [debug] Registration accept received
[2023-01-10 08:42:56.593] [nas] [info] UE switches to state [MM-REGISTERED/NORMAL-SERVICE]
[2023-01-10 08:42:56.593] [nas] [debug] Sending Registration Complete
[2023-01-10 08:42:56.593] [nas] [info] Initial Registration is successful
[2023-01-10 08:42:56.593] [nas] [debug] Sending PDU Session Establishment Request
[2023-01-10 08:42:56.594] [nas] [debug] UAC access attempt is allowed for identity[0], category[MO_sig]
[2023-01-10 08:42:56.834] [nas] [debug] PDU Session Establishment Accept received
[2023-01-10 08:42:56.834] [nas] [info] PDU Session establishment is successful PSI[1]
[2023-01-10 08:42:56.855] [app] [info] Connection setup for PDU session[1] is successful, TUN interface[uesimtun1, 10.60.0.6] is up.
[2023-01-10 08:46:17.992] [nas] [debug] Sending PDU Session Establishment Request
[2023-01-10 08:46:18.093] [nas] [error] No response from RRC from UAC checks, considering access attempt is barred
[2023-01-10 08:46:18.119] [rrc] [debug] Signal lost for cell[1], total [0] cells in coverage
[2023-01-10 08:46:18.119] [nas] [error] Radio link failure detected
[2023-01-10 08:46:18.119] [nas] [info] UE switches to state [CM-IDLE]
[2023-01-10 08:46:18.119] [nas] [info] UE switches to state [MM-REGISTERED/PS]
[2023-01-10 08:46:18.119] [nas] [info] UE switches to state [MM-REGISTERED/PLMN-SEARCH]
[2023-01-10 08:46:18.119] [nas] [error] PLMN selection failure, no cells in coverage
[2023-01-10 08:46:19.106] [rrc] [warning] Acceptable cell selection failed, no cell is in coverage
[2023-01-10 08:46:19.106] [rrc] [error] Cell selection failure, no suitable or acceptable cell found
[2023-01-10 08:46:20.310] [nas] [error] PLMN selection failure, no cells in coverage
[2023-01-10 08:46:22.512] [nas] [error] PLMN selection failure, no cells in coverage
[2023-01-10 08:46:23.614] [nas] [info] UE switches to state [MM-REGISTERED/NO-CELL-AVAILABLE]
[2023-01-10 08:46:34.751] [nas] [warning] Retransmitting PDU Session Establishment Request due to T3580 expiry
[2023-01-10 08:46:34.751] [nas] [error] UAC access attempt is barred for identity[0], category[MO_sig]
[2023-01-10 08:46:49.118] [rrc] [warning] Acceptable cell selection failed, no cell is in coverage
[2023-01-10 08:46:49.118] [rrc] [error] Cell selection failure, no suitable or acceptable cell found
[2023-01-10 08:46:50.767] [nas] [warning] Retransmitting PDU Session Establishment Request due to T3580 expiry
[2023-01-10 08:46:50.769] [nas] [error] UAC access attempt is barred for identity[0], category[MO_sig]
[2023-01-10 08:46:53.341] [nas] [error] PLMN selection failure, no cells in coverage
[2023-01-10 08:47:06.784] [nas] [warning] Retransmitting PDU Session Establishment Request due to T3580 expiry
[2023-01-10 08:47:06.784] [nas] [error] UAC access attempt is barred for identity[0], category[MO_sig]
[2023-01-10 08:47:19.130] [rrc] [warning] Acceptable cell selection failed, no cell is in coverage
[2023-01-10 08:47:19.130] [rrc] [error] Cell selection failure, no suitable or acceptable cell found
[2023-01-10 08:47:22.801] [nas] [warning] Retransmitting PDU Session Establishment Request due to T3580 expiry
[2023-01-10 08:47:22.803] [nas] [error] UAC access attempt is barred for identity[0], category[MO_sig]
[2023-01-10 08:47:24.169] [nas] [error] PLMN selection failure, no cells in coverage
[2023-01-10 08:47:38.817] [nas] [error] PDU Session Establishment procedure failure, no response from the network after 5 attempts
[2023-01-10 08:47:38.817] [nas] [debug] Aborting SM procedure for PTI[1], PSI[2]
[2023-01-10 08:47:49.142] [rrc] [warning] Acceptable cell selection failed, no cell is in coverage
[2023-01-10 08:47:49.142] [rrc] [error] Cell selection failure, no suitable or acceptable cell found
[2023-01-10 08:47:54.997] [nas] [error] PLMN selection failure, no cells in coverage
[2023-01-10 08:48:18.287] [nas] [debug] De-registration required due to [NORMAL]
[2023-01-10 08:48:19.155] [rrc] [warning] Acceptable cell selection failed, no cell is in coverage
[2023-01-10 08:48:19.155] [rrc] [error] Cell selection failure, no suitable or acceptable cell found
[2023-01-10 08:48:25.825] [nas] [error] PLMN selection failure, no cells in coverage
[2023-01-10 08:48:49.167] [rrc] [warning] Acceptable cell selection failed, no cell is in coverage
[2023-01-10 08:48:49.167] [rrc] [error] Cell selection failure, no suitable or acceptable cell found
[2023-01-10 08:48:56.653] [nas] [error] PLMN selection failure, no cells in coverage
[2023-01-10 08:49:19.179] [rrc] [warning] Acceptable cell selection failed, no cell is in coverage
[2023-01-10 08:49:19.179] [rrc] [error] Cell selection failure, no suitable or acceptable cell found
[2023-01-10 08:49:27.481] [nas] [error] PLMN selection failure, no cells in coverage
[2023-01-10 08:49:49.191] [rrc] [warning] Acceptable cell selection failed, no cell is in coverage
[2023-01-10 08:49:49.191] [rrc] [error] Cell selection failure, no suitable or acceptable cell found
[2023-01-10 08:49:58.309] [nas] [error] PLMN selection failure, no cells in coverage
[2023-01-10 08:50:19.203] [rrc] [warning] Acceptable cell selection failed, no cell is in coverage
[2023-01-10 08:50:19.203] [rrc] [error] Cell selection failure, no suitable or acceptable cell found
[2023-01-10 08:50:29.137] [nas] [error] PLMN selection failure, no cells in coverage
[2023-01-10 08:50:49.215] [rrc] [warning] Acceptable cell selection failed, no cell is in coverage
[2023-01-10 08:50:49.215] [rrc] [error] Cell selection failure, no suitable or acceptable cell found
[2023-01-10 08:50:59.965] [nas] [error] PLMN selection failure, no cells in coverage
[2023-01-10 08:51:19.227] [rrc] [warning] Acceptable cell selection failed, no cell is in coverage
[2023-01-10 08:51:19.227] [rrc] [error] Cell selection failure, no suitable or acceptable cell found
[2023-01-10 08:51:30.793] [nas] [error] PLMN selection failure, no cells in coverage
[2023-01-10 08:51:49.239] [rrc] [warning] Acceptable cell selection failed, no cell is in coverage
[2023-01-10 08:51:49.239] [rrc] [error] Cell selection failure, no suitable or acceptable cell found
[2023-01-10 08:52:01.621] [nas] [error] PLMN selection failure, no cells in coverage
[2023-01-10 08:52:19.251] [rrc] [warning] Acceptable cell selection failed, no cell is in coverage
[2023-01-10 08:52:19.251] [rrc] [error] Cell selection failure, no suitable or acceptable cell found
[2023-01-10 08:52:32.449] [nas] [error] PLMN selection failure, no cells in coverage
[2023-01-10 08:52:49.263] [rrc] [warning] Acceptable cell selection failed, no cell is in coverage
[2023-01-10 08:52:49.263] [rrc] [error] Cell selection failure, no suitable or acceptable cell found
[2023-01-10 08:53:03.277] [nas] [error] PLMN selection failure, no cells in coverage
[2023-01-10 08:53:19.275] [rrc] [warning] Acceptable cell selection failed, no cell is in coverage
[2023-01-10 08:53:19.275] [rrc] [error] Cell selection failure, no suitable or acceptable cell found
[2023-01-10 08:53:34.105] [nas] [error] PLMN selection failure, no cells in coverage
[2023-01-10 08:53:49.288] [rrc] [warning] Acceptable cell selection failed, no cell is in coverage
[2023-01-10 08:53:49.288] [rrc] [error] Cell selection failure, no suitable or acceptable cell found
[2023-01-10 08:54:04.933] [nas] [error] PLMN selection failure, no cells in coverage
[2023-01-10 08:54:19.300] [rrc] [warning] Acceptable cell selection failed, no cell is in coverage
[2023-01-10 08:54:19.300] [rrc] [error] Cell selection failure, no suitable or acceptable cell found
[2023-01-10 08:54:35.761] [nas] [error] PLMN selection failure, no cells in coverage
[2023-01-10 08:54:49.312] [rrc] [warning] Acceptable cell selection failed, no cell is in coverage
[2023-01-10 08:54:49.312] [rrc] [error] Cell selection failure, no suitable or acceptable cell found
[2023-01-10 08:55:06.589] [nas] [error] PLMN selection failure, no cells in coverage
[2023-01-10 08:55:19.324] [rrc] [warning] Acceptable cell selection failed, no cell is in coverage
[2023-01-10 08:55:19.324] [rrc] [error] Cell selection failure, no suitable or acceptable cell found
[2023-01-10 08:55:37.417] [nas] [error] PLMN selection failure, no cells in coverage
[2023-01-10 08:55:49.336] [rrc] [warning] Acceptable cell selection failed, no cell is in coverage
[2023-01-10 08:55:49.336] [rrc] [error] Cell selection failure, no suitable or acceptable cell found
[2023-01-10 08:56:08.245] [nas] [error] PLMN selection failure, no cells in coverage
[2023-01-10 08:56:19.348] [rrc] [warning] Acceptable cell selection failed, no cell is in coverage
[2023-01-10 08:56:19.348] [rrc] [error] Cell selection failure, no suitable or acceptable cell found
[2023-01-10 08:56:39.073] [nas] [error] PLMN selection failure, no cells in coverage
[2023-01-10 08:56:49.360] [rrc] [warning] Acceptable cell selection failed, no cell is in coverage
[2023-01-10 08:56:49.360] [rrc] [error] Cell selection failure, no suitable or acceptable cell found
[2023-01-10 08:57:09.901] [nas] [error] PLMN selection failure, no cells in coverage
[2023-01-10 08:57:19.372] [rrc] [warning] Acceptable cell selection failed, no cell is in coverage
[2023-01-10 08:57:19.372] [rrc] [error] Cell selection failure, no suitable or acceptable cell found
[2023-01-10 08:57:40.730] [nas] [error] PLMN selection failure, no cells in coverage
[2023-01-10 08:57:49.384] [rrc] [warning] Acceptable cell selection failed, no cell is in coverage
[2023-01-10 08:57:49.384] [rrc] [error] Cell selection failure, no suitable or acceptable cell found
[2023-01-10 08:58:11.560] [nas] [error] PLMN selection failure, no cells in coverage
[2023-01-10 08:58:19.396] [rrc] [warning] Acceptable cell selection failed, no cell is in coverage
[2023-01-10 08:58:19.396] [rrc] [error] Cell selection failure, no suitable or acceptable cell found
[2023-01-10 08:58:42.388] [nas] [error] PLMN selection failure, no cells in coverage
[2023-01-10 08:58:49.408] [rrc] [warning] Acceptable cell selection failed, no cell is in coverage
[2023-01-10 08:58:49.408] [rrc] [error] Cell selection failure, no suitable or acceptable cell found
[2023-01-10 08:59:13.216] [nas] [error] PLMN selection failure, no cells in coverage
[2023-01-10 08:59:19.420] [rrc] [warning] Acceptable cell selection failed, no cell is in coverage
[2023-01-10 08:59:19.420] [rrc] [error] Cell selection failure, no suitable or acceptable cell found
[2023-01-10 08:59:44.044] [nas] [error] PLMN selection failure, no cells in coverage
[2023-01-10 08:59:49.432] [rrc] [warning] Acceptable cell selection failed, no cell is in coverage
[2023-01-10 08:59:49.432] [rrc] [error] Cell selection failure, no suitable or acceptable cell found
[2023-01-10 09:00:14.872] [nas] [error] PLMN selection failure, no cells in coverage
[2023-01-10 09:00:19.444] [rrc] [warning] Acceptable cell selection failed, no cell is in coverage
[2023-01-10 09:00:19.444] [rrc] [error] Cell selection failure, no suitable or acceptable cell found
[2023-01-10 09:00:45.701] [nas] [error] PLMN selection failure, no cells in coverage
[2023-01-10 09:00:49.456] [rrc] [warning] Acceptable cell selection failed, no cell is in coverage
[2023-01-10 09:00:49.456] [rrc] [error] Cell selection failure, no suitable or acceptable cell found
[2023-01-10 09:01:16.529] [nas] [error] PLMN selection failure, no cells in coverage
[2023-01-10 09:01:19.468] [rrc] [warning] Acceptable cell selection failed, no cell is in coverage
[2023-01-10 09:01:19.468] [rrc] [error] Cell selection failure, no suitable or acceptable cell found
[2023-01-10 09:01:47.357] [nas] [error] PLMN selection failure, no cells in coverage
[2023-01-10 09:01:49.480] [rrc] [warning] Acceptable cell selection failed, no cell is in coverage
[2023-01-10 09:01:49.480] [rrc] [error] Cell selection failure, no suitable or acceptable cell found
[2023-01-10 09:02:18.185] [nas] [error] PLMN selection failure, no cells in coverage
[2023-01-10 09:02:19.492] [rrc] [warning] Acceptable cell selection failed, no cell is in coverage
[2023-01-10 09:02:19.492] [rrc] [error] Cell selection failure, no suitable or acceptable cell found
[2023-01-10 09:02:49.013] [nas] [error] PLMN selection failure, no cells in coverage
[2023-01-10 09:02:49.504] [rrc] [warning] Acceptable cell selection failed, no cell is in coverage
[2023-01-10 09:02:49.504] [rrc] [error] Cell selection failure, no suitable or acceptable cell found
[2023-01-10 09:03:19.517] [rrc] [warning] Acceptable cell selection failed, no cell is in coverage
[2023-01-10 09:03:19.517] [rrc] [error] Cell selection failure, no suitable or acceptable cell found
[2023-01-10 09:03:19.841] [nas] [error] PLMN selection failure, no cells in coverage
[2023-01-10 09:03:49.529] [rrc] [warning] Acceptable cell selection failed, no cell is in coverage
[2023-01-10 09:03:49.529] [rrc] [error] Cell selection failure, no suitable or acceptable cell found
[2023-01-10 09:03:50.669] [nas] [error] PLMN selection failure, no cells in coverage
[2023-01-10 09:04:19.541] [rrc] [warning] Acceptable cell selection failed, no cell is in coverage
[2023-01-10 09:04:19.541] [rrc] [error] Cell selection failure, no suitable or acceptable cell found
[2023-01-10 09:04:21.499] [nas] [error] PLMN selection failure, no cells in coverage
[2023-01-10 09:04:49.553] [rrc] [warning] Acceptable cell selection failed, no cell is in coverage
[2023-01-10 09:04:49.553] [rrc] [error] Cell selection failure, no suitable or acceptable cell found
[2023-01-10 09:04:52.327] [nas] [error] PLMN selection failure, no cells in coverage
[2023-01-10 09:05:19.565] [rrc] [warning] Acceptable cell selection failed, no cell is in coverage
[2023-01-10 09:05:19.565] [rrc] [error] Cell selection failure, no suitable or acceptable cell found
[2023-01-10 09:05:23.155] [nas] [error] PLMN selection failure, no cells in coverage
[2023-01-10 09:05:49.577] [rrc] [warning] Acceptable cell selection failed, no cell is in coverage
[2023-01-10 09:05:49.577] [rrc] [error] Cell selection failure, no suitable or acceptable cell found
[2023-01-10 09:05:53.983] [nas] [error] PLMN selection failure, no cells in coverage
[2023-01-10 09:06:19.589] [rrc] [warning] Acceptable cell selection failed, no cell is in coverage
[2023-01-10 09:06:19.589] [rrc] [error] Cell selection failure, no suitable or acceptable cell found
[2023-01-10 09:06:24.812] [nas] [error] PLMN selection failure, no cells in coverage
[2023-01-10 09:06:49.601] [rrc] [warning] Acceptable cell selection failed, no cell is in coverage
[2023-01-10 09:06:49.601] [rrc] [error] Cell selection failure, no suitable or acceptable cell found
