UERANSIM v3.2.6
[2023-01-10 08:43:04.534] [nas] [info] UE switches to state [MM-DEREGISTERED/PLMN-SEARCH]
[2023-01-10 08:43:04.535] [rrc] [debug] New signal detected for cell[1], total [1] cells in coverage
[2023-01-10 08:43:04.535] [nas] [info] Selected plmn[208/93]
[2023-01-10 08:43:04.536] [rrc] [info] Selected cell plmn[208/93] tac[1] category[SUITABLE]
[2023-01-10 08:43:04.536] [nas] [info] UE switches to state [MM-DEREGISTERED/PS]
[2023-01-10 08:43:04.536] [nas] [info] UE switches to state [MM-DEREGISTERED/NORMAL-SERVICE]
[2023-01-10 08:43:04.536] [nas] [debug] Initial registration required due to [MM-DEREG-NORMAL-SERVICE]
[2023-01-10 08:43:04.538] [nas] [debug] UAC access attempt is allowed for identity[0], category[MO_sig]
[2023-01-10 08:43:04.539] [nas] [debug] Sending Initial Registration
[2023-01-10 08:43:04.539] [nas] [info] UE switches to state [MM-REGISTER-INITIATED]
[2023-01-10 08:43:04.539] [rrc] [debug] Sending RRC Setup Request
[2023-01-10 08:43:04.541] [rrc] [info] RRC connection established
[2023-01-10 08:43:04.541] [rrc] [info] UE switches to state [RRC-CONNECTED]
[2023-01-10 08:43:04.541] [nas] [info] UE switches to state [CM-CONNECTED]
[2023-01-10 08:43:04.561] [nas] [debug] Authentication Request received
[2023-01-10 08:43:04.561] [nas] [debug] Sending Authentication Failure due to SQN out of range
[2023-01-10 08:43:04.578] [nas] [debug] Authentication Request received
[2023-01-10 08:43:04.584] [nas] [debug] Security Mode Command received
[2023-01-10 08:43:04.584] [nas] [debug] Selected integrity[2] ciphering[0]
[2023-01-10 08:43:04.615] [nas] [debug] Registration accept received
[2023-01-10 08:43:04.616] [nas] [info] UE switches to state [MM-REGISTERED/NORMAL-SERVICE]
[2023-01-10 08:43:04.616] [nas] [debug] Sending Registration Complete
[2023-01-10 08:43:04.616] [nas] [info] Initial Registration is successful
[2023-01-10 08:43:04.616] [nas] [debug] Sending PDU Session Establishment Request
[2023-01-10 08:43:04.617] [nas] [debug] UAC access attempt is allowed for identity[0], category[MO_sig]
[2023-01-10 08:43:04.855] [nas] [debug] PDU Session Establishment Accept received
[2023-01-10 08:43:04.855] [nas] [info] PDU Session establishment is successful PSI[1]
[2023-01-10 08:43:04.883] [app] [info] Connection setup for PDU session[1] is successful, TUN interface[uesimtun5, 10.60.0.10] is up.
[2023-01-10 08:46:17.220] [nas] [debug] Sending PDU Session Establishment Request
[2023-01-10 08:46:17.349] [nas] [error] No response from RRC from UAC checks, considering access attempt is barred
[2023-01-10 08:46:17.562] [nas] [debug] Sending PDU Session Release Request for PSI[1]
[2023-01-10 08:46:17.782] [nas] [debug] De-registration required due to [NORMAL]
[2023-01-10 08:46:17.798] [nas] [debug] Starting de-registration procedure due to [NORMAL]
[2023-01-10 08:46:17.798] [nas] [debug] Performing local release of PDU session[1]
[2023-01-10 08:46:17.798] [nas] [info] UE switches to state [MM-DEREGISTER-INITIATED]
[2023-01-10 08:46:18.108] [rrc] [debug] Signal lost for cell[1], total [0] cells in coverage
[2023-01-10 08:46:18.108] [nas] [error] Radio link failure detected
[2023-01-10 08:46:18.108] [nas] [info] UE switches to state [CM-IDLE]
[2023-01-10 08:46:18.108] [nas] [info] UE switches to state [MM-DEREGISTERED/PS]
[2023-01-10 08:46:18.108] [nas] [info] UE switches to state [MM-DEREGISTERED/PLMN-SEARCH]
[2023-01-10 08:46:18.108] [nas] [error] PLMN selection failure, no cells in coverage
[2023-01-10 08:46:19.614] [rrc] [warning] Acceptable cell selection failed, no cell is in coverage
[2023-01-10 08:46:19.614] [rrc] [error] Cell selection failure, no suitable or acceptable cell found
[2023-01-10 08:46:20.661] [nas] [error] PLMN selection failure, no cells in coverage
[2023-01-10 08:46:22.863] [nas] [error] PLMN selection failure, no cells in coverage
[2023-01-10 08:46:23.964] [nas] [info] UE switches to state [MM-DEREGISTERED/NO-CELL-AVAILABLE]
[2023-01-10 08:46:33.754] [nas] [warning] Retransmitting PDU Session Establishment Request due to T3580 expiry
[2023-01-10 08:46:33.757] [nas] [error] UAC access attempt is barred for identity[0], category[MO_sig]
[2023-01-10 08:46:33.757] [nas] [warning] Retransmitting PDU Session Release Request due to T3582 expiry
[2023-01-10 08:46:33.757] [nas] [debug] NAS Transport aborted, no active cell
[2023-01-10 08:46:49.626] [rrc] [warning] Acceptable cell selection failed, no cell is in coverage
[2023-01-10 08:46:49.626] [rrc] [error] Cell selection failure, no suitable or acceptable cell found
[2023-01-10 08:46:49.770] [nas] [warning] Retransmitting PDU Session Establishment Request due to T3580 expiry
[2023-01-10 08:46:49.773] [nas] [error] UAC access attempt is barred for identity[0], category[MO_sig]
[2023-01-10 08:46:49.773] [nas] [warning] Retransmitting PDU Session Release Request due to T3582 expiry
[2023-01-10 08:46:49.773] [nas] [debug] NAS Transport aborted, no active cell
[2023-01-10 08:46:53.692] [nas] [error] PLMN selection failure, no cells in coverage
[2023-01-10 08:47:05.786] [nas] [warning] Retransmitting PDU Session Establishment Request due to T3580 expiry
[2023-01-10 08:47:05.786] [nas] [error] UAC access attempt is barred for identity[0], category[MO_sig]
[2023-01-10 08:47:05.786] [nas] [warning] Retransmitting PDU Session Release Request due to T3582 expiry
[2023-01-10 08:47:05.786] [nas] [debug] NAS Transport aborted, no active cell
[2023-01-10 08:47:19.638] [rrc] [warning] Acceptable cell selection failed, no cell is in coverage
[2023-01-10 08:47:19.638] [rrc] [error] Cell selection failure, no suitable or acceptable cell found
[2023-01-10 08:47:21.803] [nas] [warning] Retransmitting PDU Session Establishment Request due to T3580 expiry
[2023-01-10 08:47:21.806] [nas] [error] UAC access attempt is barred for identity[0], category[MO_sig]
[2023-01-10 08:47:21.806] [nas] [warning] Retransmitting PDU Session Release Request due to T3582 expiry
[2023-01-10 08:47:21.806] [nas] [debug] NAS Transport aborted, no active cell
[2023-01-10 08:47:24.520] [nas] [error] PLMN selection failure, no cells in coverage
[2023-01-10 08:47:37.819] [nas] [error] PDU Session Establishment procedure failure, no response from the network after 5 attempts
[2023-01-10 08:47:37.819] [nas] [debug] Aborting SM procedure for PTI[1], PSI[2]
[2023-01-10 08:47:37.819] [nas] [error] PDU Session Release procedure failure, no response from the network after 5 attempts
[2023-01-10 08:47:37.819] [nas] [debug] Aborting SM procedure for PTI[2], PSI[1]
[2023-01-10 08:47:37.819] [nas] [debug] Performing local release of PDU session[1]
[2023-01-10 08:47:37.819] [nas] [debug] Mobility registration updating required due to [PS-STATUS-INFORM]
[2023-01-10 08:47:49.650] [rrc] [warning] Acceptable cell selection failed, no cell is in coverage
[2023-01-10 08:47:49.650] [rrc] [error] Cell selection failure, no suitable or acceptable cell found
[2023-01-10 08:47:55.350] [nas] [error] PLMN selection failure, no cells in coverage
[2023-01-10 08:48:18.127] [nas] [debug] De-registration required due to [NORMAL]
[2023-01-10 08:48:19.663] [rrc] [warning] Acceptable cell selection failed, no cell is in coverage
[2023-01-10 08:48:19.663] [rrc] [error] Cell selection failure, no suitable or acceptable cell found
[2023-01-10 08:48:26.178] [nas] [error] PLMN selection failure, no cells in coverage
[2023-01-10 08:48:49.675] [rrc] [warning] Acceptable cell selection failed, no cell is in coverage
[2023-01-10 08:48:49.675] [rrc] [error] Cell selection failure, no suitable or acceptable cell found
[2023-01-10 08:48:57.006] [nas] [error] PLMN selection failure, no cells in coverage
[2023-01-10 08:49:19.687] [rrc] [warning] Acceptable cell selection failed, no cell is in coverage
[2023-01-10 08:49:19.687] [rrc] [error] Cell selection failure, no suitable or acceptable cell found
[2023-01-10 08:49:27.834] [nas] [error] PLMN selection failure, no cells in coverage
[2023-01-10 08:49:49.699] [rrc] [warning] Acceptable cell selection failed, no cell is in coverage
[2023-01-10 08:49:49.699] [rrc] [error] Cell selection failure, no suitable or acceptable cell found
[2023-01-10 08:49:58.662] [nas] [error] PLMN selection failure, no cells in coverage
[2023-01-10 08:50:19.711] [rrc] [warning] Acceptable cell selection failed, no cell is in coverage
[2023-01-10 08:50:19.711] [rrc] [error] Cell selection failure, no suitable or acceptable cell found
[2023-01-10 08:50:29.492] [nas] [error] PLMN selection failure, no cells in coverage
[2023-01-10 08:50:49.723] [rrc] [warning] Acceptable cell selection failed, no cell is in coverage
[2023-01-10 08:50:49.723] [rrc] [error] Cell selection failure, no suitable or acceptable cell found
[2023-01-10 08:51:00.320] [nas] [error] PLMN selection failure, no cells in coverage
[2023-01-10 08:51:19.735] [rrc] [warning] Acceptable cell selection failed, no cell is in coverage
[2023-01-10 08:51:19.735] [rrc] [error] Cell selection failure, no suitable or acceptable cell found
[2023-01-10 08:51:31.148] [nas] [error] PLMN selection failure, no cells in coverage
[2023-01-10 08:51:49.747] [rrc] [warning] Acceptable cell selection failed, no cell is in coverage
[2023-01-10 08:51:49.747] [rrc] [error] Cell selection failure, no suitable or acceptable cell found
[2023-01-10 08:52:01.976] [nas] [error] PLMN selection failure, no cells in coverage
[2023-01-10 08:52:19.760] [rrc] [warning] Acceptable cell selection failed, no cell is in coverage
[2023-01-10 08:52:19.760] [rrc] [error] Cell selection failure, no suitable or acceptable cell found
[2023-01-10 08:52:32.804] [nas] [error] PLMN selection failure, no cells in coverage
[2023-01-10 08:52:49.773] [rrc] [warning] Acceptable cell selection failed, no cell is in coverage
[2023-01-10 08:52:49.773] [rrc] [error] Cell selection failure, no suitable or acceptable cell found
[2023-01-10 08:53:03.632] [nas] [error] PLMN selection failure, no cells in coverage
[2023-01-10 08:53:19.785] [rrc] [warning] Acceptable cell selection failed, no cell is in coverage
[2023-01-10 08:53:19.785] [rrc] [error] Cell selection failure, no suitable or acceptable cell found
[2023-01-10 08:53:34.460] [nas] [error] PLMN selection failure, no cells in coverage
[2023-01-10 08:53:49.797] [rrc] [warning] Acceptable cell selection failed, no cell is in coverage
[2023-01-10 08:53:49.797] [rrc] [error] Cell selection failure, no suitable or acceptable cell found
[2023-01-10 08:54:05.288] [nas] [error] PLMN selection failure, no cells in coverage
[2023-01-10 08:54:19.809] [rrc] [warning] Acceptable cell selection failed, no cell is in coverage
[2023-01-10 08:54:19.809] [rrc] [error] Cell selection failure, no suitable or acceptable cell found
[2023-01-10 08:54:36.116] [nas] [error] PLMN selection failure, no cells in coverage
[2023-01-10 08:54:49.821] [rrc] [warning] Acceptable cell selection failed, no cell is in coverage
[2023-01-10 08:54:49.821] [rrc] [error] Cell selection failure, no suitable or acceptable cell found
[2023-01-10 08:55:06.944] [nas] [error] PLMN selection failure, no cells in coverage
[2023-01-10 08:55:19.833] [rrc] [warning] Acceptable cell selection failed, no cell is in coverage
[2023-01-10 08:55:19.833] [rrc] [error] Cell selection failure, no suitable or acceptable cell found
[2023-01-10 08:55:37.774] [nas] [error] PLMN selection failure, no cells in coverage
[2023-01-10 08:55:49.845] [rrc] [warning] Acceptable cell selection failed, no cell is in coverage
[2023-01-10 08:55:49.845] [rrc] [error] Cell selection failure, no suitable or acceptable cell found
[2023-01-10 08:56:08.603] [nas] [error] PLMN selection failure, no cells in coverage
[2023-01-10 08:56:19.857] [rrc] [warning] Acceptable cell selection failed, no cell is in coverage
[2023-01-10 08:56:19.857] [rrc] [error] Cell selection failure, no suitable or acceptable cell found
[2023-01-10 08:56:39.431] [nas] [error] PLMN selection failure, no cells in coverage
[2023-01-10 08:56:49.869] [rrc] [warning] Acceptable cell selection failed, no cell is in coverage
[2023-01-10 08:56:49.869] [rrc] [error] Cell selection failure, no suitable or acceptable cell found
[2023-01-10 08:57:10.259] [nas] [error] PLMN selection failure, no cells in coverage
[2023-01-10 08:57:19.881] [rrc] [warning] Acceptable cell selection failed, no cell is in coverage
[2023-01-10 08:57:19.881] [rrc] [error] Cell selection failure, no suitable or acceptable cell found
[2023-01-10 08:57:41.087] [nas] [error] PLMN selection failure, no cells in coverage
[2023-01-10 08:57:49.893] [rrc] [warning] Acceptable cell selection failed, no cell is in coverage
[2023-01-10 08:57:49.893] [rrc] [error] Cell selection failure, no suitable or acceptable cell found
[2023-01-10 08:58:11.917] [nas] [error] PLMN selection failure, no cells in coverage
[2023-01-10 08:58:19.905] [rrc] [warning] Acceptable cell selection failed, no cell is in coverage
[2023-01-10 08:58:19.905] [rrc] [error] Cell selection failure, no suitable or acceptable cell found
[2023-01-10 08:58:42.745] [nas] [error] PLMN selection failure, no cells in coverage
[2023-01-10 08:58:49.918] [rrc] [warning] Acceptable cell selection failed, no cell is in coverage
[2023-01-10 08:58:49.918] [rrc] [error] Cell selection failure, no suitable or acceptable cell found
[2023-01-10 08:59:13.573] [nas] [error] PLMN selection failure, no cells in coverage
[2023-01-10 08:59:19.930] [rrc] [warning] Acceptable cell selection failed, no cell is in coverage
[2023-01-10 08:59:19.930] [rrc] [error] Cell selection failure, no suitable or acceptable cell found
[2023-01-10 08:59:44.402] [nas] [error] PLMN selection failure, no cells in coverage
[2023-01-10 08:59:49.942] [rrc] [warning] Acceptable cell selection failed, no cell is in coverage
[2023-01-10 08:59:49.942] [rrc] [error] Cell selection failure, no suitable or acceptable cell found
[2023-01-10 09:00:15.231] [nas] [error] PLMN selection failure, no cells in coverage
[2023-01-10 09:00:19.954] [rrc] [warning] Acceptable cell selection failed, no cell is in coverage
[2023-01-10 09:00:19.954] [rrc] [error] Cell selection failure, no suitable or acceptable cell found
[2023-01-10 09:00:46.059] [nas] [error] PLMN selection failure, no cells in coverage
[2023-01-10 09:00:49.966] [rrc] [warning] Acceptable cell selection failed, no cell is in coverage
[2023-01-10 09:00:49.966] [rrc] [error] Cell selection failure, no suitable or acceptable cell found
[2023-01-10 09:01:16.887] [nas] [error] PLMN selection failure, no cells in coverage
[2023-01-10 09:01:19.978] [rrc] [warning] Acceptable cell selection failed, no cell is in coverage
[2023-01-10 09:01:19.978] [rrc] [error] Cell selection failure, no suitable or acceptable cell found
[2023-01-10 09:01:47.715] [nas] [error] PLMN selection failure, no cells in coverage
[2023-01-10 09:01:49.990] [rrc] [warning] Acceptable cell selection failed, no cell is in coverage
[2023-01-10 09:01:49.990] [rrc] [error] Cell selection failure, no suitable or acceptable cell found
[2023-01-10 09:02:18.543] [nas] [error] PLMN selection failure, no cells in coverage
[2023-01-10 09:02:20.002] [rrc] [warning] Acceptable cell selection failed, no cell is in coverage
[2023-01-10 09:02:20.002] [rrc] [error] Cell selection failure, no suitable or acceptable cell found
[2023-01-10 09:02:49.371] [nas] [error] PLMN selection failure, no cells in coverage
[2023-01-10 09:02:50.014] [rrc] [warning] Acceptable cell selection failed, no cell is in coverage
[2023-01-10 09:02:50.014] [rrc] [error] Cell selection failure, no suitable or acceptable cell found
[2023-01-10 09:03:20.026] [rrc] [warning] Acceptable cell selection failed, no cell is in coverage
[2023-01-10 09:03:20.026] [rrc] [error] Cell selection failure, no suitable or acceptable cell found
[2023-01-10 09:03:20.199] [nas] [error] PLMN selection failure, no cells in coverage
[2023-01-10 09:03:50.039] [rrc] [warning] Acceptable cell selection failed, no cell is in coverage
[2023-01-10 09:03:50.039] [rrc] [error] Cell selection failure, no suitable or acceptable cell found
[2023-01-10 09:03:51.029] [nas] [error] PLMN selection failure, no cells in coverage
[2023-01-10 09:04:20.051] [rrc] [warning] Acceptable cell selection failed, no cell is in coverage
[2023-01-10 09:04:20.051] [rrc] [error] Cell selection failure, no suitable or acceptable cell found
[2023-01-10 09:04:21.857] [nas] [error] PLMN selection failure, no cells in coverage
[2023-01-10 09:04:50.063] [rrc] [warning] Acceptable cell selection failed, no cell is in coverage
[2023-01-10 09:04:50.063] [rrc] [error] Cell selection failure, no suitable or acceptable cell found
[2023-01-10 09:04:52.686] [nas] [error] PLMN selection failure, no cells in coverage
[2023-01-10 09:05:20.075] [rrc] [warning] Acceptable cell selection failed, no cell is in coverage
[2023-01-10 09:05:20.075] [rrc] [error] Cell selection failure, no suitable or acceptable cell found
[2023-01-10 09:05:23.514] [nas] [error] PLMN selection failure, no cells in coverage
[2023-01-10 09:05:50.087] [rrc] [warning] Acceptable cell selection failed, no cell is in coverage
[2023-01-10 09:05:50.087] [rrc] [error] Cell selection failure, no suitable or acceptable cell found
[2023-01-10 09:05:54.343] [nas] [error] PLMN selection failure, no cells in coverage
[2023-01-10 09:06:20.099] [rrc] [warning] Acceptable cell selection failed, no cell is in coverage
[2023-01-10 09:06:20.099] [rrc] [error] Cell selection failure, no suitable or acceptable cell found
[2023-01-10 09:06:25.171] [nas] [error] PLMN selection failure, no cells in coverage
[2023-01-10 09:06:50.112] [rrc] [warning] Acceptable cell selection failed, no cell is in coverage
[2023-01-10 09:06:50.112] [rrc] [error] Cell selection failure, no suitable or acceptable cell found
