UERANSIM v3.2.6
[2023-01-10 08:45:50.704] [nas] [info] UE switches to state [MM-DEREGISTERED/PLMN-SEARCH]
[2023-01-10 08:45:50.710] [rrc] [debug] New signal detected for cell[1], total [1] cells in coverage
[2023-01-10 08:45:50.712] [nas] [info] Selected plmn[208/93]
[2023-01-10 08:45:50.712] [rrc] [info] Selected cell plmn[208/93] tac[1] category[SUITABLE]
[2023-01-10 08:45:50.713] [nas] [info] UE switches to state [MM-DEREGISTERED/PS]
[2023-01-10 08:45:50.713] [nas] [info] UE switches to state [MM-DEREGISTERED/NORMAL-SERVICE]
[2023-01-10 08:45:50.713] [nas] [debug] Initial registration required due to [MM-DEREG-NORMAL-SERVICE]
[2023-01-10 08:45:50.713] [nas] [debug] UAC access attempt is allowed for identity[0], category[MO_sig]
[2023-01-10 08:45:50.713] [nas] [debug] Sending Initial Registration
[2023-01-10 08:45:50.713] [nas] [info] UE switches to state [MM-REGISTER-INITIATED]
[2023-01-10 08:45:50.714] [rrc] [debug] Sending RRC Setup Request
[2023-01-10 08:45:50.714] [rrc] [info] RRC connection established
[2023-01-10 08:45:50.714] [rrc] [info] UE switches to state [RRC-CONNECTED]
[2023-01-10 08:45:50.715] [nas] [info] UE switches to state [CM-CONNECTED]
[2023-01-10 08:45:50.732] [nas] [debug] Authentication Request received
[2023-01-10 08:45:50.733] [nas] [debug] Sending Authentication Failure due to SQN out of range
[2023-01-10 08:45:50.746] [nas] [debug] Authentication Request received
[2023-01-10 08:45:50.752] [nas] [debug] Security Mode Command received
[2023-01-10 08:45:50.752] [nas] [debug] Selected integrity[2] ciphering[0]
[2023-01-10 08:45:50.782] [nas] [debug] Registration accept received
[2023-01-10 08:45:50.782] [nas] [info] UE switches to state [MM-REGISTERED/NORMAL-SERVICE]
[2023-01-10 08:45:50.782] [nas] [debug] Sending Registration Complete
[2023-01-10 08:45:50.782] [nas] [info] Initial Registration is successful
[2023-01-10 08:45:50.782] [nas] [debug] Sending PDU Session Establishment Request
[2023-01-10 08:45:50.785] [nas] [debug] UAC access attempt is allowed for identity[0], category[MO_sig]
[2023-01-10 08:45:51.020] [nas] [debug] PDU Session Establishment Accept received
[2023-01-10 08:45:51.020] [nas] [info] PDU Session establishment is successful PSI[1]
[2023-01-10 08:45:51.050] [app] [info] Connection setup for PDU session[1] is successful, TUN interface[uesimtun88, 10.60.0.93] is up.
[2023-01-10 08:46:16.832] [nas] [debug] De-registration required due to [NORMAL]
[2023-01-10 08:46:16.842] [nas] [debug] Starting de-registration procedure due to [NORMAL]
[2023-01-10 08:46:16.842] [nas] [debug] Performing local release of PDU session[1]
[2023-01-10 08:46:16.842] [nas] [info] UE switches to state [MM-DEREGISTER-INITIATED]
[2023-01-10 08:46:17.552] [nas] [debug] De-registration required due to [NORMAL]
[2023-01-10 08:46:18.721] [rrc] [debug] Signal lost for cell[1], total [0] cells in coverage
[2023-01-10 08:46:18.721] [nas] [error] Radio link failure detected
[2023-01-10 08:46:18.721] [nas] [info] UE switches to state [CM-IDLE]
[2023-01-10 08:46:18.721] [nas] [info] UE switches to state [MM-DEREGISTERED/PS]
[2023-01-10 08:46:18.721] [nas] [info] UE switches to state [MM-DEREGISTERED/PLMN-SEARCH]
[2023-01-10 08:46:18.721] [nas] [error] PLMN selection failure, no cells in coverage
[2023-01-10 08:46:20.717] [rrc] [warning] Acceptable cell selection failed, no cell is in coverage
[2023-01-10 08:46:20.717] [rrc] [error] Cell selection failure, no suitable or acceptable cell found
[2023-01-10 08:46:21.532] [nas] [error] PLMN selection failure, no cells in coverage
[2023-01-10 08:46:23.734] [nas] [info] UE switches to state [MM-DEREGISTERED/NO-CELL-AVAILABLE]
[2023-01-10 08:46:50.729] [rrc] [warning] Acceptable cell selection failed, no cell is in coverage
[2023-01-10 08:46:50.729] [rrc] [error] Cell selection failure, no suitable or acceptable cell found
[2023-01-10 08:46:52.360] [nas] [error] PLMN selection failure, no cells in coverage
[2023-01-10 08:47:20.741] [rrc] [warning] Acceptable cell selection failed, no cell is in coverage
[2023-01-10 08:47:20.741] [rrc] [error] Cell selection failure, no suitable or acceptable cell found
[2023-01-10 08:47:23.188] [nas] [error] PLMN selection failure, no cells in coverage
[2023-01-10 08:47:50.753] [rrc] [warning] Acceptable cell selection failed, no cell is in coverage
[2023-01-10 08:47:50.753] [rrc] [error] Cell selection failure, no suitable or acceptable cell found
[2023-01-10 08:47:54.016] [nas] [error] PLMN selection failure, no cells in coverage
[2023-01-10 08:48:17.861] [nas] [debug] De-registration required due to [NORMAL]
[2023-01-10 08:48:20.765] [rrc] [warning] Acceptable cell selection failed, no cell is in coverage
[2023-01-10 08:48:20.765] [rrc] [error] Cell selection failure, no suitable or acceptable cell found
[2023-01-10 08:48:24.844] [nas] [error] PLMN selection failure, no cells in coverage
[2023-01-10 08:48:50.778] [rrc] [warning] Acceptable cell selection failed, no cell is in coverage
[2023-01-10 08:48:50.778] [rrc] [error] Cell selection failure, no suitable or acceptable cell found
[2023-01-10 08:48:55.673] [nas] [error] PLMN selection failure, no cells in coverage
[2023-01-10 08:49:20.790] [rrc] [warning] Acceptable cell selection failed, no cell is in coverage
[2023-01-10 08:49:20.790] [rrc] [error] Cell selection failure, no suitable or acceptable cell found
[2023-01-10 08:49:26.501] [nas] [error] PLMN selection failure, no cells in coverage
[2023-01-10 08:49:50.802] [rrc] [warning] Acceptable cell selection failed, no cell is in coverage
[2023-01-10 08:49:50.802] [rrc] [error] Cell selection failure, no suitable or acceptable cell found
[2023-01-10 08:49:57.329] [nas] [error] PLMN selection failure, no cells in coverage
[2023-01-10 08:50:20.814] [rrc] [warning] Acceptable cell selection failed, no cell is in coverage
[2023-01-10 08:50:20.814] [rrc] [error] Cell selection failure, no suitable or acceptable cell found
[2023-01-10 08:50:28.157] [nas] [error] PLMN selection failure, no cells in coverage
[2023-01-10 08:50:50.826] [rrc] [warning] Acceptable cell selection failed, no cell is in coverage
[2023-01-10 08:50:50.826] [rrc] [error] Cell selection failure, no suitable or acceptable cell found
[2023-01-10 08:50:58.985] [nas] [error] PLMN selection failure, no cells in coverage
[2023-01-10 08:51:20.838] [rrc] [warning] Acceptable cell selection failed, no cell is in coverage
[2023-01-10 08:51:20.838] [rrc] [error] Cell selection failure, no suitable or acceptable cell found
[2023-01-10 08:51:29.813] [nas] [error] PLMN selection failure, no cells in coverage
[2023-01-10 08:51:50.850] [rrc] [warning] Acceptable cell selection failed, no cell is in coverage
[2023-01-10 08:51:50.850] [rrc] [error] Cell selection failure, no suitable or acceptable cell found
[2023-01-10 08:52:00.643] [nas] [error] PLMN selection failure, no cells in coverage
[2023-01-10 08:52:20.862] [rrc] [warning] Acceptable cell selection failed, no cell is in coverage
[2023-01-10 08:52:20.862] [rrc] [error] Cell selection failure, no suitable or acceptable cell found
[2023-01-10 08:52:31.471] [nas] [error] PLMN selection failure, no cells in coverage
[2023-01-10 08:52:50.874] [rrc] [warning] Acceptable cell selection failed, no cell is in coverage
[2023-01-10 08:52:50.874] [rrc] [error] Cell selection failure, no suitable or acceptable cell found
[2023-01-10 08:53:02.300] [nas] [error] PLMN selection failure, no cells in coverage
[2023-01-10 08:53:20.886] [rrc] [warning] Acceptable cell selection failed, no cell is in coverage
[2023-01-10 08:53:20.886] [rrc] [error] Cell selection failure, no suitable or acceptable cell found
[2023-01-10 08:53:33.128] [nas] [error] PLMN selection failure, no cells in coverage
[2023-01-10 08:53:50.898] [rrc] [warning] Acceptable cell selection failed, no cell is in coverage
[2023-01-10 08:53:50.898] [rrc] [error] Cell selection failure, no suitable or acceptable cell found
[2023-01-10 08:54:03.957] [nas] [error] PLMN selection failure, no cells in coverage
[2023-01-10 08:54:20.910] [rrc] [warning] Acceptable cell selection failed, no cell is in coverage
[2023-01-10 08:54:20.910] [rrc] [error] Cell selection failure, no suitable or acceptable cell found
[2023-01-10 08:54:34.785] [nas] [error] PLMN selection failure, no cells in coverage
[2023-01-10 08:54:50.922] [rrc] [warning] Acceptable cell selection failed, no cell is in coverage
[2023-01-10 08:54:50.922] [rrc] [error] Cell selection failure, no suitable or acceptable cell found
[2023-01-10 08:55:05.613] [nas] [error] PLMN selection failure, no cells in coverage
[2023-01-10 08:55:20.934] [rrc] [warning] Acceptable cell selection failed, no cell is in coverage
[2023-01-10 08:55:20.934] [rrc] [error] Cell selection failure, no suitable or acceptable cell found
[2023-01-10 08:55:36.441] [nas] [error] PLMN selection failure, no cells in coverage
[2023-01-10 08:55:50.946] [rrc] [warning] Acceptable cell selection failed, no cell is in coverage
[2023-01-10 08:55:50.946] [rrc] [error] Cell selection failure, no suitable or acceptable cell found
[2023-01-10 08:56:07.269] [nas] [error] PLMN selection failure, no cells in coverage
[2023-01-10 08:56:20.958] [rrc] [warning] Acceptable cell selection failed, no cell is in coverage
[2023-01-10 08:56:20.958] [rrc] [error] Cell selection failure, no suitable or acceptable cell found
[2023-01-10 08:56:38.097] [nas] [error] PLMN selection failure, no cells in coverage
[2023-01-10 08:56:50.970] [rrc] [warning] Acceptable cell selection failed, no cell is in coverage
[2023-01-10 08:56:50.970] [rrc] [error] Cell selection failure, no suitable or acceptable cell found
[2023-01-10 08:57:08.925] [nas] [error] PLMN selection failure, no cells in coverage
[2023-01-10 08:57:20.982] [rrc] [warning] Acceptable cell selection failed, no cell is in coverage
[2023-01-10 08:57:20.982] [rrc] [error] Cell selection failure, no suitable or acceptable cell found
[2023-01-10 08:57:39.753] [nas] [error] PLMN selection failure, no cells in coverage
[2023-01-10 08:57:50.994] [rrc] [warning] Acceptable cell selection failed, no cell is in coverage
[2023-01-10 08:57:50.994] [rrc] [error] Cell selection failure, no suitable or acceptable cell found
[2023-01-10 08:58:10.582] [nas] [error] PLMN selection failure, no cells in coverage
[2023-01-10 08:58:21.006] [rrc] [warning] Acceptable cell selection failed, no cell is in coverage
[2023-01-10 08:58:21.006] [rrc] [error] Cell selection failure, no suitable or acceptable cell found
[2023-01-10 08:58:41.410] [nas] [error] PLMN selection failure, no cells in coverage
[2023-01-10 08:58:51.018] [rrc] [warning] Acceptable cell selection failed, no cell is in coverage
[2023-01-10 08:58:51.018] [rrc] [error] Cell selection failure, no suitable or acceptable cell found
[2023-01-10 08:59:12.238] [nas] [error] PLMN selection failure, no cells in coverage
[2023-01-10 08:59:21.030] [rrc] [warning] Acceptable cell selection failed, no cell is in coverage
[2023-01-10 08:59:21.030] [rrc] [error] Cell selection failure, no suitable or acceptable cell found
[2023-01-10 08:59:43.066] [nas] [error] PLMN selection failure, no cells in coverage
[2023-01-10 08:59:51.042] [rrc] [warning] Acceptable cell selection failed, no cell is in coverage
[2023-01-10 08:59:51.042] [rrc] [error] Cell selection failure, no suitable or acceptable cell found
[2023-01-10 09:00:13.894] [nas] [error] PLMN selection failure, no cells in coverage
[2023-01-10 09:00:21.054] [rrc] [warning] Acceptable cell selection failed, no cell is in coverage
[2023-01-10 09:00:21.054] [rrc] [error] Cell selection failure, no suitable or acceptable cell found
[2023-01-10 09:00:44.722] [nas] [error] PLMN selection failure, no cells in coverage
[2023-01-10 09:00:51.066] [rrc] [warning] Acceptable cell selection failed, no cell is in coverage
[2023-01-10 09:00:51.066] [rrc] [error] Cell selection failure, no suitable or acceptable cell found
[2023-01-10 09:01:15.550] [nas] [error] PLMN selection failure, no cells in coverage
[2023-01-10 09:01:21.078] [rrc] [warning] Acceptable cell selection failed, no cell is in coverage
[2023-01-10 09:01:21.078] [rrc] [error] Cell selection failure, no suitable or acceptable cell found
[2023-01-10 09:01:46.378] [nas] [error] PLMN selection failure, no cells in coverage
[2023-01-10 09:01:51.090] [rrc] [warning] Acceptable cell selection failed, no cell is in coverage
[2023-01-10 09:01:51.090] [rrc] [error] Cell selection failure, no suitable or acceptable cell found
[2023-01-10 09:02:17.206] [nas] [error] PLMN selection failure, no cells in coverage
[2023-01-10 09:02:21.102] [rrc] [warning] Acceptable cell selection failed, no cell is in coverage
[2023-01-10 09:02:21.102] [rrc] [error] Cell selection failure, no suitable or acceptable cell found
[2023-01-10 09:02:48.034] [nas] [error] PLMN selection failure, no cells in coverage
[2023-01-10 09:02:51.114] [rrc] [warning] Acceptable cell selection failed, no cell is in coverage
[2023-01-10 09:02:51.114] [rrc] [error] Cell selection failure, no suitable or acceptable cell found
[2023-01-10 09:03:18.862] [nas] [error] PLMN selection failure, no cells in coverage
[2023-01-10 09:03:21.126] [rrc] [warning] Acceptable cell selection failed, no cell is in coverage
[2023-01-10 09:03:21.126] [rrc] [error] Cell selection failure, no suitable or acceptable cell found
[2023-01-10 09:03:49.691] [nas] [error] PLMN selection failure, no cells in coverage
[2023-01-10 09:03:51.139] [rrc] [warning] Acceptable cell selection failed, no cell is in coverage
[2023-01-10 09:03:51.139] [rrc] [error] Cell selection failure, no suitable or acceptable cell found
[2023-01-10 09:04:20.519] [nas] [error] PLMN selection failure, no cells in coverage
[2023-01-10 09:04:21.151] [rrc] [warning] Acceptable cell selection failed, no cell is in coverage
[2023-01-10 09:04:21.151] [rrc] [error] Cell selection failure, no suitable or acceptable cell found
[2023-01-10 09:04:51.163] [rrc] [warning] Acceptable cell selection failed, no cell is in coverage
[2023-01-10 09:04:51.163] [rrc] [error] Cell selection failure, no suitable or acceptable cell found
[2023-01-10 09:04:51.348] [nas] [error] PLMN selection failure, no cells in coverage
[2023-01-10 09:05:21.175] [rrc] [warning] Acceptable cell selection failed, no cell is in coverage
[2023-01-10 09:05:21.175] [rrc] [error] Cell selection failure, no suitable or acceptable cell found
[2023-01-10 09:05:22.177] [nas] [error] PLMN selection failure, no cells in coverage
[2023-01-10 09:05:51.187] [rrc] [warning] Acceptable cell selection failed, no cell is in coverage
[2023-01-10 09:05:51.187] [rrc] [error] Cell selection failure, no suitable or acceptable cell found
[2023-01-10 09:05:53.005] [nas] [error] PLMN selection failure, no cells in coverage
[2023-01-10 09:06:21.199] [rrc] [warning] Acceptable cell selection failed, no cell is in coverage
[2023-01-10 09:06:21.199] [rrc] [error] Cell selection failure, no suitable or acceptable cell found
[2023-01-10 09:06:23.833] [nas] [error] PLMN selection failure, no cells in coverage
[2023-01-10 09:06:51.211] [rrc] [warning] Acceptable cell selection failed, no cell is in coverage
[2023-01-10 09:06:51.211] [rrc] [error] Cell selection failure, no suitable or acceptable cell found
[2023-01-10 09:06:54.661] [nas] [error] PLMN selection failure, no cells in coverage
