UERANSIM v3.2.6
[2023-01-10 08:42:58.528] [nas] [info] UE switches to state [MM-DEREGISTERED/PLMN-SEARCH]
[2023-01-10 08:42:58.528] [rrc] [debug] New signal detected for cell[1], total [1] cells in coverage
[2023-01-10 08:42:58.528] [nas] [info] Selected plmn[208/93]
[2023-01-10 08:42:58.528] [rrc] [info] Selected cell plmn[208/93] tac[1] category[SUITABLE]
[2023-01-10 08:42:58.528] [nas] [info] UE switches to state [MM-DEREGISTERED/PS]
[2023-01-10 08:42:58.528] [nas] [info] UE switches to state [MM-DEREGISTERED/NORMAL-SERVICE]
[2023-01-10 08:42:58.528] [nas] [debug] Initial registration required due to [MM-DEREG-NORMAL-SERVICE]
[2023-01-10 08:42:58.528] [nas] [debug] UAC access attempt is allowed for identity[0], category[MO_sig]
[2023-01-10 08:42:58.528] [nas] [debug] Sending Initial Registration
[2023-01-10 08:42:58.528] [nas] [info] UE switches to state [MM-REGISTER-INITIATED]
[2023-01-10 08:42:58.528] [rrc] [debug] Sending RRC Setup Request
[2023-01-10 08:42:58.529] [rrc] [info] RRC connection established
[2023-01-10 08:42:58.529] [rrc] [info] UE switches to state [RRC-CONNECTED]
[2023-01-10 08:42:58.529] [nas] [info] UE switches to state [CM-CONNECTED]
[2023-01-10 08:42:58.546] [nas] [debug] Authentication Request received
[2023-01-10 08:42:58.546] [nas] [debug] Sending Authentication Failure due to SQN out of range
[2023-01-10 08:42:58.559] [nas] [debug] Authentication Request received
[2023-01-10 08:42:58.564] [nas] [debug] Security Mode Command received
[2023-01-10 08:42:58.564] [nas] [debug] Selected integrity[2] ciphering[0]
[2023-01-10 08:42:58.591] [nas] [debug] Registration accept received
[2023-01-10 08:42:58.591] [nas] [info] UE switches to state [MM-REGISTERED/NORMAL-SERVICE]
[2023-01-10 08:42:58.591] [nas] [debug] Sending Registration Complete
[2023-01-10 08:42:58.591] [nas] [info] Initial Registration is successful
[2023-01-10 08:42:58.591] [nas] [debug] Sending PDU Session Establishment Request
[2023-01-10 08:42:58.591] [nas] [debug] UAC access attempt is allowed for identity[0], category[MO_sig]
[2023-01-10 08:42:58.825] [nas] [debug] PDU Session Establishment Accept received
[2023-01-10 08:42:58.825] [nas] [info] PDU Session establishment is successful PSI[1]
[2023-01-10 08:42:58.842] [app] [info] Connection setup for PDU session[1] is successful, TUN interface[uesimtun2, 10.60.0.7] is up.
[2023-01-10 08:46:15.991] [nas] [debug] Sending PDU Session Release Request for PSI[1]
[2023-01-10 08:46:16.118] [nas] [debug] PDU Session Release Command received
[2023-01-10 08:46:16.118] [nas] [debug] Performing local release of PDU session[1]
[2023-01-10 08:46:16.434] [nas] [debug] Sending PDU Session Establishment Request
[2023-01-10 08:46:16.557] [nas] [error] No response from RRC from UAC checks, considering access attempt is barred
[2023-01-10 08:46:18.732] [rrc] [debug] Signal lost for cell[1], total [0] cells in coverage
[2023-01-10 08:46:18.732] [nas] [error] Radio link failure detected
[2023-01-10 08:46:18.732] [nas] [info] UE switches to state [CM-IDLE]
[2023-01-10 08:46:18.732] [nas] [info] UE switches to state [MM-REGISTERED/PS]
[2023-01-10 08:46:18.732] [nas] [info] UE switches to state [MM-REGISTERED/PLMN-SEARCH]
[2023-01-10 08:46:18.732] [nas] [error] PLMN selection failure, no cells in coverage
[2023-01-10 08:46:21.112] [rrc] [warning] Acceptable cell selection failed, no cell is in coverage
[2023-01-10 08:46:21.112] [rrc] [error] Cell selection failure, no suitable or acceptable cell found
[2023-01-10 08:46:21.116] [nas] [error] PLMN selection failure, no cells in coverage
[2023-01-10 08:46:23.318] [nas] [error] PLMN selection failure, no cells in coverage
[2023-01-10 08:46:24.419] [nas] [info] UE switches to state [MM-REGISTERED/NO-CELL-AVAILABLE]
[2023-01-10 08:46:32.757] [nas] [warning] Retransmitting PDU Session Establishment Request due to T3580 expiry
[2023-01-10 08:46:32.758] [nas] [error] UAC access attempt is barred for identity[0], category[MO_sig]
[2023-01-10 08:46:48.774] [nas] [warning] Retransmitting PDU Session Establishment Request due to T3580 expiry
[2023-01-10 08:46:48.774] [nas] [error] UAC access attempt is barred for identity[0], category[MO_sig]
[2023-01-10 08:46:51.124] [rrc] [warning] Acceptable cell selection failed, no cell is in coverage
[2023-01-10 08:46:51.124] [rrc] [error] Cell selection failure, no suitable or acceptable cell found
[2023-01-10 08:46:54.148] [nas] [error] PLMN selection failure, no cells in coverage
[2023-01-10 08:47:04.793] [nas] [warning] Retransmitting PDU Session Establishment Request due to T3580 expiry
[2023-01-10 08:47:04.793] [nas] [error] UAC access attempt is barred for identity[0], category[MO_sig]
[2023-01-10 08:47:20.813] [nas] [warning] Retransmitting PDU Session Establishment Request due to T3580 expiry
[2023-01-10 08:47:20.813] [nas] [error] UAC access attempt is barred for identity[0], category[MO_sig]
[2023-01-10 08:47:21.136] [rrc] [warning] Acceptable cell selection failed, no cell is in coverage
[2023-01-10 08:47:21.136] [rrc] [error] Cell selection failure, no suitable or acceptable cell found
[2023-01-10 08:47:24.976] [nas] [error] PLMN selection failure, no cells in coverage
[2023-01-10 08:47:36.829] [nas] [error] PDU Session Establishment procedure failure, no response from the network after 5 attempts
[2023-01-10 08:47:36.829] [nas] [debug] Aborting SM procedure for PTI[1], PSI[1]
[2023-01-10 08:47:51.148] [rrc] [warning] Acceptable cell selection failed, no cell is in coverage
[2023-01-10 08:47:51.148] [rrc] [error] Cell selection failure, no suitable or acceptable cell found
[2023-01-10 08:47:55.804] [nas] [error] PLMN selection failure, no cells in coverage
[2023-01-10 08:48:16.843] [nas] [debug] De-registration required due to [NORMAL]
[2023-01-10 08:48:21.160] [rrc] [warning] Acceptable cell selection failed, no cell is in coverage
[2023-01-10 08:48:21.160] [rrc] [error] Cell selection failure, no suitable or acceptable cell found
[2023-01-10 08:48:26.632] [nas] [error] PLMN selection failure, no cells in coverage
[2023-01-10 08:48:51.172] [rrc] [warning] Acceptable cell selection failed, no cell is in coverage
[2023-01-10 08:48:51.172] [rrc] [error] Cell selection failure, no suitable or acceptable cell found
[2023-01-10 08:48:57.460] [nas] [error] PLMN selection failure, no cells in coverage
[2023-01-10 08:49:21.184] [rrc] [warning] Acceptable cell selection failed, no cell is in coverage
[2023-01-10 08:49:21.184] [rrc] [error] Cell selection failure, no suitable or acceptable cell found
[2023-01-10 08:49:28.288] [nas] [error] PLMN selection failure, no cells in coverage
[2023-01-10 08:49:51.196] [rrc] [warning] Acceptable cell selection failed, no cell is in coverage
[2023-01-10 08:49:51.196] [rrc] [error] Cell selection failure, no suitable or acceptable cell found
[2023-01-10 08:49:59.117] [nas] [error] PLMN selection failure, no cells in coverage
[2023-01-10 08:50:21.208] [rrc] [warning] Acceptable cell selection failed, no cell is in coverage
[2023-01-10 08:50:21.208] [rrc] [error] Cell selection failure, no suitable or acceptable cell found
[2023-01-10 08:50:29.945] [nas] [error] PLMN selection failure, no cells in coverage
[2023-01-10 08:50:51.220] [rrc] [warning] Acceptable cell selection failed, no cell is in coverage
[2023-01-10 08:50:51.220] [rrc] [error] Cell selection failure, no suitable or acceptable cell found
[2023-01-10 08:51:00.773] [nas] [error] PLMN selection failure, no cells in coverage
[2023-01-10 08:51:21.232] [rrc] [warning] Acceptable cell selection failed, no cell is in coverage
[2023-01-10 08:51:21.232] [rrc] [error] Cell selection failure, no suitable or acceptable cell found
[2023-01-10 08:51:31.601] [nas] [error] PLMN selection failure, no cells in coverage
[2023-01-10 08:51:51.244] [rrc] [warning] Acceptable cell selection failed, no cell is in coverage
[2023-01-10 08:51:51.244] [rrc] [error] Cell selection failure, no suitable or acceptable cell found
[2023-01-10 08:52:02.429] [nas] [error] PLMN selection failure, no cells in coverage
[2023-01-10 08:52:21.256] [rrc] [warning] Acceptable cell selection failed, no cell is in coverage
[2023-01-10 08:52:21.256] [rrc] [error] Cell selection failure, no suitable or acceptable cell found
[2023-01-10 08:52:33.257] [nas] [error] PLMN selection failure, no cells in coverage
[2023-01-10 08:52:51.268] [rrc] [warning] Acceptable cell selection failed, no cell is in coverage
[2023-01-10 08:52:51.268] [rrc] [error] Cell selection failure, no suitable or acceptable cell found
[2023-01-10 08:53:04.085] [nas] [error] PLMN selection failure, no cells in coverage
[2023-01-10 08:53:21.280] [rrc] [warning] Acceptable cell selection failed, no cell is in coverage
[2023-01-10 08:53:21.280] [rrc] [error] Cell selection failure, no suitable or acceptable cell found
[2023-01-10 08:53:34.913] [nas] [error] PLMN selection failure, no cells in coverage
[2023-01-10 08:53:51.292] [rrc] [warning] Acceptable cell selection failed, no cell is in coverage
[2023-01-10 08:53:51.292] [rrc] [error] Cell selection failure, no suitable or acceptable cell found
[2023-01-10 08:54:05.741] [nas] [error] PLMN selection failure, no cells in coverage
[2023-01-10 08:54:21.304] [rrc] [warning] Acceptable cell selection failed, no cell is in coverage
[2023-01-10 08:54:21.304] [rrc] [error] Cell selection failure, no suitable or acceptable cell found
[2023-01-10 08:54:36.569] [nas] [error] PLMN selection failure, no cells in coverage
[2023-01-10 08:54:51.316] [rrc] [warning] Acceptable cell selection failed, no cell is in coverage
[2023-01-10 08:54:51.316] [rrc] [error] Cell selection failure, no suitable or acceptable cell found
[2023-01-10 08:55:07.397] [nas] [error] PLMN selection failure, no cells in coverage
[2023-01-10 08:55:21.328] [rrc] [warning] Acceptable cell selection failed, no cell is in coverage
[2023-01-10 08:55:21.328] [rrc] [error] Cell selection failure, no suitable or acceptable cell found
[2023-01-10 08:55:38.225] [nas] [error] PLMN selection failure, no cells in coverage
[2023-01-10 08:55:51.340] [rrc] [warning] Acceptable cell selection failed, no cell is in coverage
[2023-01-10 08:55:51.340] [rrc] [error] Cell selection failure, no suitable or acceptable cell found
[2023-01-10 08:56:09.053] [nas] [error] PLMN selection failure, no cells in coverage
[2023-01-10 08:56:21.352] [rrc] [warning] Acceptable cell selection failed, no cell is in coverage
[2023-01-10 08:56:21.352] [rrc] [error] Cell selection failure, no suitable or acceptable cell found
[2023-01-10 08:56:39.881] [nas] [error] PLMN selection failure, no cells in coverage
[2023-01-10 08:56:51.364] [rrc] [warning] Acceptable cell selection failed, no cell is in coverage
[2023-01-10 08:56:51.364] [rrc] [error] Cell selection failure, no suitable or acceptable cell found
[2023-01-10 08:57:10.710] [nas] [error] PLMN selection failure, no cells in coverage
[2023-01-10 08:57:21.376] [rrc] [warning] Acceptable cell selection failed, no cell is in coverage
[2023-01-10 08:57:21.376] [rrc] [error] Cell selection failure, no suitable or acceptable cell found
[2023-01-10 08:57:41.538] [nas] [error] PLMN selection failure, no cells in coverage
[2023-01-10 08:57:51.388] [rrc] [warning] Acceptable cell selection failed, no cell is in coverage
[2023-01-10 08:57:51.388] [rrc] [error] Cell selection failure, no suitable or acceptable cell found
[2023-01-10 08:58:12.367] [nas] [error] PLMN selection failure, no cells in coverage
[2023-01-10 08:58:21.400] [rrc] [warning] Acceptable cell selection failed, no cell is in coverage
[2023-01-10 08:58:21.400] [rrc] [error] Cell selection failure, no suitable or acceptable cell found
[2023-01-10 08:58:43.195] [nas] [error] PLMN selection failure, no cells in coverage
[2023-01-10 08:58:51.412] [rrc] [warning] Acceptable cell selection failed, no cell is in coverage
[2023-01-10 08:58:51.412] [rrc] [error] Cell selection failure, no suitable or acceptable cell found
[2023-01-10 08:59:14.023] [nas] [error] PLMN selection failure, no cells in coverage
[2023-01-10 08:59:21.424] [rrc] [warning] Acceptable cell selection failed, no cell is in coverage
[2023-01-10 08:59:21.424] [rrc] [error] Cell selection failure, no suitable or acceptable cell found
[2023-01-10 08:59:44.851] [nas] [error] PLMN selection failure, no cells in coverage
[2023-01-10 08:59:51.436] [rrc] [warning] Acceptable cell selection failed, no cell is in coverage
[2023-01-10 08:59:51.436] [rrc] [error] Cell selection failure, no suitable or acceptable cell found
[2023-01-10 09:00:15.679] [nas] [error] PLMN selection failure, no cells in coverage
[2023-01-10 09:00:21.448] [rrc] [warning] Acceptable cell selection failed, no cell is in coverage
[2023-01-10 09:00:21.448] [rrc] [error] Cell selection failure, no suitable or acceptable cell found
[2023-01-10 09:00:46.507] [nas] [error] PLMN selection failure, no cells in coverage
[2023-01-10 09:00:51.460] [rrc] [warning] Acceptable cell selection failed, no cell is in coverage
[2023-01-10 09:00:51.460] [rrc] [error] Cell selection failure, no suitable or acceptable cell found
[2023-01-10 09:01:17.335] [nas] [error] PLMN selection failure, no cells in coverage
[2023-01-10 09:01:21.472] [rrc] [warning] Acceptable cell selection failed, no cell is in coverage
[2023-01-10 09:01:21.472] [rrc] [error] Cell selection failure, no suitable or acceptable cell found
[2023-01-10 09:01:48.163] [nas] [error] PLMN selection failure, no cells in coverage
[2023-01-10 09:01:51.484] [rrc] [warning] Acceptable cell selection failed, no cell is in coverage
[2023-01-10 09:01:51.484] [rrc] [error] Cell selection failure, no suitable or acceptable cell found
[2023-01-10 09:02:18.991] [nas] [error] PLMN selection failure, no cells in coverage
[2023-01-10 09:02:21.496] [rrc] [warning] Acceptable cell selection failed, no cell is in coverage
[2023-01-10 09:02:21.496] [rrc] [error] Cell selection failure, no suitable or acceptable cell found
[2023-01-10 09:02:49.819] [nas] [error] PLMN selection failure, no cells in coverage
[2023-01-10 09:02:51.508] [rrc] [warning] Acceptable cell selection failed, no cell is in coverage
[2023-01-10 09:02:51.508] [rrc] [error] Cell selection failure, no suitable or acceptable cell found
[2023-01-10 09:03:20.647] [nas] [error] PLMN selection failure, no cells in coverage
[2023-01-10 09:03:21.520] [rrc] [warning] Acceptable cell selection failed, no cell is in coverage
[2023-01-10 09:03:21.520] [rrc] [error] Cell selection failure, no suitable or acceptable cell found
[2023-01-10 09:03:51.476] [nas] [error] PLMN selection failure, no cells in coverage
[2023-01-10 09:03:51.533] [rrc] [warning] Acceptable cell selection failed, no cell is in coverage
[2023-01-10 09:03:51.533] [rrc] [error] Cell selection failure, no suitable or acceptable cell found
[2023-01-10 09:04:21.545] [rrc] [warning] Acceptable cell selection failed, no cell is in coverage
[2023-01-10 09:04:21.545] [rrc] [error] Cell selection failure, no suitable or acceptable cell found
[2023-01-10 09:04:22.304] [nas] [error] PLMN selection failure, no cells in coverage
[2023-01-10 09:04:51.557] [rrc] [warning] Acceptable cell selection failed, no cell is in coverage
[2023-01-10 09:04:51.557] [rrc] [error] Cell selection failure, no suitable or acceptable cell found
[2023-01-10 09:04:53.132] [nas] [error] PLMN selection failure, no cells in coverage
[2023-01-10 09:05:21.569] [rrc] [warning] Acceptable cell selection failed, no cell is in coverage
[2023-01-10 09:05:21.569] [rrc] [error] Cell selection failure, no suitable or acceptable cell found
[2023-01-10 09:05:23.961] [nas] [error] PLMN selection failure, no cells in coverage
[2023-01-10 09:05:51.581] [rrc] [warning] Acceptable cell selection failed, no cell is in coverage
[2023-01-10 09:05:51.581] [rrc] [error] Cell selection failure, no suitable or acceptable cell found
[2023-01-10 09:05:54.789] [nas] [error] PLMN selection failure, no cells in coverage
[2023-01-10 09:06:21.593] [rrc] [warning] Acceptable cell selection failed, no cell is in coverage
[2023-01-10 09:06:21.593] [rrc] [error] Cell selection failure, no suitable or acceptable cell found
[2023-01-10 09:06:25.617] [nas] [error] PLMN selection failure, no cells in coverage
[2023-01-10 09:06:51.605] [rrc] [warning] Acceptable cell selection failed, no cell is in coverage
[2023-01-10 09:06:51.605] [rrc] [error] Cell selection failure, no suitable or acceptable cell found
