UERANSIM v3.2.6
[2023-01-10 08:42:54.521] [nas] [info] UE switches to state [MM-DEREGISTERED/PLMN-SEARCH]
[2023-01-10 08:42:54.522] [rrc] [debug] New signal detected for cell[1], total [1] cells in coverage
[2023-01-10 08:42:54.527] [nas] [info] Selected plmn[208/93]
[2023-01-10 08:42:54.527] [rrc] [info] Selected cell plmn[208/93] tac[1] category[SUITABLE]
[2023-01-10 08:42:54.527] [nas] [info] UE switches to state [MM-DEREGISTERED/PS]
[2023-01-10 08:42:54.527] [nas] [info] UE switches to state [MM-DEREGISTERED/NORMAL-SERVICE]
[2023-01-10 08:42:54.527] [nas] [debug] Initial registration required due to [MM-DEREG-NORMAL-SERVICE]
[2023-01-10 08:42:54.530] [nas] [debug] UAC access attempt is allowed for identity[0], category[MO_sig]
[2023-01-10 08:42:54.530] [nas] [debug] Sending Initial Registration
[2023-01-10 08:42:54.530] [nas] [info] UE switches to state [MM-REGISTER-INITIATED]
[2023-01-10 08:42:54.530] [rrc] [debug] Sending RRC Setup Request
[2023-01-10 08:42:54.531] [rrc] [info] RRC connection established
[2023-01-10 08:42:54.531] [rrc] [info] UE switches to state [RRC-CONNECTED]
[2023-01-10 08:42:54.531] [nas] [info] UE switches to state [CM-CONNECTED]
[2023-01-10 08:42:54.560] [nas] [debug] Authentication Request received
[2023-01-10 08:42:54.560] [nas] [debug] Sending Authentication Failure due to SQN out of range
[2023-01-10 08:42:54.574] [nas] [debug] Authentication Request received
[2023-01-10 08:42:54.580] [nas] [debug] Security Mode Command received
[2023-01-10 08:42:54.580] [nas] [debug] Selected integrity[2] ciphering[0]
[2023-01-10 08:42:54.610] [nas] [debug] Registration accept received
[2023-01-10 08:42:54.610] [nas] [info] UE switches to state [MM-REGISTERED/NORMAL-SERVICE]
[2023-01-10 08:42:54.610] [nas] [debug] Sending Registration Complete
[2023-01-10 08:42:54.610] [nas] [info] Initial Registration is successful
[2023-01-10 08:42:54.610] [nas] [debug] Sending PDU Session Establishment Request
[2023-01-10 08:42:54.611] [nas] [debug] UAC access attempt is allowed for identity[0], category[MO_sig]
[2023-01-10 08:42:54.855] [nas] [debug] PDU Session Establishment Accept received
[2023-01-10 08:42:54.855] [nas] [info] PDU Session establishment is successful PSI[1]
[2023-01-10 08:42:54.873] [app] [info] Connection setup for PDU session[1] is successful, TUN interface[uesimtun0, 10.60.0.5] is up.
[2023-01-10 08:46:18.331] [nas] [debug] Sending PDU Session Establishment Request
[2023-01-10 08:46:18.454] [nas] [error] No response from RRC from UAC checks, considering access attempt is barred
[2023-01-10 08:46:18.640] [nas] [warning] PDU session release procedure could not start: PS[2] is not active already
[2023-01-10 08:46:18.911] [rrc] [debug] Signal lost for cell[1], total [0] cells in coverage
[2023-01-10 08:46:18.911] [nas] [error] Radio link failure detected
[2023-01-10 08:46:18.911] [nas] [info] UE switches to state [CM-IDLE]
[2023-01-10 08:46:18.911] [nas] [info] UE switches to state [MM-REGISTERED/PS]
[2023-01-10 08:46:18.911] [nas] [info] UE switches to state [MM-REGISTERED/PLMN-SEARCH]
[2023-01-10 08:46:18.911] [nas] [error] PLMN selection failure, no cells in coverage
[2023-01-10 08:46:19.603] [rrc] [warning] Acceptable cell selection failed, no cell is in coverage
[2023-01-10 08:46:19.603] [rrc] [error] Cell selection failure, no suitable or acceptable cell found
[2023-01-10 08:46:21.517] [nas] [error] PLMN selection failure, no cells in coverage
[2023-01-10 08:46:23.719] [nas] [error] PLMN selection failure, no cells in coverage
[2023-01-10 08:46:24.820] [nas] [info] UE switches to state [MM-REGISTERED/NO-CELL-AVAILABLE]
[2023-01-10 08:46:34.743] [nas] [warning] Retransmitting PDU Session Establishment Request due to T3580 expiry
[2023-01-10 08:46:34.743] [nas] [error] UAC access attempt is barred for identity[0], category[MO_sig]
[2023-01-10 08:46:49.615] [rrc] [warning] Acceptable cell selection failed, no cell is in coverage
[2023-01-10 08:46:49.615] [rrc] [error] Cell selection failure, no suitable or acceptable cell found
[2023-01-10 08:46:50.801] [nas] [warning] Retransmitting PDU Session Establishment Request due to T3580 expiry
[2023-01-10 08:46:50.804] [nas] [error] UAC access attempt is barred for identity[0], category[MO_sig]
[2023-01-10 08:46:54.547] [nas] [error] PLMN selection failure, no cells in coverage
[2023-01-10 08:47:06.859] [nas] [warning] Retransmitting PDU Session Establishment Request due to T3580 expiry
[2023-01-10 08:47:06.861] [nas] [error] UAC access attempt is barred for identity[0], category[MO_sig]
[2023-01-10 08:47:19.627] [rrc] [warning] Acceptable cell selection failed, no cell is in coverage
[2023-01-10 08:47:19.627] [rrc] [error] Cell selection failure, no suitable or acceptable cell found
[2023-01-10 08:47:22.914] [nas] [warning] Retransmitting PDU Session Establishment Request due to T3580 expiry
[2023-01-10 08:47:22.914] [nas] [error] UAC access attempt is barred for identity[0], category[MO_sig]
[2023-01-10 08:47:25.391] [nas] [error] PLMN selection failure, no cells in coverage
[2023-01-10 08:47:38.983] [nas] [error] PDU Session Establishment procedure failure, no response from the network after 5 attempts
[2023-01-10 08:47:38.983] [nas] [debug] Aborting SM procedure for PTI[1], PSI[2]
[2023-01-10 08:47:49.639] [rrc] [warning] Acceptable cell selection failed, no cell is in coverage
[2023-01-10 08:47:49.639] [rrc] [error] Cell selection failure, no suitable or acceptable cell found
[2023-01-10 08:47:56.219] [nas] [error] PLMN selection failure, no cells in coverage
[2023-01-10 08:48:19.129] [nas] [debug] De-registration required due to [NORMAL]
[2023-01-10 08:48:19.651] [rrc] [warning] Acceptable cell selection failed, no cell is in coverage
[2023-01-10 08:48:19.651] [rrc] [error] Cell selection failure, no suitable or acceptable cell found
[2023-01-10 08:48:27.047] [nas] [error] PLMN selection failure, no cells in coverage
[2023-01-10 08:48:49.663] [rrc] [warning] Acceptable cell selection failed, no cell is in coverage
[2023-01-10 08:48:49.663] [rrc] [error] Cell selection failure, no suitable or acceptable cell found
[2023-01-10 08:48:57.875] [nas] [error] PLMN selection failure, no cells in coverage
[2023-01-10 08:49:19.675] [rrc] [warning] Acceptable cell selection failed, no cell is in coverage
[2023-01-10 08:49:19.675] [rrc] [error] Cell selection failure, no suitable or acceptable cell found
[2023-01-10 08:49:28.703] [nas] [error] PLMN selection failure, no cells in coverage
[2023-01-10 08:49:49.687] [rrc] [warning] Acceptable cell selection failed, no cell is in coverage
[2023-01-10 08:49:49.687] [rrc] [error] Cell selection failure, no suitable or acceptable cell found
[2023-01-10 08:49:59.531] [nas] [error] PLMN selection failure, no cells in coverage
[2023-01-10 08:50:19.699] [rrc] [warning] Acceptable cell selection failed, no cell is in coverage
[2023-01-10 08:50:19.699] [rrc] [error] Cell selection failure, no suitable or acceptable cell found
[2023-01-10 08:50:30.359] [nas] [error] PLMN selection failure, no cells in coverage
[2023-01-10 08:50:49.711] [rrc] [warning] Acceptable cell selection failed, no cell is in coverage
[2023-01-10 08:50:49.711] [rrc] [error] Cell selection failure, no suitable or acceptable cell found
[2023-01-10 08:51:01.187] [nas] [error] PLMN selection failure, no cells in coverage
[2023-01-10 08:51:19.723] [rrc] [warning] Acceptable cell selection failed, no cell is in coverage
[2023-01-10 08:51:19.723] [rrc] [error] Cell selection failure, no suitable or acceptable cell found
[2023-01-10 08:51:32.015] [nas] [error] PLMN selection failure, no cells in coverage
[2023-01-10 08:51:49.735] [rrc] [warning] Acceptable cell selection failed, no cell is in coverage
[2023-01-10 08:51:49.735] [rrc] [error] Cell selection failure, no suitable or acceptable cell found
[2023-01-10 08:52:02.843] [nas] [error] PLMN selection failure, no cells in coverage
[2023-01-10 08:52:19.747] [rrc] [warning] Acceptable cell selection failed, no cell is in coverage
[2023-01-10 08:52:19.747] [rrc] [error] Cell selection failure, no suitable or acceptable cell found
[2023-01-10 08:52:33.671] [nas] [error] PLMN selection failure, no cells in coverage
[2023-01-10 08:52:49.760] [rrc] [warning] Acceptable cell selection failed, no cell is in coverage
[2023-01-10 08:52:49.760] [rrc] [error] Cell selection failure, no suitable or acceptable cell found
[2023-01-10 08:53:04.500] [nas] [error] PLMN selection failure, no cells in coverage
[2023-01-10 08:53:19.773] [rrc] [warning] Acceptable cell selection failed, no cell is in coverage
[2023-01-10 08:53:19.773] [rrc] [error] Cell selection failure, no suitable or acceptable cell found
[2023-01-10 08:53:35.328] [nas] [error] PLMN selection failure, no cells in coverage
[2023-01-10 08:53:49.785] [rrc] [warning] Acceptable cell selection failed, no cell is in coverage
[2023-01-10 08:53:49.785] [rrc] [error] Cell selection failure, no suitable or acceptable cell found
[2023-01-10 08:54:06.156] [nas] [error] PLMN selection failure, no cells in coverage
[2023-01-10 08:54:19.797] [rrc] [warning] Acceptable cell selection failed, no cell is in coverage
[2023-01-10 08:54:19.797] [rrc] [error] Cell selection failure, no suitable or acceptable cell found
[2023-01-10 08:54:36.984] [nas] [error] PLMN selection failure, no cells in coverage
[2023-01-10 08:54:49.809] [rrc] [warning] Acceptable cell selection failed, no cell is in coverage
[2023-01-10 08:54:49.809] [rrc] [error] Cell selection failure, no suitable or acceptable cell found
[2023-01-10 08:55:07.812] [nas] [error] PLMN selection failure, no cells in coverage
[2023-01-10 08:55:19.821] [rrc] [warning] Acceptable cell selection failed, no cell is in coverage
[2023-01-10 08:55:19.821] [rrc] [error] Cell selection failure, no suitable or acceptable cell found
[2023-01-10 08:55:38.640] [nas] [error] PLMN selection failure, no cells in coverage
[2023-01-10 08:55:49.833] [rrc] [warning] Acceptable cell selection failed, no cell is in coverage
[2023-01-10 08:55:49.833] [rrc] [error] Cell selection failure, no suitable or acceptable cell found
[2023-01-10 08:56:09.468] [nas] [error] PLMN selection failure, no cells in coverage
[2023-01-10 08:56:19.845] [rrc] [warning] Acceptable cell selection failed, no cell is in coverage
[2023-01-10 08:56:19.845] [rrc] [error] Cell selection failure, no suitable or acceptable cell found
[2023-01-10 08:56:40.296] [nas] [error] PLMN selection failure, no cells in coverage
[2023-01-10 08:56:49.857] [rrc] [warning] Acceptable cell selection failed, no cell is in coverage
[2023-01-10 08:56:49.857] [rrc] [error] Cell selection failure, no suitable or acceptable cell found
[2023-01-10 08:57:11.124] [nas] [error] PLMN selection failure, no cells in coverage
[2023-01-10 08:57:19.869] [rrc] [warning] Acceptable cell selection failed, no cell is in coverage
[2023-01-10 08:57:19.869] [rrc] [error] Cell selection failure, no suitable or acceptable cell found
[2023-01-10 08:57:41.952] [nas] [error] PLMN selection failure, no cells in coverage
[2023-01-10 08:57:49.881] [rrc] [warning] Acceptable cell selection failed, no cell is in coverage
[2023-01-10 08:57:49.881] [rrc] [error] Cell selection failure, no suitable or acceptable cell found
[2023-01-10 08:58:12.781] [nas] [error] PLMN selection failure, no cells in coverage
[2023-01-10 08:58:19.893] [rrc] [warning] Acceptable cell selection failed, no cell is in coverage
[2023-01-10 08:58:19.893] [rrc] [error] Cell selection failure, no suitable or acceptable cell found
[2023-01-10 08:58:43.609] [nas] [error] PLMN selection failure, no cells in coverage
[2023-01-10 08:58:49.905] [rrc] [warning] Acceptable cell selection failed, no cell is in coverage
[2023-01-10 08:58:49.905] [rrc] [error] Cell selection failure, no suitable or acceptable cell found
[2023-01-10 08:59:14.438] [nas] [error] PLMN selection failure, no cells in coverage
[2023-01-10 08:59:19.920] [rrc] [warning] Acceptable cell selection failed, no cell is in coverage
[2023-01-10 08:59:19.920] [rrc] [error] Cell selection failure, no suitable or acceptable cell found
[2023-01-10 08:59:45.266] [nas] [error] PLMN selection failure, no cells in coverage
[2023-01-10 08:59:49.932] [rrc] [warning] Acceptable cell selection failed, no cell is in coverage
[2023-01-10 08:59:49.932] [rrc] [error] Cell selection failure, no suitable or acceptable cell found
[2023-01-10 09:00:16.094] [nas] [error] PLMN selection failure, no cells in coverage
[2023-01-10 09:00:19.944] [rrc] [warning] Acceptable cell selection failed, no cell is in coverage
[2023-01-10 09:00:19.944] [rrc] [error] Cell selection failure, no suitable or acceptable cell found
[2023-01-10 09:00:46.922] [nas] [error] PLMN selection failure, no cells in coverage
[2023-01-10 09:00:49.956] [rrc] [warning] Acceptable cell selection failed, no cell is in coverage
[2023-01-10 09:00:49.956] [rrc] [error] Cell selection failure, no suitable or acceptable cell found
[2023-01-10 09:01:17.750] [nas] [error] PLMN selection failure, no cells in coverage
[2023-01-10 09:01:19.969] [rrc] [warning] Acceptable cell selection failed, no cell is in coverage
[2023-01-10 09:01:19.969] [rrc] [error] Cell selection failure, no suitable or acceptable cell found
[2023-01-10 09:01:48.579] [nas] [error] PLMN selection failure, no cells in coverage
[2023-01-10 09:01:49.981] [rrc] [warning] Acceptable cell selection failed, no cell is in coverage
[2023-01-10 09:01:49.981] [rrc] [error] Cell selection failure, no suitable or acceptable cell found
[2023-01-10 09:02:19.407] [nas] [error] PLMN selection failure, no cells in coverage
[2023-01-10 09:02:19.993] [rrc] [warning] Acceptable cell selection failed, no cell is in coverage
[2023-01-10 09:02:19.993] [rrc] [error] Cell selection failure, no suitable or acceptable cell found
[2023-01-10 09:02:50.005] [rrc] [warning] Acceptable cell selection failed, no cell is in coverage
[2023-01-10 09:02:50.005] [rrc] [error] Cell selection failure, no suitable or acceptable cell found
[2023-01-10 09:02:50.235] [nas] [error] PLMN selection failure, no cells in coverage
[2023-01-10 09:03:20.017] [rrc] [warning] Acceptable cell selection failed, no cell is in coverage
[2023-01-10 09:03:20.017] [rrc] [error] Cell selection failure, no suitable or acceptable cell found
[2023-01-10 09:03:21.063] [nas] [error] PLMN selection failure, no cells in coverage
[2023-01-10 09:03:50.029] [rrc] [warning] Acceptable cell selection failed, no cell is in coverage
[2023-01-10 09:03:50.029] [rrc] [error] Cell selection failure, no suitable or acceptable cell found
[2023-01-10 09:03:51.891] [nas] [error] PLMN selection failure, no cells in coverage
[2023-01-10 09:04:20.041] [rrc] [warning] Acceptable cell selection failed, no cell is in coverage
[2023-01-10 09:04:20.041] [rrc] [error] Cell selection failure, no suitable or acceptable cell found
[2023-01-10 09:04:22.719] [nas] [error] PLMN selection failure, no cells in coverage
[2023-01-10 09:04:50.053] [rrc] [warning] Acceptable cell selection failed, no cell is in coverage
[2023-01-10 09:04:50.053] [rrc] [error] Cell selection failure, no suitable or acceptable cell found
[2023-01-10 09:04:53.547] [nas] [error] PLMN selection failure, no cells in coverage
[2023-01-10 09:05:20.065] [rrc] [warning] Acceptable cell selection failed, no cell is in coverage
[2023-01-10 09:05:20.065] [rrc] [error] Cell selection failure, no suitable or acceptable cell found
[2023-01-10 09:05:24.375] [nas] [error] PLMN selection failure, no cells in coverage
[2023-01-10 09:05:50.077] [rrc] [warning] Acceptable cell selection failed, no cell is in coverage
[2023-01-10 09:05:50.077] [rrc] [error] Cell selection failure, no suitable or acceptable cell found
[2023-01-10 09:05:55.203] [nas] [error] PLMN selection failure, no cells in coverage
[2023-01-10 09:06:20.089] [rrc] [warning] Acceptable cell selection failed, no cell is in coverage
[2023-01-10 09:06:20.089] [rrc] [error] Cell selection failure, no suitable or acceptable cell found
[2023-01-10 09:06:26.031] [nas] [error] PLMN selection failure, no cells in coverage
[2023-01-10 09:06:50.101] [rrc] [warning] Acceptable cell selection failed, no cell is in coverage
[2023-01-10 09:06:50.101] [rrc] [error] Cell selection failure, no suitable or acceptable cell found
