UERANSIM v3.2.6
[2023-01-10 08:43:46.576] [nas] [info] UE switches to state [MM-DEREGISTERED/PLMN-SEARCH]
[2023-01-10 08:43:46.577] [rrc] [debug] New signal detected for cell[1], total [1] cells in coverage
[2023-01-10 08:43:46.578] [nas] [info] Selected plmn[208/93]
[2023-01-10 08:43:46.578] [rrc] [info] Selected cell plmn[208/93] tac[1] category[SUITABLE]
[2023-01-10 08:43:46.578] [nas] [info] UE switches to state [MM-DEREGISTERED/PS]
[2023-01-10 08:43:46.578] [nas] [info] UE switches to state [MM-DEREGISTERED/NORMAL-SERVICE]
[2023-01-10 08:43:46.578] [nas] [debug] Initial registration required due to [MM-DEREG-NORMAL-SERVICE]
[2023-01-10 08:43:46.582] [nas] [debug] UAC access attempt is allowed for identity[0], category[MO_sig]
[2023-01-10 08:43:46.582] [nas] [debug] Sending Initial Registration
[2023-01-10 08:43:46.582] [nas] [info] UE switches to state [MM-REGISTER-INITIATED]
[2023-01-10 08:43:46.583] [rrc] [debug] Sending RRC Setup Request
[2023-01-10 08:43:46.583] [rrc] [info] RRC connection established
[2023-01-10 08:43:46.583] [rrc] [info] UE switches to state [RRC-CONNECTED]
[2023-01-10 08:43:46.583] [nas] [info] UE switches to state [CM-CONNECTED]
[2023-01-10 08:43:46.603] [nas] [debug] Authentication Request received
[2023-01-10 08:43:46.603] [nas] [debug] Sending Authentication Failure due to SQN out of range
[2023-01-10 08:43:46.615] [nas] [debug] Authentication Request received
[2023-01-10 08:43:46.621] [nas] [debug] Security Mode Command received
[2023-01-10 08:43:46.621] [nas] [debug] Selected integrity[2] ciphering[0]
[2023-01-10 08:43:46.647] [nas] [debug] Registration accept received
[2023-01-10 08:43:46.647] [nas] [info] UE switches to state [MM-REGISTERED/NORMAL-SERVICE]
[2023-01-10 08:43:46.647] [nas] [debug] Sending Registration Complete
[2023-01-10 08:43:46.647] [nas] [info] Initial Registration is successful
[2023-01-10 08:43:46.647] [nas] [debug] Sending PDU Session Establishment Request
[2023-01-10 08:43:46.647] [nas] [debug] UAC access attempt is allowed for identity[0], category[MO_sig]
[2023-01-10 08:43:46.888] [nas] [debug] PDU Session Establishment Accept received
[2023-01-10 08:43:46.888] [nas] [info] PDU Session establishment is successful PSI[1]
[2023-01-10 08:43:46.903] [app] [info] Connection setup for PDU session[1] is successful, TUN interface[uesimtun26, 10.60.0.31] is up.
[2023-01-10 08:46:16.193] [nas] [debug] Sending PDU Session Release Request for PSI[1]
[2023-01-10 08:46:16.417] [nas] [debug] De-registration required due to [NORMAL]
[2023-01-10 08:46:16.426] [nas] [debug] Starting de-registration procedure due to [NORMAL]
[2023-01-10 08:46:16.426] [nas] [debug] Performing local release of PDU session[1]
[2023-01-10 08:46:16.426] [nas] [info] UE switches to state [MM-DEREGISTER-INITIATED]
[2023-01-10 08:46:16.530] [nas] [debug] PDU Session Release Command received
[2023-01-10 08:46:16.530] [nas] [error] PS[1] is already in inactive state, ignoring release command
[2023-01-10 08:46:16.530] [nas] [warning] Sending SM Cause[INVALID_PDU_SESSION_IDENTITY] for PSI[1]
[2023-01-10 08:46:16.642] [rrc] [debug] RRC Release received
[2023-01-10 08:46:16.642] [nas] [debug] De-registration accept received
[2023-01-10 08:46:16.642] [nas] [info] UE switches to state [MM-DEREGISTERED/PS]
[2023-01-10 08:46:16.642] [nas] [info] De-registration is successful
[2023-01-10 08:46:16.642] [nas] [info] UE switches to state [CM-IDLE]
[2023-01-10 08:46:16.644] [nas] [info] UE switches to state [MM-DEREGISTERED/NORMAL-SERVICE]
[2023-01-10 08:46:16.644] [nas] [debug] Initial registration required due to [MM-DEREG-NORMAL-SERVICE]
[2023-01-10 08:46:16.647] [nas] [debug] UAC access attempt is allowed for identity[0], category[MO_sig]
[2023-01-10 08:46:16.647] [nas] [debug] Sending Initial Registration
[2023-01-10 08:46:16.647] [rrc] [debug] Sending RRC Setup Request
[2023-01-10 08:46:16.647] [nas] [debug] Deleting NAS security context
[2023-01-10 08:46:16.647] [nas] [info] UE switches to state [MM-REGISTER-INITIATED]
[2023-01-10 08:46:16.656] [rrc] [info] RRC connection established
[2023-01-10 08:46:16.656] [rrc] [info] UE switches to state [RRC-CONNECTED]
[2023-01-10 08:46:16.656] [nas] [info] UE switches to state [CM-CONNECTED]
[2023-01-10 08:46:18.466] [rrc] [debug] Signal lost for cell[1], total [0] cells in coverage
[2023-01-10 08:46:18.466] [nas] [error] Radio link failure detected
[2023-01-10 08:46:18.466] [nas] [info] UE switches to state [CM-IDLE]
[2023-01-10 08:46:18.466] [nas] [info] UE switches to state [MM-DEREGISTERED/PS]
[2023-01-10 08:46:18.466] [nas] [info] UE switches to state [5U2-NOT-UPDATED]
[2023-01-10 08:46:18.466] [nas] [info] UE switches to state [MM-DEREGISTERED/ATTEMPTING-REGISTRATION]
[2023-01-10 08:46:18.467] [nas] [info] UE switches to state [MM-DEREGISTERED/PS]
[2023-01-10 08:46:18.467] [nas] [info] UE switches to state [MM-DEREGISTERED/PLMN-SEARCH]
[2023-01-10 08:46:18.467] [nas] [error] PLMN selection failure, no cells in coverage
[2023-01-10 08:46:19.137] [rrc] [warning] Acceptable cell selection failed, no cell is in coverage
[2023-01-10 08:46:19.137] [rrc] [error] Cell selection failure, no suitable or acceptable cell found
[2023-01-10 08:46:20.718] [nas] [error] PLMN selection failure, no cells in coverage
[2023-01-10 08:46:22.920] [nas] [error] PLMN selection failure, no cells in coverage
[2023-01-10 08:46:24.021] [nas] [info] UE switches to state [MM-DEREGISTERED/NO-CELL-AVAILABLE]
[2023-01-10 08:46:32.765] [nas] [warning] Retransmitting PDU Session Release Request due to T3582 expiry
[2023-01-10 08:46:32.765] [nas] [debug] NAS Transport aborted, no active cell
[2023-01-10 08:46:48.781] [nas] [warning] Retransmitting PDU Session Release Request due to T3582 expiry
[2023-01-10 08:46:48.781] [nas] [debug] NAS Transport aborted, no active cell
[2023-01-10 08:46:49.149] [rrc] [warning] Acceptable cell selection failed, no cell is in coverage
[2023-01-10 08:46:49.149] [rrc] [error] Cell selection failure, no suitable or acceptable cell found
[2023-01-10 08:46:53.748] [nas] [error] PLMN selection failure, no cells in coverage
[2023-01-10 08:47:04.799] [nas] [warning] Retransmitting PDU Session Release Request due to T3582 expiry
[2023-01-10 08:47:04.799] [nas] [debug] NAS Transport aborted, no active cell
[2023-01-10 08:47:19.161] [rrc] [warning] Acceptable cell selection failed, no cell is in coverage
[2023-01-10 08:47:19.161] [rrc] [error] Cell selection failure, no suitable or acceptable cell found
[2023-01-10 08:47:20.817] [nas] [warning] Retransmitting PDU Session Release Request due to T3582 expiry
[2023-01-10 08:47:20.817] [nas] [debug] NAS Transport aborted, no active cell
[2023-01-10 08:47:24.577] [nas] [error] PLMN selection failure, no cells in coverage
[2023-01-10 08:47:36.836] [nas] [error] PDU Session Release procedure failure, no response from the network after 5 attempts
[2023-01-10 08:47:36.836] [nas] [debug] Aborting SM procedure for PTI[1], PSI[1]
[2023-01-10 08:47:36.836] [nas] [debug] Performing local release of PDU session[1]
[2023-01-10 08:47:36.836] [nas] [debug] Mobility registration updating required due to [PS-STATUS-INFORM]
[2023-01-10 08:47:49.173] [rrc] [warning] Acceptable cell selection failed, no cell is in coverage
[2023-01-10 08:47:49.173] [rrc] [error] Cell selection failure, no suitable or acceptable cell found
[2023-01-10 08:47:55.405] [nas] [error] PLMN selection failure, no cells in coverage
[2023-01-10 08:48:16.798] [nas] [debug] De-registration required due to [NORMAL]
[2023-01-10 08:48:19.185] [rrc] [warning] Acceptable cell selection failed, no cell is in coverage
[2023-01-10 08:48:19.185] [rrc] [error] Cell selection failure, no suitable or acceptable cell found
[2023-01-10 08:48:26.233] [nas] [error] PLMN selection failure, no cells in coverage
[2023-01-10 08:48:49.197] [rrc] [warning] Acceptable cell selection failed, no cell is in coverage
[2023-01-10 08:48:49.197] [rrc] [error] Cell selection failure, no suitable or acceptable cell found
[2023-01-10 08:48:57.061] [nas] [error] PLMN selection failure, no cells in coverage
[2023-01-10 08:49:19.209] [rrc] [warning] Acceptable cell selection failed, no cell is in coverage
[2023-01-10 08:49:19.209] [rrc] [error] Cell selection failure, no suitable or acceptable cell found
[2023-01-10 08:49:27.889] [nas] [error] PLMN selection failure, no cells in coverage
[2023-01-10 08:49:49.222] [rrc] [warning] Acceptable cell selection failed, no cell is in coverage
[2023-01-10 08:49:49.222] [rrc] [error] Cell selection failure, no suitable or acceptable cell found
[2023-01-10 08:49:58.717] [nas] [error] PLMN selection failure, no cells in coverage
[2023-01-10 08:50:19.234] [rrc] [warning] Acceptable cell selection failed, no cell is in coverage
[2023-01-10 08:50:19.234] [rrc] [error] Cell selection failure, no suitable or acceptable cell found
[2023-01-10 08:50:29.545] [nas] [error] PLMN selection failure, no cells in coverage
[2023-01-10 08:50:49.246] [rrc] [warning] Acceptable cell selection failed, no cell is in coverage
[2023-01-10 08:50:49.246] [rrc] [error] Cell selection failure, no suitable or acceptable cell found
[2023-01-10 08:51:00.373] [nas] [error] PLMN selection failure, no cells in coverage
[2023-01-10 08:51:19.258] [rrc] [warning] Acceptable cell selection failed, no cell is in coverage
[2023-01-10 08:51:19.258] [rrc] [error] Cell selection failure, no suitable or acceptable cell found
[2023-01-10 08:51:31.201] [nas] [error] PLMN selection failure, no cells in coverage
[2023-01-10 08:51:49.270] [rrc] [warning] Acceptable cell selection failed, no cell is in coverage
[2023-01-10 08:51:49.270] [rrc] [error] Cell selection failure, no suitable or acceptable cell found
[2023-01-10 08:52:02.029] [nas] [error] PLMN selection failure, no cells in coverage
[2023-01-10 08:52:19.282] [rrc] [warning] Acceptable cell selection failed, no cell is in coverage
[2023-01-10 08:52:19.282] [rrc] [error] Cell selection failure, no suitable or acceptable cell found
[2023-01-10 08:52:32.859] [nas] [error] PLMN selection failure, no cells in coverage
[2023-01-10 08:52:49.294] [rrc] [warning] Acceptable cell selection failed, no cell is in coverage
[2023-01-10 08:52:49.294] [rrc] [error] Cell selection failure, no suitable or acceptable cell found
[2023-01-10 08:53:03.687] [nas] [error] PLMN selection failure, no cells in coverage
[2023-01-10 08:53:19.306] [rrc] [warning] Acceptable cell selection failed, no cell is in coverage
[2023-01-10 08:53:19.306] [rrc] [error] Cell selection failure, no suitable or acceptable cell found
[2023-01-10 08:53:34.516] [nas] [error] PLMN selection failure, no cells in coverage
[2023-01-10 08:53:49.318] [rrc] [warning] Acceptable cell selection failed, no cell is in coverage
[2023-01-10 08:53:49.318] [rrc] [error] Cell selection failure, no suitable or acceptable cell found
[2023-01-10 08:54:05.344] [nas] [error] PLMN selection failure, no cells in coverage
[2023-01-10 08:54:19.330] [rrc] [warning] Acceptable cell selection failed, no cell is in coverage
[2023-01-10 08:54:19.330] [rrc] [error] Cell selection failure, no suitable or acceptable cell found
[2023-01-10 08:54:36.172] [nas] [error] PLMN selection failure, no cells in coverage
[2023-01-10 08:54:49.342] [rrc] [warning] Acceptable cell selection failed, no cell is in coverage
[2023-01-10 08:54:49.342] [rrc] [error] Cell selection failure, no suitable or acceptable cell found
[2023-01-10 08:55:07.000] [nas] [error] PLMN selection failure, no cells in coverage
[2023-01-10 08:55:19.354] [rrc] [warning] Acceptable cell selection failed, no cell is in coverage
[2023-01-10 08:55:19.354] [rrc] [error] Cell selection failure, no suitable or acceptable cell found
[2023-01-10 08:55:37.830] [nas] [error] PLMN selection failure, no cells in coverage
[2023-01-10 08:55:49.366] [rrc] [warning] Acceptable cell selection failed, no cell is in coverage
[2023-01-10 08:55:49.366] [rrc] [error] Cell selection failure, no suitable or acceptable cell found
[2023-01-10 08:56:08.659] [nas] [error] PLMN selection failure, no cells in coverage
[2023-01-10 08:56:19.378] [rrc] [warning] Acceptable cell selection failed, no cell is in coverage
[2023-01-10 08:56:19.378] [rrc] [error] Cell selection failure, no suitable or acceptable cell found
[2023-01-10 08:56:39.487] [nas] [error] PLMN selection failure, no cells in coverage
[2023-01-10 08:56:49.390] [rrc] [warning] Acceptable cell selection failed, no cell is in coverage
[2023-01-10 08:56:49.390] [rrc] [error] Cell selection failure, no suitable or acceptable cell found
[2023-01-10 08:57:10.315] [nas] [error] PLMN selection failure, no cells in coverage
[2023-01-10 08:57:19.402] [rrc] [warning] Acceptable cell selection failed, no cell is in coverage
[2023-01-10 08:57:19.402] [rrc] [error] Cell selection failure, no suitable or acceptable cell found
[2023-01-10 08:57:41.143] [nas] [error] PLMN selection failure, no cells in coverage
[2023-01-10 08:57:49.414] [rrc] [warning] Acceptable cell selection failed, no cell is in coverage
[2023-01-10 08:57:49.414] [rrc] [error] Cell selection failure, no suitable or acceptable cell found
[2023-01-10 08:58:11.971] [nas] [error] PLMN selection failure, no cells in coverage
[2023-01-10 08:58:19.427] [rrc] [warning] Acceptable cell selection failed, no cell is in coverage
[2023-01-10 08:58:19.427] [rrc] [error] Cell selection failure, no suitable or acceptable cell found
[2023-01-10 08:58:42.800] [nas] [error] PLMN selection failure, no cells in coverage
[2023-01-10 08:58:49.439] [rrc] [warning] Acceptable cell selection failed, no cell is in coverage
[2023-01-10 08:58:49.439] [rrc] [error] Cell selection failure, no suitable or acceptable cell found
[2023-01-10 08:59:13.629] [nas] [error] PLMN selection failure, no cells in coverage
[2023-01-10 08:59:19.451] [rrc] [warning] Acceptable cell selection failed, no cell is in coverage
[2023-01-10 08:59:19.451] [rrc] [error] Cell selection failure, no suitable or acceptable cell found
[2023-01-10 08:59:44.457] [nas] [error] PLMN selection failure, no cells in coverage
[2023-01-10 08:59:49.463] [rrc] [warning] Acceptable cell selection failed, no cell is in coverage
[2023-01-10 08:59:49.463] [rrc] [error] Cell selection failure, no suitable or acceptable cell found
[2023-01-10 09:00:15.285] [nas] [error] PLMN selection failure, no cells in coverage
[2023-01-10 09:00:19.475] [rrc] [warning] Acceptable cell selection failed, no cell is in coverage
[2023-01-10 09:00:19.475] [rrc] [error] Cell selection failure, no suitable or acceptable cell found
[2023-01-10 09:00:46.113] [nas] [error] PLMN selection failure, no cells in coverage
[2023-01-10 09:00:49.487] [rrc] [warning] Acceptable cell selection failed, no cell is in coverage
[2023-01-10 09:00:49.487] [rrc] [error] Cell selection failure, no suitable or acceptable cell found
[2023-01-10 09:01:16.941] [nas] [error] PLMN selection failure, no cells in coverage
[2023-01-10 09:01:19.499] [rrc] [warning] Acceptable cell selection failed, no cell is in coverage
[2023-01-10 09:01:19.499] [rrc] [error] Cell selection failure, no suitable or acceptable cell found
[2023-01-10 09:01:47.769] [nas] [error] PLMN selection failure, no cells in coverage
[2023-01-10 09:01:49.511] [rrc] [warning] Acceptable cell selection failed, no cell is in coverage
[2023-01-10 09:01:49.511] [rrc] [error] Cell selection failure, no suitable or acceptable cell found
[2023-01-10 09:02:18.597] [nas] [error] PLMN selection failure, no cells in coverage
[2023-01-10 09:02:19.523] [rrc] [warning] Acceptable cell selection failed, no cell is in coverage
[2023-01-10 09:02:19.523] [rrc] [error] Cell selection failure, no suitable or acceptable cell found
[2023-01-10 09:02:49.427] [nas] [error] PLMN selection failure, no cells in coverage
[2023-01-10 09:02:49.535] [rrc] [warning] Acceptable cell selection failed, no cell is in coverage
[2023-01-10 09:02:49.535] [rrc] [error] Cell selection failure, no suitable or acceptable cell found
[2023-01-10 09:03:19.547] [rrc] [warning] Acceptable cell selection failed, no cell is in coverage
[2023-01-10 09:03:19.547] [rrc] [error] Cell selection failure, no suitable or acceptable cell found
[2023-01-10 09:03:20.255] [nas] [error] PLMN selection failure, no cells in coverage
[2023-01-10 09:03:49.560] [rrc] [warning] Acceptable cell selection failed, no cell is in coverage
[2023-01-10 09:03:49.560] [rrc] [error] Cell selection failure, no suitable or acceptable cell found
[2023-01-10 09:03:51.084] [nas] [error] PLMN selection failure, no cells in coverage
[2023-01-10 09:04:19.572] [rrc] [warning] Acceptable cell selection failed, no cell is in coverage
[2023-01-10 09:04:19.572] [rrc] [error] Cell selection failure, no suitable or acceptable cell found
[2023-01-10 09:04:21.912] [nas] [error] PLMN selection failure, no cells in coverage
[2023-01-10 09:04:49.584] [rrc] [warning] Acceptable cell selection failed, no cell is in coverage
[2023-01-10 09:04:49.584] [rrc] [error] Cell selection failure, no suitable or acceptable cell found
[2023-01-10 09:04:52.740] [nas] [error] PLMN selection failure, no cells in coverage
[2023-01-10 09:05:19.596] [rrc] [warning] Acceptable cell selection failed, no cell is in coverage
[2023-01-10 09:05:19.596] [rrc] [error] Cell selection failure, no suitable or acceptable cell found
[2023-01-10 09:05:23.568] [nas] [error] PLMN selection failure, no cells in coverage
[2023-01-10 09:05:49.608] [rrc] [warning] Acceptable cell selection failed, no cell is in coverage
[2023-01-10 09:05:49.608] [rrc] [error] Cell selection failure, no suitable or acceptable cell found
[2023-01-10 09:05:54.396] [nas] [error] PLMN selection failure, no cells in coverage
[2023-01-10 09:06:19.620] [rrc] [warning] Acceptable cell selection failed, no cell is in coverage
[2023-01-10 09:06:19.620] [rrc] [error] Cell selection failure, no suitable or acceptable cell found
[2023-01-10 09:06:25.224] [nas] [error] PLMN selection failure, no cells in coverage
[2023-01-10 09:06:49.632] [rrc] [warning] Acceptable cell selection failed, no cell is in coverage
[2023-01-10 09:06:49.632] [rrc] [error] Cell selection failure, no suitable or acceptable cell found
